<?xml version="1.0" encoding="UTF-8" ?>
<testsuites name="vitest tests" tests="15" failures="0" errors="0" time="0.009463571">
    <testsuite name="src/services/reportsService.test.ts" timestamp="2025-08-21T20:04:26.593Z" hostname="ifedotovNB" tests="15" failures="0" errors="0" skipped="0" time="0.009463571">
        <testcase classname="src/services/reportsService.test.ts" name="reportsService &gt; getReportTemplates &gt; should fetch report templates successfully" time="0.002264617">
        </testcase>
        <testcase classname="src/services/reportsService.test.ts" name="reportsService &gt; getReportTemplates &gt; should filter templates by category" time="0.000604133">
        </testcase>
        <testcase classname="src/services/reportsService.test.ts" name="reportsService &gt; executeReport &gt; should execute report successfully" time="0.000681737">
        </testcase>
        <testcase classname="src/services/reportsService.test.ts" name="reportsService &gt; executeReport &gt; should handle execution error" time="0.000254008">
        </testcase>
        <testcase classname="src/services/reportsService.test.ts" name="reportsService &gt; getCustomReports &gt; should fetch custom reports with pagination" time="0.000331453">
        </testcase>
        <testcase classname="src/services/reportsService.test.ts" name="reportsService &gt; createCustomReport &gt; should create custom report successfully" time="0.000388837">
        </testcase>
        <testcase classname="src/services/reportsService.test.ts" name="reportsService &gt; getAvailableFields &gt; should fetch available fields for a source" time="0.000983299">
        </testcase>
        <testcase classname="src/services/reportsService.test.ts" name="reportsService &gt; testCustomQuery &gt; should test custom query successfully" time="0.000382773">
        </testcase>
        <testcase classname="src/services/reportsService.test.ts" name="reportsService &gt; testCustomQuery &gt; should handle invalid query" time="0.000461857">
        </testcase>
        <testcase classname="src/services/reportsService.test.ts" name="reportsService &gt; downloadReportResult &gt; should download report file" time="0.000248082">
        </testcase>
        <testcase classname="src/services/reportsService.test.ts" name="reportsService &gt; downloadReportResult &gt; should use correct filename for different formats" time="0.000271264">
        </testcase>
        <testcase classname="src/services/reportsService.test.ts" name="reportsService &gt; getReportHistory &gt; should fetch report history with filters" time="0.000255647">
        </testcase>
        <testcase classname="src/services/reportsService.test.ts" name="reportsService &gt; updateCustomReport &gt; should update custom report successfully" time="0.000215744">
        </testcase>
        <testcase classname="src/services/reportsService.test.ts" name="reportsService &gt; deleteCustomReport &gt; should delete custom report successfully" time="0.000194642">
        </testcase>
        <testcase classname="src/services/reportsService.test.ts" name="reportsService &gt; getReportExecution &gt; should get report execution details" time="0.000556518">
        </testcase>
    </testsuite>
</testsuites>
