<?xml version="1.0" encoding="UTF-8" ?>
<testsuites name="vitest tests" tests="811" failures="142" errors="0" time="27.027715196">
    <testsuite name="src/App.test.tsx" timestamp="2025-08-22T05:48:54.135Z" hostname="ifedotovNB" tests="1" failures="0" errors="0" skipped="0" time="0.048400416">
        <testcase classname="src/App.test.tsx" name="App &gt; renders without crashing" time="0.046858721">
            <system-out>
[Fri, 22 Aug 2025 05:48:54 GMT] : [] : @azure/msal-browser@4.20.0 : Verbose - Claims-based caching is disabled. Clearing the previous cache with claims

[Fri, 22 Aug 2025 05:48:54 GMT] : [] : @azure/msal-browser@4.20.0 : Verbose - handleRedirectPromise called
[Fri, 22 Aug 2025 05:48:54 GMT] : [] : @azure/msal-browser@4.20.0 : Info - handleRedirectPromise called but there is no interaction in progress, returning null.
[Fri, 22 Aug 2025 05:48:54 GMT] : [] : @azure/msal-browser@4.20.0 : Verbose - handleRedirectPromise has been called for the first time, storing the promise

[Fri, 22 Aug 2025 05:48:54 GMT] : [] : @azure/msal-browser@4.20.0 : Verbose - getAllAccounts called

            </system-out>
        </testcase>
    </testsuite>
    <testsuite name="src/services/api.test.ts" timestamp="2025-08-22T05:48:54.137Z" hostname="ifedotovNB" tests="15" failures="0" errors="0" skipped="0" time="0.010571521">
        <testcase classname="src/services/api.test.ts" name="apiService &gt; configuration &gt; should use correct base URL" time="0.001574272">
        </testcase>
        <testcase classname="src/services/api.test.ts" name="apiService &gt; configuration &gt; should update base URL" time="0.000336517">
        </testcase>
        <testcase classname="src/services/api.test.ts" name="apiService &gt; authentication headers &gt; should add auth token to requests when available" time="0.00080339">
        </testcase>
        <testcase classname="src/services/api.test.ts" name="apiService &gt; authentication headers &gt; should not add auth header when no token" time="0.000414746">
        </testcase>
        <testcase classname="src/services/api.test.ts" name="apiService &gt; error handling &gt; should handle network errors gracefully" time="0.000276238">
        </testcase>
        <testcase classname="src/services/api.test.ts" name="apiService &gt; error handling &gt; should handle server errors gracefully" time="0.000224216">
        </testcase>
        <testcase classname="src/services/api.test.ts" name="apiService &gt; HTTP methods &gt; should make GET requests" time="0.000202017">
        </testcase>
        <testcase classname="src/services/api.test.ts" name="apiService &gt; HTTP methods &gt; should make POST requests" time="0.000246237">
        </testcase>
        <testcase classname="src/services/api.test.ts" name="apiService &gt; HTTP methods &gt; should make PUT requests" time="0.000368773">
        </testcase>
        <testcase classname="src/services/api.test.ts" name="apiService &gt; HTTP methods &gt; should make DELETE requests" time="0.000218467">
        </testcase>
        <testcase classname="src/services/api.test.ts" name="apiService &gt; HTTP methods &gt; should make paginated GET requests" time="0.000352868">
        </testcase>
        <testcase classname="src/services/api.test.ts" name="apiService &gt; file operations &gt; should handle file downloads" time="0.001118591">
        </testcase>
        <testcase classname="src/services/api.test.ts" name="apiService &gt; file operations &gt; should handle file uploads with progress" time="0.001872099">
        </testcase>
        <testcase classname="src/services/api.test.ts" name="apiService &gt; health check &gt; should perform health check" time="0.000480628">
        </testcase>
        <testcase classname="src/services/api.test.ts" name="apiService &gt; token refresh &gt; should handle authentication scenarios" time="0.00049331">
        </testcase>
    </testsuite>
    <testsuite name="src/services/authService.test.ts" timestamp="2025-08-22T05:48:54.141Z" hostname="ifedotovNB" tests="23" failures="0" errors="0" skipped="0" time="0.024018251">
        <testcase classname="src/services/authService.test.ts" name="authService &gt; login &gt; should login successfully and store tokens" time="0.006103122">
        </testcase>
        <testcase classname="src/services/authService.test.ts" name="authService &gt; login &gt; should not store tokens on failed login" time="0.00092779">
        </testcase>
        <testcase classname="src/services/authService.test.ts" name="authService &gt; logout &gt; should logout and clear tokens" time="0.001453983">
        </testcase>
        <testcase classname="src/services/authService.test.ts" name="authService &gt; logout &gt; should clear tokens even if logout request fails" time="0.000875024">
        </testcase>
        <testcase classname="src/services/authService.test.ts" name="authService &gt; refreshToken &gt; should refresh token successfully" time="0.001203968">
        </testcase>
        <testcase classname="src/services/authService.test.ts" name="authService &gt; refreshToken &gt; should handle missing refresh token" time="0.000653155">
        </testcase>
        <testcase classname="src/services/authService.test.ts" name="authService &gt; getProfile &gt; should get user profile successfully" time="0.000616576">
        </testcase>
        <testcase classname="src/services/authService.test.ts" name="authService &gt; updateProfile &gt; should update profile successfully" time="0.000718144">
        </testcase>
        <testcase classname="src/services/authService.test.ts" name="authService &gt; changePassword &gt; should change password successfully" time="0.001187599">
        </testcase>
        <testcase classname="src/services/authService.test.ts" name="authService &gt; hasPermission &gt; should return true when user has permission" time="0.000619734">
        </testcase>
        <testcase classname="src/services/authService.test.ts" name="authService &gt; hasPermission &gt; should return false when user lacks permission" time="0.000431937">
        </testcase>
        <testcase classname="src/services/authService.test.ts" name="authService &gt; hasPermission &gt; should return false when no user exists" time="0.000448292">
        </testcase>
        <testcase classname="src/services/authService.test.ts" name="authService &gt; getCurrentAuthState &gt; should return current auth state from localStorage" time="0.000837199">
        </testcase>
        <testcase classname="src/services/authService.test.ts" name="authService &gt; getCurrentAuthState &gt; should return unauthenticated state when no data exists" time="0.000507994">
        </testcase>
        <testcase classname="src/services/authService.test.ts" name="authService &gt; getCurrentAuthState &gt; should handle corrupted user data" time="0.000406067">
        </testcase>
        <testcase classname="src/services/authService.test.ts" name="authService &gt; hasRole &gt; should return true when user has role" time="0.000516022">
        </testcase>
        <testcase classname="src/services/authService.test.ts" name="authService &gt; hasRole &gt; should return false when user lacks role" time="0.000441779">
        </testcase>
        <testcase classname="src/services/authService.test.ts" name="authService &gt; hasRole &gt; should return false when no user exists" time="0.000476269">
        </testcase>
        <testcase classname="src/services/authService.test.ts" name="authService &gt; isAdmin &gt; should return true for admin role" time="0.00052769">
        </testcase>
        <testcase classname="src/services/authService.test.ts" name="authService &gt; isAdmin &gt; should return true for administrator role" time="0.000441975">
        </testcase>
        <testcase classname="src/services/authService.test.ts" name="authService &gt; isAdmin &gt; should return false for non-admin user" time="0.000374033">
        </testcase>
        <testcase classname="src/services/authService.test.ts" name="authService &gt; getAuthSource &gt; should return user auth source" time="0.000475196">
        </testcase>
        <testcase classname="src/services/authService.test.ts" name="authService &gt; getAuthSource &gt; should return null when no user exists" time="0.000364549">
        </testcase>
    </testsuite>
    <testsuite name="src/services/reportsService.test.ts" timestamp="2025-08-22T05:48:54.149Z" hostname="ifedotovNB" tests="15" failures="0" errors="0" skipped="0" time="0.02088257">
        <testcase classname="src/services/reportsService.test.ts" name="reportsService &gt; getReportTemplates &gt; should fetch report templates successfully" time="0.004988208">
        </testcase>
        <testcase classname="src/services/reportsService.test.ts" name="reportsService &gt; getReportTemplates &gt; should filter templates by category" time="0.001219422">
        </testcase>
        <testcase classname="src/services/reportsService.test.ts" name="reportsService &gt; executeReport &gt; should execute report successfully" time="0.001699639">
        </testcase>
        <testcase classname="src/services/reportsService.test.ts" name="reportsService &gt; executeReport &gt; should handle execution error" time="0.000792339">
        </testcase>
        <testcase classname="src/services/reportsService.test.ts" name="reportsService &gt; getCustomReports &gt; should fetch custom reports with pagination" time="0.001022753">
        </testcase>
        <testcase classname="src/services/reportsService.test.ts" name="reportsService &gt; createCustomReport &gt; should create custom report successfully" time="0.000933124">
        </testcase>
        <testcase classname="src/services/reportsService.test.ts" name="reportsService &gt; getAvailableFields &gt; should fetch available fields for a source" time="0.002425546">
        </testcase>
        <testcase classname="src/services/reportsService.test.ts" name="reportsService &gt; testCustomQuery &gt; should test custom query successfully" time="0.00110359">
        </testcase>
        <testcase classname="src/services/reportsService.test.ts" name="reportsService &gt; testCustomQuery &gt; should handle invalid query" time="0.000856631">
        </testcase>
        <testcase classname="src/services/reportsService.test.ts" name="reportsService &gt; downloadReportResult &gt; should download report file" time="0.00059211">
        </testcase>
        <testcase classname="src/services/reportsService.test.ts" name="reportsService &gt; downloadReportResult &gt; should use correct filename for different formats" time="0.00052049">
        </testcase>
        <testcase classname="src/services/reportsService.test.ts" name="reportsService &gt; getReportHistory &gt; should fetch report history with filters" time="0.000595125">
        </testcase>
        <testcase classname="src/services/reportsService.test.ts" name="reportsService &gt; updateCustomReport &gt; should update custom report successfully" time="0.000573842">
        </testcase>
        <testcase classname="src/services/reportsService.test.ts" name="reportsService &gt; deleteCustomReport &gt; should delete custom report successfully" time="0.000292321">
        </testcase>
        <testcase classname="src/services/reportsService.test.ts" name="reportsService &gt; getReportExecution &gt; should get report execution details" time="0.000229438">
        </testcase>
    </testsuite>
    <testsuite name="src/types/preview-response.integration.test.ts" timestamp="2025-08-22T05:48:54.154Z" hostname="ifedotovNB" tests="22" failures="0" errors="0" skipped="0" time="0.010027787">
        <testcase classname="src/types/preview-response.integration.test.ts" name="Frontend Types - PreviewResponse Integration &gt; PreviewResponse&lt;T&gt; Type Safety &gt; should support typed AD user responses" time="0.003155126">
        </testcase>
        <testcase classname="src/types/preview-response.integration.test.ts" name="Frontend Types - PreviewResponse Integration &gt; PreviewResponse&lt;T&gt; Type Safety &gt; should support typed Azure user responses" time="0.00040872">
        </testcase>
        <testcase classname="src/types/preview-response.integration.test.ts" name="Frontend Types - PreviewResponse Integration &gt; PreviewResponse&lt;T&gt; Type Safety &gt; should support typed O365 mailbox responses" time="0.000315861">
        </testcase>
        <testcase classname="src/types/preview-response.integration.test.ts" name="Frontend Types - PreviewResponse Integration &gt; PreviewResponse&lt;T&gt; Type Safety &gt; should support generic Record&lt;string, unknown&gt; type" time="0.000235413">
        </testcase>
        <testcase classname="src/types/preview-response.integration.test.ts" name="Frontend Types - PreviewResponse Integration &gt; PreviewMetadata Integration &gt; should support comprehensive metadata structure" time="0.000358852">
        </testcase>
        <testcase classname="src/types/preview-response.integration.test.ts" name="Frontend Types - PreviewResponse Integration &gt; PreviewMetadata Integration &gt; should handle optional metadata gracefully" time="0.000169869">
        </testcase>
        <testcase classname="src/types/preview-response.integration.test.ts" name="Frontend Types - PreviewResponse Integration &gt; Frontend-Backend Type Compatibility &gt; should match backend PreviewResponse structure exactly" time="0.000252985">
        </testcase>
        <testcase classname="src/types/preview-response.integration.test.ts" name="Frontend Types - PreviewResponse Integration &gt; Frontend-Backend Type Compatibility &gt; should support all data source types" time="0.000169285">
        </testcase>
        <testcase classname="src/types/preview-response.integration.test.ts" name="Frontend Types - PreviewResponse Integration &gt; Frontend-Backend Type Compatibility &gt; should handle error responses consistently" time="0.000262361">
        </testcase>
        <testcase classname="src/types/preview-response.integration.test.ts" name="Frontend Types - PreviewResponse Integration &gt; CustomReportQuery Type Integration &gt; should support complex query structures" time="0.000370929">
        </testcase>
        <testcase classname="src/types/preview-response.integration.test.ts" name="Frontend Types - PreviewResponse Integration &gt; CustomReportQuery Type Integration &gt; should support minimal query structures" time="0.00028669">
        </testcase>
        <testcase classname="src/types/preview-response.integration.test.ts" name="Frontend Types - PreviewResponse Integration &gt; ReportField and ReportFilter Types &gt; should support all field types" time="0.000177543">
        </testcase>
        <testcase classname="src/types/preview-response.integration.test.ts" name="Frontend Types - PreviewResponse Integration &gt; ReportField and ReportFilter Types &gt; should support all filter operators" time="0.000219408">
        </testcase>
        <testcase classname="src/types/preview-response.integration.test.ts" name="Frontend Types - PreviewResponse Integration &gt; ReportField and ReportFilter Types &gt; should support different data types and values" time="0.000146784">
        </testcase>
        <testcase classname="src/types/preview-response.integration.test.ts" name="Frontend Types - PreviewResponse Integration &gt; Type Utility Functions &gt; should provide type guards for PreviewResponse" time="0.000116062">
        </testcase>
        <testcase classname="src/types/preview-response.integration.test.ts" name="Frontend Types - PreviewResponse Integration &gt; Type Utility Functions &gt; should support type transformations" time="0.00019564">
        </testcase>
        <testcase classname="src/types/preview-response.integration.test.ts" name="Frontend Types - PreviewResponse Integration &gt; Frontend Service Integration &gt; should support service method signatures" time="0.000166121">
        </testcase>
        <testcase classname="src/types/preview-response.integration.test.ts" name="Frontend Types - PreviewResponse Integration &gt; Frontend Service Integration &gt; should support response processing" time="0.000210671">
        </testcase>
        <testcase classname="src/types/preview-response.integration.test.ts" name="Frontend Types - PreviewResponse Integration &gt; Error Handling Types &gt; should support comprehensive error structures" time="0.000282302">
        </testcase>
        <testcase classname="src/types/preview-response.integration.test.ts" name="Frontend Types - PreviewResponse Integration &gt; Performance and Metadata Types &gt; should track execution metrics" time="0.00023288">
        </testcase>
        <testcase classname="src/types/preview-response.integration.test.ts" name="Frontend Types - PreviewResponse Integration &gt; Backward Compatibility &gt; should maintain compatibility with legacy response formats" time="0.000179078">
        </testcase>
        <testcase classname="src/types/preview-response.integration.test.ts" name="Frontend Types - PreviewResponse Integration &gt; Backward Compatibility &gt; should handle optional properties gracefully" time="0.000108788">
        </testcase>
    </testsuite>
    <testsuite name="src/components/reports/FieldExplorer.test.tsx" timestamp="2025-08-22T05:48:54.160Z" hostname="ifedotovNB" tests="17" failures="0" errors="0" skipped="0" time="3.272933113">
        <testcase classname="src/components/reports/FieldExplorer.test.tsx" name="FieldExplorer &gt; should render fields in tree view by default" time="0.37292789">
        </testcase>
        <testcase classname="src/components/reports/FieldExplorer.test.tsx" name="FieldExplorer &gt; should show field details when expanded" time="0.135034204">
        </testcase>
        <testcase classname="src/components/reports/FieldExplorer.test.tsx" name="FieldExplorer &gt; should switch between tree and list view" time="0.271642711">
        </testcase>
        <testcase classname="src/components/reports/FieldExplorer.test.tsx" name="FieldExplorer &gt; should handle search functionality" time="0.173230055">
        </testcase>
        <testcase classname="src/components/reports/FieldExplorer.test.tsx" name="FieldExplorer &gt; should search by description" time="0.16595369">
        </testcase>
        <testcase classname="src/components/reports/FieldExplorer.test.tsx" name="FieldExplorer &gt; should handle field selection when selectable" time="0.209863464">
        </testcase>
        <testcase classname="src/components/reports/FieldExplorer.test.tsx" name="FieldExplorer &gt; should show selected fields in tree view" time="0.098804658">
        </testcase>
        <testcase classname="src/components/reports/FieldExplorer.test.tsx" name="FieldExplorer &gt; should show selected fields in list view" time="0.237408302">
        </testcase>
        <testcase classname="src/components/reports/FieldExplorer.test.tsx" name="FieldExplorer &gt; should handle loading state" time="0.13427324">
        </testcase>
        <testcase classname="src/components/reports/FieldExplorer.test.tsx" name="FieldExplorer &gt; should show empty state when no fields" time="0.104607024">
        </testcase>
        <testcase classname="src/components/reports/FieldExplorer.test.tsx" name="FieldExplorer &gt; should display data type tags" time="0.27595179">
        </testcase>
        <testcase classname="src/components/reports/FieldExplorer.test.tsx" name="FieldExplorer &gt; should show field icons based on data type" time="0.298561081">
        </testcase>
        <testcase classname="src/components/reports/FieldExplorer.test.tsx" name="FieldExplorer &gt; should not show search when searchable is false" time="0.078576676">
        </testcase>
        <testcase classname="src/components/reports/FieldExplorer.test.tsx" name="FieldExplorer &gt; should handle custom height" time="0.089205096">
        </testcase>
        <testcase classname="src/components/reports/FieldExplorer.test.tsx" name="FieldExplorer &gt; should expand all categories when switching from search" time="0.174078464">
        </testcase>
        <testcase classname="src/components/reports/FieldExplorer.test.tsx" name="FieldExplorer &gt; should handle field deselection" time="0.221785481">
        </testcase>
        <testcase classname="src/components/reports/FieldExplorer.test.tsx" name="FieldExplorer &gt; should respect maxSelection limit" time="0.228108072">
        </testcase>
    </testsuite>
    <testsuite name="src/components/reports/FilterBuilder.test.tsx" timestamp="2025-08-22T05:48:54.162Z" hostname="ifedotovNB" tests="13" failures="0" errors="0" skipped="0" time="2.581638626">
        <testcase classname="src/components/reports/FilterBuilder.test.tsx" name="FilterBuilder &gt; should render empty state when no filters" time="0.234961768">
        </testcase>
        <testcase classname="src/components/reports/FilterBuilder.test.tsx" name="FilterBuilder &gt; should add a new filter when Add Filter is clicked" time="0.085778614">
        </testcase>
        <testcase classname="src/components/reports/FilterBuilder.test.tsx" name="FilterBuilder &gt; should render existing filters" time="0.316912174">
        </testcase>
        <testcase classname="src/components/reports/FilterBuilder.test.tsx" name="FilterBuilder &gt; should update filter field" time="0.271454521">
        </testcase>
        <testcase classname="src/components/reports/FilterBuilder.test.tsx" name="FilterBuilder &gt; should update filter operator" time="0.284284109">
        </testcase>
        <testcase classname="src/components/reports/FilterBuilder.test.tsx" name="FilterBuilder &gt; should update filter value for string type" time="0.141355082">
        </testcase>
        <testcase classname="src/components/reports/FilterBuilder.test.tsx" name="FilterBuilder &gt; should not show value input for isEmpty/isNotEmpty operators" time="0.137303797">
        </testcase>
        <testcase classname="src/components/reports/FilterBuilder.test.tsx" name="FilterBuilder &gt; should render boolean select for boolean fields" time="0.17460898">
        </testcase>
        <testcase classname="src/components/reports/FilterBuilder.test.tsx" name="FilterBuilder &gt; should remove a filter" time="0.159099882">
        </testcase>
        <testcase classname="src/components/reports/FilterBuilder.test.tsx" name="FilterBuilder &gt; should duplicate a filter" time="0.135298243">
        </testcase>
        <testcase classname="src/components/reports/FilterBuilder.test.tsx" name="FilterBuilder &gt; should respect maxFilters limit" time="0.298956415">
        </testcase>
        <testcase classname="src/components/reports/FilterBuilder.test.tsx" name="FilterBuilder &gt; should show appropriate operators for different data types" time="0.183197643">
        </testcase>
        <testcase classname="src/components/reports/FilterBuilder.test.tsx" name="FilterBuilder &gt; should handle array type filters" time="0.15601498">
        </testcase>
    </testsuite>
    <testsuite name="src/components/reports/ReportDataTable.test.tsx" timestamp="2025-08-22T05:48:54.164Z" hostname="ifedotovNB" tests="17" failures="0" errors="0" skipped="0" time="3.818420923">
        <testcase classname="src/components/reports/ReportDataTable.test.tsx" name="ReportDataTable &gt; should render table with data" time="0.540854748">
        </testcase>
        <testcase classname="src/components/reports/ReportDataTable.test.tsx" name="ReportDataTable &gt; should render empty state when no data" time="0.012865793">
        </testcase>
        <testcase classname="src/components/reports/ReportDataTable.test.tsx" name="ReportDataTable &gt; should render empty state when data array is empty" time="0.014738333">
        </testcase>
        <testcase classname="src/components/reports/ReportDataTable.test.tsx" name="ReportDataTable &gt; should show loading state" time="0.201806119">
        </testcase>
        <testcase classname="src/components/reports/ReportDataTable.test.tsx" name="ReportDataTable &gt; should render with custom props" time="0.211501515">
        </testcase>
        <testcase classname="src/components/reports/ReportDataTable.test.tsx" name="ReportDataTable &gt; should render search functionality" time="0.210938486">
        </testcase>
        <testcase classname="src/components/reports/ReportDataTable.test.tsx" name="ReportDataTable &gt; should handle search input changes" time="0.200507929">
        </testcase>
        <testcase classname="src/components/reports/ReportDataTable.test.tsx" name="ReportDataTable &gt; should handle export functionality" time="0.186139664">
        </testcase>
        <testcase classname="src/components/reports/ReportDataTable.test.tsx" name="ReportDataTable &gt; should handle refresh functionality" time="0.196739784">
        </testcase>
        <testcase classname="src/components/reports/ReportDataTable.test.tsx" name="ReportDataTable &gt; should handle export loading state" time="0.238737858">
        </testcase>
        <testcase classname="src/components/reports/ReportDataTable.test.tsx" name="ReportDataTable &gt; should format boolean values correctly" time="0.255763809">
        </testcase>
        <testcase classname="src/components/reports/ReportDataTable.test.tsx" name="ReportDataTable &gt; should format null values correctly" time="0.228607274">
        </testcase>
        <testcase classname="src/components/reports/ReportDataTable.test.tsx" name="ReportDataTable &gt; should handle pagination" time="0.407020298">
        </testcase>
        <testcase classname="src/components/reports/ReportDataTable.test.tsx" name="ReportDataTable &gt; should handle page size changes" time="0.260072821">
        </testcase>
        <testcase classname="src/components/reports/ReportDataTable.test.tsx" name="ReportDataTable &gt; should show execution info when available" time="0.203820364">
        </testcase>
        <testcase classname="src/components/reports/ReportDataTable.test.tsx" name="ReportDataTable &gt; should not show search bar when showSearch is false" time="0.233010396">
        </testcase>
        <testcase classname="src/components/reports/ReportDataTable.test.tsx" name="ReportDataTable &gt; should handle object values by stringifying them" time="0.212937931">
        </testcase>
    </testsuite>
    <testsuite name="src/hooks/__tests__/useErrorHandler.enhanced.test.ts" timestamp="2025-08-22T05:48:54.166Z" hostname="ifedotovNB" tests="28" failures="2" errors="0" skipped="0" time="0.107757219">
        <testcase classname="src/hooks/__tests__/useErrorHandler.enhanced.test.ts" name="useErrorHandler Enhanced Features &gt; Basic Error Handling &gt; handles AppError with proper message formatting" time="0.015967584">
        </testcase>
        <testcase classname="src/hooks/__tests__/useErrorHandler.enhanced.test.ts" name="useErrorHandler Enhanced Features &gt; Basic Error Handling &gt; handles standard JavaScript errors" time="0.002280375">
        </testcase>
        <testcase classname="src/hooks/__tests__/useErrorHandler.enhanced.test.ts" name="useErrorHandler Enhanced Features &gt; Basic Error Handling &gt; handles string errors" time="0.002395299">
        </testcase>
        <testcase classname="src/hooks/__tests__/useErrorHandler.enhanced.test.ts" name="useErrorHandler Enhanced Features &gt; Basic Error Handling &gt; can disable notifications" time="0.002775375">
        </testcase>
        <testcase classname="src/hooks/__tests__/useErrorHandler.enhanced.test.ts" name="useErrorHandler Enhanced Features &gt; Async Operation Handling &gt; handles successful async operations" time="0.004910095">
        </testcase>
        <testcase classname="src/hooks/__tests__/useErrorHandler.enhanced.test.ts" name="useErrorHandler Enhanced Features &gt; Async Operation Handling &gt; handles failed async operations" time="0.004474709">
        </testcase>
        <testcase classname="src/hooks/__tests__/useErrorHandler.enhanced.test.ts" name="useErrorHandler Enhanced Features &gt; Async Operation Handling &gt; provides retry callback for async operations" time="0.003076583">
        </testcase>
        <testcase classname="src/hooks/__tests__/useErrorHandler.enhanced.test.ts" name="useErrorHandler Enhanced Features &gt; Retry Handler with Exponential Backoff &gt; creates retry handler with exponential backoff" time="0.004947834">
        </testcase>
        <testcase classname="src/hooks/__tests__/useErrorHandler.enhanced.test.ts" name="useErrorHandler Enhanced Features &gt; Retry Handler with Exponential Backoff &gt; stops retrying after max attempts" time="0.004243888">
        </testcase>
        <testcase classname="src/hooks/__tests__/useErrorHandler.enhanced.test.ts" name="useErrorHandler Enhanced Features &gt; Retry Handler with Exponential Backoff &gt; does not retry non-retryable errors" time="0.001369202">
        </testcase>
        <testcase classname="src/hooks/__tests__/useErrorHandler.enhanced.test.ts" name="useErrorHandler Enhanced Features &gt; Preview Error Handling &gt; handles preview errors with enhanced messaging" time="0.001537211">
        </testcase>
        <testcase classname="src/hooks/__tests__/useErrorHandler.enhanced.test.ts" name="useErrorHandler Enhanced Features &gt; Preview Error Handling &gt; provides contextual messages for different error types" time="0.000983166">
        </testcase>
        <testcase classname="src/hooks/__tests__/useErrorHandler.enhanced.test.ts" name="useErrorHandler Enhanced Features &gt; Preview Error Handling &gt; handles validation errors with go back option" time="0.001182855">
        </testcase>
        <testcase classname="src/hooks/__tests__/useErrorHandler.enhanced.test.ts" name="useErrorHandler Enhanced Features &gt; Preview Error Handling &gt; returns enhanced error object with preview context" time="0.010463291">
            <failure message="expected { type: &apos;NETWORK&apos;, …(9) } to deeply equal ObjectContaining{…}" type="AssertionError">
AssertionError: expected { type: &apos;NETWORK&apos;, …(9) } to deeply equal ObjectContaining{…}

- Expected
+ Received

- ObjectContaining {
-   &quot;message&quot;: Any&lt;String&gt;,
+ {
+   &quot;canRetry&quot;: true,
+   &quot;code&quot;: undefined,
+   &quot;context&quot;: &quot;Preview Context&quot;,
+   &quot;details&quot;: undefined,
+   &quot;maxRetries&quot;: 5,
+   &quot;name&quot;: &quot;AppError&quot;,
+   &quot;recoveryGuidance&quot;: &quot;Check your internet connection and try again. If using VPN, verify the connection is stable.&quot;,
+   &quot;retryAfter&quot;: undefined,
+   &quot;statusCode&quot;: undefined,
+   &quot;type&quot;: &quot;NETWORK&quot;,
  }

 ❯ src/hooks/__tests__/useErrorHandler.enhanced.test.ts:330:29
            </failure>
        </testcase>
        <testcase classname="src/hooks/__tests__/useErrorHandler.enhanced.test.ts" name="useErrorHandler Enhanced Features &gt; Preview Retry Handler &gt; creates enhanced retry handler for preview operations" time="0.00383499">
            <system-out>
Retrying Preview Context operation in 1000ms (attempt 1/3)

            </system-out>
        </testcase>
        <testcase classname="src/hooks/__tests__/useErrorHandler.enhanced.test.ts" name="useErrorHandler Enhanced Features &gt; Preview Retry Handler &gt; calls failure callback on max attempts reached" time="0.002849568">
            <system-out>
Retrying Preview operation in 1000ms (attempt 1/2)

            </system-out>
        </testcase>
        <testcase classname="src/hooks/__tests__/useErrorHandler.enhanced.test.ts" name="useErrorHandler Enhanced Features &gt; Preview Retry Handler &gt; implements correct exponential backoff delays" time="0.003061547">
            <system-out>
Retrying Preview operation in 1000ms (attempt 1/3)

Retrying Preview operation in 2000ms (attempt 2/3)

            </system-out>
        </testcase>
        <testcase classname="src/hooks/__tests__/useErrorHandler.enhanced.test.ts" name="useErrorHandler Enhanced Features &gt; Preview Retry Handler &gt; caps maximum delay at 8 seconds" time="0.002404862">
            <system-out>
Retrying Preview operation in 1000ms (attempt 1/5)

Retrying Preview operation in 2000ms (attempt 2/5)

Retrying Preview operation in 4000ms (attempt 3/5)

Retrying Preview operation in 8000ms (attempt 4/5)

            </system-out>
        </testcase>
        <testcase classname="src/hooks/__tests__/useErrorHandler.enhanced.test.ts" name="useErrorHandler Enhanced Features &gt; Preview Operation Handler &gt; handles successful preview operations" time="0.001930666">
        </testcase>
        <testcase classname="src/hooks/__tests__/useErrorHandler.enhanced.test.ts" name="useErrorHandler Enhanced Features &gt; Preview Operation Handler &gt; handles failed preview operations with enhanced error context" time="0.010427224">
            <failure message="expected &quot;spy&quot; to be called with arguments: [ ObjectContaining{…} ][90m

Received: 

[1m  1st spy call:

[22m[2m  [[22m
[32m-   ObjectContaining {[90m
[31m+   {[90m
[2m      &quot;canRetry&quot;: true,[22m
[31m+     &quot;code&quot;: undefined,[90m
[2m      &quot;context&quot;: &quot;Test Operation&quot;,[22m
[31m+     &quot;details&quot;: undefined,[90m
[2m      &quot;maxRetries&quot;: 3,[22m
[32m-     &quot;message&quot;: &quot;Operation failed&quot;,[90m
[32m-     &quot;recoveryGuidance&quot;: Any&lt;String&gt;,[90m
[31m+     &quot;name&quot;: &quot;AppError&quot;,[90m
[31m+     &quot;recoveryGuidance&quot;: &quot;Try reducing the number of selected fields, adding more specific filters, or limiting the date range.&quot;,[90m
[31m+     &quot;retryAfter&quot;: undefined,[90m
[31m+     &quot;statusCode&quot;: undefined,[90m
[2m      &quot;type&quot;: &quot;TIMEOUT&quot;,[22m
[2m    },[22m
[2m  ][22m
[39m[90m

Number of calls: [1m1[22m
[39m" type="AssertionError">
AssertionError: expected &quot;spy&quot; to be called with arguments: [ ObjectContaining{…} ]

Received: 

  1st spy call:

  [
-   ObjectContaining {
+   {
      &quot;canRetry&quot;: true,
+     &quot;code&quot;: undefined,
      &quot;context&quot;: &quot;Test Operation&quot;,
+     &quot;details&quot;: undefined,
      &quot;maxRetries&quot;: 3,
-     &quot;message&quot;: &quot;Operation failed&quot;,
-     &quot;recoveryGuidance&quot;: Any&lt;String&gt;,
+     &quot;name&quot;: &quot;AppError&quot;,
+     &quot;recoveryGuidance&quot;: &quot;Try reducing the number of selected fields, adding more specific filters, or limiting the date range.&quot;,
+     &quot;retryAfter&quot;: undefined,
+     &quot;statusCode&quot;: undefined,
      &quot;type&quot;: &quot;TIMEOUT&quot;,
    },
  ]


Number of calls: 1

 ❯ src/hooks/__tests__/useErrorHandler.enhanced.test.ts:526:23
            </failure>
        </testcase>
        <testcase classname="src/hooks/__tests__/useErrorHandler.enhanced.test.ts" name="useErrorHandler Enhanced Features &gt; Preview Operation Handler &gt; can disable notifications for preview operations" time="0.00188568">
        </testcase>
        <testcase classname="src/hooks/__tests__/useErrorHandler.enhanced.test.ts" name="useErrorHandler Enhanced Features &gt; Form Error Handler &gt; handles form validation errors with field details" time="0.002036219">
        </testcase>
        <testcase classname="src/hooks/__tests__/useErrorHandler.enhanced.test.ts" name="useErrorHandler Enhanced Features &gt; Form Error Handler &gt; shows general error message when no field details available" time="0.001171791">
        </testcase>
        <testcase classname="src/hooks/__tests__/useErrorHandler.enhanced.test.ts" name="useErrorHandler Enhanced Features &gt; Form Error Handler &gt; handles non-AppError objects in forms" time="0.005682738">
        </testcase>
        <testcase classname="src/hooks/__tests__/useErrorHandler.enhanced.test.ts" name="useErrorHandler Enhanced Features &gt; Error Context and Recovery Guidance &gt; provides appropriate recovery guidance for each error type" time="0.003449608">
        </testcase>
        <testcase classname="src/hooks/__tests__/useErrorHandler.enhanced.test.ts" name="useErrorHandler Enhanced Features &gt; Error Context and Recovery Guidance &gt; includes retry after information for rate limit errors" time="0.001915281">
        </testcase>
        <testcase classname="src/hooks/__tests__/useErrorHandler.enhanced.test.ts" name="useErrorHandler Enhanced Features &gt; Integration with Message System &gt; creates clickable retry notifications" time="0.001748912">
        </testcase>
        <testcase classname="src/hooks/__tests__/useErrorHandler.enhanced.test.ts" name="useErrorHandler Enhanced Features &gt; Integration with Message System &gt; destroys notification before retrying" time="0.001469589">
        </testcase>
    </testsuite>
    <testsuite name="src/hooks/__tests__/useLogsData.test.ts" timestamp="2025-08-22T05:48:54.173Z" hostname="ifedotovNB" tests="16" failures="0" errors="0" skipped="0" time="5.124778082">
        <testcase classname="src/hooks/__tests__/useLogsData.test.ts" name="useLogsData &gt; successful data fetching &gt; should fetch logs data successfully with default filters" time="0.33177125">
        </testcase>
        <testcase classname="src/hooks/__tests__/useLogsData.test.ts" name="useLogsData &gt; successful data fetching &gt; should call API with correct parameters" time="0.316612451">
            <system-out>
useLogsData effect triggered - filters changed from:  to: {&quot;activeTab&quot;:&quot;all&quot;,&quot;currentPage&quot;:1,&quot;pageSize&quot;:20,&quot;searchQuery&quot;:&quot;test query&quot;,&quot;dateRange&quot;:null,&quot;sortBy&quot;:&quot;timestamp&quot;,&quot;sortOrder&quot;:&quot;desc&quot;,&quot;eventType&quot;:&quot;login&quot;,&quot;level&quot;:&quot;info&quot;}

Debounced fetch executing after 300ms

Logs API response: {
  success: [33mtrue[39m,
  auditCount: [33m2[39m,
  systemCount: [33m2[39m,
  totalAudit: [33m2[39m,
  totalSystem: [33m2[39m,
  firstAuditLog: {
    id: [32m&apos;1&apos;[39m,
    userId: [33m1[39m,
    username: [32m&apos;testuser&apos;[39m,
    eventType: [32m&apos;login&apos;[39m,
    eventAction: [32m&apos;success&apos;[39m,
    ipAddress: [32m&apos;192.168.1.1&apos;[39m,
    userAgent: [32m&apos;Mozilla/5.0&apos;[39m,
    timestamp: [32m&apos;2024-01-01T10:00:00Z&apos;[39m,
    details: { method: [32m&apos;password&apos;[39m }
  }
}

            </system-out>
        </testcase>
        <testcase classname="src/hooks/__tests__/useLogsData.test.ts" name="useLogsData &gt; successful data fetching &gt; should handle date range filters" time="0.311579448">
            <system-out>
useLogsData effect triggered - filters changed from:  to: {&quot;activeTab&quot;:&quot;all&quot;,&quot;currentPage&quot;:1,&quot;pageSize&quot;:20,&quot;searchQuery&quot;:&quot;&quot;,&quot;dateRange&quot;:[&quot;2023-12-31T23:00:00.000Z&quot;,&quot;2024-01-30T23:00:00.000Z&quot;],&quot;sortBy&quot;:&quot;timestamp&quot;,&quot;sortOrder&quot;:&quot;desc&quot;}

Debounced fetch executing after 300ms

Logs API response: {
  success: [33mtrue[39m,
  auditCount: [33m2[39m,
  systemCount: [33m2[39m,
  totalAudit: [33m2[39m,
  totalSystem: [33m2[39m,
  firstAuditLog: {
    id: [32m&apos;1&apos;[39m,
    userId: [33m1[39m,
    username: [32m&apos;testuser&apos;[39m,
    eventType: [32m&apos;login&apos;[39m,
    eventAction: [32m&apos;success&apos;[39m,
    ipAddress: [32m&apos;192.168.1.1&apos;[39m,
    userAgent: [32m&apos;Mozilla/5.0&apos;[39m,
    timestamp: [32m&apos;2024-01-01T10:00:00Z&apos;[39m,
    details: { method: [32m&apos;password&apos;[39m }
  }
}

            </system-out>
        </testcase>
        <testcase classname="src/hooks/__tests__/useLogsData.test.ts" name="useLogsData &gt; successful data fetching &gt; should not include search parameter when empty" time="0.310003683">
            <system-out>
useLogsData effect triggered - filters changed from:  to: {&quot;activeTab&quot;:&quot;all&quot;,&quot;currentPage&quot;:1,&quot;pageSize&quot;:20,&quot;searchQuery&quot;:&quot;&quot;,&quot;dateRange&quot;:null,&quot;sortBy&quot;:&quot;timestamp&quot;,&quot;sortOrder&quot;:&quot;desc&quot;}

Debounced fetch executing after 300ms

Logs API response: {
  success: [33mtrue[39m,
  auditCount: [33m2[39m,
  systemCount: [33m2[39m,
  totalAudit: [33m2[39m,
  totalSystem: [33m2[39m,
  firstAuditLog: {
    id: [32m&apos;1&apos;[39m,
    userId: [33m1[39m,
    username: [32m&apos;testuser&apos;[39m,
    eventType: [32m&apos;login&apos;[39m,
    eventAction: [32m&apos;success&apos;[39m,
    ipAddress: [32m&apos;192.168.1.1&apos;[39m,
    userAgent: [32m&apos;Mozilla/5.0&apos;[39m,
    timestamp: [32m&apos;2024-01-01T10:00:00Z&apos;[39m,
    details: { method: [32m&apos;password&apos;[39m }
  }
}

            </system-out>
        </testcase>
        <testcase classname="src/hooks/__tests__/useLogsData.test.ts" name="useLogsData &gt; error handling &gt; should handle API errors and set error state" time="0.308567418">
            <system-out>
useLogsData effect triggered - filters changed from:  to: {&quot;activeTab&quot;:&quot;all&quot;,&quot;currentPage&quot;:1,&quot;pageSize&quot;:20,&quot;searchQuery&quot;:&quot;&quot;,&quot;dateRange&quot;:null,&quot;sortBy&quot;:&quot;timestamp&quot;,&quot;sortOrder&quot;:&quot;desc&quot;}

Debounced fetch executing after 300ms

            </system-out>
        </testcase>
        <testcase classname="src/hooks/__tests__/useLogsData.test.ts" name="useLogsData &gt; error handling &gt; should handle successful response without data" time="0.310327965">
            <system-out>
useLogsData effect triggered - filters changed from:  to: {&quot;activeTab&quot;:&quot;all&quot;,&quot;currentPage&quot;:1,&quot;pageSize&quot;:20,&quot;searchQuery&quot;:&quot;&quot;,&quot;dateRange&quot;:null,&quot;sortBy&quot;:&quot;timestamp&quot;,&quot;sortOrder&quot;:&quot;desc&quot;}

Debounced fetch executing after 300ms

Retrying in 2000ms (attempt 1/2)

            </system-out>
        </testcase>
        <testcase classname="src/hooks/__tests__/useLogsData.test.ts" name="useLogsData &gt; error handling &gt; should handle malformed response data" time="0.30783385">
            <system-out>
useLogsData effect triggered - filters changed from:  to: {&quot;activeTab&quot;:&quot;all&quot;,&quot;currentPage&quot;:1,&quot;pageSize&quot;:20,&quot;searchQuery&quot;:&quot;&quot;,&quot;dateRange&quot;:null,&quot;sortBy&quot;:&quot;timestamp&quot;,&quot;sortOrder&quot;:&quot;desc&quot;}

Debounced fetch executing after 300ms

Retrying in 2000ms (attempt 1/2)

            </system-out>
        </testcase>
        <testcase classname="src/hooks/__tests__/useLogsData.test.ts" name="useLogsData &gt; error handling &gt; should handle abort errors gracefully" time="0.103008092">
            <system-out>
useLogsData effect triggered - filters changed from:  to: {&quot;activeTab&quot;:&quot;all&quot;,&quot;currentPage&quot;:1,&quot;pageSize&quot;:20,&quot;searchQuery&quot;:&quot;&quot;,&quot;dateRange&quot;:null,&quot;sortBy&quot;:&quot;timestamp&quot;,&quot;sortOrder&quot;:&quot;desc&quot;}

            </system-out>
        </testcase>
        <testcase classname="src/hooks/__tests__/useLogsData.test.ts" name="useLogsData &gt; manual retry functionality &gt; should allow manual retry after errors" time="0.365135387">
            <system-out>
useLogsData effect triggered - filters changed from:  to: {&quot;activeTab&quot;:&quot;all&quot;,&quot;currentPage&quot;:1,&quot;pageSize&quot;:20,&quot;searchQuery&quot;:&quot;&quot;,&quot;dateRange&quot;:null,&quot;sortBy&quot;:&quot;timestamp&quot;,&quot;sortOrder&quot;:&quot;desc&quot;}

Debounced fetch executing after 300ms

Retrying in 2000ms (attempt 1/2)

Logs API response: {
  success: [33mtrue[39m,
  auditCount: [33m2[39m,
  systemCount: [33m2[39m,
  totalAudit: [33m2[39m,
  totalSystem: [33m2[39m,
  firstAuditLog: {
    id: [32m&apos;1&apos;[39m,
    userId: [33m1[39m,
    username: [32m&apos;testuser&apos;[39m,
    eventType: [32m&apos;login&apos;[39m,
    eventAction: [32m&apos;success&apos;[39m,
    ipAddress: [32m&apos;192.168.1.1&apos;[39m,
    userAgent: [32m&apos;Mozilla/5.0&apos;[39m,
    timestamp: [32m&apos;2024-01-01T10:00:00Z&apos;[39m,
    details: { method: [32m&apos;password&apos;[39m }
  }
}

            </system-out>
        </testcase>
        <testcase classname="src/hooks/__tests__/useLogsData.test.ts" name="useLogsData &gt; manual retry functionality &gt; should show isRetrying state during manual retry" time="0.362652791">
            <system-out>
useLogsData effect triggered - filters changed from:  to: {&quot;activeTab&quot;:&quot;all&quot;,&quot;currentPage&quot;:1,&quot;pageSize&quot;:20,&quot;searchQuery&quot;:&quot;&quot;,&quot;dateRange&quot;:null,&quot;sortBy&quot;:&quot;timestamp&quot;,&quot;sortOrder&quot;:&quot;desc&quot;}

Debounced fetch executing after 300ms

Retrying in 2000ms (attempt 1/2)

Logs API response: {
  success: [33mtrue[39m,
  auditCount: [33m2[39m,
  systemCount: [33m2[39m,
  totalAudit: [33m2[39m,
  totalSystem: [33m2[39m,
  firstAuditLog: {
    id: [32m&apos;1&apos;[39m,
    userId: [33m1[39m,
    username: [32m&apos;testuser&apos;[39m,
    eventType: [32m&apos;login&apos;[39m,
    eventAction: [32m&apos;success&apos;[39m,
    ipAddress: [32m&apos;192.168.1.1&apos;[39m,
    userAgent: [32m&apos;Mozilla/5.0&apos;[39m,
    timestamp: [32m&apos;2024-01-01T10:00:00Z&apos;[39m,
    details: { method: [32m&apos;password&apos;[39m }
  }
}

            </system-out>
        </testcase>
        <testcase classname="src/hooks/__tests__/useLogsData.test.ts" name="useLogsData &gt; response data handling &gt; should handle response with partial data" time="0.308320628">
            <system-out>
useLogsData effect triggered - filters changed from:  to: {&quot;activeTab&quot;:&quot;all&quot;,&quot;currentPage&quot;:1,&quot;pageSize&quot;:20,&quot;searchQuery&quot;:&quot;&quot;,&quot;dateRange&quot;:null,&quot;sortBy&quot;:&quot;timestamp&quot;,&quot;sortOrder&quot;:&quot;desc&quot;}

Debounced fetch executing after 300ms

Logs API response: {
  success: [33mtrue[39m,
  auditCount: [33m2[39m,
  systemCount: [90mundefined[39m,
  totalAudit: [33m2[39m,
  totalSystem: [90mundefined[39m,
  firstAuditLog: {
    id: [32m&apos;1&apos;[39m,
    userId: [33m1[39m,
    username: [32m&apos;testuser&apos;[39m,
    eventType: [32m&apos;login&apos;[39m,
    eventAction: [32m&apos;success&apos;[39m,
    ipAddress: [32m&apos;192.168.1.1&apos;[39m,
    userAgent: [32m&apos;Mozilla/5.0&apos;[39m,
    timestamp: [32m&apos;2024-01-01T10:00:00Z&apos;[39m,
    details: { method: [32m&apos;password&apos;[39m }
  }
}

            </system-out>
        </testcase>
        <testcase classname="src/hooks/__tests__/useLogsData.test.ts" name="useLogsData &gt; response data handling &gt; should log response data for debugging" time="0.306869222">
            <system-out>
useLogsData effect triggered - filters changed from:  to: {&quot;activeTab&quot;:&quot;all&quot;,&quot;currentPage&quot;:1,&quot;pageSize&quot;:20,&quot;searchQuery&quot;:&quot;&quot;,&quot;dateRange&quot;:null,&quot;sortBy&quot;:&quot;timestamp&quot;,&quot;sortOrder&quot;:&quot;desc&quot;}

Debounced fetch executing after 300ms

Logs API response: {
  success: [33mtrue[39m,
  auditCount: [33m2[39m,
  systemCount: [33m2[39m,
  totalAudit: [33m2[39m,
  totalSystem: [33m2[39m,
  firstAuditLog: {
    id: [32m&apos;1&apos;[39m,
    userId: [33m1[39m,
    username: [32m&apos;testuser&apos;[39m,
    eventType: [32m&apos;login&apos;[39m,
    eventAction: [32m&apos;success&apos;[39m,
    ipAddress: [32m&apos;192.168.1.1&apos;[39m,
    userAgent: [32m&apos;Mozilla/5.0&apos;[39m,
    timestamp: [32m&apos;2024-01-01T10:00:00Z&apos;[39m,
    details: { method: [32m&apos;password&apos;[39m }
  }
}

            </system-out>
        </testcase>
        <testcase classname="src/hooks/__tests__/useLogsData.test.ts" name="useLogsData &gt; debouncing behavior &gt; should debounce rapid filter changes" time="0.31396034">
            <system-out>
useLogsData effect triggered - filters changed from:  to: {&quot;activeTab&quot;:&quot;all&quot;,&quot;currentPage&quot;:1,&quot;pageSize&quot;:20,&quot;searchQuery&quot;:&quot;&quot;,&quot;dateRange&quot;:null,&quot;sortBy&quot;:&quot;timestamp&quot;,&quot;sortOrder&quot;:&quot;desc&quot;}
useLogsData effect triggered - filters changed from: {&quot;activeTab&quot;:&quot;all&quot;,&quot;currentPage&quot;:1,&quot;pageSize&quot;:20,&quot;searchQuery&quot;:&quot;&quot;,&quot;dateRange&quot;:null,&quot;sortBy&quot;:&quot;timestamp&quot;,&quot;sortOrder&quot;:&quot;desc&quot;} to: {&quot;activeTab&quot;:&quot;all&quot;,&quot;currentPage&quot;:1,&quot;pageSize&quot;:20,&quot;searchQuery&quot;:&quot;test1&quot;,&quot;dateRange&quot;:null,&quot;sortBy&quot;:&quot;timestamp&quot;,&quot;sortOrder&quot;:&quot;desc&quot;}
useLogsData effect triggered - filters changed from: {&quot;activeTab&quot;:&quot;all&quot;,&quot;currentPage&quot;:1,&quot;pageSize&quot;:20,&quot;searchQuery&quot;:&quot;test1&quot;,&quot;dateRange&quot;:null,&quot;sortBy&quot;:&quot;timestamp&quot;,&quot;sortOrder&quot;:&quot;desc&quot;} to: {&quot;activeTab&quot;:&quot;all&quot;,&quot;currentPage&quot;:1,&quot;pageSize&quot;:20,&quot;searchQuery&quot;:&quot;test2&quot;,&quot;dateRange&quot;:null,&quot;sortBy&quot;:&quot;timestamp&quot;,&quot;sortOrder&quot;:&quot;desc&quot;}
useLogsData effect triggered - filters changed from: {&quot;activeTab&quot;:&quot;all&quot;,&quot;currentPage&quot;:1,&quot;pageSize&quot;:20,&quot;searchQuery&quot;:&quot;test2&quot;,&quot;dateRange&quot;:null,&quot;sortBy&quot;:&quot;timestamp&quot;,&quot;sortOrder&quot;:&quot;desc&quot;} to: {&quot;activeTab&quot;:&quot;all&quot;,&quot;currentPage&quot;:1,&quot;pageSize&quot;:20,&quot;searchQuery&quot;:&quot;test3&quot;,&quot;dateRange&quot;:null,&quot;sortBy&quot;:&quot;timestamp&quot;,&quot;sortOrder&quot;:&quot;desc&quot;}

Debounced fetch executing after 300ms

Logs API response: {
  success: [33mtrue[39m,
  auditCount: [33m2[39m,
  systemCount: [33m2[39m,
  totalAudit: [33m2[39m,
  totalSystem: [33m2[39m,
  firstAuditLog: {
    id: [32m&apos;1&apos;[39m,
    userId: [33m1[39m,
    username: [32m&apos;testuser&apos;[39m,
    eventType: [32m&apos;login&apos;[39m,
    eventAction: [32m&apos;success&apos;[39m,
    ipAddress: [32m&apos;192.168.1.1&apos;[39m,
    userAgent: [32m&apos;Mozilla/5.0&apos;[39m,
    timestamp: [32m&apos;2024-01-01T10:00:00Z&apos;[39m,
    details: { method: [32m&apos;password&apos;[39m }
  }
}

            </system-out>
        </testcase>
        <testcase classname="src/hooks/__tests__/useLogsData.test.ts" name="useLogsData &gt; debouncing behavior &gt; should prevent duplicate requests when filters have not changed" time="0.407614905">
            <system-out>
useLogsData effect triggered - filters changed from:  to: {&quot;activeTab&quot;:&quot;all&quot;,&quot;currentPage&quot;:1,&quot;pageSize&quot;:20,&quot;searchQuery&quot;:&quot;&quot;,&quot;dateRange&quot;:null,&quot;sortBy&quot;:&quot;timestamp&quot;,&quot;sortOrder&quot;:&quot;desc&quot;}

Debounced fetch executing after 300ms

Logs API response: {
  success: [33mtrue[39m,
  auditCount: [33m2[39m,
  systemCount: [33m2[39m,
  totalAudit: [33m2[39m,
  totalSystem: [33m2[39m,
  firstAuditLog: {
    id: [32m&apos;1&apos;[39m,
    userId: [33m1[39m,
    username: [32m&apos;testuser&apos;[39m,
    eventType: [32m&apos;login&apos;[39m,
    eventAction: [32m&apos;success&apos;[39m,
    ipAddress: [32m&apos;192.168.1.1&apos;[39m,
    userAgent: [32m&apos;Mozilla/5.0&apos;[39m,
    timestamp: [32m&apos;2024-01-01T10:00:00Z&apos;[39m,
    details: { method: [32m&apos;password&apos;[39m }
  }
}

useLogsData effect skipped - filters unchanged

            </system-out>
        </testcase>
        <testcase classname="src/hooks/__tests__/useLogsData.test.ts" name="useLogsData &gt; request lifecycle &gt; should abort requests on component unmount" time="0.402846158">
            <system-out>
useLogsData effect triggered - filters changed from:  to: {&quot;activeTab&quot;:&quot;all&quot;,&quot;currentPage&quot;:1,&quot;pageSize&quot;:20,&quot;searchQuery&quot;:&quot;&quot;,&quot;dateRange&quot;:null,&quot;sortBy&quot;:&quot;timestamp&quot;,&quot;sortOrder&quot;:&quot;desc&quot;}

Debounced fetch executing after 300ms

Logs API response: {
  success: [33mtrue[39m,
  auditCount: [33m2[39m,
  systemCount: [33m2[39m,
  totalAudit: [33m2[39m,
  totalSystem: [33m2[39m,
  firstAuditLog: {
    id: [32m&apos;1&apos;[39m,
    userId: [33m1[39m,
    username: [32m&apos;testuser&apos;[39m,
    eventType: [32m&apos;login&apos;[39m,
    eventAction: [32m&apos;success&apos;[39m,
    ipAddress: [32m&apos;192.168.1.1&apos;[39m,
    userAgent: [32m&apos;Mozilla/5.0&apos;[39m,
    timestamp: [32m&apos;2024-01-01T10:00:00Z&apos;[39m,
    details: { method: [32m&apos;password&apos;[39m }
  }
}

            </system-out>
        </testcase>
        <testcase classname="src/hooks/__tests__/useLogsData.test.ts" name="useLogsData &gt; request lifecycle &gt; should handle retry attempts correctly" time="0.354571738">
            <system-out>
useLogsData effect triggered - filters changed from:  to: {&quot;activeTab&quot;:&quot;all&quot;,&quot;currentPage&quot;:1,&quot;pageSize&quot;:20,&quot;searchQuery&quot;:&quot;&quot;,&quot;dateRange&quot;:null,&quot;sortBy&quot;:&quot;timestamp&quot;,&quot;sortOrder&quot;:&quot;desc&quot;}

Debounced fetch executing after 300ms

Logs API response: {
  success: [33mtrue[39m,
  auditCount: [33m2[39m,
  systemCount: [33m2[39m,
  totalAudit: [33m2[39m,
  totalSystem: [33m2[39m,
  firstAuditLog: {
    id: [32m&apos;1&apos;[39m,
    userId: [33m1[39m,
    username: [32m&apos;testuser&apos;[39m,
    eventType: [32m&apos;login&apos;[39m,
    eventAction: [32m&apos;success&apos;[39m,
    ipAddress: [32m&apos;192.168.1.1&apos;[39m,
    userAgent: [32m&apos;Mozilla/5.0&apos;[39m,
    timestamp: [32m&apos;2024-01-01T10:00:00Z&apos;[39m,
    details: { method: [32m&apos;password&apos;[39m }
  }
}

            </system-out>
        </testcase>
    </testsuite>
    <testsuite name="src/hooks/__tests__/useQuery.test.ts" timestamp="2025-08-22T05:48:54.182Z" hostname="ifedotovNB" tests="37" failures="0" errors="0" skipped="0" time="0.32069237">
        <testcase classname="src/hooks/__tests__/useQuery.test.ts" name="useQuery hooks &gt; useQueryExecution &gt; should provide query execution functionality" time="0.022286135">
        </testcase>
        <testcase classname="src/hooks/__tests__/useQuery.test.ts" name="useQuery hooks &gt; useQueryExecution &gt; should execute regular queries" time="0.01677147">
        </testcase>
        <testcase classname="src/hooks/__tests__/useQuery.test.ts" name="useQuery hooks &gt; useQueryExecution &gt; should execute Graph queries when query ID starts with &quot;graph_&quot;" time="0.009297923">
        </testcase>
        <testcase classname="src/hooks/__tests__/useQuery.test.ts" name="useQuery hooks &gt; useQueryExecution &gt; should execute dynamic queries" time="0.00956062">
        </testcase>
        <testcase classname="src/hooks/__tests__/useQuery.test.ts" name="useQuery hooks &gt; useQueryExecution &gt; should handle execution errors" time="0.004202964">
        </testcase>
        <testcase classname="src/hooks/__tests__/useQuery.test.ts" name="useQuery hooks &gt; useQueryExecution &gt; should handle execution with options" time="0.003966434">
        </testcase>
        <testcase classname="src/hooks/__tests__/useQuery.test.ts" name="useQuery hooks &gt; useQueryDefinitions &gt; should provide query definitions functionality" time="0.003182506">
        </testcase>
        <testcase classname="src/hooks/__tests__/useQuery.test.ts" name="useQuery hooks &gt; useQueryDefinitions &gt; should fetch definitions with filters" time="0.014797657">
        </testcase>
        <testcase classname="src/hooks/__tests__/useQuery.test.ts" name="useQuery hooks &gt; useQueryDefinitions &gt; should fetch Graph definitions for Azure data source" time="0.006981129">
        </testcase>
        <testcase classname="src/hooks/__tests__/useQuery.test.ts" name="useQuery hooks &gt; useQueryDefinitions &gt; should auto-fetch definitions on mount when no data is available" time="0.10731161">
        </testcase>
        <testcase classname="src/hooks/__tests__/useQuery.test.ts" name="useQuery hooks &gt; useQueryDefinitions &gt; should set filters correctly" time="0.004012854">
        </testcase>
        <testcase classname="src/hooks/__tests__/useQuery.test.ts" name="useQuery hooks &gt; useQueryDefinitions &gt; should handle fetchDefinitions errors" time="0.004266577">
        </testcase>
        <testcase classname="src/hooks/__tests__/useQuery.test.ts" name="useQuery hooks &gt; useQueryDefinitions &gt; should get definition by ID" time="0.002164402">
        </testcase>
        <testcase classname="src/hooks/__tests__/useQuery.test.ts" name="useQuery hooks &gt; useQueryBuilder &gt; should provide query builder functionality" time="0.002456467">
        </testcase>
        <testcase classname="src/hooks/__tests__/useQuery.test.ts" name="useQuery hooks &gt; useQueryBuilder &gt; should set query in builder" time="0.00236101">
        </testcase>
        <testcase classname="src/hooks/__tests__/useQuery.test.ts" name="useQuery hooks &gt; useQueryBuilder &gt; should validate queries" time="0.004208874">
        </testcase>
        <testcase classname="src/hooks/__tests__/useQuery.test.ts" name="useQuery hooks &gt; useQueryBuilder &gt; should handle validation errors" time="0.006668728">
        </testcase>
        <testcase classname="src/hooks/__tests__/useQuery.test.ts" name="useQuery hooks &gt; useQueryBuilder &gt; should clear builder state" time="0.003673793">
        </testcase>
        <testcase classname="src/hooks/__tests__/useQuery.test.ts" name="useQuery hooks &gt; useQueryCache &gt; should provide cache management functionality" time="0.00311808">
        </testcase>
        <testcase classname="src/hooks/__tests__/useQuery.test.ts" name="useQuery hooks &gt; useQueryCache &gt; should get cached results" time="0.002043588">
        </testcase>
        <testcase classname="src/hooks/__tests__/useQuery.test.ts" name="useQuery hooks &gt; useQueryCache &gt; should clear cache" time="0.007837377">
        </testcase>
        <testcase classname="src/hooks/__tests__/useQuery.test.ts" name="useQuery hooks &gt; useQueryCache &gt; should clear all cache when no queryId provided" time="0.007567047">
        </testcase>
        <testcase classname="src/hooks/__tests__/useQuery.test.ts" name="useQuery hooks &gt; useQueryCache &gt; should evict cache entries" time="0.004766032">
        </testcase>
        <testcase classname="src/hooks/__tests__/useQuery.test.ts" name="useQuery hooks &gt; useQueryMetrics &gt; should provide metrics functionality" time="0.007163654">
        </testcase>
        <testcase classname="src/hooks/__tests__/useQuery.test.ts" name="useQuery hooks &gt; useQueryMetrics &gt; should fetch health status" time="0.006210748">
        </testcase>
        <testcase classname="src/hooks/__tests__/useQuery.test.ts" name="useQuery hooks &gt; useQueryMetrics &gt; should fetch overall metrics" time="0.003605653">
        </testcase>
        <testcase classname="src/hooks/__tests__/useQuery.test.ts" name="useQuery hooks &gt; useQueryMetrics &gt; should fetch query-specific metrics" time="0.010279322">
        </testcase>
        <testcase classname="src/hooks/__tests__/useQuery.test.ts" name="useQuery hooks &gt; useQueryMetrics &gt; should get query statistics" time="0.002990173">
        </testcase>
        <testcase classname="src/hooks/__tests__/useQuery.test.ts" name="useQuery hooks &gt; useQueryMetrics &gt; should handle metrics with execution history" time="0.002428066">
        </testcase>
        <testcase classname="src/hooks/__tests__/useQuery.test.ts" name="useQuery hooks &gt; useQuery (main hook) &gt; should combine all query functionality" time="0.003486574">
        </testcase>
        <testcase classname="src/hooks/__tests__/useQuery.test.ts" name="useQuery hooks &gt; useQuery (main hook) &gt; should handle selectDefinition" time="0.003329402">
        </testcase>
        <testcase classname="src/hooks/__tests__/useQuery.test.ts" name="useQuery hooks &gt; useQuery (main hook) &gt; should provide unified interface for all query operations" time="0.002445117">
        </testcase>
        <testcase classname="src/hooks/__tests__/useQuery.test.ts" name="useQuery hooks &gt; error handling and edge cases &gt; should handle service method failures gracefully" time="0.005029918">
        </testcase>
        <testcase classname="src/hooks/__tests__/useQuery.test.ts" name="useQuery hooks &gt; error handling and edge cases &gt; should handle malformed service responses" time="0.004083832">
        </testcase>
        <testcase classname="src/hooks/__tests__/useQuery.test.ts" name="useQuery hooks &gt; error handling and edge cases &gt; should handle null/undefined parameters safely" time="0.005279352">
        </testcase>
        <testcase classname="src/hooks/__tests__/useQuery.test.ts" name="useQuery hooks &gt; integration with Redux store &gt; should reflect Redux state changes" time="0.002933799">
        </testcase>
        <testcase classname="src/hooks/__tests__/useQuery.test.ts" name="useQuery hooks &gt; integration with Redux store &gt; should dispatch actions correctly" time="0.003634513">
        </testcase>
    </testsuite>
    <testsuite name="src/services/__tests__/api.test.ts" timestamp="2025-08-22T05:48:54.188Z" hostname="ifedotovNB" tests="40" failures="0" errors="0" skipped="4" time="0.105680454">
        <testcase classname="src/services/__tests__/api.test.ts" name="ApiService &gt; constructor and initialization &gt; should initialize with default base URL when VITE_API_URL is not set" time="0.003091623">
        </testcase>
        <testcase classname="src/services/__tests__/api.test.ts" name="ApiService &gt; constructor and initialization &gt; should initialize with environment base URL when VITE_API_URL is set" time="0.002474056">
        </testcase>
        <testcase classname="src/services/__tests__/api.test.ts" name="ApiService &gt; request interceptors &gt; should add authorization header when token exists" time="0.002077791">
        </testcase>
        <testcase classname="src/services/__tests__/api.test.ts" name="ApiService &gt; request interceptors &gt; should not add authorization header when token does not exist" time="0.001638841">
        </testcase>
        <testcase classname="src/services/__tests__/api.test.ts" name="ApiService &gt; response interceptors - 401 handling &gt; should clear storage and redirect on 401 for refresh endpoint" time="0">
            <skipped/>
        </testcase>
        <testcase classname="src/services/__tests__/api.test.ts" name="ApiService &gt; response interceptors - 401 handling &gt; should attempt token refresh on 401 for non-refresh endpoints" time="0">
            <skipped/>
        </testcase>
        <testcase classname="src/services/__tests__/api.test.ts" name="ApiService &gt; response interceptors - 401 handling &gt; should redirect to login when refresh fails" time="0">
            <skipped/>
        </testcase>
        <testcase classname="src/services/__tests__/api.test.ts" name="ApiService &gt; response interceptors - 401 handling &gt; should redirect when no refresh token available" time="0">
            <skipped/>
        </testcase>
        <testcase classname="src/services/__tests__/api.test.ts" name="ApiService &gt; GET requests &gt; should make successful GET request" time="0.002224565">
        </testcase>
        <testcase classname="src/services/__tests__/api.test.ts" name="ApiService &gt; GET requests &gt; should handle GET request with parameters" time="0.001456687">
        </testcase>
        <testcase classname="src/services/__tests__/api.test.ts" name="ApiService &gt; GET requests &gt; should use cache when available" time="0.003542102">
            <system-out>
Cache hit for /test

            </system-out>
        </testcase>
        <testcase classname="src/services/__tests__/api.test.ts" name="ApiService &gt; GET requests &gt; should skip cache when disabled" time="0.00111021">
        </testcase>
        <testcase classname="src/services/__tests__/api.test.ts" name="ApiService &gt; GET requests &gt; should handle abort signals" time="0.002199723">
        </testcase>
        <testcase classname="src/services/__tests__/api.test.ts" name="ApiService &gt; GET requests &gt; should handle GET request errors" time="0.001114364">
        </testcase>
        <testcase classname="src/services/__tests__/api.test.ts" name="ApiService &gt; POST requests &gt; should make successful POST request" time="0.000811839">
        </testcase>
        <testcase classname="src/services/__tests__/api.test.ts" name="ApiService &gt; POST requests &gt; should handle POST request with priority" time="0.000608892">
        </testcase>
        <testcase classname="src/services/__tests__/api.test.ts" name="ApiService &gt; POST requests &gt; should handle POST request errors" time="0.001956876">
        </testcase>
        <testcase classname="src/services/__tests__/api.test.ts" name="ApiService &gt; PUT requests &gt; should make successful PUT request" time="0.001755804">
        </testcase>
        <testcase classname="src/services/__tests__/api.test.ts" name="ApiService &gt; PUT requests &gt; should handle PUT request errors" time="0.001885955">
        </testcase>
        <testcase classname="src/services/__tests__/api.test.ts" name="ApiService &gt; DELETE requests &gt; should make successful DELETE request" time="0.00187893">
        </testcase>
        <testcase classname="src/services/__tests__/api.test.ts" name="ApiService &gt; DELETE requests &gt; should handle DELETE request errors" time="0.00220498">
        </testcase>
        <testcase classname="src/services/__tests__/api.test.ts" name="ApiService &gt; getPaginated &gt; should make paginated GET request" time="0.002018231">
        </testcase>
        <testcase classname="src/services/__tests__/api.test.ts" name="ApiService &gt; getPaginated &gt; should use cache for paginated requests" time="0.002561044">
            <system-out>
Cache hit for paginated /test

            </system-out>
        </testcase>
        <testcase classname="src/services/__tests__/api.test.ts" name="ApiService &gt; file operations &gt; should download file successfully" time="0.00639406">
        </testcase>
        <testcase classname="src/services/__tests__/api.test.ts" name="ApiService &gt; file operations &gt; should upload file successfully" time="0.003724318">
        </testcase>
        <testcase classname="src/services/__tests__/api.test.ts" name="ApiService &gt; file operations &gt; should handle file upload without progress callback" time="0.00176008">
        </testcase>
        <testcase classname="src/services/__tests__/api.test.ts" name="ApiService &gt; file operations &gt; should handle file download errors" time="0.00190587">
        </testcase>
        <testcase classname="src/services/__tests__/api.test.ts" name="ApiService &gt; file operations &gt; should handle file upload errors" time="0.002253356">
        </testcase>
        <testcase classname="src/services/__tests__/api.test.ts" name="ApiService &gt; health check &gt; should make health check request" time="0.002442942">
        </testcase>
        <testcase classname="src/services/__tests__/api.test.ts" name="ApiService &gt; health check &gt; should handle health check errors" time="0.001919987">
        </testcase>
        <testcase classname="src/services/__tests__/api.test.ts" name="ApiService &gt; base URL management &gt; should update base URL" time="0.002007315">
        </testcase>
        <testcase classname="src/services/__tests__/api.test.ts" name="ApiService &gt; base URL management &gt; should get current base URL" time="0.02302879">
        </testcase>
        <testcase classname="src/services/__tests__/api.test.ts" name="ApiService &gt; error handling &gt; should handle network errors" time="0.003206861">
        </testcase>
        <testcase classname="src/services/__tests__/api.test.ts" name="ApiService &gt; error handling &gt; should handle timeout errors" time="0.003643177">
        </testcase>
        <testcase classname="src/services/__tests__/api.test.ts" name="ApiService &gt; error handling &gt; should handle malformed response data" time="0.001847525">
        </testcase>
        <testcase classname="src/services/__tests__/api.test.ts" name="ApiService &gt; caching behavior &gt; should cache successful GET responses" time="0.002248555">
        </testcase>
        <testcase classname="src/services/__tests__/api.test.ts" name="ApiService &gt; caching behavior &gt; should cache successful paginated responses" time="0.002155898">
        </testcase>
        <testcase classname="src/services/__tests__/api.test.ts" name="ApiService &gt; caching behavior &gt; should use custom cache TTL" time="0.002117088">
        </testcase>
        <testcase classname="src/services/__tests__/api.test.ts" name="ApiService &gt; queue integration &gt; should queue GET requests with priority" time="0.003205637">
        </testcase>
        <testcase classname="src/services/__tests__/api.test.ts" name="ApiService &gt; queue integration &gt; should queue POST requests with default priority" time="0.001897084">
        </testcase>
    </testsuite>
    <testsuite name="src/services/__tests__/authService.test.ts" timestamp="2025-08-22T05:48:54.195Z" hostname="ifedotovNB" tests="46" failures="0" errors="0" skipped="0" time="0.078370789">
        <testcase classname="src/services/__tests__/authService.test.ts" name="AuthService &gt; login &gt; should login successfully and store tokens" time="0.004923135">
        </testcase>
        <testcase classname="src/services/__tests__/authService.test.ts" name="AuthService &gt; login &gt; should login successfully without tokens" time="0.003240302">
        </testcase>
        <testcase classname="src/services/__tests__/authService.test.ts" name="AuthService &gt; login &gt; should handle login failure" time="0.001599714">
        </testcase>
        <testcase classname="src/services/__tests__/authService.test.ts" name="AuthService &gt; login &gt; should handle login error" time="0.002807846">
        </testcase>
        <testcase classname="src/services/__tests__/authService.test.ts" name="AuthService &gt; logout &gt; should logout successfully and clear storage" time="0.001676799">
        </testcase>
        <testcase classname="src/services/__tests__/authService.test.ts" name="AuthService &gt; logout &gt; should clear storage even when logout request fails" time="0.001827785">
        </testcase>
        <testcase classname="src/services/__tests__/authService.test.ts" name="AuthService &gt; refreshToken &gt; should refresh token successfully" time="0.001670606">
        </testcase>
        <testcase classname="src/services/__tests__/authService.test.ts" name="AuthService &gt; refreshToken &gt; should throw error when no refresh token available" time="0.00151007">
        </testcase>
        <testcase classname="src/services/__tests__/authService.test.ts" name="AuthService &gt; refreshToken &gt; should handle refresh failure" time="0.000713367">
        </testcase>
        <testcase classname="src/services/__tests__/authService.test.ts" name="AuthService &gt; getProfile &gt; should get user profile" time="0.000572786">
        </testcase>
        <testcase classname="src/services/__tests__/authService.test.ts" name="AuthService &gt; updateProfile &gt; should update user profile" time="0.000675775">
        </testcase>
        <testcase classname="src/services/__tests__/authService.test.ts" name="AuthService &gt; changePassword &gt; should change password successfully" time="0.000556117">
        </testcase>
        <testcase classname="src/services/__tests__/authService.test.ts" name="AuthService &gt; getCurrentAuthState &gt; should return authenticated state" time="0.002526582">
        </testcase>
        <testcase classname="src/services/__tests__/authService.test.ts" name="AuthService &gt; getCurrentAuthState &gt; should return unauthenticated state" time="0.001024314">
        </testcase>
        <testcase classname="src/services/__tests__/authService.test.ts" name="AuthService &gt; getCurrentAuthState &gt; should handle invalid user JSON" time="0.004640896">
        </testcase>
        <testcase classname="src/services/__tests__/authService.test.ts" name="AuthService &gt; hasPermission &gt; should return true when user has permission" time="0.000652743">
        </testcase>
        <testcase classname="src/services/__tests__/authService.test.ts" name="AuthService &gt; hasPermission &gt; should return false when user does not have permission" time="0.000536342">
        </testcase>
        <testcase classname="src/services/__tests__/authService.test.ts" name="AuthService &gt; hasPermission &gt; should return false when no user is stored" time="0.000349">
        </testcase>
        <testcase classname="src/services/__tests__/authService.test.ts" name="AuthService &gt; hasPermission &gt; should return false when user has no permissions" time="0.000450238">
        </testcase>
        <testcase classname="src/services/__tests__/authService.test.ts" name="AuthService &gt; hasRole &gt; should return true when user has role" time="0.00040561">
        </testcase>
        <testcase classname="src/services/__tests__/authService.test.ts" name="AuthService &gt; hasRole &gt; should return false when user does not have role" time="0.000418987">
        </testcase>
        <testcase classname="src/services/__tests__/authService.test.ts" name="AuthService &gt; hasRole &gt; should return false when no user is stored" time="0.000450332">
        </testcase>
        <testcase classname="src/services/__tests__/authService.test.ts" name="AuthService &gt; hasRole &gt; should return false when user has no roles" time="0.000506316">
        </testcase>
        <testcase classname="src/services/__tests__/authService.test.ts" name="AuthService &gt; isAdmin &gt; should return true when user has admin role" time="0.00054715">
        </testcase>
        <testcase classname="src/services/__tests__/authService.test.ts" name="AuthService &gt; isAdmin &gt; should return true when user has administrator role" time="0.000482505">
        </testcase>
        <testcase classname="src/services/__tests__/authService.test.ts" name="AuthService &gt; isAdmin &gt; should return false when user is not admin" time="0.000466054">
        </testcase>
        <testcase classname="src/services/__tests__/authService.test.ts" name="AuthService &gt; getAuthSource &gt; should return user auth source" time="0.000612426">
        </testcase>
        <testcase classname="src/services/__tests__/authService.test.ts" name="AuthService &gt; getAuthSource &gt; should return null when no user is stored" time="0.00046425">
        </testcase>
        <testcase classname="src/services/__tests__/authService.test.ts" name="AuthService &gt; isTokenExpired &gt; should return true when token is expired" time="0.000702758">
        </testcase>
        <testcase classname="src/services/__tests__/authService.test.ts" name="AuthService &gt; isTokenExpired &gt; should return false when token is valid" time="0.001129811">
        </testcase>
        <testcase classname="src/services/__tests__/authService.test.ts" name="AuthService &gt; isTokenExpired &gt; should return true when no token exists" time="0.000637871">
        </testcase>
        <testcase classname="src/services/__tests__/authService.test.ts" name="AuthService &gt; isTokenExpired &gt; should return true when token is malformed" time="0.001333588">
        </testcase>
        <testcase classname="src/services/__tests__/authService.test.ts" name="AuthService &gt; getTokenExpiration &gt; should return token expiration date" time="0.001383598">
        </testcase>
        <testcase classname="src/services/__tests__/authService.test.ts" name="AuthService &gt; getTokenExpiration &gt; should return null when no token exists" time="0.001484357">
        </testcase>
        <testcase classname="src/services/__tests__/authService.test.ts" name="AuthService &gt; getTokenExpiration &gt; should return null when token is malformed" time="0.001851531">
        </testcase>
        <testcase classname="src/services/__tests__/authService.test.ts" name="AuthService &gt; needsTokenRefresh &gt; should return true when token expires within 5 minutes" time="0.00155244">
        </testcase>
        <testcase classname="src/services/__tests__/authService.test.ts" name="AuthService &gt; needsTokenRefresh &gt; should return false when token has plenty of time left" time="0.001373686">
        </testcase>
        <testcase classname="src/services/__tests__/authService.test.ts" name="AuthService &gt; needsTokenRefresh &gt; should return true when no expiration date available" time="0.001515946">
        </testcase>
        <testcase classname="src/services/__tests__/authService.test.ts" name="AuthService &gt; setupTokenRefresh &gt; should setup automatic token refresh" time="0.001757544">
        </testcase>
        <testcase classname="src/services/__tests__/authService.test.ts" name="AuthService &gt; setupTokenRefresh &gt; should refresh token when needed" time="0.002466728">
        </testcase>
        <testcase classname="src/services/__tests__/authService.test.ts" name="AuthService &gt; setupTokenRefresh &gt; should handle refresh errors" time="0.002146007">
        </testcase>
        <testcase classname="src/services/__tests__/authService.test.ts" name="AuthService &gt; setupTokenRefresh &gt; should not refresh when token does not need refresh" time="0.002090371">
        </testcase>
        <testcase classname="src/services/__tests__/authService.test.ts" name="AuthService &gt; edge cases and error handling &gt; should handle empty user object" time="0.001554554">
        </testcase>
        <testcase classname="src/services/__tests__/authService.test.ts" name="AuthService &gt; edge cases and error handling &gt; should handle malformed JWT tokens gracefully" time="0.011694491">
        </testcase>
        <testcase classname="src/services/__tests__/authService.test.ts" name="AuthService &gt; edge cases and error handling &gt; should handle network errors in async methods" time="0.001614415">
        </testcase>
        <testcase classname="src/services/__tests__/authService.test.ts" name="AuthService &gt; edge cases and error handling &gt; should create new AuthService instance" time="0.0028502">
        </testcase>
    </testsuite>
    <testsuite name="src/services/__tests__/graphService.test.ts" timestamp="2025-08-22T05:48:54.202Z" hostname="ifedotovNB" tests="26" failures="0" errors="0" skipped="0" time="0.028947993">
        <testcase classname="src/services/__tests__/graphService.test.ts" name="GraphService &gt; getTemplates &gt; should fetch Graph query templates with caching" time="0.004117689">
        </testcase>
        <testcase classname="src/services/__tests__/graphService.test.ts" name="GraphService &gt; getTemplates &gt; should handle API errors when fetching templates" time="0.001407951">
        </testcase>
        <testcase classname="src/services/__tests__/graphService.test.ts" name="GraphService &gt; executeQuery &gt; should execute Graph query without parameters" time="0.001302069">
        </testcase>
        <testcase classname="src/services/__tests__/graphService.test.ts" name="GraphService &gt; executeQuery &gt; should execute Graph query with parameters and credential ID" time="0.001022905">
        </testcase>
        <testcase classname="src/services/__tests__/graphService.test.ts" name="GraphService &gt; executeQuery &gt; should handle query execution errors" time="0.000758845">
        </testcase>
        <testcase classname="src/services/__tests__/graphService.test.ts" name="GraphService &gt; executeQuery &gt; should handle failed query execution in response" time="0.000891538">
        </testcase>
        <testcase classname="src/services/__tests__/graphService.test.ts" name="GraphService &gt; executeBatch &gt; should execute multiple Graph queries in batch" time="0.001055182">
        </testcase>
        <testcase classname="src/services/__tests__/graphService.test.ts" name="GraphService &gt; executeBatch &gt; should handle batch execution with mixed success/failure" time="0.000599147">
        </testcase>
        <testcase classname="src/services/__tests__/graphService.test.ts" name="GraphService &gt; executeBatch &gt; should handle empty batch queries" time="0.000941276">
        </testcase>
        <testcase classname="src/services/__tests__/graphService.test.ts" name="GraphService &gt; discoverFields &gt; should discover fields for entity type without credential ID" time="0.000965403">
        </testcase>
        <testcase classname="src/services/__tests__/graphService.test.ts" name="GraphService &gt; discoverFields &gt; should discover fields with credential ID" time="0.000545254">
        </testcase>
        <testcase classname="src/services/__tests__/graphService.test.ts" name="GraphService &gt; discoverFields &gt; should handle field discovery errors" time="0.000580251">
        </testcase>
        <testcase classname="src/services/__tests__/graphService.test.ts" name="GraphService &gt; searchFields &gt; should search fields for entity type" time="0.00067515">
        </testcase>
        <testcase classname="src/services/__tests__/graphService.test.ts" name="GraphService &gt; searchFields &gt; should handle empty search results" time="0.001014969">
        </testcase>
        <testcase classname="src/services/__tests__/graphService.test.ts" name="GraphService &gt; getHistory &gt; should get Graph query execution history with default parameters" time="0.000881785">
        </testcase>
        <testcase classname="src/services/__tests__/graphService.test.ts" name="GraphService &gt; getHistory &gt; should get history with custom pagination" time="0.000728303">
        </testcase>
        <testcase classname="src/services/__tests__/graphService.test.ts" name="GraphService &gt; getExecution &gt; should get specific execution details" time="0.000618544">
        </testcase>
        <testcase classname="src/services/__tests__/graphService.test.ts" name="GraphService &gt; getExecution &gt; should handle execution not found" time="0.000621596">
        </testcase>
        <testcase classname="src/services/__tests__/graphService.test.ts" name="GraphService &gt; getEntityTypes &gt; should return available Graph API entity types" time="0.00050077">
        </testcase>
        <testcase classname="src/services/__tests__/graphService.test.ts" name="GraphService &gt; convertFieldsToAzureFormat &gt; should convert Graph fields to Azure AD format" time="0.001331551">
        </testcase>
        <testcase classname="src/services/__tests__/graphService.test.ts" name="GraphService &gt; convertFieldsToAzureFormat &gt; should handle fields without category" time="0.001274572">
        </testcase>
        <testcase classname="src/services/__tests__/graphService.test.ts" name="GraphService &gt; storeSessionCredentials &gt; should store Azure AD credentials from OAuth flow" time="0.000879632">
        </testcase>
        <testcase classname="src/services/__tests__/graphService.test.ts" name="GraphService &gt; storeSessionCredentials &gt; should handle credential storage errors" time="0.000748573">
        </testcase>
        <testcase classname="src/services/__tests__/graphService.test.ts" name="GraphService &gt; type mapping &gt; should map Graph types to Azure types correctly" time="0.000833645">
        </testcase>
        <testcase classname="src/services/__tests__/graphService.test.ts" name="GraphService &gt; integration scenarios &gt; should handle concurrent field discovery requests" time="0.00062666">
        </testcase>
        <testcase classname="src/services/__tests__/graphService.test.ts" name="GraphService &gt; integration scenarios &gt; should handle API rate limiting gracefully" time="0.000718895">
        </testcase>
    </testsuite>
    <testsuite name="src/services/__tests__/logsService.test.ts" timestamp="2025-08-22T05:48:54.206Z" hostname="ifedotovNB" tests="26" failures="0" errors="0" skipped="0" time="0.067445404">
        <testcase classname="src/services/__tests__/logsService.test.ts" name="LogsService &gt; getLogs &gt; should fetch logs without filters" time="0.004759542">
        </testcase>
        <testcase classname="src/services/__tests__/logsService.test.ts" name="LogsService &gt; getLogs &gt; should fetch logs with all filter parameters" time="0.001178336">
        </testcase>
        <testcase classname="src/services/__tests__/logsService.test.ts" name="LogsService &gt; getLogs &gt; should handle abort signal" time="0.001741166">
        </testcase>
        <testcase classname="src/services/__tests__/logsService.test.ts" name="LogsService &gt; getLogs &gt; should filter out null and undefined values" time="0.00062455">
        </testcase>
        <testcase classname="src/services/__tests__/logsService.test.ts" name="LogsService &gt; getLogs &gt; should handle API errors" time="0.002244113">
        </testcase>
        <testcase classname="src/services/__tests__/logsService.test.ts" name="LogsService &gt; getLogStats &gt; should fetch log statistics with default hours" time="0.001427532">
        </testcase>
        <testcase classname="src/services/__tests__/logsService.test.ts" name="LogsService &gt; getLogStats &gt; should fetch log statistics with custom hours" time="0.001358632">
        </testcase>
        <testcase classname="src/services/__tests__/logsService.test.ts" name="LogsService &gt; getLogStats &gt; should handle API errors for stats" time="0.001116822">
        </testcase>
        <testcase classname="src/services/__tests__/logsService.test.ts" name="LogsService &gt; getRealtimeLogs &gt; should fetch realtime logs" time="0.001673819">
        </testcase>
        <testcase classname="src/services/__tests__/logsService.test.ts" name="LogsService &gt; getRealtimeLogs &gt; should handle empty realtime logs" time="0.001118172">
        </testcase>
        <testcase classname="src/services/__tests__/logsService.test.ts" name="LogsService &gt; getLogDetails &gt; should fetch audit log details" time="0.00107964">
        </testcase>
        <testcase classname="src/services/__tests__/logsService.test.ts" name="LogsService &gt; getLogDetails &gt; should fetch system log details" time="0.005135036">
        </testcase>
        <testcase classname="src/services/__tests__/logsService.test.ts" name="LogsService &gt; getLogDetails &gt; should handle log details API errors" time="0.001546577">
        </testcase>
        <testcase classname="src/services/__tests__/logsService.test.ts" name="LogsService &gt; exportLogs &gt; should export logs in CSV format with default parameters" time="0.003847778">
        </testcase>
        <testcase classname="src/services/__tests__/logsService.test.ts" name="LogsService &gt; exportLogs &gt; should export logs with filters and JSON format" time="0.002206267">
        </testcase>
        <testcase classname="src/services/__tests__/logsService.test.ts" name="LogsService &gt; exportLogs &gt; should handle export API errors" time="0.004219432">
        </testcase>
        <testcase classname="src/services/__tests__/logsService.test.ts" name="LogsService &gt; exportLogs &gt; should use default filename when Content-Disposition header is missing" time="0.010218122">
        </testcase>
        <testcase classname="src/services/__tests__/logsService.test.ts" name="LogsService &gt; utility methods &gt; getLogLevelColor &gt; should return correct colors for different log levels" time="0.001481288">
        </testcase>
        <testcase classname="src/services/__tests__/logsService.test.ts" name="LogsService &gt; utility methods &gt; getEventTypeColor &gt; should return correct colors for different event types" time="0.001690339">
        </testcase>
        <testcase classname="src/services/__tests__/logsService.test.ts" name="LogsService &gt; utility methods &gt; formatLogMessage &gt; should format audit log messages" time="0.006866122">
        </testcase>
        <testcase classname="src/services/__tests__/logsService.test.ts" name="LogsService &gt; utility methods &gt; formatLogMessage &gt; should format audit log messages without resource type" time="0.001332376">
        </testcase>
        <testcase classname="src/services/__tests__/logsService.test.ts" name="LogsService &gt; utility methods &gt; formatLogMessage &gt; should format system log messages" time="0.000984535">
        </testcase>
        <testcase classname="src/services/__tests__/logsService.test.ts" name="LogsService &gt; utility methods &gt; getLogIcon &gt; should return correct icons for audit log event types" time="0.001323262">
        </testcase>
        <testcase classname="src/services/__tests__/logsService.test.ts" name="LogsService &gt; utility methods &gt; getLogIcon &gt; should return correct icons for system log levels" time="0.001242254">
        </testcase>
        <testcase classname="src/services/__tests__/logsService.test.ts" name="LogsService &gt; integration scenarios &gt; should handle concurrent log fetching" time="0.00141794">
        </testcase>
        <testcase classname="src/services/__tests__/logsService.test.ts" name="LogsService &gt; integration scenarios &gt; should handle request cancellation" time="0.002229373">
        </testcase>
    </testsuite>
    <testsuite name="src/services/__tests__/notificationService.test.ts" timestamp="2025-08-22T05:48:54.210Z" hostname="ifedotovNB" tests="23" failures="0" errors="0" skipped="0" time="0.020691565">
        <testcase classname="src/services/__tests__/notificationService.test.ts" name="NotificationService &gt; getUserNotifications &gt; should fetch notifications with default pagination" time="0.004985178">
        </testcase>
        <testcase classname="src/services/__tests__/notificationService.test.ts" name="NotificationService &gt; getUserNotifications &gt; should fetch notifications with custom pagination and filters" time="0.001550462">
        </testcase>
        <testcase classname="src/services/__tests__/notificationService.test.ts" name="NotificationService &gt; getUserNotifications &gt; should handle empty filters correctly" time="0.000756859">
        </testcase>
        <testcase classname="src/services/__tests__/notificationService.test.ts" name="NotificationService &gt; getNotificationStats &gt; should fetch notification statistics" time="0.000629125">
        </testcase>
        <testcase classname="src/services/__tests__/notificationService.test.ts" name="NotificationService &gt; getNotificationById &gt; should fetch a specific notification" time="0.000777675">
        </testcase>
        <testcase classname="src/services/__tests__/notificationService.test.ts" name="NotificationService &gt; createNotification &gt; should create a new notification" time="0.000702836">
        </testcase>
        <testcase classname="src/services/__tests__/notificationService.test.ts" name="NotificationService &gt; updateNotification &gt; should update a notification" time="0.000400463">
        </testcase>
        <testcase classname="src/services/__tests__/notificationService.test.ts" name="NotificationService &gt; deleteNotification &gt; should delete a notification" time="0.000227644">
        </testcase>
        <testcase classname="src/services/__tests__/notificationService.test.ts" name="NotificationService &gt; bulkUpdateNotifications &gt; should perform bulk operations on notifications" time="0.000682928">
        </testcase>
        <testcase classname="src/services/__tests__/notificationService.test.ts" name="NotificationService &gt; bulkUpdateNotifications &gt; should handle bulk operation with errors" time="0.000265867">
        </testcase>
        <testcase classname="src/services/__tests__/notificationService.test.ts" name="NotificationService &gt; convenience methods &gt; should mark notification as read" time="0.000494431">
        </testcase>
        <testcase classname="src/services/__tests__/notificationService.test.ts" name="NotificationService &gt; convenience methods &gt; should mark notification as unread" time="0.000326443">
        </testcase>
        <testcase classname="src/services/__tests__/notificationService.test.ts" name="NotificationService &gt; convenience methods &gt; should dismiss notification" time="0.000337788">
        </testcase>
        <testcase classname="src/services/__tests__/notificationService.test.ts" name="NotificationService &gt; markAllAsRead &gt; should mark all unread notifications as read" time="0.000518346">
        </testcase>
        <testcase classname="src/services/__tests__/notificationService.test.ts" name="NotificationService &gt; markAllAsRead &gt; should handle empty unread notifications" time="0.000551719">
        </testcase>
        <testcase classname="src/services/__tests__/notificationService.test.ts" name="NotificationService &gt; dismissAll &gt; should dismiss all non-dismissed notifications" time="0.000601225">
        </testcase>
        <testcase classname="src/services/__tests__/notificationService.test.ts" name="NotificationService &gt; createSystemNotification &gt; should create a system notification" time="0.000466377">
        </testcase>
        <testcase classname="src/services/__tests__/notificationService.test.ts" name="NotificationService &gt; createSystemNotification &gt; should create system notification with defaults" time="0.000263809">
        </testcase>
        <testcase classname="src/services/__tests__/notificationService.test.ts" name="NotificationService &gt; cleanupExpiredNotifications &gt; should cleanup expired notifications" time="0.000253882">
        </testcase>
        <testcase classname="src/services/__tests__/notificationService.test.ts" name="NotificationService &gt; getUnreadCount &gt; should get unread notifications count" time="0.000305927">
        </testcase>
        <testcase classname="src/services/__tests__/notificationService.test.ts" name="NotificationService &gt; getRecentNotifications &gt; should get recent non-dismissed notifications" time="0.000378867">
        </testcase>
        <testcase classname="src/services/__tests__/notificationService.test.ts" name="NotificationService &gt; error handling &gt; should handle API errors" time="0.00178245">
        </testcase>
        <testcase classname="src/services/__tests__/notificationService.test.ts" name="NotificationService &gt; error handling &gt; should handle malformed responses" time="0.000689417">
        </testcase>
    </testsuite>
    <testsuite name="src/services/__tests__/queryService.test.ts" timestamp="2025-08-22T05:48:54.213Z" hostname="ifedotovNB" tests="38" failures="0" errors="0" skipped="0" time="0.050991589">
        <testcase classname="src/services/__tests__/queryService.test.ts" name="QueryService &gt; execute &gt; should execute a pre-defined query without parameters" time="0.003177056">
        </testcase>
        <testcase classname="src/services/__tests__/queryService.test.ts" name="QueryService &gt; execute &gt; should execute query with parameters and options" time="0.000583385">
        </testcase>
        <testcase classname="src/services/__tests__/queryService.test.ts" name="QueryService &gt; execute &gt; should execute query with inline query definition" time="0.00054743">
        </testcase>
        <testcase classname="src/services/__tests__/queryService.test.ts" name="QueryService &gt; execute &gt; should handle query execution errors" time="0.00612363">
        </testcase>
        <testcase classname="src/services/__tests__/queryService.test.ts" name="QueryService &gt; execute &gt; should handle failed query execution in response" time="0.000791162">
        </testcase>
        <testcase classname="src/services/__tests__/queryService.test.ts" name="QueryService &gt; build &gt; should build and execute dynamic query" time="0.001160405">
        </testcase>
        <testcase classname="src/services/__tests__/queryService.test.ts" name="QueryService &gt; build &gt; should handle dynamic query build errors" time="0.000908908">
        </testcase>
        <testcase classname="src/services/__tests__/queryService.test.ts" name="QueryService &gt; build &gt; should build complex query with joins" time="0.001125824">
        </testcase>
        <testcase classname="src/services/__tests__/queryService.test.ts" name="QueryService &gt; getDefinitions &gt; should fetch query definitions without filters" time="0.001644867">
        </testcase>
        <testcase classname="src/services/__tests__/queryService.test.ts" name="QueryService &gt; getDefinitions &gt; should fetch definitions with filters" time="0.000791845">
        </testcase>
        <testcase classname="src/services/__tests__/queryService.test.ts" name="QueryService &gt; getDefinitions &gt; should handle definition fetch errors" time="0.000517527">
        </testcase>
        <testcase classname="src/services/__tests__/queryService.test.ts" name="QueryService &gt; getSchema &gt; should fetch schema from API when not cached" time="0.001184093">
        </testcase>
        <testcase classname="src/services/__tests__/queryService.test.ts" name="QueryService &gt; getSchema &gt; should return cached schema when available" time="0.003451576">
            <system-out>
Using cached schema for ad

            </system-out>
        </testcase>
        <testcase classname="src/services/__tests__/queryService.test.ts" name="QueryService &gt; getSchema &gt; should handle schema fetch errors" time="0.000678889">
        </testcase>
        <testcase classname="src/services/__tests__/queryService.test.ts" name="QueryService &gt; getSchema &gt; should not cache failed schema requests" time="0.000495557">
        </testcase>
        <testcase classname="src/services/__tests__/queryService.test.ts" name="QueryService &gt; validate &gt; should validate query definition without parameters" time="0.000667552">
        </testcase>
        <testcase classname="src/services/__tests__/queryService.test.ts" name="QueryService &gt; validate &gt; should validate query with parameters" time="0.001072363">
        </testcase>
        <testcase classname="src/services/__tests__/queryService.test.ts" name="QueryService &gt; validate &gt; should handle validation with errors" time="0.000615752">
        </testcase>
        <testcase classname="src/services/__tests__/queryService.test.ts" name="QueryService &gt; getHealth &gt; should fetch query service health status" time="0.000626692">
        </testcase>
        <testcase classname="src/services/__tests__/queryService.test.ts" name="QueryService &gt; getHealth &gt; should handle unhealthy service status" time="0.000471129">
        </testcase>
        <testcase classname="src/services/__tests__/queryService.test.ts" name="QueryService &gt; getStats &gt; should get statistics for all queries" time="0.000619629">
        </testcase>
        <testcase classname="src/services/__tests__/queryService.test.ts" name="QueryService &gt; getStats &gt; should get statistics for specific query" time="0.000512561">
        </testcase>
        <testcase classname="src/services/__tests__/queryService.test.ts" name="QueryService &gt; getMetrics &gt; should fetch service-wide metrics" time="0.000608611">
        </testcase>
        <testcase classname="src/services/__tests__/queryService.test.ts" name="QueryService &gt; getMetrics &gt; should handle metrics fetch errors" time="0.000880611">
        </testcase>
        <testcase classname="src/services/__tests__/queryService.test.ts" name="QueryService &gt; cache operations &gt; getCached &gt; should get cached results for query" time="0.000753246">
        </testcase>
        <testcase classname="src/services/__tests__/queryService.test.ts" name="QueryService &gt; cache operations &gt; getCached &gt; should handle cache miss" time="0.000502316">
        </testcase>
        <testcase classname="src/services/__tests__/queryService.test.ts" name="QueryService &gt; cache operations &gt; clearCache &gt; should clear cache for specific query" time="0.000828075">
        </testcase>
        <testcase classname="src/services/__tests__/queryService.test.ts" name="QueryService &gt; cache operations &gt; clearCache &gt; should clear all cache entries" time="0.000664027">
        </testcase>
        <testcase classname="src/services/__tests__/queryService.test.ts" name="QueryService &gt; cache operations &gt; clearCache &gt; should handle cache clear errors" time="0.000687982">
        </testcase>
        <testcase classname="src/services/__tests__/queryService.test.ts" name="QueryService &gt; Graph API methods &gt; executeGraphQuery &gt; should execute Graph query with options" time="0.000758339">
        </testcase>
        <testcase classname="src/services/__tests__/queryService.test.ts" name="QueryService &gt; Graph API methods &gt; executeGraphQuery &gt; should execute Graph query without options" time="0.002714768">
        </testcase>
        <testcase classname="src/services/__tests__/queryService.test.ts" name="QueryService &gt; Graph API methods &gt; getGraphDefinitions &gt; should get Graph query definitions" time="0.00615182">
        </testcase>
        <testcase classname="src/services/__tests__/queryService.test.ts" name="QueryService &gt; Graph API methods &gt; getGraphDefinitions &gt; should get filtered Graph definitions" time="0.000535826">
        </testcase>
        <testcase classname="src/services/__tests__/queryService.test.ts" name="QueryService &gt; Graph API methods &gt; getGraphHistory &gt; should get Graph execution history with pagination" time="0.001075135">
        </testcase>
        <testcase classname="src/services/__tests__/queryService.test.ts" name="QueryService &gt; Graph API methods &gt; executeGraphBatch &gt; should execute multiple Graph queries in batch" time="0.001051178">
        </testcase>
        <testcase classname="src/services/__tests__/queryService.test.ts" name="QueryService &gt; Graph API methods &gt; executeGraphBatch &gt; should handle batch execution with failures" time="0.000625083">
        </testcase>
        <testcase classname="src/services/__tests__/queryService.test.ts" name="QueryService &gt; integration scenarios &gt; should handle concurrent query executions" time="0.000671443">
        </testcase>
        <testcase classname="src/services/__tests__/queryService.test.ts" name="QueryService &gt; integration scenarios &gt; should handle schema caching across multiple requests" time="0.001821293">
            <system-out>
Using cached schema for postgres

            </system-out>
        </testcase>
    </testsuite>
    <testsuite name="src/services/__tests__/reportsService.query.test.ts" timestamp="2025-08-22T05:48:54.219Z" hostname="ifedotovNB" tests="9" failures="1" errors="0" skipped="0" time="0.05236321">
        <testcase classname="src/services/__tests__/reportsService.query.test.ts" name="ReportsService - Query Service Integration &gt; executeReport &gt; should execute report using new query service" time="0.010882871">
        </testcase>
        <testcase classname="src/services/__tests__/reportsService.query.test.ts" name="ReportsService - Query Service Integration &gt; executeReport &gt; should handle query execution errors" time="0.000752581">
        </testcase>
        <testcase classname="src/services/__tests__/reportsService.query.test.ts" name="ReportsService - Query Service Integration &gt; executeReport &gt; should handle empty result data" time="0.004547712">
        </testcase>
        <testcase classname="src/services/__tests__/reportsService.query.test.ts" name="ReportsService - Query Service Integration &gt; getReportTemplates &gt; should fetch and map query definitions to report templates" time="0.001631719">
        </testcase>
        <testcase classname="src/services/__tests__/reportsService.query.test.ts" name="ReportsService - Query Service Integration &gt; getReportTemplates &gt; should map data sources to categories correctly" time="0.000967955">
        </testcase>
        <testcase classname="src/services/__tests__/reportsService.query.test.ts" name="ReportsService - Query Service Integration &gt; testCustomQuery &gt; should validate and execute test query" time="0.005356353">
        </testcase>
        <testcase classname="src/services/__tests__/reportsService.query.test.ts" name="ReportsService - Query Service Integration &gt; testCustomQuery &gt; should handle validation failure" time="0.025398321">
            <failure message="expected { Object (success, data, ...) } to deeply equal { success: false, …(1) }" type="AssertionError">
AssertionError: expected { Object (success, data, ...) } to deeply equal { success: false, …(1) }

- Expected
+ Received

  {
-   &quot;error&quot;: &quot;Query must have at least one field selected&quot;,
+   &quot;data&quot;: {
+     &quot;executionTime&quot;: 0,
+     &quot;isTestRun&quot;: true,
+     &quot;rowCount&quot;: 0,
+     &quot;source&quot;: &quot;ad&quot;,
+     &quot;testData&quot;: [],
+   },
+   &quot;error&quot;: {
+     &quot;code&quot;: &quot;PREVIEW_ERROR&quot;,
+     &quot;message&quot;: &quot;Query must have at least one field selected&quot;,
+     &quot;timestamp&quot;: &quot;2025-08-22T05:48:35.147Z&quot;,
+   },
    &quot;success&quot;: false,
  }

 ❯ src/services/__tests__/reportsService.query.test.ts:358:22
            </failure>
        </testcase>
        <testcase classname="src/services/__tests__/reportsService.query.test.ts" name="ReportsService - Query Service Integration &gt; Query Health &amp; Metrics &gt; should get query health status" time="0.000396156">
        </testcase>
        <testcase classname="src/services/__tests__/reportsService.query.test.ts" name="ReportsService - Query Service Integration &gt; Query Health &amp; Metrics &gt; should clear query cache" time="0.00048755">
        </testcase>
    </testsuite>
    <testsuite name="src/store/slices/authSlice.test.ts" timestamp="2025-08-22T05:48:54.221Z" hostname="ifedotovNB" tests="21" failures="0" errors="0" skipped="0" time="0.040171908">
        <testcase classname="src/store/slices/authSlice.test.ts" name="authSlice &gt; initial state &gt; should have correct initial state" time="0.006578853">
        </testcase>
        <testcase classname="src/store/slices/authSlice.test.ts" name="authSlice &gt; synchronous actions &gt; should handle initializeAuth from localStorage" time="0.002062177">
        </testcase>
        <testcase classname="src/store/slices/authSlice.test.ts" name="authSlice &gt; synchronous actions &gt; should handle clearAuth" time="0.001606582">
        </testcase>
        <testcase classname="src/store/slices/authSlice.test.ts" name="authSlice &gt; synchronous actions &gt; should handle setError" time="0.001269259">
        </testcase>
        <testcase classname="src/store/slices/authSlice.test.ts" name="authSlice &gt; synchronous actions &gt; should handle clearError" time="0.001330069">
        </testcase>
        <testcase classname="src/store/slices/authSlice.test.ts" name="authSlice &gt; synchronous actions &gt; should handle updateUser" time="0.002518923">
        </testcase>
        <testcase classname="src/store/slices/authSlice.test.ts" name="authSlice &gt; selectors &gt; should select auth state" time="0.001226551">
        </testcase>
        <testcase classname="src/store/slices/authSlice.test.ts" name="authSlice &gt; selectors &gt; should select user" time="0.001283146">
        </testcase>
        <testcase classname="src/store/slices/authSlice.test.ts" name="authSlice &gt; selectors &gt; should select isAuthenticated" time="0.001112722">
        </testcase>
        <testcase classname="src/store/slices/authSlice.test.ts" name="authSlice &gt; selectors &gt; should select loading state" time="0.000778968">
        </testcase>
        <testcase classname="src/store/slices/authSlice.test.ts" name="authSlice &gt; selectors &gt; should select error" time="0.000904256">
        </testcase>
        <testcase classname="src/store/slices/authSlice.test.ts" name="authSlice &gt; selectors &gt; should select user permissions" time="0.002373056">
        </testcase>
        <testcase classname="src/store/slices/authSlice.test.ts" name="authSlice &gt; selectors &gt; should select user roles" time="0.000718447">
        </testcase>
        <testcase classname="src/store/slices/authSlice.test.ts" name="authSlice &gt; selectors &gt; should identify admin user" time="0.000393078">
        </testcase>
        <testcase classname="src/store/slices/authSlice.test.ts" name="authSlice &gt; selectors &gt; should identify non-admin user" time="0.001047909">
        </testcase>
        <testcase classname="src/store/slices/authSlice.test.ts" name="authSlice &gt; async actions (integration) &gt; should handle loginAsync pending state" time="0.000922406">
        </testcase>
        <testcase classname="src/store/slices/authSlice.test.ts" name="authSlice &gt; async actions (integration) &gt; should handle loginAsync fulfilled state" time="0.000922133">
        </testcase>
        <testcase classname="src/store/slices/authSlice.test.ts" name="authSlice &gt; async actions (integration) &gt; should handle loginAsync rejected state" time="0.007291375">
        </testcase>
        <testcase classname="src/store/slices/authSlice.test.ts" name="authSlice &gt; async actions (integration) &gt; should handle logoutAsync fulfilled state" time="0.001025538">
        </testcase>
        <testcase classname="src/store/slices/authSlice.test.ts" name="authSlice &gt; async actions (integration) &gt; should handle refreshTokenAsync fulfilled state" time="0.000644872">
        </testcase>
        <testcase classname="src/store/slices/authSlice.test.ts" name="authSlice &gt; async actions (integration) &gt; should handle getProfileAsync fulfilled state" time="0.001554349">
        </testcase>
    </testsuite>
    <testsuite name="src/store/slices/reportsSlice.test.ts" timestamp="2025-08-22T05:48:54.224Z" hostname="ifedotovNB" tests="22" failures="0" errors="0" skipped="0" time="0.02573527">
        <testcase classname="src/store/slices/reportsSlice.test.ts" name="reportsSlice &gt; initial state &gt; should have correct initial state" time="0.002231671">
        </testcase>
        <testcase classname="src/store/slices/reportsSlice.test.ts" name="reportsSlice &gt; synchronous actions &gt; should handle clearCurrentResult" time="0.001995679">
        </testcase>
        <testcase classname="src/store/slices/reportsSlice.test.ts" name="reportsSlice &gt; synchronous actions &gt; should handle setExecutionError" time="0.000637345">
        </testcase>
        <testcase classname="src/store/slices/reportsSlice.test.ts" name="reportsSlice &gt; synchronous actions &gt; should handle clearFilters" time="0.000732274">
        </testcase>
        <testcase classname="src/store/slices/reportsSlice.test.ts" name="reportsSlice &gt; synchronous actions &gt; should handle setFilters" time="0.000541616">
        </testcase>
        <testcase classname="src/store/slices/reportsSlice.test.ts" name="reportsSlice &gt; synchronous actions &gt; should handle updateReportBuilder" time="0.000702212">
        </testcase>
        <testcase classname="src/store/slices/reportsSlice.test.ts" name="reportsSlice &gt; synchronous actions &gt; should handle resetReportBuilder" time="0.00070654">
        </testcase>
        <testcase classname="src/store/slices/reportsSlice.test.ts" name="reportsSlice &gt; async actions - templates &gt; should handle fetchReportTemplatesAsync pending" time="0.000571767">
        </testcase>
        <testcase classname="src/store/slices/reportsSlice.test.ts" name="reportsSlice &gt; async actions - templates &gt; should handle fetchReportTemplatesAsync fulfilled" time="0.000971086">
        </testcase>
        <testcase classname="src/store/slices/reportsSlice.test.ts" name="reportsSlice &gt; async actions - templates &gt; should handle fetchReportTemplatesAsync rejected" time="0.005983273">
        </testcase>
        <testcase classname="src/store/slices/reportsSlice.test.ts" name="reportsSlice &gt; async actions - fields &gt; should handle fetchAvailableFieldsAsync pending" time="0.000824381">
        </testcase>
        <testcase classname="src/store/slices/reportsSlice.test.ts" name="reportsSlice &gt; async actions - fields &gt; should handle fetchAvailableFieldsAsync fulfilled" time="0.000775392">
        </testcase>
        <testcase classname="src/store/slices/reportsSlice.test.ts" name="reportsSlice &gt; async actions - execution &gt; should handle executeReportAsync pending" time="0.000633552">
        </testcase>
        <testcase classname="src/store/slices/reportsSlice.test.ts" name="reportsSlice &gt; async actions - execution &gt; should handle executeReportAsync fulfilled" time="0.000873226">
        </testcase>
        <testcase classname="src/store/slices/reportsSlice.test.ts" name="reportsSlice &gt; async actions - execution &gt; should handle executeReportAsync rejected" time="0.00097919">
        </testcase>
        <testcase classname="src/store/slices/reportsSlice.test.ts" name="reportsSlice &gt; selectors &gt; should select reports state" time="0.000627311">
        </testcase>
        <testcase classname="src/store/slices/reportsSlice.test.ts" name="reportsSlice &gt; selectors &gt; should select templates" time="0.000578504">
        </testcase>
        <testcase classname="src/store/slices/reportsSlice.test.ts" name="reportsSlice &gt; selectors &gt; should select custom reports" time="0.000611506">
        </testcase>
        <testcase classname="src/store/slices/reportsSlice.test.ts" name="reportsSlice &gt; selectors &gt; should select current result" time="0.000696799">
        </testcase>
        <testcase classname="src/store/slices/reportsSlice.test.ts" name="reportsSlice &gt; selectors &gt; should select available fields" time="0.000666654">
        </testcase>
        <testcase classname="src/store/slices/reportsSlice.test.ts" name="reportsSlice &gt; selectors &gt; should select report history" time="0.00065727">
        </testcase>
        <testcase classname="src/store/slices/reportsSlice.test.ts" name="reportsSlice &gt; selectors &gt; should select loading states" time="0.000662257">
        </testcase>
    </testsuite>
    <testsuite name="src/store/slices/uiSlice.test.ts" timestamp="2025-08-22T05:48:54.227Z" hostname="ifedotovNB" tests="28" failures="0" errors="0" skipped="0" time="0.041729415">
        <testcase classname="src/store/slices/uiSlice.test.ts" name="uiSlice &gt; initial state &gt; should have correct initial state" time="0.007730866">
        </testcase>
        <testcase classname="src/store/slices/uiSlice.test.ts" name="uiSlice &gt; sidebar actions &gt; should toggle sidebar collapsed state" time="0.002840412">
        </testcase>
        <testcase classname="src/store/slices/uiSlice.test.ts" name="uiSlice &gt; sidebar actions &gt; should set sidebar collapsed state" time="0.001291806">
        </testcase>
        <testcase classname="src/store/slices/uiSlice.test.ts" name="uiSlice &gt; sidebar actions &gt; should set sidebar visibility" time="0.000936349">
        </testcase>
        <testcase classname="src/store/slices/uiSlice.test.ts" name="uiSlice &gt; modal actions &gt; should open specific modal" time="0.001124361">
        </testcase>
        <testcase classname="src/store/slices/uiSlice.test.ts" name="uiSlice &gt; modal actions &gt; should close specific modal" time="0.001016948">
        </testcase>
        <testcase classname="src/store/slices/uiSlice.test.ts" name="uiSlice &gt; modal actions &gt; should close all modals" time="0.001159595">
        </testcase>
        <testcase classname="src/store/slices/uiSlice.test.ts" name="uiSlice &gt; loading actions &gt; should set global loading with message" time="0.000597321">
        </testcase>
        <testcase classname="src/store/slices/uiSlice.test.ts" name="uiSlice &gt; loading actions &gt; should clear global loading" time="0.001036465">
        </testcase>
        <testcase classname="src/store/slices/uiSlice.test.ts" name="uiSlice &gt; notification actions &gt; should add notification with timestamp" time="0.003194953">
        </testcase>
        <testcase classname="src/store/slices/uiSlice.test.ts" name="uiSlice &gt; notification actions &gt; should remove notification by id" time="0.001070286">
        </testcase>
        <testcase classname="src/store/slices/uiSlice.test.ts" name="uiSlice &gt; notification actions &gt; should clear all notifications" time="0.001043332">
        </testcase>
        <testcase classname="src/store/slices/uiSlice.test.ts" name="uiSlice &gt; navigation actions &gt; should set breadcrumbs" time="0.000441588">
        </testcase>
        <testcase classname="src/store/slices/uiSlice.test.ts" name="uiSlice &gt; navigation actions &gt; should set current page" time="0.001752867">
        </testcase>
        <testcase classname="src/store/slices/uiSlice.test.ts" name="uiSlice &gt; table state actions &gt; should update table state" time="0.00057625">
        </testcase>
        <testcase classname="src/store/slices/uiSlice.test.ts" name="uiSlice &gt; table state actions &gt; should update partial table state" time="0.00054145">
        </testcase>
        <testcase classname="src/store/slices/uiSlice.test.ts" name="uiSlice &gt; theme actions &gt; should set theme" time="0.000441133">
        </testcase>
        <testcase classname="src/store/slices/uiSlice.test.ts" name="uiSlice &gt; theme actions &gt; should toggle dark mode" time="0.000619795">
        </testcase>
        <testcase classname="src/store/slices/uiSlice.test.ts" name="uiSlice &gt; confirm dialog actions &gt; should show confirm dialog" time="0.000434241">
        </testcase>
        <testcase classname="src/store/slices/uiSlice.test.ts" name="uiSlice &gt; confirm dialog actions &gt; should hide confirm dialog" time="0.000350059">
        </testcase>
        <testcase classname="src/store/slices/uiSlice.test.ts" name="uiSlice &gt; selectors &gt; should select UI state" time="0.00070635">
        </testcase>
        <testcase classname="src/store/slices/uiSlice.test.ts" name="uiSlice &gt; selectors &gt; should select theme" time="0.000610261">
        </testcase>
        <testcase classname="src/store/slices/uiSlice.test.ts" name="uiSlice &gt; selectors &gt; should select sidebar state" time="0.00104765">
        </testcase>
        <testcase classname="src/store/slices/uiSlice.test.ts" name="uiSlice &gt; selectors &gt; should select global loading state" time="0.000736434">
        </testcase>
        <testcase classname="src/store/slices/uiSlice.test.ts" name="uiSlice &gt; selectors &gt; should select notifications" time="0.000565233">
        </testcase>
        <testcase classname="src/store/slices/uiSlice.test.ts" name="uiSlice &gt; selectors &gt; should select breadcrumbs" time="0.000498642">
        </testcase>
        <testcase classname="src/store/slices/uiSlice.test.ts" name="uiSlice &gt; selectors &gt; should select table state" time="0.000524164">
        </testcase>
        <testcase classname="src/store/slices/uiSlice.test.ts" name="uiSlice &gt; selectors &gt; should return default table state when not found" time="0.005738999">
        </testcase>
    </testsuite>
    <testsuite name="src/test-scenarios/__tests__/edge-cases.test.tsx" timestamp="2025-08-22T05:48:54.231Z" hostname="ifedotovNB" tests="26" failures="20" errors="0" skipped="0" time="1.066229406">
        <testcase classname="src/test-scenarios/__tests__/edge-cases.test.tsx" name="Edge Cases and Boundary Conditions &gt; Rapid Successive Errors &gt; handles rapid error boundary triggers without memory leaks" time="0.23633489">
            <failure message="expected 3 to be 1 // Object.is equality" type="AssertionError">
AssertionError: expected 3 to be 1 // Object.is equality

- Expected
+ Received

- 1
+ 3

 ❯ src/test-scenarios/__tests__/edge-cases.test.tsx:155:27
            </failure>
        </testcase>
        <testcase classname="src/test-scenarios/__tests__/edge-cases.test.tsx" name="Edge Cases and Boundary Conditions &gt; Rapid Successive Errors &gt; handles rapid retry attempts with debouncing" time="0.128908623">
        </testcase>
        <testcase classname="src/test-scenarios/__tests__/edge-cases.test.tsx" name="Edge Cases and Boundary Conditions &gt; Rapid Successive Errors &gt; handles rapid state changes without race conditions" time="0.008450728">
            <failure message="could not find react-redux context value; please ensure the component is wrapped in a &lt;Provider&gt;" type="Error">
Error: could not find react-redux context value; please ensure the component is wrapped in a &lt;Provider&gt;
 ❯ useReduxContext node_modules/react-redux/src/hooks/useReduxContext.ts:17:13
 ❯ useStore node_modules/react-redux/src/hooks/useStore.ts:97:23
 ❯ useDispatch2 node_modules/react-redux/src/hooks/useDispatch.ts:72:19
 ❯ useAppDispatch src/store/index.ts:46:37
 ❯ useErrorHandler src/hooks/useErrorHandler.ts:11:20
 ❯ src/test-scenarios/__tests__/edge-cases.test.tsx:196:43
 ❯ TestComponent node_modules/@testing-library/react/dist/pure.js:331:27
 ❯ Object.react_stack_bottom_frame node_modules/react-dom/cjs/react-dom-client.development.js:23863:20
 ❯ renderWithHooks node_modules/react-dom/cjs/react-dom-client.development.js:5529:22
 ❯ updateFunctionComponent node_modules/react-dom/cjs/react-dom-client.development.js:8897:19
            </failure>
        </testcase>
        <testcase classname="src/test-scenarios/__tests__/edge-cases.test.tsx" name="Edge Cases and Boundary Conditions &gt; Rapid Successive Errors &gt; prevents error state corruption from rapid errors" time="0.076645886">
            <failure message="expected 3 to be 1 // Object.is equality" type="AssertionError">
AssertionError: expected 3 to be 1 // Object.is equality

- Expected
+ Received

- 1
+ 3

 ❯ src/test-scenarios/__tests__/edge-cases.test.tsx:232:26
            </failure>
        </testcase>
        <testcase classname="src/test-scenarios/__tests__/edge-cases.test.tsx" name="Edge Cases and Boundary Conditions &gt; Component Unmounting During Operations &gt; handles component unmount during retry operation" time="0.081904763">
        </testcase>
        <testcase classname="src/test-scenarios/__tests__/edge-cases.test.tsx" name="Edge Cases and Boundary Conditions &gt; Component Unmounting During Operations &gt; cleans up timers on component unmount" time="0.078787112">
        </testcase>
        <testcase classname="src/test-scenarios/__tests__/edge-cases.test.tsx" name="Edge Cases and Boundary Conditions &gt; Component Unmounting During Operations &gt; handles useErrorHandler cleanup on unmount" time="0.005861121">
            <failure message="could not find react-redux context value; please ensure the component is wrapped in a &lt;Provider&gt;" type="Error">
Error: could not find react-redux context value; please ensure the component is wrapped in a &lt;Provider&gt;
 ❯ useReduxContext node_modules/react-redux/src/hooks/useReduxContext.ts:17:13
 ❯ useStore node_modules/react-redux/src/hooks/useStore.ts:97:23
 ❯ useDispatch2 node_modules/react-redux/src/hooks/useDispatch.ts:72:19
 ❯ useAppDispatch src/store/index.ts:46:37
 ❯ useErrorHandler src/hooks/useErrorHandler.ts:11:20
 ❯ src/test-scenarios/__tests__/edge-cases.test.tsx:299:52
 ❯ TestComponent node_modules/@testing-library/react/dist/pure.js:331:27
 ❯ Object.react_stack_bottom_frame node_modules/react-dom/cjs/react-dom-client.development.js:23863:20
 ❯ renderWithHooks node_modules/react-dom/cjs/react-dom-client.development.js:5529:22
 ❯ updateFunctionComponent node_modules/react-dom/cjs/react-dom-client.development.js:8897:19
            </failure>
        </testcase>
        <testcase classname="src/test-scenarios/__tests__/edge-cases.test.tsx" name="Edge Cases and Boundary Conditions &gt; Component Unmounting During Operations &gt; handles error boundary unmount during error display" time="0.069946761">
        </testcase>
        <testcase classname="src/test-scenarios/__tests__/edge-cases.test.tsx" name="Edge Cases and Boundary Conditions &gt; Network Errors During Retry &gt; handles network failure during retry attempt" time="0.10231113">
        </testcase>
        <testcase classname="src/test-scenarios/__tests__/edge-cases.test.tsx" name="Edge Cases and Boundary Conditions &gt; Network Errors During Retry &gt; handles intermittent network connectivity" time="0.007094532">
            <failure message="could not find react-redux context value; please ensure the component is wrapped in a &lt;Provider&gt;" type="Error">
Error: could not find react-redux context value; please ensure the component is wrapped in a &lt;Provider&gt;
 ❯ useReduxContext node_modules/react-redux/src/hooks/useReduxContext.ts:17:13
 ❯ useStore node_modules/react-redux/src/hooks/useStore.ts:97:23
 ❯ useDispatch2 node_modules/react-redux/src/hooks/useDispatch.ts:72:19
 ❯ useAppDispatch src/store/index.ts:46:37
 ❯ useErrorHandler src/hooks/useErrorHandler.ts:11:20
 ❯ src/test-scenarios/__tests__/edge-cases.test.tsx:378:43
 ❯ TestComponent node_modules/@testing-library/react/dist/pure.js:331:27
 ❯ Object.react_stack_bottom_frame node_modules/react-dom/cjs/react-dom-client.development.js:23863:20
 ❯ renderWithHooks node_modules/react-dom/cjs/react-dom-client.development.js:5529:22
 ❯ updateFunctionComponent node_modules/react-dom/cjs/react-dom-client.development.js:8897:19
            </failure>
        </testcase>
        <testcase classname="src/test-scenarios/__tests__/edge-cases.test.tsx" name="Edge Cases and Boundary Conditions &gt; Network Errors During Retry &gt; handles DNS resolution failures during retry" time="0.003051026">
            <failure message="could not find react-redux context value; please ensure the component is wrapped in a &lt;Provider&gt;" type="Error">
Error: could not find react-redux context value; please ensure the component is wrapped in a &lt;Provider&gt;
 ❯ useReduxContext node_modules/react-redux/src/hooks/useReduxContext.ts:17:13
 ❯ useStore node_modules/react-redux/src/hooks/useStore.ts:97:23
 ❯ useDispatch2 node_modules/react-redux/src/hooks/useDispatch.ts:72:19
 ❯ useAppDispatch src/store/index.ts:46:37
 ❯ useErrorHandler src/hooks/useErrorHandler.ts:11:20
 ❯ src/test-scenarios/__tests__/edge-cases.test.tsx:410:43
 ❯ TestComponent node_modules/@testing-library/react/dist/pure.js:331:27
 ❯ Object.react_stack_bottom_frame node_modules/react-dom/cjs/react-dom-client.development.js:23863:20
 ❯ renderWithHooks node_modules/react-dom/cjs/react-dom-client.development.js:5529:22
 ❯ updateFunctionComponent node_modules/react-dom/cjs/react-dom-client.development.js:8897:19
            </failure>
        </testcase>
        <testcase classname="src/test-scenarios/__tests__/edge-cases.test.tsx" name="Edge Cases and Boundary Conditions &gt; Network Errors During Retry &gt; handles proxy/firewall errors during retry" time="0.003052709">
            <failure message="could not find react-redux context value; please ensure the component is wrapped in a &lt;Provider&gt;" type="Error">
Error: could not find react-redux context value; please ensure the component is wrapped in a &lt;Provider&gt;
 ❯ useReduxContext node_modules/react-redux/src/hooks/useReduxContext.ts:17:13
 ❯ useStore node_modules/react-redux/src/hooks/useStore.ts:97:23
 ❯ useDispatch2 node_modules/react-redux/src/hooks/useDispatch.ts:72:19
 ❯ useAppDispatch src/store/index.ts:46:37
 ❯ useErrorHandler src/hooks/useErrorHandler.ts:11:20
 ❯ src/test-scenarios/__tests__/edge-cases.test.tsx:441:43
 ❯ TestComponent node_modules/@testing-library/react/dist/pure.js:331:27
 ❯ Object.react_stack_bottom_frame node_modules/react-dom/cjs/react-dom-client.development.js:23863:20
 ❯ renderWithHooks node_modules/react-dom/cjs/react-dom-client.development.js:5529:22
 ❯ updateFunctionComponent node_modules/react-dom/cjs/react-dom-client.development.js:8897:19
            </failure>
        </testcase>
        <testcase classname="src/test-scenarios/__tests__/edge-cases.test.tsx" name="Edge Cases and Boundary Conditions &gt; Memory and Performance Edge Cases &gt; handles large error objects without memory leaks" time="0.069173642">
        </testcase>
        <testcase classname="src/test-scenarios/__tests__/edge-cases.test.tsx" name="Edge Cases and Boundary Conditions &gt; Memory and Performance Edge Cases &gt; handles high-frequency error events" time="0.003522495">
            <failure message="could not find react-redux context value; please ensure the component is wrapped in a &lt;Provider&gt;" type="Error">
Error: could not find react-redux context value; please ensure the component is wrapped in a &lt;Provider&gt;
 ❯ useReduxContext node_modules/react-redux/src/hooks/useReduxContext.ts:17:13
 ❯ useStore node_modules/react-redux/src/hooks/useStore.ts:97:23
 ❯ useDispatch2 node_modules/react-redux/src/hooks/useDispatch.ts:72:19
 ❯ useAppDispatch src/store/index.ts:46:37
 ❯ useErrorHandler src/hooks/useErrorHandler.ts:11:20
 ❯ src/test-scenarios/__tests__/edge-cases.test.tsx:490:43
 ❯ TestComponent node_modules/@testing-library/react/dist/pure.js:331:27
 ❯ Object.react_stack_bottom_frame node_modules/react-dom/cjs/react-dom-client.development.js:23863:20
 ❯ renderWithHooks node_modules/react-dom/cjs/react-dom-client.development.js:5529:22
 ❯ updateFunctionComponent node_modules/react-dom/cjs/react-dom-client.development.js:8897:19
            </failure>
        </testcase>
        <testcase classname="src/test-scenarios/__tests__/edge-cases.test.tsx" name="Edge Cases and Boundary Conditions &gt; Memory and Performance Edge Cases &gt; handles memory pressure during error recovery" time="0.002887056">
            <failure message="could not find react-redux context value; please ensure the component is wrapped in a &lt;Provider&gt;" type="Error">
Error: could not find react-redux context value; please ensure the component is wrapped in a &lt;Provider&gt;
 ❯ useReduxContext node_modules/react-redux/src/hooks/useReduxContext.ts:17:13
 ❯ useStore node_modules/react-redux/src/hooks/useStore.ts:97:23
 ❯ useDispatch2 node_modules/react-redux/src/hooks/useDispatch.ts:72:19
 ❯ useAppDispatch src/store/index.ts:46:37
 ❯ useErrorHandler src/hooks/useErrorHandler.ts:11:20
 ❯ src/test-scenarios/__tests__/edge-cases.test.tsx:523:43
 ❯ TestComponent node_modules/@testing-library/react/dist/pure.js:331:27
 ❯ Object.react_stack_bottom_frame node_modules/react-dom/cjs/react-dom-client.development.js:23863:20
 ❯ renderWithHooks node_modules/react-dom/cjs/react-dom-client.development.js:5529:22
 ❯ updateFunctionComponent node_modules/react-dom/cjs/react-dom-client.development.js:8897:19
            </failure>
        </testcase>
        <testcase classname="src/test-scenarios/__tests__/edge-cases.test.tsx" name="Edge Cases and Boundary Conditions &gt; Memory and Performance Edge Cases &gt; handles concurrent error boundaries without interference" time="0.145818414">
            <failure message="Unable to find an element with the text: Unexpected Error. This could be because the text is broken up by multiple elements. In this case, you can provide a function for your text matcher to make your matcher more flexible.

Ignored nodes: comments, script, style
[36m&lt;body&gt;[39m
  [36m&lt;div&gt;[39m
    [36m&lt;div&gt;[39m
      [36m&lt;div[39m
        [33mstyle[39m=[32m&quot;min-height: 400px; background: rgb(245, 245, 245); display: flex; align-items: center; justify-content: center; padding: 32px; border-radius: 8px;&quot;[39m
      [36m&gt;[39m
        [36m&lt;div[39m
          [33mstyle[39m=[32m&quot;max-width: 600px; width: 100%; text-align: center; background: rgba(255, 255, 255, 0.9); border-radius: 16px; padding: 32px; border: 1px solid rgb(229, 231, 235); box-shadow: 0 4px 6px rgba(0, 0, 0, 0.1);&quot;[39m
        [36m&gt;[39m
          [36m&lt;svg[39m
            [33maria-hidden[39m=[32m&quot;true&quot;[39m
            [33mclass[39m=[32m&quot;lucide lucide-circle-alert&quot;[39m
            [33mfill[39m=[32m&quot;none&quot;[39m
            [33mheight[39m=[32m&quot;48&quot;[39m
            [33mstroke[39m=[32m&quot;currentColor&quot;[39m
            [33mstroke-linecap[39m=[32m&quot;round&quot;[39m
            [33mstroke-linejoin[39m=[32m&quot;round&quot;[39m
            [33mstroke-width[39m=[32m&quot;2&quot;[39m
            [33mstyle[39m=[32m&quot;color: rgb(239, 68, 68); margin-bottom: 16px;&quot;[39m
            [33mviewBox[39m=[32m&quot;0 0 24 24&quot;[39m
            [33mwidth[39m=[32m&quot;48&quot;[39m
            [33mxmlns[39m=[32m&quot;http://www.w3.org/2000/svg&quot;[39m
          [36m&gt;[39m
            [36m&lt;circle[39m
              [33mcx[39m=[32m&quot;12&quot;[39m
              [33mcy[39m=[32m&quot;12&quot;[39m
              [33mr[39m=[32m&quot;10&quot;[39m
            [36m/&gt;[39m
            [36m&lt;line[39m
              [33mx1[39m=[32m&quot;12&quot;[39m
              [33mx2[39m=[32m&quot;12&quot;[39m
              [33my1[39m=[32m&quot;8&quot;[39m
              [33my2[39m=[32m&quot;12&quot;[39m
            [36m/&gt;[39m
            [36m&lt;line[39m
              [33mx1[39m=[32m&quot;12&quot;[39m
              [33mx2[39m=[32m&quot;12.01&quot;[39m
              [33my1[39m=[32m&quot;16&quot;[39m
              [33my2[39m=[32m&quot;16&quot;[39m
            [36m/&gt;[39m
          [36m&lt;/svg&gt;[39m
          [36m&lt;h3[39m
            [33mstyle[39m=[32m&quot;font-size: 20px; font-weight: bold; margin-bottom: 8px; color: rgb(31, 41, 55);&quot;[39m
          [36m&gt;[39m
            [0mNetwork Connection Issue[0m
          [36m&lt;/h3&gt;[39m
          [36m&lt;p[39m
            [33mstyle[39m=[32m&quot;font-size: 14px; margin-bottom: 20px; color: rgb(107, 114, 128); line-height: 1.5;&quot;[39m
          [36m&gt;[39m
            [0mCheck your internet connection and try again. If the problem persists, contact your network administrator.[0m
          [36m&lt;/p&gt;[39m
          [36m&lt;div[39m
            [33mclass[39m=[32m&quot;ant-alert ant-alert-warning ant-alert-with-description css-dev-only-do-not-override-l9pxc0&quot;[39m
            [33mdata-show[39m=[32m&quot;true&quot;[39m
            [33mrole[39m=[32m&quot;alert&quot;[39m
            [33mstyle[39m=[32m&quot;margin-bottom: 20px; text-align: left;&quot;[39m
          [36m&gt;[39m
            [36m&lt;span[39m
              [33maria-label[39m=[32m&quot;exclamation-circle&quot;[39m
              [33mclass[39m=[32m&quot;anticon anticon-exclamation-circle ant-alert-icon&quot;[39m
              [33mrole[39m=[32m&quot;img&quot;[39m
            [36m&gt;[39m
              [36m&lt;svg[39m
                [33maria-hidden[39m=[32m&quot;true&quot;[39m
                [33mdata-icon[39m=[32m&quot;exclamation-circle&quot;[39m
                [33mfill[39m=[32m&quot;currentColor&quot;[39m
                [33mfocusable[39m=[32m&quot;false&quot;[39m
                [33mheight[39m=[32m&quot;1em&quot;[39m
                [33mviewBox[39m=[32m&quot;64 64 896 896&quot;[39m
                [33mwidth[39m=[32m&quot;1em&quot;[39m
              [36m&gt;[39m
                [36m&lt;path[39m
                  [33md[39m=[32m&quot;M512 64C264.6 64 64 264.6 64 512s200.6 448 448 448 448-200.6 448-448S759.4 64 512 64zm-32 232c0-4.4 3.6-8 8-8h48c4.4 0 8 3.6 8 8v272c0 4.4-3.6 8-8 8h-48c-4.4 0-8-3.6-8-8V296zm32 440a48.01 48.01 0 010-96 48.01 48.01 0 010 96z&quot;[39m
                [36m/&gt;[39m
              [36m&lt;/svg&gt;[39m
            [36m&lt;/span&gt;[39m
            [36m&lt;div[39m
              [33mclass[39m=[32m&quot;ant-alert-content&quot;[39m
            [36m&gt;[39m
              [36m&lt;div[39m
                [33mclass[39m=[32m&quot;ant-alert-message&quot;[39m
              [36m&gt;[39m
                [0mThis error has occurred 9 times[0m
              [36m&lt;/div&gt;[39m
              [36m&lt;div[39m
                [33mclass[39m=[32m&quot;ant-alert-description&quot;[39m
              [36m&gt;[39m
                [0mIf the problem persists, please try a different approach or contact support.[0m
              [36m&lt;/div&gt;[39m
            [36m&lt;/div&gt;[39m
          [36m&lt;/div&gt;[39m
          [36m&lt;details[39m
            [33mstyle[39m=[32m&quot;text-align: left; margin-bottom: 20px; background: rgba(0, 0, 0, 0.05); padding: 12px; border-radius: 6px; font-size: 12px;&quot;[39m
          [36m&gt;[39m
            [36m&lt;summary[39m
              [33mstyle[39m=[32m&quot;cursor: pointer; margin-bottom: 8px; color: rgb(107, 114, 128); font-size: 12px;&quot;[39m
            [36m&gt;[39m
              [36m&lt;svg[39m
                [33maria-hidden[39m=[32m&quot;true&quot;[39m
                [33mclass[39m=[32m&quot;lucide lucide-bug&quot;[39m
                [33mfill[39m=[32m&quot;none&quot;[39m
                [33mheight[39m=[32m&quot;14&quot;[39m
                [33mstroke[39m=[32m&quot;currentColor&quot;[39m
                [33mstroke-linecap[39m=[32m&quot;round&quot;[39m
                [33mstroke-linejoin[39m=[32m&quot;round&quot;[39m
                [33mstroke-width[39m=[32m&quot;2&quot;[39m
                [33mstyle[39m=[32m&quot;margin-right: 6px; vertical-align: middle;&quot;[39m
                [33mviewBox[39m=[32m&quot;0 0 24 24&quot;[39m
                [33mwidth[39m=[32m&quot;14&quot;[39m
                [33mxmlns[39m=[32m&quot;http://www.w3.org/2000/svg&quot;[39m
              [36m&gt;[39m
                [36m&lt;path[39m
                  [33md[39m=[32m&quot;m8 2 1.88 1.88&quot;[39m
                [36m/&gt;[39m
                [36m&lt;path[39m
                  [33md[39m=[32m&quot;M14.12 3.88 16 2&quot;[39m
                [36m/&gt;[39m
                [36m&lt;path[39m
                  [33md[39m=[32m&quot;M9 7.13v-1a3.003 3.003 0 1 1 6 0v1&quot;[39m
                [36m/&gt;[39m
                [36m&lt;path[39m
                  [33md[39m=[32m&quot;M12 20c-3.3 0-6-2.7-6-6v-3a4 4 0 0 1 4-4h4a4 4 0 0 1 4 4v3c0 3.3-2.7 6-6 6&quot;[39m
                [36m/&gt;[39m
                [36m&lt;path[39m
                  [33md[39m=[32m&quot;M12 20v-9&quot;[39m
                [36m/&gt;[39m
                [36m&lt;path[39m
                  [33md[39m=[32m&quot;M6.53 9C4.6 8.8 3 7.1 3 5&quot;[39m
                [36m/&gt;[39m
                [36m&lt;path[39m
                  [33md[39m=[32m&quot;M6 13H2&quot;[39m
                [36m/&gt;[39m
                [36m&lt;path[39m
                  [33md[39m=[32m&quot;M3 21c0-2.1 1.7-3.9 3.8-4&quot;[39m
                [36m/&gt;[39m
                [36m&lt;path[39m
                  [33md[39m=[32m&quot;M20.97 5c0 2.1-1.6 3.8-3.5 4&quot;[39m
                [36m/&gt;[39m
                [36m&lt;path[39m
                  [33md[39m=[32m&quot;M22 13h-4&quot;[39m
                [36m/&gt;[39m
                [..." type="TestingLibraryElementError">
TestingLibraryElementError: Unable to find an element with the text: Unexpected Error. This could be because the text is broken up by multiple elements. In this case, you can provide a function for your text matcher to make your matcher more flexible.

Ignored nodes: comments, script, style
&lt;body&gt;
  &lt;div&gt;
    &lt;div&gt;
      &lt;div
        style=&quot;min-height: 400px; background: rgb(245, 245, 245); display: flex; align-items: center; justify-content: center; padding: 32px; border-radius: 8px;&quot;
      &gt;
        &lt;div
          style=&quot;max-width: 600px; width: 100%; text-align: center; background: rgba(255, 255, 255, 0.9); border-radius: 16px; padding: 32px; border: 1px solid rgb(229, 231, 235); box-shadow: 0 4px 6px rgba(0, 0, 0, 0.1);&quot;
        &gt;
          &lt;svg
            aria-hidden=&quot;true&quot;
            class=&quot;lucide lucide-circle-alert&quot;
            fill=&quot;none&quot;
            height=&quot;48&quot;
            stroke=&quot;currentColor&quot;
            stroke-linecap=&quot;round&quot;
            stroke-linejoin=&quot;round&quot;
            stroke-width=&quot;2&quot;
            style=&quot;color: rgb(239, 68, 68); margin-bottom: 16px;&quot;
            viewBox=&quot;0 0 24 24&quot;
            width=&quot;48&quot;
            xmlns=&quot;http://www.w3.org/2000/svg&quot;
          &gt;
            &lt;circle
              cx=&quot;12&quot;
              cy=&quot;12&quot;
              r=&quot;10&quot;
            /&gt;
            &lt;line
              x1=&quot;12&quot;
              x2=&quot;12&quot;
              y1=&quot;8&quot;
              y2=&quot;12&quot;
            /&gt;
            &lt;line
              x1=&quot;12&quot;
              x2=&quot;12.01&quot;
              y1=&quot;16&quot;
              y2=&quot;16&quot;
            /&gt;
          &lt;/svg&gt;
          &lt;h3
            style=&quot;font-size: 20px; font-weight: bold; margin-bottom: 8px; color: rgb(31, 41, 55);&quot;
          &gt;
            Network Connection Issue
          &lt;/h3&gt;
          &lt;p
            style=&quot;font-size: 14px; margin-bottom: 20px; color: rgb(107, 114, 128); line-height: 1.5;&quot;
          &gt;
            Check your internet connection and try again. If the problem persists, contact your network administrator.
          &lt;/p&gt;
          &lt;div
            class=&quot;ant-alert ant-alert-warning ant-alert-with-description css-dev-only-do-not-override-l9pxc0&quot;
            data-show=&quot;true&quot;
            role=&quot;alert&quot;
            style=&quot;margin-bottom: 20px; text-align: left;&quot;
          &gt;
            &lt;span
              aria-label=&quot;exclamation-circle&quot;
              class=&quot;anticon anticon-exclamation-circle ant-alert-icon&quot;
              role=&quot;img&quot;
            &gt;
              &lt;svg
                aria-hidden=&quot;true&quot;
                data-icon=&quot;exclamation-circle&quot;
                fill=&quot;currentColor&quot;
                focusable=&quot;false&quot;
                height=&quot;1em&quot;
                viewBox=&quot;64 64 896 896&quot;
                width=&quot;1em&quot;
              &gt;
                &lt;path
                  d=&quot;M512 64C264.6 64 64 264.6 64 512s200.6 448 448 448 448-200.6 448-448S759.4 64 512 64zm-32 232c0-4.4 3.6-8 8-8h48c4.4 0 8 3.6 8 8v272c0 4.4-3.6 8-8 8h-48c-4.4 0-8-3.6-8-8V296zm32 440a48.01 48.01 0 010-96 48.01 48.01 0 010 96z&quot;
                /&gt;
              &lt;/svg&gt;
            &lt;/span&gt;
            &lt;div
              class=&quot;ant-alert-content&quot;
            &gt;
              &lt;div
                class=&quot;ant-alert-message&quot;
              &gt;
                This error has occurred 9 times
              &lt;/div&gt;
              &lt;div
                class=&quot;ant-alert-description&quot;
              &gt;
                If the problem persists, please try a different approach or contact support.
              &lt;/div&gt;
            &lt;/div&gt;
          &lt;/div&gt;
          &lt;details
            style=&quot;text-align: left; margin-bottom: 20px; background: rgba(0, 0, 0, 0.05); padding: 12px; border-radius: 6px; font-size: 12px;&quot;
          &gt;
            &lt;summary
              style=&quot;cursor: pointer; margin-bottom: 8px; color: rgb(107, 114, 128); font-size: 12px;&quot;
            &gt;
              &lt;svg
                aria-hidden=&quot;true&quot;
                class=&quot;lucide lucide-bug&quot;
                fill=&quot;none&quot;
                height=&quot;14&quot;
                stroke=&quot;currentColor&quot;
                stroke-linecap=&quot;round&quot;
                stroke-linejoin=&quot;round&quot;
                stroke-width=&quot;2&quot;
                style=&quot;margin-right: 6px; vertical-align: middle;&quot;
                viewBox=&quot;0 0 24 24&quot;
                width=&quot;14&quot;
                xmlns=&quot;http://www.w3.org/2000/svg&quot;
              &gt;
                &lt;path
                  d=&quot;m8 2 1.88 1.88&quot;
                /&gt;
                &lt;path
                  d=&quot;M14.12 3.88 16 2&quot;
                /&gt;
                &lt;path
                  d=&quot;M9 7.13v-1a3.003 3.003 0 1 1 6 0v1&quot;
                /&gt;
                &lt;path
                  d=&quot;M12 20c-3.3 0-6-2.7-6-6v-3a4 4 0 0 1 4-4h4a4 4 0 0 1 4 4v3c0 3.3-2.7 6-6 6&quot;
                /&gt;
                &lt;path
                  d=&quot;M12 20v-9&quot;
                /&gt;
                &lt;path
                  d=&quot;M6.53 9C4.6 8.8 3 7.1 3 5&quot;
                /&gt;
                &lt;path
                  d=&quot;M6 13H2&quot;
                /&gt;
                &lt;path
                  d=&quot;M3 21c0-2.1 1.7-3.9 3.8-4&quot;
                /&gt;
                &lt;path
                  d=&quot;M20.97 5c0 2.1-1.6 3.8-3.5 4&quot;
                /&gt;
                &lt;path
                  d=&quot;M22 13h-4&quot;
                /&gt;
                [...
 ❯ Object.getElementError node_modules/@testing-library/dom/dist/config.js:37:19
 ❯ node_modules/@testing-library/dom/dist/query-helpers.js:76:38
 ❯ node_modules/@testing-library/dom/dist/query-helpers.js:109:15
 ❯ src/test-scenarios/__tests__/edge-cases.test.tsx:560:36
            </failure>
        </testcase>
        <testcase classname="src/test-scenarios/__tests__/edge-cases.test.tsx" name="Edge Cases and Boundary Conditions &gt; Browser Compatibility Edge Cases &gt; handles localStorage unavailability" time="0.003085524">
            <failure message="Storage unavailable" type="Error">
Error: Storage unavailable
 ❯ Object.&lt;anonymous&gt; src/test-scenarios/__tests__/edge-cases.test.tsx:579:40
 ❯ getDerivedStateFromError src/components/query/QueryPreviewErrorBoundary.tsx:71:41
 ❯ QueryPreviewErrorBoundary.update.payload node_modules/react-dom/cjs/react-dom-client.development.js:8396:18
 ❯ processUpdateQueue node_modules/react-dom/cjs/react-dom-client.development.js:5292:46
 ❯ updateClassComponent node_modules/react-dom/cjs/react-dom-client.development.js:9296:9
 ❯ beginWork node_modules/react-dom/cjs/react-dom-client.development.js:10536:13
 ❯ runWithFiberInDEV node_modules/react-dom/cjs/react-dom-client.development.js:1522:13
 ❯ performUnitOfWork node_modules/react-dom/cjs/react-dom-client.development.js:15140:22
            </failure>
        </testcase>
        <testcase classname="src/test-scenarios/__tests__/edge-cases.test.tsx" name="Edge Cases and Boundary Conditions &gt; Browser Compatibility Edge Cases &gt; handles missing console methods gracefully" time="0.003360216">
            <failure message="Storage unavailable" type="Error">
Error: Storage unavailable
 ❯ Object.&lt;anonymous&gt; src/test-scenarios/__tests__/edge-cases.test.tsx:579:40
 ❯ getDerivedStateFromError src/components/query/QueryPreviewErrorBoundary.tsx:71:41
 ❯ QueryPreviewErrorBoundary.update.payload node_modules/react-dom/cjs/react-dom-client.development.js:8396:18
 ❯ processUpdateQueue node_modules/react-dom/cjs/react-dom-client.development.js:5292:46
 ❯ updateClassComponent node_modules/react-dom/cjs/react-dom-client.development.js:9296:9
 ❯ beginWork node_modules/react-dom/cjs/react-dom-client.development.js:10536:13
 ❯ runWithFiberInDEV node_modules/react-dom/cjs/react-dom-client.development.js:1522:13
 ❯ performUnitOfWork node_modules/react-dom/cjs/react-dom-client.development.js:15140:22
            </failure>
        </testcase>
        <testcase classname="src/test-scenarios/__tests__/edge-cases.test.tsx" name="Edge Cases and Boundary Conditions &gt; Browser Compatibility Edge Cases &gt; handles missing performance API" time="0.002409628">
            <failure message="Storage unavailable" type="Error">
Error: Storage unavailable
 ❯ Object.&lt;anonymous&gt; src/test-scenarios/__tests__/edge-cases.test.tsx:579:40
 ❯ getDerivedStateFromError src/components/query/QueryPreviewErrorBoundary.tsx:71:41
 ❯ QueryPreviewErrorBoundary.update.payload node_modules/react-dom/cjs/react-dom-client.development.js:8396:18
 ❯ processUpdateQueue node_modules/react-dom/cjs/react-dom-client.development.js:5292:46
 ❯ updateClassComponent node_modules/react-dom/cjs/react-dom-client.development.js:9296:9
 ❯ beginWork node_modules/react-dom/cjs/react-dom-client.development.js:10536:13
 ❯ runWithFiberInDEV node_modules/react-dom/cjs/react-dom-client.development.js:1522:13
 ❯ performUnitOfWork node_modules/react-dom/cjs/react-dom-client.development.js:15140:22
            </failure>
        </testcase>
        <testcase classname="src/test-scenarios/__tests__/edge-cases.test.tsx" name="Edge Cases and Boundary Conditions &gt; Browser Compatibility Edge Cases &gt; handles missing navigator properties" time="0.003857354">
            <failure message="Storage unavailable" type="Error">
Error: Storage unavailable
 ❯ Object.&lt;anonymous&gt; src/test-scenarios/__tests__/edge-cases.test.tsx:579:40
 ❯ getDerivedStateFromError src/components/query/QueryPreviewErrorBoundary.tsx:71:41
 ❯ QueryPreviewErrorBoundary.update.payload node_modules/react-dom/cjs/react-dom-client.development.js:8396:18
 ❯ processUpdateQueue node_modules/react-dom/cjs/react-dom-client.development.js:5292:46
 ❯ updateClassComponent node_modules/react-dom/cjs/react-dom-client.development.js:9296:9
 ❯ beginWork node_modules/react-dom/cjs/react-dom-client.development.js:10536:13
 ❯ runWithFiberInDEV node_modules/react-dom/cjs/react-dom-client.development.js:1522:13
 ❯ performUnitOfWork node_modules/react-dom/cjs/react-dom-client.development.js:15140:22
            </failure>
        </testcase>
        <testcase classname="src/test-scenarios/__tests__/edge-cases.test.tsx" name="Edge Cases and Boundary Conditions &gt; Complex Error Cascades &gt; handles cascading system failures" time="0.006051784">
            <failure message="Storage unavailable" type="Error">
Error: Storage unavailable
 ❯ Object.&lt;anonymous&gt; src/test-scenarios/__tests__/edge-cases.test.tsx:579:40
 ❯ getDerivedStateFromError src/components/query/QueryPreviewErrorBoundary.tsx:71:41
 ❯ QueryPreviewErrorBoundary.update.payload node_modules/react-dom/cjs/react-dom-client.development.js:8396:18
 ❯ processUpdateQueue node_modules/react-dom/cjs/react-dom-client.development.js:5292:46
 ❯ updateClassComponent node_modules/react-dom/cjs/react-dom-client.development.js:9296:9
 ❯ beginWork node_modules/react-dom/cjs/react-dom-client.development.js:10536:13
 ❯ runWithFiberInDEV node_modules/react-dom/cjs/react-dom-client.development.js:1522:13
 ❯ performUnitOfWork node_modules/react-dom/cjs/react-dom-client.development.js:15140:22
            </failure>
        </testcase>
        <testcase classname="src/test-scenarios/__tests__/edge-cases.test.tsx" name="Edge Cases and Boundary Conditions &gt; Complex Error Cascades &gt; handles error recovery failures" time="0.003057937">
            <failure message="Storage unavailable" type="Error">
Error: Storage unavailable
 ❯ Object.&lt;anonymous&gt; src/test-scenarios/__tests__/edge-cases.test.tsx:579:40
 ❯ getDerivedStateFromError src/components/query/QueryPreviewErrorBoundary.tsx:71:41
 ❯ QueryPreviewErrorBoundary.update.payload node_modules/react-dom/cjs/react-dom-client.development.js:8396:18
 ❯ processUpdateQueue node_modules/react-dom/cjs/react-dom-client.development.js:5292:46
 ❯ updateClassComponent node_modules/react-dom/cjs/react-dom-client.development.js:9296:9
 ❯ beginWork node_modules/react-dom/cjs/react-dom-client.development.js:10536:13
 ❯ runWithFiberInDEV node_modules/react-dom/cjs/react-dom-client.development.js:1522:13
 ❯ performUnitOfWork node_modules/react-dom/cjs/react-dom-client.development.js:15140:22
            </failure>
        </testcase>
        <testcase classname="src/test-scenarios/__tests__/edge-cases.test.tsx" name="Edge Cases and Boundary Conditions &gt; Complex Error Cascades &gt; handles circular error dependencies" time="0.006871976">
            <failure message="could not find react-redux context value; please ensure the component is wrapped in a &lt;Provider&gt;" type="Error">
Error: could not find react-redux context value; please ensure the component is wrapped in a &lt;Provider&gt;
 ❯ useReduxContext node_modules/react-redux/src/hooks/useReduxContext.ts:17:13
 ❯ useStore node_modules/react-redux/src/hooks/useStore.ts:97:23
 ❯ useDispatch2 node_modules/react-redux/src/hooks/useDispatch.ts:72:19
 ❯ useAppDispatch src/store/index.ts:46:37
 ❯ useErrorHandler src/hooks/useErrorHandler.ts:11:20
 ❯ src/test-scenarios/__tests__/edge-cases.test.tsx:729:43
 ❯ TestComponent node_modules/@testing-library/react/dist/pure.js:331:27
 ❯ Object.react_stack_bottom_frame node_modules/react-dom/cjs/react-dom-client.development.js:23863:20
 ❯ renderWithHooks node_modules/react-dom/cjs/react-dom-client.development.js:5529:22
 ❯ updateFunctionComponent node_modules/react-dom/cjs/react-dom-client.development.js:8897:19
            </failure>
        </testcase>
        <testcase classname="src/test-scenarios/__tests__/edge-cases.test.tsx" name="Edge Cases and Boundary Conditions &gt; Timing and Race Conditions &gt; handles rapid mount/unmount cycles" time="0.003201031">
            <failure message="Storage unavailable" type="Error">
Error: Storage unavailable
 ❯ Object.&lt;anonymous&gt; src/test-scenarios/__tests__/edge-cases.test.tsx:579:40
 ❯ getDerivedStateFromError src/components/query/QueryPreviewErrorBoundary.tsx:71:41
 ❯ QueryPreviewErrorBoundary.update.payload node_modules/react-dom/cjs/react-dom-client.development.js:8396:18
 ❯ processUpdateQueue node_modules/react-dom/cjs/react-dom-client.development.js:5292:46
 ❯ updateClassComponent node_modules/react-dom/cjs/react-dom-client.development.js:9296:9
 ❯ beginWork node_modules/react-dom/cjs/react-dom-client.development.js:10536:13
 ❯ runWithFiberInDEV node_modules/react-dom/cjs/react-dom-client.development.js:1522:13
 ❯ performUnitOfWork node_modules/react-dom/cjs/react-dom-client.development.js:15140:22
            </failure>
        </testcase>
        <testcase classname="src/test-scenarios/__tests__/edge-cases.test.tsx" name="Edge Cases and Boundary Conditions &gt; Timing and Race Conditions &gt; handles simultaneous error and success states" time="0.00178256">
            <failure message="could not find react-redux context value; please ensure the component is wrapped in a &lt;Provider&gt;" type="Error">
Error: could not find react-redux context value; please ensure the component is wrapped in a &lt;Provider&gt;
 ❯ useReduxContext node_modules/react-redux/src/hooks/useReduxContext.ts:17:13
 ❯ useStore node_modules/react-redux/src/hooks/useStore.ts:97:23
 ❯ useDispatch2 node_modules/react-redux/src/hooks/useDispatch.ts:72:19
 ❯ useAppDispatch src/store/index.ts:46:37
 ❯ useErrorHandler src/hooks/useErrorHandler.ts:11:20
 ❯ src/test-scenarios/__tests__/edge-cases.test.tsx:793:43
 ❯ TestComponent node_modules/@testing-library/react/dist/pure.js:331:27
 ❯ Object.react_stack_bottom_frame node_modules/react-dom/cjs/react-dom-client.development.js:23863:20
 ❯ renderWithHooks node_modules/react-dom/cjs/react-dom-client.development.js:5529:22
 ❯ updateFunctionComponent node_modules/react-dom/cjs/react-dom-client.development.js:8897:19
            </failure>
        </testcase>
        <testcase classname="src/test-scenarios/__tests__/edge-cases.test.tsx" name="Edge Cases and Boundary Conditions &gt; Timing and Race Conditions &gt; handles timer conflicts during rapid operations" time="0.005723892">
            <failure message="could not find react-redux context value; please ensure the component is wrapped in a &lt;Provider&gt;" type="Error">
Error: could not find react-redux context value; please ensure the component is wrapped in a &lt;Provider&gt;
 ❯ useReduxContext node_modules/react-redux/src/hooks/useReduxContext.ts:17:13
 ❯ useStore node_modules/react-redux/src/hooks/useStore.ts:97:23
 ❯ useDispatch2 node_modules/react-redux/src/hooks/useDispatch.ts:72:19
 ❯ useAppDispatch src/store/index.ts:46:37
 ❯ useErrorHandler src/hooks/useErrorHandler.ts:11:20
 ❯ src/test-scenarios/__tests__/edge-cases.test.tsx:811:43
 ❯ TestComponent node_modules/@testing-library/react/dist/pure.js:331:27
 ❯ Object.react_stack_bottom_frame node_modules/react-dom/cjs/react-dom-client.development.js:23863:20
 ❯ renderWithHooks node_modules/react-dom/cjs/react-dom-client.development.js:5529:22
 ❯ updateFunctionComponent node_modules/react-dom/cjs/react-dom-client.development.js:8897:19
            </failure>
        </testcase>
    </testsuite>
    <testsuite name="src/test-scenarios/__tests__/error-scenarios.test.tsx" timestamp="2025-08-22T05:48:54.243Z" hostname="ifedotovNB" tests="41" failures="2" errors="0" skipped="0" time="1.991123688">
        <testcase classname="src/test-scenarios/__tests__/error-scenarios.test.tsx" name="Error Scenarios - Comprehensive Testing &gt; Network Error Scenarios &gt; handles complete network failure" time="0.263388887">
        </testcase>
        <testcase classname="src/test-scenarios/__tests__/error-scenarios.test.tsx" name="Error Scenarios - Comprehensive Testing &gt; Network Error Scenarios &gt; handles DNS resolution failures" time="0.082998952">
        </testcase>
        <testcase classname="src/test-scenarios/__tests__/error-scenarios.test.tsx" name="Error Scenarios - Comprehensive Testing &gt; Network Error Scenarios &gt; handles connection refused errors" time="0.079787556">
        </testcase>
        <testcase classname="src/test-scenarios/__tests__/error-scenarios.test.tsx" name="Error Scenarios - Comprehensive Testing &gt; Network Error Scenarios &gt; provides network-specific recovery guidance" time="0.00767901">
            <failure message="could not find react-redux context value; please ensure the component is wrapped in a &lt;Provider&gt;" type="Error">
Error: could not find react-redux context value; please ensure the component is wrapped in a &lt;Provider&gt;
 ❯ useReduxContext node_modules/react-redux/src/hooks/useReduxContext.ts:17:13
 ❯ useStore node_modules/react-redux/src/hooks/useStore.ts:97:23
 ❯ useDispatch2 node_modules/react-redux/src/hooks/useDispatch.ts:72:19
 ❯ useAppDispatch src/store/index.ts:46:37
 ❯ useErrorHandler src/hooks/useErrorHandler.ts:11:20
 ❯ src/test-scenarios/__tests__/error-scenarios.test.tsx:149:24
 ❯ TestComponent node_modules/@testing-library/react/dist/pure.js:331:27
 ❯ Object.react_stack_bottom_frame node_modules/react-dom/cjs/react-dom-client.development.js:23863:20
 ❯ renderWithHooks node_modules/react-dom/cjs/react-dom-client.development.js:5529:22
 ❯ updateFunctionComponent node_modules/react-dom/cjs/react-dom-client.development.js:8897:19
            </failure>
        </testcase>
        <testcase classname="src/test-scenarios/__tests__/error-scenarios.test.tsx" name="Error Scenarios - Comprehensive Testing &gt; Timeout Error Scenarios &gt; handles request timeouts" time="0.088131259">
        </testcase>
        <testcase classname="src/test-scenarios/__tests__/error-scenarios.test.tsx" name="Error Scenarios - Comprehensive Testing &gt; Timeout Error Scenarios &gt; handles server timeout responses (408)" time="0.073556601">
        </testcase>
        <testcase classname="src/test-scenarios/__tests__/error-scenarios.test.tsx" name="Error Scenarios - Comprehensive Testing &gt; Timeout Error Scenarios &gt; handles gateway timeout responses (504)" time="0.069472196">
        </testcase>
        <testcase classname="src/test-scenarios/__tests__/error-scenarios.test.tsx" name="Error Scenarios - Comprehensive Testing &gt; Timeout Error Scenarios &gt; provides timeout-specific recovery guidance" time="0.001211928">
        </testcase>
        <testcase classname="src/test-scenarios/__tests__/error-scenarios.test.tsx" name="Error Scenarios - Comprehensive Testing &gt; Validation Error Scenarios &gt; handles query validation errors" time="0.064024946">
            <failure message="Unable to find an element with the text: Try Again. This could be because the text is broken up by multiple elements. In this case, you can provide a function for your text matcher to make your matcher more flexible.

Ignored nodes: comments, script, style
[36m&lt;body&gt;[39m
  [36m&lt;div&gt;[39m
    [36m&lt;div[39m
      [33mstyle[39m=[32m&quot;min-height: 400px; background: rgb(245, 245, 245); display: flex; align-items: center; justify-content: center; padding: 32px; border-radius: 8px;&quot;[39m
    [36m&gt;[39m
      [36m&lt;div[39m
        [33mstyle[39m=[32m&quot;max-width: 600px; width: 100%; text-align: center; background: rgba(255, 255, 255, 0.9); border-radius: 16px; padding: 32px; border: 1px solid rgb(229, 231, 235); box-shadow: 0 4px 6px rgba(0, 0, 0, 0.1);&quot;[39m
      [36m&gt;[39m
        [36m&lt;svg[39m
          [33maria-hidden[39m=[32m&quot;true&quot;[39m
          [33mclass[39m=[32m&quot;lucide lucide-circle-alert&quot;[39m
          [33mfill[39m=[32m&quot;none&quot;[39m
          [33mheight[39m=[32m&quot;48&quot;[39m
          [33mstroke[39m=[32m&quot;currentColor&quot;[39m
          [33mstroke-linecap[39m=[32m&quot;round&quot;[39m
          [33mstroke-linejoin[39m=[32m&quot;round&quot;[39m
          [33mstroke-width[39m=[32m&quot;2&quot;[39m
          [33mstyle[39m=[32m&quot;color: rgb(239, 68, 68); margin-bottom: 16px;&quot;[39m
          [33mviewBox[39m=[32m&quot;0 0 24 24&quot;[39m
          [33mwidth[39m=[32m&quot;48&quot;[39m
          [33mxmlns[39m=[32m&quot;http://www.w3.org/2000/svg&quot;[39m
        [36m&gt;[39m
          [36m&lt;circle[39m
            [33mcx[39m=[32m&quot;12&quot;[39m
            [33mcy[39m=[32m&quot;12&quot;[39m
            [33mr[39m=[32m&quot;10&quot;[39m
          [36m/&gt;[39m
          [36m&lt;line[39m
            [33mx1[39m=[32m&quot;12&quot;[39m
            [33mx2[39m=[32m&quot;12&quot;[39m
            [33my1[39m=[32m&quot;8&quot;[39m
            [33my2[39m=[32m&quot;12&quot;[39m
          [36m/&gt;[39m
          [36m&lt;line[39m
            [33mx1[39m=[32m&quot;12&quot;[39m
            [33mx2[39m=[32m&quot;12.01&quot;[39m
            [33my1[39m=[32m&quot;16&quot;[39m
            [33my2[39m=[32m&quot;16&quot;[39m
          [36m/&gt;[39m
        [36m&lt;/svg&gt;[39m
        [36m&lt;h3[39m
          [33mstyle[39m=[32m&quot;font-size: 20px; font-weight: bold; margin-bottom: 8px; color: rgb(31, 41, 55);&quot;[39m
        [36m&gt;[39m
          [0mQuery Configuration Error[0m
        [36m&lt;/h3&gt;[39m
        [36m&lt;p[39m
          [33mstyle[39m=[32m&quot;font-size: 14px; margin-bottom: 20px; color: rgb(107, 114, 128); line-height: 1.5;&quot;[39m
        [36m&gt;[39m
          [0mThere&apos;s an issue with your query configuration. Please check your field selections, filters, and try again.[0m
        [36m&lt;/p&gt;[39m
        [36m&lt;div[39m
          [33mclass[39m=[32m&quot;ant-alert ant-alert-warning ant-alert-with-description css-dev-only-do-not-override-l9pxc0&quot;[39m
          [33mdata-show[39m=[32m&quot;true&quot;[39m
          [33mrole[39m=[32m&quot;alert&quot;[39m
          [33mstyle[39m=[32m&quot;margin-bottom: 20px; text-align: left;&quot;[39m
        [36m&gt;[39m
          [36m&lt;span[39m
            [33maria-label[39m=[32m&quot;exclamation-circle&quot;[39m
            [33mclass[39m=[32m&quot;anticon anticon-exclamation-circle ant-alert-icon&quot;[39m
            [33mrole[39m=[32m&quot;img&quot;[39m
          [36m&gt;[39m
            [36m&lt;svg[39m
              [33maria-hidden[39m=[32m&quot;true&quot;[39m
              [33mdata-icon[39m=[32m&quot;exclamation-circle&quot;[39m
              [33mfill[39m=[32m&quot;currentColor&quot;[39m
              [33mfocusable[39m=[32m&quot;false&quot;[39m
              [33mheight[39m=[32m&quot;1em&quot;[39m
              [33mviewBox[39m=[32m&quot;64 64 896 896&quot;[39m
              [33mwidth[39m=[32m&quot;1em&quot;[39m
            [36m&gt;[39m
              [36m&lt;path[39m
                [33md[39m=[32m&quot;M512 64C264.6 64 64 264.6 64 512s200.6 448 448 448 448-200.6 448-448S759.4 64 512 64zm-32 232c0-4.4 3.6-8 8-8h48c4.4 0 8 3.6 8 8v272c0 4.4-3.6 8-8 8h-48c-4.4 0-8-3.6-8-8V296zm32 440a48.01 48.01 0 010-96 48.01 48.01 0 010 96z&quot;[39m
              [36m/&gt;[39m
            [36m&lt;/svg&gt;[39m
          [36m&lt;/span&gt;[39m
          [36m&lt;div[39m
            [33mclass[39m=[32m&quot;ant-alert-content&quot;[39m
          [36m&gt;[39m
            [36m&lt;div[39m
              [33mclass[39m=[32m&quot;ant-alert-message&quot;[39m
            [36m&gt;[39m
              [0mThis error has occurred 7 times[0m
            [36m&lt;/div&gt;[39m
            [36m&lt;div[39m
              [33mclass[39m=[32m&quot;ant-alert-description&quot;[39m
            [36m&gt;[39m
              [0mIf the problem persists, please try a different approach or contact support.[0m
            [36m&lt;/div&gt;[39m
          [36m&lt;/div&gt;[39m
        [36m&lt;/div&gt;[39m
        [36m&lt;details[39m
          [33mstyle[39m=[32m&quot;text-align: left; margin-bottom: 20px; background: rgba(0, 0, 0, 0.05); padding: 12px; border-radius: 6px; font-size: 12px;&quot;[39m
        [36m&gt;[39m
          [36m&lt;summary[39m
            [33mstyle[39m=[32m&quot;cursor: pointer; margin-bottom: 8px; color: rgb(107, 114, 128); font-size: 12px;&quot;[39m
          [36m&gt;[39m
            [36m&lt;svg[39m
              [33maria-hidden[39m=[32m&quot;true&quot;[39m
              [33mclass[39m=[32m&quot;lucide lucide-bug&quot;[39m
              [33mfill[39m=[32m&quot;none&quot;[39m
              [33mheight[39m=[32m&quot;14&quot;[39m
              [33mstroke[39m=[32m&quot;currentColor&quot;[39m
              [33mstroke-linecap[39m=[32m&quot;round&quot;[39m
              [33mstroke-linejoin[39m=[32m&quot;round&quot;[39m
              [33mstroke-width[39m=[32m&quot;2&quot;[39m
              [33mstyle[39m=[32m&quot;margin-right: 6px; vertical-align: middle;&quot;[39m
              [33mviewBox[39m=[32m&quot;0 0 24 24&quot;[39m
              [33mwidth[39m=[32m&quot;14&quot;[39m
              [33mxmlns[39m=[32m&quot;http://www.w3.org/2000/svg&quot;[39m
            [36m&gt;[39m
              [36m&lt;path[39m
                [33md[39m=[32m&quot;m8 2 1.88 1.88&quot;[39m
              [36m/&gt;[39m
              [36m&lt;path[39m
                [33md[39m=[32m&quot;M14.12 3.88 16 2&quot;[39m
              [36m/&gt;[39m
              [36m&lt;path[39m
                [33md[39m=[32m&quot;M9 7.13v-1a3.003 3.003 0 1 1 6 0v1&quot;[39m
              [36m/&gt;[39m
              [36m&lt;path[39m
                [33md[39m=[32m&quot;M12 20c-3.3 0-6-2.7-6-6v-3a4 4 0 0 1 4-4h4a4 4 0 0 1 4 4v3c0 3.3-2.7 6-6 6&quot;[39m
              [36m/&gt;[39m
              [36m&lt;path[39m
                [33md[39m=[32m&quot;M12 20v-9&quot;[39m
              [36m/&gt;[39m
              [36m&lt;path[39m
                [33md[39m=[32m&quot;M6.53 9C4.6 8.8 3 7.1 3 5&quot;[39m
              [36m/&gt;[39m
              [36m&lt;path[39m
                [33md[39m=[32m&quot;M6 13H2&quot;[39m
              [36m/&gt;[39m
              [36m&lt;path[39m
                [33md[39m=[32m&quot;M3 21c0-2.1 1.7-3.9 3.8-4&quot;[39m
              [36m/&gt;[39m
              [36m&lt;path[39m
                [33md[39m=[32m&quot;M20.97 5c0 2.1-1.6 3.8-3.5 4&quot;[39m
              [36m/&gt;[39m
              [36m&lt;path[39m
                [33md[39m=[32m&quot;M22 13h-4&quot;[39m
              [36m/&gt;[39m
              [36m&lt;path[39m
                [33md[39m=[32m&quot;M17.2 17c2.1.1 3.8 1.9 3.8 4&quot;[39m
              [36m/&gt;[39m
            [36m&lt;/svg&gt;[39m
            [0mError Details (Development Only)[0m
          [36m&lt;/summary&gt;[39m
          [36m&lt;div[39m
            [33mstyle[39m=[32m&quot;font-family: monospace; color: rgb(75, 85, 99); word-break: break-word;&quot;[39m
          [36m&gt;[39m
            [36m&lt;strong&gt;[39m
              [0mType:[0m
            [36m&lt;/strong&gt;[39m
            [0m [0m
            [0mVALIDATION[0m
            [36m&lt;br /&gt;[39m
            [36m&lt;strong&gt;[39m
              [0mCode:[0m
            [36m&lt;/strong&gt;[39m
            [0m [0m
            [0mVALIDATION_ERROR[0m
            [36m&lt;br /&gt;[39m
            [36m&lt;strong&gt;[39m
              [0mMessage:[0m
            [36m&lt;/strong&gt;[39m
            [0m [0m
            [0mInvalid query parameters[0m
            [36m&lt;br /&gt;[39m
            [36m&lt;strong&gt;[39m
              [0mStack:[0m
            [36m&lt;/strong&gt;[39m
            [36m&lt;pre[39m
              [33mstyle[39m=[32m&quot;white-space: pre-wrap; word-break: break-word; margin: 4px 0px 0px 0px; font-size: 10px;&quot;[39m
            [36m&gt;[39m
              [0mAppError: Invalid query parameters
    at ErrorTestComponent (/home/ilya/projects/SimpleAdminReporter/frontend/src/test-scenarios/__tests__/error-scenarios.test.tsx:35:13)
    at Object.react_stack_bottom_frame (/home/ilya/projects/SimpleAdminReporter/frontend/node_modules/react-dom/cjs/react-dom-client.development.js:23863:20)
    at renderWithHooks (/home/ilya/projects/SimpleAdminReporter/frontend/node_modules/react-dom/cjs/react-dom-client.development.js:5529:22)
    at updateFunctionComponent (/home/ilya/projects/SimpleAdminReporter/frontend/node_modules/react-dom/cjs/react-dom-client.development.js:8897:19)
    at beginWork (/home/ilya/projects/SimpleAdminReporter/frontend/node_modules/react-dom/cjs/react-dom-client.development.js:10522:18)
    at runWithFiberInDEV (/home/ilya/projects/SimpleAdminReporter/frontend/node_modules/react-dom/cjs/react-dom-client.development.js:1522:13)
    at performUnitOfWork (/home/ilya/projects/SimpleAdminReporter/frontend/node_modules/react-dom/cjs/react-dom-client.development.js:15140:22)
    at workLoopSync (/home/ilya/projects/SimpleAdminReporter/frontend/node_modules/react-dom/cjs/react-dom-client.development.js:14956:41)
    at renderRootSync (/home/ilya/projects/SimpleAdminReporter/frontend/node_modules/react-dom/cjs/react-dom-client.development.js:14936:11)
    at performWorkOnRoot (/home/ilya/projects/SimpleAdminReporter/frontend/node_modules/react-dom/cjs/react-dom-client.development.js:14462:44)[0m
            [36m&lt;/pre&gt;[39m
          [36m&lt;/div&gt;[39m
        [36m&lt;/details&gt;[39m
        [36m&lt;div[39m
          [33mclass[39m=[32m&quot;ant-space css-dev-only-do-not-override-l9pxc0 ant-space-horizontal ant-space-align-center ant-space-gap-row-middle ant-space-gap-col-middle&quot;[39m
          [33mstyle[39m=[32m&quot;margin-top: 16px;&quot;[39m
        [36m&gt;[39m
          [36m&lt;div[39m
            [33mclass[39m=[32m&quot;ant-space-item&quot;[39m
          [36m&gt;[39m
            [36m&lt;button[39m
              [33mclass[39m=[32m&quot;ant-btn css-dev-only-do-not-override-l9pxc0 ant-btn-default ant-btn-color-default ant-btn-variant-outlined ant-btn-lg&quot;[39m
              [33mtype[39m=[32m&quot;button&quot;[39m
            [36m&gt;[39m
              [36m&lt;span[39m
                [33mclass[39m=[32m&quot;ant-btn-icon&quot;[39m
              [36m&gt;[39m
                [36m&lt;svg[39m
                  [33maria-hidden[39m=[32m&quot;true&quot;[39m
                  [33mclass[39m=[32m&quot;lucide lucide-arrow-left&quot;[39m
                  [33mfill[39m=[32m&quot;none&quot;[39m
                  [33mheight[39m=[32m&quot;14&quot;[39m
                  [33mstroke[39m=[32m&quot;currentColor&quot;[39m
                  [33mstroke-linecap[39m=[32m&quot;round&quot;[39m
                  [33mstroke-linejoin[39m=[32m&quot;round&quot;[39m
                  [33mstroke-width[39m=[32m&quot;2&quot;[39m
                  [33mviewBox[39m=[32m&quot;0 0 24 24&quot;[39m
                  [33mwidth[39m=[32m&quot;14&quot;[39m
                  [33mxmlns[39m=[32m&quot;http://www.w3.org/2000/svg&quot;[39m
                [36m&gt;[39m
                  [36m&lt;path[39m
                    [33md[39m=[32m&quot;m12 19-7-7 7-7&quot;[39m
                  [36m/&gt;[39m
                  [36m&lt;path[39m
                    [33md[39m=[32m&quot;M19 12H5&quot;[39m
                  [36m/&gt;[39m
                [36m&lt;/svg&gt;[39m
              [36m&lt;/span&gt;[39m
              [36m&lt;span&gt;[39m
                [0mGo Back[0m
              [36m&lt;/span&gt;[39m
            [36m&lt;/button&gt;[39m
          [36m&lt;/div&gt;[39m
          [36m&lt;div[39m
            [33mclass[39m=[32m&quot;ant-space-item&quot;[39m
          [36m&gt;[39m
            [36m&lt;button[39m
              [33mclass[39m=[32m&quot;ant-btn css-dev-only-do-not-override-l9pxc0 ant-btn-default ant-btn-color-default ant-btn-variant-outlined ant-btn-lg&quot;[39m
              [33mtype[39m=[32m&quot;button&quot;[39m
            [36m&gt;[39m
              [36m&lt;span[39m
                [33mclass[39m=[32m&quot;ant-btn-icon&quot;[39m
              [36m&gt;[39m
                [36m&lt;svg[39m
                  [33maria-hidden[39m=[32m&quot;true&quot;[39m
                  [33mclass[39m=[32m&quot;lucide lucide-refresh-cw&quot;[39m
                  [33mfill[39m=[32m&quot;none&quot;[39m
                  [33mheight[39m=[32m&quot;14&quot;[39m
                  [33mstroke[39m=[32m&quot;currentColor&quot;[39m
                  [33mstroke-linecap[39m=[32m&quot;round&quot;[39m
                  [33mstroke-linejoin[39m=[32m&quot;round&quot;[39m
                  [33mstroke-width[39m=[32m&quot;2&quot;[39m
                  [33mviewBox[39m=[32m&quot;0 0 24 24&quot;[39m
                  [33mwidth[39m=[32m&quot;14&quot;[39m
                  [33mxmlns[39m=[32m&quot;http://www.w3.org/2000/svg&quot;[39m
                [36m&gt;[39m
                  [36m&lt;path[39m
                    [33md[39m=[32m&quot;M3 12a9 9 0 0 1 9-9 9.75 9.75 0 0 1 6.74 2.74L21 8&quot;[39m
                  [36m/&gt;[39m
                  [36m&lt;path[39m
                    [33md[39m=[32m&quot;M21 3v5h-5&quot;[39m
                  [36m/&gt;[39m
                  [36m&lt;path[39m
                    [33md[39m=[32m&quot;M21 12a9 9 0 0 1-9 9 9.75 9.75 0 0 1-6.74-2.74L3 16&quot;[39m
                  [36m/&gt;[39m
                  [36m&lt;path[39m
                    [33md[39m=[32m&quot;M8 16H3v5&quot;[39m
                  [36m/&gt;[39m
                [36m&lt;/svg&gt;[39m
              [36m&lt;/span&gt;[39m
              [36m&lt;span&gt;[39m
                [0mReload Page[0m
              [36m&lt;/span&gt;[39m
            [36m&lt;/button&gt;[39m
          [36m&lt;/div&gt;[39m
        [36m&lt;/div&gt;[39m
      [36m&lt;/div&gt;[39m
    [36m&lt;/div&gt;[39m
  [36m&lt;/div&gt;[39m
[36m&lt;/body&gt;[39m" type="TestingLibraryElementError">
TestingLibraryElementError: Unable to find an element with the text: Try Again. This could be because the text is broken up by multiple elements. In this case, you can provide a function for your text matcher to make your matcher more flexible.

Ignored nodes: comments, script, style
&lt;body&gt;
  &lt;div&gt;
    &lt;div
      style=&quot;min-height: 400px; background: rgb(245, 245, 245); display: flex; align-items: center; justify-content: center; padding: 32px; border-radius: 8px;&quot;
    &gt;
      &lt;div
        style=&quot;max-width: 600px; width: 100%; text-align: center; background: rgba(255, 255, 255, 0.9); border-radius: 16px; padding: 32px; border: 1px solid rgb(229, 231, 235); box-shadow: 0 4px 6px rgba(0, 0, 0, 0.1);&quot;
      &gt;
        &lt;svg
          aria-hidden=&quot;true&quot;
          class=&quot;lucide lucide-circle-alert&quot;
          fill=&quot;none&quot;
          height=&quot;48&quot;
          stroke=&quot;currentColor&quot;
          stroke-linecap=&quot;round&quot;
          stroke-linejoin=&quot;round&quot;
          stroke-width=&quot;2&quot;
          style=&quot;color: rgb(239, 68, 68); margin-bottom: 16px;&quot;
          viewBox=&quot;0 0 24 24&quot;
          width=&quot;48&quot;
          xmlns=&quot;http://www.w3.org/2000/svg&quot;
        &gt;
          &lt;circle
            cx=&quot;12&quot;
            cy=&quot;12&quot;
            r=&quot;10&quot;
          /&gt;
          &lt;line
            x1=&quot;12&quot;
            x2=&quot;12&quot;
            y1=&quot;8&quot;
            y2=&quot;12&quot;
          /&gt;
          &lt;line
            x1=&quot;12&quot;
            x2=&quot;12.01&quot;
            y1=&quot;16&quot;
            y2=&quot;16&quot;
          /&gt;
        &lt;/svg&gt;
        &lt;h3
          style=&quot;font-size: 20px; font-weight: bold; margin-bottom: 8px; color: rgb(31, 41, 55);&quot;
        &gt;
          Query Configuration Error
        &lt;/h3&gt;
        &lt;p
          style=&quot;font-size: 14px; margin-bottom: 20px; color: rgb(107, 114, 128); line-height: 1.5;&quot;
        &gt;
          There&apos;s an issue with your query configuration. Please check your field selections, filters, and try again.
        &lt;/p&gt;
        &lt;div
          class=&quot;ant-alert ant-alert-warning ant-alert-with-description css-dev-only-do-not-override-l9pxc0&quot;
          data-show=&quot;true&quot;
          role=&quot;alert&quot;
          style=&quot;margin-bottom: 20px; text-align: left;&quot;
        &gt;
          &lt;span
            aria-label=&quot;exclamation-circle&quot;
            class=&quot;anticon anticon-exclamation-circle ant-alert-icon&quot;
            role=&quot;img&quot;
          &gt;
            &lt;svg
              aria-hidden=&quot;true&quot;
              data-icon=&quot;exclamation-circle&quot;
              fill=&quot;currentColor&quot;
              focusable=&quot;false&quot;
              height=&quot;1em&quot;
              viewBox=&quot;64 64 896 896&quot;
              width=&quot;1em&quot;
            &gt;
              &lt;path
                d=&quot;M512 64C264.6 64 64 264.6 64 512s200.6 448 448 448 448-200.6 448-448S759.4 64 512 64zm-32 232c0-4.4 3.6-8 8-8h48c4.4 0 8 3.6 8 8v272c0 4.4-3.6 8-8 8h-48c-4.4 0-8-3.6-8-8V296zm32 440a48.01 48.01 0 010-96 48.01 48.01 0 010 96z&quot;
              /&gt;
            &lt;/svg&gt;
          &lt;/span&gt;
          &lt;div
            class=&quot;ant-alert-content&quot;
          &gt;
            &lt;div
              class=&quot;ant-alert-message&quot;
            &gt;
              This error has occurred 7 times
            &lt;/div&gt;
            &lt;div
              class=&quot;ant-alert-description&quot;
            &gt;
              If the problem persists, please try a different approach or contact support.
            &lt;/div&gt;
          &lt;/div&gt;
        &lt;/div&gt;
        &lt;details
          style=&quot;text-align: left; margin-bottom: 20px; background: rgba(0, 0, 0, 0.05); padding: 12px; border-radius: 6px; font-size: 12px;&quot;
        &gt;
          &lt;summary
            style=&quot;cursor: pointer; margin-bottom: 8px; color: rgb(107, 114, 128); font-size: 12px;&quot;
          &gt;
            &lt;svg
              aria-hidden=&quot;true&quot;
              class=&quot;lucide lucide-bug&quot;
              fill=&quot;none&quot;
              height=&quot;14&quot;
              stroke=&quot;currentColor&quot;
              stroke-linecap=&quot;round&quot;
              stroke-linejoin=&quot;round&quot;
              stroke-width=&quot;2&quot;
              style=&quot;margin-right: 6px; vertical-align: middle;&quot;
              viewBox=&quot;0 0 24 24&quot;
              width=&quot;14&quot;
              xmlns=&quot;http://www.w3.org/2000/svg&quot;
            &gt;
              &lt;path
                d=&quot;m8 2 1.88 1.88&quot;
              /&gt;
              &lt;path
                d=&quot;M14.12 3.88 16 2&quot;
              /&gt;
              &lt;path
                d=&quot;M9 7.13v-1a3.003 3.003 0 1 1 6 0v1&quot;
              /&gt;
              &lt;path
                d=&quot;M12 20c-3.3 0-6-2.7-6-6v-3a4 4 0 0 1 4-4h4a4 4 0 0 1 4 4v3c0 3.3-2.7 6-6 6&quot;
              /&gt;
              &lt;path
                d=&quot;M12 20v-9&quot;
              /&gt;
              &lt;path
                d=&quot;M6.53 9C4.6 8.8 3 7.1 3 5&quot;
              /&gt;
              &lt;path
                d=&quot;M6 13H2&quot;
              /&gt;
              &lt;path
                d=&quot;M3 21c0-2.1 1.7-3.9 3.8-4&quot;
              /&gt;
              &lt;path
                d=&quot;M20.97 5c0 2.1-1.6 3.8-3.5 4&quot;
              /&gt;
              &lt;path
                d=&quot;M22 13h-4&quot;
              /&gt;
              &lt;path
                d=&quot;M17.2 17c2.1.1 3.8 1.9 3.8 4&quot;
              /&gt;
            &lt;/svg&gt;
            Error Details (Development Only)
          &lt;/summary&gt;
          &lt;div
            style=&quot;font-family: monospace; color: rgb(75, 85, 99); word-break: break-word;&quot;
          &gt;
            &lt;strong&gt;
              Type:
            &lt;/strong&gt;
             
            VALIDATION
            &lt;br /&gt;
            &lt;strong&gt;
              Code:
            &lt;/strong&gt;
             
            VALIDATION_ERROR
            &lt;br /&gt;
            &lt;strong&gt;
              Message:
            &lt;/strong&gt;
             
            Invalid query parameters
            &lt;br /&gt;
            &lt;strong&gt;
              Stack:
            &lt;/strong&gt;
            &lt;pre
              style=&quot;white-space: pre-wrap; word-break: break-word; margin: 4px 0px 0px 0px; font-size: 10px;&quot;
            &gt;
              AppError: Invalid query parameters
    at ErrorTestComponent (/home/ilya/projects/SimpleAdminReporter/frontend/src/test-scenarios/__tests__/error-scenarios.test.tsx:35:13)
    at Object.react_stack_bottom_frame (/home/ilya/projects/SimpleAdminReporter/frontend/node_modules/react-dom/cjs/react-dom-client.development.js:23863:20)
    at renderWithHooks (/home/ilya/projects/SimpleAdminReporter/frontend/node_modules/react-dom/cjs/react-dom-client.development.js:5529:22)
    at updateFunctionComponent (/home/ilya/projects/SimpleAdminReporter/frontend/node_modules/react-dom/cjs/react-dom-client.development.js:8897:19)
    at beginWork (/home/ilya/projects/SimpleAdminReporter/frontend/node_modules/react-dom/cjs/react-dom-client.development.js:10522:18)
    at runWithFiberInDEV (/home/ilya/projects/SimpleAdminReporter/frontend/node_modules/react-dom/cjs/react-dom-client.development.js:1522:13)
    at performUnitOfWork (/home/ilya/projects/SimpleAdminReporter/frontend/node_modules/react-dom/cjs/react-dom-client.development.js:15140:22)
    at workLoopSync (/home/ilya/projects/SimpleAdminReporter/frontend/node_modules/react-dom/cjs/react-dom-client.development.js:14956:41)
    at renderRootSync (/home/ilya/projects/SimpleAdminReporter/frontend/node_modules/react-dom/cjs/react-dom-client.development.js:14936:11)
    at performWorkOnRoot (/home/ilya/projects/SimpleAdminReporter/frontend/node_modules/react-dom/cjs/react-dom-client.development.js:14462:44)
            &lt;/pre&gt;
          &lt;/div&gt;
        &lt;/details&gt;
        &lt;div
          class=&quot;ant-space css-dev-only-do-not-override-l9pxc0 ant-space-horizontal ant-space-align-center ant-space-gap-row-middle ant-space-gap-col-middle&quot;
          style=&quot;margin-top: 16px;&quot;
        &gt;
          &lt;div
            class=&quot;ant-space-item&quot;
          &gt;
            &lt;button
              class=&quot;ant-btn css-dev-only-do-not-override-l9pxc0 ant-btn-default ant-btn-color-default ant-btn-variant-outlined ant-btn-lg&quot;
              type=&quot;button&quot;
            &gt;
              &lt;span
                class=&quot;ant-btn-icon&quot;
              &gt;
                &lt;svg
                  aria-hidden=&quot;true&quot;
                  class=&quot;lucide lucide-arrow-left&quot;
                  fill=&quot;none&quot;
                  height=&quot;14&quot;
                  stroke=&quot;currentColor&quot;
                  stroke-linecap=&quot;round&quot;
                  stroke-linejoin=&quot;round&quot;
                  stroke-width=&quot;2&quot;
                  viewBox=&quot;0 0 24 24&quot;
                  width=&quot;14&quot;
                  xmlns=&quot;http://www.w3.org/2000/svg&quot;
                &gt;
                  &lt;path
                    d=&quot;m12 19-7-7 7-7&quot;
                  /&gt;
                  &lt;path
                    d=&quot;M19 12H5&quot;
                  /&gt;
                &lt;/svg&gt;
              &lt;/span&gt;
              &lt;span&gt;
                Go Back
              &lt;/span&gt;
            &lt;/button&gt;
          &lt;/div&gt;
          &lt;div
            class=&quot;ant-space-item&quot;
          &gt;
            &lt;button
              class=&quot;ant-btn css-dev-only-do-not-override-l9pxc0 ant-btn-default ant-btn-color-default ant-btn-variant-outlined ant-btn-lg&quot;
              type=&quot;button&quot;
            &gt;
              &lt;span
                class=&quot;ant-btn-icon&quot;
              &gt;
                &lt;svg
                  aria-hidden=&quot;true&quot;
                  class=&quot;lucide lucide-refresh-cw&quot;
                  fill=&quot;none&quot;
                  height=&quot;14&quot;
                  stroke=&quot;currentColor&quot;
                  stroke-linecap=&quot;round&quot;
                  stroke-linejoin=&quot;round&quot;
                  stroke-width=&quot;2&quot;
                  viewBox=&quot;0 0 24 24&quot;
                  width=&quot;14&quot;
                  xmlns=&quot;http://www.w3.org/2000/svg&quot;
                &gt;
                  &lt;path
                    d=&quot;M3 12a9 9 0 0 1 9-9 9.75 9.75 0 0 1 6.74 2.74L21 8&quot;
                  /&gt;
                  &lt;path
                    d=&quot;M21 3v5h-5&quot;
                  /&gt;
                  &lt;path
                    d=&quot;M21 12a9 9 0 0 1-9 9 9.75 9.75 0 0 1-6.74-2.74L3 16&quot;
                  /&gt;
                  &lt;path
                    d=&quot;M8 16H3v5&quot;
                  /&gt;
                &lt;/svg&gt;
              &lt;/span&gt;
              &lt;span&gt;
                Reload Page
              &lt;/span&gt;
            &lt;/button&gt;
          &lt;/div&gt;
        &lt;/div&gt;
      &lt;/div&gt;
    &lt;/div&gt;
  &lt;/div&gt;
&lt;/body&gt;
 ❯ ErrorTestComponent src/test-scenarios/__tests__/error-scenarios.test.tsx:35:13
 ❯ Object.react_stack_bottom_frame node_modules/react-dom/cjs/react-dom-client.development.js:23863:20
 ❯ renderWithHooks node_modules/react-dom/cjs/react-dom-client.development.js:5529:22
 ❯ updateFunctionComponent node_modules/react-dom/cjs/react-dom-client.development.js:8897:19
 ❯ beginWork node_modules/react-dom/cjs/react-dom-client.development.js:10522:18
 ❯ runWithFiberInDEV node_modules/react-dom/cjs/react-dom-client.development.js:1522:13
 ❯ performUnitOfWork node_modules/react-dom/cjs/react-dom-client.development.js:15140:22
 ❯ workLoopSync node_modules/react-dom/cjs/react-dom-client.development.js:14956:41
 ❯ renderRootSync node_modules/react-dom/cjs/react-dom-client.development.js:14936:11
 ❯ Object.getElementError node_modules/@testing-library/dom/dist/config.js:37:19
 ❯ node_modules/@testing-library/dom/dist/query-helpers.js:76:38
 ❯ node_modules/@testing-library/dom/dist/query-helpers.js:52:17
 ❯ node_modules/@testing-library/dom/dist/query-helpers.js:95:19
 ❯ src/test-scenarios/__tests__/error-scenarios.test.tsx:232:21
            </failure>
        </testcase>
        <testcase classname="src/test-scenarios/__tests__/error-scenarios.test.tsx" name="Error Scenarios - Comprehensive Testing &gt; Validation Error Scenarios &gt; handles field validation errors" time="0.048968067">
        </testcase>
        <testcase classname="src/test-scenarios/__tests__/error-scenarios.test.tsx" name="Error Scenarios - Comprehensive Testing &gt; Validation Error Scenarios &gt; handles filter validation errors" time="0.071503577">
        </testcase>
        <testcase classname="src/test-scenarios/__tests__/error-scenarios.test.tsx" name="Error Scenarios - Comprehensive Testing &gt; Validation Error Scenarios &gt; provides validation-specific recovery guidance" time="0.000869796">
        </testcase>
        <testcase classname="src/test-scenarios/__tests__/error-scenarios.test.tsx" name="Error Scenarios - Comprehensive Testing &gt; Authentication Error Scenarios &gt; handles session expiration" time="0.063050148">
        </testcase>
        <testcase classname="src/test-scenarios/__tests__/error-scenarios.test.tsx" name="Error Scenarios - Comprehensive Testing &gt; Authentication Error Scenarios &gt; handles invalid credentials (401)" time="0.043515958">
        </testcase>
        <testcase classname="src/test-scenarios/__tests__/error-scenarios.test.tsx" name="Error Scenarios - Comprehensive Testing &gt; Authentication Error Scenarios &gt; handles token expiration" time="0.062958608">
        </testcase>
        <testcase classname="src/test-scenarios/__tests__/error-scenarios.test.tsx" name="Error Scenarios - Comprehensive Testing &gt; Authentication Error Scenarios &gt; marks authentication errors as non-retryable" time="0.000936008">
        </testcase>
        <testcase classname="src/test-scenarios/__tests__/error-scenarios.test.tsx" name="Error Scenarios - Comprehensive Testing &gt; Authorization Error Scenarios &gt; handles insufficient permissions" time="0.070559468">
        </testcase>
        <testcase classname="src/test-scenarios/__tests__/error-scenarios.test.tsx" name="Error Scenarios - Comprehensive Testing &gt; Authorization Error Scenarios &gt; handles forbidden responses (403)" time="0.05626265">
        </testcase>
        <testcase classname="src/test-scenarios/__tests__/error-scenarios.test.tsx" name="Error Scenarios - Comprehensive Testing &gt; Authorization Error Scenarios &gt; handles resource-specific permission errors" time="0.053166703">
        </testcase>
        <testcase classname="src/test-scenarios/__tests__/error-scenarios.test.tsx" name="Error Scenarios - Comprehensive Testing &gt; Authorization Error Scenarios &gt; marks authorization errors as non-retryable" time="0.000841455">
        </testcase>
        <testcase classname="src/test-scenarios/__tests__/error-scenarios.test.tsx" name="Error Scenarios - Comprehensive Testing &gt; Rate Limit Error Scenarios &gt; handles rate limit exceeded" time="0.060398481">
        </testcase>
        <testcase classname="src/test-scenarios/__tests__/error-scenarios.test.tsx" name="Error Scenarios - Comprehensive Testing &gt; Rate Limit Error Scenarios &gt; handles rate limit with retry-after header (429)" time="0.059743361">
        </testcase>
        <testcase classname="src/test-scenarios/__tests__/error-scenarios.test.tsx" name="Error Scenarios - Comprehensive Testing &gt; Rate Limit Error Scenarios &gt; handles API quota exceeded" time="0.042842159">
        </testcase>
        <testcase classname="src/test-scenarios/__tests__/error-scenarios.test.tsx" name="Error Scenarios - Comprehensive Testing &gt; Rate Limit Error Scenarios &gt; provides rate limit specific recovery guidance with retry after" time="0.000941484">
        </testcase>
        <testcase classname="src/test-scenarios/__tests__/error-scenarios.test.tsx" name="Error Scenarios - Comprehensive Testing &gt; Rate Limit Error Scenarios &gt; marks rate limit errors as retryable" time="0.000657792">
        </testcase>
        <testcase classname="src/test-scenarios/__tests__/error-scenarios.test.tsx" name="Error Scenarios - Comprehensive Testing &gt; Server Error Scenarios &gt; handles internal server errors" time="0.04900693">
        </testcase>
        <testcase classname="src/test-scenarios/__tests__/error-scenarios.test.tsx" name="Error Scenarios - Comprehensive Testing &gt; Server Error Scenarios &gt; handles 500 internal server error responses" time="0.057161831">
        </testcase>
        <testcase classname="src/test-scenarios/__tests__/error-scenarios.test.tsx" name="Error Scenarios - Comprehensive Testing &gt; Server Error Scenarios &gt; handles service unavailable (503)" time="0.045313418">
        </testcase>
        <testcase classname="src/test-scenarios/__tests__/error-scenarios.test.tsx" name="Error Scenarios - Comprehensive Testing &gt; Server Error Scenarios &gt; handles bad gateway (502)" time="0.05366477">
        </testcase>
        <testcase classname="src/test-scenarios/__tests__/error-scenarios.test.tsx" name="Error Scenarios - Comprehensive Testing &gt; Server Error Scenarios &gt; marks server errors as retryable" time="0.00157636">
        </testcase>
        <testcase classname="src/test-scenarios/__tests__/error-scenarios.test.tsx" name="Error Scenarios - Comprehensive Testing &gt; Axios Error Parsing &gt; correctly parses axios network errors" time="0.000991529">
        </testcase>
        <testcase classname="src/test-scenarios/__tests__/error-scenarios.test.tsx" name="Error Scenarios - Comprehensive Testing &gt; Axios Error Parsing &gt; correctly parses axios response errors" time="0.00070986">
        </testcase>
        <testcase classname="src/test-scenarios/__tests__/error-scenarios.test.tsx" name="Error Scenarios - Comprehensive Testing &gt; Axios Error Parsing &gt; handles axios errors with nested error structures" time="0.001551188">
        </testcase>
        <testcase classname="src/test-scenarios/__tests__/error-scenarios.test.tsx" name="Error Scenarios - Comprehensive Testing &gt; Axios Error Parsing &gt; handles axios errors with validation arrays" time="0.000961521">
        </testcase>
        <testcase classname="src/test-scenarios/__tests__/error-scenarios.test.tsx" name="Error Scenarios - Comprehensive Testing &gt; Error Recovery Workflows &gt; retries retryable errors automatically" time="0.11637959">
        </testcase>
        <testcase classname="src/test-scenarios/__tests__/error-scenarios.test.tsx" name="Error Scenarios - Comprehensive Testing &gt; Error Recovery Workflows &gt; does not retry non-retryable errors" time="0.042010183">
        </testcase>
        <testcase classname="src/test-scenarios/__tests__/error-scenarios.test.tsx" name="Error Scenarios - Comprehensive Testing &gt; Error Recovery Workflows &gt; provides appropriate guidance for each error type" time="0.001315777">
        </testcase>
        <testcase classname="src/test-scenarios/__tests__/error-scenarios.test.tsx" name="Error Scenarios - Comprehensive Testing &gt; Error Recovery Workflows &gt; escalates to go back option when retry fails" time="0.077056437">
        </testcase>
        <testcase classname="src/test-scenarios/__tests__/error-scenarios.test.tsx" name="Error Scenarios - Comprehensive Testing &gt; Complex Error Scenarios &gt; handles cascading errors (error during error recovery)" time="0.07053685">
        </testcase>
        <testcase classname="src/test-scenarios/__tests__/error-scenarios.test.tsx" name="Error Scenarios - Comprehensive Testing &gt; Complex Error Scenarios &gt; handles mixed error responses from different services" time="0.04945446">
        </testcase>
        <testcase classname="src/test-scenarios/__tests__/error-scenarios.test.tsx" name="Error Scenarios - Comprehensive Testing &gt; Complex Error Scenarios &gt; handles errors with complex nested data structures" time="0.048149432">
        </testcase>
    </testsuite>
    <testsuite name="src/test-scenarios/__tests__/retry-logic.test.tsx" timestamp="2025-08-22T05:48:54.252Z" hostname="ifedotovNB" tests="28" failures="20" errors="0" skipped="0" time="0.646865288">
        <testcase classname="src/test-scenarios/__tests__/retry-logic.test.tsx" name="Retry Logic Comprehensive Tests &gt; Exponential Backoff Implementation &gt; calculates correct delays for network errors" time="0.004527358">
        </testcase>
        <testcase classname="src/test-scenarios/__tests__/retry-logic.test.tsx" name="Retry Logic Comprehensive Tests &gt; Exponential Backoff Implementation &gt; caps network retry delays at 30 seconds" time="0.001266771">
        </testcase>
        <testcase classname="src/test-scenarios/__tests__/retry-logic.test.tsx" name="Retry Logic Comprehensive Tests &gt; Exponential Backoff Implementation &gt; calculates correct delays for rate limit errors" time="0.000843011">
        </testcase>
        <testcase classname="src/test-scenarios/__tests__/retry-logic.test.tsx" name="Retry Logic Comprehensive Tests &gt; Exponential Backoff Implementation &gt; caps rate limit retry delays at 60 seconds" time="0.000678503">
        </testcase>
        <testcase classname="src/test-scenarios/__tests__/retry-logic.test.tsx" name="Retry Logic Comprehensive Tests &gt; Exponential Backoff Implementation &gt; calculates linear backoff for server errors" time="0.000846661">
        </testcase>
        <testcase classname="src/test-scenarios/__tests__/retry-logic.test.tsx" name="Retry Logic Comprehensive Tests &gt; Exponential Backoff Implementation &gt; caps server retry delays at 20 seconds" time="0.000697702">
        </testcase>
        <testcase classname="src/test-scenarios/__tests__/retry-logic.test.tsx" name="Retry Logic Comprehensive Tests &gt; useErrorHandler Retry Logic &gt; implements exponential backoff in createRetryHandler" time="0.037574658">
            <failure message="could not find react-redux context value; please ensure the component is wrapped in a &lt;Provider&gt;" type="Error">
Error: could not find react-redux context value; please ensure the component is wrapped in a &lt;Provider&gt;
 ❯ useReduxContext node_modules/react-redux/src/hooks/useReduxContext.ts:17:13
 ❯ useStore node_modules/react-redux/src/hooks/useStore.ts:97:23
 ❯ useDispatch2 node_modules/react-redux/src/hooks/useDispatch.ts:72:19
 ❯ useAppDispatch src/store/index.ts:46:37
 ❯ useErrorHandler src/hooks/useErrorHandler.ts:11:20
 ❯ src/test-scenarios/__tests__/retry-logic.test.tsx:136:43
 ❯ TestComponent node_modules/@testing-library/react/dist/pure.js:331:27
 ❯ Object.react_stack_bottom_frame node_modules/react-dom/cjs/react-dom-client.development.js:23863:20
 ❯ renderWithHooks node_modules/react-dom/cjs/react-dom-client.development.js:5529:22
 ❯ updateFunctionComponent node_modules/react-dom/cjs/react-dom-client.development.js:8897:19
            </failure>
        </testcase>
        <testcase classname="src/test-scenarios/__tests__/retry-logic.test.tsx" name="Retry Logic Comprehensive Tests &gt; useErrorHandler Retry Logic &gt; stops retrying after max attempts" time="0.00373249">
            <failure message="could not find react-redux context value; please ensure the component is wrapped in a &lt;Provider&gt;" type="Error">
Error: could not find react-redux context value; please ensure the component is wrapped in a &lt;Provider&gt;
 ❯ useReduxContext node_modules/react-redux/src/hooks/useReduxContext.ts:17:13
 ❯ useStore node_modules/react-redux/src/hooks/useStore.ts:97:23
 ❯ useDispatch2 node_modules/react-redux/src/hooks/useDispatch.ts:72:19
 ❯ useAppDispatch src/store/index.ts:46:37
 ❯ useErrorHandler src/hooks/useErrorHandler.ts:11:20
 ❯ src/test-scenarios/__tests__/retry-logic.test.tsx:162:43
 ❯ TestComponent node_modules/@testing-library/react/dist/pure.js:331:27
 ❯ Object.react_stack_bottom_frame node_modules/react-dom/cjs/react-dom-client.development.js:23863:20
 ❯ renderWithHooks node_modules/react-dom/cjs/react-dom-client.development.js:5529:22
 ❯ updateFunctionComponent node_modules/react-dom/cjs/react-dom-client.development.js:8897:19
            </failure>
        </testcase>
        <testcase classname="src/test-scenarios/__tests__/retry-logic.test.tsx" name="Retry Logic Comprehensive Tests &gt; useErrorHandler Retry Logic &gt; does not retry non-retryable errors" time="0.004026579">
            <failure message="could not find react-redux context value; please ensure the component is wrapped in a &lt;Provider&gt;" type="Error">
Error: could not find react-redux context value; please ensure the component is wrapped in a &lt;Provider&gt;
 ❯ useReduxContext node_modules/react-redux/src/hooks/useReduxContext.ts:17:13
 ❯ useStore node_modules/react-redux/src/hooks/useStore.ts:97:23
 ❯ useDispatch2 node_modules/react-redux/src/hooks/useDispatch.ts:72:19
 ❯ useAppDispatch src/store/index.ts:46:37
 ❯ useErrorHandler src/hooks/useErrorHandler.ts:11:20
 ❯ src/test-scenarios/__tests__/retry-logic.test.tsx:187:43
 ❯ TestComponent node_modules/@testing-library/react/dist/pure.js:331:27
 ❯ Object.react_stack_bottom_frame node_modules/react-dom/cjs/react-dom-client.development.js:23863:20
 ❯ renderWithHooks node_modules/react-dom/cjs/react-dom-client.development.js:5529:22
 ❯ updateFunctionComponent node_modules/react-dom/cjs/react-dom-client.development.js:8897:19
            </failure>
        </testcase>
        <testcase classname="src/test-scenarios/__tests__/retry-logic.test.tsx" name="Retry Logic Comprehensive Tests &gt; useErrorHandler Retry Logic &gt; tracks progress in createPreviewRetryHandler" time="0.002896912">
            <failure message="could not find react-redux context value; please ensure the component is wrapped in a &lt;Provider&gt;" type="Error">
Error: could not find react-redux context value; please ensure the component is wrapped in a &lt;Provider&gt;
 ❯ useReduxContext node_modules/react-redux/src/hooks/useReduxContext.ts:17:13
 ❯ useStore node_modules/react-redux/src/hooks/useStore.ts:97:23
 ❯ useDispatch2 node_modules/react-redux/src/hooks/useDispatch.ts:72:19
 ❯ useAppDispatch src/store/index.ts:46:37
 ❯ useErrorHandler src/hooks/useErrorHandler.ts:11:20
 ❯ src/test-scenarios/__tests__/retry-logic.test.tsx:203:43
 ❯ TestComponent node_modules/@testing-library/react/dist/pure.js:331:27
 ❯ Object.react_stack_bottom_frame node_modules/react-dom/cjs/react-dom-client.development.js:23863:20
 ❯ renderWithHooks node_modules/react-dom/cjs/react-dom-client.development.js:5529:22
 ❯ updateFunctionComponent node_modules/react-dom/cjs/react-dom-client.development.js:8897:19
            </failure>
        </testcase>
        <testcase classname="src/test-scenarios/__tests__/retry-logic.test.tsx" name="Retry Logic Comprehensive Tests &gt; useErrorHandler Retry Logic &gt; calls failure callback when max attempts reached" time="0.008738265">
            <failure message="could not find react-redux context value; please ensure the component is wrapped in a &lt;Provider&gt;" type="Error">
Error: could not find react-redux context value; please ensure the component is wrapped in a &lt;Provider&gt;
 ❯ useReduxContext node_modules/react-redux/src/hooks/useReduxContext.ts:17:13
 ❯ useStore node_modules/react-redux/src/hooks/useStore.ts:97:23
 ❯ useDispatch2 node_modules/react-redux/src/hooks/useDispatch.ts:72:19
 ❯ useAppDispatch src/store/index.ts:46:37
 ❯ useErrorHandler src/hooks/useErrorHandler.ts:11:20
 ❯ src/test-scenarios/__tests__/retry-logic.test.tsx:235:43
 ❯ TestComponent node_modules/@testing-library/react/dist/pure.js:331:27
 ❯ Object.react_stack_bottom_frame node_modules/react-dom/cjs/react-dom-client.development.js:23863:20
 ❯ renderWithHooks node_modules/react-dom/cjs/react-dom-client.development.js:5529:22
 ❯ updateFunctionComponent node_modules/react-dom/cjs/react-dom-client.development.js:8897:19
            </failure>
        </testcase>
        <testcase classname="src/test-scenarios/__tests__/retry-logic.test.tsx" name="Retry Logic Comprehensive Tests &gt; Error Boundary Retry Integration &gt; implements retry with exponential backoff in error boundary" time="0.235304423">
        </testcase>
        <testcase classname="src/test-scenarios/__tests__/retry-logic.test.tsx" name="Retry Logic Comprehensive Tests &gt; Error Boundary Retry Integration &gt; tracks retry attempts correctly in error boundary" time="0.135624707">
            <failure message="Unable to find an element with the text: Attempt 2 of 3. This could be because the text is broken up by multiple elements. In this case, you can provide a function for your text matcher to make your matcher more flexible.

Ignored nodes: comments, script, style
[36m&lt;body&gt;[39m
  [36m&lt;div&gt;[39m
    [36m&lt;div[39m
      [33mstyle[39m=[32m&quot;min-height: 400px; background: rgb(245, 245, 245); display: flex; align-items: center; justify-content: center; padding: 32px; border-radius: 8px;&quot;[39m
    [36m&gt;[39m
      [36m&lt;div[39m
        [33mstyle[39m=[32m&quot;max-width: 600px; width: 100%; text-align: center; background: rgba(255, 255, 255, 0.9); border-radius: 16px; padding: 32px; border: 1px solid rgb(229, 231, 235); box-shadow: 0 4px 6px rgba(0, 0, 0, 0.1);&quot;[39m
      [36m&gt;[39m
        [36m&lt;svg[39m
          [33maria-hidden[39m=[32m&quot;true&quot;[39m
          [33mclass[39m=[32m&quot;lucide lucide-circle-alert&quot;[39m
          [33mfill[39m=[32m&quot;none&quot;[39m
          [33mheight[39m=[32m&quot;48&quot;[39m
          [33mstroke[39m=[32m&quot;currentColor&quot;[39m
          [33mstroke-linecap[39m=[32m&quot;round&quot;[39m
          [33mstroke-linejoin[39m=[32m&quot;round&quot;[39m
          [33mstroke-width[39m=[32m&quot;2&quot;[39m
          [33mstyle[39m=[32m&quot;color: rgb(239, 68, 68); margin-bottom: 16px;&quot;[39m
          [33mviewBox[39m=[32m&quot;0 0 24 24&quot;[39m
          [33mwidth[39m=[32m&quot;48&quot;[39m
          [33mxmlns[39m=[32m&quot;http://www.w3.org/2000/svg&quot;[39m
        [36m&gt;[39m
          [36m&lt;circle[39m
            [33mcx[39m=[32m&quot;12&quot;[39m
            [33mcy[39m=[32m&quot;12&quot;[39m
            [33mr[39m=[32m&quot;10&quot;[39m
          [36m/&gt;[39m
          [36m&lt;line[39m
            [33mx1[39m=[32m&quot;12&quot;[39m
            [33mx2[39m=[32m&quot;12&quot;[39m
            [33my1[39m=[32m&quot;8&quot;[39m
            [33my2[39m=[32m&quot;12&quot;[39m
          [36m/&gt;[39m
          [36m&lt;line[39m
            [33mx1[39m=[32m&quot;12&quot;[39m
            [33mx2[39m=[32m&quot;12.01&quot;[39m
            [33my1[39m=[32m&quot;16&quot;[39m
            [33my2[39m=[32m&quot;16&quot;[39m
          [36m/&gt;[39m
        [36m&lt;/svg&gt;[39m
        [36m&lt;h3[39m
          [33mstyle[39m=[32m&quot;font-size: 20px; font-weight: bold; margin-bottom: 8px; color: rgb(31, 41, 55);&quot;[39m
        [36m&gt;[39m
          [0mQuery Timeout[0m
        [36m&lt;/h3&gt;[39m
        [36m&lt;p[39m
          [33mstyle[39m=[32m&quot;font-size: 14px; margin-bottom: 20px; color: rgb(107, 114, 128); line-height: 1.5;&quot;[39m
        [36m&gt;[39m
          [0mThe query took too long to execute. Try reducing the date range, adding more specific filters, or selecting fewer fields.[0m
        [36m&lt;/p&gt;[39m
        [36m&lt;div[39m
          [33mstyle[39m=[32m&quot;margin-bottom: 16px; padding: 8px 12px; background: rgba(59, 130, 246, 0.05); border: 1px solid rgba(59, 130, 246, 0.2); border-radius: 6px; font-size: 12px; color: rgb(37, 99, 235);&quot;[39m
        [36m&gt;[39m
          [0mAttempt [0m
          [0m1[0m
          [0m of [0m
          [0m3[0m
        [36m&lt;/div&gt;[39m
        [36m&lt;details[39m
          [33mstyle[39m=[32m&quot;text-align: left; margin-bottom: 20px; background: rgba(0, 0, 0, 0.05); padding: 12px; border-radius: 6px; font-size: 12px;&quot;[39m
        [36m&gt;[39m
          [36m&lt;summary[39m
            [33mstyle[39m=[32m&quot;cursor: pointer; margin-bottom: 8px; color: rgb(107, 114, 128); font-size: 12px;&quot;[39m
          [36m&gt;[39m
            [36m&lt;svg[39m
              [33maria-hidden[39m=[32m&quot;true&quot;[39m
              [33mclass[39m=[32m&quot;lucide lucide-bug&quot;[39m
              [33mfill[39m=[32m&quot;none&quot;[39m
              [33mheight[39m=[32m&quot;14&quot;[39m
              [33mstroke[39m=[32m&quot;currentColor&quot;[39m
              [33mstroke-linecap[39m=[32m&quot;round&quot;[39m
              [33mstroke-linejoin[39m=[32m&quot;round&quot;[39m
              [33mstroke-width[39m=[32m&quot;2&quot;[39m
              [33mstyle[39m=[32m&quot;margin-right: 6px; vertical-align: middle;&quot;[39m
              [33mviewBox[39m=[32m&quot;0 0 24 24&quot;[39m
              [33mwidth[39m=[32m&quot;14&quot;[39m
              [33mxmlns[39m=[32m&quot;http://www.w3.org/2000/svg&quot;[39m
            [36m&gt;[39m
              [36m&lt;path[39m
                [33md[39m=[32m&quot;m8 2 1.88 1.88&quot;[39m
              [36m/&gt;[39m
              [36m&lt;path[39m
                [33md[39m=[32m&quot;M14.12 3.88 16 2&quot;[39m
              [36m/&gt;[39m
              [36m&lt;path[39m
                [33md[39m=[32m&quot;M9 7.13v-1a3.003 3.003 0 1 1 6 0v1&quot;[39m
              [36m/&gt;[39m
              [36m&lt;path[39m
                [33md[39m=[32m&quot;M12 20c-3.3 0-6-2.7-6-6v-3a4 4 0 0 1 4-4h4a4 4 0 0 1 4 4v3c0 3.3-2.7 6-6 6&quot;[39m
              [36m/&gt;[39m
              [36m&lt;path[39m
                [33md[39m=[32m&quot;M12 20v-9&quot;[39m
              [36m/&gt;[39m
              [36m&lt;path[39m
                [33md[39m=[32m&quot;M6.53 9C4.6 8.8 3 7.1 3 5&quot;[39m
              [36m/&gt;[39m
              [36m&lt;path[39m
                [33md[39m=[32m&quot;M6 13H2&quot;[39m
              [36m/&gt;[39m
              [36m&lt;path[39m
                [33md[39m=[32m&quot;M3 21c0-2.1 1.7-3.9 3.8-4&quot;[39m
              [36m/&gt;[39m
              [36m&lt;path[39m
                [33md[39m=[32m&quot;M20.97 5c0 2.1-1.6 3.8-3.5 4&quot;[39m
              [36m/&gt;[39m
              [36m&lt;path[39m
                [33md[39m=[32m&quot;M22 13h-4&quot;[39m
              [36m/&gt;[39m
              [36m&lt;path[39m
                [33md[39m=[32m&quot;M17.2 17c2.1.1 3.8 1.9 3.8 4&quot;[39m
              [36m/&gt;[39m
            [36m&lt;/svg&gt;[39m
            [0mError Details (Development Only)[0m
          [36m&lt;/summary&gt;[39m
          [36m&lt;div[39m
            [33mstyle[39m=[32m&quot;font-family: monospace; color: rgb(75, 85, 99); word-break: break-word;&quot;[39m
          [36m&gt;[39m
            [36m&lt;strong&gt;[39m
              [0mType:[0m
            [36m&lt;/strong&gt;[39m
            [0m [0m
            [0mTIMEOUT[0m
            [36m&lt;br /&gt;[39m
            [36m&lt;strong&gt;[39m
              [0mCode:[0m
            [36m&lt;/strong&gt;[39m
            [0m [0m
            [0mTEST_ERROR[0m
            [36m&lt;br /&gt;[39m
            [36m&lt;strong&gt;[39m
              [0mMessage:[0m
            [36m&lt;/strong&gt;[39m
            [0m [0m
            [0mAttempt 1 failed[0m
            [36m&lt;br /&gt;[39m
            [36m&lt;strong&gt;[39m
              [0mStack:[0m
            [36m&lt;/strong&gt;[39m
            [36m&lt;pre[39m
              [33mstyle[39m=[32m&quot;white-space: pre-wrap; word-break: break-word; margin: 4px 0px 0px 0px; font-size: 10px;&quot;[39m
            [36m&gt;[39m
              [0mAppError: Attempt 1 failed
    at /home/ilya/projects/SimpleAdminReporter/frontend/src/test-scenarios/__tests__/retry-logic.test.tsx:303:15
    at mockCall (file:///home/ilya/projects/SimpleAdminReporter/frontend/node_modules/@vitest/spy/dist/index.js:96:15)
    at spy (file:///home/ilya/projects/SimpleAdminReporter/frontend/node_modules/tinyspy/dist/index.js:47:103)
    at Object.handleRetry [as onClick] (/home/ilya/projects/SimpleAdminReporter/frontend/src/components/query/QueryPreviewErrorBoundary.tsx:179:15)[0m
            [36m&lt;/pre&gt;[39m
          [36m&lt;/div&gt;[39m
        [36m&lt;/details&gt;[39m
        [36m&lt;div[39m
          [33mclass[39m=[32m&quot;ant-space css-dev-only-do-not-override-l9pxc0 ant-space-horizontal ant-space-align-center ant-space-gap-row-middle ant-space-gap-col-middle&quot;[39m
          [33mstyle[39m=[32m&quot;margin-top: 16px;&quot;[39m
        [36m&gt;[39m
          [36m&lt;div[39m
            [33mclass[39m=[32m&quot;ant-space-item&quot;[39m
          [36m&gt;[39m
            [36m&lt;button[39m
              [33mclass[39m=[32m&quot;ant-btn css-dev-only-do-not-override-l9pxc0 ant-btn-primary ant-btn-color-primary ant-btn-variant-solid ant-btn-lg&quot;[39m
              [33mtype[39m=[32m&quot;button&quot;[39m
            [36m&gt;[39m
              [36m&lt;span[39m
                [33mclass[39m=[32m&quot;ant-btn-icon&quot;[39m
              [36m&gt;[39m
                [36m&lt;svg[39m
                  [33maria-hidden[39m=[32m&quot;true&quot;[39m
                  [33mclass[39m=[32m&quot;lucide lucide-refresh-cw&quot;[39m
                  [33mfill[39m=[32m&quot;none&quot;[39m
                  [33mheight[39m=[32m&quot;14&quot;[39m
                  [33mstroke[39m=[32m&quot;currentColor&quot;[39m
                  [33mstroke-linecap[39m=[32m&quot;round&quot;[39m
                  [33mstroke-linejoin[39m=[32m&quot;round&quot;[39m
                  [33mstroke-width[39m=[32m&quot;2&quot;[39m
                  [33mviewBox[39m=[32m&quot;0 0 24 24&quot;[39m
                  [33mwidth[39m=[32m&quot;14&quot;[39m
                  [33mxmlns[39m=[32m&quot;http://www.w3.org/2000/svg&quot;[39m
                [36m&gt;[39m
                  [36m&lt;path[39m
                    [33md[39m=[32m&quot;M3 12a9 9 0 0 1 9-9 9.75 9.75 0 0 1 6.74 2.74L21 8&quot;[39m
                  [36m/&gt;[39m
                  [36m&lt;path[39m
                    [33md[39m=[32m&quot;M21 3v5h-5&quot;[39m
                  [36m/&gt;[39m
                  [36m&lt;path[39m
                    [33md[39m=[32m&quot;M21 12a9 9 0 0 1-9 9 9.75 9.75 0 0 1-6.74-2.74L3 16&quot;[39m
                  [36m/&gt;[39m
                  [36m&lt;path[39m
                    [33md[39m=[32m&quot;M8 16H3v5&quot;[39m
                  [36m/&gt;[39m
                [36m&lt;/svg&gt;[39m
              [36m&lt;/span&gt;[39m
              [36m&lt;span&gt;[39m
                [0mTry Again[0m
              [36m&lt;/span&gt;[39m
            [36m&lt;/button&gt;[39m
          [36m&lt;/div&gt;[39m
          [36m&lt;div[39m
            [33mclass[39m=[32m&quot;ant-space-item&quot;[39m
          [36m&gt;[39m
            [36m&lt;button[39m
              [33mclass[39m=[32m&quot;ant-btn css-dev-only-do-not-override-l9pxc0 ant-btn-default ant-btn-color-default ant-btn-variant-outlined ant-btn-lg&quot;[39m
              [33mtype[39m=[32m&quot;button&quot;[39m
            [36m&gt;[39m
              [36m&lt;span[39m
                [33mclass[39m=[32m&quot;ant-btn-icon&quot;[39m
              [36m&gt;[39m
                [36m&lt;svg[39m
                  [33maria-hidden[39m=[32m&quot;true&quot;[39m
                  [33mclass[39m=[32m&quot;lucide lucide-arrow-left&quot;[39m
                  [33mfill[39m=[32m&quot;none&quot;[39m
                  [33mheight[39m=[32m&quot;14&quot;[39m
                  [33mstroke[39m=[32m&quot;currentColor&quot;[39m
                  [33mstroke-linecap[39m=[32m&quot;round&quot;[39m
                  [33mstroke-linejoin[39m=[32m&quot;round&quot;[39m
                  [33mstroke-width[39m=[32m&quot;2&quot;[39m
                  [33mviewBox[39m=[32m&quot;0 0 24 24&quot;[39m
                  [33mwidth[39m=[32m&quot;14&quot;[39m
                  [33mxmlns[39m=[32m&quot;http://www.w3.org/2000/svg&quot;[39m
                [36m&gt;[39m
                  [36m&lt;path[39m
                    [33md[39m=[32m&quot;m12 19-7-7 7-7&quot;[39m
                  [36m/&gt;[39m
                  [36m&lt;path[39m
                    [33md[39m=[32m&quot;M19 12H5&quot;[39m
                  [36m/&gt;[39m
                [36m&lt;/svg&gt;[39m
              [36m&lt;/span&gt;[39m
              [36m&lt;span&gt;[39m
                [0mGo Back[0m
              [36m&lt;/span&gt;[39m
            [36m&lt;/button&gt;[39m
          [36m&lt;/div&gt;[39m
          [36m&lt;div[39m
            [33mclass[39m=[32m&quot;ant-space-item&quot;[39m
          [36m&gt;[39m
            [36m&lt;button[39m
              [33mclass[39m=[32m&quot;ant-btn css-dev-only-do-not-override-l9pxc0 ant-btn-default ant-btn-color-default ant-btn-variant-outlined ant-btn-lg&quot;[39m
              [33mtype[39m=[32m&quot;button&quot;[39m
            [36m&gt;[39m
              [36m&lt;span[39m
                [33mclass[39m=[32m&quot;ant-btn-icon&quot;[39m
              [36m&gt;[39m
                [36m&lt;svg[39m
                  [33maria-hidden[39m=[32m&quot;true&quot;[39m
                  [33mclass[39m=[32m&quot;lucide lucide-refresh-cw&quot;[39m
                  [33mfill[39m=[32m&quot;none&quot;[39m
                  [33mheight[39m=[32m&quot;14&quot;[39m
                  [33mstroke[39m=[32m&quot;currentColor&quot;[39m
                  [33mstroke-linecap[39m=[32m&quot;round&quot;[39m
                  [33mstroke-linejoin[39m=[32m&quot;round&quot;[39m
                  [33mstroke-width[39m=[32m&quot;2&quot;[39m
                  [33mviewBox[39m=[32m&quot;0 0 24 24&quot;[39m
                  [33mwidth[39m=[32m&quot;14&quot;[39m
                  [33mxmlns[39m=[32m&quot;http://www.w3.org/2000/svg&quot;[39m
                [36m&gt;[39m
                  [36m&lt;path[39m
                    [33md[39m=[32m&quot;M3 12a9 9 0 0 1 9-9 9.75 9.75 0 0 1 6.74 2.74L21 8&quot;[39m
                  [36m/&gt;[39m
                  [36m&lt;path[39m
                    [33md[39m=[32m&quot;M21 3v5h-5&quot;[39m
                  [36m/&gt;[39m
                  [36m&lt;path[39m
                    [33md[39m=[32m&quot;M21 12a9 9 0 0 1-9 9 9.75 9.75 0 0 1-6.74-2.74L3 16&quot;[39m
                  [36m/&gt;[39m
                  [36m&lt;path[39m
                    [33md[39m=[32m&quot;M8 16H3v5&quot;[39m
                  [36m/&gt;[39m
                [36m&lt;/svg&gt;[39m
              [36m&lt;/span&gt;[39m
              [36m&lt;span&gt;[39m
                [0mReload Page[0m
              [36m&lt;/span&gt;[39m
            [36m&lt;/button&gt;[39m
          [36m&lt;/div&gt;[39m
        [36m&lt;/div&gt;[39m
      [36m&lt;/div&gt;[39m
    [36m&lt;/div&gt;[39m
  [36m&lt;/div&gt;[39m
[36m&lt;/body&gt;[39m" type="TestingLibraryElementError">
TestingLibraryElementError: Unable to find an element with the text: Attempt 2 of 3. This could be because the text is broken up by multiple elements. In this case, you can provide a function for your text matcher to make your matcher more flexible.

Ignored nodes: comments, script, style
&lt;body&gt;
  &lt;div&gt;
    &lt;div
      style=&quot;min-height: 400px; background: rgb(245, 245, 245); display: flex; align-items: center; justify-content: center; padding: 32px; border-radius: 8px;&quot;
    &gt;
      &lt;div
        style=&quot;max-width: 600px; width: 100%; text-align: center; background: rgba(255, 255, 255, 0.9); border-radius: 16px; padding: 32px; border: 1px solid rgb(229, 231, 235); box-shadow: 0 4px 6px rgba(0, 0, 0, 0.1);&quot;
      &gt;
        &lt;svg
          aria-hidden=&quot;true&quot;
          class=&quot;lucide lucide-circle-alert&quot;
          fill=&quot;none&quot;
          height=&quot;48&quot;
          stroke=&quot;currentColor&quot;
          stroke-linecap=&quot;round&quot;
          stroke-linejoin=&quot;round&quot;
          stroke-width=&quot;2&quot;
          style=&quot;color: rgb(239, 68, 68); margin-bottom: 16px;&quot;
          viewBox=&quot;0 0 24 24&quot;
          width=&quot;48&quot;
          xmlns=&quot;http://www.w3.org/2000/svg&quot;
        &gt;
          &lt;circle
            cx=&quot;12&quot;
            cy=&quot;12&quot;
            r=&quot;10&quot;
          /&gt;
          &lt;line
            x1=&quot;12&quot;
            x2=&quot;12&quot;
            y1=&quot;8&quot;
            y2=&quot;12&quot;
          /&gt;
          &lt;line
            x1=&quot;12&quot;
            x2=&quot;12.01&quot;
            y1=&quot;16&quot;
            y2=&quot;16&quot;
          /&gt;
        &lt;/svg&gt;
        &lt;h3
          style=&quot;font-size: 20px; font-weight: bold; margin-bottom: 8px; color: rgb(31, 41, 55);&quot;
        &gt;
          Query Timeout
        &lt;/h3&gt;
        &lt;p
          style=&quot;font-size: 14px; margin-bottom: 20px; color: rgb(107, 114, 128); line-height: 1.5;&quot;
        &gt;
          The query took too long to execute. Try reducing the date range, adding more specific filters, or selecting fewer fields.
        &lt;/p&gt;
        &lt;div
          style=&quot;margin-bottom: 16px; padding: 8px 12px; background: rgba(59, 130, 246, 0.05); border: 1px solid rgba(59, 130, 246, 0.2); border-radius: 6px; font-size: 12px; color: rgb(37, 99, 235);&quot;
        &gt;
          Attempt 
          1
           of 
          3
        &lt;/div&gt;
        &lt;details
          style=&quot;text-align: left; margin-bottom: 20px; background: rgba(0, 0, 0, 0.05); padding: 12px; border-radius: 6px; font-size: 12px;&quot;
        &gt;
          &lt;summary
            style=&quot;cursor: pointer; margin-bottom: 8px; color: rgb(107, 114, 128); font-size: 12px;&quot;
          &gt;
            &lt;svg
              aria-hidden=&quot;true&quot;
              class=&quot;lucide lucide-bug&quot;
              fill=&quot;none&quot;
              height=&quot;14&quot;
              stroke=&quot;currentColor&quot;
              stroke-linecap=&quot;round&quot;
              stroke-linejoin=&quot;round&quot;
              stroke-width=&quot;2&quot;
              style=&quot;margin-right: 6px; vertical-align: middle;&quot;
              viewBox=&quot;0 0 24 24&quot;
              width=&quot;14&quot;
              xmlns=&quot;http://www.w3.org/2000/svg&quot;
            &gt;
              &lt;path
                d=&quot;m8 2 1.88 1.88&quot;
              /&gt;
              &lt;path
                d=&quot;M14.12 3.88 16 2&quot;
              /&gt;
              &lt;path
                d=&quot;M9 7.13v-1a3.003 3.003 0 1 1 6 0v1&quot;
              /&gt;
              &lt;path
                d=&quot;M12 20c-3.3 0-6-2.7-6-6v-3a4 4 0 0 1 4-4h4a4 4 0 0 1 4 4v3c0 3.3-2.7 6-6 6&quot;
              /&gt;
              &lt;path
                d=&quot;M12 20v-9&quot;
              /&gt;
              &lt;path
                d=&quot;M6.53 9C4.6 8.8 3 7.1 3 5&quot;
              /&gt;
              &lt;path
                d=&quot;M6 13H2&quot;
              /&gt;
              &lt;path
                d=&quot;M3 21c0-2.1 1.7-3.9 3.8-4&quot;
              /&gt;
              &lt;path
                d=&quot;M20.97 5c0 2.1-1.6 3.8-3.5 4&quot;
              /&gt;
              &lt;path
                d=&quot;M22 13h-4&quot;
              /&gt;
              &lt;path
                d=&quot;M17.2 17c2.1.1 3.8 1.9 3.8 4&quot;
              /&gt;
            &lt;/svg&gt;
            Error Details (Development Only)
          &lt;/summary&gt;
          &lt;div
            style=&quot;font-family: monospace; color: rgb(75, 85, 99); word-break: break-word;&quot;
          &gt;
            &lt;strong&gt;
              Type:
            &lt;/strong&gt;
             
            TIMEOUT
            &lt;br /&gt;
            &lt;strong&gt;
              Code:
            &lt;/strong&gt;
             
            TEST_ERROR
            &lt;br /&gt;
            &lt;strong&gt;
              Message:
            &lt;/strong&gt;
             
            Attempt 1 failed
            &lt;br /&gt;
            &lt;strong&gt;
              Stack:
            &lt;/strong&gt;
            &lt;pre
              style=&quot;white-space: pre-wrap; word-break: break-word; margin: 4px 0px 0px 0px; font-size: 10px;&quot;
            &gt;
              AppError: Attempt 1 failed
    at /home/ilya/projects/SimpleAdminReporter/frontend/src/test-scenarios/__tests__/retry-logic.test.tsx:303:15
    at mockCall (file:///home/ilya/projects/SimpleAdminReporter/frontend/node_modules/@vitest/spy/dist/index.js:96:15)
    at spy (file:///home/ilya/projects/SimpleAdminReporter/frontend/node_modules/tinyspy/dist/index.js:47:103)
    at Object.handleRetry [as onClick] (/home/ilya/projects/SimpleAdminReporter/frontend/src/components/query/QueryPreviewErrorBoundary.tsx:179:15)
            &lt;/pre&gt;
          &lt;/div&gt;
        &lt;/details&gt;
        &lt;div
          class=&quot;ant-space css-dev-only-do-not-override-l9pxc0 ant-space-horizontal ant-space-align-center ant-space-gap-row-middle ant-space-gap-col-middle&quot;
          style=&quot;margin-top: 16px;&quot;
        &gt;
          &lt;div
            class=&quot;ant-space-item&quot;
          &gt;
            &lt;button
              class=&quot;ant-btn css-dev-only-do-not-override-l9pxc0 ant-btn-primary ant-btn-color-primary ant-btn-variant-solid ant-btn-lg&quot;
              type=&quot;button&quot;
            &gt;
              &lt;span
                class=&quot;ant-btn-icon&quot;
              &gt;
                &lt;svg
                  aria-hidden=&quot;true&quot;
                  class=&quot;lucide lucide-refresh-cw&quot;
                  fill=&quot;none&quot;
                  height=&quot;14&quot;
                  stroke=&quot;currentColor&quot;
                  stroke-linecap=&quot;round&quot;
                  stroke-linejoin=&quot;round&quot;
                  stroke-width=&quot;2&quot;
                  viewBox=&quot;0 0 24 24&quot;
                  width=&quot;14&quot;
                  xmlns=&quot;http://www.w3.org/2000/svg&quot;
                &gt;
                  &lt;path
                    d=&quot;M3 12a9 9 0 0 1 9-9 9.75 9.75 0 0 1 6.74 2.74L21 8&quot;
                  /&gt;
                  &lt;path
                    d=&quot;M21 3v5h-5&quot;
                  /&gt;
                  &lt;path
                    d=&quot;M21 12a9 9 0 0 1-9 9 9.75 9.75 0 0 1-6.74-2.74L3 16&quot;
                  /&gt;
                  &lt;path
                    d=&quot;M8 16H3v5&quot;
                  /&gt;
                &lt;/svg&gt;
              &lt;/span&gt;
              &lt;span&gt;
                Try Again
              &lt;/span&gt;
            &lt;/button&gt;
          &lt;/div&gt;
          &lt;div
            class=&quot;ant-space-item&quot;
          &gt;
            &lt;button
              class=&quot;ant-btn css-dev-only-do-not-override-l9pxc0 ant-btn-default ant-btn-color-default ant-btn-variant-outlined ant-btn-lg&quot;
              type=&quot;button&quot;
            &gt;
              &lt;span
                class=&quot;ant-btn-icon&quot;
              &gt;
                &lt;svg
                  aria-hidden=&quot;true&quot;
                  class=&quot;lucide lucide-arrow-left&quot;
                  fill=&quot;none&quot;
                  height=&quot;14&quot;
                  stroke=&quot;currentColor&quot;
                  stroke-linecap=&quot;round&quot;
                  stroke-linejoin=&quot;round&quot;
                  stroke-width=&quot;2&quot;
                  viewBox=&quot;0 0 24 24&quot;
                  width=&quot;14&quot;
                  xmlns=&quot;http://www.w3.org/2000/svg&quot;
                &gt;
                  &lt;path
                    d=&quot;m12 19-7-7 7-7&quot;
                  /&gt;
                  &lt;path
                    d=&quot;M19 12H5&quot;
                  /&gt;
                &lt;/svg&gt;
              &lt;/span&gt;
              &lt;span&gt;
                Go Back
              &lt;/span&gt;
            &lt;/button&gt;
          &lt;/div&gt;
          &lt;div
            class=&quot;ant-space-item&quot;
          &gt;
            &lt;button
              class=&quot;ant-btn css-dev-only-do-not-override-l9pxc0 ant-btn-default ant-btn-color-default ant-btn-variant-outlined ant-btn-lg&quot;
              type=&quot;button&quot;
            &gt;
              &lt;span
                class=&quot;ant-btn-icon&quot;
              &gt;
                &lt;svg
                  aria-hidden=&quot;true&quot;
                  class=&quot;lucide lucide-refresh-cw&quot;
                  fill=&quot;none&quot;
                  height=&quot;14&quot;
                  stroke=&quot;currentColor&quot;
                  stroke-linecap=&quot;round&quot;
                  stroke-linejoin=&quot;round&quot;
                  stroke-width=&quot;2&quot;
                  viewBox=&quot;0 0 24 24&quot;
                  width=&quot;14&quot;
                  xmlns=&quot;http://www.w3.org/2000/svg&quot;
                &gt;
                  &lt;path
                    d=&quot;M3 12a9 9 0 0 1 9-9 9.75 9.75 0 0 1 6.74 2.74L21 8&quot;
                  /&gt;
                  &lt;path
                    d=&quot;M21 3v5h-5&quot;
                  /&gt;
                  &lt;path
                    d=&quot;M21 12a9 9 0 0 1-9 9 9.75 9.75 0 0 1-6.74-2.74L3 16&quot;
                  /&gt;
                  &lt;path
                    d=&quot;M8 16H3v5&quot;
                  /&gt;
                &lt;/svg&gt;
              &lt;/span&gt;
              &lt;span&gt;
                Reload Page
              &lt;/span&gt;
            &lt;/button&gt;
          &lt;/div&gt;
        &lt;/div&gt;
      &lt;/div&gt;
    &lt;/div&gt;
  &lt;/div&gt;
&lt;/body&gt;
 ❯ src/test-scenarios/__tests__/retry-logic.test.tsx:303:15
 ❯ Object.getElementError node_modules/@testing-library/dom/dist/config.js:37:19
 ❯ node_modules/@testing-library/dom/dist/query-helpers.js:76:38
 ❯ node_modules/@testing-library/dom/dist/query-helpers.js:52:17
 ❯ node_modules/@testing-library/dom/dist/query-helpers.js:95:19
 ❯ src/test-scenarios/__tests__/retry-logic.test.tsx:325:21
            </failure>
        </testcase>
        <testcase classname="src/test-scenarios/__tests__/retry-logic.test.tsx" name="Retry Logic Comprehensive Tests &gt; Error Boundary Retry Integration &gt; disables retry when max attempts reached" time="0.072772637">
        </testcase>
        <testcase classname="src/test-scenarios/__tests__/retry-logic.test.tsx" name="Retry Logic Comprehensive Tests &gt; Error Boundary Retry Integration &gt; resets retry count on successful retry" time="0.089896096">
            <failure message="Unable to find an element by: [data-testid=&quot;success&quot;]

Ignored nodes: comments, script, style
[36m&lt;body&gt;[39m
  [36m&lt;div&gt;[39m
    [36m&lt;div[39m
      [33mstyle[39m=[32m&quot;min-height: 400px; background: rgb(245, 245, 245); display: flex; align-items: center; justify-content: center; padding: 32px; border-radius: 8px;&quot;[39m
    [36m&gt;[39m
      [36m&lt;div[39m
        [33mstyle[39m=[32m&quot;max-width: 600px; width: 100%; text-align: center; background: rgba(255, 255, 255, 0.9); border-radius: 16px; padding: 32px; border: 1px solid rgb(229, 231, 235); box-shadow: 0 4px 6px rgba(0, 0, 0, 0.1);&quot;[39m
      [36m&gt;[39m
        [36m&lt;svg[39m
          [33maria-hidden[39m=[32m&quot;true&quot;[39m
          [33mclass[39m=[32m&quot;lucide lucide-circle-alert&quot;[39m
          [33mfill[39m=[32m&quot;none&quot;[39m
          [33mheight[39m=[32m&quot;48&quot;[39m
          [33mstroke[39m=[32m&quot;currentColor&quot;[39m
          [33mstroke-linecap[39m=[32m&quot;round&quot;[39m
          [33mstroke-linejoin[39m=[32m&quot;round&quot;[39m
          [33mstroke-width[39m=[32m&quot;2&quot;[39m
          [33mstyle[39m=[32m&quot;color: rgb(239, 68, 68); margin-bottom: 16px;&quot;[39m
          [33mviewBox[39m=[32m&quot;0 0 24 24&quot;[39m
          [33mwidth[39m=[32m&quot;48&quot;[39m
          [33mxmlns[39m=[32m&quot;http://www.w3.org/2000/svg&quot;[39m
        [36m&gt;[39m
          [36m&lt;circle[39m
            [33mcx[39m=[32m&quot;12&quot;[39m
            [33mcy[39m=[32m&quot;12&quot;[39m
            [33mr[39m=[32m&quot;10&quot;[39m
          [36m/&gt;[39m
          [36m&lt;line[39m
            [33mx1[39m=[32m&quot;12&quot;[39m
            [33mx2[39m=[32m&quot;12&quot;[39m
            [33my1[39m=[32m&quot;8&quot;[39m
            [33my2[39m=[32m&quot;12&quot;[39m
          [36m/&gt;[39m
          [36m&lt;line[39m
            [33mx1[39m=[32m&quot;12&quot;[39m
            [33mx2[39m=[32m&quot;12.01&quot;[39m
            [33my1[39m=[32m&quot;16&quot;[39m
            [33my2[39m=[32m&quot;16&quot;[39m
          [36m/&gt;[39m
        [36m&lt;/svg&gt;[39m
        [36m&lt;h3[39m
          [33mstyle[39m=[32m&quot;font-size: 20px; font-weight: bold; margin-bottom: 8px; color: rgb(31, 41, 55);&quot;[39m
        [36m&gt;[39m
          [0mNetwork Connection Issue[0m
        [36m&lt;/h3&gt;[39m
        [36m&lt;p[39m
          [33mstyle[39m=[32m&quot;font-size: 14px; margin-bottom: 20px; color: rgb(107, 114, 128); line-height: 1.5;&quot;[39m
        [36m&gt;[39m
          [0mCheck your internet connection and try again. If the problem persists, contact your network administrator.[0m
        [36m&lt;/p&gt;[39m
        [36m&lt;div[39m
          [33mclass[39m=[32m&quot;ant-alert ant-alert-warning ant-alert-with-description css-dev-only-do-not-override-l9pxc0&quot;[39m
          [33mdata-show[39m=[32m&quot;true&quot;[39m
          [33mrole[39m=[32m&quot;alert&quot;[39m
          [33mstyle[39m=[32m&quot;margin-bottom: 20px; text-align: left;&quot;[39m
        [36m&gt;[39m
          [36m&lt;span[39m
            [33maria-label[39m=[32m&quot;exclamation-circle&quot;[39m
            [33mclass[39m=[32m&quot;anticon anticon-exclamation-circle ant-alert-icon&quot;[39m
            [33mrole[39m=[32m&quot;img&quot;[39m
          [36m&gt;[39m
            [36m&lt;svg[39m
              [33maria-hidden[39m=[32m&quot;true&quot;[39m
              [33mdata-icon[39m=[32m&quot;exclamation-circle&quot;[39m
              [33mfill[39m=[32m&quot;currentColor&quot;[39m
              [33mfocusable[39m=[32m&quot;false&quot;[39m
              [33mheight[39m=[32m&quot;1em&quot;[39m
              [33mviewBox[39m=[32m&quot;64 64 896 896&quot;[39m
              [33mwidth[39m=[32m&quot;1em&quot;[39m
            [36m&gt;[39m
              [36m&lt;path[39m
                [33md[39m=[32m&quot;M512 64C264.6 64 64 264.6 64 512s200.6 448 448 448 448-200.6 448-448S759.4 64 512 64zm-32 232c0-4.4 3.6-8 8-8h48c4.4 0 8 3.6 8 8v272c0 4.4-3.6 8-8 8h-48c-4.4 0-8-3.6-8-8V296zm32 440a48.01 48.01 0 010-96 48.01 48.01 0 010 96z&quot;[39m
              [36m/&gt;[39m
            [36m&lt;/svg&gt;[39m
          [36m&lt;/span&gt;[39m
          [36m&lt;div[39m
            [33mclass[39m=[32m&quot;ant-alert-content&quot;[39m
          [36m&gt;[39m
            [36m&lt;div[39m
              [33mclass[39m=[32m&quot;ant-alert-message&quot;[39m
            [36m&gt;[39m
              [0mThis error has occurred 4 times[0m
            [36m&lt;/div&gt;[39m
            [36m&lt;div[39m
              [33mclass[39m=[32m&quot;ant-alert-description&quot;[39m
            [36m&gt;[39m
              [0mIf the problem persists, please try a different approach or contact support.[0m
            [36m&lt;/div&gt;[39m
          [36m&lt;/div&gt;[39m
        [36m&lt;/div&gt;[39m
        [36m&lt;div[39m
          [33mstyle[39m=[32m&quot;margin-bottom: 16px; padding: 8px 12px; background: rgba(59, 130, 246, 0.05); border: 1px solid rgba(59, 130, 246, 0.2); border-radius: 6px; font-size: 12px; color: rgb(37, 99, 235);&quot;[39m
        [36m&gt;[39m
          [0mAttempt [0m
          [0m1[0m
          [0m of [0m
          [0m3[0m
        [36m&lt;/div&gt;[39m
        [36m&lt;details[39m
          [33mstyle[39m=[32m&quot;text-align: left; margin-bottom: 20px; background: rgba(0, 0, 0, 0.05); padding: 12px; border-radius: 6px; font-size: 12px;&quot;[39m
        [36m&gt;[39m
          [36m&lt;summary[39m
            [33mstyle[39m=[32m&quot;cursor: pointer; margin-bottom: 8px; color: rgb(107, 114, 128); font-size: 12px;&quot;[39m
          [36m&gt;[39m
            [36m&lt;svg[39m
              [33maria-hidden[39m=[32m&quot;true&quot;[39m
              [33mclass[39m=[32m&quot;lucide lucide-bug&quot;[39m
              [33mfill[39m=[32m&quot;none&quot;[39m
              [33mheight[39m=[32m&quot;14&quot;[39m
              [33mstroke[39m=[32m&quot;currentColor&quot;[39m
              [33mstroke-linecap[39m=[32m&quot;round&quot;[39m
              [33mstroke-linejoin[39m=[32m&quot;round&quot;[39m
              [33mstroke-width[39m=[32m&quot;2&quot;[39m
              [33mstyle[39m=[32m&quot;margin-right: 6px; vertical-align: middle;&quot;[39m
              [33mviewBox[39m=[32m&quot;0 0 24 24&quot;[39m
              [33mwidth[39m=[32m&quot;14&quot;[39m
              [33mxmlns[39m=[32m&quot;http://www.w3.org/2000/svg&quot;[39m
            [36m&gt;[39m
              [36m&lt;path[39m
                [33md[39m=[32m&quot;m8 2 1.88 1.88&quot;[39m
              [36m/&gt;[39m
              [36m&lt;path[39m
                [33md[39m=[32m&quot;M14.12 3.88 16 2&quot;[39m
              [36m/&gt;[39m
              [36m&lt;path[39m
                [33md[39m=[32m&quot;M9 7.13v-1a3.003 3.003 0 1 1 6 0v1&quot;[39m
              [36m/&gt;[39m
              [36m&lt;path[39m
                [33md[39m=[32m&quot;M12 20c-3.3 0-6-2.7-6-6v-3a4 4 0 0 1 4-4h4a4 4 0 0 1 4 4v3c0 3.3-2.7 6-6 6&quot;[39m
              [36m/&gt;[39m
              [36m&lt;path[39m
                [33md[39m=[32m&quot;M12 20v-9&quot;[39m
              [36m/&gt;[39m
              [36m&lt;path[39m
                [33md[39m=[32m&quot;M6.53 9C4.6 8.8 3 7.1 3 5&quot;[39m
              [36m/&gt;[39m
              [36m&lt;path[39m
                [33md[39m=[32m&quot;M6 13H2&quot;[39m
              [36m/&gt;[39m
              [36m&lt;path[39m
                [33md[39m=[32m&quot;M3 21c0-2.1 1.7-3.9 3.8-4&quot;[39m
              [36m/&gt;[39m
              [36m&lt;path[39m
                [33md[39m=[32m&quot;M20.97 5c0 2.1-1.6 3.8-3.5 4&quot;[39m
              [36m/&gt;[39m
              [36m&lt;path[39m
                [33md[39m=[32m&quot;M22 13h-4&quot;[39m
              [36m/&gt;[39m
              [36m&lt;path[39m
                [33md[39m=[32m&quot;M17.2 17c2.1.1 3.8 1.9 3.8 4&quot;[39m
              [36m/&gt;[39m
            [36m&lt;/svg&gt;[39m
            [0mError Details (Development Only)[0m
          [36m&lt;/summary&gt;[39m
          [36m&lt;div[39m
            [33mstyle[39m=[32m&quot;font-family: monospace; color: rgb(75, 85, 99); word-break: break-word;&quot;[39m
          [36m&gt;[39m
            [36m&lt;strong&gt;[39m
              [0mType:[0m
            [36m&lt;/strong&gt;[39m
            [0m [0m
            [0mNETWORK[0m
            [36m&lt;br /&gt;[39m
            [36m&lt;strong&gt;[39m
              [0mCode:[0m
            [36m&lt;/strong&gt;[39m
            [0m [0m
            [0mTEST_ERROR[0m
            [36m&lt;br /&gt;[39m
            [36m&lt;strong&gt;[39m
              [0mMessage:[0m
            [36m&lt;/strong&gt;[39m
            [0m [0m
            [0mFirst retry fails[0m
            [36m&lt;br /&gt;[39m
            [36m&lt;strong&gt;[39m
              [0mStack:[0m
            [36m&lt;/strong&gt;[39m
            [36m&lt;pre[39m
              [33mstyle[39m=[32m&quot;white-space: pre-wrap; word-break: break-word; margin: 4px 0px 0px 0px; font-size: 10px;&quot;[39m
            [36m&gt;[39m
              [0mAppError: First retry fails
    at /home/ilya/projects/SimpleAdminReporter/frontend/src/test-scenarios/__tests__/retry-logic.test.tsx:365:17
    at mockCall (file:///home/ilya/projects/SimpleAdminReporter/frontend/node_modules/@vitest/spy/dist/index.js:96:15)
    at spy (file:///home/ilya/projects/SimpleAdminReporter/frontend/node_modules/tinyspy/dist/index.js:47:103)
    at Object.handleRetry [as onClick] (/home/ilya/projects/SimpleAdminReporter/frontend/src/components/query/QueryPreviewErrorBoundary.tsx:179:15)[0m
            [36m&lt;/pre&gt;[39m
          [36m&lt;/div&gt;[39m
        [36m&lt;/details&gt;[39m
        [36m&lt;div[39m
          [33mclass[39m=[32m&quot;ant-space css-dev-only-do-not-override-l9pxc0 ant-space-horizontal ant-space-align-center ant-space-gap-row-middle ant-space-gap-col-middle&quot;[39m
          [33mstyle[39m=[32m&quot;margin-top: 16px;&quot;[39m
        [36m&gt;[39m
          [36m&lt;div[39m
            [33mclass[39m=[32m&quot;ant-space-item&quot;[39m
          [36m&gt;[39m
            [36m&lt;button[39m
              [33mclass[39m=[32m&quot;ant-btn css-dev-only-do-not-override-l9pxc0 ant-btn-primary ant-btn-color-primary ant-btn-variant-solid ant-btn-lg&quot;[39m
              [33mtype[39m=[32m&quot;button&quot;[39m
            [36m&gt;[39m
              [36m&lt;span[39m
                [33mclass[39m=[32m&quot;ant-btn-icon&quot;[39m
              [36m&gt;[39m
                [36m&lt;svg[39m
                  [33maria-hidden[39m=[32m&quot;true&quot;[39m
                  [33mclass[39m=[32m&quot;lucide lucide-refresh-cw&quot;[39m
                  [33mfill[39m=[32m&quot;none&quot;[39m
                  [33mheight[39m=[32m&quot;14&quot;[39m
                  [33mstroke[39m=[32m&quot;currentColor&quot;[39m
                  [33mstroke-linecap[39m=[32m&quot;round&quot;[39m
                  [33mstroke-linejoin[39m=[32m&quot;round&quot;[39m
                  [33mstroke-width[39m=[32m&quot;2&quot;[39m
                  [33mviewBox[39m=[32m&quot;0 0 24 24&quot;[39m
                  [33mwidth[39m=[32m&quot;14&quot;[39m
                  [33mxmlns[39m=[32m&quot;http://www.w3.org/2000/svg&quot;[39m
                [36m&gt;[39m
                  [36m&lt;path[39m
                    [33md[39m=[32m&quot;M3 12a9 9 0 0 1 9-9 9.75 9.75 0 0 1 6.74 2.74L21 8&quot;[39m
                  [36m/&gt;[39m
                  [36m&lt;path[39m
                    [33md[39m=[32m&quot;M21 3v5h-5&quot;[39m
                  [36m/&gt;[39m
                  [36m&lt;path[39m
                    [33md[39m=[32m&quot;M21 12a9 9 0 0 1-9 9 9.75 9.75 0 0 1-6.74-2.74L3 16&quot;[39m
                  [36m/&gt;[39m
                  [36m&lt;path[39m
                    [33md[39m=[32m&quot;M8 16H3v5&quot;[39m
                  [36m/&gt;[39m
                [36m&lt;/svg&gt;[39m
              [36m&lt;/span&gt;[39m
              [36m&lt;span&gt;[39m
                [0mTry Again[0m
              [36m&lt;/span&gt;[39m
            [36m&lt;/button&gt;[39m
          [36m&lt;/div&gt;[39m
          [36m&lt;div[39m
            [33mclass[39m=[32m&quot;ant-space-item&quot;[39m
          [36m&gt;[39m
            [36m&lt;button[39m
              [33mclass[39m=[32m&quot;ant-btn css-dev-only-do-not-override-l9pxc0 ant-btn-default ant-btn-color-default ant-btn-variant-outlined ant-btn-lg&quot;[39m
              [33mtype[39m=[32m&quot;button&quot;[39m
            [36m&gt;[39m
              [36m&lt;span[39m
                [33mclass[39m=[32m&quot;ant-btn-icon&quot;[39m
              [36m&gt;[39m
                [36m&lt;svg[39m
                  [33maria-hidden[39m=[32m&quot;true&quot;[39m
                  [33mclass[39m=[32m&quot;lucide lucide-arrow-left&quot;[39m
                  [33mfill[39m=[32m&quot;none&quot;[39m
                  [33mheight[39m=[32m&quot;14&quot;[39m
                  [33mstroke[39m=[32m&quot;currentColor&quot;[39m
                  [33mstroke-linecap[39m=[32m&quot;round&quot;[39m
                  [33mstroke-linejoin[39m=[32m&quot;round&quot;[39m
                  [33mstroke-width[39m=[32m&quot;2&quot;[39m
                  [33mviewBox[39m=[32m&quot;0 0 24 24&quot;[39m
                  [33mwidth[39m=[32m&quot;14&quot;[39m
                  [33mxmlns[39m=[32m&quot;http://www.w3.org/2000/svg&quot;[39m
                [36m&gt;[39m
                  [36m&lt;path[39m
                    [33md[39m=[32m&quot;m12 19-7-7 7-7&quot;[39m
                  [36m/&gt;[39m
                  [36m&lt;path[39m
                    [33md[39m=[32m&quot;M19 12H5&quot;[39m
                  [36m/&gt;[39m
                [36m&lt;/svg&gt;[39m
              [36m&lt;/span&gt;[39m
              [36m&lt;span&gt;[39m
                [0mGo Back[0m
              [36m&lt;/span&gt;[39m
            [36m&lt;/button&gt;[39m
          [36m&lt;/div&gt;[39m
          [36m&lt;div[39m
            [33mclass[39m=[32m&quot;ant-space-item&quot;[39m
          [36m&gt;[39m
            [36m&lt;button[39m
              [33mclass[39m=[32m&quot;ant-btn css-dev-only-do-not-override-l9pxc0 ant-btn-default ant-btn-color-default ant-btn-variant-outlined ant-btn-lg&quot;[39m
              [33mtype[39m=[32m&quot;button&quot;[39m
            [36m&gt;[39m
              [36m&lt;span[39m
                [33mclass[39m=[32m&quot;ant-btn-icon&quot;[39m
              [36m&gt;[39m
                [36m&lt;svg[39m
                  [33maria-hidden[39m=[32m&quot;true&quot;[39m
                  [33mclass[39m=[32m&quot;lucide lucide-refresh-cw&quot;[39m
                  [33mfill[39m=[32m&quot;none&quot;[39m
                  [33mheight[39m=[32m&quot;14&quot;[39m
                  [33mstroke[39m=[32m&quot;currentColor&quot;[39m
                  [33mstroke-linecap[39m=[32m&quot;round&quot;[39m
                  [33mstroke-linejoin[39m=[32m&quot;round&quot;[39m
                  [33mstroke-width[39m=[32m&quot;2&quot;[39m
                  [33mviewBox[39m=[32m&quot;0 0 24 24&quot;[39m
                  [33mwidth[39m=[32m&quot;14&quot;[39m
                  [33mxmlns[39m=[32m&quot;http://www.w3.org/2000/svg&quot;[39m
                [36m&gt;[39m
                  [36m&lt;path[39m
                    [33md[39m=[32m&quot;M3 12a9 9 0 0 1 9-9 9.75 9.75 0 0 1 6.74 2.74L21 8&quot;[39m
                  [36m/&gt;[39m
                  [36m&lt;path[39m
                    [33md[39m=[32m&quot;M21 3v5h-5&quot;[39m
                  [36m/&gt;[39m
                  [36m&lt;path[39m
                    [33md[39m=[32m&quot;M21 12a9 9 0 0 1-9 9 9.75 9.75 0 0 1-6.74-2.74L3 16&quot;[39m
                  [36m/&gt;[39m
                  [36m&lt;path[39m
                    [33md[39m=[32m&quot;M8 16H3v5&quot;[39m
                  [36m/&gt;[39m
                [36m&lt;/svg&gt;[39m
              [36m&lt;/span&gt;[39m
              [36m&lt;span&gt;[39m
                [0mReload Page[0m
              [36m&lt;/span&gt;[39m
            [36m&lt;/button&gt;[39m
          [36m&lt;/div&gt;[39m
        [36m&lt;/div&gt;[39m
      [36m&lt;/div&gt;[39m
    [36m&lt;/div&gt;[39m
  [36m&lt;/div&gt;[39m
[36m&lt;/body&gt;[39m" type="TestingLibraryElementError">
TestingLibraryElementError: Unable to find an element by: [data-testid=&quot;success&quot;]

Ignored nodes: comments, script, style
&lt;body&gt;
  &lt;div&gt;
    &lt;div
      style=&quot;min-height: 400px; background: rgb(245, 245, 245); display: flex; align-items: center; justify-content: center; padding: 32px; border-radius: 8px;&quot;
    &gt;
      &lt;div
        style=&quot;max-width: 600px; width: 100%; text-align: center; background: rgba(255, 255, 255, 0.9); border-radius: 16px; padding: 32px; border: 1px solid rgb(229, 231, 235); box-shadow: 0 4px 6px rgba(0, 0, 0, 0.1);&quot;
      &gt;
        &lt;svg
          aria-hidden=&quot;true&quot;
          class=&quot;lucide lucide-circle-alert&quot;
          fill=&quot;none&quot;
          height=&quot;48&quot;
          stroke=&quot;currentColor&quot;
          stroke-linecap=&quot;round&quot;
          stroke-linejoin=&quot;round&quot;
          stroke-width=&quot;2&quot;
          style=&quot;color: rgb(239, 68, 68); margin-bottom: 16px;&quot;
          viewBox=&quot;0 0 24 24&quot;
          width=&quot;48&quot;
          xmlns=&quot;http://www.w3.org/2000/svg&quot;
        &gt;
          &lt;circle
            cx=&quot;12&quot;
            cy=&quot;12&quot;
            r=&quot;10&quot;
          /&gt;
          &lt;line
            x1=&quot;12&quot;
            x2=&quot;12&quot;
            y1=&quot;8&quot;
            y2=&quot;12&quot;
          /&gt;
          &lt;line
            x1=&quot;12&quot;
            x2=&quot;12.01&quot;
            y1=&quot;16&quot;
            y2=&quot;16&quot;
          /&gt;
        &lt;/svg&gt;
        &lt;h3
          style=&quot;font-size: 20px; font-weight: bold; margin-bottom: 8px; color: rgb(31, 41, 55);&quot;
        &gt;
          Network Connection Issue
        &lt;/h3&gt;
        &lt;p
          style=&quot;font-size: 14px; margin-bottom: 20px; color: rgb(107, 114, 128); line-height: 1.5;&quot;
        &gt;
          Check your internet connection and try again. If the problem persists, contact your network administrator.
        &lt;/p&gt;
        &lt;div
          class=&quot;ant-alert ant-alert-warning ant-alert-with-description css-dev-only-do-not-override-l9pxc0&quot;
          data-show=&quot;true&quot;
          role=&quot;alert&quot;
          style=&quot;margin-bottom: 20px; text-align: left;&quot;
        &gt;
          &lt;span
            aria-label=&quot;exclamation-circle&quot;
            class=&quot;anticon anticon-exclamation-circle ant-alert-icon&quot;
            role=&quot;img&quot;
          &gt;
            &lt;svg
              aria-hidden=&quot;true&quot;
              data-icon=&quot;exclamation-circle&quot;
              fill=&quot;currentColor&quot;
              focusable=&quot;false&quot;
              height=&quot;1em&quot;
              viewBox=&quot;64 64 896 896&quot;
              width=&quot;1em&quot;
            &gt;
              &lt;path
                d=&quot;M512 64C264.6 64 64 264.6 64 512s200.6 448 448 448 448-200.6 448-448S759.4 64 512 64zm-32 232c0-4.4 3.6-8 8-8h48c4.4 0 8 3.6 8 8v272c0 4.4-3.6 8-8 8h-48c-4.4 0-8-3.6-8-8V296zm32 440a48.01 48.01 0 010-96 48.01 48.01 0 010 96z&quot;
              /&gt;
            &lt;/svg&gt;
          &lt;/span&gt;
          &lt;div
            class=&quot;ant-alert-content&quot;
          &gt;
            &lt;div
              class=&quot;ant-alert-message&quot;
            &gt;
              This error has occurred 4 times
            &lt;/div&gt;
            &lt;div
              class=&quot;ant-alert-description&quot;
            &gt;
              If the problem persists, please try a different approach or contact support.
            &lt;/div&gt;
          &lt;/div&gt;
        &lt;/div&gt;
        &lt;div
          style=&quot;margin-bottom: 16px; padding: 8px 12px; background: rgba(59, 130, 246, 0.05); border: 1px solid rgba(59, 130, 246, 0.2); border-radius: 6px; font-size: 12px; color: rgb(37, 99, 235);&quot;
        &gt;
          Attempt 
          1
           of 
          3
        &lt;/div&gt;
        &lt;details
          style=&quot;text-align: left; margin-bottom: 20px; background: rgba(0, 0, 0, 0.05); padding: 12px; border-radius: 6px; font-size: 12px;&quot;
        &gt;
          &lt;summary
            style=&quot;cursor: pointer; margin-bottom: 8px; color: rgb(107, 114, 128); font-size: 12px;&quot;
          &gt;
            &lt;svg
              aria-hidden=&quot;true&quot;
              class=&quot;lucide lucide-bug&quot;
              fill=&quot;none&quot;
              height=&quot;14&quot;
              stroke=&quot;currentColor&quot;
              stroke-linecap=&quot;round&quot;
              stroke-linejoin=&quot;round&quot;
              stroke-width=&quot;2&quot;
              style=&quot;margin-right: 6px; vertical-align: middle;&quot;
              viewBox=&quot;0 0 24 24&quot;
              width=&quot;14&quot;
              xmlns=&quot;http://www.w3.org/2000/svg&quot;
            &gt;
              &lt;path
                d=&quot;m8 2 1.88 1.88&quot;
              /&gt;
              &lt;path
                d=&quot;M14.12 3.88 16 2&quot;
              /&gt;
              &lt;path
                d=&quot;M9 7.13v-1a3.003 3.003 0 1 1 6 0v1&quot;
              /&gt;
              &lt;path
                d=&quot;M12 20c-3.3 0-6-2.7-6-6v-3a4 4 0 0 1 4-4h4a4 4 0 0 1 4 4v3c0 3.3-2.7 6-6 6&quot;
              /&gt;
              &lt;path
                d=&quot;M12 20v-9&quot;
              /&gt;
              &lt;path
                d=&quot;M6.53 9C4.6 8.8 3 7.1 3 5&quot;
              /&gt;
              &lt;path
                d=&quot;M6 13H2&quot;
              /&gt;
              &lt;path
                d=&quot;M3 21c0-2.1 1.7-3.9 3.8-4&quot;
              /&gt;
              &lt;path
                d=&quot;M20.97 5c0 2.1-1.6 3.8-3.5 4&quot;
              /&gt;
              &lt;path
                d=&quot;M22 13h-4&quot;
              /&gt;
              &lt;path
                d=&quot;M17.2 17c2.1.1 3.8 1.9 3.8 4&quot;
              /&gt;
            &lt;/svg&gt;
            Error Details (Development Only)
          &lt;/summary&gt;
          &lt;div
            style=&quot;font-family: monospace; color: rgb(75, 85, 99); word-break: break-word;&quot;
          &gt;
            &lt;strong&gt;
              Type:
            &lt;/strong&gt;
             
            NETWORK
            &lt;br /&gt;
            &lt;strong&gt;
              Code:
            &lt;/strong&gt;
             
            TEST_ERROR
            &lt;br /&gt;
            &lt;strong&gt;
              Message:
            &lt;/strong&gt;
             
            First retry fails
            &lt;br /&gt;
            &lt;strong&gt;
              Stack:
            &lt;/strong&gt;
            &lt;pre
              style=&quot;white-space: pre-wrap; word-break: break-word; margin: 4px 0px 0px 0px; font-size: 10px;&quot;
            &gt;
              AppError: First retry fails
    at /home/ilya/projects/SimpleAdminReporter/frontend/src/test-scenarios/__tests__/retry-logic.test.tsx:365:17
    at mockCall (file:///home/ilya/projects/SimpleAdminReporter/frontend/node_modules/@vitest/spy/dist/index.js:96:15)
    at spy (file:///home/ilya/projects/SimpleAdminReporter/frontend/node_modules/tinyspy/dist/index.js:47:103)
    at Object.handleRetry [as onClick] (/home/ilya/projects/SimpleAdminReporter/frontend/src/components/query/QueryPreviewErrorBoundary.tsx:179:15)
            &lt;/pre&gt;
          &lt;/div&gt;
        &lt;/details&gt;
        &lt;div
          class=&quot;ant-space css-dev-only-do-not-override-l9pxc0 ant-space-horizontal ant-space-align-center ant-space-gap-row-middle ant-space-gap-col-middle&quot;
          style=&quot;margin-top: 16px;&quot;
        &gt;
          &lt;div
            class=&quot;ant-space-item&quot;
          &gt;
            &lt;button
              class=&quot;ant-btn css-dev-only-do-not-override-l9pxc0 ant-btn-primary ant-btn-color-primary ant-btn-variant-solid ant-btn-lg&quot;
              type=&quot;button&quot;
            &gt;
              &lt;span
                class=&quot;ant-btn-icon&quot;
              &gt;
                &lt;svg
                  aria-hidden=&quot;true&quot;
                  class=&quot;lucide lucide-refresh-cw&quot;
                  fill=&quot;none&quot;
                  height=&quot;14&quot;
                  stroke=&quot;currentColor&quot;
                  stroke-linecap=&quot;round&quot;
                  stroke-linejoin=&quot;round&quot;
                  stroke-width=&quot;2&quot;
                  viewBox=&quot;0 0 24 24&quot;
                  width=&quot;14&quot;
                  xmlns=&quot;http://www.w3.org/2000/svg&quot;
                &gt;
                  &lt;path
                    d=&quot;M3 12a9 9 0 0 1 9-9 9.75 9.75 0 0 1 6.74 2.74L21 8&quot;
                  /&gt;
                  &lt;path
                    d=&quot;M21 3v5h-5&quot;
                  /&gt;
                  &lt;path
                    d=&quot;M21 12a9 9 0 0 1-9 9 9.75 9.75 0 0 1-6.74-2.74L3 16&quot;
                  /&gt;
                  &lt;path
                    d=&quot;M8 16H3v5&quot;
                  /&gt;
                &lt;/svg&gt;
              &lt;/span&gt;
              &lt;span&gt;
                Try Again
              &lt;/span&gt;
            &lt;/button&gt;
          &lt;/div&gt;
          &lt;div
            class=&quot;ant-space-item&quot;
          &gt;
            &lt;button
              class=&quot;ant-btn css-dev-only-do-not-override-l9pxc0 ant-btn-default ant-btn-color-default ant-btn-variant-outlined ant-btn-lg&quot;
              type=&quot;button&quot;
            &gt;
              &lt;span
                class=&quot;ant-btn-icon&quot;
              &gt;
                &lt;svg
                  aria-hidden=&quot;true&quot;
                  class=&quot;lucide lucide-arrow-left&quot;
                  fill=&quot;none&quot;
                  height=&quot;14&quot;
                  stroke=&quot;currentColor&quot;
                  stroke-linecap=&quot;round&quot;
                  stroke-linejoin=&quot;round&quot;
                  stroke-width=&quot;2&quot;
                  viewBox=&quot;0 0 24 24&quot;
                  width=&quot;14&quot;
                  xmlns=&quot;http://www.w3.org/2000/svg&quot;
                &gt;
                  &lt;path
                    d=&quot;m12 19-7-7 7-7&quot;
                  /&gt;
                  &lt;path
                    d=&quot;M19 12H5&quot;
                  /&gt;
                &lt;/svg&gt;
              &lt;/span&gt;
              &lt;span&gt;
                Go Back
              &lt;/span&gt;
            &lt;/button&gt;
          &lt;/div&gt;
          &lt;div
            class=&quot;ant-space-item&quot;
          &gt;
            &lt;button
              class=&quot;ant-btn css-dev-only-do-not-override-l9pxc0 ant-btn-default ant-btn-color-default ant-btn-variant-outlined ant-btn-lg&quot;
              type=&quot;button&quot;
            &gt;
              &lt;span
                class=&quot;ant-btn-icon&quot;
              &gt;
                &lt;svg
                  aria-hidden=&quot;true&quot;
                  class=&quot;lucide lucide-refresh-cw&quot;
                  fill=&quot;none&quot;
                  height=&quot;14&quot;
                  stroke=&quot;currentColor&quot;
                  stroke-linecap=&quot;round&quot;
                  stroke-linejoin=&quot;round&quot;
                  stroke-width=&quot;2&quot;
                  viewBox=&quot;0 0 24 24&quot;
                  width=&quot;14&quot;
                  xmlns=&quot;http://www.w3.org/2000/svg&quot;
                &gt;
                  &lt;path
                    d=&quot;M3 12a9 9 0 0 1 9-9 9.75 9.75 0 0 1 6.74 2.74L21 8&quot;
                  /&gt;
                  &lt;path
                    d=&quot;M21 3v5h-5&quot;
                  /&gt;
                  &lt;path
                    d=&quot;M21 12a9 9 0 0 1-9 9 9.75 9.75 0 0 1-6.74-2.74L3 16&quot;
                  /&gt;
                  &lt;path
                    d=&quot;M8 16H3v5&quot;
                  /&gt;
                &lt;/svg&gt;
              &lt;/span&gt;
              &lt;span&gt;
                Reload Page
              &lt;/span&gt;
            &lt;/button&gt;
          &lt;/div&gt;
        &lt;/div&gt;
      &lt;/div&gt;
    &lt;/div&gt;
  &lt;/div&gt;
&lt;/body&gt;
 ❯ src/test-scenarios/__tests__/retry-logic.test.tsx:365:17
 ❯ Object.getElementError node_modules/@testing-library/dom/dist/config.js:37:19
 ❯ node_modules/@testing-library/dom/dist/query-helpers.js:76:38
 ❯ node_modules/@testing-library/dom/dist/query-helpers.js:52:17
 ❯ node_modules/@testing-library/dom/dist/query-helpers.js:95:19
 ❯ src/test-scenarios/__tests__/retry-logic.test.tsx:400:21
            </failure>
        </testcase>
        <testcase classname="src/test-scenarios/__tests__/retry-logic.test.tsx" name="Retry Logic Comprehensive Tests &gt; Retry Success and Failure Scenarios &gt; handles immediate success without retry" time="0.002971694">
            <failure message="could not find react-redux context value; please ensure the component is wrapped in a &lt;Provider&gt;" type="Error">
Error: could not find react-redux context value; please ensure the component is wrapped in a &lt;Provider&gt;
 ❯ useReduxContext node_modules/react-redux/src/hooks/useReduxContext.ts:17:13
 ❯ useStore node_modules/react-redux/src/hooks/useStore.ts:97:23
 ❯ useDispatch2 node_modules/react-redux/src/hooks/useDispatch.ts:72:19
 ❯ useAppDispatch src/store/index.ts:46:37
 ❯ useErrorHandler src/hooks/useErrorHandler.ts:11:20
 ❯ src/test-scenarios/__tests__/retry-logic.test.tsx:406:43
 ❯ TestComponent node_modules/@testing-library/react/dist/pure.js:331:27
 ❯ Object.react_stack_bottom_frame node_modules/react-dom/cjs/react-dom-client.development.js:23863:20
 ❯ renderWithHooks node_modules/react-dom/cjs/react-dom-client.development.js:5529:22
 ❯ updateFunctionComponent node_modules/react-dom/cjs/react-dom-client.development.js:8897:19
            </failure>
        </testcase>
        <testcase classname="src/test-scenarios/__tests__/retry-logic.test.tsx" name="Retry Logic Comprehensive Tests &gt; Retry Success and Failure Scenarios &gt; handles success after first retry" time="0.003148645">
            <failure message="could not find react-redux context value; please ensure the component is wrapped in a &lt;Provider&gt;" type="Error">
Error: could not find react-redux context value; please ensure the component is wrapped in a &lt;Provider&gt;
 ❯ useReduxContext node_modules/react-redux/src/hooks/useReduxContext.ts:17:13
 ❯ useStore node_modules/react-redux/src/hooks/useStore.ts:97:23
 ❯ useDispatch2 node_modules/react-redux/src/hooks/useDispatch.ts:72:19
 ❯ useAppDispatch src/store/index.ts:46:37
 ❯ useErrorHandler src/hooks/useErrorHandler.ts:11:20
 ❯ src/test-scenarios/__tests__/retry-logic.test.tsx:422:43
 ❯ TestComponent node_modules/@testing-library/react/dist/pure.js:331:27
 ❯ Object.react_stack_bottom_frame node_modules/react-dom/cjs/react-dom-client.development.js:23863:20
 ❯ renderWithHooks node_modules/react-dom/cjs/react-dom-client.development.js:5529:22
 ❯ updateFunctionComponent node_modules/react-dom/cjs/react-dom-client.development.js:8897:19
            </failure>
        </testcase>
        <testcase classname="src/test-scenarios/__tests__/retry-logic.test.tsx" name="Retry Logic Comprehensive Tests &gt; Retry Success and Failure Scenarios &gt; handles success after multiple retries" time="0.003752527">
            <failure message="could not find react-redux context value; please ensure the component is wrapped in a &lt;Provider&gt;" type="Error">
Error: could not find react-redux context value; please ensure the component is wrapped in a &lt;Provider&gt;
 ❯ useReduxContext node_modules/react-redux/src/hooks/useReduxContext.ts:17:13
 ❯ useStore node_modules/react-redux/src/hooks/useStore.ts:97:23
 ❯ useDispatch2 node_modules/react-redux/src/hooks/useDispatch.ts:72:19
 ❯ useAppDispatch src/store/index.ts:46:37
 ❯ useErrorHandler src/hooks/useErrorHandler.ts:11:20
 ❯ src/test-scenarios/__tests__/retry-logic.test.tsx:445:43
 ❯ TestComponent node_modules/@testing-library/react/dist/pure.js:331:27
 ❯ Object.react_stack_bottom_frame node_modules/react-dom/cjs/react-dom-client.development.js:23863:20
 ❯ renderWithHooks node_modules/react-dom/cjs/react-dom-client.development.js:5529:22
 ❯ updateFunctionComponent node_modules/react-dom/cjs/react-dom-client.development.js:8897:19
            </failure>
        </testcase>
        <testcase classname="src/test-scenarios/__tests__/retry-logic.test.tsx" name="Retry Logic Comprehensive Tests &gt; Retry Success and Failure Scenarios &gt; handles persistent failure beyond max retries" time="0.002633871">
            <failure message="could not find react-redux context value; please ensure the component is wrapped in a &lt;Provider&gt;" type="Error">
Error: could not find react-redux context value; please ensure the component is wrapped in a &lt;Provider&gt;
 ❯ useReduxContext node_modules/react-redux/src/hooks/useReduxContext.ts:17:13
 ❯ useStore node_modules/react-redux/src/hooks/useStore.ts:97:23
 ❯ useDispatch2 node_modules/react-redux/src/hooks/useDispatch.ts:72:19
 ❯ useAppDispatch src/store/index.ts:46:37
 ❯ useErrorHandler src/hooks/useErrorHandler.ts:11:20
 ❯ src/test-scenarios/__tests__/retry-logic.test.tsx:473:43
 ❯ TestComponent node_modules/@testing-library/react/dist/pure.js:331:27
 ❯ Object.react_stack_bottom_frame node_modules/react-dom/cjs/react-dom-client.development.js:23863:20
 ❯ renderWithHooks node_modules/react-dom/cjs/react-dom-client.development.js:5529:22
 ❯ updateFunctionComponent node_modules/react-dom/cjs/react-dom-client.development.js:8897:19
            </failure>
        </testcase>
        <testcase classname="src/test-scenarios/__tests__/retry-logic.test.tsx" name="Retry Logic Comprehensive Tests &gt; Retry Success and Failure Scenarios &gt; handles mixed error types during retries" time="0.003174359">
            <failure message="could not find react-redux context value; please ensure the component is wrapped in a &lt;Provider&gt;" type="Error">
Error: could not find react-redux context value; please ensure the component is wrapped in a &lt;Provider&gt;
 ❯ useReduxContext node_modules/react-redux/src/hooks/useReduxContext.ts:17:13
 ❯ useStore node_modules/react-redux/src/hooks/useStore.ts:97:23
 ❯ useDispatch2 node_modules/react-redux/src/hooks/useDispatch.ts:72:19
 ❯ useAppDispatch src/store/index.ts:46:37
 ❯ useErrorHandler src/hooks/useErrorHandler.ts:11:20
 ❯ src/test-scenarios/__tests__/retry-logic.test.tsx:500:43
 ❯ TestComponent node_modules/@testing-library/react/dist/pure.js:331:27
 ❯ Object.react_stack_bottom_frame node_modules/react-dom/cjs/react-dom-client.development.js:23863:20
 ❯ renderWithHooks node_modules/react-dom/cjs/react-dom-client.development.js:5529:22
 ❯ updateFunctionComponent node_modules/react-dom/cjs/react-dom-client.development.js:8897:19
            </failure>
        </testcase>
        <testcase classname="src/test-scenarios/__tests__/retry-logic.test.tsx" name="Retry Logic Comprehensive Tests &gt; Retry Success and Failure Scenarios &gt; handles errors that become non-retryable during retry" time="0.002852765">
            <failure message="could not find react-redux context value; please ensure the component is wrapped in a &lt;Provider&gt;" type="Error">
Error: could not find react-redux context value; please ensure the component is wrapped in a &lt;Provider&gt;
 ❯ useReduxContext node_modules/react-redux/src/hooks/useReduxContext.ts:17:13
 ❯ useStore node_modules/react-redux/src/hooks/useStore.ts:97:23
 ❯ useDispatch2 node_modules/react-redux/src/hooks/useDispatch.ts:72:19
 ❯ useAppDispatch src/store/index.ts:46:37
 ❯ useErrorHandler src/hooks/useErrorHandler.ts:11:20
 ❯ src/test-scenarios/__tests__/retry-logic.test.tsx:541:43
 ❯ TestComponent node_modules/@testing-library/react/dist/pure.js:331:27
 ❯ Object.react_stack_bottom_frame node_modules/react-dom/cjs/react-dom-client.development.js:23863:20
 ❯ renderWithHooks node_modules/react-dom/cjs/react-dom-client.development.js:5529:22
 ❯ updateFunctionComponent node_modules/react-dom/cjs/react-dom-client.development.js:8897:19
            </failure>
        </testcase>
        <testcase classname="src/test-scenarios/__tests__/retry-logic.test.tsx" name="Retry Logic Comprehensive Tests &gt; Advanced Retry Scenarios &gt; handles concurrent retry operations" time="0.003222972">
            <failure message="could not find react-redux context value; please ensure the component is wrapped in a &lt;Provider&gt;" type="Error">
Error: could not find react-redux context value; please ensure the component is wrapped in a &lt;Provider&gt;
 ❯ useReduxContext node_modules/react-redux/src/hooks/useReduxContext.ts:17:13
 ❯ useStore node_modules/react-redux/src/hooks/useStore.ts:97:23
 ❯ useDispatch2 node_modules/react-redux/src/hooks/useDispatch.ts:72:19
 ❯ useAppDispatch src/store/index.ts:46:37
 ❯ useErrorHandler src/hooks/useErrorHandler.ts:11:20
 ❯ src/test-scenarios/__tests__/retry-logic.test.tsx:575:43
 ❯ TestComponent node_modules/@testing-library/react/dist/pure.js:331:27
 ❯ Object.react_stack_bottom_frame node_modules/react-dom/cjs/react-dom-client.development.js:23863:20
 ❯ renderWithHooks node_modules/react-dom/cjs/react-dom-client.development.js:5529:22
 ❯ updateFunctionComponent node_modules/react-dom/cjs/react-dom-client.development.js:8897:19
            </failure>
        </testcase>
        <testcase classname="src/test-scenarios/__tests__/retry-logic.test.tsx" name="Retry Logic Comprehensive Tests &gt; Advanced Retry Scenarios &gt; handles retry with custom delay calculation" time="0.004552967">
            <failure message="could not find react-redux context value; please ensure the component is wrapped in a &lt;Provider&gt;" type="Error">
Error: could not find react-redux context value; please ensure the component is wrapped in a &lt;Provider&gt;
 ❯ useReduxContext node_modules/react-redux/src/hooks/useReduxContext.ts:17:13
 ❯ useStore node_modules/react-redux/src/hooks/useStore.ts:97:23
 ❯ useDispatch2 node_modules/react-redux/src/hooks/useDispatch.ts:72:19
 ❯ useAppDispatch src/store/index.ts:46:37
 ❯ useErrorHandler src/hooks/useErrorHandler.ts:11:20
 ❯ src/test-scenarios/__tests__/retry-logic.test.tsx:608:43
 ❯ TestComponent node_modules/@testing-library/react/dist/pure.js:331:27
 ❯ Object.react_stack_bottom_frame node_modules/react-dom/cjs/react-dom-client.development.js:23863:20
 ❯ renderWithHooks node_modules/react-dom/cjs/react-dom-client.development.js:5529:22
 ❯ updateFunctionComponent node_modules/react-dom/cjs/react-dom-client.development.js:8897:19
            </failure>
        </testcase>
        <testcase classname="src/test-scenarios/__tests__/retry-logic.test.tsx" name="Retry Logic Comprehensive Tests &gt; Advanced Retry Scenarios &gt; handles retry with operation context preservation" time="0.002350911">
            <failure message="could not find react-redux context value; please ensure the component is wrapped in a &lt;Provider&gt;" type="Error">
Error: could not find react-redux context value; please ensure the component is wrapped in a &lt;Provider&gt;
 ❯ useReduxContext node_modules/react-redux/src/hooks/useReduxContext.ts:17:13
 ❯ useStore node_modules/react-redux/src/hooks/useStore.ts:97:23
 ❯ useDispatch2 node_modules/react-redux/src/hooks/useDispatch.ts:72:19
 ❯ useAppDispatch src/store/index.ts:46:37
 ❯ useErrorHandler src/hooks/useErrorHandler.ts:11:20
 ❯ src/test-scenarios/__tests__/retry-logic.test.tsx:635:43
 ❯ TestComponent node_modules/@testing-library/react/dist/pure.js:331:27
 ❯ Object.react_stack_bottom_frame node_modules/react-dom/cjs/react-dom-client.development.js:23863:20
 ❯ renderWithHooks node_modules/react-dom/cjs/react-dom-client.development.js:5529:22
 ❯ updateFunctionComponent node_modules/react-dom/cjs/react-dom-client.development.js:8897:19
            </failure>
        </testcase>
        <testcase classname="src/test-scenarios/__tests__/retry-logic.test.tsx" name="Retry Logic Comprehensive Tests &gt; Advanced Retry Scenarios &gt; handles memory cleanup during long retry sequences" time="0.002506409">
            <failure message="could not find react-redux context value; please ensure the component is wrapped in a &lt;Provider&gt;" type="Error">
Error: could not find react-redux context value; please ensure the component is wrapped in a &lt;Provider&gt;
 ❯ useReduxContext node_modules/react-redux/src/hooks/useReduxContext.ts:17:13
 ❯ useStore node_modules/react-redux/src/hooks/useStore.ts:97:23
 ❯ useDispatch2 node_modules/react-redux/src/hooks/useDispatch.ts:72:19
 ❯ useAppDispatch src/store/index.ts:46:37
 ❯ useErrorHandler src/hooks/useErrorHandler.ts:11:20
 ❯ src/test-scenarios/__tests__/retry-logic.test.tsx:671:43
 ❯ TestComponent node_modules/@testing-library/react/dist/pure.js:331:27
 ❯ Object.react_stack_bottom_frame node_modules/react-dom/cjs/react-dom-client.development.js:23863:20
 ❯ renderWithHooks node_modules/react-dom/cjs/react-dom-client.development.js:5529:22
 ❯ updateFunctionComponent node_modules/react-dom/cjs/react-dom-client.development.js:8897:19
            </failure>
        </testcase>
        <testcase classname="src/test-scenarios/__tests__/retry-logic.test.tsx" name="Retry Logic Comprehensive Tests &gt; Retry Limit Configuration &gt; respects custom max retry limits" time="0.002491102">
            <failure message="could not find react-redux context value; please ensure the component is wrapped in a &lt;Provider&gt;" type="Error">
Error: could not find react-redux context value; please ensure the component is wrapped in a &lt;Provider&gt;
 ❯ useReduxContext node_modules/react-redux/src/hooks/useReduxContext.ts:17:13
 ❯ useStore node_modules/react-redux/src/hooks/useStore.ts:97:23
 ❯ useDispatch2 node_modules/react-redux/src/hooks/useDispatch.ts:72:19
 ❯ useAppDispatch src/store/index.ts:46:37
 ❯ useErrorHandler src/hooks/useErrorHandler.ts:11:20
 ❯ src/test-scenarios/__tests__/retry-logic.test.tsx:699:43
 ❯ TestComponent node_modules/@testing-library/react/dist/pure.js:331:27
 ❯ Object.react_stack_bottom_frame node_modules/react-dom/cjs/react-dom-client.development.js:23863:20
 ❯ renderWithHooks node_modules/react-dom/cjs/react-dom-client.development.js:5529:22
 ❯ updateFunctionComponent node_modules/react-dom/cjs/react-dom-client.development.js:8897:19
            </failure>
        </testcase>
        <testcase classname="src/test-scenarios/__tests__/retry-logic.test.tsx" name="Retry Logic Comprehensive Tests &gt; Retry Limit Configuration &gt; handles edge cases with retry limits" time="0.002548877">
            <failure message="could not find react-redux context value; please ensure the component is wrapped in a &lt;Provider&gt;" type="Error">
Error: could not find react-redux context value; please ensure the component is wrapped in a &lt;Provider&gt;
 ❯ useReduxContext node_modules/react-redux/src/hooks/useReduxContext.ts:17:13
 ❯ useStore node_modules/react-redux/src/hooks/useStore.ts:97:23
 ❯ useDispatch2 node_modules/react-redux/src/hooks/useDispatch.ts:72:19
 ❯ useAppDispatch src/store/index.ts:46:37
 ❯ useErrorHandler src/hooks/useErrorHandler.ts:11:20
 ❯ src/test-scenarios/__tests__/retry-logic.test.tsx:746:43
 ❯ TestComponent node_modules/@testing-library/react/dist/pure.js:331:27
 ❯ Object.react_stack_bottom_frame node_modules/react-dom/cjs/react-dom-client.development.js:23863:20
 ❯ renderWithHooks node_modules/react-dom/cjs/react-dom-client.development.js:5529:22
 ❯ updateFunctionComponent node_modules/react-dom/cjs/react-dom-client.development.js:8897:19
            </failure>
        </testcase>
        <testcase classname="src/test-scenarios/__tests__/retry-logic.test.tsx" name="Retry Logic Comprehensive Tests &gt; Retry Limit Configuration &gt; handles very large retry limits efficiently" time="0.007654118">
            <failure message="could not find react-redux context value; please ensure the component is wrapped in a &lt;Provider&gt;" type="Error">
Error: could not find react-redux context value; please ensure the component is wrapped in a &lt;Provider&gt;
 ❯ useReduxContext node_modules/react-redux/src/hooks/useReduxContext.ts:17:13
 ❯ useStore node_modules/react-redux/src/hooks/useStore.ts:97:23
 ❯ useDispatch2 node_modules/react-redux/src/hooks/useDispatch.ts:72:19
 ❯ useAppDispatch src/store/index.ts:46:37
 ❯ useErrorHandler src/hooks/useErrorHandler.ts:11:20
 ❯ src/test-scenarios/__tests__/retry-logic.test.tsx:763:43
 ❯ TestComponent node_modules/@testing-library/react/dist/pure.js:331:27
 ❯ Object.react_stack_bottom_frame node_modules/react-dom/cjs/react-dom-client.development.js:23863:20
 ❯ renderWithHooks node_modules/react-dom/cjs/react-dom-client.development.js:5529:22
 ❯ updateFunctionComponent node_modules/react-dom/cjs/react-dom-client.development.js:8897:19
            </failure>
        </testcase>
    </testsuite>
    <testsuite name="src/tests/auth/cookie-auth.test.tsx" timestamp="2025-08-22T05:48:54.266Z" hostname="ifedotovNB" tests="14" failures="0" errors="0" skipped="0" time="0.034615214">
        <testcase classname="src/tests/auth/cookie-auth.test.tsx" name="Frontend Cookie Authentication &gt; API Service Configuration &gt; should configure axios with withCredentials when cookie auth is enabled" time="0.004651894">
        </testcase>
        <testcase classname="src/tests/auth/cookie-auth.test.tsx" name="Frontend Cookie Authentication &gt; API Service Configuration &gt; should fetch CSRF token on initialization" time="0.003703868">
        </testcase>
        <testcase classname="src/tests/auth/cookie-auth.test.tsx" name="Frontend Cookie Authentication &gt; API Service Configuration &gt; should add CSRF token to state-changing requests" time="0.00193343">
        </testcase>
        <testcase classname="src/tests/auth/cookie-auth.test.tsx" name="Frontend Cookie Authentication &gt; API Service Configuration &gt; should handle CSRF token refresh on 403 errors" time="0.001628763">
        </testcase>
        <testcase classname="src/tests/auth/cookie-auth.test.tsx" name="Frontend Cookie Authentication &gt; Auth Service with Cookies &gt; should not store tokens in localStorage on login" time="0.001865365">
        </testcase>
        <testcase classname="src/tests/auth/cookie-auth.test.tsx" name="Frontend Cookie Authentication &gt; Auth Service with Cookies &gt; should clear user info on logout" time="0.001507316">
        </testcase>
        <testcase classname="src/tests/auth/cookie-auth.test.tsx" name="Frontend Cookie Authentication &gt; Auth Service with Cookies &gt; should handle auth state without tokens" time="0.001461568">
        </testcase>
        <testcase classname="src/tests/auth/cookie-auth.test.tsx" name="Frontend Cookie Authentication &gt; Auth Service with Cookies &gt; should not perform client-side token refresh timing checks" time="0.00220998">
        </testcase>
        <testcase classname="src/tests/auth/cookie-auth.test.tsx" name="Frontend Cookie Authentication &gt; Error Handling &gt; should handle 401 error appropriately" time="0.002457359">
        </testcase>
        <testcase classname="src/tests/auth/cookie-auth.test.tsx" name="Frontend Cookie Authentication &gt; Error Handling &gt; should handle CSRF token refresh on 403 error" time="0.001744988">
        </testcase>
        <testcase classname="src/tests/auth/cookie-auth.test.tsx" name="Frontend Cookie Authentication &gt; Feature Flag Behavior &gt; should identify cookie auth mode correctly" time="0.001422366">
        </testcase>
        <testcase classname="src/tests/auth/cookie-auth.test.tsx" name="Frontend Cookie Authentication &gt; Feature Flag Behavior &gt; should not setup token refresh timer in cookie mode" time="0.003676863">
        </testcase>
        <testcase classname="src/tests/auth/cookie-auth.test.tsx" name="Frontend Cookie Authentication &gt; Storage Behavior &gt; should prefer sessionStorage over localStorage for user data" time="0.001702701">
        </testcase>
        <testcase classname="src/tests/auth/cookie-auth.test.tsx" name="Frontend Cookie Authentication &gt; Storage Behavior &gt; should handle CSRF token management" time="0.00137456">
        </testcase>
    </testsuite>
    <testsuite name="src/components/auth/__tests__/ProtectedRoute.test.tsx" timestamp="2025-08-22T05:48:54.269Z" hostname="ifedotovNB" tests="28" failures="0" errors="0" skipped="0" time="0.627692863">
        <testcase classname="src/components/auth/__tests__/ProtectedRoute.test.tsx" name="ProtectedRoute &gt; authenticated user scenarios &gt; should render children when user is authenticated" time="0.084518635">
        </testcase>
        <testcase classname="src/components/auth/__tests__/ProtectedRoute.test.tsx" name="ProtectedRoute &gt; authenticated user scenarios &gt; should fetch profile when token exists but no user data" time="0.092369486">
        </testcase>
        <testcase classname="src/components/auth/__tests__/ProtectedRoute.test.tsx" name="ProtectedRoute &gt; authenticated user scenarios &gt; should not fetch profile when user already exists" time="0.024561943">
        </testcase>
        <testcase classname="src/components/auth/__tests__/ProtectedRoute.test.tsx" name="ProtectedRoute &gt; authenticated user scenarios &gt; should show loading spinner when loading user data" time="0.023249131">
        </testcase>
        <testcase classname="src/components/auth/__tests__/ProtectedRoute.test.tsx" name="ProtectedRoute &gt; authenticated user scenarios &gt; should show loading spinner when token exists but no user" time="0.020602011">
        </testcase>
        <testcase classname="src/components/auth/__tests__/ProtectedRoute.test.tsx" name="ProtectedRoute &gt; unauthenticated user scenarios &gt; should redirect to login when not authenticated" time="0.019510902">
        </testcase>
        <testcase classname="src/components/auth/__tests__/ProtectedRoute.test.tsx" name="ProtectedRoute &gt; unauthenticated user scenarios &gt; should handle token expiration by redirecting to login" time="0.022305863">
        </testcase>
        <testcase classname="src/components/auth/__tests__/ProtectedRoute.test.tsx" name="ProtectedRoute &gt; unauthenticated user scenarios &gt; should redirect to login when not authenticated" time="0.021118808">
        </testcase>
        <testcase classname="src/components/auth/__tests__/ProtectedRoute.test.tsx" name="ProtectedRoute &gt; permission-based access control &gt; should render children when user has required permissions" time="0.019517139">
        </testcase>
        <testcase classname="src/components/auth/__tests__/ProtectedRoute.test.tsx" name="ProtectedRoute &gt; permission-based access control &gt; should render children when user has all required permissions" time="0.020216547">
        </testcase>
        <testcase classname="src/components/auth/__tests__/ProtectedRoute.test.tsx" name="ProtectedRoute &gt; permission-based access control &gt; should show access denied when user lacks required permissions" time="0.022096406">
        </testcase>
        <testcase classname="src/components/auth/__tests__/ProtectedRoute.test.tsx" name="ProtectedRoute &gt; permission-based access control &gt; should show access denied when user has only some required permissions" time="0.016915718">
        </testcase>
        <testcase classname="src/components/auth/__tests__/ProtectedRoute.test.tsx" name="ProtectedRoute &gt; permission-based access control &gt; should handle user with no permissions array" time="0.019535741">
        </testcase>
        <testcase classname="src/components/auth/__tests__/ProtectedRoute.test.tsx" name="ProtectedRoute &gt; role-based access control &gt; should render children when user has required role" time="0.014246484">
        </testcase>
        <testcase classname="src/components/auth/__tests__/ProtectedRoute.test.tsx" name="ProtectedRoute &gt; role-based access control &gt; should render children when user has any of the required roles" time="0.016301349">
        </testcase>
        <testcase classname="src/components/auth/__tests__/ProtectedRoute.test.tsx" name="ProtectedRoute &gt; role-based access control &gt; should show access denied when user lacks required roles" time="0.00826625">
        </testcase>
        <testcase classname="src/components/auth/__tests__/ProtectedRoute.test.tsx" name="ProtectedRoute &gt; role-based access control &gt; should handle user with no roles array" time="0.015818278">
        </testcase>
        <testcase classname="src/components/auth/__tests__/ProtectedRoute.test.tsx" name="ProtectedRoute &gt; combined permissions and roles &gt; should render children when user has both required permissions and roles" time="0.007156931">
        </testcase>
        <testcase classname="src/components/auth/__tests__/ProtectedRoute.test.tsx" name="ProtectedRoute &gt; combined permissions and roles &gt; should show access denied when user has permissions but not roles" time="0.007663263">
        </testcase>
        <testcase classname="src/components/auth/__tests__/ProtectedRoute.test.tsx" name="ProtectedRoute &gt; combined permissions and roles &gt; should show access denied when user has roles but not permissions" time="0.018398467">
        </testcase>
        <testcase classname="src/components/auth/__tests__/ProtectedRoute.test.tsx" name="ProtectedRoute &gt; loading states and edge cases &gt; should handle null user during loading" time="0.012803812">
        </testcase>
        <testcase classname="src/components/auth/__tests__/ProtectedRoute.test.tsx" name="ProtectedRoute &gt; loading states and edge cases &gt; should skip permission checks when no permissions required" time="0.020539433">
        </testcase>
        <testcase classname="src/components/auth/__tests__/ProtectedRoute.test.tsx" name="ProtectedRoute &gt; loading states and edge cases &gt; should skip role checks when no roles required" time="0.010362132">
        </testcase>
        <testcase classname="src/components/auth/__tests__/ProtectedRoute.test.tsx" name="ProtectedRoute &gt; loading states and edge cases &gt; should handle user being null for permission checks" time="0.016318778">
        </testcase>
        <testcase classname="src/components/auth/__tests__/ProtectedRoute.test.tsx" name="ProtectedRoute &gt; loading states and edge cases &gt; should handle logout errors gracefully" time="0.016849072">
        </testcase>
        <testcase classname="src/components/auth/__tests__/ProtectedRoute.test.tsx" name="ProtectedRoute &gt; component props and defaults &gt; should accept children as React nodes" time="0.017397266">
        </testcase>
        <testcase classname="src/components/auth/__tests__/ProtectedRoute.test.tsx" name="ProtectedRoute &gt; component props and defaults &gt; should use empty arrays as default for permissions and roles" time="0.014184298">
        </testcase>
        <testcase classname="src/components/auth/__tests__/ProtectedRoute.test.tsx" name="ProtectedRoute &gt; navigation state preservation &gt; should preserve location state when redirecting to login" time="0.0208462">
        </testcase>
    </testsuite>
    <testsuite name="src/components/layout/__tests__/MainLayout.test.tsx" timestamp="2025-08-22T05:48:54.275Z" hostname="ifedotovNB" tests="37" failures="0" errors="0" skipped="0" time="2.353284809">
        <testcase classname="src/components/layout/__tests__/MainLayout.test.tsx" name="MainLayout &gt; rendering &gt; should render main layout with all components" time="0.140552243">
        </testcase>
        <testcase classname="src/components/layout/__tests__/MainLayout.test.tsx" name="MainLayout &gt; rendering &gt; should show user avatar with initials" time="0.029528171">
        </testcase>
        <testcase classname="src/components/layout/__tests__/MainLayout.test.tsx" name="MainLayout &gt; rendering &gt; should show notification badge when there are unread notifications" time="0.020395338">
        </testcase>
        <testcase classname="src/components/layout/__tests__/MainLayout.test.tsx" name="MainLayout &gt; rendering &gt; should not show notification badge when no unread notifications" time="0.033763812">
        </testcase>
        <testcase classname="src/components/layout/__tests__/MainLayout.test.tsx" name="MainLayout &gt; navigation &gt; should navigate to dashboard when clicking dashboard item" time="0.068008283">
        </testcase>
        <testcase classname="src/components/layout/__tests__/MainLayout.test.tsx" name="MainLayout &gt; navigation &gt; should navigate to report builder when clicking report builder item" time="0.047299745">
        </testcase>
        <testcase classname="src/components/layout/__tests__/MainLayout.test.tsx" name="MainLayout &gt; navigation &gt; should navigate to templates when clicking templates item" time="0.056268127">
        </testcase>
        <testcase classname="src/components/layout/__tests__/MainLayout.test.tsx" name="MainLayout &gt; navigation &gt; should navigate to quick report when clicking quick report button" time="0.055791341">
        </testcase>
        <testcase classname="src/components/layout/__tests__/MainLayout.test.tsx" name="MainLayout &gt; navigation &gt; should navigate to profile when clicking user avatar" time="0.047360674">
        </testcase>
        <testcase classname="src/components/layout/__tests__/MainLayout.test.tsx" name="MainLayout &gt; navigation &gt; should show active state for current page" time="0.030937082">
        </testcase>
        <testcase classname="src/components/layout/__tests__/MainLayout.test.tsx" name="MainLayout &gt; sidebar functionality &gt; should toggle sidebar when clicking toggle button" time="0.041247788">
        </testcase>
        <testcase classname="src/components/layout/__tests__/MainLayout.test.tsx" name="MainLayout &gt; sidebar functionality &gt; should have sidebar container element" time="0.04652426">
        </testcase>
        <testcase classname="src/components/layout/__tests__/MainLayout.test.tsx" name="MainLayout &gt; sidebar functionality &gt; should render navigation items" time="0.024593065">
        </testcase>
        <testcase classname="src/components/layout/__tests__/MainLayout.test.tsx" name="MainLayout &gt; search functionality &gt; should perform search when typing in search box" time="0.276779323">
        </testcase>
        <testcase classname="src/components/layout/__tests__/MainLayout.test.tsx" name="MainLayout &gt; search functionality &gt; should show search results when search is performed" time="0.106203378">
        </testcase>
        <testcase classname="src/components/layout/__tests__/MainLayout.test.tsx" name="MainLayout &gt; search functionality &gt; should navigate when clicking search result" time="0.118521837">
        </testcase>
        <testcase classname="src/components/layout/__tests__/MainLayout.test.tsx" name="MainLayout &gt; search functionality &gt; should clear search results when clicking outside" time="0.149406454">
        </testcase>
        <testcase classname="src/components/layout/__tests__/MainLayout.test.tsx" name="MainLayout &gt; search functionality &gt; should show &quot;No results found&quot; when search returns empty" time="0.187423877">
        </testcase>
        <testcase classname="src/components/layout/__tests__/MainLayout.test.tsx" name="MainLayout &gt; search functionality &gt; should call search service when typing" time="0.107551915">
        </testcase>
        <testcase classname="src/components/layout/__tests__/MainLayout.test.tsx" name="MainLayout &gt; search functionality &gt; should handle search errors gracefully" time="0.105938203">
        </testcase>
        <testcase classname="src/components/layout/__tests__/MainLayout.test.tsx" name="MainLayout &gt; theme functionality &gt; should toggle dark mode when clicking theme button" time="0.054898222">
        </testcase>
        <testcase classname="src/components/layout/__tests__/MainLayout.test.tsx" name="MainLayout &gt; theme functionality &gt; should show correct theme icon for light mode" time="0.034314134">
        </testcase>
        <testcase classname="src/components/layout/__tests__/MainLayout.test.tsx" name="MainLayout &gt; theme functionality &gt; should show theme toggle button" time="0.024941606">
        </testcase>
        <testcase classname="src/components/layout/__tests__/MainLayout.test.tsx" name="MainLayout &gt; theme functionality &gt; should apply light theme class by default" time="0.018544943">
        </testcase>
        <testcase classname="src/components/layout/__tests__/MainLayout.test.tsx" name="MainLayout &gt; theme functionality &gt; should apply light theme class when dark mode is disabled" time="0.022171405">
        </testcase>
        <testcase classname="src/components/layout/__tests__/MainLayout.test.tsx" name="MainLayout &gt; notifications &gt; should toggle notification dropdown when clicking bell icon" time="0.07728325">
        </testcase>
        <testcase classname="src/components/layout/__tests__/MainLayout.test.tsx" name="MainLayout &gt; notifications &gt; should show notification count badge" time="0.026466271">
        </testcase>
        <testcase classname="src/components/layout/__tests__/MainLayout.test.tsx" name="MainLayout &gt; notifications &gt; should show 99+ for counts over 99" time="0.039110198">
        </testcase>
        <testcase classname="src/components/layout/__tests__/MainLayout.test.tsx" name="MainLayout &gt; logout functionality &gt; should logout when clicking logout section" time="0.04061087">
        </testcase>
        <testcase classname="src/components/layout/__tests__/MainLayout.test.tsx" name="MainLayout &gt; initialization &gt; should initialize UI on mount" time="0.014839178">
        </testcase>
        <testcase classname="src/components/layout/__tests__/MainLayout.test.tsx" name="MainLayout &gt; responsive behavior &gt; should handle different viewport sizes" time="0.025915935">
        </testcase>
        <testcase classname="src/components/layout/__tests__/MainLayout.test.tsx" name="MainLayout &gt; accessibility &gt; should have proper ARIA labels and roles" time="0.040728859">
        </testcase>
        <testcase classname="src/components/layout/__tests__/MainLayout.test.tsx" name="MainLayout &gt; accessibility &gt; should support keyboard navigation" time="0.052495597">
        </testcase>
        <testcase classname="src/components/layout/__tests__/MainLayout.test.tsx" name="MainLayout &gt; error handling &gt; should handle missing user data gracefully" time="0.029714558">
        </testcase>
        <testcase classname="src/components/layout/__tests__/MainLayout.test.tsx" name="MainLayout &gt; error handling &gt; should handle empty notification stats" time="0.020406738">
        </testcase>
        <testcase classname="src/components/layout/__tests__/MainLayout.test.tsx" name="MainLayout &gt; filter functionality &gt; should toggle filter panel when clicking filter button" time="0.097602561">
        </testcase>
        <testcase classname="src/components/layout/__tests__/MainLayout.test.tsx" name="MainLayout &gt; route-based active states &gt; should show correct active state for different routes" time="0.034570787">
        </testcase>
    </testsuite>
    <testsuite name="src/components/query/__tests__/QueryBuilderModal.integration.test.tsx" timestamp="2025-08-22T05:48:54.281Z" hostname="ifedotovNB" tests="21" failures="21" errors="0" skipped="0" time="0.024064996">
        <testcase classname="src/components/query/__tests__/QueryBuilderModal.integration.test.tsx" name="QueryBuilderModal Integration Tests &gt; Error Boundary Integration &gt; renders QueryPreviewErrorBoundary with correct props in results step" time="0.010088624">
            <failure message="Cannot read properties of undefined (reading &apos;reducer&apos;)" type="TypeError">
TypeError: Cannot read properties of undefined (reading &apos;reducer&apos;)
 ❯ createMockStore src/components/query/__tests__/QueryBuilderModal.integration.test.tsx:137:19
 ❯ src/components/query/__tests__/QueryBuilderModal.integration.test.tsx:164:17
            </failure>
        </testcase>
        <testcase classname="src/components/query/__tests__/QueryBuilderModal.integration.test.tsx" name="QueryBuilderModal Integration Tests &gt; Error Boundary Integration &gt; passes retry handler to error boundary that retries preview execution" time="0.001089697">
            <failure message="Cannot read properties of undefined (reading &apos;reducer&apos;)" type="TypeError">
TypeError: Cannot read properties of undefined (reading &apos;reducer&apos;)
 ❯ createMockStore src/components/query/__tests__/QueryBuilderModal.integration.test.tsx:137:19
 ❯ src/components/query/__tests__/QueryBuilderModal.integration.test.tsx:164:17
            </failure>
        </testcase>
        <testcase classname="src/components/query/__tests__/QueryBuilderModal.integration.test.tsx" name="QueryBuilderModal Integration Tests &gt; Error Boundary Integration &gt; passes go back handler to error boundary that navigates to config step" time="0.000780114">
            <failure message="Cannot read properties of undefined (reading &apos;reducer&apos;)" type="TypeError">
TypeError: Cannot read properties of undefined (reading &apos;reducer&apos;)
 ❯ createMockStore src/components/query/__tests__/QueryBuilderModal.integration.test.tsx:137:19
 ❯ src/components/query/__tests__/QueryBuilderModal.integration.test.tsx:164:17
            </failure>
        </testcase>
        <testcase classname="src/components/query/__tests__/QueryBuilderModal.integration.test.tsx" name="QueryBuilderModal Integration Tests &gt; Preview Error Handling Integration &gt; integrates with useErrorHandler for preview operations" time="0.001333943">
            <failure message="Cannot read properties of undefined (reading &apos;reducer&apos;)" type="TypeError">
TypeError: Cannot read properties of undefined (reading &apos;reducer&apos;)
 ❯ createMockStore src/components/query/__tests__/QueryBuilderModal.integration.test.tsx:137:19
 ❯ src/components/query/__tests__/QueryBuilderModal.integration.test.tsx:164:17
            </failure>
        </testcase>
        <testcase classname="src/components/query/__tests__/QueryBuilderModal.integration.test.tsx" name="QueryBuilderModal Integration Tests &gt; Preview Error Handling Integration &gt; handles preview success and navigates to results step" time="0.000513863">
            <failure message="Cannot read properties of undefined (reading &apos;reducer&apos;)" type="TypeError">
TypeError: Cannot read properties of undefined (reading &apos;reducer&apos;)
 ❯ createMockStore src/components/query/__tests__/QueryBuilderModal.integration.test.tsx:137:19
 ❯ src/components/query/__tests__/QueryBuilderModal.integration.test.tsx:164:17
            </failure>
        </testcase>
        <testcase classname="src/components/query/__tests__/QueryBuilderModal.integration.test.tsx" name="QueryBuilderModal Integration Tests &gt; Preview Error Handling Integration &gt; handles preview errors and shows error state" time="0.000327642">
            <failure message="Cannot read properties of undefined (reading &apos;reducer&apos;)" type="TypeError">
TypeError: Cannot read properties of undefined (reading &apos;reducer&apos;)
 ❯ createMockStore src/components/query/__tests__/QueryBuilderModal.integration.test.tsx:137:19
 ❯ src/components/query/__tests__/QueryBuilderModal.integration.test.tsx:164:17
            </failure>
        </testcase>
        <testcase classname="src/components/query/__tests__/QueryBuilderModal.integration.test.tsx" name="QueryBuilderModal Integration Tests &gt; Retry Logic Integration &gt; implements retry logic with exponential backoff for preview" time="0.000305216">
            <failure message="Cannot read properties of undefined (reading &apos;reducer&apos;)" type="TypeError">
TypeError: Cannot read properties of undefined (reading &apos;reducer&apos;)
 ❯ createMockStore src/components/query/__tests__/QueryBuilderModal.integration.test.tsx:137:19
 ❯ src/components/query/__tests__/QueryBuilderModal.integration.test.tsx:164:17
            </failure>
        </testcase>
        <testcase classname="src/components/query/__tests__/QueryBuilderModal.integration.test.tsx" name="QueryBuilderModal Integration Tests &gt; Retry Logic Integration &gt; tracks retry count and shows retry indicators" time="0.000245039">
            <failure message="Cannot read properties of undefined (reading &apos;reducer&apos;)" type="TypeError">
TypeError: Cannot read properties of undefined (reading &apos;reducer&apos;)
 ❯ createMockStore src/components/query/__tests__/QueryBuilderModal.integration.test.tsx:137:19
 ❯ src/components/query/__tests__/QueryBuilderModal.integration.test.tsx:164:17
            </failure>
        </testcase>
        <testcase classname="src/components/query/__tests__/QueryBuilderModal.integration.test.tsx" name="QueryBuilderModal Integration Tests &gt; Retry Logic Integration &gt; prevents retry when max retries exceeded" time="0.000439713">
            <failure message="Cannot read properties of undefined (reading &apos;reducer&apos;)" type="TypeError">
TypeError: Cannot read properties of undefined (reading &apos;reducer&apos;)
 ❯ createMockStore src/components/query/__tests__/QueryBuilderModal.integration.test.tsx:137:19
 ❯ src/components/query/__tests__/QueryBuilderModal.integration.test.tsx:164:17
            </failure>
        </testcase>
        <testcase classname="src/components/query/__tests__/QueryBuilderModal.integration.test.tsx" name="QueryBuilderModal Integration Tests &gt; ReportViewer Error Integration &gt; passes error state to ReportViewer component" time="0.000303233">
            <failure message="Cannot read properties of undefined (reading &apos;reducer&apos;)" type="TypeError">
TypeError: Cannot read properties of undefined (reading &apos;reducer&apos;)
 ❯ createMockStore src/components/query/__tests__/QueryBuilderModal.integration.test.tsx:137:19
 ❯ src/components/query/__tests__/QueryBuilderModal.integration.test.tsx:164:17
            </failure>
        </testcase>
        <testcase classname="src/components/query/__tests__/QueryBuilderModal.integration.test.tsx" name="QueryBuilderModal Integration Tests &gt; ReportViewer Error Integration &gt; passes retry handler to ReportViewer" time="0.000283697">
            <failure message="Cannot read properties of undefined (reading &apos;reducer&apos;)" type="TypeError">
TypeError: Cannot read properties of undefined (reading &apos;reducer&apos;)
 ❯ createMockStore src/components/query/__tests__/QueryBuilderModal.integration.test.tsx:137:19
 ❯ src/components/query/__tests__/QueryBuilderModal.integration.test.tsx:164:17
            </failure>
        </testcase>
        <testcase classname="src/components/query/__tests__/QueryBuilderModal.integration.test.tsx" name="QueryBuilderModal Integration Tests &gt; ReportViewer Error Integration &gt; passes go back handler to ReportViewer" time="0.000236011">
            <failure message="Cannot read properties of undefined (reading &apos;reducer&apos;)" type="TypeError">
TypeError: Cannot read properties of undefined (reading &apos;reducer&apos;)
 ❯ createMockStore src/components/query/__tests__/QueryBuilderModal.integration.test.tsx:137:19
 ❯ src/components/query/__tests__/QueryBuilderModal.integration.test.tsx:164:17
            </failure>
        </testcase>
        <testcase classname="src/components/query/__tests__/QueryBuilderModal.integration.test.tsx" name="QueryBuilderModal Integration Tests &gt; ReportViewer Error Integration &gt; enables recovery features in ReportViewer" time="0.000208102">
            <failure message="Cannot read properties of undefined (reading &apos;reducer&apos;)" type="TypeError">
TypeError: Cannot read properties of undefined (reading &apos;reducer&apos;)
 ❯ createMockStore src/components/query/__tests__/QueryBuilderModal.integration.test.tsx:137:19
 ❯ src/components/query/__tests__/QueryBuilderModal.integration.test.tsx:164:17
            </failure>
        </testcase>
        <testcase classname="src/components/query/__tests__/QueryBuilderModal.integration.test.tsx" name="QueryBuilderModal Integration Tests &gt; Field Discovery Error Handling &gt; handles field discovery errors gracefully" time="0.00022713">
            <failure message="Cannot read properties of undefined (reading &apos;reducer&apos;)" type="TypeError">
TypeError: Cannot read properties of undefined (reading &apos;reducer&apos;)
 ❯ createMockStore src/components/query/__tests__/QueryBuilderModal.integration.test.tsx:137:19
 ❯ src/components/query/__tests__/QueryBuilderModal.integration.test.tsx:164:17
            </failure>
        </testcase>
        <testcase classname="src/components/query/__tests__/QueryBuilderModal.integration.test.tsx" name="QueryBuilderModal Integration Tests &gt; Field Discovery Error Handling &gt; shows loading state during field discovery" time="0.00070264">
            <failure message="Cannot read properties of undefined (reading &apos;reducer&apos;)" type="TypeError">
TypeError: Cannot read properties of undefined (reading &apos;reducer&apos;)
 ❯ createMockStore src/components/query/__tests__/QueryBuilderModal.integration.test.tsx:137:19
 ❯ src/components/query/__tests__/QueryBuilderModal.integration.test.tsx:164:17
            </failure>
        </testcase>
        <testcase classname="src/components/query/__tests__/QueryBuilderModal.integration.test.tsx" name="QueryBuilderModal Integration Tests &gt; Field Discovery Error Handling &gt; shows schema discovery state for AD" time="0.000825602">
            <failure message="Cannot read properties of undefined (reading &apos;reducer&apos;)" type="TypeError">
TypeError: Cannot read properties of undefined (reading &apos;reducer&apos;)
 ❯ createMockStore src/components/query/__tests__/QueryBuilderModal.integration.test.tsx:137:19
 ❯ src/components/query/__tests__/QueryBuilderModal.integration.test.tsx:164:17
            </failure>
        </testcase>
        <testcase classname="src/components/query/__tests__/QueryBuilderModal.integration.test.tsx" name="QueryBuilderModal Integration Tests &gt; Credentials Error Handling &gt; handles credentials loading errors" time="0.000633224">
            <failure message="Cannot read properties of undefined (reading &apos;reducer&apos;)" type="TypeError">
TypeError: Cannot read properties of undefined (reading &apos;reducer&apos;)
 ❯ createMockStore src/components/query/__tests__/QueryBuilderModal.integration.test.tsx:137:19
 ❯ src/components/query/__tests__/QueryBuilderModal.integration.test.tsx:164:17
            </failure>
        </testcase>
        <testcase classname="src/components/query/__tests__/QueryBuilderModal.integration.test.tsx" name="QueryBuilderModal Integration Tests &gt; Credentials Error Handling &gt; shows empty state when no credentials available" time="0.000876599">
            <failure message="Cannot read properties of undefined (reading &apos;reducer&apos;)" type="TypeError">
TypeError: Cannot read properties of undefined (reading &apos;reducer&apos;)
 ❯ createMockStore src/components/query/__tests__/QueryBuilderModal.integration.test.tsx:137:19
 ❯ src/components/query/__tests__/QueryBuilderModal.integration.test.tsx:164:17
            </failure>
        </testcase>
        <testcase classname="src/components/query/__tests__/QueryBuilderModal.integration.test.tsx" name="QueryBuilderModal Integration Tests &gt; Error Recovery Workflows &gt; supports full error recovery workflow from field selection to preview" time="0.000651521">
            <failure message="Cannot read properties of undefined (reading &apos;reducer&apos;)" type="TypeError">
TypeError: Cannot read properties of undefined (reading &apos;reducer&apos;)
 ❯ createMockStore src/components/query/__tests__/QueryBuilderModal.integration.test.tsx:137:19
 ❯ src/components/query/__tests__/QueryBuilderModal.integration.test.tsx:164:17
            </failure>
        </testcase>
        <testcase classname="src/components/query/__tests__/QueryBuilderModal.integration.test.tsx" name="QueryBuilderModal Integration Tests &gt; Error Recovery Workflows &gt; maintains query state during error recovery" time="0.000579259">
            <failure message="Cannot read properties of undefined (reading &apos;reducer&apos;)" type="TypeError">
TypeError: Cannot read properties of undefined (reading &apos;reducer&apos;)
 ❯ createMockStore src/components/query/__tests__/QueryBuilderModal.integration.test.tsx:137:19
 ❯ src/components/query/__tests__/QueryBuilderModal.integration.test.tsx:164:17
            </failure>
        </testcase>
        <testcase classname="src/components/query/__tests__/QueryBuilderModal.integration.test.tsx" name="QueryBuilderModal Integration Tests &gt; Error Recovery Workflows &gt; provides contextual error messages based on current step" time="0.000629335">
            <failure message="Cannot read properties of undefined (reading &apos;reducer&apos;)" type="TypeError">
TypeError: Cannot read properties of undefined (reading &apos;reducer&apos;)
 ❯ createMockStore src/components/query/__tests__/QueryBuilderModal.integration.test.tsx:137:19
 ❯ src/components/query/__tests__/QueryBuilderModal.integration.test.tsx:164:17
            </failure>
        </testcase>
    </testsuite>
    <testsuite name="src/components/query/__tests__/QueryPreviewErrorBoundary.test.tsx" timestamp="2025-08-22T05:48:54.291Z" hostname="ifedotovNB" tests="36" failures="36" errors="0" skipped="0" time="2.893452615">
        <testcase classname="src/components/query/__tests__/QueryPreviewErrorBoundary.test.tsx" name="QueryPreviewErrorBoundary &gt; Basic Error Boundary Functionality &gt; renders children when there is no error" time="0.020900281">
            <failure message="Cannot delete property &apos;gtag&apos; of #&lt;Object&gt;" type="TypeError">
TypeError: Cannot delete property &apos;gtag&apos; of #&lt;Object&gt;
 ❯ src/components/query/__tests__/QueryPreviewErrorBoundary.test.tsx:49:3
            </failure>
        </testcase>
        <testcase classname="src/components/query/__tests__/QueryPreviewErrorBoundary.test.tsx" name="QueryPreviewErrorBoundary &gt; Basic Error Boundary Functionality &gt; catches and displays AppError with proper fallback UI" time="0.211296313">
            <failure message="Cannot delete property &apos;gtag&apos; of #&lt;Object&gt;" type="TypeError">
TypeError: Cannot delete property &apos;gtag&apos; of #&lt;Object&gt;
 ❯ src/components/query/__tests__/QueryPreviewErrorBoundary.test.tsx:49:3
            </failure>
        </testcase>
        <testcase classname="src/components/query/__tests__/QueryPreviewErrorBoundary.test.tsx" name="QueryPreviewErrorBoundary &gt; Basic Error Boundary Functionality &gt; catches and displays standard JavaScript errors" time="0.044989939">
            <failure message="Cannot delete property &apos;gtag&apos; of #&lt;Object&gt;" type="TypeError">
TypeError: Cannot delete property &apos;gtag&apos; of #&lt;Object&gt;
 ❯ src/components/query/__tests__/QueryPreviewErrorBoundary.test.tsx:49:3
            </failure>
        </testcase>
        <testcase classname="src/components/query/__tests__/QueryPreviewErrorBoundary.test.tsx" name="QueryPreviewErrorBoundary &gt; Basic Error Boundary Functionality &gt; calls onError callback when provided" time="0.073439782">
            <failure message="Cannot delete property &apos;gtag&apos; of #&lt;Object&gt;" type="TypeError">
TypeError: Cannot delete property &apos;gtag&apos; of #&lt;Object&gt;
 ❯ src/components/query/__tests__/QueryPreviewErrorBoundary.test.tsx:49:3
            </failure>
        </testcase>
        <testcase classname="src/components/query/__tests__/QueryPreviewErrorBoundary.test.tsx" name="QueryPreviewErrorBoundary &gt; Error Persistence and Analytics &gt; stores error count in localStorage" time="0.042769423">
            <failure message="Cannot delete property &apos;gtag&apos; of #&lt;Object&gt;" type="TypeError">
TypeError: Cannot delete property &apos;gtag&apos; of #&lt;Object&gt;
 ❯ src/components/query/__tests__/QueryPreviewErrorBoundary.test.tsx:49:3
            </failure>
        </testcase>
        <testcase classname="src/components/query/__tests__/QueryPreviewErrorBoundary.test.tsx" name="QueryPreviewErrorBoundary &gt; Error Persistence and Analytics &gt; increments error count on subsequent errors" time="0.102292297">
            <failure message="Cannot delete property &apos;gtag&apos; of #&lt;Object&gt;" type="TypeError">
TypeError: Cannot delete property &apos;gtag&apos; of #&lt;Object&gt;
 ❯ src/components/query/__tests__/QueryPreviewErrorBoundary.test.tsx:49:3
            </failure>
        </testcase>
        <testcase classname="src/components/query/__tests__/QueryPreviewErrorBoundary.test.tsx" name="QueryPreviewErrorBoundary &gt; Error Persistence and Analytics &gt; tracks errors in Google Analytics when gtag is available" time="0.030378858">
            <failure message="Cannot delete property &apos;gtag&apos; of #&lt;Object&gt;" type="TypeError">
TypeError: Cannot delete property &apos;gtag&apos; of #&lt;Object&gt;
 ❯ src/components/query/__tests__/QueryPreviewErrorBoundary.test.tsx:49:3
            </failure>
        </testcase>
        <testcase classname="src/components/query/__tests__/QueryPreviewErrorBoundary.test.tsx" name="QueryPreviewErrorBoundary &gt; Error Persistence and Analytics &gt; clears error persistence on successful reset" time="0.046141034">
            <failure message="expected &quot;spy&quot; to be called with arguments: [ &apos;queryPreviewErrorCount&apos; ][90m

Number of calls: [1m0[22m
[39m" type="AssertionError">
AssertionError: expected &quot;spy&quot; to be called with arguments: [ &apos;queryPreviewErrorCount&apos; ]

Number of calls: 0

 ❯ src/components/query/__tests__/QueryPreviewErrorBoundary.test.tsx:192:39
            </failure>
            <failure message="Cannot delete property &apos;gtag&apos; of #&lt;Object&gt;" type="TypeError">
TypeError: Cannot delete property &apos;gtag&apos; of #&lt;Object&gt;
 ❯ src/components/query/__tests__/QueryPreviewErrorBoundary.test.tsx:49:3
            </failure>
        </testcase>
        <testcase classname="src/components/query/__tests__/QueryPreviewErrorBoundary.test.tsx" name="QueryPreviewErrorBoundary &gt; Error Type-Specific Handling &gt; handles NETWORK error type correctly" time="0.086133775">
            <failure message="Found multiple elements with the text: Network Connection Issue

Here are the matching elements:

Ignored nodes: comments, script, style
[36m&lt;h3[39m
  [33mstyle[39m=[32m&quot;font-size: 20px; font-weight: bold; margin-bottom: 8px; color: rgb(31, 41, 55);&quot;[39m
[36m&gt;[39m
  [0mNetwork Connection Issue[0m
[36m&lt;/h3&gt;[39m

Ignored nodes: comments, script, style
[36m&lt;h3[39m
  [33mstyle[39m=[32m&quot;font-size: 20px; font-weight: bold; margin-bottom: 8px; color: rgb(31, 41, 55);&quot;[39m
[36m&gt;[39m
  [0mNetwork Connection Issue[0m
[36m&lt;/h3&gt;[39m

Ignored nodes: comments, script, style
[36m&lt;h3[39m
  [33mstyle[39m=[32m&quot;font-size: 20px; font-weight: bold; margin-bottom: 8px; color: rgb(31, 41, 55);&quot;[39m
[36m&gt;[39m
  [0mNetwork Connection Issue[0m
[36m&lt;/h3&gt;[39m

Ignored nodes: comments, script, style
[36m&lt;h3[39m
  [33mstyle[39m=[32m&quot;font-size: 20px; font-weight: bold; margin-bottom: 8px; color: rgb(31, 41, 55);&quot;[39m
[36m&gt;[39m
  [0mNetwork Connection Issue[0m
[36m&lt;/h3&gt;[39m

Ignored nodes: comments, script, style
[36m&lt;h3[39m
  [33mstyle[39m=[32m&quot;font-size: 20px; font-weight: bold; margin-bottom: 8px; color: rgb(31, 41, 55);&quot;[39m
[36m&gt;[39m
  [0mNetwork Connection Issue[0m
[36m&lt;/h3&gt;[39m

Ignored nodes: comments, script, style
[36m&lt;h3[39m
  [33mstyle[39m=[32m&quot;font-size: 20px; font-weight: bold; margin-bottom: 8px; color: rgb(31, 41, 55);&quot;[39m
[36m&gt;[39m
  [0mNetwork Connection Issue[0m
[36m&lt;/h3&gt;[39m

Ignored nodes: comments, script, style
[36m&lt;h3[39m
  [33mstyle[39m=[32m&quot;font-size: 20px; font-weight: bold; margin-bottom: 8px; color: rgb(31, 41, 55);&quot;[39m
[36m&gt;[39m
  [0mNetwork Connection Issue[0m
[36m&lt;/h3&gt;[39m

(If this is intentional, then use the `*AllBy*` variant of the query (like `queryAllByText`, `getAllByText`, or `findAllByText`)).

Ignored nodes: comments, script, style
[36m&lt;body&gt;[39m
  [36m&lt;div&gt;[39m
    [36m&lt;div[39m
      [33mdata-testid[39m=[32m&quot;test-content&quot;[39m
    [36m&gt;[39m
      [0mTest content[0m
    [36m&lt;/div&gt;[39m
  [36m&lt;/div&gt;[39m
  [36m&lt;div&gt;[39m
    [36m&lt;div[39m
      [33mstyle[39m=[32m&quot;min-height: 400px; background: rgb(245, 245, 245); display: flex; align-items: center; justify-content: center; padding: 32px; border-radius: 8px;&quot;[39m
    [36m&gt;[39m
      [36m&lt;div[39m
        [33mstyle[39m=[32m&quot;max-width: 600px; width: 100%; text-align: center; background: rgba(255, 255, 255, 0.9); border-radius: 16px; padding: 32px; border: 1px solid rgb(229, 231, 235); box-shadow: 0 4px 6px rgba(0, 0, 0, 0.1);&quot;[39m
      [36m&gt;[39m
        [36m&lt;svg[39m
          [33maria-hidden[39m=[32m&quot;true&quot;[39m
          [33mclass[39m=[32m&quot;lucide lucide-circle-alert&quot;[39m
          [33mfill[39m=[32m&quot;none&quot;[39m
          [33mheight[39m=[32m&quot;48&quot;[39m
          [33mstroke[39m=[32m&quot;currentColor&quot;[39m
          [33mstroke-linecap[39m=[32m&quot;round&quot;[39m
          [33mstroke-linejoin[39m=[32m&quot;round&quot;[39m
          [33mstroke-width[39m=[32m&quot;2&quot;[39m
          [33mstyle[39m=[32m&quot;color: rgb(239, 68, 68); margin-bottom: 16px;&quot;[39m
          [33mviewBox[39m=[32m&quot;0 0 24 24&quot;[39m
          [33mwidth[39m=[32m&quot;48&quot;[39m
          [33mxmlns[39m=[32m&quot;http://www.w3.org/2000/svg&quot;[39m
        [36m&gt;[39m
          [36m&lt;circle[39m
            [33mcx[39m=[32m&quot;12&quot;[39m
            [33mcy[39m=[32m&quot;12&quot;[39m
            [33mr[39m=[32m&quot;10&quot;[39m
          [36m/&gt;[39m
          [36m&lt;line[39m
            [33mx1[39m=[32m&quot;12&quot;[39m
            [33mx2[39m=[32m&quot;12&quot;[39m
            [33my1[39m=[32m&quot;8&quot;[39m
            [33my2[39m=[32m&quot;12&quot;[39m
          [36m/&gt;[39m
          [36m&lt;line[39m
            [33mx1[39m=[32m&quot;12&quot;[39m
            [33mx2[39m=[32m&quot;12.01&quot;[39m
            [33my1[39m=[32m&quot;16&quot;[39m
            [33my2[39m=[32m&quot;16&quot;[39m
          [36m/&gt;[39m
        [36m&lt;/svg&gt;[39m
        [36m&lt;h3[39m
          [33mstyle[39m=[32m&quot;font-size: 20px; font-weight: bold; margin-bottom: 8px; color: rgb(31, 41, 55);&quot;[39m
        [36m&gt;[39m
          [0mNetwork Connection Issue[0m
        [36m&lt;/h3&gt;[39m
        [36m&lt;p[39m
          [33mstyle[39m=[32m&quot;font-size: 14px; margin-bottom: 20px; color: rgb(107, 114, 128); line-height: 1.5;&quot;[39m
        [36m&gt;[39m
          [0mCheck your internet connection and try again. If the problem persists, contact your network administrator.[0m
        [36m&lt;/p&gt;[39m
        [36m&lt;details[39m
          [33mstyle[39m=[32m&quot;text-align: left; margin-bottom: 20px; background: rgba(0, 0, 0, 0.05); padding: 12px; border-radius: 6px; font-size: 12px;&quot;[39m
        [36m&gt;[39m
          [36m&lt;summary[39m
            [33mstyle[39m=[32m&quot;cursor: pointer; margin-bottom: 8px; color: rgb(107, 114, 128); font-size: 12px;&quot;[39m
          [36m&gt;[39m
            [36m&lt;svg[39m
              [33maria-hidden[39m=[32m&quot;true&quot;[39m
              [33mclass[39m=[32m&quot;lucide lucide-bug&quot;[39m
              [33mfill[39m=[32m&quot;none&quot;[39m
              [33mheight[39m=[32m&quot;14&quot;[39m
              [33mstroke[39m=[32m&quot;currentColor&quot;[39m
              [33mstroke-linecap[39m=[32m&quot;round&quot;[39m
              [33mstroke-linejoin[39m=[32m&quot;round&quot;[39m
              [33mstroke-width[39m=[32m&quot;2&quot;[39m
              [33mstyle[39m=[32m&quot;margin-right: 6px; vertical-align: middle;&quot;[39m
              [33mviewBox[39m=[32m&quot;0 0 24 24&quot;[39m
              [33mwidth[39m=[32m&quot;14&quot;[39m
              [33mxmlns[39m=[32m&quot;http://www.w3.org/2000/svg&quot;[39m
            [36m&gt;[39m
              [36m&lt;path[39m
                [33md[39m=[32m&quot;m8 2 1.88 1.88&quot;[39m
              [36m/&gt;[39m
              [36m&lt;path[39m
                [33md[39m=[32m&quot;M14.12 3.88 16 2&quot;[39m
              [36m/&gt;[39m
              [36m&lt;path[39m
                [33md[39m=[32m&quot;M9 7.13v-1a3.003 3.003 0 1 1 6 0v1&quot;[39m
              [36m/&gt;[39m
              [36m&lt;path[39m
                [33md[39m=[32m&quot;M12 20c-3.3 0-6-2.7-6-6v-3a4 4 0 0 1 4-4h4a4 4 0 0 1 4 4v3c0 3.3-2.7 6-6 6&quot;[39m
              [36m/&gt;[39m
              [36m&lt;path[39m
                [33md[39m=[32m&quot;M12 20v-9&quot;[39m
              [36m/&gt;[39m
              [36m&lt;path[39m
                [33md[39m=[32m&quot;M6.53 9C4.6 8.8 3 7.1 3 5&quot;[39m
              [36m/&gt;[39m
              [36m&lt;path[39m
                [33md[39m=[32m&quot;M6 13H2&quot;[39m
              [36m/&gt;[39m
              [36m&lt;path[39m
                [33md[39m=[32m&quot;M3 21c0-2.1 1.7-3.9 3.8-4&quot;[39m
              [36m/&gt;[39m
              [36m&lt;path[39m
                [33md[39m=[32m&quot;M20.97 5c0 2.1-1.6 3.8-3.5 4&quot;[39m
              [36m/&gt;[39m
              [36m&lt;path[39m
                [33md[39m=[32m&quot;M22 13h-4&quot;[39m
              [36m/&gt;[39m
              [36m&lt;path[39m
                [33md[39m=[32m&quot;M17.2 17c2.1.1 3.8 1.9 3.8 4&quot;[39m
              [36m/&gt;[39m
            [36m&lt;/svg&gt;[39m
            [0mError Details (Development Only)[0m
          [36m&lt;/summary&gt;[39m
          [36m&lt;div[39m
            [33mstyle[39m=[32m&quot;font-family: monospace; color: rgb(75, 85, 99); word-break: break-word;&quot;[39m
          [36m&gt;[39m
            [36m&lt;strong&gt;[39m
              [0mType:[0m
            [36m&lt;/strong&gt;[39m
            [0m [0m
            [0mNETWORK[0m
            [36m&lt;br /&gt;[39m
            [36m&lt;strong&gt;[39m
              [0mCode:[0m
            [36m&lt;/strong&gt;[39m
            [0m [0m
            [0mNETWORK_ERROR[0m
            [36m&lt;br /&gt;[39m
            [36m&lt;strong&gt;[39m
              [0mMessage:[0m
            [36m&lt;/strong&gt;[39m
            [0m [0m
            [0mTest error message[0m
            [36m&lt;br /&gt;[39m
            [36m&lt;strong&gt;[39m
              [0mStack:[0m
            [36m&lt;/strong&gt;[39m
            [36m&lt;pre[39m
              [33mstyle[39m=[32m&quot;white-space: pre-wrap; word-break: break-word; margin: 4px 0px 0px 0px; font-size: 10px;&quot;[39m
            [36m&gt;[39m
              [0mAppError: Test error message
    at ThrowErrorComponent (/home/ilya/projects/SimpleAdminReporter/frontend/src/components/query/__tests__/QueryPreviewErrorBoundary.test.tsx:59:19)
    at Object.react_stack_bottom_frame (/home/ilya/projects/SimpleAdminReporter/frontend/node_modules/react-dom/cjs/react-dom-client.development.js:23863:20)
    at renderWithHooks (/home/ilya/projects/SimpleAdminReporter/frontend/node_modules/react-dom/cjs/react-dom-client.development.js:5529:22)
    at updateFunctionComponent (/home/ilya/projects/SimpleAdminReporter/frontend/node_modules/react-dom/cjs/react-dom-client.development.js:8897:19)
    at beginWork (/home/ilya/projects/SimpleAdminReporter/frontend/node_modules/react-dom/cjs/react-dom-client.development.js:10522:18)
    at runWithFiberInDEV (/home/ilya/projects/SimpleAdminReporter/frontend/node_modules/react-dom/cjs/react-dom-client.development.js:1522:13..." type="TestingLibraryElementError">
TestingLibraryElementError: Found multiple elements with the text: Network Connection Issue

Here are the matching elements:

Ignored nodes: comments, script, style
&lt;h3
  style=&quot;font-size: 20px; font-weight: bold; margin-bottom: 8px; color: rgb(31, 41, 55);&quot;
&gt;
  Network Connection Issue
&lt;/h3&gt;

Ignored nodes: comments, script, style
&lt;h3
  style=&quot;font-size: 20px; font-weight: bold; margin-bottom: 8px; color: rgb(31, 41, 55);&quot;
&gt;
  Network Connection Issue
&lt;/h3&gt;

Ignored nodes: comments, script, style
&lt;h3
  style=&quot;font-size: 20px; font-weight: bold; margin-bottom: 8px; color: rgb(31, 41, 55);&quot;
&gt;
  Network Connection Issue
&lt;/h3&gt;

Ignored nodes: comments, script, style
&lt;h3
  style=&quot;font-size: 20px; font-weight: bold; margin-bottom: 8px; color: rgb(31, 41, 55);&quot;
&gt;
  Network Connection Issue
&lt;/h3&gt;

Ignored nodes: comments, script, style
&lt;h3
  style=&quot;font-size: 20px; font-weight: bold; margin-bottom: 8px; color: rgb(31, 41, 55);&quot;
&gt;
  Network Connection Issue
&lt;/h3&gt;

Ignored nodes: comments, script, style
&lt;h3
  style=&quot;font-size: 20px; font-weight: bold; margin-bottom: 8px; color: rgb(31, 41, 55);&quot;
&gt;
  Network Connection Issue
&lt;/h3&gt;

Ignored nodes: comments, script, style
&lt;h3
  style=&quot;font-size: 20px; font-weight: bold; margin-bottom: 8px; color: rgb(31, 41, 55);&quot;
&gt;
  Network Connection Issue
&lt;/h3&gt;

(If this is intentional, then use the `*AllBy*` variant of the query (like `queryAllByText`, `getAllByText`, or `findAllByText`)).

Ignored nodes: comments, script, style
&lt;body&gt;
  &lt;div&gt;
    &lt;div
      data-testid=&quot;test-content&quot;
    &gt;
      Test content
    &lt;/div&gt;
  &lt;/div&gt;
  &lt;div&gt;
    &lt;div
      style=&quot;min-height: 400px; background: rgb(245, 245, 245); display: flex; align-items: center; justify-content: center; padding: 32px; border-radius: 8px;&quot;
    &gt;
      &lt;div
        style=&quot;max-width: 600px; width: 100%; text-align: center; background: rgba(255, 255, 255, 0.9); border-radius: 16px; padding: 32px; border: 1px solid rgb(229, 231, 235); box-shadow: 0 4px 6px rgba(0, 0, 0, 0.1);&quot;
      &gt;
        &lt;svg
          aria-hidden=&quot;true&quot;
          class=&quot;lucide lucide-circle-alert&quot;
          fill=&quot;none&quot;
          height=&quot;48&quot;
          stroke=&quot;currentColor&quot;
          stroke-linecap=&quot;round&quot;
          stroke-linejoin=&quot;round&quot;
          stroke-width=&quot;2&quot;
          style=&quot;color: rgb(239, 68, 68); margin-bottom: 16px;&quot;
          viewBox=&quot;0 0 24 24&quot;
          width=&quot;48&quot;
          xmlns=&quot;http://www.w3.org/2000/svg&quot;
        &gt;
          &lt;circle
            cx=&quot;12&quot;
            cy=&quot;12&quot;
            r=&quot;10&quot;
          /&gt;
          &lt;line
            x1=&quot;12&quot;
            x2=&quot;12&quot;
            y1=&quot;8&quot;
            y2=&quot;12&quot;
          /&gt;
          &lt;line
            x1=&quot;12&quot;
            x2=&quot;12.01&quot;
            y1=&quot;16&quot;
            y2=&quot;16&quot;
          /&gt;
        &lt;/svg&gt;
        &lt;h3
          style=&quot;font-size: 20px; font-weight: bold; margin-bottom: 8px; color: rgb(31, 41, 55);&quot;
        &gt;
          Network Connection Issue
        &lt;/h3&gt;
        &lt;p
          style=&quot;font-size: 14px; margin-bottom: 20px; color: rgb(107, 114, 128); line-height: 1.5;&quot;
        &gt;
          Check your internet connection and try again. If the problem persists, contact your network administrator.
        &lt;/p&gt;
        &lt;details
          style=&quot;text-align: left; margin-bottom: 20px; background: rgba(0, 0, 0, 0.05); padding: 12px; border-radius: 6px; font-size: 12px;&quot;
        &gt;
          &lt;summary
            style=&quot;cursor: pointer; margin-bottom: 8px; color: rgb(107, 114, 128); font-size: 12px;&quot;
          &gt;
            &lt;svg
              aria-hidden=&quot;true&quot;
              class=&quot;lucide lucide-bug&quot;
              fill=&quot;none&quot;
              height=&quot;14&quot;
              stroke=&quot;currentColor&quot;
              stroke-linecap=&quot;round&quot;
              stroke-linejoin=&quot;round&quot;
              stroke-width=&quot;2&quot;
              style=&quot;margin-right: 6px; vertical-align: middle;&quot;
              viewBox=&quot;0 0 24 24&quot;
              width=&quot;14&quot;
              xmlns=&quot;http://www.w3.org/2000/svg&quot;
            &gt;
              &lt;path
                d=&quot;m8 2 1.88 1.88&quot;
              /&gt;
              &lt;path
                d=&quot;M14.12 3.88 16 2&quot;
              /&gt;
              &lt;path
                d=&quot;M9 7.13v-1a3.003 3.003 0 1 1 6 0v1&quot;
              /&gt;
              &lt;path
                d=&quot;M12 20c-3.3 0-6-2.7-6-6v-3a4 4 0 0 1 4-4h4a4 4 0 0 1 4 4v3c0 3.3-2.7 6-6 6&quot;
              /&gt;
              &lt;path
                d=&quot;M12 20v-9&quot;
              /&gt;
              &lt;path
                d=&quot;M6.53 9C4.6 8.8 3 7.1 3 5&quot;
              /&gt;
              &lt;path
                d=&quot;M6 13H2&quot;
              /&gt;
              &lt;path
                d=&quot;M3 21c0-2.1 1.7-3.9 3.8-4&quot;
              /&gt;
              &lt;path
                d=&quot;M20.97 5c0 2.1-1.6 3.8-3.5 4&quot;
              /&gt;
              &lt;path
                d=&quot;M22 13h-4&quot;
              /&gt;
              &lt;path
                d=&quot;M17.2 17c2.1.1 3.8 1.9 3.8 4&quot;
              /&gt;
            &lt;/svg&gt;
            Error Details (Development Only)
          &lt;/summary&gt;
          &lt;div
            style=&quot;font-family: monospace; color: rgb(75, 85, 99); word-break: break-word;&quot;
          &gt;
            &lt;strong&gt;
              Type:
            &lt;/strong&gt;
             
            NETWORK
            &lt;br /&gt;
            &lt;strong&gt;
              Code:
            &lt;/strong&gt;
             
            NETWORK_ERROR
            &lt;br /&gt;
            &lt;strong&gt;
              Message:
            &lt;/strong&gt;
             
            Test error message
            &lt;br /&gt;
            &lt;strong&gt;
              Stack:
            &lt;/strong&gt;
            &lt;pre
              style=&quot;white-space: pre-wrap; word-break: break-word; margin: 4px 0px 0px 0px; font-size: 10px;&quot;
            &gt;
              AppError: Test error message
    at ThrowErrorComponent (/home/ilya/projects/SimpleAdminReporter/frontend/src/components/query/__tests__/QueryPreviewErrorBoundary.test.tsx:59:19)
    at Object.react_stack_bottom_frame (/home/ilya/projects/SimpleAdminReporter/frontend/node_modules/react-dom/cjs/react-dom-client.development.js:23863:20)
    at renderWithHooks (/home/ilya/projects/SimpleAdminReporter/frontend/node_modules/react-dom/cjs/react-dom-client.development.js:5529:22)
    at updateFunctionComponent (/home/ilya/projects/SimpleAdminReporter/frontend/node_modules/react-dom/cjs/react-dom-client.development.js:8897:19)
    at beginWork (/home/ilya/projects/SimpleAdminReporter/frontend/node_modules/react-dom/cjs/react-dom-client.development.js:10522:18)
    at runWithFiberInDEV (/home/ilya/projects/SimpleAdminReporter/frontend/node_modules/react-dom/cjs/react-dom-client.development.js:1522:13...
 ❯ ThrowErrorComponent src/components/query/__tests__/QueryPreviewErrorBoundary.test.tsx:59:19
 ❯ Object.react_stack_bottom_frame node_modules/react-dom/cjs/react-dom-client.development.js:23863:20
 ❯ renderWithHooks node_modules/react-dom/cjs/react-dom-client.development.js:5529:22
 ❯ updateFunctionComponent node_modules/react-dom/cjs/react-dom-client.development.js:8897:19
 ❯ beginWork node_modules/react-dom/cjs/react-dom-client.development.js:10522:18
 ❯ Object.getElementError node_modules/@testing-library/dom/dist/config.js:37:19
 ❯ getElementError node_modules/@testing-library/dom/dist/query-helpers.js:20:35
 ❯ getMultipleElementsFoundError node_modules/@testing-library/dom/dist/query-helpers.js:23:10
 ❯ node_modules/@testing-library/dom/dist/query-helpers.js:55:13
 ❯ node_modules/@testing-library/dom/dist/query-helpers.js:95:19
 ❯ src/components/query/__tests__/QueryPreviewErrorBoundary.test.tsx:251:23
            </failure>
            <failure message="Cannot delete property &apos;gtag&apos; of #&lt;Object&gt;" type="TypeError">
TypeError: Cannot delete property &apos;gtag&apos; of #&lt;Object&gt;
 ❯ src/components/query/__tests__/QueryPreviewErrorBoundary.test.tsx:49:3
            </failure>
        </testcase>
        <testcase classname="src/components/query/__tests__/QueryPreviewErrorBoundary.test.tsx" name="QueryPreviewErrorBoundary &gt; Error Type-Specific Handling &gt; handles TIMEOUT error type correctly" time="0.105799233">
            <failure message="Found multiple elements with the text: Try Again

Here are the matching elements:

Ignored nodes: comments, script, style
[36m&lt;span&gt;[39m
  [0mTry Again[0m
[36m&lt;/span&gt;[39m

Ignored nodes: comments, script, style
[36m&lt;span&gt;[39m
  [0mTry Again[0m
[36m&lt;/span&gt;[39m

Ignored nodes: comments, script, style
[36m&lt;span&gt;[39m
  [0mTry Again[0m
[36m&lt;/span&gt;[39m

Ignored nodes: comments, script, style
[36m&lt;span&gt;[39m
  [0mTry Again[0m
[36m&lt;/span&gt;[39m

Ignored nodes: comments, script, style
[36m&lt;span&gt;[39m
  [0mTry Again[0m
[36m&lt;/span&gt;[39m

Ignored nodes: comments, script, style
[36m&lt;span&gt;[39m
  [0mTry Again[0m
[36m&lt;/span&gt;[39m

Ignored nodes: comments, script, style
[36m&lt;span&gt;[39m
  [0mTry Again[0m
[36m&lt;/span&gt;[39m

Ignored nodes: comments, script, style
[36m&lt;span&gt;[39m
  [0mTry Again[0m
[36m&lt;/span&gt;[39m

(If this is intentional, then use the `*AllBy*` variant of the query (like `queryAllByText`, `getAllByText`, or `findAllByText`)).

Ignored nodes: comments, script, style
[36m&lt;body&gt;[39m
  [36m&lt;div&gt;[39m
    [36m&lt;div[39m
      [33mdata-testid[39m=[32m&quot;test-content&quot;[39m
    [36m&gt;[39m
      [0mTest content[0m
    [36m&lt;/div&gt;[39m
  [36m&lt;/div&gt;[39m
  [36m&lt;div&gt;[39m
    [36m&lt;div[39m
      [33mstyle[39m=[32m&quot;min-height: 400px; background: rgb(245, 245, 245); display: flex; align-items: center; justify-content: center; padding: 32px; border-radius: 8px;&quot;[39m
    [36m&gt;[39m
      [36m&lt;div[39m
        [33mstyle[39m=[32m&quot;max-width: 600px; width: 100%; text-align: center; background: rgba(255, 255, 255, 0.9); border-radius: 16px; padding: 32px; border: 1px solid rgb(229, 231, 235); box-shadow: 0 4px 6px rgba(0, 0, 0, 0.1);&quot;[39m
      [36m&gt;[39m
        [36m&lt;svg[39m
          [33maria-hidden[39m=[32m&quot;true&quot;[39m
          [33mclass[39m=[32m&quot;lucide lucide-circle-alert&quot;[39m
          [33mfill[39m=[32m&quot;none&quot;[39m
          [33mheight[39m=[32m&quot;48&quot;[39m
          [33mstroke[39m=[32m&quot;currentColor&quot;[39m
          [33mstroke-linecap[39m=[32m&quot;round&quot;[39m
          [33mstroke-linejoin[39m=[32m&quot;round&quot;[39m
          [33mstroke-width[39m=[32m&quot;2&quot;[39m
          [33mstyle[39m=[32m&quot;color: rgb(239, 68, 68); margin-bottom: 16px;&quot;[39m
          [33mviewBox[39m=[32m&quot;0 0 24 24&quot;[39m
          [33mwidth[39m=[32m&quot;48&quot;[39m
          [33mxmlns[39m=[32m&quot;http://www.w3.org/2000/svg&quot;[39m
        [36m&gt;[39m
          [36m&lt;circle[39m
            [33mcx[39m=[32m&quot;12&quot;[39m
            [33mcy[39m=[32m&quot;12&quot;[39m
            [33mr[39m=[32m&quot;10&quot;[39m
          [36m/&gt;[39m
          [36m&lt;line[39m
            [33mx1[39m=[32m&quot;12&quot;[39m
            [33mx2[39m=[32m&quot;12&quot;[39m
            [33my1[39m=[32m&quot;8&quot;[39m
            [33my2[39m=[32m&quot;12&quot;[39m
          [36m/&gt;[39m
          [36m&lt;line[39m
            [33mx1[39m=[32m&quot;12&quot;[39m
            [33mx2[39m=[32m&quot;12.01&quot;[39m
            [33my1[39m=[32m&quot;16&quot;[39m
            [33my2[39m=[32m&quot;16&quot;[39m
          [36m/&gt;[39m
        [36m&lt;/svg&gt;[39m
        [36m&lt;h3[39m
          [33mstyle[39m=[32m&quot;font-size: 20px; font-weight: bold; margin-bottom: 8px; color: rgb(31, 41, 55);&quot;[39m
        [36m&gt;[39m
          [0mNetwork Connection Issue[0m
        [36m&lt;/h3&gt;[39m
        [36m&lt;p[39m
          [33mstyle[39m=[32m&quot;font-size: 14px; margin-bottom: 20px; color: rgb(107, 114, 128); line-height: 1.5;&quot;[39m
        [36m&gt;[39m
          [0mCheck your internet connection and try again. If the problem persists, contact your network administrator.[0m
        [36m&lt;/p&gt;[39m
        [36m&lt;details[39m
          [33mstyle[39m=[32m&quot;text-align: left; margin-bottom: 20px; background: rgba(0, 0, 0, 0.05); padding: 12px; border-radius: 6px; font-size: 12px;&quot;[39m
        [36m&gt;[39m
          [36m&lt;summary[39m
            [33mstyle[39m=[32m&quot;cursor: pointer; margin-bottom: 8px; color: rgb(107, 114, 128); font-size: 12px;&quot;[39m
          [36m&gt;[39m
            [36m&lt;svg[39m
              [33maria-hidden[39m=[32m&quot;true&quot;[39m
              [33mclass[39m=[32m&quot;lucide lucide-bug&quot;[39m
              [33mfill[39m=[32m&quot;none&quot;[39m
              [33mheight[39m=[32m&quot;14&quot;[39m
              [33mstroke[39m=[32m&quot;currentColor&quot;[39m
              [33mstroke-linecap[39m=[32m&quot;round&quot;[39m
              [33mstroke-linejoin[39m=[32m&quot;round&quot;[39m
              [33mstroke-width[39m=[32m&quot;2&quot;[39m
              [33mstyle[39m=[32m&quot;margin-right: 6px; vertical-align: middle;&quot;[39m
              [33mviewBox[39m=[32m&quot;0 0 24 24&quot;[39m
              [33mwidth[39m=[32m&quot;14&quot;[39m
              [33mxmlns[39m=[32m&quot;http://www.w3.org/2000/svg&quot;[39m
            [36m&gt;[39m
              [36m&lt;path[39m
                [33md[39m=[32m&quot;m8 2 1.88 1.88&quot;[39m
              [36m/&gt;[39m
              [36m&lt;path[39m
                [33md[39m=[32m&quot;M14.12 3.88 16 2&quot;[39m
              [36m/&gt;[39m
              [36m&lt;path[39m
                [33md[39m=[32m&quot;M9 7.13v-1a3.003 3.003 0 1 1 6 0v1&quot;[39m
              [36m/&gt;[39m
              [36m&lt;path[39m
                [33md[39m=[32m&quot;M12 20c-3.3 0-6-2.7-6-6v-3a4 4 0 0 1 4-4h4a4 4 0 0 1 4 4v3c0 3.3-2.7 6-6 6&quot;[39m
              [36m/&gt;[39m
              [36m&lt;path[39m
                [33md[39m=[32m&quot;M12 20v-9&quot;[39m
              [36m/&gt;[39m
              [36m&lt;path[39m
                [33md[39m=[32m&quot;M6.53 9C4.6 8.8 3 7.1 3 5&quot;[39m
              [36m/&gt;[39m
              [36m&lt;path[39m
                [33md[39m=[32m&quot;M6 13H2&quot;[39m
              [36m/&gt;[39m
              [36m&lt;path[39m
                [33md[39m=[32m&quot;M3 21c0-2.1 1.7-3.9 3.8-4&quot;[39m
              [36m/&gt;[39m
              [36m&lt;path[39m
                [33md[39m=[32m&quot;M20.97 5c0 2.1-1.6 3.8-3.5 4&quot;[39m
              [36m/&gt;[39m
              [36m&lt;path[39m
                [33md[39m=[32m&quot;M22 13h-4&quot;[39m
              [36m/&gt;[39m
              [36m&lt;path[39m
                [33md[39m=[32m&quot;M17.2 17c2.1.1 3.8 1.9 3.8 4&quot;[39m
              [36m/&gt;[39m
            [36m&lt;/svg&gt;[39m
            [0mError Details (Development Only)[0m
          [36m&lt;/summary&gt;[39m
          [36m&lt;div[39m
            [33mstyle[39m=[32m&quot;font-family: monospace; color: rgb(75, 85, 99); word-break: break-word;&quot;[39m
          [36m&gt;[39m
            [36m&lt;strong&gt;[39m
              [0mType:[0m
            [36m&lt;/strong&gt;[39m
            [0m [0m
            [0mNETWORK[0m
            [36m&lt;br /&gt;[39m
            [36m&lt;strong&gt;[39m
              [0mCode:[0m
            [36m&lt;/strong&gt;[39m
            [0m [0m
            [0mNETWORK_ERROR[0m
            [36m&lt;br /&gt;[39m
            [36m&lt;strong&gt;[39m
              [0mMessage:[0m
            [36m&lt;/strong&gt;[39m
            [0m [0m
            [0mTest error message[0m
            [36m&lt;br /&gt;[39m
            [36m&lt;strong&gt;[39m
              [0mStack:[0m
            [36m&lt;/strong&gt;[39m
            [36m&lt;pre[39m
              [33mstyle[39m=[32m&quot;white-space: pre-wrap; word-break: break-word; margin: 4px 0px 0px 0px; font-size: 10px;&quot;[39m
            [36m&gt;[39m
              [0mAppError: Test error message
    at ThrowErrorComponent (/home/ilya/projects/SimpleAdminReporter/frontend/src/components/query/__tests__/QueryPreviewErrorBoundary.test.tsx:59:19)
    at Object.react_stack_bottom_frame (/home/ilya/projects/SimpleAdminReporter/frontend/node_modules/react-dom/cjs/react-dom-client.development.js:23863:20)
    at renderWithHooks (/home/ilya/projects/SimpleAdminReporter/frontend/node_modules/react-dom/cjs/react-dom-client.development.js:5529:22)
    at updateFunctionComponent (/home/ilya/projects/SimpleAdminReporter/frontend/node_modules/react-dom/cjs/react-dom-client.development.js:8897:19)
    at beginWork (/home/ilya/projects/SimpleAdminReporter/frontend/node_modules/react-dom/cjs/react-dom-client.development.js:10522:18)
    at runWithFiberInDEV (/home/ilya/projects/SimpleAdminReporter/frontend/node_modules/react-dom/cjs/react-dom-client.development.js:1522:13..." type="TestingLibraryElementError">
TestingLibraryElementError: Found multiple elements with the text: Try Again

Here are the matching elements:

Ignored nodes: comments, script, style
&lt;span&gt;
  Try Again
&lt;/span&gt;

Ignored nodes: comments, script, style
&lt;span&gt;
  Try Again
&lt;/span&gt;

Ignored nodes: comments, script, style
&lt;span&gt;
  Try Again
&lt;/span&gt;

Ignored nodes: comments, script, style
&lt;span&gt;
  Try Again
&lt;/span&gt;

Ignored nodes: comments, script, style
&lt;span&gt;
  Try Again
&lt;/span&gt;

Ignored nodes: comments, script, style
&lt;span&gt;
  Try Again
&lt;/span&gt;

Ignored nodes: comments, script, style
&lt;span&gt;
  Try Again
&lt;/span&gt;

Ignored nodes: comments, script, style
&lt;span&gt;
  Try Again
&lt;/span&gt;

(If this is intentional, then use the `*AllBy*` variant of the query (like `queryAllByText`, `getAllByText`, or `findAllByText`)).

Ignored nodes: comments, script, style
&lt;body&gt;
  &lt;div&gt;
    &lt;div
      data-testid=&quot;test-content&quot;
    &gt;
      Test content
    &lt;/div&gt;
  &lt;/div&gt;
  &lt;div&gt;
    &lt;div
      style=&quot;min-height: 400px; background: rgb(245, 245, 245); display: flex; align-items: center; justify-content: center; padding: 32px; border-radius: 8px;&quot;
    &gt;
      &lt;div
        style=&quot;max-width: 600px; width: 100%; text-align: center; background: rgba(255, 255, 255, 0.9); border-radius: 16px; padding: 32px; border: 1px solid rgb(229, 231, 235); box-shadow: 0 4px 6px rgba(0, 0, 0, 0.1);&quot;
      &gt;
        &lt;svg
          aria-hidden=&quot;true&quot;
          class=&quot;lucide lucide-circle-alert&quot;
          fill=&quot;none&quot;
          height=&quot;48&quot;
          stroke=&quot;currentColor&quot;
          stroke-linecap=&quot;round&quot;
          stroke-linejoin=&quot;round&quot;
          stroke-width=&quot;2&quot;
          style=&quot;color: rgb(239, 68, 68); margin-bottom: 16px;&quot;
          viewBox=&quot;0 0 24 24&quot;
          width=&quot;48&quot;
          xmlns=&quot;http://www.w3.org/2000/svg&quot;
        &gt;
          &lt;circle
            cx=&quot;12&quot;
            cy=&quot;12&quot;
            r=&quot;10&quot;
          /&gt;
          &lt;line
            x1=&quot;12&quot;
            x2=&quot;12&quot;
            y1=&quot;8&quot;
            y2=&quot;12&quot;
          /&gt;
          &lt;line
            x1=&quot;12&quot;
            x2=&quot;12.01&quot;
            y1=&quot;16&quot;
            y2=&quot;16&quot;
          /&gt;
        &lt;/svg&gt;
        &lt;h3
          style=&quot;font-size: 20px; font-weight: bold; margin-bottom: 8px; color: rgb(31, 41, 55);&quot;
        &gt;
          Network Connection Issue
        &lt;/h3&gt;
        &lt;p
          style=&quot;font-size: 14px; margin-bottom: 20px; color: rgb(107, 114, 128); line-height: 1.5;&quot;
        &gt;
          Check your internet connection and try again. If the problem persists, contact your network administrator.
        &lt;/p&gt;
        &lt;details
          style=&quot;text-align: left; margin-bottom: 20px; background: rgba(0, 0, 0, 0.05); padding: 12px; border-radius: 6px; font-size: 12px;&quot;
        &gt;
          &lt;summary
            style=&quot;cursor: pointer; margin-bottom: 8px; color: rgb(107, 114, 128); font-size: 12px;&quot;
          &gt;
            &lt;svg
              aria-hidden=&quot;true&quot;
              class=&quot;lucide lucide-bug&quot;
              fill=&quot;none&quot;
              height=&quot;14&quot;
              stroke=&quot;currentColor&quot;
              stroke-linecap=&quot;round&quot;
              stroke-linejoin=&quot;round&quot;
              stroke-width=&quot;2&quot;
              style=&quot;margin-right: 6px; vertical-align: middle;&quot;
              viewBox=&quot;0 0 24 24&quot;
              width=&quot;14&quot;
              xmlns=&quot;http://www.w3.org/2000/svg&quot;
            &gt;
              &lt;path
                d=&quot;m8 2 1.88 1.88&quot;
              /&gt;
              &lt;path
                d=&quot;M14.12 3.88 16 2&quot;
              /&gt;
              &lt;path
                d=&quot;M9 7.13v-1a3.003 3.003 0 1 1 6 0v1&quot;
              /&gt;
              &lt;path
                d=&quot;M12 20c-3.3 0-6-2.7-6-6v-3a4 4 0 0 1 4-4h4a4 4 0 0 1 4 4v3c0 3.3-2.7 6-6 6&quot;
              /&gt;
              &lt;path
                d=&quot;M12 20v-9&quot;
              /&gt;
              &lt;path
                d=&quot;M6.53 9C4.6 8.8 3 7.1 3 5&quot;
              /&gt;
              &lt;path
                d=&quot;M6 13H2&quot;
              /&gt;
              &lt;path
                d=&quot;M3 21c0-2.1 1.7-3.9 3.8-4&quot;
              /&gt;
              &lt;path
                d=&quot;M20.97 5c0 2.1-1.6 3.8-3.5 4&quot;
              /&gt;
              &lt;path
                d=&quot;M22 13h-4&quot;
              /&gt;
              &lt;path
                d=&quot;M17.2 17c2.1.1 3.8 1.9 3.8 4&quot;
              /&gt;
            &lt;/svg&gt;
            Error Details (Development Only)
          &lt;/summary&gt;
          &lt;div
            style=&quot;font-family: monospace; color: rgb(75, 85, 99); word-break: break-word;&quot;
          &gt;
            &lt;strong&gt;
              Type:
            &lt;/strong&gt;
             
            NETWORK
            &lt;br /&gt;
            &lt;strong&gt;
              Code:
            &lt;/strong&gt;
             
            NETWORK_ERROR
            &lt;br /&gt;
            &lt;strong&gt;
              Message:
            &lt;/strong&gt;
             
            Test error message
            &lt;br /&gt;
            &lt;strong&gt;
              Stack:
            &lt;/strong&gt;
            &lt;pre
              style=&quot;white-space: pre-wrap; word-break: break-word; margin: 4px 0px 0px 0px; font-size: 10px;&quot;
            &gt;
              AppError: Test error message
    at ThrowErrorComponent (/home/ilya/projects/SimpleAdminReporter/frontend/src/components/query/__tests__/QueryPreviewErrorBoundary.test.tsx:59:19)
    at Object.react_stack_bottom_frame (/home/ilya/projects/SimpleAdminReporter/frontend/node_modules/react-dom/cjs/react-dom-client.development.js:23863:20)
    at renderWithHooks (/home/ilya/projects/SimpleAdminReporter/frontend/node_modules/react-dom/cjs/react-dom-client.development.js:5529:22)
    at updateFunctionComponent (/home/ilya/projects/SimpleAdminReporter/frontend/node_modules/react-dom/cjs/react-dom-client.development.js:8897:19)
    at beginWork (/home/ilya/projects/SimpleAdminReporter/frontend/node_modules/react-dom/cjs/react-dom-client.development.js:10522:18)
    at runWithFiberInDEV (/home/ilya/projects/SimpleAdminReporter/frontend/node_modules/react-dom/cjs/react-dom-client.development.js:1522:13...
 ❯ ThrowErrorComponent src/components/query/__tests__/QueryPreviewErrorBoundary.test.tsx:59:19
 ❯ Object.react_stack_bottom_frame node_modules/react-dom/cjs/react-dom-client.development.js:23863:20
 ❯ renderWithHooks node_modules/react-dom/cjs/react-dom-client.development.js:5529:22
 ❯ updateFunctionComponent node_modules/react-dom/cjs/react-dom-client.development.js:8897:19
 ❯ beginWork node_modules/react-dom/cjs/react-dom-client.development.js:10522:18
 ❯ Object.getElementError node_modules/@testing-library/dom/dist/config.js:37:19
 ❯ getElementError node_modules/@testing-library/dom/dist/query-helpers.js:20:35
 ❯ getMultipleElementsFoundError node_modules/@testing-library/dom/dist/query-helpers.js:23:10
 ❯ node_modules/@testing-library/dom/dist/query-helpers.js:55:13
 ❯ node_modules/@testing-library/dom/dist/query-helpers.js:95:19
 ❯ src/components/query/__tests__/QueryPreviewErrorBoundary.test.tsx:255:25
            </failure>
            <failure message="Cannot delete property &apos;gtag&apos; of #&lt;Object&gt;" type="TypeError">
TypeError: Cannot delete property &apos;gtag&apos; of #&lt;Object&gt;
 ❯ src/components/query/__tests__/QueryPreviewErrorBoundary.test.tsx:49:3
            </failure>
        </testcase>
        <testcase classname="src/components/query/__tests__/QueryPreviewErrorBoundary.test.tsx" name="QueryPreviewErrorBoundary &gt; Error Type-Specific Handling &gt; handles VALIDATION error type correctly" time="0.108773269">
            <failure message="Found multiple elements with the text: Try Again

Here are the matching elements:

Ignored nodes: comments, script, style
[36m&lt;span&gt;[39m
  [0mTry Again[0m
[36m&lt;/span&gt;[39m

Ignored nodes: comments, script, style
[36m&lt;span&gt;[39m
  [0mTry Again[0m
[36m&lt;/span&gt;[39m

Ignored nodes: comments, script, style
[36m&lt;span&gt;[39m
  [0mTry Again[0m
[36m&lt;/span&gt;[39m

Ignored nodes: comments, script, style
[36m&lt;span&gt;[39m
  [0mTry Again[0m
[36m&lt;/span&gt;[39m

Ignored nodes: comments, script, style
[36m&lt;span&gt;[39m
  [0mTry Again[0m
[36m&lt;/span&gt;[39m

Ignored nodes: comments, script, style
[36m&lt;span&gt;[39m
  [0mTry Again[0m
[36m&lt;/span&gt;[39m

Ignored nodes: comments, script, style
[36m&lt;span&gt;[39m
  [0mTry Again[0m
[36m&lt;/span&gt;[39m

Ignored nodes: comments, script, style
[36m&lt;span&gt;[39m
  [0mTry Again[0m
[36m&lt;/span&gt;[39m

(If this is intentional, then use the `*AllBy*` variant of the query (like `queryAllByText`, `getAllByText`, or `findAllByText`)).

Ignored nodes: comments, script, style
[36m&lt;body&gt;[39m
  [36m&lt;div&gt;[39m
    [36m&lt;div[39m
      [33mdata-testid[39m=[32m&quot;test-content&quot;[39m
    [36m&gt;[39m
      [0mTest content[0m
    [36m&lt;/div&gt;[39m
  [36m&lt;/div&gt;[39m
  [36m&lt;div&gt;[39m
    [36m&lt;div[39m
      [33mstyle[39m=[32m&quot;min-height: 400px; background: rgb(245, 245, 245); display: flex; align-items: center; justify-content: center; padding: 32px; border-radius: 8px;&quot;[39m
    [36m&gt;[39m
      [36m&lt;div[39m
        [33mstyle[39m=[32m&quot;max-width: 600px; width: 100%; text-align: center; background: rgba(255, 255, 255, 0.9); border-radius: 16px; padding: 32px; border: 1px solid rgb(229, 231, 235); box-shadow: 0 4px 6px rgba(0, 0, 0, 0.1);&quot;[39m
      [36m&gt;[39m
        [36m&lt;svg[39m
          [33maria-hidden[39m=[32m&quot;true&quot;[39m
          [33mclass[39m=[32m&quot;lucide lucide-circle-alert&quot;[39m
          [33mfill[39m=[32m&quot;none&quot;[39m
          [33mheight[39m=[32m&quot;48&quot;[39m
          [33mstroke[39m=[32m&quot;currentColor&quot;[39m
          [33mstroke-linecap[39m=[32m&quot;round&quot;[39m
          [33mstroke-linejoin[39m=[32m&quot;round&quot;[39m
          [33mstroke-width[39m=[32m&quot;2&quot;[39m
          [33mstyle[39m=[32m&quot;color: rgb(239, 68, 68); margin-bottom: 16px;&quot;[39m
          [33mviewBox[39m=[32m&quot;0 0 24 24&quot;[39m
          [33mwidth[39m=[32m&quot;48&quot;[39m
          [33mxmlns[39m=[32m&quot;http://www.w3.org/2000/svg&quot;[39m
        [36m&gt;[39m
          [36m&lt;circle[39m
            [33mcx[39m=[32m&quot;12&quot;[39m
            [33mcy[39m=[32m&quot;12&quot;[39m
            [33mr[39m=[32m&quot;10&quot;[39m
          [36m/&gt;[39m
          [36m&lt;line[39m
            [33mx1[39m=[32m&quot;12&quot;[39m
            [33mx2[39m=[32m&quot;12&quot;[39m
            [33my1[39m=[32m&quot;8&quot;[39m
            [33my2[39m=[32m&quot;12&quot;[39m
          [36m/&gt;[39m
          [36m&lt;line[39m
            [33mx1[39m=[32m&quot;12&quot;[39m
            [33mx2[39m=[32m&quot;12.01&quot;[39m
            [33my1[39m=[32m&quot;16&quot;[39m
            [33my2[39m=[32m&quot;16&quot;[39m
          [36m/&gt;[39m
        [36m&lt;/svg&gt;[39m
        [36m&lt;h3[39m
          [33mstyle[39m=[32m&quot;font-size: 20px; font-weight: bold; margin-bottom: 8px; color: rgb(31, 41, 55);&quot;[39m
        [36m&gt;[39m
          [0mNetwork Connection Issue[0m
        [36m&lt;/h3&gt;[39m
        [36m&lt;p[39m
          [33mstyle[39m=[32m&quot;font-size: 14px; margin-bottom: 20px; color: rgb(107, 114, 128); line-height: 1.5;&quot;[39m
        [36m&gt;[39m
          [0mCheck your internet connection and try again. If the problem persists, contact your network administrator.[0m
        [36m&lt;/p&gt;[39m
        [36m&lt;details[39m
          [33mstyle[39m=[32m&quot;text-align: left; margin-bottom: 20px; background: rgba(0, 0, 0, 0.05); padding: 12px; border-radius: 6px; font-size: 12px;&quot;[39m
        [36m&gt;[39m
          [36m&lt;summary[39m
            [33mstyle[39m=[32m&quot;cursor: pointer; margin-bottom: 8px; color: rgb(107, 114, 128); font-size: 12px;&quot;[39m
          [36m&gt;[39m
            [36m&lt;svg[39m
              [33maria-hidden[39m=[32m&quot;true&quot;[39m
              [33mclass[39m=[32m&quot;lucide lucide-bug&quot;[39m
              [33mfill[39m=[32m&quot;none&quot;[39m
              [33mheight[39m=[32m&quot;14&quot;[39m
              [33mstroke[39m=[32m&quot;currentColor&quot;[39m
              [33mstroke-linecap[39m=[32m&quot;round&quot;[39m
              [33mstroke-linejoin[39m=[32m&quot;round&quot;[39m
              [33mstroke-width[39m=[32m&quot;2&quot;[39m
              [33mstyle[39m=[32m&quot;margin-right: 6px; vertical-align: middle;&quot;[39m
              [33mviewBox[39m=[32m&quot;0 0 24 24&quot;[39m
              [33mwidth[39m=[32m&quot;14&quot;[39m
              [33mxmlns[39m=[32m&quot;http://www.w3.org/2000/svg&quot;[39m
            [36m&gt;[39m
              [36m&lt;path[39m
                [33md[39m=[32m&quot;m8 2 1.88 1.88&quot;[39m
              [36m/&gt;[39m
              [36m&lt;path[39m
                [33md[39m=[32m&quot;M14.12 3.88 16 2&quot;[39m
              [36m/&gt;[39m
              [36m&lt;path[39m
                [33md[39m=[32m&quot;M9 7.13v-1a3.003 3.003 0 1 1 6 0v1&quot;[39m
              [36m/&gt;[39m
              [36m&lt;path[39m
                [33md[39m=[32m&quot;M12 20c-3.3 0-6-2.7-6-6v-3a4 4 0 0 1 4-4h4a4 4 0 0 1 4 4v3c0 3.3-2.7 6-6 6&quot;[39m
              [36m/&gt;[39m
              [36m&lt;path[39m
                [33md[39m=[32m&quot;M12 20v-9&quot;[39m
              [36m/&gt;[39m
              [36m&lt;path[39m
                [33md[39m=[32m&quot;M6.53 9C4.6 8.8 3 7.1 3 5&quot;[39m
              [36m/&gt;[39m
              [36m&lt;path[39m
                [33md[39m=[32m&quot;M6 13H2&quot;[39m
              [36m/&gt;[39m
              [36m&lt;path[39m
                [33md[39m=[32m&quot;M3 21c0-2.1 1.7-3.9 3.8-4&quot;[39m
              [36m/&gt;[39m
              [36m&lt;path[39m
                [33md[39m=[32m&quot;M20.97 5c0 2.1-1.6 3.8-3.5 4&quot;[39m
              [36m/&gt;[39m
              [36m&lt;path[39m
                [33md[39m=[32m&quot;M22 13h-4&quot;[39m
              [36m/&gt;[39m
              [36m&lt;path[39m
                [33md[39m=[32m&quot;M17.2 17c2.1.1 3.8 1.9 3.8 4&quot;[39m
              [36m/&gt;[39m
            [36m&lt;/svg&gt;[39m
            [0mError Details (Development Only)[0m
          [36m&lt;/summary&gt;[39m
          [36m&lt;div[39m
            [33mstyle[39m=[32m&quot;font-family: monospace; color: rgb(75, 85, 99); word-break: break-word;&quot;[39m
          [36m&gt;[39m
            [36m&lt;strong&gt;[39m
              [0mType:[0m
            [36m&lt;/strong&gt;[39m
            [0m [0m
            [0mNETWORK[0m
            [36m&lt;br /&gt;[39m
            [36m&lt;strong&gt;[39m
              [0mCode:[0m
            [36m&lt;/strong&gt;[39m
            [0m [0m
            [0mNETWORK_ERROR[0m
            [36m&lt;br /&gt;[39m
            [36m&lt;strong&gt;[39m
              [0mMessage:[0m
            [36m&lt;/strong&gt;[39m
            [0m [0m
            [0mTest error message[0m
            [36m&lt;br /&gt;[39m
            [36m&lt;strong&gt;[39m
              [0mStack:[0m
            [36m&lt;/strong&gt;[39m
            [36m&lt;pre[39m
              [33mstyle[39m=[32m&quot;white-space: pre-wrap; word-break: break-word; margin: 4px 0px 0px 0px; font-size: 10px;&quot;[39m
            [36m&gt;[39m
              [0mAppError: Test error message
    at ThrowErrorComponent (/home/ilya/projects/SimpleAdminReporter/frontend/src/components/query/__tests__/QueryPreviewErrorBoundary.test.tsx:59:19)
    at Object.react_stack_bottom_frame (/home/ilya/projects/SimpleAdminReporter/frontend/node_modules/react-dom/cjs/react-dom-client.development.js:23863:20)
    at renderWithHooks (/home/ilya/projects/SimpleAdminReporter/frontend/node_modules/react-dom/cjs/react-dom-client.development.js:5529:22)
    at updateFunctionComponent (/home/ilya/projects/SimpleAdminReporter/frontend/node_modules/react-dom/cjs/react-dom-client.development.js:8897:19)
    at beginWork (/home/ilya/projects/SimpleAdminReporter/frontend/node_modules/react-dom/cjs/react-dom-client.development.js:10522:18)
    at runWithFiberInDEV (/home/ilya/projects/SimpleAdminReporter/frontend/node_modules/react-dom/cjs/react-dom-client.development.js:1522:13..." type="TestingLibraryElementError">
TestingLibraryElementError: Found multiple elements with the text: Try Again

Here are the matching elements:

Ignored nodes: comments, script, style
&lt;span&gt;
  Try Again
&lt;/span&gt;

Ignored nodes: comments, script, style
&lt;span&gt;
  Try Again
&lt;/span&gt;

Ignored nodes: comments, script, style
&lt;span&gt;
  Try Again
&lt;/span&gt;

Ignored nodes: comments, script, style
&lt;span&gt;
  Try Again
&lt;/span&gt;

Ignored nodes: comments, script, style
&lt;span&gt;
  Try Again
&lt;/span&gt;

Ignored nodes: comments, script, style
&lt;span&gt;
  Try Again
&lt;/span&gt;

Ignored nodes: comments, script, style
&lt;span&gt;
  Try Again
&lt;/span&gt;

Ignored nodes: comments, script, style
&lt;span&gt;
  Try Again
&lt;/span&gt;

(If this is intentional, then use the `*AllBy*` variant of the query (like `queryAllByText`, `getAllByText`, or `findAllByText`)).

Ignored nodes: comments, script, style
&lt;body&gt;
  &lt;div&gt;
    &lt;div
      data-testid=&quot;test-content&quot;
    &gt;
      Test content
    &lt;/div&gt;
  &lt;/div&gt;
  &lt;div&gt;
    &lt;div
      style=&quot;min-height: 400px; background: rgb(245, 245, 245); display: flex; align-items: center; justify-content: center; padding: 32px; border-radius: 8px;&quot;
    &gt;
      &lt;div
        style=&quot;max-width: 600px; width: 100%; text-align: center; background: rgba(255, 255, 255, 0.9); border-radius: 16px; padding: 32px; border: 1px solid rgb(229, 231, 235); box-shadow: 0 4px 6px rgba(0, 0, 0, 0.1);&quot;
      &gt;
        &lt;svg
          aria-hidden=&quot;true&quot;
          class=&quot;lucide lucide-circle-alert&quot;
          fill=&quot;none&quot;
          height=&quot;48&quot;
          stroke=&quot;currentColor&quot;
          stroke-linecap=&quot;round&quot;
          stroke-linejoin=&quot;round&quot;
          stroke-width=&quot;2&quot;
          style=&quot;color: rgb(239, 68, 68); margin-bottom: 16px;&quot;
          viewBox=&quot;0 0 24 24&quot;
          width=&quot;48&quot;
          xmlns=&quot;http://www.w3.org/2000/svg&quot;
        &gt;
          &lt;circle
            cx=&quot;12&quot;
            cy=&quot;12&quot;
            r=&quot;10&quot;
          /&gt;
          &lt;line
            x1=&quot;12&quot;
            x2=&quot;12&quot;
            y1=&quot;8&quot;
            y2=&quot;12&quot;
          /&gt;
          &lt;line
            x1=&quot;12&quot;
            x2=&quot;12.01&quot;
            y1=&quot;16&quot;
            y2=&quot;16&quot;
          /&gt;
        &lt;/svg&gt;
        &lt;h3
          style=&quot;font-size: 20px; font-weight: bold; margin-bottom: 8px; color: rgb(31, 41, 55);&quot;
        &gt;
          Network Connection Issue
        &lt;/h3&gt;
        &lt;p
          style=&quot;font-size: 14px; margin-bottom: 20px; color: rgb(107, 114, 128); line-height: 1.5;&quot;
        &gt;
          Check your internet connection and try again. If the problem persists, contact your network administrator.
        &lt;/p&gt;
        &lt;details
          style=&quot;text-align: left; margin-bottom: 20px; background: rgba(0, 0, 0, 0.05); padding: 12px; border-radius: 6px; font-size: 12px;&quot;
        &gt;
          &lt;summary
            style=&quot;cursor: pointer; margin-bottom: 8px; color: rgb(107, 114, 128); font-size: 12px;&quot;
          &gt;
            &lt;svg
              aria-hidden=&quot;true&quot;
              class=&quot;lucide lucide-bug&quot;
              fill=&quot;none&quot;
              height=&quot;14&quot;
              stroke=&quot;currentColor&quot;
              stroke-linecap=&quot;round&quot;
              stroke-linejoin=&quot;round&quot;
              stroke-width=&quot;2&quot;
              style=&quot;margin-right: 6px; vertical-align: middle;&quot;
              viewBox=&quot;0 0 24 24&quot;
              width=&quot;14&quot;
              xmlns=&quot;http://www.w3.org/2000/svg&quot;
            &gt;
              &lt;path
                d=&quot;m8 2 1.88 1.88&quot;
              /&gt;
              &lt;path
                d=&quot;M14.12 3.88 16 2&quot;
              /&gt;
              &lt;path
                d=&quot;M9 7.13v-1a3.003 3.003 0 1 1 6 0v1&quot;
              /&gt;
              &lt;path
                d=&quot;M12 20c-3.3 0-6-2.7-6-6v-3a4 4 0 0 1 4-4h4a4 4 0 0 1 4 4v3c0 3.3-2.7 6-6 6&quot;
              /&gt;
              &lt;path
                d=&quot;M12 20v-9&quot;
              /&gt;
              &lt;path
                d=&quot;M6.53 9C4.6 8.8 3 7.1 3 5&quot;
              /&gt;
              &lt;path
                d=&quot;M6 13H2&quot;
              /&gt;
              &lt;path
                d=&quot;M3 21c0-2.1 1.7-3.9 3.8-4&quot;
              /&gt;
              &lt;path
                d=&quot;M20.97 5c0 2.1-1.6 3.8-3.5 4&quot;
              /&gt;
              &lt;path
                d=&quot;M22 13h-4&quot;
              /&gt;
              &lt;path
                d=&quot;M17.2 17c2.1.1 3.8 1.9 3.8 4&quot;
              /&gt;
            &lt;/svg&gt;
            Error Details (Development Only)
          &lt;/summary&gt;
          &lt;div
            style=&quot;font-family: monospace; color: rgb(75, 85, 99); word-break: break-word;&quot;
          &gt;
            &lt;strong&gt;
              Type:
            &lt;/strong&gt;
             
            NETWORK
            &lt;br /&gt;
            &lt;strong&gt;
              Code:
            &lt;/strong&gt;
             
            NETWORK_ERROR
            &lt;br /&gt;
            &lt;strong&gt;
              Message:
            &lt;/strong&gt;
             
            Test error message
            &lt;br /&gt;
            &lt;strong&gt;
              Stack:
            &lt;/strong&gt;
            &lt;pre
              style=&quot;white-space: pre-wrap; word-break: break-word; margin: 4px 0px 0px 0px; font-size: 10px;&quot;
            &gt;
              AppError: Test error message
    at ThrowErrorComponent (/home/ilya/projects/SimpleAdminReporter/frontend/src/components/query/__tests__/QueryPreviewErrorBoundary.test.tsx:59:19)
    at Object.react_stack_bottom_frame (/home/ilya/projects/SimpleAdminReporter/frontend/node_modules/react-dom/cjs/react-dom-client.development.js:23863:20)
    at renderWithHooks (/home/ilya/projects/SimpleAdminReporter/frontend/node_modules/react-dom/cjs/react-dom-client.development.js:5529:22)
    at updateFunctionComponent (/home/ilya/projects/SimpleAdminReporter/frontend/node_modules/react-dom/cjs/react-dom-client.development.js:8897:19)
    at beginWork (/home/ilya/projects/SimpleAdminReporter/frontend/node_modules/react-dom/cjs/react-dom-client.development.js:10522:18)
    at runWithFiberInDEV (/home/ilya/projects/SimpleAdminReporter/frontend/node_modules/react-dom/cjs/react-dom-client.development.js:1522:13...
 ❯ ThrowErrorComponent src/components/query/__tests__/QueryPreviewErrorBoundary.test.tsx:59:19
 ❯ Object.react_stack_bottom_frame node_modules/react-dom/cjs/react-dom-client.development.js:23863:20
 ❯ renderWithHooks node_modules/react-dom/cjs/react-dom-client.development.js:5529:22
 ❯ updateFunctionComponent node_modules/react-dom/cjs/react-dom-client.development.js:8897:19
 ❯ beginWork node_modules/react-dom/cjs/react-dom-client.development.js:10522:18
 ❯ Object.getElementError node_modules/@testing-library/dom/dist/config.js:37:19
 ❯ getElementError node_modules/@testing-library/dom/dist/query-helpers.js:20:35
 ❯ getMultipleElementsFoundError node_modules/@testing-library/dom/dist/query-helpers.js:23:10
 ❯ node_modules/@testing-library/dom/dist/query-helpers.js:55:13
 ❯ node_modules/@testing-library/dom/dist/query-helpers.js:95:19
 ❯ src/components/query/__tests__/QueryPreviewErrorBoundary.test.tsx:255:25
            </failure>
            <failure message="Cannot delete property &apos;gtag&apos; of #&lt;Object&gt;" type="TypeError">
TypeError: Cannot delete property &apos;gtag&apos; of #&lt;Object&gt;
 ❯ src/components/query/__tests__/QueryPreviewErrorBoundary.test.tsx:49:3
            </failure>
        </testcase>
        <testcase classname="src/components/query/__tests__/QueryPreviewErrorBoundary.test.tsx" name="QueryPreviewErrorBoundary &gt; Error Type-Specific Handling &gt; handles AUTHENTICATION error type correctly" time="0.080986437">
            <failure message="Found multiple elements with the text: Try Again

Here are the matching elements:

Ignored nodes: comments, script, style
[36m&lt;span&gt;[39m
  [0mTry Again[0m
[36m&lt;/span&gt;[39m

Ignored nodes: comments, script, style
[36m&lt;span&gt;[39m
  [0mTry Again[0m
[36m&lt;/span&gt;[39m

Ignored nodes: comments, script, style
[36m&lt;span&gt;[39m
  [0mTry Again[0m
[36m&lt;/span&gt;[39m

Ignored nodes: comments, script, style
[36m&lt;span&gt;[39m
  [0mTry Again[0m
[36m&lt;/span&gt;[39m

Ignored nodes: comments, script, style
[36m&lt;span&gt;[39m
  [0mTry Again[0m
[36m&lt;/span&gt;[39m

Ignored nodes: comments, script, style
[36m&lt;span&gt;[39m
  [0mTry Again[0m
[36m&lt;/span&gt;[39m

Ignored nodes: comments, script, style
[36m&lt;span&gt;[39m
  [0mTry Again[0m
[36m&lt;/span&gt;[39m

Ignored nodes: comments, script, style
[36m&lt;span&gt;[39m
  [0mTry Again[0m
[36m&lt;/span&gt;[39m

(If this is intentional, then use the `*AllBy*` variant of the query (like `queryAllByText`, `getAllByText`, or `findAllByText`)).

Ignored nodes: comments, script, style
[36m&lt;body&gt;[39m
  [36m&lt;div&gt;[39m
    [36m&lt;div[39m
      [33mdata-testid[39m=[32m&quot;test-content&quot;[39m
    [36m&gt;[39m
      [0mTest content[0m
    [36m&lt;/div&gt;[39m
  [36m&lt;/div&gt;[39m
  [36m&lt;div&gt;[39m
    [36m&lt;div[39m
      [33mstyle[39m=[32m&quot;min-height: 400px; background: rgb(245, 245, 245); display: flex; align-items: center; justify-content: center; padding: 32px; border-radius: 8px;&quot;[39m
    [36m&gt;[39m
      [36m&lt;div[39m
        [33mstyle[39m=[32m&quot;max-width: 600px; width: 100%; text-align: center; background: rgba(255, 255, 255, 0.9); border-radius: 16px; padding: 32px; border: 1px solid rgb(229, 231, 235); box-shadow: 0 4px 6px rgba(0, 0, 0, 0.1);&quot;[39m
      [36m&gt;[39m
        [36m&lt;svg[39m
          [33maria-hidden[39m=[32m&quot;true&quot;[39m
          [33mclass[39m=[32m&quot;lucide lucide-circle-alert&quot;[39m
          [33mfill[39m=[32m&quot;none&quot;[39m
          [33mheight[39m=[32m&quot;48&quot;[39m
          [33mstroke[39m=[32m&quot;currentColor&quot;[39m
          [33mstroke-linecap[39m=[32m&quot;round&quot;[39m
          [33mstroke-linejoin[39m=[32m&quot;round&quot;[39m
          [33mstroke-width[39m=[32m&quot;2&quot;[39m
          [33mstyle[39m=[32m&quot;color: rgb(239, 68, 68); margin-bottom: 16px;&quot;[39m
          [33mviewBox[39m=[32m&quot;0 0 24 24&quot;[39m
          [33mwidth[39m=[32m&quot;48&quot;[39m
          [33mxmlns[39m=[32m&quot;http://www.w3.org/2000/svg&quot;[39m
        [36m&gt;[39m
          [36m&lt;circle[39m
            [33mcx[39m=[32m&quot;12&quot;[39m
            [33mcy[39m=[32m&quot;12&quot;[39m
            [33mr[39m=[32m&quot;10&quot;[39m
          [36m/&gt;[39m
          [36m&lt;line[39m
            [33mx1[39m=[32m&quot;12&quot;[39m
            [33mx2[39m=[32m&quot;12&quot;[39m
            [33my1[39m=[32m&quot;8&quot;[39m
            [33my2[39m=[32m&quot;12&quot;[39m
          [36m/&gt;[39m
          [36m&lt;line[39m
            [33mx1[39m=[32m&quot;12&quot;[39m
            [33mx2[39m=[32m&quot;12.01&quot;[39m
            [33my1[39m=[32m&quot;16&quot;[39m
            [33my2[39m=[32m&quot;16&quot;[39m
          [36m/&gt;[39m
        [36m&lt;/svg&gt;[39m
        [36m&lt;h3[39m
          [33mstyle[39m=[32m&quot;font-size: 20px; font-weight: bold; margin-bottom: 8px; color: rgb(31, 41, 55);&quot;[39m
        [36m&gt;[39m
          [0mNetwork Connection Issue[0m
        [36m&lt;/h3&gt;[39m
        [36m&lt;p[39m
          [33mstyle[39m=[32m&quot;font-size: 14px; margin-bottom: 20px; color: rgb(107, 114, 128); line-height: 1.5;&quot;[39m
        [36m&gt;[39m
          [0mCheck your internet connection and try again. If the problem persists, contact your network administrator.[0m
        [36m&lt;/p&gt;[39m
        [36m&lt;details[39m
          [33mstyle[39m=[32m&quot;text-align: left; margin-bottom: 20px; background: rgba(0, 0, 0, 0.05); padding: 12px; border-radius: 6px; font-size: 12px;&quot;[39m
        [36m&gt;[39m
          [36m&lt;summary[39m
            [33mstyle[39m=[32m&quot;cursor: pointer; margin-bottom: 8px; color: rgb(107, 114, 128); font-size: 12px;&quot;[39m
          [36m&gt;[39m
            [36m&lt;svg[39m
              [33maria-hidden[39m=[32m&quot;true&quot;[39m
              [33mclass[39m=[32m&quot;lucide lucide-bug&quot;[39m
              [33mfill[39m=[32m&quot;none&quot;[39m
              [33mheight[39m=[32m&quot;14&quot;[39m
              [33mstroke[39m=[32m&quot;currentColor&quot;[39m
              [33mstroke-linecap[39m=[32m&quot;round&quot;[39m
              [33mstroke-linejoin[39m=[32m&quot;round&quot;[39m
              [33mstroke-width[39m=[32m&quot;2&quot;[39m
              [33mstyle[39m=[32m&quot;margin-right: 6px; vertical-align: middle;&quot;[39m
              [33mviewBox[39m=[32m&quot;0 0 24 24&quot;[39m
              [33mwidth[39m=[32m&quot;14&quot;[39m
              [33mxmlns[39m=[32m&quot;http://www.w3.org/2000/svg&quot;[39m
            [36m&gt;[39m
              [36m&lt;path[39m
                [33md[39m=[32m&quot;m8 2 1.88 1.88&quot;[39m
              [36m/&gt;[39m
              [36m&lt;path[39m
                [33md[39m=[32m&quot;M14.12 3.88 16 2&quot;[39m
              [36m/&gt;[39m
              [36m&lt;path[39m
                [33md[39m=[32m&quot;M9 7.13v-1a3.003 3.003 0 1 1 6 0v1&quot;[39m
              [36m/&gt;[39m
              [36m&lt;path[39m
                [33md[39m=[32m&quot;M12 20c-3.3 0-6-2.7-6-6v-3a4 4 0 0 1 4-4h4a4 4 0 0 1 4 4v3c0 3.3-2.7 6-6 6&quot;[39m
              [36m/&gt;[39m
              [36m&lt;path[39m
                [33md[39m=[32m&quot;M12 20v-9&quot;[39m
              [36m/&gt;[39m
              [36m&lt;path[39m
                [33md[39m=[32m&quot;M6.53 9C4.6 8.8 3 7.1 3 5&quot;[39m
              [36m/&gt;[39m
              [36m&lt;path[39m
                [33md[39m=[32m&quot;M6 13H2&quot;[39m
              [36m/&gt;[39m
              [36m&lt;path[39m
                [33md[39m=[32m&quot;M3 21c0-2.1 1.7-3.9 3.8-4&quot;[39m
              [36m/&gt;[39m
              [36m&lt;path[39m
                [33md[39m=[32m&quot;M20.97 5c0 2.1-1.6 3.8-3.5 4&quot;[39m
              [36m/&gt;[39m
              [36m&lt;path[39m
                [33md[39m=[32m&quot;M22 13h-4&quot;[39m
              [36m/&gt;[39m
              [36m&lt;path[39m
                [33md[39m=[32m&quot;M17.2 17c2.1.1 3.8 1.9 3.8 4&quot;[39m
              [36m/&gt;[39m
            [36m&lt;/svg&gt;[39m
            [0mError Details (Development Only)[0m
          [36m&lt;/summary&gt;[39m
          [36m&lt;div[39m
            [33mstyle[39m=[32m&quot;font-family: monospace; color: rgb(75, 85, 99); word-break: break-word;&quot;[39m
          [36m&gt;[39m
            [36m&lt;strong&gt;[39m
              [0mType:[0m
            [36m&lt;/strong&gt;[39m
            [0m [0m
            [0mNETWORK[0m
            [36m&lt;br /&gt;[39m
            [36m&lt;strong&gt;[39m
              [0mCode:[0m
            [36m&lt;/strong&gt;[39m
            [0m [0m
            [0mNETWORK_ERROR[0m
            [36m&lt;br /&gt;[39m
            [36m&lt;strong&gt;[39m
              [0mMessage:[0m
            [36m&lt;/strong&gt;[39m
            [0m [0m
            [0mTest error message[0m
            [36m&lt;br /&gt;[39m
            [36m&lt;strong&gt;[39m
              [0mStack:[0m
            [36m&lt;/strong&gt;[39m
            [36m&lt;pre[39m
              [33mstyle[39m=[32m&quot;white-space: pre-wrap; word-break: break-word; margin: 4px 0px 0px 0px; font-size: 10px;&quot;[39m
            [36m&gt;[39m
              [0mAppError: Test error message
    at ThrowErrorComponent (/home/ilya/projects/SimpleAdminReporter/frontend/src/components/query/__tests__/QueryPreviewErrorBoundary.test.tsx:59:19)
    at Object.react_stack_bottom_frame (/home/ilya/projects/SimpleAdminReporter/frontend/node_modules/react-dom/cjs/react-dom-client.development.js:23863:20)
    at renderWithHooks (/home/ilya/projects/SimpleAdminReporter/frontend/node_modules/react-dom/cjs/react-dom-client.development.js:5529:22)
    at updateFunctionComponent (/home/ilya/projects/SimpleAdminReporter/frontend/node_modules/react-dom/cjs/react-dom-client.development.js:8897:19)
    at beginWork (/home/ilya/projects/SimpleAdminReporter/frontend/node_modules/react-dom/cjs/react-dom-client.development.js:10522:18)
    at runWithFiberInDEV (/home/ilya/projects/SimpleAdminReporter/frontend/node_modules/react-dom/cjs/react-dom-client.development.js:1522:13..." type="TestingLibraryElementError">
TestingLibraryElementError: Found multiple elements with the text: Try Again

Here are the matching elements:

Ignored nodes: comments, script, style
&lt;span&gt;
  Try Again
&lt;/span&gt;

Ignored nodes: comments, script, style
&lt;span&gt;
  Try Again
&lt;/span&gt;

Ignored nodes: comments, script, style
&lt;span&gt;
  Try Again
&lt;/span&gt;

Ignored nodes: comments, script, style
&lt;span&gt;
  Try Again
&lt;/span&gt;

Ignored nodes: comments, script, style
&lt;span&gt;
  Try Again
&lt;/span&gt;

Ignored nodes: comments, script, style
&lt;span&gt;
  Try Again
&lt;/span&gt;

Ignored nodes: comments, script, style
&lt;span&gt;
  Try Again
&lt;/span&gt;

Ignored nodes: comments, script, style
&lt;span&gt;
  Try Again
&lt;/span&gt;

(If this is intentional, then use the `*AllBy*` variant of the query (like `queryAllByText`, `getAllByText`, or `findAllByText`)).

Ignored nodes: comments, script, style
&lt;body&gt;
  &lt;div&gt;
    &lt;div
      data-testid=&quot;test-content&quot;
    &gt;
      Test content
    &lt;/div&gt;
  &lt;/div&gt;
  &lt;div&gt;
    &lt;div
      style=&quot;min-height: 400px; background: rgb(245, 245, 245); display: flex; align-items: center; justify-content: center; padding: 32px; border-radius: 8px;&quot;
    &gt;
      &lt;div
        style=&quot;max-width: 600px; width: 100%; text-align: center; background: rgba(255, 255, 255, 0.9); border-radius: 16px; padding: 32px; border: 1px solid rgb(229, 231, 235); box-shadow: 0 4px 6px rgba(0, 0, 0, 0.1);&quot;
      &gt;
        &lt;svg
          aria-hidden=&quot;true&quot;
          class=&quot;lucide lucide-circle-alert&quot;
          fill=&quot;none&quot;
          height=&quot;48&quot;
          stroke=&quot;currentColor&quot;
          stroke-linecap=&quot;round&quot;
          stroke-linejoin=&quot;round&quot;
          stroke-width=&quot;2&quot;
          style=&quot;color: rgb(239, 68, 68); margin-bottom: 16px;&quot;
          viewBox=&quot;0 0 24 24&quot;
          width=&quot;48&quot;
          xmlns=&quot;http://www.w3.org/2000/svg&quot;
        &gt;
          &lt;circle
            cx=&quot;12&quot;
            cy=&quot;12&quot;
            r=&quot;10&quot;
          /&gt;
          &lt;line
            x1=&quot;12&quot;
            x2=&quot;12&quot;
            y1=&quot;8&quot;
            y2=&quot;12&quot;
          /&gt;
          &lt;line
            x1=&quot;12&quot;
            x2=&quot;12.01&quot;
            y1=&quot;16&quot;
            y2=&quot;16&quot;
          /&gt;
        &lt;/svg&gt;
        &lt;h3
          style=&quot;font-size: 20px; font-weight: bold; margin-bottom: 8px; color: rgb(31, 41, 55);&quot;
        &gt;
          Network Connection Issue
        &lt;/h3&gt;
        &lt;p
          style=&quot;font-size: 14px; margin-bottom: 20px; color: rgb(107, 114, 128); line-height: 1.5;&quot;
        &gt;
          Check your internet connection and try again. If the problem persists, contact your network administrator.
        &lt;/p&gt;
        &lt;details
          style=&quot;text-align: left; margin-bottom: 20px; background: rgba(0, 0, 0, 0.05); padding: 12px; border-radius: 6px; font-size: 12px;&quot;
        &gt;
          &lt;summary
            style=&quot;cursor: pointer; margin-bottom: 8px; color: rgb(107, 114, 128); font-size: 12px;&quot;
          &gt;
            &lt;svg
              aria-hidden=&quot;true&quot;
              class=&quot;lucide lucide-bug&quot;
              fill=&quot;none&quot;
              height=&quot;14&quot;
              stroke=&quot;currentColor&quot;
              stroke-linecap=&quot;round&quot;
              stroke-linejoin=&quot;round&quot;
              stroke-width=&quot;2&quot;
              style=&quot;margin-right: 6px; vertical-align: middle;&quot;
              viewBox=&quot;0 0 24 24&quot;
              width=&quot;14&quot;
              xmlns=&quot;http://www.w3.org/2000/svg&quot;
            &gt;
              &lt;path
                d=&quot;m8 2 1.88 1.88&quot;
              /&gt;
              &lt;path
                d=&quot;M14.12 3.88 16 2&quot;
              /&gt;
              &lt;path
                d=&quot;M9 7.13v-1a3.003 3.003 0 1 1 6 0v1&quot;
              /&gt;
              &lt;path
                d=&quot;M12 20c-3.3 0-6-2.7-6-6v-3a4 4 0 0 1 4-4h4a4 4 0 0 1 4 4v3c0 3.3-2.7 6-6 6&quot;
              /&gt;
              &lt;path
                d=&quot;M12 20v-9&quot;
              /&gt;
              &lt;path
                d=&quot;M6.53 9C4.6 8.8 3 7.1 3 5&quot;
              /&gt;
              &lt;path
                d=&quot;M6 13H2&quot;
              /&gt;
              &lt;path
                d=&quot;M3 21c0-2.1 1.7-3.9 3.8-4&quot;
              /&gt;
              &lt;path
                d=&quot;M20.97 5c0 2.1-1.6 3.8-3.5 4&quot;
              /&gt;
              &lt;path
                d=&quot;M22 13h-4&quot;
              /&gt;
              &lt;path
                d=&quot;M17.2 17c2.1.1 3.8 1.9 3.8 4&quot;
              /&gt;
            &lt;/svg&gt;
            Error Details (Development Only)
          &lt;/summary&gt;
          &lt;div
            style=&quot;font-family: monospace; color: rgb(75, 85, 99); word-break: break-word;&quot;
          &gt;
            &lt;strong&gt;
              Type:
            &lt;/strong&gt;
             
            NETWORK
            &lt;br /&gt;
            &lt;strong&gt;
              Code:
            &lt;/strong&gt;
             
            NETWORK_ERROR
            &lt;br /&gt;
            &lt;strong&gt;
              Message:
            &lt;/strong&gt;
             
            Test error message
            &lt;br /&gt;
            &lt;strong&gt;
              Stack:
            &lt;/strong&gt;
            &lt;pre
              style=&quot;white-space: pre-wrap; word-break: break-word; margin: 4px 0px 0px 0px; font-size: 10px;&quot;
            &gt;
              AppError: Test error message
    at ThrowErrorComponent (/home/ilya/projects/SimpleAdminReporter/frontend/src/components/query/__tests__/QueryPreviewErrorBoundary.test.tsx:59:19)
    at Object.react_stack_bottom_frame (/home/ilya/projects/SimpleAdminReporter/frontend/node_modules/react-dom/cjs/react-dom-client.development.js:23863:20)
    at renderWithHooks (/home/ilya/projects/SimpleAdminReporter/frontend/node_modules/react-dom/cjs/react-dom-client.development.js:5529:22)
    at updateFunctionComponent (/home/ilya/projects/SimpleAdminReporter/frontend/node_modules/react-dom/cjs/react-dom-client.development.js:8897:19)
    at beginWork (/home/ilya/projects/SimpleAdminReporter/frontend/node_modules/react-dom/cjs/react-dom-client.development.js:10522:18)
    at runWithFiberInDEV (/home/ilya/projects/SimpleAdminReporter/frontend/node_modules/react-dom/cjs/react-dom-client.development.js:1522:13...
 ❯ ThrowErrorComponent src/components/query/__tests__/QueryPreviewErrorBoundary.test.tsx:59:19
 ❯ Object.react_stack_bottom_frame node_modules/react-dom/cjs/react-dom-client.development.js:23863:20
 ❯ renderWithHooks node_modules/react-dom/cjs/react-dom-client.development.js:5529:22
 ❯ updateFunctionComponent node_modules/react-dom/cjs/react-dom-client.development.js:8897:19
 ❯ beginWork node_modules/react-dom/cjs/react-dom-client.development.js:10522:18
 ❯ Object.getElementError node_modules/@testing-library/dom/dist/config.js:37:19
 ❯ getElementError node_modules/@testing-library/dom/dist/query-helpers.js:20:35
 ❯ getMultipleElementsFoundError node_modules/@testing-library/dom/dist/query-helpers.js:23:10
 ❯ node_modules/@testing-library/dom/dist/query-helpers.js:55:13
 ❯ node_modules/@testing-library/dom/dist/query-helpers.js:95:19
 ❯ src/components/query/__tests__/QueryPreviewErrorBoundary.test.tsx:257:25
            </failure>
            <failure message="Cannot delete property &apos;gtag&apos; of #&lt;Object&gt;" type="TypeError">
TypeError: Cannot delete property &apos;gtag&apos; of #&lt;Object&gt;
 ❯ src/components/query/__tests__/QueryPreviewErrorBoundary.test.tsx:49:3
            </failure>
        </testcase>
        <testcase classname="src/components/query/__tests__/QueryPreviewErrorBoundary.test.tsx" name="QueryPreviewErrorBoundary &gt; Error Type-Specific Handling &gt; handles AUTHORIZATION error type correctly" time="0.115543534">
            <failure message="Found multiple elements with the text: Try Again

Here are the matching elements:

Ignored nodes: comments, script, style
[36m&lt;span&gt;[39m
  [0mTry Again[0m
[36m&lt;/span&gt;[39m

Ignored nodes: comments, script, style
[36m&lt;span&gt;[39m
  [0mTry Again[0m
[36m&lt;/span&gt;[39m

Ignored nodes: comments, script, style
[36m&lt;span&gt;[39m
  [0mTry Again[0m
[36m&lt;/span&gt;[39m

Ignored nodes: comments, script, style
[36m&lt;span&gt;[39m
  [0mTry Again[0m
[36m&lt;/span&gt;[39m

Ignored nodes: comments, script, style
[36m&lt;span&gt;[39m
  [0mTry Again[0m
[36m&lt;/span&gt;[39m

Ignored nodes: comments, script, style
[36m&lt;span&gt;[39m
  [0mTry Again[0m
[36m&lt;/span&gt;[39m

Ignored nodes: comments, script, style
[36m&lt;span&gt;[39m
  [0mTry Again[0m
[36m&lt;/span&gt;[39m

Ignored nodes: comments, script, style
[36m&lt;span&gt;[39m
  [0mTry Again[0m
[36m&lt;/span&gt;[39m

(If this is intentional, then use the `*AllBy*` variant of the query (like `queryAllByText`, `getAllByText`, or `findAllByText`)).

Ignored nodes: comments, script, style
[36m&lt;body&gt;[39m
  [36m&lt;div&gt;[39m
    [36m&lt;div[39m
      [33mdata-testid[39m=[32m&quot;test-content&quot;[39m
    [36m&gt;[39m
      [0mTest content[0m
    [36m&lt;/div&gt;[39m
  [36m&lt;/div&gt;[39m
  [36m&lt;div&gt;[39m
    [36m&lt;div[39m
      [33mstyle[39m=[32m&quot;min-height: 400px; background: rgb(245, 245, 245); display: flex; align-items: center; justify-content: center; padding: 32px; border-radius: 8px;&quot;[39m
    [36m&gt;[39m
      [36m&lt;div[39m
        [33mstyle[39m=[32m&quot;max-width: 600px; width: 100%; text-align: center; background: rgba(255, 255, 255, 0.9); border-radius: 16px; padding: 32px; border: 1px solid rgb(229, 231, 235); box-shadow: 0 4px 6px rgba(0, 0, 0, 0.1);&quot;[39m
      [36m&gt;[39m
        [36m&lt;svg[39m
          [33maria-hidden[39m=[32m&quot;true&quot;[39m
          [33mclass[39m=[32m&quot;lucide lucide-circle-alert&quot;[39m
          [33mfill[39m=[32m&quot;none&quot;[39m
          [33mheight[39m=[32m&quot;48&quot;[39m
          [33mstroke[39m=[32m&quot;currentColor&quot;[39m
          [33mstroke-linecap[39m=[32m&quot;round&quot;[39m
          [33mstroke-linejoin[39m=[32m&quot;round&quot;[39m
          [33mstroke-width[39m=[32m&quot;2&quot;[39m
          [33mstyle[39m=[32m&quot;color: rgb(239, 68, 68); margin-bottom: 16px;&quot;[39m
          [33mviewBox[39m=[32m&quot;0 0 24 24&quot;[39m
          [33mwidth[39m=[32m&quot;48&quot;[39m
          [33mxmlns[39m=[32m&quot;http://www.w3.org/2000/svg&quot;[39m
        [36m&gt;[39m
          [36m&lt;circle[39m
            [33mcx[39m=[32m&quot;12&quot;[39m
            [33mcy[39m=[32m&quot;12&quot;[39m
            [33mr[39m=[32m&quot;10&quot;[39m
          [36m/&gt;[39m
          [36m&lt;line[39m
            [33mx1[39m=[32m&quot;12&quot;[39m
            [33mx2[39m=[32m&quot;12&quot;[39m
            [33my1[39m=[32m&quot;8&quot;[39m
            [33my2[39m=[32m&quot;12&quot;[39m
          [36m/&gt;[39m
          [36m&lt;line[39m
            [33mx1[39m=[32m&quot;12&quot;[39m
            [33mx2[39m=[32m&quot;12.01&quot;[39m
            [33my1[39m=[32m&quot;16&quot;[39m
            [33my2[39m=[32m&quot;16&quot;[39m
          [36m/&gt;[39m
        [36m&lt;/svg&gt;[39m
        [36m&lt;h3[39m
          [33mstyle[39m=[32m&quot;font-size: 20px; font-weight: bold; margin-bottom: 8px; color: rgb(31, 41, 55);&quot;[39m
        [36m&gt;[39m
          [0mNetwork Connection Issue[0m
        [36m&lt;/h3&gt;[39m
        [36m&lt;p[39m
          [33mstyle[39m=[32m&quot;font-size: 14px; margin-bottom: 20px; color: rgb(107, 114, 128); line-height: 1.5;&quot;[39m
        [36m&gt;[39m
          [0mCheck your internet connection and try again. If the problem persists, contact your network administrator.[0m
        [36m&lt;/p&gt;[39m
        [36m&lt;details[39m
          [33mstyle[39m=[32m&quot;text-align: left; margin-bottom: 20px; background: rgba(0, 0, 0, 0.05); padding: 12px; border-radius: 6px; font-size: 12px;&quot;[39m
        [36m&gt;[39m
          [36m&lt;summary[39m
            [33mstyle[39m=[32m&quot;cursor: pointer; margin-bottom: 8px; color: rgb(107, 114, 128); font-size: 12px;&quot;[39m
          [36m&gt;[39m
            [36m&lt;svg[39m
              [33maria-hidden[39m=[32m&quot;true&quot;[39m
              [33mclass[39m=[32m&quot;lucide lucide-bug&quot;[39m
              [33mfill[39m=[32m&quot;none&quot;[39m
              [33mheight[39m=[32m&quot;14&quot;[39m
              [33mstroke[39m=[32m&quot;currentColor&quot;[39m
              [33mstroke-linecap[39m=[32m&quot;round&quot;[39m
              [33mstroke-linejoin[39m=[32m&quot;round&quot;[39m
              [33mstroke-width[39m=[32m&quot;2&quot;[39m
              [33mstyle[39m=[32m&quot;margin-right: 6px; vertical-align: middle;&quot;[39m
              [33mviewBox[39m=[32m&quot;0 0 24 24&quot;[39m
              [33mwidth[39m=[32m&quot;14&quot;[39m
              [33mxmlns[39m=[32m&quot;http://www.w3.org/2000/svg&quot;[39m
            [36m&gt;[39m
              [36m&lt;path[39m
                [33md[39m=[32m&quot;m8 2 1.88 1.88&quot;[39m
              [36m/&gt;[39m
              [36m&lt;path[39m
                [33md[39m=[32m&quot;M14.12 3.88 16 2&quot;[39m
              [36m/&gt;[39m
              [36m&lt;path[39m
                [33md[39m=[32m&quot;M9 7.13v-1a3.003 3.003 0 1 1 6 0v1&quot;[39m
              [36m/&gt;[39m
              [36m&lt;path[39m
                [33md[39m=[32m&quot;M12 20c-3.3 0-6-2.7-6-6v-3a4 4 0 0 1 4-4h4a4 4 0 0 1 4 4v3c0 3.3-2.7 6-6 6&quot;[39m
              [36m/&gt;[39m
              [36m&lt;path[39m
                [33md[39m=[32m&quot;M12 20v-9&quot;[39m
              [36m/&gt;[39m
              [36m&lt;path[39m
                [33md[39m=[32m&quot;M6.53 9C4.6 8.8 3 7.1 3 5&quot;[39m
              [36m/&gt;[39m
              [36m&lt;path[39m
                [33md[39m=[32m&quot;M6 13H2&quot;[39m
              [36m/&gt;[39m
              [36m&lt;path[39m
                [33md[39m=[32m&quot;M3 21c0-2.1 1.7-3.9 3.8-4&quot;[39m
              [36m/&gt;[39m
              [36m&lt;path[39m
                [33md[39m=[32m&quot;M20.97 5c0 2.1-1.6 3.8-3.5 4&quot;[39m
              [36m/&gt;[39m
              [36m&lt;path[39m
                [33md[39m=[32m&quot;M22 13h-4&quot;[39m
              [36m/&gt;[39m
              [36m&lt;path[39m
                [33md[39m=[32m&quot;M17.2 17c2.1.1 3.8 1.9 3.8 4&quot;[39m
              [36m/&gt;[39m
            [36m&lt;/svg&gt;[39m
            [0mError Details (Development Only)[0m
          [36m&lt;/summary&gt;[39m
          [36m&lt;div[39m
            [33mstyle[39m=[32m&quot;font-family: monospace; color: rgb(75, 85, 99); word-break: break-word;&quot;[39m
          [36m&gt;[39m
            [36m&lt;strong&gt;[39m
              [0mType:[0m
            [36m&lt;/strong&gt;[39m
            [0m [0m
            [0mNETWORK[0m
            [36m&lt;br /&gt;[39m
            [36m&lt;strong&gt;[39m
              [0mCode:[0m
            [36m&lt;/strong&gt;[39m
            [0m [0m
            [0mNETWORK_ERROR[0m
            [36m&lt;br /&gt;[39m
            [36m&lt;strong&gt;[39m
              [0mMessage:[0m
            [36m&lt;/strong&gt;[39m
            [0m [0m
            [0mTest error message[0m
            [36m&lt;br /&gt;[39m
            [36m&lt;strong&gt;[39m
              [0mStack:[0m
            [36m&lt;/strong&gt;[39m
            [36m&lt;pre[39m
              [33mstyle[39m=[32m&quot;white-space: pre-wrap; word-break: break-word; margin: 4px 0px 0px 0px; font-size: 10px;&quot;[39m
            [36m&gt;[39m
              [0mAppError: Test error message
    at ThrowErrorComponent (/home/ilya/projects/SimpleAdminReporter/frontend/src/components/query/__tests__/QueryPreviewErrorBoundary.test.tsx:59:19)
    at Object.react_stack_bottom_frame (/home/ilya/projects/SimpleAdminReporter/frontend/node_modules/react-dom/cjs/react-dom-client.development.js:23863:20)
    at renderWithHooks (/home/ilya/projects/SimpleAdminReporter/frontend/node_modules/react-dom/cjs/react-dom-client.development.js:5529:22)
    at updateFunctionComponent (/home/ilya/projects/SimpleAdminReporter/frontend/node_modules/react-dom/cjs/react-dom-client.development.js:8897:19)
    at beginWork (/home/ilya/projects/SimpleAdminReporter/frontend/node_modules/react-dom/cjs/react-dom-client.development.js:10522:18)
    at runWithFiberInDEV (/home/ilya/projects/SimpleAdminReporter/frontend/node_modules/react-dom/cjs/react-dom-client.development.js:1522:13..." type="TestingLibraryElementError">
TestingLibraryElementError: Found multiple elements with the text: Try Again

Here are the matching elements:

Ignored nodes: comments, script, style
&lt;span&gt;
  Try Again
&lt;/span&gt;

Ignored nodes: comments, script, style
&lt;span&gt;
  Try Again
&lt;/span&gt;

Ignored nodes: comments, script, style
&lt;span&gt;
  Try Again
&lt;/span&gt;

Ignored nodes: comments, script, style
&lt;span&gt;
  Try Again
&lt;/span&gt;

Ignored nodes: comments, script, style
&lt;span&gt;
  Try Again
&lt;/span&gt;

Ignored nodes: comments, script, style
&lt;span&gt;
  Try Again
&lt;/span&gt;

Ignored nodes: comments, script, style
&lt;span&gt;
  Try Again
&lt;/span&gt;

Ignored nodes: comments, script, style
&lt;span&gt;
  Try Again
&lt;/span&gt;

(If this is intentional, then use the `*AllBy*` variant of the query (like `queryAllByText`, `getAllByText`, or `findAllByText`)).

Ignored nodes: comments, script, style
&lt;body&gt;
  &lt;div&gt;
    &lt;div
      data-testid=&quot;test-content&quot;
    &gt;
      Test content
    &lt;/div&gt;
  &lt;/div&gt;
  &lt;div&gt;
    &lt;div
      style=&quot;min-height: 400px; background: rgb(245, 245, 245); display: flex; align-items: center; justify-content: center; padding: 32px; border-radius: 8px;&quot;
    &gt;
      &lt;div
        style=&quot;max-width: 600px; width: 100%; text-align: center; background: rgba(255, 255, 255, 0.9); border-radius: 16px; padding: 32px; border: 1px solid rgb(229, 231, 235); box-shadow: 0 4px 6px rgba(0, 0, 0, 0.1);&quot;
      &gt;
        &lt;svg
          aria-hidden=&quot;true&quot;
          class=&quot;lucide lucide-circle-alert&quot;
          fill=&quot;none&quot;
          height=&quot;48&quot;
          stroke=&quot;currentColor&quot;
          stroke-linecap=&quot;round&quot;
          stroke-linejoin=&quot;round&quot;
          stroke-width=&quot;2&quot;
          style=&quot;color: rgb(239, 68, 68); margin-bottom: 16px;&quot;
          viewBox=&quot;0 0 24 24&quot;
          width=&quot;48&quot;
          xmlns=&quot;http://www.w3.org/2000/svg&quot;
        &gt;
          &lt;circle
            cx=&quot;12&quot;
            cy=&quot;12&quot;
            r=&quot;10&quot;
          /&gt;
          &lt;line
            x1=&quot;12&quot;
            x2=&quot;12&quot;
            y1=&quot;8&quot;
            y2=&quot;12&quot;
          /&gt;
          &lt;line
            x1=&quot;12&quot;
            x2=&quot;12.01&quot;
            y1=&quot;16&quot;
            y2=&quot;16&quot;
          /&gt;
        &lt;/svg&gt;
        &lt;h3
          style=&quot;font-size: 20px; font-weight: bold; margin-bottom: 8px; color: rgb(31, 41, 55);&quot;
        &gt;
          Network Connection Issue
        &lt;/h3&gt;
        &lt;p
          style=&quot;font-size: 14px; margin-bottom: 20px; color: rgb(107, 114, 128); line-height: 1.5;&quot;
        &gt;
          Check your internet connection and try again. If the problem persists, contact your network administrator.
        &lt;/p&gt;
        &lt;details
          style=&quot;text-align: left; margin-bottom: 20px; background: rgba(0, 0, 0, 0.05); padding: 12px; border-radius: 6px; font-size: 12px;&quot;
        &gt;
          &lt;summary
            style=&quot;cursor: pointer; margin-bottom: 8px; color: rgb(107, 114, 128); font-size: 12px;&quot;
          &gt;
            &lt;svg
              aria-hidden=&quot;true&quot;
              class=&quot;lucide lucide-bug&quot;
              fill=&quot;none&quot;
              height=&quot;14&quot;
              stroke=&quot;currentColor&quot;
              stroke-linecap=&quot;round&quot;
              stroke-linejoin=&quot;round&quot;
              stroke-width=&quot;2&quot;
              style=&quot;margin-right: 6px; vertical-align: middle;&quot;
              viewBox=&quot;0 0 24 24&quot;
              width=&quot;14&quot;
              xmlns=&quot;http://www.w3.org/2000/svg&quot;
            &gt;
              &lt;path
                d=&quot;m8 2 1.88 1.88&quot;
              /&gt;
              &lt;path
                d=&quot;M14.12 3.88 16 2&quot;
              /&gt;
              &lt;path
                d=&quot;M9 7.13v-1a3.003 3.003 0 1 1 6 0v1&quot;
              /&gt;
              &lt;path
                d=&quot;M12 20c-3.3 0-6-2.7-6-6v-3a4 4 0 0 1 4-4h4a4 4 0 0 1 4 4v3c0 3.3-2.7 6-6 6&quot;
              /&gt;
              &lt;path
                d=&quot;M12 20v-9&quot;
              /&gt;
              &lt;path
                d=&quot;M6.53 9C4.6 8.8 3 7.1 3 5&quot;
              /&gt;
              &lt;path
                d=&quot;M6 13H2&quot;
              /&gt;
              &lt;path
                d=&quot;M3 21c0-2.1 1.7-3.9 3.8-4&quot;
              /&gt;
              &lt;path
                d=&quot;M20.97 5c0 2.1-1.6 3.8-3.5 4&quot;
              /&gt;
              &lt;path
                d=&quot;M22 13h-4&quot;
              /&gt;
              &lt;path
                d=&quot;M17.2 17c2.1.1 3.8 1.9 3.8 4&quot;
              /&gt;
            &lt;/svg&gt;
            Error Details (Development Only)
          &lt;/summary&gt;
          &lt;div
            style=&quot;font-family: monospace; color: rgb(75, 85, 99); word-break: break-word;&quot;
          &gt;
            &lt;strong&gt;
              Type:
            &lt;/strong&gt;
             
            NETWORK
            &lt;br /&gt;
            &lt;strong&gt;
              Code:
            &lt;/strong&gt;
             
            NETWORK_ERROR
            &lt;br /&gt;
            &lt;strong&gt;
              Message:
            &lt;/strong&gt;
             
            Test error message
            &lt;br /&gt;
            &lt;strong&gt;
              Stack:
            &lt;/strong&gt;
            &lt;pre
              style=&quot;white-space: pre-wrap; word-break: break-word; margin: 4px 0px 0px 0px; font-size: 10px;&quot;
            &gt;
              AppError: Test error message
    at ThrowErrorComponent (/home/ilya/projects/SimpleAdminReporter/frontend/src/components/query/__tests__/QueryPreviewErrorBoundary.test.tsx:59:19)
    at Object.react_stack_bottom_frame (/home/ilya/projects/SimpleAdminReporter/frontend/node_modules/react-dom/cjs/react-dom-client.development.js:23863:20)
    at renderWithHooks (/home/ilya/projects/SimpleAdminReporter/frontend/node_modules/react-dom/cjs/react-dom-client.development.js:5529:22)
    at updateFunctionComponent (/home/ilya/projects/SimpleAdminReporter/frontend/node_modules/react-dom/cjs/react-dom-client.development.js:8897:19)
    at beginWork (/home/ilya/projects/SimpleAdminReporter/frontend/node_modules/react-dom/cjs/react-dom-client.development.js:10522:18)
    at runWithFiberInDEV (/home/ilya/projects/SimpleAdminReporter/frontend/node_modules/react-dom/cjs/react-dom-client.development.js:1522:13...
 ❯ ThrowErrorComponent src/components/query/__tests__/QueryPreviewErrorBoundary.test.tsx:59:19
 ❯ Object.react_stack_bottom_frame node_modules/react-dom/cjs/react-dom-client.development.js:23863:20
 ❯ renderWithHooks node_modules/react-dom/cjs/react-dom-client.development.js:5529:22
 ❯ updateFunctionComponent node_modules/react-dom/cjs/react-dom-client.development.js:8897:19
 ❯ beginWork node_modules/react-dom/cjs/react-dom-client.development.js:10522:18
 ❯ Object.getElementError node_modules/@testing-library/dom/dist/config.js:37:19
 ❯ getElementError node_modules/@testing-library/dom/dist/query-helpers.js:20:35
 ❯ getMultipleElementsFoundError node_modules/@testing-library/dom/dist/query-helpers.js:23:10
 ❯ node_modules/@testing-library/dom/dist/query-helpers.js:55:13
 ❯ node_modules/@testing-library/dom/dist/query-helpers.js:95:19
 ❯ src/components/query/__tests__/QueryPreviewErrorBoundary.test.tsx:257:25
            </failure>
            <failure message="Cannot delete property &apos;gtag&apos; of #&lt;Object&gt;" type="TypeError">
TypeError: Cannot delete property &apos;gtag&apos; of #&lt;Object&gt;
 ❯ src/components/query/__tests__/QueryPreviewErrorBoundary.test.tsx:49:3
            </failure>
        </testcase>
        <testcase classname="src/components/query/__tests__/QueryPreviewErrorBoundary.test.tsx" name="QueryPreviewErrorBoundary &gt; Error Type-Specific Handling &gt; handles RATE_LIMIT error type correctly" time="0.108245552">
            <failure message="Found multiple elements with the text: Try Again

Here are the matching elements:

Ignored nodes: comments, script, style
[36m&lt;span&gt;[39m
  [0mTry Again[0m
[36m&lt;/span&gt;[39m

Ignored nodes: comments, script, style
[36m&lt;span&gt;[39m
  [0mTry Again[0m
[36m&lt;/span&gt;[39m

Ignored nodes: comments, script, style
[36m&lt;span&gt;[39m
  [0mTry Again[0m
[36m&lt;/span&gt;[39m

Ignored nodes: comments, script, style
[36m&lt;span&gt;[39m
  [0mTry Again[0m
[36m&lt;/span&gt;[39m

Ignored nodes: comments, script, style
[36m&lt;span&gt;[39m
  [0mTry Again[0m
[36m&lt;/span&gt;[39m

Ignored nodes: comments, script, style
[36m&lt;span&gt;[39m
  [0mTry Again[0m
[36m&lt;/span&gt;[39m

Ignored nodes: comments, script, style
[36m&lt;span&gt;[39m
  [0mTry Again[0m
[36m&lt;/span&gt;[39m

Ignored nodes: comments, script, style
[36m&lt;span&gt;[39m
  [0mTry Again[0m
[36m&lt;/span&gt;[39m

Ignored nodes: comments, script, style
[36m&lt;span&gt;[39m
  [0mTry Again[0m
[36m&lt;/span&gt;[39m

(If this is intentional, then use the `*AllBy*` variant of the query (like `queryAllByText`, `getAllByText`, or `findAllByText`)).

Ignored nodes: comments, script, style
[36m&lt;body&gt;[39m
  [36m&lt;div&gt;[39m
    [36m&lt;div[39m
      [33mdata-testid[39m=[32m&quot;test-content&quot;[39m
    [36m&gt;[39m
      [0mTest content[0m
    [36m&lt;/div&gt;[39m
  [36m&lt;/div&gt;[39m
  [36m&lt;div&gt;[39m
    [36m&lt;div[39m
      [33mstyle[39m=[32m&quot;min-height: 400px; background: rgb(245, 245, 245); display: flex; align-items: center; justify-content: center; padding: 32px; border-radius: 8px;&quot;[39m
    [36m&gt;[39m
      [36m&lt;div[39m
        [33mstyle[39m=[32m&quot;max-width: 600px; width: 100%; text-align: center; background: rgba(255, 255, 255, 0.9); border-radius: 16px; padding: 32px; border: 1px solid rgb(229, 231, 235); box-shadow: 0 4px 6px rgba(0, 0, 0, 0.1);&quot;[39m
      [36m&gt;[39m
        [36m&lt;svg[39m
          [33maria-hidden[39m=[32m&quot;true&quot;[39m
          [33mclass[39m=[32m&quot;lucide lucide-circle-alert&quot;[39m
          [33mfill[39m=[32m&quot;none&quot;[39m
          [33mheight[39m=[32m&quot;48&quot;[39m
          [33mstroke[39m=[32m&quot;currentColor&quot;[39m
          [33mstroke-linecap[39m=[32m&quot;round&quot;[39m
          [33mstroke-linejoin[39m=[32m&quot;round&quot;[39m
          [33mstroke-width[39m=[32m&quot;2&quot;[39m
          [33mstyle[39m=[32m&quot;color: rgb(239, 68, 68); margin-bottom: 16px;&quot;[39m
          [33mviewBox[39m=[32m&quot;0 0 24 24&quot;[39m
          [33mwidth[39m=[32m&quot;48&quot;[39m
          [33mxmlns[39m=[32m&quot;http://www.w3.org/2000/svg&quot;[39m
        [36m&gt;[39m
          [36m&lt;circle[39m
            [33mcx[39m=[32m&quot;12&quot;[39m
            [33mcy[39m=[32m&quot;12&quot;[39m
            [33mr[39m=[32m&quot;10&quot;[39m
          [36m/&gt;[39m
          [36m&lt;line[39m
            [33mx1[39m=[32m&quot;12&quot;[39m
            [33mx2[39m=[32m&quot;12&quot;[39m
            [33my1[39m=[32m&quot;8&quot;[39m
            [33my2[39m=[32m&quot;12&quot;[39m
          [36m/&gt;[39m
          [36m&lt;line[39m
            [33mx1[39m=[32m&quot;12&quot;[39m
            [33mx2[39m=[32m&quot;12.01&quot;[39m
            [33my1[39m=[32m&quot;16&quot;[39m
            [33my2[39m=[32m&quot;16&quot;[39m
          [36m/&gt;[39m
        [36m&lt;/svg&gt;[39m
        [36m&lt;h3[39m
          [33mstyle[39m=[32m&quot;font-size: 20px; font-weight: bold; margin-bottom: 8px; color: rgb(31, 41, 55);&quot;[39m
        [36m&gt;[39m
          [0mNetwork Connection Issue[0m
        [36m&lt;/h3&gt;[39m
        [36m&lt;p[39m
          [33mstyle[39m=[32m&quot;font-size: 14px; margin-bottom: 20px; color: rgb(107, 114, 128); line-height: 1.5;&quot;[39m
        [36m&gt;[39m
          [0mCheck your internet connection and try again. If the problem persists, contact your network administrator.[0m
        [36m&lt;/p&gt;[39m
        [36m&lt;details[39m
          [33mstyle[39m=[32m&quot;text-align: left; margin-bottom: 20px; background: rgba(0, 0, 0, 0.05); padding: 12px; border-radius: 6px; font-size: 12px;&quot;[39m
        [36m&gt;[39m
          [36m&lt;summary[39m
            [33mstyle[39m=[32m&quot;cursor: pointer; margin-bottom: 8px; color: rgb(107, 114, 128); font-size: 12px;&quot;[39m
          [36m&gt;[39m
            [36m&lt;svg[39m
              [33maria-hidden[39m=[32m&quot;true&quot;[39m
              [33mclass[39m=[32m&quot;lucide lucide-bug&quot;[39m
              [33mfill[39m=[32m&quot;none&quot;[39m
              [33mheight[39m=[32m&quot;14&quot;[39m
              [33mstroke[39m=[32m&quot;currentColor&quot;[39m
              [33mstroke-linecap[39m=[32m&quot;round&quot;[39m
              [33mstroke-linejoin[39m=[32m&quot;round&quot;[39m
              [33mstroke-width[39m=[32m&quot;2&quot;[39m
              [33mstyle[39m=[32m&quot;margin-right: 6px; vertical-align: middle;&quot;[39m
              [33mviewBox[39m=[32m&quot;0 0 24 24&quot;[39m
              [33mwidth[39m=[32m&quot;14&quot;[39m
              [33mxmlns[39m=[32m&quot;http://www.w3.org/2000/svg&quot;[39m
            [36m&gt;[39m
              [36m&lt;path[39m
                [33md[39m=[32m&quot;m8 2 1.88 1.88&quot;[39m
              [36m/&gt;[39m
              [36m&lt;path[39m
                [33md[39m=[32m&quot;M14.12 3.88 16 2&quot;[39m
              [36m/&gt;[39m
              [36m&lt;path[39m
                [33md[39m=[32m&quot;M9 7.13v-1a3.003 3.003 0 1 1 6 0v1&quot;[39m
              [36m/&gt;[39m
              [36m&lt;path[39m
                [33md[39m=[32m&quot;M12 20c-3.3 0-6-2.7-6-6v-3a4 4 0 0 1 4-4h4a4 4 0 0 1 4 4v3c0 3.3-2.7 6-6 6&quot;[39m
              [36m/&gt;[39m
              [36m&lt;path[39m
                [33md[39m=[32m&quot;M12 20v-9&quot;[39m
              [36m/&gt;[39m
              [36m&lt;path[39m
                [33md[39m=[32m&quot;M6.53 9C4.6 8.8 3 7.1 3 5&quot;[39m
              [36m/&gt;[39m
              [36m&lt;path[39m
                [33md[39m=[32m&quot;M6 13H2&quot;[39m
              [36m/&gt;[39m
              [36m&lt;path[39m
                [33md[39m=[32m&quot;M3 21c0-2.1 1.7-3.9 3.8-4&quot;[39m
              [36m/&gt;[39m
              [36m&lt;path[39m
                [33md[39m=[32m&quot;M20.97 5c0 2.1-1.6 3.8-3.5 4&quot;[39m
              [36m/&gt;[39m
              [36m&lt;path[39m
                [33md[39m=[32m&quot;M22 13h-4&quot;[39m
              [36m/&gt;[39m
              [36m&lt;path[39m
                [33md[39m=[32m&quot;M17.2 17c2.1.1 3.8 1.9 3.8 4&quot;[39m
              [36m/&gt;[39m
            [36m&lt;/svg&gt;[39m
            [0mError Details (Development Only)[0m
          [36m&lt;/summary&gt;[39m
          [36m&lt;div[39m
            [33mstyle[39m=[32m&quot;font-family: monospace; color: rgb(75, 85, 99); word-break: break-word;&quot;[39m
          [36m&gt;[39m
            [36m&lt;strong&gt;[39m
              [0mType:[0m
            [36m&lt;/strong&gt;[39m
            [0m [0m
            [0mNETWORK[0m
            [36m&lt;br /&gt;[39m
            [36m&lt;strong&gt;[39m
              [0mCode:[0m
            [36m&lt;/strong&gt;[39m
            [0m [0m
            [0mNETWORK_ERROR[0m
            [36m&lt;br /&gt;[39m
            [36m&lt;strong&gt;[39m
              [0mMessage:[0m
            [36m&lt;/strong&gt;[39m
            [0m [0m
            [0mTest error message[0m
            [36m&lt;br /&gt;[39m
            [36m&lt;strong&gt;[39m
              [0mStack:[0m
            [36m&lt;/strong&gt;[39m
            [36m&lt;pre[39m
              [33mstyle[39m=[32m&quot;white-space: pre-wrap; word-break: break-word; margin: 4px 0px 0px 0px; font-size: 10px;&quot;[39m
            [36m&gt;[39m
              [0mAppError: Test error message
    at ThrowErrorComponent (/home/ilya/projects/SimpleAdminReporter/frontend/src/components/query/__tests__/QueryPreviewErrorBoundary.test.tsx:59:19)
    at Object.react_stack_bottom_frame (/home/ilya/projects/SimpleAdminReporter/frontend/node_modules/react-dom/cjs/react-dom-client.development.js:23863:20)
    at renderWithHooks (/home/ilya/projects/SimpleAdminReporter/frontend/node_modules/react-dom/cjs/react-dom-client.development.js:5529:22)
    at updateFunctionComponent (/home/ilya/projects/SimpleAdminReporter/frontend/node_modules/react-dom/cjs/react-dom-client.development.js:8897:19)
    at beginWork (/home/ilya/projects/SimpleAdminReporter/frontend/node_modules/react-dom/cjs/react-dom-client.development.js:10522:18)
    at runWithFiberInDEV (/home/ilya/projects/SimpleAdminReporter/frontend/node_modules/react-dom/cjs/react-dom-client.development.js:1522:13..." type="TestingLibraryElementError">
TestingLibraryElementError: Found multiple elements with the text: Try Again

Here are the matching elements:

Ignored nodes: comments, script, style
&lt;span&gt;
  Try Again
&lt;/span&gt;

Ignored nodes: comments, script, style
&lt;span&gt;
  Try Again
&lt;/span&gt;

Ignored nodes: comments, script, style
&lt;span&gt;
  Try Again
&lt;/span&gt;

Ignored nodes: comments, script, style
&lt;span&gt;
  Try Again
&lt;/span&gt;

Ignored nodes: comments, script, style
&lt;span&gt;
  Try Again
&lt;/span&gt;

Ignored nodes: comments, script, style
&lt;span&gt;
  Try Again
&lt;/span&gt;

Ignored nodes: comments, script, style
&lt;span&gt;
  Try Again
&lt;/span&gt;

Ignored nodes: comments, script, style
&lt;span&gt;
  Try Again
&lt;/span&gt;

Ignored nodes: comments, script, style
&lt;span&gt;
  Try Again
&lt;/span&gt;

(If this is intentional, then use the `*AllBy*` variant of the query (like `queryAllByText`, `getAllByText`, or `findAllByText`)).

Ignored nodes: comments, script, style
&lt;body&gt;
  &lt;div&gt;
    &lt;div
      data-testid=&quot;test-content&quot;
    &gt;
      Test content
    &lt;/div&gt;
  &lt;/div&gt;
  &lt;div&gt;
    &lt;div
      style=&quot;min-height: 400px; background: rgb(245, 245, 245); display: flex; align-items: center; justify-content: center; padding: 32px; border-radius: 8px;&quot;
    &gt;
      &lt;div
        style=&quot;max-width: 600px; width: 100%; text-align: center; background: rgba(255, 255, 255, 0.9); border-radius: 16px; padding: 32px; border: 1px solid rgb(229, 231, 235); box-shadow: 0 4px 6px rgba(0, 0, 0, 0.1);&quot;
      &gt;
        &lt;svg
          aria-hidden=&quot;true&quot;
          class=&quot;lucide lucide-circle-alert&quot;
          fill=&quot;none&quot;
          height=&quot;48&quot;
          stroke=&quot;currentColor&quot;
          stroke-linecap=&quot;round&quot;
          stroke-linejoin=&quot;round&quot;
          stroke-width=&quot;2&quot;
          style=&quot;color: rgb(239, 68, 68); margin-bottom: 16px;&quot;
          viewBox=&quot;0 0 24 24&quot;
          width=&quot;48&quot;
          xmlns=&quot;http://www.w3.org/2000/svg&quot;
        &gt;
          &lt;circle
            cx=&quot;12&quot;
            cy=&quot;12&quot;
            r=&quot;10&quot;
          /&gt;
          &lt;line
            x1=&quot;12&quot;
            x2=&quot;12&quot;
            y1=&quot;8&quot;
            y2=&quot;12&quot;
          /&gt;
          &lt;line
            x1=&quot;12&quot;
            x2=&quot;12.01&quot;
            y1=&quot;16&quot;
            y2=&quot;16&quot;
          /&gt;
        &lt;/svg&gt;
        &lt;h3
          style=&quot;font-size: 20px; font-weight: bold; margin-bottom: 8px; color: rgb(31, 41, 55);&quot;
        &gt;
          Network Connection Issue
        &lt;/h3&gt;
        &lt;p
          style=&quot;font-size: 14px; margin-bottom: 20px; color: rgb(107, 114, 128); line-height: 1.5;&quot;
        &gt;
          Check your internet connection and try again. If the problem persists, contact your network administrator.
        &lt;/p&gt;
        &lt;details
          style=&quot;text-align: left; margin-bottom: 20px; background: rgba(0, 0, 0, 0.05); padding: 12px; border-radius: 6px; font-size: 12px;&quot;
        &gt;
          &lt;summary
            style=&quot;cursor: pointer; margin-bottom: 8px; color: rgb(107, 114, 128); font-size: 12px;&quot;
          &gt;
            &lt;svg
              aria-hidden=&quot;true&quot;
              class=&quot;lucide lucide-bug&quot;
              fill=&quot;none&quot;
              height=&quot;14&quot;
              stroke=&quot;currentColor&quot;
              stroke-linecap=&quot;round&quot;
              stroke-linejoin=&quot;round&quot;
              stroke-width=&quot;2&quot;
              style=&quot;margin-right: 6px; vertical-align: middle;&quot;
              viewBox=&quot;0 0 24 24&quot;
              width=&quot;14&quot;
              xmlns=&quot;http://www.w3.org/2000/svg&quot;
            &gt;
              &lt;path
                d=&quot;m8 2 1.88 1.88&quot;
              /&gt;
              &lt;path
                d=&quot;M14.12 3.88 16 2&quot;
              /&gt;
              &lt;path
                d=&quot;M9 7.13v-1a3.003 3.003 0 1 1 6 0v1&quot;
              /&gt;
              &lt;path
                d=&quot;M12 20c-3.3 0-6-2.7-6-6v-3a4 4 0 0 1 4-4h4a4 4 0 0 1 4 4v3c0 3.3-2.7 6-6 6&quot;
              /&gt;
              &lt;path
                d=&quot;M12 20v-9&quot;
              /&gt;
              &lt;path
                d=&quot;M6.53 9C4.6 8.8 3 7.1 3 5&quot;
              /&gt;
              &lt;path
                d=&quot;M6 13H2&quot;
              /&gt;
              &lt;path
                d=&quot;M3 21c0-2.1 1.7-3.9 3.8-4&quot;
              /&gt;
              &lt;path
                d=&quot;M20.97 5c0 2.1-1.6 3.8-3.5 4&quot;
              /&gt;
              &lt;path
                d=&quot;M22 13h-4&quot;
              /&gt;
              &lt;path
                d=&quot;M17.2 17c2.1.1 3.8 1.9 3.8 4&quot;
              /&gt;
            &lt;/svg&gt;
            Error Details (Development Only)
          &lt;/summary&gt;
          &lt;div
            style=&quot;font-family: monospace; color: rgb(75, 85, 99); word-break: break-word;&quot;
          &gt;
            &lt;strong&gt;
              Type:
            &lt;/strong&gt;
             
            NETWORK
            &lt;br /&gt;
            &lt;strong&gt;
              Code:
            &lt;/strong&gt;
             
            NETWORK_ERROR
            &lt;br /&gt;
            &lt;strong&gt;
              Message:
            &lt;/strong&gt;
             
            Test error message
            &lt;br /&gt;
            &lt;strong&gt;
              Stack:
            &lt;/strong&gt;
            &lt;pre
              style=&quot;white-space: pre-wrap; word-break: break-word; margin: 4px 0px 0px 0px; font-size: 10px;&quot;
            &gt;
              AppError: Test error message
    at ThrowErrorComponent (/home/ilya/projects/SimpleAdminReporter/frontend/src/components/query/__tests__/QueryPreviewErrorBoundary.test.tsx:59:19)
    at Object.react_stack_bottom_frame (/home/ilya/projects/SimpleAdminReporter/frontend/node_modules/react-dom/cjs/react-dom-client.development.js:23863:20)
    at renderWithHooks (/home/ilya/projects/SimpleAdminReporter/frontend/node_modules/react-dom/cjs/react-dom-client.development.js:5529:22)
    at updateFunctionComponent (/home/ilya/projects/SimpleAdminReporter/frontend/node_modules/react-dom/cjs/react-dom-client.development.js:8897:19)
    at beginWork (/home/ilya/projects/SimpleAdminReporter/frontend/node_modules/react-dom/cjs/react-dom-client.development.js:10522:18)
    at runWithFiberInDEV (/home/ilya/projects/SimpleAdminReporter/frontend/node_modules/react-dom/cjs/react-dom-client.development.js:1522:13...
 ❯ ThrowErrorComponent src/components/query/__tests__/QueryPreviewErrorBoundary.test.tsx:59:19
 ❯ Object.react_stack_bottom_frame node_modules/react-dom/cjs/react-dom-client.development.js:23863:20
 ❯ renderWithHooks node_modules/react-dom/cjs/react-dom-client.development.js:5529:22
 ❯ updateFunctionComponent node_modules/react-dom/cjs/react-dom-client.development.js:8897:19
 ❯ beginWork node_modules/react-dom/cjs/react-dom-client.development.js:10522:18
 ❯ Object.getElementError node_modules/@testing-library/dom/dist/config.js:37:19
 ❯ getElementError node_modules/@testing-library/dom/dist/query-helpers.js:20:35
 ❯ getMultipleElementsFoundError node_modules/@testing-library/dom/dist/query-helpers.js:23:10
 ❯ node_modules/@testing-library/dom/dist/query-helpers.js:55:13
 ❯ node_modules/@testing-library/dom/dist/query-helpers.js:95:19
 ❯ src/components/query/__tests__/QueryPreviewErrorBoundary.test.tsx:255:25
            </failure>
            <failure message="Cannot delete property &apos;gtag&apos; of #&lt;Object&gt;" type="TypeError">
TypeError: Cannot delete property &apos;gtag&apos; of #&lt;Object&gt;
 ❯ src/components/query/__tests__/QueryPreviewErrorBoundary.test.tsx:49:3
            </failure>
        </testcase>
        <testcase classname="src/components/query/__tests__/QueryPreviewErrorBoundary.test.tsx" name="QueryPreviewErrorBoundary &gt; Error Type-Specific Handling &gt; handles SERVER error type correctly" time="0.104244724">
            <failure message="Found multiple elements with the text: Try Again

Here are the matching elements:

Ignored nodes: comments, script, style
[36m&lt;span&gt;[39m
  [0mTry Again[0m
[36m&lt;/span&gt;[39m

Ignored nodes: comments, script, style
[36m&lt;span&gt;[39m
  [0mTry Again[0m
[36m&lt;/span&gt;[39m

Ignored nodes: comments, script, style
[36m&lt;span&gt;[39m
  [0mTry Again[0m
[36m&lt;/span&gt;[39m

Ignored nodes: comments, script, style
[36m&lt;span&gt;[39m
  [0mTry Again[0m
[36m&lt;/span&gt;[39m

Ignored nodes: comments, script, style
[36m&lt;span&gt;[39m
  [0mTry Again[0m
[36m&lt;/span&gt;[39m

Ignored nodes: comments, script, style
[36m&lt;span&gt;[39m
  [0mTry Again[0m
[36m&lt;/span&gt;[39m

Ignored nodes: comments, script, style
[36m&lt;span&gt;[39m
  [0mTry Again[0m
[36m&lt;/span&gt;[39m

Ignored nodes: comments, script, style
[36m&lt;span&gt;[39m
  [0mTry Again[0m
[36m&lt;/span&gt;[39m

Ignored nodes: comments, script, style
[36m&lt;span&gt;[39m
  [0mTry Again[0m
[36m&lt;/span&gt;[39m

Ignored nodes: comments, script, style
[36m&lt;span&gt;[39m
  [0mTry Again[0m
[36m&lt;/span&gt;[39m

(If this is intentional, then use the `*AllBy*` variant of the query (like `queryAllByText`, `getAllByText`, or `findAllByText`)).

Ignored nodes: comments, script, style
[36m&lt;body&gt;[39m
  [36m&lt;div&gt;[39m
    [36m&lt;div[39m
      [33mdata-testid[39m=[32m&quot;test-content&quot;[39m
    [36m&gt;[39m
      [0mTest content[0m
    [36m&lt;/div&gt;[39m
  [36m&lt;/div&gt;[39m
  [36m&lt;div&gt;[39m
    [36m&lt;div[39m
      [33mstyle[39m=[32m&quot;min-height: 400px; background: rgb(245, 245, 245); display: flex; align-items: center; justify-content: center; padding: 32px; border-radius: 8px;&quot;[39m
    [36m&gt;[39m
      [36m&lt;div[39m
        [33mstyle[39m=[32m&quot;max-width: 600px; width: 100%; text-align: center; background: rgba(255, 255, 255, 0.9); border-radius: 16px; padding: 32px; border: 1px solid rgb(229, 231, 235); box-shadow: 0 4px 6px rgba(0, 0, 0, 0.1);&quot;[39m
      [36m&gt;[39m
        [36m&lt;svg[39m
          [33maria-hidden[39m=[32m&quot;true&quot;[39m
          [33mclass[39m=[32m&quot;lucide lucide-circle-alert&quot;[39m
          [33mfill[39m=[32m&quot;none&quot;[39m
          [33mheight[39m=[32m&quot;48&quot;[39m
          [33mstroke[39m=[32m&quot;currentColor&quot;[39m
          [33mstroke-linecap[39m=[32m&quot;round&quot;[39m
          [33mstroke-linejoin[39m=[32m&quot;round&quot;[39m
          [33mstroke-width[39m=[32m&quot;2&quot;[39m
          [33mstyle[39m=[32m&quot;color: rgb(239, 68, 68); margin-bottom: 16px;&quot;[39m
          [33mviewBox[39m=[32m&quot;0 0 24 24&quot;[39m
          [33mwidth[39m=[32m&quot;48&quot;[39m
          [33mxmlns[39m=[32m&quot;http://www.w3.org/2000/svg&quot;[39m
        [36m&gt;[39m
          [36m&lt;circle[39m
            [33mcx[39m=[32m&quot;12&quot;[39m
            [33mcy[39m=[32m&quot;12&quot;[39m
            [33mr[39m=[32m&quot;10&quot;[39m
          [36m/&gt;[39m
          [36m&lt;line[39m
            [33mx1[39m=[32m&quot;12&quot;[39m
            [33mx2[39m=[32m&quot;12&quot;[39m
            [33my1[39m=[32m&quot;8&quot;[39m
            [33my2[39m=[32m&quot;12&quot;[39m
          [36m/&gt;[39m
          [36m&lt;line[39m
            [33mx1[39m=[32m&quot;12&quot;[39m
            [33mx2[39m=[32m&quot;12.01&quot;[39m
            [33my1[39m=[32m&quot;16&quot;[39m
            [33my2[39m=[32m&quot;16&quot;[39m
          [36m/&gt;[39m
        [36m&lt;/svg&gt;[39m
        [36m&lt;h3[39m
          [33mstyle[39m=[32m&quot;font-size: 20px; font-weight: bold; margin-bottom: 8px; color: rgb(31, 41, 55);&quot;[39m
        [36m&gt;[39m
          [0mNetwork Connection Issue[0m
        [36m&lt;/h3&gt;[39m
        [36m&lt;p[39m
          [33mstyle[39m=[32m&quot;font-size: 14px; margin-bottom: 20px; color: rgb(107, 114, 128); line-height: 1.5;&quot;[39m
        [36m&gt;[39m
          [0mCheck your internet connection and try again. If the problem persists, contact your network administrator.[0m
        [36m&lt;/p&gt;[39m
        [36m&lt;details[39m
          [33mstyle[39m=[32m&quot;text-align: left; margin-bottom: 20px; background: rgba(0, 0, 0, 0.05); padding: 12px; border-radius: 6px; font-size: 12px;&quot;[39m
        [36m&gt;[39m
          [36m&lt;summary[39m
            [33mstyle[39m=[32m&quot;cursor: pointer; margin-bottom: 8px; color: rgb(107, 114, 128); font-size: 12px;&quot;[39m
          [36m&gt;[39m
            [36m&lt;svg[39m
              [33maria-hidden[39m=[32m&quot;true&quot;[39m
              [33mclass[39m=[32m&quot;lucide lucide-bug&quot;[39m
              [33mfill[39m=[32m&quot;none&quot;[39m
              [33mheight[39m=[32m&quot;14&quot;[39m
              [33mstroke[39m=[32m&quot;currentColor&quot;[39m
              [33mstroke-linecap[39m=[32m&quot;round&quot;[39m
              [33mstroke-linejoin[39m=[32m&quot;round&quot;[39m
              [33mstroke-width[39m=[32m&quot;2&quot;[39m
              [33mstyle[39m=[32m&quot;margin-right: 6px; vertical-align: middle;&quot;[39m
              [33mviewBox[39m=[32m&quot;0 0 24 24&quot;[39m
              [33mwidth[39m=[32m&quot;14&quot;[39m
              [33mxmlns[39m=[32m&quot;http://www.w3.org/2000/svg&quot;[39m
            [36m&gt;[39m
              [36m&lt;path[39m
                [33md[39m=[32m&quot;m8 2 1.88 1.88&quot;[39m
              [36m/&gt;[39m
              [36m&lt;path[39m
                [33md[39m=[32m&quot;M14.12 3.88 16 2&quot;[39m
              [36m/&gt;[39m
              [36m&lt;path[39m
                [33md[39m=[32m&quot;M9 7.13v-1a3.003 3.003 0 1 1 6 0v1&quot;[39m
              [36m/&gt;[39m
              [36m&lt;path[39m
                [33md[39m=[32m&quot;M12 20c-3.3 0-6-2.7-6-6v-3a4 4 0 0 1 4-4h4a4 4 0 0 1 4 4v3c0 3.3-2.7 6-6 6&quot;[39m
              [36m/&gt;[39m
              [36m&lt;path[39m
                [33md[39m=[32m&quot;M12 20v-9&quot;[39m
              [36m/&gt;[39m
              [36m&lt;path[39m
                [33md[39m=[32m&quot;M6.53 9C4.6 8.8 3 7.1 3 5&quot;[39m
              [36m/&gt;[39m
              [36m&lt;path[39m
                [33md[39m=[32m&quot;M6 13H2&quot;[39m
              [36m/&gt;[39m
              [36m&lt;path[39m
                [33md[39m=[32m&quot;M3 21c0-2.1 1.7-3.9 3.8-4&quot;[39m
              [36m/&gt;[39m
              [36m&lt;path[39m
                [33md[39m=[32m&quot;M20.97 5c0 2.1-1.6 3.8-3.5 4&quot;[39m
              [36m/&gt;[39m
              [36m&lt;path[39m
                [33md[39m=[32m&quot;M22 13h-4&quot;[39m
              [36m/&gt;[39m
              [36m&lt;path[39m
                [33md[39m=[32m&quot;M17.2 17c2.1.1 3.8 1.9 3.8 4&quot;[39m
              [36m/&gt;[39m
            [36m&lt;/svg&gt;[39m
            [0mError Details (Development Only)[0m
          [36m&lt;/summary&gt;[39m
          [36m&lt;div[39m
            [33mstyle[39m=[32m&quot;font-family: monospace; color: rgb(75, 85, 99); word-break: break-word;&quot;[39m
          [36m&gt;[39m
            [36m&lt;strong&gt;[39m
              [0mType:[0m
            [36m&lt;/strong&gt;[39m
            [0m [0m
            [0mNETWORK[0m
            [36m&lt;br /&gt;[39m
            [36m&lt;strong&gt;[39m
              [0mCode:[0m
            [36m&lt;/strong&gt;[39m
            [0m [0m
            [0mNETWORK_ERROR[0m
            [36m&lt;br /&gt;[39m
            [36m&lt;strong&gt;[39m
              [0mMessage:[0m
            [36m&lt;/strong&gt;[39m
            [0m [0m
            [0mTest error message[0m
            [36m&lt;br /&gt;[39m
            [36m&lt;strong&gt;[39m
              [0mStack:[0m
            [36m&lt;/strong&gt;[39m
            [36m&lt;pre[39m
              [33mstyle[39m=[32m&quot;white-space: pre-wrap; word-break: break-word; margin: 4px 0px 0px 0px; font-size: 10px;&quot;[39m
            [36m&gt;[39m
              [0mAppError: Test error message
    at ThrowErrorComponent (/home/ilya/projects/SimpleAdminReporter/frontend/src/components/query/__tests__/QueryPreviewErrorBoundary.test.tsx:59:19)
    at Object.react_stack_bottom_frame (/home/ilya/projects/SimpleAdminReporter/frontend/node_modules/react-dom/cjs/react-dom-client.development.js:23863:20)
    at renderWithHooks (/home/ilya/projects/SimpleAdminReporter/frontend/node_modules/react-dom/cjs/react-dom-client.development.js:5529:22)
    at updateFunctionComponent (/home/ilya/projects/SimpleAdminReporter/frontend/node_modules/react-dom/cjs/react-dom-client.development.js:8897:19)
    at beginWork (/home/ilya/projects/SimpleAdminReporter/frontend/node_modules/react-dom/cjs/react-dom-client.development.js:10522:18)
    at runWithFiberInDEV (/home/ilya/projects/SimpleAdminReporter/frontend/node_modules/react-dom/cjs/react-dom-client.development.js:1522:13..." type="TestingLibraryElementError">
TestingLibraryElementError: Found multiple elements with the text: Try Again

Here are the matching elements:

Ignored nodes: comments, script, style
&lt;span&gt;
  Try Again
&lt;/span&gt;

Ignored nodes: comments, script, style
&lt;span&gt;
  Try Again
&lt;/span&gt;

Ignored nodes: comments, script, style
&lt;span&gt;
  Try Again
&lt;/span&gt;

Ignored nodes: comments, script, style
&lt;span&gt;
  Try Again
&lt;/span&gt;

Ignored nodes: comments, script, style
&lt;span&gt;
  Try Again
&lt;/span&gt;

Ignored nodes: comments, script, style
&lt;span&gt;
  Try Again
&lt;/span&gt;

Ignored nodes: comments, script, style
&lt;span&gt;
  Try Again
&lt;/span&gt;

Ignored nodes: comments, script, style
&lt;span&gt;
  Try Again
&lt;/span&gt;

Ignored nodes: comments, script, style
&lt;span&gt;
  Try Again
&lt;/span&gt;

Ignored nodes: comments, script, style
&lt;span&gt;
  Try Again
&lt;/span&gt;

(If this is intentional, then use the `*AllBy*` variant of the query (like `queryAllByText`, `getAllByText`, or `findAllByText`)).

Ignored nodes: comments, script, style
&lt;body&gt;
  &lt;div&gt;
    &lt;div
      data-testid=&quot;test-content&quot;
    &gt;
      Test content
    &lt;/div&gt;
  &lt;/div&gt;
  &lt;div&gt;
    &lt;div
      style=&quot;min-height: 400px; background: rgb(245, 245, 245); display: flex; align-items: center; justify-content: center; padding: 32px; border-radius: 8px;&quot;
    &gt;
      &lt;div
        style=&quot;max-width: 600px; width: 100%; text-align: center; background: rgba(255, 255, 255, 0.9); border-radius: 16px; padding: 32px; border: 1px solid rgb(229, 231, 235); box-shadow: 0 4px 6px rgba(0, 0, 0, 0.1);&quot;
      &gt;
        &lt;svg
          aria-hidden=&quot;true&quot;
          class=&quot;lucide lucide-circle-alert&quot;
          fill=&quot;none&quot;
          height=&quot;48&quot;
          stroke=&quot;currentColor&quot;
          stroke-linecap=&quot;round&quot;
          stroke-linejoin=&quot;round&quot;
          stroke-width=&quot;2&quot;
          style=&quot;color: rgb(239, 68, 68); margin-bottom: 16px;&quot;
          viewBox=&quot;0 0 24 24&quot;
          width=&quot;48&quot;
          xmlns=&quot;http://www.w3.org/2000/svg&quot;
        &gt;
          &lt;circle
            cx=&quot;12&quot;
            cy=&quot;12&quot;
            r=&quot;10&quot;
          /&gt;
          &lt;line
            x1=&quot;12&quot;
            x2=&quot;12&quot;
            y1=&quot;8&quot;
            y2=&quot;12&quot;
          /&gt;
          &lt;line
            x1=&quot;12&quot;
            x2=&quot;12.01&quot;
            y1=&quot;16&quot;
            y2=&quot;16&quot;
          /&gt;
        &lt;/svg&gt;
        &lt;h3
          style=&quot;font-size: 20px; font-weight: bold; margin-bottom: 8px; color: rgb(31, 41, 55);&quot;
        &gt;
          Network Connection Issue
        &lt;/h3&gt;
        &lt;p
          style=&quot;font-size: 14px; margin-bottom: 20px; color: rgb(107, 114, 128); line-height: 1.5;&quot;
        &gt;
          Check your internet connection and try again. If the problem persists, contact your network administrator.
        &lt;/p&gt;
        &lt;details
          style=&quot;text-align: left; margin-bottom: 20px; background: rgba(0, 0, 0, 0.05); padding: 12px; border-radius: 6px; font-size: 12px;&quot;
        &gt;
          &lt;summary
            style=&quot;cursor: pointer; margin-bottom: 8px; color: rgb(107, 114, 128); font-size: 12px;&quot;
          &gt;
            &lt;svg
              aria-hidden=&quot;true&quot;
              class=&quot;lucide lucide-bug&quot;
              fill=&quot;none&quot;
              height=&quot;14&quot;
              stroke=&quot;currentColor&quot;
              stroke-linecap=&quot;round&quot;
              stroke-linejoin=&quot;round&quot;
              stroke-width=&quot;2&quot;
              style=&quot;margin-right: 6px; vertical-align: middle;&quot;
              viewBox=&quot;0 0 24 24&quot;
              width=&quot;14&quot;
              xmlns=&quot;http://www.w3.org/2000/svg&quot;
            &gt;
              &lt;path
                d=&quot;m8 2 1.88 1.88&quot;
              /&gt;
              &lt;path
                d=&quot;M14.12 3.88 16 2&quot;
              /&gt;
              &lt;path
                d=&quot;M9 7.13v-1a3.003 3.003 0 1 1 6 0v1&quot;
              /&gt;
              &lt;path
                d=&quot;M12 20c-3.3 0-6-2.7-6-6v-3a4 4 0 0 1 4-4h4a4 4 0 0 1 4 4v3c0 3.3-2.7 6-6 6&quot;
              /&gt;
              &lt;path
                d=&quot;M12 20v-9&quot;
              /&gt;
              &lt;path
                d=&quot;M6.53 9C4.6 8.8 3 7.1 3 5&quot;
              /&gt;
              &lt;path
                d=&quot;M6 13H2&quot;
              /&gt;
              &lt;path
                d=&quot;M3 21c0-2.1 1.7-3.9 3.8-4&quot;
              /&gt;
              &lt;path
                d=&quot;M20.97 5c0 2.1-1.6 3.8-3.5 4&quot;
              /&gt;
              &lt;path
                d=&quot;M22 13h-4&quot;
              /&gt;
              &lt;path
                d=&quot;M17.2 17c2.1.1 3.8 1.9 3.8 4&quot;
              /&gt;
            &lt;/svg&gt;
            Error Details (Development Only)
          &lt;/summary&gt;
          &lt;div
            style=&quot;font-family: monospace; color: rgb(75, 85, 99); word-break: break-word;&quot;
          &gt;
            &lt;strong&gt;
              Type:
            &lt;/strong&gt;
             
            NETWORK
            &lt;br /&gt;
            &lt;strong&gt;
              Code:
            &lt;/strong&gt;
             
            NETWORK_ERROR
            &lt;br /&gt;
            &lt;strong&gt;
              Message:
            &lt;/strong&gt;
             
            Test error message
            &lt;br /&gt;
            &lt;strong&gt;
              Stack:
            &lt;/strong&gt;
            &lt;pre
              style=&quot;white-space: pre-wrap; word-break: break-word; margin: 4px 0px 0px 0px; font-size: 10px;&quot;
            &gt;
              AppError: Test error message
    at ThrowErrorComponent (/home/ilya/projects/SimpleAdminReporter/frontend/src/components/query/__tests__/QueryPreviewErrorBoundary.test.tsx:59:19)
    at Object.react_stack_bottom_frame (/home/ilya/projects/SimpleAdminReporter/frontend/node_modules/react-dom/cjs/react-dom-client.development.js:23863:20)
    at renderWithHooks (/home/ilya/projects/SimpleAdminReporter/frontend/node_modules/react-dom/cjs/react-dom-client.development.js:5529:22)
    at updateFunctionComponent (/home/ilya/projects/SimpleAdminReporter/frontend/node_modules/react-dom/cjs/react-dom-client.development.js:8897:19)
    at beginWork (/home/ilya/projects/SimpleAdminReporter/frontend/node_modules/react-dom/cjs/react-dom-client.development.js:10522:18)
    at runWithFiberInDEV (/home/ilya/projects/SimpleAdminReporter/frontend/node_modules/react-dom/cjs/react-dom-client.development.js:1522:13...
 ❯ ThrowErrorComponent src/components/query/__tests__/QueryPreviewErrorBoundary.test.tsx:59:19
 ❯ Object.react_stack_bottom_frame node_modules/react-dom/cjs/react-dom-client.development.js:23863:20
 ❯ renderWithHooks node_modules/react-dom/cjs/react-dom-client.development.js:5529:22
 ❯ updateFunctionComponent node_modules/react-dom/cjs/react-dom-client.development.js:8897:19
 ❯ beginWork node_modules/react-dom/cjs/react-dom-client.development.js:10522:18
 ❯ Object.getElementError node_modules/@testing-library/dom/dist/config.js:37:19
 ❯ getElementError node_modules/@testing-library/dom/dist/query-helpers.js:20:35
 ❯ getMultipleElementsFoundError node_modules/@testing-library/dom/dist/query-helpers.js:23:10
 ❯ node_modules/@testing-library/dom/dist/query-helpers.js:55:13
 ❯ node_modules/@testing-library/dom/dist/query-helpers.js:95:19
 ❯ src/components/query/__tests__/QueryPreviewErrorBoundary.test.tsx:255:25
            </failure>
            <failure message="Cannot delete property &apos;gtag&apos; of #&lt;Object&gt;" type="TypeError">
TypeError: Cannot delete property &apos;gtag&apos; of #&lt;Object&gt;
 ❯ src/components/query/__tests__/QueryPreviewErrorBoundary.test.tsx:49:3
            </failure>
        </testcase>
        <testcase classname="src/components/query/__tests__/QueryPreviewErrorBoundary.test.tsx" name="QueryPreviewErrorBoundary &gt; Retry Logic and Exponential Backoff &gt; enables retry for retryable errors" time="0.059891067">
            <failure message="Found multiple elements with the text: Try Again

Here are the matching elements:

Ignored nodes: comments, script, style
[36m&lt;span&gt;[39m
  [0mTry Again[0m
[36m&lt;/span&gt;[39m

Ignored nodes: comments, script, style
[36m&lt;span&gt;[39m
  [0mTry Again[0m
[36m&lt;/span&gt;[39m

Ignored nodes: comments, script, style
[36m&lt;span&gt;[39m
  [0mTry Again[0m
[36m&lt;/span&gt;[39m

Ignored nodes: comments, script, style
[36m&lt;span&gt;[39m
  [0mTry Again[0m
[36m&lt;/span&gt;[39m

Ignored nodes: comments, script, style
[36m&lt;span&gt;[39m
  [0mTry Again[0m
[36m&lt;/span&gt;[39m

Ignored nodes: comments, script, style
[36m&lt;span&gt;[39m
  [0mTry Again[0m
[36m&lt;/span&gt;[39m

Ignored nodes: comments, script, style
[36m&lt;span&gt;[39m
  [0mTry Again[0m
[36m&lt;/span&gt;[39m

Ignored nodes: comments, script, style
[36m&lt;span&gt;[39m
  [0mTry Again[0m
[36m&lt;/span&gt;[39m

Ignored nodes: comments, script, style
[36m&lt;span&gt;[39m
  [0mTry Again[0m
[36m&lt;/span&gt;[39m

Ignored nodes: comments, script, style
[36m&lt;span&gt;[39m
  [0mTry Again[0m
[36m&lt;/span&gt;[39m

Ignored nodes: comments, script, style
[36m&lt;span&gt;[39m
  [0mTry Again[0m
[36m&lt;/span&gt;[39m

(If this is intentional, then use the `*AllBy*` variant of the query (like `queryAllByText`, `getAllByText`, or `findAllByText`)).

Ignored nodes: comments, script, style
[36m&lt;body&gt;[39m
  [36m&lt;div&gt;[39m
    [36m&lt;div[39m
      [33mdata-testid[39m=[32m&quot;test-content&quot;[39m
    [36m&gt;[39m
      [0mTest content[0m
    [36m&lt;/div&gt;[39m
  [36m&lt;/div&gt;[39m
  [36m&lt;div&gt;[39m
    [36m&lt;div[39m
      [33mstyle[39m=[32m&quot;min-height: 400px; background: rgb(245, 245, 245); display: flex; align-items: center; justify-content: center; padding: 32px; border-radius: 8px;&quot;[39m
    [36m&gt;[39m
      [36m&lt;div[39m
        [33mstyle[39m=[32m&quot;max-width: 600px; width: 100%; text-align: center; background: rgba(255, 255, 255, 0.9); border-radius: 16px; padding: 32px; border: 1px solid rgb(229, 231, 235); box-shadow: 0 4px 6px rgba(0, 0, 0, 0.1);&quot;[39m
      [36m&gt;[39m
        [36m&lt;svg[39m
          [33maria-hidden[39m=[32m&quot;true&quot;[39m
          [33mclass[39m=[32m&quot;lucide lucide-circle-alert&quot;[39m
          [33mfill[39m=[32m&quot;none&quot;[39m
          [33mheight[39m=[32m&quot;48&quot;[39m
          [33mstroke[39m=[32m&quot;currentColor&quot;[39m
          [33mstroke-linecap[39m=[32m&quot;round&quot;[39m
          [33mstroke-linejoin[39m=[32m&quot;round&quot;[39m
          [33mstroke-width[39m=[32m&quot;2&quot;[39m
          [33mstyle[39m=[32m&quot;color: rgb(239, 68, 68); margin-bottom: 16px;&quot;[39m
          [33mviewBox[39m=[32m&quot;0 0 24 24&quot;[39m
          [33mwidth[39m=[32m&quot;48&quot;[39m
          [33mxmlns[39m=[32m&quot;http://www.w3.org/2000/svg&quot;[39m
        [36m&gt;[39m
          [36m&lt;circle[39m
            [33mcx[39m=[32m&quot;12&quot;[39m
            [33mcy[39m=[32m&quot;12&quot;[39m
            [33mr[39m=[32m&quot;10&quot;[39m
          [36m/&gt;[39m
          [36m&lt;line[39m
            [33mx1[39m=[32m&quot;12&quot;[39m
            [33mx2[39m=[32m&quot;12&quot;[39m
            [33my1[39m=[32m&quot;8&quot;[39m
            [33my2[39m=[32m&quot;12&quot;[39m
          [36m/&gt;[39m
          [36m&lt;line[39m
            [33mx1[39m=[32m&quot;12&quot;[39m
            [33mx2[39m=[32m&quot;12.01&quot;[39m
            [33my1[39m=[32m&quot;16&quot;[39m
            [33my2[39m=[32m&quot;16&quot;[39m
          [36m/&gt;[39m
        [36m&lt;/svg&gt;[39m
        [36m&lt;h3[39m
          [33mstyle[39m=[32m&quot;font-size: 20px; font-weight: bold; margin-bottom: 8px; color: rgb(31, 41, 55);&quot;[39m
        [36m&gt;[39m
          [0mNetwork Connection Issue[0m
        [36m&lt;/h3&gt;[39m
        [36m&lt;p[39m
          [33mstyle[39m=[32m&quot;font-size: 14px; margin-bottom: 20px; color: rgb(107, 114, 128); line-height: 1.5;&quot;[39m
        [36m&gt;[39m
          [0mCheck your internet connection and try again. If the problem persists, contact your network administrator.[0m
        [36m&lt;/p&gt;[39m
        [36m&lt;details[39m
          [33mstyle[39m=[32m&quot;text-align: left; margin-bottom: 20px; background: rgba(0, 0, 0, 0.05); padding: 12px; border-radius: 6px; font-size: 12px;&quot;[39m
        [36m&gt;[39m
          [36m&lt;summary[39m
            [33mstyle[39m=[32m&quot;cursor: pointer; margin-bottom: 8px; color: rgb(107, 114, 128); font-size: 12px;&quot;[39m
          [36m&gt;[39m
            [36m&lt;svg[39m
              [33maria-hidden[39m=[32m&quot;true&quot;[39m
              [33mclass[39m=[32m&quot;lucide lucide-bug&quot;[39m
              [33mfill[39m=[32m&quot;none&quot;[39m
              [33mheight[39m=[32m&quot;14&quot;[39m
              [33mstroke[39m=[32m&quot;currentColor&quot;[39m
              [33mstroke-linecap[39m=[32m&quot;round&quot;[39m
              [33mstroke-linejoin[39m=[32m&quot;round&quot;[39m
              [33mstroke-width[39m=[32m&quot;2&quot;[39m
              [33mstyle[39m=[32m&quot;margin-right: 6px; vertical-align: middle;&quot;[39m
              [33mviewBox[39m=[32m&quot;0 0 24 24&quot;[39m
              [33mwidth[39m=[32m&quot;14&quot;[39m
              [33mxmlns[39m=[32m&quot;http://www.w3.org/2000/svg&quot;[39m
            [36m&gt;[39m
              [36m&lt;path[39m
                [33md[39m=[32m&quot;m8 2 1.88 1.88&quot;[39m
              [36m/&gt;[39m
              [36m&lt;path[39m
                [33md[39m=[32m&quot;M14.12 3.88 16 2&quot;[39m
              [36m/&gt;[39m
              [36m&lt;path[39m
                [33md[39m=[32m&quot;M9 7.13v-1a3.003 3.003 0 1 1 6 0v1&quot;[39m
              [36m/&gt;[39m
              [36m&lt;path[39m
                [33md[39m=[32m&quot;M12 20c-3.3 0-6-2.7-6-6v-3a4 4 0 0 1 4-4h4a4 4 0 0 1 4 4v3c0 3.3-2.7 6-6 6&quot;[39m
              [36m/&gt;[39m
              [36m&lt;path[39m
                [33md[39m=[32m&quot;M12 20v-9&quot;[39m
              [36m/&gt;[39m
              [36m&lt;path[39m
                [33md[39m=[32m&quot;M6.53 9C4.6 8.8 3 7.1 3 5&quot;[39m
              [36m/&gt;[39m
              [36m&lt;path[39m
                [33md[39m=[32m&quot;M6 13H2&quot;[39m
              [36m/&gt;[39m
              [36m&lt;path[39m
                [33md[39m=[32m&quot;M3 21c0-2.1 1.7-3.9 3.8-4&quot;[39m
              [36m/&gt;[39m
              [36m&lt;path[39m
                [33md[39m=[32m&quot;M20.97 5c0 2.1-1.6 3.8-3.5 4&quot;[39m
              [36m/&gt;[39m
              [36m&lt;path[39m
                [33md[39m=[32m&quot;M22 13h-4&quot;[39m
              [36m/&gt;[39m
              [36m&lt;path[39m
                [33md[39m=[32m&quot;M17.2 17c2.1.1 3.8 1.9 3.8 4&quot;[39m
              [36m/&gt;[39m
            [36m&lt;/svg&gt;[39m
            [0mError Details (Development Only)[0m
          [36m&lt;/summary&gt;[39m
          [36m&lt;div[39m
            [33mstyle[39m=[32m&quot;font-family: monospace; color: rgb(75, 85, 99); word-break: break-word;&quot;[39m
          [36m&gt;[39m
            [36m&lt;strong&gt;[39m
              [0mType:[0m
            [36m&lt;/strong&gt;[39m
            [0m [0m
            [0mNETWORK[0m
            [36m&lt;br /&gt;[39m
            [36m&lt;strong&gt;[39m
              [0mCode:[0m
            [36m&lt;/strong&gt;[39m
            [0m [0m
            [0mNETWORK_ERROR[0m
            [36m&lt;br /&gt;[39m
            [36m&lt;strong&gt;[39m
              [0mMessage:[0m
            [36m&lt;/strong&gt;[39m
            [0m [0m
            [0mTest error message[0m
            [36m&lt;br /&gt;[39m
            [36m&lt;strong&gt;[39m
              [0mStack:[0m
            [36m&lt;/strong&gt;[39m
            [36m&lt;pre[39m
              [33mstyle[39m=[32m&quot;white-space: pre-wrap; word-break: break-word; margin: 4px 0px 0px 0px; font-size: 10px;&quot;[39m
            [36m&gt;[39m
              [0mAppError: Test error message
    at ThrowErrorComponent (/home/ilya/projects/SimpleAdminReporter/frontend/src/components/query/__tests__/QueryPreviewErrorBoundary.test.tsx:59:19)
    at Object.react_stack_bottom_frame (/home/ilya/projects/SimpleAdminReporter/frontend/node_modules/react-dom/cjs/react-dom-client.development.js:23863:20)
    at renderWithHooks (/home/ilya/projects/SimpleAdminReporter/frontend/node_modules/react-dom/cjs/react-dom-client.development.js:5529:22)
    at updateFunctionComponent (/home/ilya/projects/SimpleAdminReporter/frontend/node_modules/react-dom/cjs/react-dom-client.development.js:8897:19)
    at beginWork (/home/ilya/projects/SimpleAdminReporter/frontend/node_modules/react-dom/cjs/react-dom-client.development.js:10522:18)
    at runWithFiberInDEV (/home/ilya/projects/SimpleAdminReporter/frontend/node_modules/react-dom/cjs/react-dom-client.development.js:1522:13..." type="TestingLibraryElementError">
TestingLibraryElementError: Found multiple elements with the text: Try Again

Here are the matching elements:

Ignored nodes: comments, script, style
&lt;span&gt;
  Try Again
&lt;/span&gt;

Ignored nodes: comments, script, style
&lt;span&gt;
  Try Again
&lt;/span&gt;

Ignored nodes: comments, script, style
&lt;span&gt;
  Try Again
&lt;/span&gt;

Ignored nodes: comments, script, style
&lt;span&gt;
  Try Again
&lt;/span&gt;

Ignored nodes: comments, script, style
&lt;span&gt;
  Try Again
&lt;/span&gt;

Ignored nodes: comments, script, style
&lt;span&gt;
  Try Again
&lt;/span&gt;

Ignored nodes: comments, script, style
&lt;span&gt;
  Try Again
&lt;/span&gt;

Ignored nodes: comments, script, style
&lt;span&gt;
  Try Again
&lt;/span&gt;

Ignored nodes: comments, script, style
&lt;span&gt;
  Try Again
&lt;/span&gt;

Ignored nodes: comments, script, style
&lt;span&gt;
  Try Again
&lt;/span&gt;

Ignored nodes: comments, script, style
&lt;span&gt;
  Try Again
&lt;/span&gt;

(If this is intentional, then use the `*AllBy*` variant of the query (like `queryAllByText`, `getAllByText`, or `findAllByText`)).

Ignored nodes: comments, script, style
&lt;body&gt;
  &lt;div&gt;
    &lt;div
      data-testid=&quot;test-content&quot;
    &gt;
      Test content
    &lt;/div&gt;
  &lt;/div&gt;
  &lt;div&gt;
    &lt;div
      style=&quot;min-height: 400px; background: rgb(245, 245, 245); display: flex; align-items: center; justify-content: center; padding: 32px; border-radius: 8px;&quot;
    &gt;
      &lt;div
        style=&quot;max-width: 600px; width: 100%; text-align: center; background: rgba(255, 255, 255, 0.9); border-radius: 16px; padding: 32px; border: 1px solid rgb(229, 231, 235); box-shadow: 0 4px 6px rgba(0, 0, 0, 0.1);&quot;
      &gt;
        &lt;svg
          aria-hidden=&quot;true&quot;
          class=&quot;lucide lucide-circle-alert&quot;
          fill=&quot;none&quot;
          height=&quot;48&quot;
          stroke=&quot;currentColor&quot;
          stroke-linecap=&quot;round&quot;
          stroke-linejoin=&quot;round&quot;
          stroke-width=&quot;2&quot;
          style=&quot;color: rgb(239, 68, 68); margin-bottom: 16px;&quot;
          viewBox=&quot;0 0 24 24&quot;
          width=&quot;48&quot;
          xmlns=&quot;http://www.w3.org/2000/svg&quot;
        &gt;
          &lt;circle
            cx=&quot;12&quot;
            cy=&quot;12&quot;
            r=&quot;10&quot;
          /&gt;
          &lt;line
            x1=&quot;12&quot;
            x2=&quot;12&quot;
            y1=&quot;8&quot;
            y2=&quot;12&quot;
          /&gt;
          &lt;line
            x1=&quot;12&quot;
            x2=&quot;12.01&quot;
            y1=&quot;16&quot;
            y2=&quot;16&quot;
          /&gt;
        &lt;/svg&gt;
        &lt;h3
          style=&quot;font-size: 20px; font-weight: bold; margin-bottom: 8px; color: rgb(31, 41, 55);&quot;
        &gt;
          Network Connection Issue
        &lt;/h3&gt;
        &lt;p
          style=&quot;font-size: 14px; margin-bottom: 20px; color: rgb(107, 114, 128); line-height: 1.5;&quot;
        &gt;
          Check your internet connection and try again. If the problem persists, contact your network administrator.
        &lt;/p&gt;
        &lt;details
          style=&quot;text-align: left; margin-bottom: 20px; background: rgba(0, 0, 0, 0.05); padding: 12px; border-radius: 6px; font-size: 12px;&quot;
        &gt;
          &lt;summary
            style=&quot;cursor: pointer; margin-bottom: 8px; color: rgb(107, 114, 128); font-size: 12px;&quot;
          &gt;
            &lt;svg
              aria-hidden=&quot;true&quot;
              class=&quot;lucide lucide-bug&quot;
              fill=&quot;none&quot;
              height=&quot;14&quot;
              stroke=&quot;currentColor&quot;
              stroke-linecap=&quot;round&quot;
              stroke-linejoin=&quot;round&quot;
              stroke-width=&quot;2&quot;
              style=&quot;margin-right: 6px; vertical-align: middle;&quot;
              viewBox=&quot;0 0 24 24&quot;
              width=&quot;14&quot;
              xmlns=&quot;http://www.w3.org/2000/svg&quot;
            &gt;
              &lt;path
                d=&quot;m8 2 1.88 1.88&quot;
              /&gt;
              &lt;path
                d=&quot;M14.12 3.88 16 2&quot;
              /&gt;
              &lt;path
                d=&quot;M9 7.13v-1a3.003 3.003 0 1 1 6 0v1&quot;
              /&gt;
              &lt;path
                d=&quot;M12 20c-3.3 0-6-2.7-6-6v-3a4 4 0 0 1 4-4h4a4 4 0 0 1 4 4v3c0 3.3-2.7 6-6 6&quot;
              /&gt;
              &lt;path
                d=&quot;M12 20v-9&quot;
              /&gt;
              &lt;path
                d=&quot;M6.53 9C4.6 8.8 3 7.1 3 5&quot;
              /&gt;
              &lt;path
                d=&quot;M6 13H2&quot;
              /&gt;
              &lt;path
                d=&quot;M3 21c0-2.1 1.7-3.9 3.8-4&quot;
              /&gt;
              &lt;path
                d=&quot;M20.97 5c0 2.1-1.6 3.8-3.5 4&quot;
              /&gt;
              &lt;path
                d=&quot;M22 13h-4&quot;
              /&gt;
              &lt;path
                d=&quot;M17.2 17c2.1.1 3.8 1.9 3.8 4&quot;
              /&gt;
            &lt;/svg&gt;
            Error Details (Development Only)
          &lt;/summary&gt;
          &lt;div
            style=&quot;font-family: monospace; color: rgb(75, 85, 99); word-break: break-word;&quot;
          &gt;
            &lt;strong&gt;
              Type:
            &lt;/strong&gt;
             
            NETWORK
            &lt;br /&gt;
            &lt;strong&gt;
              Code:
            &lt;/strong&gt;
             
            NETWORK_ERROR
            &lt;br /&gt;
            &lt;strong&gt;
              Message:
            &lt;/strong&gt;
             
            Test error message
            &lt;br /&gt;
            &lt;strong&gt;
              Stack:
            &lt;/strong&gt;
            &lt;pre
              style=&quot;white-space: pre-wrap; word-break: break-word; margin: 4px 0px 0px 0px; font-size: 10px;&quot;
            &gt;
              AppError: Test error message
    at ThrowErrorComponent (/home/ilya/projects/SimpleAdminReporter/frontend/src/components/query/__tests__/QueryPreviewErrorBoundary.test.tsx:59:19)
    at Object.react_stack_bottom_frame (/home/ilya/projects/SimpleAdminReporter/frontend/node_modules/react-dom/cjs/react-dom-client.development.js:23863:20)
    at renderWithHooks (/home/ilya/projects/SimpleAdminReporter/frontend/node_modules/react-dom/cjs/react-dom-client.development.js:5529:22)
    at updateFunctionComponent (/home/ilya/projects/SimpleAdminReporter/frontend/node_modules/react-dom/cjs/react-dom-client.development.js:8897:19)
    at beginWork (/home/ilya/projects/SimpleAdminReporter/frontend/node_modules/react-dom/cjs/react-dom-client.development.js:10522:18)
    at runWithFiberInDEV (/home/ilya/projects/SimpleAdminReporter/frontend/node_modules/react-dom/cjs/react-dom-client.development.js:1522:13...
 ❯ ThrowErrorComponent src/components/query/__tests__/QueryPreviewErrorBoundary.test.tsx:59:19
 ❯ Object.react_stack_bottom_frame node_modules/react-dom/cjs/react-dom-client.development.js:23863:20
 ❯ renderWithHooks node_modules/react-dom/cjs/react-dom-client.development.js:5529:22
 ❯ updateFunctionComponent node_modules/react-dom/cjs/react-dom-client.development.js:8897:19
 ❯ beginWork node_modules/react-dom/cjs/react-dom-client.development.js:10522:18
 ❯ Object.getElementError node_modules/@testing-library/dom/dist/config.js:37:19
 ❯ getElementError node_modules/@testing-library/dom/dist/query-helpers.js:20:35
 ❯ getMultipleElementsFoundError node_modules/@testing-library/dom/dist/query-helpers.js:23:10
 ❯ node_modules/@testing-library/dom/dist/query-helpers.js:55:13
 ❯ node_modules/@testing-library/dom/dist/query-helpers.js:95:19
 ❯ src/components/query/__tests__/QueryPreviewErrorBoundary.test.tsx:278:34
            </failure>
            <failure message="Cannot delete property &apos;gtag&apos; of #&lt;Object&gt;" type="TypeError">
TypeError: Cannot delete property &apos;gtag&apos; of #&lt;Object&gt;
 ❯ src/components/query/__tests__/QueryPreviewErrorBoundary.test.tsx:49:3
            </failure>
        </testcase>
        <testcase classname="src/components/query/__tests__/QueryPreviewErrorBoundary.test.tsx" name="QueryPreviewErrorBoundary &gt; Retry Logic and Exponential Backoff &gt; disables retry for non-retryable errors" time="0.07146893">
            <failure message="Found multiple elements with the text: Try Again

Here are the matching elements:

Ignored nodes: comments, script, style
[36m&lt;span&gt;[39m
  [0mTry Again[0m
[36m&lt;/span&gt;[39m

Ignored nodes: comments, script, style
[36m&lt;span&gt;[39m
  [0mTry Again[0m
[36m&lt;/span&gt;[39m

Ignored nodes: comments, script, style
[36m&lt;span&gt;[39m
  [0mTry Again[0m
[36m&lt;/span&gt;[39m

Ignored nodes: comments, script, style
[36m&lt;span&gt;[39m
  [0mTry Again[0m
[36m&lt;/span&gt;[39m

Ignored nodes: comments, script, style
[36m&lt;span&gt;[39m
  [0mTry Again[0m
[36m&lt;/span&gt;[39m

Ignored nodes: comments, script, style
[36m&lt;span&gt;[39m
  [0mTry Again[0m
[36m&lt;/span&gt;[39m

Ignored nodes: comments, script, style
[36m&lt;span&gt;[39m
  [0mTry Again[0m
[36m&lt;/span&gt;[39m

Ignored nodes: comments, script, style
[36m&lt;span&gt;[39m
  [0mTry Again[0m
[36m&lt;/span&gt;[39m

Ignored nodes: comments, script, style
[36m&lt;span&gt;[39m
  [0mTry Again[0m
[36m&lt;/span&gt;[39m

Ignored nodes: comments, script, style
[36m&lt;span&gt;[39m
  [0mTry Again[0m
[36m&lt;/span&gt;[39m

Ignored nodes: comments, script, style
[36m&lt;span&gt;[39m
  [0mTry Again[0m
[36m&lt;/span&gt;[39m

(If this is intentional, then use the `*AllBy*` variant of the query (like `queryAllByText`, `getAllByText`, or `findAllByText`)).

Ignored nodes: comments, script, style
[36m&lt;body&gt;[39m
  [36m&lt;div&gt;[39m
    [36m&lt;div[39m
      [33mdata-testid[39m=[32m&quot;test-content&quot;[39m
    [36m&gt;[39m
      [0mTest content[0m
    [36m&lt;/div&gt;[39m
  [36m&lt;/div&gt;[39m
  [36m&lt;div&gt;[39m
    [36m&lt;div[39m
      [33mstyle[39m=[32m&quot;min-height: 400px; background: rgb(245, 245, 245); display: flex; align-items: center; justify-content: center; padding: 32px; border-radius: 8px;&quot;[39m
    [36m&gt;[39m
      [36m&lt;div[39m
        [33mstyle[39m=[32m&quot;max-width: 600px; width: 100%; text-align: center; background: rgba(255, 255, 255, 0.9); border-radius: 16px; padding: 32px; border: 1px solid rgb(229, 231, 235); box-shadow: 0 4px 6px rgba(0, 0, 0, 0.1);&quot;[39m
      [36m&gt;[39m
        [36m&lt;svg[39m
          [33maria-hidden[39m=[32m&quot;true&quot;[39m
          [33mclass[39m=[32m&quot;lucide lucide-circle-alert&quot;[39m
          [33mfill[39m=[32m&quot;none&quot;[39m
          [33mheight[39m=[32m&quot;48&quot;[39m
          [33mstroke[39m=[32m&quot;currentColor&quot;[39m
          [33mstroke-linecap[39m=[32m&quot;round&quot;[39m
          [33mstroke-linejoin[39m=[32m&quot;round&quot;[39m
          [33mstroke-width[39m=[32m&quot;2&quot;[39m
          [33mstyle[39m=[32m&quot;color: rgb(239, 68, 68); margin-bottom: 16px;&quot;[39m
          [33mviewBox[39m=[32m&quot;0 0 24 24&quot;[39m
          [33mwidth[39m=[32m&quot;48&quot;[39m
          [33mxmlns[39m=[32m&quot;http://www.w3.org/2000/svg&quot;[39m
        [36m&gt;[39m
          [36m&lt;circle[39m
            [33mcx[39m=[32m&quot;12&quot;[39m
            [33mcy[39m=[32m&quot;12&quot;[39m
            [33mr[39m=[32m&quot;10&quot;[39m
          [36m/&gt;[39m
          [36m&lt;line[39m
            [33mx1[39m=[32m&quot;12&quot;[39m
            [33mx2[39m=[32m&quot;12&quot;[39m
            [33my1[39m=[32m&quot;8&quot;[39m
            [33my2[39m=[32m&quot;12&quot;[39m
          [36m/&gt;[39m
          [36m&lt;line[39m
            [33mx1[39m=[32m&quot;12&quot;[39m
            [33mx2[39m=[32m&quot;12.01&quot;[39m
            [33my1[39m=[32m&quot;16&quot;[39m
            [33my2[39m=[32m&quot;16&quot;[39m
          [36m/&gt;[39m
        [36m&lt;/svg&gt;[39m
        [36m&lt;h3[39m
          [33mstyle[39m=[32m&quot;font-size: 20px; font-weight: bold; margin-bottom: 8px; color: rgb(31, 41, 55);&quot;[39m
        [36m&gt;[39m
          [0mNetwork Connection Issue[0m
        [36m&lt;/h3&gt;[39m
        [36m&lt;p[39m
          [33mstyle[39m=[32m&quot;font-size: 14px; margin-bottom: 20px; color: rgb(107, 114, 128); line-height: 1.5;&quot;[39m
        [36m&gt;[39m
          [0mCheck your internet connection and try again. If the problem persists, contact your network administrator.[0m
        [36m&lt;/p&gt;[39m
        [36m&lt;details[39m
          [33mstyle[39m=[32m&quot;text-align: left; margin-bottom: 20px; background: rgba(0, 0, 0, 0.05); padding: 12px; border-radius: 6px; font-size: 12px;&quot;[39m
        [36m&gt;[39m
          [36m&lt;summary[39m
            [33mstyle[39m=[32m&quot;cursor: pointer; margin-bottom: 8px; color: rgb(107, 114, 128); font-size: 12px;&quot;[39m
          [36m&gt;[39m
            [36m&lt;svg[39m
              [33maria-hidden[39m=[32m&quot;true&quot;[39m
              [33mclass[39m=[32m&quot;lucide lucide-bug&quot;[39m
              [33mfill[39m=[32m&quot;none&quot;[39m
              [33mheight[39m=[32m&quot;14&quot;[39m
              [33mstroke[39m=[32m&quot;currentColor&quot;[39m
              [33mstroke-linecap[39m=[32m&quot;round&quot;[39m
              [33mstroke-linejoin[39m=[32m&quot;round&quot;[39m
              [33mstroke-width[39m=[32m&quot;2&quot;[39m
              [33mstyle[39m=[32m&quot;margin-right: 6px; vertical-align: middle;&quot;[39m
              [33mviewBox[39m=[32m&quot;0 0 24 24&quot;[39m
              [33mwidth[39m=[32m&quot;14&quot;[39m
              [33mxmlns[39m=[32m&quot;http://www.w3.org/2000/svg&quot;[39m
            [36m&gt;[39m
              [36m&lt;path[39m
                [33md[39m=[32m&quot;m8 2 1.88 1.88&quot;[39m
              [36m/&gt;[39m
              [36m&lt;path[39m
                [33md[39m=[32m&quot;M14.12 3.88 16 2&quot;[39m
              [36m/&gt;[39m
              [36m&lt;path[39m
                [33md[39m=[32m&quot;M9 7.13v-1a3.003 3.003 0 1 1 6 0v1&quot;[39m
              [36m/&gt;[39m
              [36m&lt;path[39m
                [33md[39m=[32m&quot;M12 20c-3.3 0-6-2.7-6-6v-3a4 4 0 0 1 4-4h4a4 4 0 0 1 4 4v3c0 3.3-2.7 6-6 6&quot;[39m
              [36m/&gt;[39m
              [36m&lt;path[39m
                [33md[39m=[32m&quot;M12 20v-9&quot;[39m
              [36m/&gt;[39m
              [36m&lt;path[39m
                [33md[39m=[32m&quot;M6.53 9C4.6 8.8 3 7.1 3 5&quot;[39m
              [36m/&gt;[39m
              [36m&lt;path[39m
                [33md[39m=[32m&quot;M6 13H2&quot;[39m
              [36m/&gt;[39m
              [36m&lt;path[39m
                [33md[39m=[32m&quot;M3 21c0-2.1 1.7-3.9 3.8-4&quot;[39m
              [36m/&gt;[39m
              [36m&lt;path[39m
                [33md[39m=[32m&quot;M20.97 5c0 2.1-1.6 3.8-3.5 4&quot;[39m
              [36m/&gt;[39m
              [36m&lt;path[39m
                [33md[39m=[32m&quot;M22 13h-4&quot;[39m
              [36m/&gt;[39m
              [36m&lt;path[39m
                [33md[39m=[32m&quot;M17.2 17c2.1.1 3.8 1.9 3.8 4&quot;[39m
              [36m/&gt;[39m
            [36m&lt;/svg&gt;[39m
            [0mError Details (Development Only)[0m
          [36m&lt;/summary&gt;[39m
          [36m&lt;div[39m
            [33mstyle[39m=[32m&quot;font-family: monospace; color: rgb(75, 85, 99); word-break: break-word;&quot;[39m
          [36m&gt;[39m
            [36m&lt;strong&gt;[39m
              [0mType:[0m
            [36m&lt;/strong&gt;[39m
            [0m [0m
            [0mNETWORK[0m
            [36m&lt;br /&gt;[39m
            [36m&lt;strong&gt;[39m
              [0mCode:[0m
            [36m&lt;/strong&gt;[39m
            [0m [0m
            [0mNETWORK_ERROR[0m
            [36m&lt;br /&gt;[39m
            [36m&lt;strong&gt;[39m
              [0mMessage:[0m
            [36m&lt;/strong&gt;[39m
            [0m [0m
            [0mTest error message[0m
            [36m&lt;br /&gt;[39m
            [36m&lt;strong&gt;[39m
              [0mStack:[0m
            [36m&lt;/strong&gt;[39m
            [36m&lt;pre[39m
              [33mstyle[39m=[32m&quot;white-space: pre-wrap; word-break: break-word; margin: 4px 0px 0px 0px; font-size: 10px;&quot;[39m
            [36m&gt;[39m
              [0mAppError: Test error message
    at ThrowErrorComponent (/home/ilya/projects/SimpleAdminReporter/frontend/src/components/query/__tests__/QueryPreviewErrorBoundary.test.tsx:59:19)
    at Object.react_stack_bottom_frame (/home/ilya/projects/SimpleAdminReporter/frontend/node_modules/react-dom/cjs/react-dom-client.development.js:23863:20)
    at renderWithHooks (/home/ilya/projects/SimpleAdminReporter/frontend/node_modules/react-dom/cjs/react-dom-client.development.js:5529:22)
    at updateFunctionComponent (/home/ilya/projects/SimpleAdminReporter/frontend/node_modules/react-dom/cjs/react-dom-client.development.js:8897:19)
    at beginWork (/home/ilya/projects/SimpleAdminReporter/frontend/node_modules/react-dom/cjs/react-dom-client.development.js:10522:18)
    at runWithFiberInDEV (/home/ilya/projects/SimpleAdminReporter/frontend/node_modules/react-dom/cjs/react-dom-client.development.js:1522:13..." type="TestingLibraryElementError">
TestingLibraryElementError: Found multiple elements with the text: Try Again

Here are the matching elements:

Ignored nodes: comments, script, style
&lt;span&gt;
  Try Again
&lt;/span&gt;

Ignored nodes: comments, script, style
&lt;span&gt;
  Try Again
&lt;/span&gt;

Ignored nodes: comments, script, style
&lt;span&gt;
  Try Again
&lt;/span&gt;

Ignored nodes: comments, script, style
&lt;span&gt;
  Try Again
&lt;/span&gt;

Ignored nodes: comments, script, style
&lt;span&gt;
  Try Again
&lt;/span&gt;

Ignored nodes: comments, script, style
&lt;span&gt;
  Try Again
&lt;/span&gt;

Ignored nodes: comments, script, style
&lt;span&gt;
  Try Again
&lt;/span&gt;

Ignored nodes: comments, script, style
&lt;span&gt;
  Try Again
&lt;/span&gt;

Ignored nodes: comments, script, style
&lt;span&gt;
  Try Again
&lt;/span&gt;

Ignored nodes: comments, script, style
&lt;span&gt;
  Try Again
&lt;/span&gt;

Ignored nodes: comments, script, style
&lt;span&gt;
  Try Again
&lt;/span&gt;

(If this is intentional, then use the `*AllBy*` variant of the query (like `queryAllByText`, `getAllByText`, or `findAllByText`)).

Ignored nodes: comments, script, style
&lt;body&gt;
  &lt;div&gt;
    &lt;div
      data-testid=&quot;test-content&quot;
    &gt;
      Test content
    &lt;/div&gt;
  &lt;/div&gt;
  &lt;div&gt;
    &lt;div
      style=&quot;min-height: 400px; background: rgb(245, 245, 245); display: flex; align-items: center; justify-content: center; padding: 32px; border-radius: 8px;&quot;
    &gt;
      &lt;div
        style=&quot;max-width: 600px; width: 100%; text-align: center; background: rgba(255, 255, 255, 0.9); border-radius: 16px; padding: 32px; border: 1px solid rgb(229, 231, 235); box-shadow: 0 4px 6px rgba(0, 0, 0, 0.1);&quot;
      &gt;
        &lt;svg
          aria-hidden=&quot;true&quot;
          class=&quot;lucide lucide-circle-alert&quot;
          fill=&quot;none&quot;
          height=&quot;48&quot;
          stroke=&quot;currentColor&quot;
          stroke-linecap=&quot;round&quot;
          stroke-linejoin=&quot;round&quot;
          stroke-width=&quot;2&quot;
          style=&quot;color: rgb(239, 68, 68); margin-bottom: 16px;&quot;
          viewBox=&quot;0 0 24 24&quot;
          width=&quot;48&quot;
          xmlns=&quot;http://www.w3.org/2000/svg&quot;
        &gt;
          &lt;circle
            cx=&quot;12&quot;
            cy=&quot;12&quot;
            r=&quot;10&quot;
          /&gt;
          &lt;line
            x1=&quot;12&quot;
            x2=&quot;12&quot;
            y1=&quot;8&quot;
            y2=&quot;12&quot;
          /&gt;
          &lt;line
            x1=&quot;12&quot;
            x2=&quot;12.01&quot;
            y1=&quot;16&quot;
            y2=&quot;16&quot;
          /&gt;
        &lt;/svg&gt;
        &lt;h3
          style=&quot;font-size: 20px; font-weight: bold; margin-bottom: 8px; color: rgb(31, 41, 55);&quot;
        &gt;
          Network Connection Issue
        &lt;/h3&gt;
        &lt;p
          style=&quot;font-size: 14px; margin-bottom: 20px; color: rgb(107, 114, 128); line-height: 1.5;&quot;
        &gt;
          Check your internet connection and try again. If the problem persists, contact your network administrator.
        &lt;/p&gt;
        &lt;details
          style=&quot;text-align: left; margin-bottom: 20px; background: rgba(0, 0, 0, 0.05); padding: 12px; border-radius: 6px; font-size: 12px;&quot;
        &gt;
          &lt;summary
            style=&quot;cursor: pointer; margin-bottom: 8px; color: rgb(107, 114, 128); font-size: 12px;&quot;
          &gt;
            &lt;svg
              aria-hidden=&quot;true&quot;
              class=&quot;lucide lucide-bug&quot;
              fill=&quot;none&quot;
              height=&quot;14&quot;
              stroke=&quot;currentColor&quot;
              stroke-linecap=&quot;round&quot;
              stroke-linejoin=&quot;round&quot;
              stroke-width=&quot;2&quot;
              style=&quot;margin-right: 6px; vertical-align: middle;&quot;
              viewBox=&quot;0 0 24 24&quot;
              width=&quot;14&quot;
              xmlns=&quot;http://www.w3.org/2000/svg&quot;
            &gt;
              &lt;path
                d=&quot;m8 2 1.88 1.88&quot;
              /&gt;
              &lt;path
                d=&quot;M14.12 3.88 16 2&quot;
              /&gt;
              &lt;path
                d=&quot;M9 7.13v-1a3.003 3.003 0 1 1 6 0v1&quot;
              /&gt;
              &lt;path
                d=&quot;M12 20c-3.3 0-6-2.7-6-6v-3a4 4 0 0 1 4-4h4a4 4 0 0 1 4 4v3c0 3.3-2.7 6-6 6&quot;
              /&gt;
              &lt;path
                d=&quot;M12 20v-9&quot;
              /&gt;
              &lt;path
                d=&quot;M6.53 9C4.6 8.8 3 7.1 3 5&quot;
              /&gt;
              &lt;path
                d=&quot;M6 13H2&quot;
              /&gt;
              &lt;path
                d=&quot;M3 21c0-2.1 1.7-3.9 3.8-4&quot;
              /&gt;
              &lt;path
                d=&quot;M20.97 5c0 2.1-1.6 3.8-3.5 4&quot;
              /&gt;
              &lt;path
                d=&quot;M22 13h-4&quot;
              /&gt;
              &lt;path
                d=&quot;M17.2 17c2.1.1 3.8 1.9 3.8 4&quot;
              /&gt;
            &lt;/svg&gt;
            Error Details (Development Only)
          &lt;/summary&gt;
          &lt;div
            style=&quot;font-family: monospace; color: rgb(75, 85, 99); word-break: break-word;&quot;
          &gt;
            &lt;strong&gt;
              Type:
            &lt;/strong&gt;
             
            NETWORK
            &lt;br /&gt;
            &lt;strong&gt;
              Code:
            &lt;/strong&gt;
             
            NETWORK_ERROR
            &lt;br /&gt;
            &lt;strong&gt;
              Message:
            &lt;/strong&gt;
             
            Test error message
            &lt;br /&gt;
            &lt;strong&gt;
              Stack:
            &lt;/strong&gt;
            &lt;pre
              style=&quot;white-space: pre-wrap; word-break: break-word; margin: 4px 0px 0px 0px; font-size: 10px;&quot;
            &gt;
              AppError: Test error message
    at ThrowErrorComponent (/home/ilya/projects/SimpleAdminReporter/frontend/src/components/query/__tests__/QueryPreviewErrorBoundary.test.tsx:59:19)
    at Object.react_stack_bottom_frame (/home/ilya/projects/SimpleAdminReporter/frontend/node_modules/react-dom/cjs/react-dom-client.development.js:23863:20)
    at renderWithHooks (/home/ilya/projects/SimpleAdminReporter/frontend/node_modules/react-dom/cjs/react-dom-client.development.js:5529:22)
    at updateFunctionComponent (/home/ilya/projects/SimpleAdminReporter/frontend/node_modules/react-dom/cjs/react-dom-client.development.js:8897:19)
    at beginWork (/home/ilya/projects/SimpleAdminReporter/frontend/node_modules/react-dom/cjs/react-dom-client.development.js:10522:18)
    at runWithFiberInDEV (/home/ilya/projects/SimpleAdminReporter/frontend/node_modules/react-dom/cjs/react-dom-client.development.js:1522:13...
 ❯ ThrowErrorComponent src/components/query/__tests__/QueryPreviewErrorBoundary.test.tsx:59:19
 ❯ Object.react_stack_bottom_frame node_modules/react-dom/cjs/react-dom-client.development.js:23863:20
 ❯ renderWithHooks node_modules/react-dom/cjs/react-dom-client.development.js:5529:22
 ❯ updateFunctionComponent node_modules/react-dom/cjs/react-dom-client.development.js:8897:19
 ❯ beginWork node_modules/react-dom/cjs/react-dom-client.development.js:10522:18
 ❯ Object.getElementError node_modules/@testing-library/dom/dist/config.js:37:19
 ❯ getElementError node_modules/@testing-library/dom/dist/query-helpers.js:20:35
 ❯ getMultipleElementsFoundError node_modules/@testing-library/dom/dist/query-helpers.js:23:10
 ❯ node_modules/@testing-library/dom/dist/query-helpers.js:55:13
 ❯ node_modules/@testing-library/dom/dist/query-helpers.js:95:19
 ❯ src/components/query/__tests__/QueryPreviewErrorBoundary.test.tsx:294:21
            </failure>
            <failure message="Cannot delete property &apos;gtag&apos; of #&lt;Object&gt;" type="TypeError">
TypeError: Cannot delete property &apos;gtag&apos; of #&lt;Object&gt;
 ❯ src/components/query/__tests__/QueryPreviewErrorBoundary.test.tsx:49:3
            </failure>
        </testcase>
        <testcase classname="src/components/query/__tests__/QueryPreviewErrorBoundary.test.tsx" name="QueryPreviewErrorBoundary &gt; Retry Logic and Exponential Backoff &gt; implements exponential backoff delay on retry" time="0.090076879">
            <failure message="Found multiple elements with the text: Try Again

Here are the matching elements:

Ignored nodes: comments, script, style
[36m&lt;span&gt;[39m
  [0mTry Again[0m
[36m&lt;/span&gt;[39m

Ignored nodes: comments, script, style
[36m&lt;span&gt;[39m
  [0mTry Again[0m
[36m&lt;/span&gt;[39m

Ignored nodes: comments, script, style
[36m&lt;span&gt;[39m
  [0mTry Again[0m
[36m&lt;/span&gt;[39m

Ignored nodes: comments, script, style
[36m&lt;span&gt;[39m
  [0mTry Again[0m
[36m&lt;/span&gt;[39m

Ignored nodes: comments, script, style
[36m&lt;span&gt;[39m
  [0mTry Again[0m
[36m&lt;/span&gt;[39m

Ignored nodes: comments, script, style
[36m&lt;span&gt;[39m
  [0mTry Again[0m
[36m&lt;/span&gt;[39m

Ignored nodes: comments, script, style
[36m&lt;span&gt;[39m
  [0mTry Again[0m
[36m&lt;/span&gt;[39m

Ignored nodes: comments, script, style
[36m&lt;span&gt;[39m
  [0mTry Again[0m
[36m&lt;/span&gt;[39m

Ignored nodes: comments, script, style
[36m&lt;span&gt;[39m
  [0mTry Again[0m
[36m&lt;/span&gt;[39m

Ignored nodes: comments, script, style
[36m&lt;span&gt;[39m
  [0mTry Again[0m
[36m&lt;/span&gt;[39m

Ignored nodes: comments, script, style
[36m&lt;span&gt;[39m
  [0mTry Again[0m
[36m&lt;/span&gt;[39m

Ignored nodes: comments, script, style
[36m&lt;span&gt;[39m
  [0mTry Again[0m
[36m&lt;/span&gt;[39m

(If this is intentional, then use the `*AllBy*` variant of the query (like `queryAllByText`, `getAllByText`, or `findAllByText`)).

Ignored nodes: comments, script, style
[36m&lt;body&gt;[39m
  [36m&lt;div&gt;[39m
    [36m&lt;div[39m
      [33mdata-testid[39m=[32m&quot;test-content&quot;[39m
    [36m&gt;[39m
      [0mTest content[0m
    [36m&lt;/div&gt;[39m
  [36m&lt;/div&gt;[39m
  [36m&lt;div&gt;[39m
    [36m&lt;div[39m
      [33mstyle[39m=[32m&quot;min-height: 400px; background: rgb(245, 245, 245); display: flex; align-items: center; justify-content: center; padding: 32px; border-radius: 8px;&quot;[39m
    [36m&gt;[39m
      [36m&lt;div[39m
        [33mstyle[39m=[32m&quot;max-width: 600px; width: 100%; text-align: center; background: rgba(255, 255, 255, 0.9); border-radius: 16px; padding: 32px; border: 1px solid rgb(229, 231, 235); box-shadow: 0 4px 6px rgba(0, 0, 0, 0.1);&quot;[39m
      [36m&gt;[39m
        [36m&lt;svg[39m
          [33maria-hidden[39m=[32m&quot;true&quot;[39m
          [33mclass[39m=[32m&quot;lucide lucide-circle-alert&quot;[39m
          [33mfill[39m=[32m&quot;none&quot;[39m
          [33mheight[39m=[32m&quot;48&quot;[39m
          [33mstroke[39m=[32m&quot;currentColor&quot;[39m
          [33mstroke-linecap[39m=[32m&quot;round&quot;[39m
          [33mstroke-linejoin[39m=[32m&quot;round&quot;[39m
          [33mstroke-width[39m=[32m&quot;2&quot;[39m
          [33mstyle[39m=[32m&quot;color: rgb(239, 68, 68); margin-bottom: 16px;&quot;[39m
          [33mviewBox[39m=[32m&quot;0 0 24 24&quot;[39m
          [33mwidth[39m=[32m&quot;48&quot;[39m
          [33mxmlns[39m=[32m&quot;http://www.w3.org/2000/svg&quot;[39m
        [36m&gt;[39m
          [36m&lt;circle[39m
            [33mcx[39m=[32m&quot;12&quot;[39m
            [33mcy[39m=[32m&quot;12&quot;[39m
            [33mr[39m=[32m&quot;10&quot;[39m
          [36m/&gt;[39m
          [36m&lt;line[39m
            [33mx1[39m=[32m&quot;12&quot;[39m
            [33mx2[39m=[32m&quot;12&quot;[39m
            [33my1[39m=[32m&quot;8&quot;[39m
            [33my2[39m=[32m&quot;12&quot;[39m
          [36m/&gt;[39m
          [36m&lt;line[39m
            [33mx1[39m=[32m&quot;12&quot;[39m
            [33mx2[39m=[32m&quot;12.01&quot;[39m
            [33my1[39m=[32m&quot;16&quot;[39m
            [33my2[39m=[32m&quot;16&quot;[39m
          [36m/&gt;[39m
        [36m&lt;/svg&gt;[39m
        [36m&lt;h3[39m
          [33mstyle[39m=[32m&quot;font-size: 20px; font-weight: bold; margin-bottom: 8px; color: rgb(31, 41, 55);&quot;[39m
        [36m&gt;[39m
          [0mNetwork Connection Issue[0m
        [36m&lt;/h3&gt;[39m
        [36m&lt;p[39m
          [33mstyle[39m=[32m&quot;font-size: 14px; margin-bottom: 20px; color: rgb(107, 114, 128); line-height: 1.5;&quot;[39m
        [36m&gt;[39m
          [0mCheck your internet connection and try again. If the problem persists, contact your network administrator.[0m
        [36m&lt;/p&gt;[39m
        [36m&lt;details[39m
          [33mstyle[39m=[32m&quot;text-align: left; margin-bottom: 20px; background: rgba(0, 0, 0, 0.05); padding: 12px; border-radius: 6px; font-size: 12px;&quot;[39m
        [36m&gt;[39m
          [36m&lt;summary[39m
            [33mstyle[39m=[32m&quot;cursor: pointer; margin-bottom: 8px; color: rgb(107, 114, 128); font-size: 12px;&quot;[39m
          [36m&gt;[39m
            [36m&lt;svg[39m
              [33maria-hidden[39m=[32m&quot;true&quot;[39m
              [33mclass[39m=[32m&quot;lucide lucide-bug&quot;[39m
              [33mfill[39m=[32m&quot;none&quot;[39m
              [33mheight[39m=[32m&quot;14&quot;[39m
              [33mstroke[39m=[32m&quot;currentColor&quot;[39m
              [33mstroke-linecap[39m=[32m&quot;round&quot;[39m
              [33mstroke-linejoin[39m=[32m&quot;round&quot;[39m
              [33mstroke-width[39m=[32m&quot;2&quot;[39m
              [33mstyle[39m=[32m&quot;margin-right: 6px; vertical-align: middle;&quot;[39m
              [33mviewBox[39m=[32m&quot;0 0 24 24&quot;[39m
              [33mwidth[39m=[32m&quot;14&quot;[39m
              [33mxmlns[39m=[32m&quot;http://www.w3.org/2000/svg&quot;[39m
            [36m&gt;[39m
              [36m&lt;path[39m
                [33md[39m=[32m&quot;m8 2 1.88 1.88&quot;[39m
              [36m/&gt;[39m
              [36m&lt;path[39m
                [33md[39m=[32m&quot;M14.12 3.88 16 2&quot;[39m
              [36m/&gt;[39m
              [36m&lt;path[39m
                [33md[39m=[32m&quot;M9 7.13v-1a3.003 3.003 0 1 1 6 0v1&quot;[39m
              [36m/&gt;[39m
              [36m&lt;path[39m
                [33md[39m=[32m&quot;M12 20c-3.3 0-6-2.7-6-6v-3a4 4 0 0 1 4-4h4a4 4 0 0 1 4 4v3c0 3.3-2.7 6-6 6&quot;[39m
              [36m/&gt;[39m
              [36m&lt;path[39m
                [33md[39m=[32m&quot;M12 20v-9&quot;[39m
              [36m/&gt;[39m
              [36m&lt;path[39m
                [33md[39m=[32m&quot;M6.53 9C4.6 8.8 3 7.1 3 5&quot;[39m
              [36m/&gt;[39m
              [36m&lt;path[39m
                [33md[39m=[32m&quot;M6 13H2&quot;[39m
              [36m/&gt;[39m
              [36m&lt;path[39m
                [33md[39m=[32m&quot;M3 21c0-2.1 1.7-3.9 3.8-4&quot;[39m
              [36m/&gt;[39m
              [36m&lt;path[39m
                [33md[39m=[32m&quot;M20.97 5c0 2.1-1.6 3.8-3.5 4&quot;[39m
              [36m/&gt;[39m
              [36m&lt;path[39m
                [33md[39m=[32m&quot;M22 13h-4&quot;[39m
              [36m/&gt;[39m
              [36m&lt;path[39m
                [33md[39m=[32m&quot;M17.2 17c2.1.1 3.8 1.9 3.8 4&quot;[39m
              [36m/&gt;[39m
            [36m&lt;/svg&gt;[39m
            [0mError Details (Development Only)[0m
          [36m&lt;/summary&gt;[39m
          [36m&lt;div[39m
            [33mstyle[39m=[32m&quot;font-family: monospace; color: rgb(75, 85, 99); word-break: break-word;&quot;[39m
          [36m&gt;[39m
            [36m&lt;strong&gt;[39m
              [0mType:[0m
            [36m&lt;/strong&gt;[39m
            [0m [0m
            [0mNETWORK[0m
            [36m&lt;br /&gt;[39m
            [36m&lt;strong&gt;[39m
              [0mCode:[0m
            [36m&lt;/strong&gt;[39m
            [0m [0m
            [0mNETWORK_ERROR[0m
            [36m&lt;br /&gt;[39m
            [36m&lt;strong&gt;[39m
              [0mMessage:[0m
            [36m&lt;/strong&gt;[39m
            [0m [0m
            [0mTest error message[0m
            [36m&lt;br /&gt;[39m
            [36m&lt;strong&gt;[39m
              [0mStack:[0m
            [36m&lt;/strong&gt;[39m
            [36m&lt;pre[39m
              [33mstyle[39m=[32m&quot;white-space: pre-wrap; word-break: break-word; margin: 4px 0px 0px 0px; font-size: 10px;&quot;[39m
            [36m&gt;[39m
              [0mAppError: Test error message
    at ThrowErrorComponent (/home/ilya/projects/SimpleAdminReporter/frontend/src/components/query/__tests__/QueryPreviewErrorBoundary.test.tsx:59:19)
    at Object.react_stack_bottom_frame (/home/ilya/projects/SimpleAdminReporter/frontend/node_modules/react-dom/cjs/react-dom-client.development.js:23863:20)
    at renderWithHooks (/home/ilya/projects/SimpleAdminReporter/frontend/node_modules/react-dom/cjs/react-dom-client.development.js:5529:22)
    at updateFunctionComponent (/home/ilya/projects/SimpleAdminReporter/frontend/node_modules/react-dom/cjs/react-dom-client.development.js:8897:19)
    at beginWork (/home/ilya/projects/SimpleAdminReporter/frontend/node_modules/react-dom/cjs/react-dom-client.development.js:10522:18)
    at runWithFiberInDEV (/home/ilya/projects/SimpleAdminReporter/frontend/node_modules/react-dom/cjs/react-dom-client.development.js:1522:13..." type="TestingLibraryElementError">
TestingLibraryElementError: Found multiple elements with the text: Try Again

Here are the matching elements:

Ignored nodes: comments, script, style
&lt;span&gt;
  Try Again
&lt;/span&gt;

Ignored nodes: comments, script, style
&lt;span&gt;
  Try Again
&lt;/span&gt;

Ignored nodes: comments, script, style
&lt;span&gt;
  Try Again
&lt;/span&gt;

Ignored nodes: comments, script, style
&lt;span&gt;
  Try Again
&lt;/span&gt;

Ignored nodes: comments, script, style
&lt;span&gt;
  Try Again
&lt;/span&gt;

Ignored nodes: comments, script, style
&lt;span&gt;
  Try Again
&lt;/span&gt;

Ignored nodes: comments, script, style
&lt;span&gt;
  Try Again
&lt;/span&gt;

Ignored nodes: comments, script, style
&lt;span&gt;
  Try Again
&lt;/span&gt;

Ignored nodes: comments, script, style
&lt;span&gt;
  Try Again
&lt;/span&gt;

Ignored nodes: comments, script, style
&lt;span&gt;
  Try Again
&lt;/span&gt;

Ignored nodes: comments, script, style
&lt;span&gt;
  Try Again
&lt;/span&gt;

Ignored nodes: comments, script, style
&lt;span&gt;
  Try Again
&lt;/span&gt;

(If this is intentional, then use the `*AllBy*` variant of the query (like `queryAllByText`, `getAllByText`, or `findAllByText`)).

Ignored nodes: comments, script, style
&lt;body&gt;
  &lt;div&gt;
    &lt;div
      data-testid=&quot;test-content&quot;
    &gt;
      Test content
    &lt;/div&gt;
  &lt;/div&gt;
  &lt;div&gt;
    &lt;div
      style=&quot;min-height: 400px; background: rgb(245, 245, 245); display: flex; align-items: center; justify-content: center; padding: 32px; border-radius: 8px;&quot;
    &gt;
      &lt;div
        style=&quot;max-width: 600px; width: 100%; text-align: center; background: rgba(255, 255, 255, 0.9); border-radius: 16px; padding: 32px; border: 1px solid rgb(229, 231, 235); box-shadow: 0 4px 6px rgba(0, 0, 0, 0.1);&quot;
      &gt;
        &lt;svg
          aria-hidden=&quot;true&quot;
          class=&quot;lucide lucide-circle-alert&quot;
          fill=&quot;none&quot;
          height=&quot;48&quot;
          stroke=&quot;currentColor&quot;
          stroke-linecap=&quot;round&quot;
          stroke-linejoin=&quot;round&quot;
          stroke-width=&quot;2&quot;
          style=&quot;color: rgb(239, 68, 68); margin-bottom: 16px;&quot;
          viewBox=&quot;0 0 24 24&quot;
          width=&quot;48&quot;
          xmlns=&quot;http://www.w3.org/2000/svg&quot;
        &gt;
          &lt;circle
            cx=&quot;12&quot;
            cy=&quot;12&quot;
            r=&quot;10&quot;
          /&gt;
          &lt;line
            x1=&quot;12&quot;
            x2=&quot;12&quot;
            y1=&quot;8&quot;
            y2=&quot;12&quot;
          /&gt;
          &lt;line
            x1=&quot;12&quot;
            x2=&quot;12.01&quot;
            y1=&quot;16&quot;
            y2=&quot;16&quot;
          /&gt;
        &lt;/svg&gt;
        &lt;h3
          style=&quot;font-size: 20px; font-weight: bold; margin-bottom: 8px; color: rgb(31, 41, 55);&quot;
        &gt;
          Network Connection Issue
        &lt;/h3&gt;
        &lt;p
          style=&quot;font-size: 14px; margin-bottom: 20px; color: rgb(107, 114, 128); line-height: 1.5;&quot;
        &gt;
          Check your internet connection and try again. If the problem persists, contact your network administrator.
        &lt;/p&gt;
        &lt;details
          style=&quot;text-align: left; margin-bottom: 20px; background: rgba(0, 0, 0, 0.05); padding: 12px; border-radius: 6px; font-size: 12px;&quot;
        &gt;
          &lt;summary
            style=&quot;cursor: pointer; margin-bottom: 8px; color: rgb(107, 114, 128); font-size: 12px;&quot;
          &gt;
            &lt;svg
              aria-hidden=&quot;true&quot;
              class=&quot;lucide lucide-bug&quot;
              fill=&quot;none&quot;
              height=&quot;14&quot;
              stroke=&quot;currentColor&quot;
              stroke-linecap=&quot;round&quot;
              stroke-linejoin=&quot;round&quot;
              stroke-width=&quot;2&quot;
              style=&quot;margin-right: 6px; vertical-align: middle;&quot;
              viewBox=&quot;0 0 24 24&quot;
              width=&quot;14&quot;
              xmlns=&quot;http://www.w3.org/2000/svg&quot;
            &gt;
              &lt;path
                d=&quot;m8 2 1.88 1.88&quot;
              /&gt;
              &lt;path
                d=&quot;M14.12 3.88 16 2&quot;
              /&gt;
              &lt;path
                d=&quot;M9 7.13v-1a3.003 3.003 0 1 1 6 0v1&quot;
              /&gt;
              &lt;path
                d=&quot;M12 20c-3.3 0-6-2.7-6-6v-3a4 4 0 0 1 4-4h4a4 4 0 0 1 4 4v3c0 3.3-2.7 6-6 6&quot;
              /&gt;
              &lt;path
                d=&quot;M12 20v-9&quot;
              /&gt;
              &lt;path
                d=&quot;M6.53 9C4.6 8.8 3 7.1 3 5&quot;
              /&gt;
              &lt;path
                d=&quot;M6 13H2&quot;
              /&gt;
              &lt;path
                d=&quot;M3 21c0-2.1 1.7-3.9 3.8-4&quot;
              /&gt;
              &lt;path
                d=&quot;M20.97 5c0 2.1-1.6 3.8-3.5 4&quot;
              /&gt;
              &lt;path
                d=&quot;M22 13h-4&quot;
              /&gt;
              &lt;path
                d=&quot;M17.2 17c2.1.1 3.8 1.9 3.8 4&quot;
              /&gt;
            &lt;/svg&gt;
            Error Details (Development Only)
          &lt;/summary&gt;
          &lt;div
            style=&quot;font-family: monospace; color: rgb(75, 85, 99); word-break: break-word;&quot;
          &gt;
            &lt;strong&gt;
              Type:
            &lt;/strong&gt;
             
            NETWORK
            &lt;br /&gt;
            &lt;strong&gt;
              Code:
            &lt;/strong&gt;
             
            NETWORK_ERROR
            &lt;br /&gt;
            &lt;strong&gt;
              Message:
            &lt;/strong&gt;
             
            Test error message
            &lt;br /&gt;
            &lt;strong&gt;
              Stack:
            &lt;/strong&gt;
            &lt;pre
              style=&quot;white-space: pre-wrap; word-break: break-word; margin: 4px 0px 0px 0px; font-size: 10px;&quot;
            &gt;
              AppError: Test error message
    at ThrowErrorComponent (/home/ilya/projects/SimpleAdminReporter/frontend/src/components/query/__tests__/QueryPreviewErrorBoundary.test.tsx:59:19)
    at Object.react_stack_bottom_frame (/home/ilya/projects/SimpleAdminReporter/frontend/node_modules/react-dom/cjs/react-dom-client.development.js:23863:20)
    at renderWithHooks (/home/ilya/projects/SimpleAdminReporter/frontend/node_modules/react-dom/cjs/react-dom-client.development.js:5529:22)
    at updateFunctionComponent (/home/ilya/projects/SimpleAdminReporter/frontend/node_modules/react-dom/cjs/react-dom-client.development.js:8897:19)
    at beginWork (/home/ilya/projects/SimpleAdminReporter/frontend/node_modules/react-dom/cjs/react-dom-client.development.js:10522:18)
    at runWithFiberInDEV (/home/ilya/projects/SimpleAdminReporter/frontend/node_modules/react-dom/cjs/react-dom-client.development.js:1522:13...
 ❯ ThrowErrorComponent src/components/query/__tests__/QueryPreviewErrorBoundary.test.tsx:59:19
 ❯ Object.react_stack_bottom_frame node_modules/react-dom/cjs/react-dom-client.development.js:23863:20
 ❯ renderWithHooks node_modules/react-dom/cjs/react-dom-client.development.js:5529:22
 ❯ updateFunctionComponent node_modules/react-dom/cjs/react-dom-client.development.js:8897:19
 ❯ beginWork node_modules/react-dom/cjs/react-dom-client.development.js:10522:18
 ❯ Object.getElementError node_modules/@testing-library/dom/dist/config.js:37:19
 ❯ getElementError node_modules/@testing-library/dom/dist/query-helpers.js:20:35
 ❯ getMultipleElementsFoundError node_modules/@testing-library/dom/dist/query-helpers.js:23:10
 ❯ node_modules/@testing-library/dom/dist/query-helpers.js:55:13
 ❯ node_modules/@testing-library/dom/dist/query-helpers.js:95:19
 ❯ src/components/query/__tests__/QueryPreviewErrorBoundary.test.tsx:311:34
            </failure>
            <failure message="Cannot delete property &apos;gtag&apos; of #&lt;Object&gt;" type="TypeError">
TypeError: Cannot delete property &apos;gtag&apos; of #&lt;Object&gt;
 ❯ src/components/query/__tests__/QueryPreviewErrorBoundary.test.tsx:49:3
            </failure>
        </testcase>
        <testcase classname="src/components/query/__tests__/QueryPreviewErrorBoundary.test.tsx" name="QueryPreviewErrorBoundary &gt; Retry Logic and Exponential Backoff &gt; shows retry attempt counter" time="0.072184014">
            <failure message="Unable to find an element with the text: Attempt 1 of 3. This could be because the text is broken up by multiple elements. In this case, you can provide a function for your text matcher to make your matcher more flexible.

Ignored nodes: comments, script, style
[36m&lt;body&gt;[39m
  [36m&lt;div&gt;[39m
    [36m&lt;div[39m
      [33mdata-testid[39m=[32m&quot;test-content&quot;[39m
    [36m&gt;[39m
      [0mTest content[0m
    [36m&lt;/div&gt;[39m
  [36m&lt;/div&gt;[39m
  [36m&lt;div&gt;[39m
    [36m&lt;div[39m
      [33mstyle[39m=[32m&quot;min-height: 400px; background: rgb(245, 245, 245); display: flex; align-items: center; justify-content: center; padding: 32px; border-radius: 8px;&quot;[39m
    [36m&gt;[39m
      [36m&lt;div[39m
        [33mstyle[39m=[32m&quot;max-width: 600px; width: 100%; text-align: center; background: rgba(255, 255, 255, 0.9); border-radius: 16px; padding: 32px; border: 1px solid rgb(229, 231, 235); box-shadow: 0 4px 6px rgba(0, 0, 0, 0.1);&quot;[39m
      [36m&gt;[39m
        [36m&lt;svg[39m
          [33maria-hidden[39m=[32m&quot;true&quot;[39m
          [33mclass[39m=[32m&quot;lucide lucide-circle-alert&quot;[39m
          [33mfill[39m=[32m&quot;none&quot;[39m
          [33mheight[39m=[32m&quot;48&quot;[39m
          [33mstroke[39m=[32m&quot;currentColor&quot;[39m
          [33mstroke-linecap[39m=[32m&quot;round&quot;[39m
          [33mstroke-linejoin[39m=[32m&quot;round&quot;[39m
          [33mstroke-width[39m=[32m&quot;2&quot;[39m
          [33mstyle[39m=[32m&quot;color: rgb(239, 68, 68); margin-bottom: 16px;&quot;[39m
          [33mviewBox[39m=[32m&quot;0 0 24 24&quot;[39m
          [33mwidth[39m=[32m&quot;48&quot;[39m
          [33mxmlns[39m=[32m&quot;http://www.w3.org/2000/svg&quot;[39m
        [36m&gt;[39m
          [36m&lt;circle[39m
            [33mcx[39m=[32m&quot;12&quot;[39m
            [33mcy[39m=[32m&quot;12&quot;[39m
            [33mr[39m=[32m&quot;10&quot;[39m
          [36m/&gt;[39m
          [36m&lt;line[39m
            [33mx1[39m=[32m&quot;12&quot;[39m
            [33mx2[39m=[32m&quot;12&quot;[39m
            [33my1[39m=[32m&quot;8&quot;[39m
            [33my2[39m=[32m&quot;12&quot;[39m
          [36m/&gt;[39m
          [36m&lt;line[39m
            [33mx1[39m=[32m&quot;12&quot;[39m
            [33mx2[39m=[32m&quot;12.01&quot;[39m
            [33my1[39m=[32m&quot;16&quot;[39m
            [33my2[39m=[32m&quot;16&quot;[39m
          [36m/&gt;[39m
        [36m&lt;/svg&gt;[39m
        [36m&lt;h3[39m
          [33mstyle[39m=[32m&quot;font-size: 20px; font-weight: bold; margin-bottom: 8px; color: rgb(31, 41, 55);&quot;[39m
        [36m&gt;[39m
          [0mNetwork Connection Issue[0m
        [36m&lt;/h3&gt;[39m
        [36m&lt;p[39m
          [33mstyle[39m=[32m&quot;font-size: 14px; margin-bottom: 20px; color: rgb(107, 114, 128); line-height: 1.5;&quot;[39m
        [36m&gt;[39m
          [0mCheck your internet connection and try again. If the problem persists, contact your network administrator.[0m
        [36m&lt;/p&gt;[39m
        [36m&lt;details[39m
          [33mstyle[39m=[32m&quot;text-align: left; margin-bottom: 20px; background: rgba(0, 0, 0, 0.05); padding: 12px; border-radius: 6px; font-size: 12px;&quot;[39m
        [36m&gt;[39m
          [36m&lt;summary[39m
            [33mstyle[39m=[32m&quot;cursor: pointer; margin-bottom: 8px; color: rgb(107, 114, 128); font-size: 12px;&quot;[39m
          [36m&gt;[39m
            [36m&lt;svg[39m
              [33maria-hidden[39m=[32m&quot;true&quot;[39m
              [33mclass[39m=[32m&quot;lucide lucide-bug&quot;[39m
              [33mfill[39m=[32m&quot;none&quot;[39m
              [33mheight[39m=[32m&quot;14&quot;[39m
              [33mstroke[39m=[32m&quot;currentColor&quot;[39m
              [33mstroke-linecap[39m=[32m&quot;round&quot;[39m
              [33mstroke-linejoin[39m=[32m&quot;round&quot;[39m
              [33mstroke-width[39m=[32m&quot;2&quot;[39m
              [33mstyle[39m=[32m&quot;margin-right: 6px; vertical-align: middle;&quot;[39m
              [33mviewBox[39m=[32m&quot;0 0 24 24&quot;[39m
              [33mwidth[39m=[32m&quot;14&quot;[39m
              [33mxmlns[39m=[32m&quot;http://www.w3.org/2000/svg&quot;[39m
            [36m&gt;[39m
              [36m&lt;path[39m
                [33md[39m=[32m&quot;m8 2 1.88 1.88&quot;[39m
              [36m/&gt;[39m
              [36m&lt;path[39m
                [33md[39m=[32m&quot;M14.12 3.88 16 2&quot;[39m
              [36m/&gt;[39m
              [36m&lt;path[39m
                [33md[39m=[32m&quot;M9 7.13v-1a3.003 3.003 0 1 1 6 0v1&quot;[39m
              [36m/&gt;[39m
              [36m&lt;path[39m
                [33md[39m=[32m&quot;M12 20c-3.3 0-6-2.7-6-6v-3a4 4 0 0 1 4-4h4a4 4 0 0 1 4 4v3c0 3.3-2.7 6-6 6&quot;[39m
              [36m/&gt;[39m
              [36m&lt;path[39m
                [33md[39m=[32m&quot;M12 20v-9&quot;[39m
              [36m/&gt;[39m
              [36m&lt;path[39m
                [33md[39m=[32m&quot;M6.53 9C4.6 8.8 3 7.1 3 5&quot;[39m
              [36m/&gt;[39m
              [36m&lt;path[39m
                [33md[39m=[32m&quot;M6 13H2&quot;[39m
              [36m/&gt;[39m
              [36m&lt;path[39m
                [33md[39m=[32m&quot;M3 21c0-2.1 1.7-3.9 3.8-4&quot;[39m
              [36m/&gt;[39m
              [36m&lt;path[39m
                [33md[39m=[32m&quot;M20.97 5c0 2.1-1.6 3.8-3.5 4&quot;[39m
              [36m/&gt;[39m
              [36m&lt;path[39m
                [33md[39m=[32m&quot;M22 13h-4&quot;[39m
              [36m/&gt;[39m
              [36m&lt;path[39m
                [33md[39m=[32m&quot;M17.2 17c2.1.1 3.8 1.9 3.8 4&quot;[39m
              [36m/&gt;[39m
            [36m&lt;/svg&gt;[39m
            [0mError Details (Development Only)[0m
          [36m&lt;/summary&gt;[39m
          [36m&lt;div[39m
            [33mstyle[39m=[32m&quot;font-family: monospace; color: rgb(75, 85, 99); word-break: break-word;&quot;[39m
          [36m&gt;[39m
            [36m&lt;strong&gt;[39m
              [0mType:[0m
            [36m&lt;/strong&gt;[39m
            [0m [0m
            [0mNETWORK[0m
            [36m&lt;br /&gt;[39m
            [36m&lt;strong&gt;[39m
              [0mCode:[0m
            [36m&lt;/strong&gt;[39m
            [0m [0m
            [0mNETWORK_ERROR[0m
            [36m&lt;br /&gt;[39m
            [36m&lt;strong&gt;[39m
              [0mMessage:[0m
            [36m&lt;/strong&gt;[39m
            [0m [0m
            [0mTest error message[0m
            [36m&lt;br /&gt;[39m
            [36m&lt;strong&gt;[39m
              [0mStack:[0m
            [36m&lt;/strong&gt;[39m
            [36m&lt;pre[39m
              [33mstyle[39m=[32m&quot;white-space: pre-wrap; word-break: break-word; margin: 4px 0px 0px 0px; font-size: 10px;&quot;[39m
            [36m&gt;[39m
              [0mAppError: Test error message
    at ThrowErrorComponent (/home/ilya/projects/SimpleAdminReporter/frontend/src/components/query/__tests__/QueryPreviewErrorBoundary.test.tsx:59:19)
    at Object.react_stack_bottom_frame (/home/ilya/projects/SimpleAdminReporter/frontend/node_modules/react-dom/cjs/react-dom-client.development.js:23863:20)
    at renderWithHooks (/home/ilya/projects/SimpleAdminReporter/frontend/node_modules/react-dom/cjs/react-dom-client.development.js:5529:22)
    at updateFunctionComponent (/home/ilya/projects/SimpleAdminReporter/frontend/node_modules/react-dom/cjs/react-dom-client.development.js:8897:19)
    at beginWork (/home/ilya/projects/SimpleAdminReporter/frontend/node_modules/react-dom/cjs/react-dom-client.development.js:10522:18)
    at runWithFiberInDEV (/home/ilya/projects/SimpleAdminReporter/frontend/node_modules/react-dom/cjs/react-dom-client.development.js:1522:13..." type="TestingLibraryElementError">
TestingLibraryElementError: Unable to find an element with the text: Attempt 1 of 3. This could be because the text is broken up by multiple elements. In this case, you can provide a function for your text matcher to make your matcher more flexible.

Ignored nodes: comments, script, style
&lt;body&gt;
  &lt;div&gt;
    &lt;div
      data-testid=&quot;test-content&quot;
    &gt;
      Test content
    &lt;/div&gt;
  &lt;/div&gt;
  &lt;div&gt;
    &lt;div
      style=&quot;min-height: 400px; background: rgb(245, 245, 245); display: flex; align-items: center; justify-content: center; padding: 32px; border-radius: 8px;&quot;
    &gt;
      &lt;div
        style=&quot;max-width: 600px; width: 100%; text-align: center; background: rgba(255, 255, 255, 0.9); border-radius: 16px; padding: 32px; border: 1px solid rgb(229, 231, 235); box-shadow: 0 4px 6px rgba(0, 0, 0, 0.1);&quot;
      &gt;
        &lt;svg
          aria-hidden=&quot;true&quot;
          class=&quot;lucide lucide-circle-alert&quot;
          fill=&quot;none&quot;
          height=&quot;48&quot;
          stroke=&quot;currentColor&quot;
          stroke-linecap=&quot;round&quot;
          stroke-linejoin=&quot;round&quot;
          stroke-width=&quot;2&quot;
          style=&quot;color: rgb(239, 68, 68); margin-bottom: 16px;&quot;
          viewBox=&quot;0 0 24 24&quot;
          width=&quot;48&quot;
          xmlns=&quot;http://www.w3.org/2000/svg&quot;
        &gt;
          &lt;circle
            cx=&quot;12&quot;
            cy=&quot;12&quot;
            r=&quot;10&quot;
          /&gt;
          &lt;line
            x1=&quot;12&quot;
            x2=&quot;12&quot;
            y1=&quot;8&quot;
            y2=&quot;12&quot;
          /&gt;
          &lt;line
            x1=&quot;12&quot;
            x2=&quot;12.01&quot;
            y1=&quot;16&quot;
            y2=&quot;16&quot;
          /&gt;
        &lt;/svg&gt;
        &lt;h3
          style=&quot;font-size: 20px; font-weight: bold; margin-bottom: 8px; color: rgb(31, 41, 55);&quot;
        &gt;
          Network Connection Issue
        &lt;/h3&gt;
        &lt;p
          style=&quot;font-size: 14px; margin-bottom: 20px; color: rgb(107, 114, 128); line-height: 1.5;&quot;
        &gt;
          Check your internet connection and try again. If the problem persists, contact your network administrator.
        &lt;/p&gt;
        &lt;details
          style=&quot;text-align: left; margin-bottom: 20px; background: rgba(0, 0, 0, 0.05); padding: 12px; border-radius: 6px; font-size: 12px;&quot;
        &gt;
          &lt;summary
            style=&quot;cursor: pointer; margin-bottom: 8px; color: rgb(107, 114, 128); font-size: 12px;&quot;
          &gt;
            &lt;svg
              aria-hidden=&quot;true&quot;
              class=&quot;lucide lucide-bug&quot;
              fill=&quot;none&quot;
              height=&quot;14&quot;
              stroke=&quot;currentColor&quot;
              stroke-linecap=&quot;round&quot;
              stroke-linejoin=&quot;round&quot;
              stroke-width=&quot;2&quot;
              style=&quot;margin-right: 6px; vertical-align: middle;&quot;
              viewBox=&quot;0 0 24 24&quot;
              width=&quot;14&quot;
              xmlns=&quot;http://www.w3.org/2000/svg&quot;
            &gt;
              &lt;path
                d=&quot;m8 2 1.88 1.88&quot;
              /&gt;
              &lt;path
                d=&quot;M14.12 3.88 16 2&quot;
              /&gt;
              &lt;path
                d=&quot;M9 7.13v-1a3.003 3.003 0 1 1 6 0v1&quot;
              /&gt;
              &lt;path
                d=&quot;M12 20c-3.3 0-6-2.7-6-6v-3a4 4 0 0 1 4-4h4a4 4 0 0 1 4 4v3c0 3.3-2.7 6-6 6&quot;
              /&gt;
              &lt;path
                d=&quot;M12 20v-9&quot;
              /&gt;
              &lt;path
                d=&quot;M6.53 9C4.6 8.8 3 7.1 3 5&quot;
              /&gt;
              &lt;path
                d=&quot;M6 13H2&quot;
              /&gt;
              &lt;path
                d=&quot;M3 21c0-2.1 1.7-3.9 3.8-4&quot;
              /&gt;
              &lt;path
                d=&quot;M20.97 5c0 2.1-1.6 3.8-3.5 4&quot;
              /&gt;
              &lt;path
                d=&quot;M22 13h-4&quot;
              /&gt;
              &lt;path
                d=&quot;M17.2 17c2.1.1 3.8 1.9 3.8 4&quot;
              /&gt;
            &lt;/svg&gt;
            Error Details (Development Only)
          &lt;/summary&gt;
          &lt;div
            style=&quot;font-family: monospace; color: rgb(75, 85, 99); word-break: break-word;&quot;
          &gt;
            &lt;strong&gt;
              Type:
            &lt;/strong&gt;
             
            NETWORK
            &lt;br /&gt;
            &lt;strong&gt;
              Code:
            &lt;/strong&gt;
             
            NETWORK_ERROR
            &lt;br /&gt;
            &lt;strong&gt;
              Message:
            &lt;/strong&gt;
             
            Test error message
            &lt;br /&gt;
            &lt;strong&gt;
              Stack:
            &lt;/strong&gt;
            &lt;pre
              style=&quot;white-space: pre-wrap; word-break: break-word; margin: 4px 0px 0px 0px; font-size: 10px;&quot;
            &gt;
              AppError: Test error message
    at ThrowErrorComponent (/home/ilya/projects/SimpleAdminReporter/frontend/src/components/query/__tests__/QueryPreviewErrorBoundary.test.tsx:59:19)
    at Object.react_stack_bottom_frame (/home/ilya/projects/SimpleAdminReporter/frontend/node_modules/react-dom/cjs/react-dom-client.development.js:23863:20)
    at renderWithHooks (/home/ilya/projects/SimpleAdminReporter/frontend/node_modules/react-dom/cjs/react-dom-client.development.js:5529:22)
    at updateFunctionComponent (/home/ilya/projects/SimpleAdminReporter/frontend/node_modules/react-dom/cjs/react-dom-client.development.js:8897:19)
    at beginWork (/home/ilya/projects/SimpleAdminReporter/frontend/node_modules/react-dom/cjs/react-dom-client.development.js:10522:18)
    at runWithFiberInDEV (/home/ilya/projects/SimpleAdminReporter/frontend/node_modules/react-dom/cjs/react-dom-client.development.js:1522:13...
 ❯ ThrowErrorComponent src/components/query/__tests__/QueryPreviewErrorBoundary.test.tsx:59:19
 ❯ Object.react_stack_bottom_frame node_modules/react-dom/cjs/react-dom-client.development.js:23863:20
 ❯ renderWithHooks node_modules/react-dom/cjs/react-dom-client.development.js:5529:22
 ❯ updateFunctionComponent node_modules/react-dom/cjs/react-dom-client.development.js:8897:19
 ❯ beginWork node_modules/react-dom/cjs/react-dom-client.development.js:10522:18
 ❯ Object.getElementError node_modules/@testing-library/dom/dist/config.js:37:19
 ❯ node_modules/@testing-library/dom/dist/query-helpers.js:76:38
 ❯ node_modules/@testing-library/dom/dist/query-helpers.js:52:17
 ❯ node_modules/@testing-library/dom/dist/query-helpers.js:95:19
 ❯ src/components/query/__tests__/QueryPreviewErrorBoundary.test.tsx:337:21
            </failure>
            <failure message="Cannot delete property &apos;gtag&apos; of #&lt;Object&gt;" type="TypeError">
TypeError: Cannot delete property &apos;gtag&apos; of #&lt;Object&gt;
 ❯ src/components/query/__tests__/QueryPreviewErrorBoundary.test.tsx:49:3
            </failure>
        </testcase>
        <testcase classname="src/components/query/__tests__/QueryPreviewErrorBoundary.test.tsx" name="QueryPreviewErrorBoundary &gt; Retry Logic and Exponential Backoff &gt; prevents retry when max attempts reached" time="0.08921219">
            <failure message="Found multiple elements with the text: Try Again

Here are the matching elements:

Ignored nodes: comments, script, style
[36m&lt;span&gt;[39m
  [0mTry Again[0m
[36m&lt;/span&gt;[39m

Ignored nodes: comments, script, style
[36m&lt;span&gt;[39m
  [0mTry Again[0m
[36m&lt;/span&gt;[39m

Ignored nodes: comments, script, style
[36m&lt;span&gt;[39m
  [0mTry Again[0m
[36m&lt;/span&gt;[39m

Ignored nodes: comments, script, style
[36m&lt;span&gt;[39m
  [0mTry Again[0m
[36m&lt;/span&gt;[39m

Ignored nodes: comments, script, style
[36m&lt;span&gt;[39m
  [0mTry Again[0m
[36m&lt;/span&gt;[39m

Ignored nodes: comments, script, style
[36m&lt;span&gt;[39m
  [0mTry Again[0m
[36m&lt;/span&gt;[39m

Ignored nodes: comments, script, style
[36m&lt;span&gt;[39m
  [0mTry Again[0m
[36m&lt;/span&gt;[39m

Ignored nodes: comments, script, style
[36m&lt;span&gt;[39m
  [0mTry Again[0m
[36m&lt;/span&gt;[39m

Ignored nodes: comments, script, style
[36m&lt;span&gt;[39m
  [0mTry Again[0m
[36m&lt;/span&gt;[39m

Ignored nodes: comments, script, style
[36m&lt;span&gt;[39m
  [0mTry Again[0m
[36m&lt;/span&gt;[39m

Ignored nodes: comments, script, style
[36m&lt;span&gt;[39m
  [0mTry Again[0m
[36m&lt;/span&gt;[39m

Ignored nodes: comments, script, style
[36m&lt;span&gt;[39m
  [0mTry Again[0m
[36m&lt;/span&gt;[39m

Ignored nodes: comments, script, style
[36m&lt;span&gt;[39m
  [0mTry Again[0m
[36m&lt;/span&gt;[39m

Ignored nodes: comments, script, style
[36m&lt;span&gt;[39m
  [0mTry Again[0m
[36m&lt;/span&gt;[39m

(If this is intentional, then use the `*AllBy*` variant of the query (like `queryAllByText`, `getAllByText`, or `findAllByText`)).

Ignored nodes: comments, script, style
[36m&lt;body&gt;[39m
  [36m&lt;div&gt;[39m
    [36m&lt;div[39m
      [33mdata-testid[39m=[32m&quot;test-content&quot;[39m
    [36m&gt;[39m
      [0mTest content[0m
    [36m&lt;/div&gt;[39m
  [36m&lt;/div&gt;[39m
  [36m&lt;div&gt;[39m
    [36m&lt;div[39m
      [33mstyle[39m=[32m&quot;min-height: 400px; background: rgb(245, 245, 245); display: flex; align-items: center; justify-content: center; padding: 32px; border-radius: 8px;&quot;[39m
    [36m&gt;[39m
      [36m&lt;div[39m
        [33mstyle[39m=[32m&quot;max-width: 600px; width: 100%; text-align: center; background: rgba(255, 255, 255, 0.9); border-radius: 16px; padding: 32px; border: 1px solid rgb(229, 231, 235); box-shadow: 0 4px 6px rgba(0, 0, 0, 0.1);&quot;[39m
      [36m&gt;[39m
        [36m&lt;svg[39m
          [33maria-hidden[39m=[32m&quot;true&quot;[39m
          [33mclass[39m=[32m&quot;lucide lucide-circle-alert&quot;[39m
          [33mfill[39m=[32m&quot;none&quot;[39m
          [33mheight[39m=[32m&quot;48&quot;[39m
          [33mstroke[39m=[32m&quot;currentColor&quot;[39m
          [33mstroke-linecap[39m=[32m&quot;round&quot;[39m
          [33mstroke-linejoin[39m=[32m&quot;round&quot;[39m
          [33mstroke-width[39m=[32m&quot;2&quot;[39m
          [33mstyle[39m=[32m&quot;color: rgb(239, 68, 68); margin-bottom: 16px;&quot;[39m
          [33mviewBox[39m=[32m&quot;0 0 24 24&quot;[39m
          [33mwidth[39m=[32m&quot;48&quot;[39m
          [33mxmlns[39m=[32m&quot;http://www.w3.org/2000/svg&quot;[39m
        [36m&gt;[39m
          [36m&lt;circle[39m
            [33mcx[39m=[32m&quot;12&quot;[39m
            [33mcy[39m=[32m&quot;12&quot;[39m
            [33mr[39m=[32m&quot;10&quot;[39m
          [36m/&gt;[39m
          [36m&lt;line[39m
            [33mx1[39m=[32m&quot;12&quot;[39m
            [33mx2[39m=[32m&quot;12&quot;[39m
            [33my1[39m=[32m&quot;8&quot;[39m
            [33my2[39m=[32m&quot;12&quot;[39m
          [36m/&gt;[39m
          [36m&lt;line[39m
            [33mx1[39m=[32m&quot;12&quot;[39m
            [33mx2[39m=[32m&quot;12.01&quot;[39m
            [33my1[39m=[32m&quot;16&quot;[39m
            [33my2[39m=[32m&quot;16&quot;[39m
          [36m/&gt;[39m
        [36m&lt;/svg&gt;[39m
        [36m&lt;h3[39m
          [33mstyle[39m=[32m&quot;font-size: 20px; font-weight: bold; margin-bottom: 8px; color: rgb(31, 41, 55);&quot;[39m
        [36m&gt;[39m
          [0mNetwork Connection Issue[0m
        [36m&lt;/h3&gt;[39m
        [36m&lt;p[39m
          [33mstyle[39m=[32m&quot;font-size: 14px; margin-bottom: 20px; color: rgb(107, 114, 128); line-height: 1.5;&quot;[39m
        [36m&gt;[39m
          [0mCheck your internet connection and try again. If the problem persists, contact your network administrator.[0m
        [36m&lt;/p&gt;[39m
        [36m&lt;details[39m
          [33mstyle[39m=[32m&quot;text-align: left; margin-bottom: 20px; background: rgba(0, 0, 0, 0.05); padding: 12px; border-radius: 6px; font-size: 12px;&quot;[39m
        [36m&gt;[39m
          [36m&lt;summary[39m
            [33mstyle[39m=[32m&quot;cursor: pointer; margin-bottom: 8px; color: rgb(107, 114, 128); font-size: 12px;&quot;[39m
          [36m&gt;[39m
            [36m&lt;svg[39m
              [33maria-hidden[39m=[32m&quot;true&quot;[39m
              [33mclass[39m=[32m&quot;lucide lucide-bug&quot;[39m
              [33mfill[39m=[32m&quot;none&quot;[39m
              [33mheight[39m=[32m&quot;14&quot;[39m
              [33mstroke[39m=[32m&quot;currentColor&quot;[39m
              [33mstroke-linecap[39m=[32m&quot;round&quot;[39m
              [33mstroke-linejoin[39m=[32m&quot;round&quot;[39m
              [33mstroke-width[39m=[32m&quot;2&quot;[39m
              [33mstyle[39m=[32m&quot;margin-right: 6px; vertical-align: middle;&quot;[39m
              [33mviewBox[39m=[32m&quot;0 0 24 24&quot;[39m
              [33mwidth[39m=[32m&quot;14&quot;[39m
              [33mxmlns[39m=[32m&quot;http://www.w3.org/2000/svg&quot;[39m
            [36m&gt;[39m
              [36m&lt;path[39m
                [33md[39m=[32m&quot;m8 2 1.88 1.88&quot;[39m
              [36m/&gt;[39m
              [36m&lt;path[39m
                [33md[39m=[32m&quot;M14.12 3.88 16 2&quot;[39m
              [36m/&gt;[39m
              [36m&lt;path[39m
                [33md[39m=[32m&quot;M9 7.13v-1a3.003 3.003 0 1 1 6 0v1&quot;[39m
              [36m/&gt;[39m
              [36m&lt;path[39m
                [33md[39m=[32m&quot;M12 20c-3.3 0-6-2.7-6-6v-3a4 4 0 0 1 4-4h4a4 4 0 0 1 4 4v3c0 3.3-2.7 6-6 6&quot;[39m
              [36m/&gt;[39m
              [36m&lt;path[39m
                [33md[39m=[32m&quot;M12 20v-9&quot;[39m
              [36m/&gt;[39m
              [36m&lt;path[39m
                [33md[39m=[32m&quot;M6.53 9C4.6 8.8 3 7.1 3 5&quot;[39m
              [36m/&gt;[39m
              [36m&lt;path[39m
                [33md[39m=[32m&quot;M6 13H2&quot;[39m
              [36m/&gt;[39m
              [36m&lt;path[39m
                [33md[39m=[32m&quot;M3 21c0-2.1 1.7-3.9 3.8-4&quot;[39m
              [36m/&gt;[39m
              [36m&lt;path[39m
                [33md[39m=[32m&quot;M20.97 5c0 2.1-1.6 3.8-3.5 4&quot;[39m
              [36m/&gt;[39m
              [36m&lt;path[39m
                [33md[39m=[32m&quot;M22 13h-4&quot;[39m
              [36m/&gt;[39m
              [36m&lt;path[39m
                [33md[39m=[32m&quot;M17.2 17c2.1.1 3.8 1.9 3.8 4&quot;[39m
              [36m/&gt;[39m
            [36m&lt;/svg&gt;[39m
            [0mError Details (Development Only)[0m
          [36m&lt;/summary&gt;[39m
          [36m&lt;div[39m
            [33mstyle[39m=[32m&quot;font-family: monospace; color: rgb(75, 85, 99); word-break: break-word;&quot;[39m
          [36m&gt;[39m
            [36m&lt;strong&gt;[39m
              [0mType:[0m
            [36m&lt;/strong&gt;[39m
            [0m [0m
            [0mNETWORK[0m
            [36m&lt;br /&gt;[39m
            [36m&lt;strong&gt;[39m
              [0mCode:[0m
            [36m&lt;/strong&gt;[39m
            [0m [0m
            [0mNETWORK_ERROR[0m
            [36m&lt;br /&gt;[39m
            [36m&lt;strong&gt;[39m
              [0mMessage:[0m
            [36m&lt;/strong&gt;[39m
            [0m [0m
            [0mTest error message[0m
            [36m&lt;br /&gt;[39m
            [36m&lt;strong&gt;[39m
              [0mStack:[0m
            [36m&lt;/strong&gt;[39m
            [36m&lt;pre[39m
              [33mstyle[39m=[32m&quot;white-space: pre-wrap; word-break: break-word; margin: 4px 0px 0px 0px; font-size: 10px;&quot;[39m
            [36m&gt;[39m
              [0mAppError: Test error message
    at ThrowErrorComponent (/home/ilya/projects/SimpleAdminReporter/frontend/src/components/query/__tests__/QueryPreviewErrorBoundary.test.tsx:59:19)
    at Object.react_stack_bottom_frame (/home/ilya/projects/SimpleAdminReporter/frontend/node_modules/react-dom/cjs/react-dom-client.development.js:23863:20)
    at renderWithHooks (/home/ilya/projects/SimpleAdminReporter/frontend/node_modules/react-dom/cjs/react-dom-client.development.js:5529:22)
    at updateFunctionComponent (/home/ilya/projects/SimpleAdminReporter/frontend/node_modules/react-dom/cjs/react-dom-client.development.js:8897:19)
    at beginWork (/home/ilya/projects/SimpleAdminReporter/frontend/node_modules/react-dom/cjs/react-dom-client.development.js:10522:18)
    at runWithFiberInDEV (/home/ilya/projects/SimpleAdminReporter/frontend/node_modules/react-dom/cjs/react-dom-client.development.js:1522:13..." type="TestingLibraryElementError">
TestingLibraryElementError: Found multiple elements with the text: Try Again

Here are the matching elements:

Ignored nodes: comments, script, style
&lt;span&gt;
  Try Again
&lt;/span&gt;

Ignored nodes: comments, script, style
&lt;span&gt;
  Try Again
&lt;/span&gt;

Ignored nodes: comments, script, style
&lt;span&gt;
  Try Again
&lt;/span&gt;

Ignored nodes: comments, script, style
&lt;span&gt;
  Try Again
&lt;/span&gt;

Ignored nodes: comments, script, style
&lt;span&gt;
  Try Again
&lt;/span&gt;

Ignored nodes: comments, script, style
&lt;span&gt;
  Try Again
&lt;/span&gt;

Ignored nodes: comments, script, style
&lt;span&gt;
  Try Again
&lt;/span&gt;

Ignored nodes: comments, script, style
&lt;span&gt;
  Try Again
&lt;/span&gt;

Ignored nodes: comments, script, style
&lt;span&gt;
  Try Again
&lt;/span&gt;

Ignored nodes: comments, script, style
&lt;span&gt;
  Try Again
&lt;/span&gt;

Ignored nodes: comments, script, style
&lt;span&gt;
  Try Again
&lt;/span&gt;

Ignored nodes: comments, script, style
&lt;span&gt;
  Try Again
&lt;/span&gt;

Ignored nodes: comments, script, style
&lt;span&gt;
  Try Again
&lt;/span&gt;

Ignored nodes: comments, script, style
&lt;span&gt;
  Try Again
&lt;/span&gt;

(If this is intentional, then use the `*AllBy*` variant of the query (like `queryAllByText`, `getAllByText`, or `findAllByText`)).

Ignored nodes: comments, script, style
&lt;body&gt;
  &lt;div&gt;
    &lt;div
      data-testid=&quot;test-content&quot;
    &gt;
      Test content
    &lt;/div&gt;
  &lt;/div&gt;
  &lt;div&gt;
    &lt;div
      style=&quot;min-height: 400px; background: rgb(245, 245, 245); display: flex; align-items: center; justify-content: center; padding: 32px; border-radius: 8px;&quot;
    &gt;
      &lt;div
        style=&quot;max-width: 600px; width: 100%; text-align: center; background: rgba(255, 255, 255, 0.9); border-radius: 16px; padding: 32px; border: 1px solid rgb(229, 231, 235); box-shadow: 0 4px 6px rgba(0, 0, 0, 0.1);&quot;
      &gt;
        &lt;svg
          aria-hidden=&quot;true&quot;
          class=&quot;lucide lucide-circle-alert&quot;
          fill=&quot;none&quot;
          height=&quot;48&quot;
          stroke=&quot;currentColor&quot;
          stroke-linecap=&quot;round&quot;
          stroke-linejoin=&quot;round&quot;
          stroke-width=&quot;2&quot;
          style=&quot;color: rgb(239, 68, 68); margin-bottom: 16px;&quot;
          viewBox=&quot;0 0 24 24&quot;
          width=&quot;48&quot;
          xmlns=&quot;http://www.w3.org/2000/svg&quot;
        &gt;
          &lt;circle
            cx=&quot;12&quot;
            cy=&quot;12&quot;
            r=&quot;10&quot;
          /&gt;
          &lt;line
            x1=&quot;12&quot;
            x2=&quot;12&quot;
            y1=&quot;8&quot;
            y2=&quot;12&quot;
          /&gt;
          &lt;line
            x1=&quot;12&quot;
            x2=&quot;12.01&quot;
            y1=&quot;16&quot;
            y2=&quot;16&quot;
          /&gt;
        &lt;/svg&gt;
        &lt;h3
          style=&quot;font-size: 20px; font-weight: bold; margin-bottom: 8px; color: rgb(31, 41, 55);&quot;
        &gt;
          Network Connection Issue
        &lt;/h3&gt;
        &lt;p
          style=&quot;font-size: 14px; margin-bottom: 20px; color: rgb(107, 114, 128); line-height: 1.5;&quot;
        &gt;
          Check your internet connection and try again. If the problem persists, contact your network administrator.
        &lt;/p&gt;
        &lt;details
          style=&quot;text-align: left; margin-bottom: 20px; background: rgba(0, 0, 0, 0.05); padding: 12px; border-radius: 6px; font-size: 12px;&quot;
        &gt;
          &lt;summary
            style=&quot;cursor: pointer; margin-bottom: 8px; color: rgb(107, 114, 128); font-size: 12px;&quot;
          &gt;
            &lt;svg
              aria-hidden=&quot;true&quot;
              class=&quot;lucide lucide-bug&quot;
              fill=&quot;none&quot;
              height=&quot;14&quot;
              stroke=&quot;currentColor&quot;
              stroke-linecap=&quot;round&quot;
              stroke-linejoin=&quot;round&quot;
              stroke-width=&quot;2&quot;
              style=&quot;margin-right: 6px; vertical-align: middle;&quot;
              viewBox=&quot;0 0 24 24&quot;
              width=&quot;14&quot;
              xmlns=&quot;http://www.w3.org/2000/svg&quot;
            &gt;
              &lt;path
                d=&quot;m8 2 1.88 1.88&quot;
              /&gt;
              &lt;path
                d=&quot;M14.12 3.88 16 2&quot;
              /&gt;
              &lt;path
                d=&quot;M9 7.13v-1a3.003 3.003 0 1 1 6 0v1&quot;
              /&gt;
              &lt;path
                d=&quot;M12 20c-3.3 0-6-2.7-6-6v-3a4 4 0 0 1 4-4h4a4 4 0 0 1 4 4v3c0 3.3-2.7 6-6 6&quot;
              /&gt;
              &lt;path
                d=&quot;M12 20v-9&quot;
              /&gt;
              &lt;path
                d=&quot;M6.53 9C4.6 8.8 3 7.1 3 5&quot;
              /&gt;
              &lt;path
                d=&quot;M6 13H2&quot;
              /&gt;
              &lt;path
                d=&quot;M3 21c0-2.1 1.7-3.9 3.8-4&quot;
              /&gt;
              &lt;path
                d=&quot;M20.97 5c0 2.1-1.6 3.8-3.5 4&quot;
              /&gt;
              &lt;path
                d=&quot;M22 13h-4&quot;
              /&gt;
              &lt;path
                d=&quot;M17.2 17c2.1.1 3.8 1.9 3.8 4&quot;
              /&gt;
            &lt;/svg&gt;
            Error Details (Development Only)
          &lt;/summary&gt;
          &lt;div
            style=&quot;font-family: monospace; color: rgb(75, 85, 99); word-break: break-word;&quot;
          &gt;
            &lt;strong&gt;
              Type:
            &lt;/strong&gt;
             
            NETWORK
            &lt;br /&gt;
            &lt;strong&gt;
              Code:
            &lt;/strong&gt;
             
            NETWORK_ERROR
            &lt;br /&gt;
            &lt;strong&gt;
              Message:
            &lt;/strong&gt;
             
            Test error message
            &lt;br /&gt;
            &lt;strong&gt;
              Stack:
            &lt;/strong&gt;
            &lt;pre
              style=&quot;white-space: pre-wrap; word-break: break-word; margin: 4px 0px 0px 0px; font-size: 10px;&quot;
            &gt;
              AppError: Test error message
    at ThrowErrorComponent (/home/ilya/projects/SimpleAdminReporter/frontend/src/components/query/__tests__/QueryPreviewErrorBoundary.test.tsx:59:19)
    at Object.react_stack_bottom_frame (/home/ilya/projects/SimpleAdminReporter/frontend/node_modules/react-dom/cjs/react-dom-client.development.js:23863:20)
    at renderWithHooks (/home/ilya/projects/SimpleAdminReporter/frontend/node_modules/react-dom/cjs/react-dom-client.development.js:5529:22)
    at updateFunctionComponent (/home/ilya/projects/SimpleAdminReporter/frontend/node_modules/react-dom/cjs/react-dom-client.development.js:8897:19)
    at beginWork (/home/ilya/projects/SimpleAdminReporter/frontend/node_modules/react-dom/cjs/react-dom-client.development.js:10522:18)
    at runWithFiberInDEV (/home/ilya/projects/SimpleAdminReporter/frontend/node_modules/react-dom/cjs/react-dom-client.development.js:1522:13...
 ❯ ThrowErrorComponent src/components/query/__tests__/QueryPreviewErrorBoundary.test.tsx:59:19
 ❯ Object.react_stack_bottom_frame node_modules/react-dom/cjs/react-dom-client.development.js:23863:20
 ❯ renderWithHooks node_modules/react-dom/cjs/react-dom-client.development.js:5529:22
 ❯ updateFunctionComponent node_modules/react-dom/cjs/react-dom-client.development.js:8897:19
 ❯ beginWork node_modules/react-dom/cjs/react-dom-client.development.js:10522:18
 ❯ Object.getElementError node_modules/@testing-library/dom/dist/config.js:37:19
 ❯ getElementError node_modules/@testing-library/dom/dist/query-helpers.js:20:35
 ❯ getMultipleElementsFoundError node_modules/@testing-library/dom/dist/query-helpers.js:23:10
 ❯ node_modules/@testing-library/dom/dist/query-helpers.js:55:13
 ❯ node_modules/@testing-library/dom/dist/query-helpers.js:95:19
 ❯ src/components/query/__tests__/QueryPreviewErrorBoundary.test.tsx:352:31
            </failure>
            <failure message="Cannot delete property &apos;gtag&apos; of #&lt;Object&gt;" type="TypeError">
TypeError: Cannot delete property &apos;gtag&apos; of #&lt;Object&gt;
 ❯ src/components/query/__tests__/QueryPreviewErrorBoundary.test.tsx:49:3
            </failure>
        </testcase>
        <testcase classname="src/components/query/__tests__/QueryPreviewErrorBoundary.test.tsx" name="QueryPreviewErrorBoundary &gt; Retry Logic and Exponential Backoff &gt; resets error state on successful retry" time="0.081722706">
            <failure message="Found multiple elements with the text: Try Again

Here are the matching elements:

Ignored nodes: comments, script, style
[36m&lt;span&gt;[39m
  [0mTry Again[0m
[36m&lt;/span&gt;[39m

Ignored nodes: comments, script, style
[36m&lt;span&gt;[39m
  [0mTry Again[0m
[36m&lt;/span&gt;[39m

Ignored nodes: comments, script, style
[36m&lt;span&gt;[39m
  [0mTry Again[0m
[36m&lt;/span&gt;[39m

Ignored nodes: comments, script, style
[36m&lt;span&gt;[39m
  [0mTry Again[0m
[36m&lt;/span&gt;[39m

Ignored nodes: comments, script, style
[36m&lt;span&gt;[39m
  [0mTry Again[0m
[36m&lt;/span&gt;[39m

Ignored nodes: comments, script, style
[36m&lt;span&gt;[39m
  [0mTry Again[0m
[36m&lt;/span&gt;[39m

Ignored nodes: comments, script, style
[36m&lt;span&gt;[39m
  [0mTry Again[0m
[36m&lt;/span&gt;[39m

Ignored nodes: comments, script, style
[36m&lt;span&gt;[39m
  [0mTry Again[0m
[36m&lt;/span&gt;[39m

Ignored nodes: comments, script, style
[36m&lt;span&gt;[39m
  [0mTry Again[0m
[36m&lt;/span&gt;[39m

Ignored nodes: comments, script, style
[36m&lt;span&gt;[39m
  [0mTry Again[0m
[36m&lt;/span&gt;[39m

Ignored nodes: comments, script, style
[36m&lt;span&gt;[39m
  [0mTry Again[0m
[36m&lt;/span&gt;[39m

Ignored nodes: comments, script, style
[36m&lt;span&gt;[39m
  [0mTry Again[0m
[36m&lt;/span&gt;[39m

Ignored nodes: comments, script, style
[36m&lt;span&gt;[39m
  [0mTry Again[0m
[36m&lt;/span&gt;[39m

Ignored nodes: comments, script, style
[36m&lt;span&gt;[39m
  [0mTry Again[0m
[36m&lt;/span&gt;[39m

Ignored nodes: comments, script, style
[36m&lt;span&gt;[39m
  [0mTry Again[0m
[36m&lt;/span&gt;[39m

(If this is intentional, then use the `*AllBy*` variant of the query (like `queryAllByText`, `getAllByText`, or `findAllByText`)).

Ignored nodes: comments, script, style
[36m&lt;body&gt;[39m
  [36m&lt;div&gt;[39m
    [36m&lt;div[39m
      [33mdata-testid[39m=[32m&quot;test-content&quot;[39m
    [36m&gt;[39m
      [0mTest content[0m
    [36m&lt;/div&gt;[39m
  [36m&lt;/div&gt;[39m
  [36m&lt;div&gt;[39m
    [36m&lt;div[39m
      [33mstyle[39m=[32m&quot;min-height: 400px; background: rgb(245, 245, 245); display: flex; align-items: center; justify-content: center; padding: 32px; border-radius: 8px;&quot;[39m
    [36m&gt;[39m
      [36m&lt;div[39m
        [33mstyle[39m=[32m&quot;max-width: 600px; width: 100%; text-align: center; background: rgba(255, 255, 255, 0.9); border-radius: 16px; padding: 32px; border: 1px solid rgb(229, 231, 235); box-shadow: 0 4px 6px rgba(0, 0, 0, 0.1);&quot;[39m
      [36m&gt;[39m
        [36m&lt;svg[39m
          [33maria-hidden[39m=[32m&quot;true&quot;[39m
          [33mclass[39m=[32m&quot;lucide lucide-circle-alert&quot;[39m
          [33mfill[39m=[32m&quot;none&quot;[39m
          [33mheight[39m=[32m&quot;48&quot;[39m
          [33mstroke[39m=[32m&quot;currentColor&quot;[39m
          [33mstroke-linecap[39m=[32m&quot;round&quot;[39m
          [33mstroke-linejoin[39m=[32m&quot;round&quot;[39m
          [33mstroke-width[39m=[32m&quot;2&quot;[39m
          [33mstyle[39m=[32m&quot;color: rgb(239, 68, 68); margin-bottom: 16px;&quot;[39m
          [33mviewBox[39m=[32m&quot;0 0 24 24&quot;[39m
          [33mwidth[39m=[32m&quot;48&quot;[39m
          [33mxmlns[39m=[32m&quot;http://www.w3.org/2000/svg&quot;[39m
        [36m&gt;[39m
          [36m&lt;circle[39m
            [33mcx[39m=[32m&quot;12&quot;[39m
            [33mcy[39m=[32m&quot;12&quot;[39m
            [33mr[39m=[32m&quot;10&quot;[39m
          [36m/&gt;[39m
          [36m&lt;line[39m
            [33mx1[39m=[32m&quot;12&quot;[39m
            [33mx2[39m=[32m&quot;12&quot;[39m
            [33my1[39m=[32m&quot;8&quot;[39m
            [33my2[39m=[32m&quot;12&quot;[39m
          [36m/&gt;[39m
          [36m&lt;line[39m
            [33mx1[39m=[32m&quot;12&quot;[39m
            [33mx2[39m=[32m&quot;12.01&quot;[39m
            [33my1[39m=[32m&quot;16&quot;[39m
            [33my2[39m=[32m&quot;16&quot;[39m
          [36m/&gt;[39m
        [36m&lt;/svg&gt;[39m
        [36m&lt;h3[39m
          [33mstyle[39m=[32m&quot;font-size: 20px; font-weight: bold; margin-bottom: 8px; color: rgb(31, 41, 55);&quot;[39m
        [36m&gt;[39m
          [0mNetwork Connection Issue[0m
        [36m&lt;/h3&gt;[39m
        [36m&lt;p[39m
          [33mstyle[39m=[32m&quot;font-size: 14px; margin-bottom: 20px; color: rgb(107, 114, 128); line-height: 1.5;&quot;[39m
        [36m&gt;[39m
          [0mCheck your internet connection and try again. If the problem persists, contact your network administrator.[0m
        [36m&lt;/p&gt;[39m
        [36m&lt;details[39m
          [33mstyle[39m=[32m&quot;text-align: left; margin-bottom: 20px; background: rgba(0, 0, 0, 0.05); padding: 12px; border-radius: 6px; font-size: 12px;&quot;[39m
        [36m&gt;[39m
          [36m&lt;summary[39m
            [33mstyle[39m=[32m&quot;cursor: pointer; margin-bottom: 8px; color: rgb(107, 114, 128); font-size: 12px;&quot;[39m
          [36m&gt;[39m
            [36m&lt;svg[39m
              [33maria-hidden[39m=[32m&quot;true&quot;[39m
              [33mclass[39m=[32m&quot;lucide lucide-bug&quot;[39m
              [33mfill[39m=[32m&quot;none&quot;[39m
              [33mheight[39m=[32m&quot;14&quot;[39m
              [33mstroke[39m=[32m&quot;currentColor&quot;[39m
              [33mstroke-linecap[39m=[32m&quot;round&quot;[39m
              [33mstroke-linejoin[39m=[32m&quot;round&quot;[39m
              [33mstroke-width[39m=[32m&quot;2&quot;[39m
              [33mstyle[39m=[32m&quot;margin-right: 6px; vertical-align: middle;&quot;[39m
              [33mviewBox[39m=[32m&quot;0 0 24 24&quot;[39m
              [33mwidth[39m=[32m&quot;14&quot;[39m
              [33mxmlns[39m=[32m&quot;http://www.w3.org/2000/svg&quot;[39m
            [36m&gt;[39m
              [36m&lt;path[39m
                [33md[39m=[32m&quot;m8 2 1.88 1.88&quot;[39m
              [36m/&gt;[39m
              [36m&lt;path[39m
                [33md[39m=[32m&quot;M14.12 3.88 16 2&quot;[39m
              [36m/&gt;[39m
              [36m&lt;path[39m
                [33md[39m=[32m&quot;M9 7.13v-1a3.003 3.003 0 1 1 6 0v1&quot;[39m
              [36m/&gt;[39m
              [36m&lt;path[39m
                [33md[39m=[32m&quot;M12 20c-3.3 0-6-2.7-6-6v-3a4 4 0 0 1 4-4h4a4 4 0 0 1 4 4v3c0 3.3-2.7 6-6 6&quot;[39m
              [36m/&gt;[39m
              [36m&lt;path[39m
                [33md[39m=[32m&quot;M12 20v-9&quot;[39m
              [36m/&gt;[39m
              [36m&lt;path[39m
                [33md[39m=[32m&quot;M6.53 9C4.6 8.8 3 7.1 3 5&quot;[39m
              [36m/&gt;[39m
              [36m&lt;path[39m
                [33md[39m=[32m&quot;M6 13H2&quot;[39m
              [36m/&gt;[39m
              [36m&lt;path[39m
                [33md[39m=[32m&quot;M3 21c0-2.1 1.7-3.9 3.8-4&quot;[39m
              [36m/&gt;[39m
              [36m&lt;path[39m
                [33md[39m=[32m&quot;M20.97 5c0 2.1-1.6 3.8-3.5 4&quot;[39m
              [36m/&gt;[39m
              [36m&lt;path[39m
                [33md[39m=[32m&quot;M22 13h-4&quot;[39m
              [36m/&gt;[39m
              [36m&lt;path[39m
                [33md[39m=[32m&quot;M17.2 17c2.1.1 3.8 1.9 3.8 4&quot;[39m
              [36m/&gt;[39m
            [36m&lt;/svg&gt;[39m
            [0mError Details (Development Only)[0m
          [36m&lt;/summary&gt;[39m
          [36m&lt;div[39m
            [33mstyle[39m=[32m&quot;font-family: monospace; color: rgb(75, 85, 99); word-break: break-word;&quot;[39m
          [36m&gt;[39m
            [36m&lt;strong&gt;[39m
              [0mType:[0m
            [36m&lt;/strong&gt;[39m
            [0m [0m
            [0mNETWORK[0m
            [36m&lt;br /&gt;[39m
            [36m&lt;strong&gt;[39m
              [0mCode:[0m
            [36m&lt;/strong&gt;[39m
            [0m [0m
            [0mNETWORK_ERROR[0m
            [36m&lt;br /&gt;[39m
            [36m&lt;strong&gt;[39m
              [0mMessage:[0m
            [36m&lt;/strong&gt;[39m
            [0m [0m
            [0mTest error message[0m
            [36m&lt;br /&gt;[39m
            [36m&lt;strong&gt;[39m
              [0mStack:[0m
            [36m&lt;/strong&gt;[39m
            [36m&lt;pre[39m
              [33mstyle[39m=[32m&quot;white-space: pre-wrap; word-break: break-word; margin: 4px 0px 0px 0px; font-size: 10px;&quot;[39m
            [36m&gt;[39m
              [0mAppError: Test error message
    at ThrowErrorComponent (/home/ilya/projects/SimpleAdminReporter/frontend/src/components/query/__tests__/QueryPreviewErrorBoundary.test.tsx:59:19)
    at Object.react_stack_bottom_frame (/home/ilya/projects/SimpleAdminReporter/frontend/node_modules/react-dom/cjs/react-dom-client.development.js:23863:20)
    at renderWithHooks (/home/ilya/projects/SimpleAdminReporter/frontend/node_modules/react-dom/cjs/react-dom-client.development.js:5529:22)
    at updateFunctionComponent (/home/ilya/projects/SimpleAdminReporter/frontend/node_modules/react-dom/cjs/react-dom-client.development.js:8897:19)
    at beginWork (/home/ilya/projects/SimpleAdminReporter/frontend/node_modules/react-dom/cjs/react-dom-client.development.js:10522:18)
    at runWithFiberInDEV (/home/ilya/projects/SimpleAdminReporter/frontend/node_modules/react-dom/cjs/react-dom-client.development.js:1522:13..." type="TestingLibraryElementError">
TestingLibraryElementError: Found multiple elements with the text: Try Again

Here are the matching elements:

Ignored nodes: comments, script, style
&lt;span&gt;
  Try Again
&lt;/span&gt;

Ignored nodes: comments, script, style
&lt;span&gt;
  Try Again
&lt;/span&gt;

Ignored nodes: comments, script, style
&lt;span&gt;
  Try Again
&lt;/span&gt;

Ignored nodes: comments, script, style
&lt;span&gt;
  Try Again
&lt;/span&gt;

Ignored nodes: comments, script, style
&lt;span&gt;
  Try Again
&lt;/span&gt;

Ignored nodes: comments, script, style
&lt;span&gt;
  Try Again
&lt;/span&gt;

Ignored nodes: comments, script, style
&lt;span&gt;
  Try Again
&lt;/span&gt;

Ignored nodes: comments, script, style
&lt;span&gt;
  Try Again
&lt;/span&gt;

Ignored nodes: comments, script, style
&lt;span&gt;
  Try Again
&lt;/span&gt;

Ignored nodes: comments, script, style
&lt;span&gt;
  Try Again
&lt;/span&gt;

Ignored nodes: comments, script, style
&lt;span&gt;
  Try Again
&lt;/span&gt;

Ignored nodes: comments, script, style
&lt;span&gt;
  Try Again
&lt;/span&gt;

Ignored nodes: comments, script, style
&lt;span&gt;
  Try Again
&lt;/span&gt;

Ignored nodes: comments, script, style
&lt;span&gt;
  Try Again
&lt;/span&gt;

Ignored nodes: comments, script, style
&lt;span&gt;
  Try Again
&lt;/span&gt;

(If this is intentional, then use the `*AllBy*` variant of the query (like `queryAllByText`, `getAllByText`, or `findAllByText`)).

Ignored nodes: comments, script, style
&lt;body&gt;
  &lt;div&gt;
    &lt;div
      data-testid=&quot;test-content&quot;
    &gt;
      Test content
    &lt;/div&gt;
  &lt;/div&gt;
  &lt;div&gt;
    &lt;div
      style=&quot;min-height: 400px; background: rgb(245, 245, 245); display: flex; align-items: center; justify-content: center; padding: 32px; border-radius: 8px;&quot;
    &gt;
      &lt;div
        style=&quot;max-width: 600px; width: 100%; text-align: center; background: rgba(255, 255, 255, 0.9); border-radius: 16px; padding: 32px; border: 1px solid rgb(229, 231, 235); box-shadow: 0 4px 6px rgba(0, 0, 0, 0.1);&quot;
      &gt;
        &lt;svg
          aria-hidden=&quot;true&quot;
          class=&quot;lucide lucide-circle-alert&quot;
          fill=&quot;none&quot;
          height=&quot;48&quot;
          stroke=&quot;currentColor&quot;
          stroke-linecap=&quot;round&quot;
          stroke-linejoin=&quot;round&quot;
          stroke-width=&quot;2&quot;
          style=&quot;color: rgb(239, 68, 68); margin-bottom: 16px;&quot;
          viewBox=&quot;0 0 24 24&quot;
          width=&quot;48&quot;
          xmlns=&quot;http://www.w3.org/2000/svg&quot;
        &gt;
          &lt;circle
            cx=&quot;12&quot;
            cy=&quot;12&quot;
            r=&quot;10&quot;
          /&gt;
          &lt;line
            x1=&quot;12&quot;
            x2=&quot;12&quot;
            y1=&quot;8&quot;
            y2=&quot;12&quot;
          /&gt;
          &lt;line
            x1=&quot;12&quot;
            x2=&quot;12.01&quot;
            y1=&quot;16&quot;
            y2=&quot;16&quot;
          /&gt;
        &lt;/svg&gt;
        &lt;h3
          style=&quot;font-size: 20px; font-weight: bold; margin-bottom: 8px; color: rgb(31, 41, 55);&quot;
        &gt;
          Network Connection Issue
        &lt;/h3&gt;
        &lt;p
          style=&quot;font-size: 14px; margin-bottom: 20px; color: rgb(107, 114, 128); line-height: 1.5;&quot;
        &gt;
          Check your internet connection and try again. If the problem persists, contact your network administrator.
        &lt;/p&gt;
        &lt;details
          style=&quot;text-align: left; margin-bottom: 20px; background: rgba(0, 0, 0, 0.05); padding: 12px; border-radius: 6px; font-size: 12px;&quot;
        &gt;
          &lt;summary
            style=&quot;cursor: pointer; margin-bottom: 8px; color: rgb(107, 114, 128); font-size: 12px;&quot;
          &gt;
            &lt;svg
              aria-hidden=&quot;true&quot;
              class=&quot;lucide lucide-bug&quot;
              fill=&quot;none&quot;
              height=&quot;14&quot;
              stroke=&quot;currentColor&quot;
              stroke-linecap=&quot;round&quot;
              stroke-linejoin=&quot;round&quot;
              stroke-width=&quot;2&quot;
              style=&quot;margin-right: 6px; vertical-align: middle;&quot;
              viewBox=&quot;0 0 24 24&quot;
              width=&quot;14&quot;
              xmlns=&quot;http://www.w3.org/2000/svg&quot;
            &gt;
              &lt;path
                d=&quot;m8 2 1.88 1.88&quot;
              /&gt;
              &lt;path
                d=&quot;M14.12 3.88 16 2&quot;
              /&gt;
              &lt;path
                d=&quot;M9 7.13v-1a3.003 3.003 0 1 1 6 0v1&quot;
              /&gt;
              &lt;path
                d=&quot;M12 20c-3.3 0-6-2.7-6-6v-3a4 4 0 0 1 4-4h4a4 4 0 0 1 4 4v3c0 3.3-2.7 6-6 6&quot;
              /&gt;
              &lt;path
                d=&quot;M12 20v-9&quot;
              /&gt;
              &lt;path
                d=&quot;M6.53 9C4.6 8.8 3 7.1 3 5&quot;
              /&gt;
              &lt;path
                d=&quot;M6 13H2&quot;
              /&gt;
              &lt;path
                d=&quot;M3 21c0-2.1 1.7-3.9 3.8-4&quot;
              /&gt;
              &lt;path
                d=&quot;M20.97 5c0 2.1-1.6 3.8-3.5 4&quot;
              /&gt;
              &lt;path
                d=&quot;M22 13h-4&quot;
              /&gt;
              &lt;path
                d=&quot;M17.2 17c2.1.1 3.8 1.9 3.8 4&quot;
              /&gt;
            &lt;/svg&gt;
            Error Details (Development Only)
          &lt;/summary&gt;
          &lt;div
            style=&quot;font-family: monospace; color: rgb(75, 85, 99); word-break: break-word;&quot;
          &gt;
            &lt;strong&gt;
              Type:
            &lt;/strong&gt;
             
            NETWORK
            &lt;br /&gt;
            &lt;strong&gt;
              Code:
            &lt;/strong&gt;
             
            NETWORK_ERROR
            &lt;br /&gt;
            &lt;strong&gt;
              Message:
            &lt;/strong&gt;
             
            Test error message
            &lt;br /&gt;
            &lt;strong&gt;
              Stack:
            &lt;/strong&gt;
            &lt;pre
              style=&quot;white-space: pre-wrap; word-break: break-word; margin: 4px 0px 0px 0px; font-size: 10px;&quot;
            &gt;
              AppError: Test error message
    at ThrowErrorComponent (/home/ilya/projects/SimpleAdminReporter/frontend/src/components/query/__tests__/QueryPreviewErrorBoundary.test.tsx:59:19)
    at Object.react_stack_bottom_frame (/home/ilya/projects/SimpleAdminReporter/frontend/node_modules/react-dom/cjs/react-dom-client.development.js:23863:20)
    at renderWithHooks (/home/ilya/projects/SimpleAdminReporter/frontend/node_modules/react-dom/cjs/react-dom-client.development.js:5529:22)
    at updateFunctionComponent (/home/ilya/projects/SimpleAdminReporter/frontend/node_modules/react-dom/cjs/react-dom-client.development.js:8897:19)
    at beginWork (/home/ilya/projects/SimpleAdminReporter/frontend/node_modules/react-dom/cjs/react-dom-client.development.js:10522:18)
    at runWithFiberInDEV (/home/ilya/projects/SimpleAdminReporter/frontend/node_modules/react-dom/cjs/react-dom-client.development.js:1522:13...
 ❯ ThrowErrorComponent src/components/query/__tests__/QueryPreviewErrorBoundary.test.tsx:59:19
 ❯ Object.react_stack_bottom_frame node_modules/react-dom/cjs/react-dom-client.development.js:23863:20
 ❯ renderWithHooks node_modules/react-dom/cjs/react-dom-client.development.js:5529:22
 ❯ updateFunctionComponent node_modules/react-dom/cjs/react-dom-client.development.js:8897:19
 ❯ beginWork node_modules/react-dom/cjs/react-dom-client.development.js:10522:18
 ❯ Object.getElementError node_modules/@testing-library/dom/dist/config.js:37:19
 ❯ getElementError node_modules/@testing-library/dom/dist/query-helpers.js:20:35
 ❯ getMultipleElementsFoundError node_modules/@testing-library/dom/dist/query-helpers.js:23:10
 ❯ node_modules/@testing-library/dom/dist/query-helpers.js:55:13
 ❯ node_modules/@testing-library/dom/dist/query-helpers.js:95:19
 ❯ src/components/query/__tests__/QueryPreviewErrorBoundary.test.tsx:373:34
            </failure>
            <failure message="Cannot delete property &apos;gtag&apos; of #&lt;Object&gt;" type="TypeError">
TypeError: Cannot delete property &apos;gtag&apos; of #&lt;Object&gt;
 ❯ src/components/query/__tests__/QueryPreviewErrorBoundary.test.tsx:49:3
            </failure>
        </testcase>
        <testcase classname="src/components/query/__tests__/QueryPreviewErrorBoundary.test.tsx" name="QueryPreviewErrorBoundary &gt; Retry Logic and Exponential Backoff &gt; handles retry failure gracefully" time="0.133343431">
            <failure message="Found multiple elements with the text: Try Again

Here are the matching elements:

Ignored nodes: comments, script, style
[36m&lt;span&gt;[39m
  [0mTry Again[0m
[36m&lt;/span&gt;[39m

Ignored nodes: comments, script, style
[36m&lt;span&gt;[39m
  [0mTry Again[0m
[36m&lt;/span&gt;[39m

Ignored nodes: comments, script, style
[36m&lt;span&gt;[39m
  [0mTry Again[0m
[36m&lt;/span&gt;[39m

Ignored nodes: comments, script, style
[36m&lt;span&gt;[39m
  [0mTry Again[0m
[36m&lt;/span&gt;[39m

Ignored nodes: comments, script, style
[36m&lt;span&gt;[39m
  [0mTry Again[0m
[36m&lt;/span&gt;[39m

Ignored nodes: comments, script, style
[36m&lt;span&gt;[39m
  [0mTry Again[0m
[36m&lt;/span&gt;[39m

Ignored nodes: comments, script, style
[36m&lt;span&gt;[39m
  [0mTry Again[0m
[36m&lt;/span&gt;[39m

Ignored nodes: comments, script, style
[36m&lt;span&gt;[39m
  [0mTry Again[0m
[36m&lt;/span&gt;[39m

Ignored nodes: comments, script, style
[36m&lt;span&gt;[39m
  [0mTry Again[0m
[36m&lt;/span&gt;[39m

Ignored nodes: comments, script, style
[36m&lt;span&gt;[39m
  [0mTry Again[0m
[36m&lt;/span&gt;[39m

Ignored nodes: comments, script, style
[36m&lt;span&gt;[39m
  [0mTry Again[0m
[36m&lt;/span&gt;[39m

Ignored nodes: comments, script, style
[36m&lt;span&gt;[39m
  [0mTry Again[0m
[36m&lt;/span&gt;[39m

Ignored nodes: comments, script, style
[36m&lt;span&gt;[39m
  [0mTry Again[0m
[36m&lt;/span&gt;[39m

Ignored nodes: comments, script, style
[36m&lt;span&gt;[39m
  [0mTry Again[0m
[36m&lt;/span&gt;[39m

Ignored nodes: comments, script, style
[36m&lt;span&gt;[39m
  [0mTry Again[0m
[36m&lt;/span&gt;[39m

Ignored nodes: comments, script, style
[36m&lt;span&gt;[39m
  [0mTry Again[0m
[36m&lt;/span&gt;[39m

(If this is intentional, then use the `*AllBy*` variant of the query (like `queryAllByText`, `getAllByText`, or `findAllByText`)).

Ignored nodes: comments, script, style
[36m&lt;body&gt;[39m
  [36m&lt;div&gt;[39m
    [36m&lt;div[39m
      [33mdata-testid[39m=[32m&quot;test-content&quot;[39m
    [36m&gt;[39m
      [0mTest content[0m
    [36m&lt;/div&gt;[39m
  [36m&lt;/div&gt;[39m
  [36m&lt;div&gt;[39m
    [36m&lt;div[39m
      [33mstyle[39m=[32m&quot;min-height: 400px; background: rgb(245, 245, 245); display: flex; align-items: center; justify-content: center; padding: 32px; border-radius: 8px;&quot;[39m
    [36m&gt;[39m
      [36m&lt;div[39m
        [33mstyle[39m=[32m&quot;max-width: 600px; width: 100%; text-align: center; background: rgba(255, 255, 255, 0.9); border-radius: 16px; padding: 32px; border: 1px solid rgb(229, 231, 235); box-shadow: 0 4px 6px rgba(0, 0, 0, 0.1);&quot;[39m
      [36m&gt;[39m
        [36m&lt;svg[39m
          [33maria-hidden[39m=[32m&quot;true&quot;[39m
          [33mclass[39m=[32m&quot;lucide lucide-circle-alert&quot;[39m
          [33mfill[39m=[32m&quot;none&quot;[39m
          [33mheight[39m=[32m&quot;48&quot;[39m
          [33mstroke[39m=[32m&quot;currentColor&quot;[39m
          [33mstroke-linecap[39m=[32m&quot;round&quot;[39m
          [33mstroke-linejoin[39m=[32m&quot;round&quot;[39m
          [33mstroke-width[39m=[32m&quot;2&quot;[39m
          [33mstyle[39m=[32m&quot;color: rgb(239, 68, 68); margin-bottom: 16px;&quot;[39m
          [33mviewBox[39m=[32m&quot;0 0 24 24&quot;[39m
          [33mwidth[39m=[32m&quot;48&quot;[39m
          [33mxmlns[39m=[32m&quot;http://www.w3.org/2000/svg&quot;[39m
        [36m&gt;[39m
          [36m&lt;circle[39m
            [33mcx[39m=[32m&quot;12&quot;[39m
            [33mcy[39m=[32m&quot;12&quot;[39m
            [33mr[39m=[32m&quot;10&quot;[39m
          [36m/&gt;[39m
          [36m&lt;line[39m
            [33mx1[39m=[32m&quot;12&quot;[39m
            [33mx2[39m=[32m&quot;12&quot;[39m
            [33my1[39m=[32m&quot;8&quot;[39m
            [33my2[39m=[32m&quot;12&quot;[39m
          [36m/&gt;[39m
          [36m&lt;line[39m
            [33mx1[39m=[32m&quot;12&quot;[39m
            [33mx2[39m=[32m&quot;12.01&quot;[39m
            [33my1[39m=[32m&quot;16&quot;[39m
            [33my2[39m=[32m&quot;16&quot;[39m
          [36m/&gt;[39m
        [36m&lt;/svg&gt;[39m
        [36m&lt;h3[39m
          [33mstyle[39m=[32m&quot;font-size: 20px; font-weight: bold; margin-bottom: 8px; color: rgb(31, 41, 55);&quot;[39m
        [36m&gt;[39m
          [0mNetwork Connection Issue[0m
        [36m&lt;/h3&gt;[39m
        [36m&lt;p[39m
          [33mstyle[39m=[32m&quot;font-size: 14px; margin-bottom: 20px; color: rgb(107, 114, 128); line-height: 1.5;&quot;[39m
        [36m&gt;[39m
          [0mCheck your internet connection and try again. If the problem persists, contact your network administrator.[0m
        [36m&lt;/p&gt;[39m
        [36m&lt;details[39m
          [33mstyle[39m=[32m&quot;text-align: left; margin-bottom: 20px; background: rgba(0, 0, 0, 0.05); padding: 12px; border-radius: 6px; font-size: 12px;&quot;[39m
        [36m&gt;[39m
          [36m&lt;summary[39m
            [33mstyle[39m=[32m&quot;cursor: pointer; margin-bottom: 8px; color: rgb(107, 114, 128); font-size: 12px;&quot;[39m
          [36m&gt;[39m
            [36m&lt;svg[39m
              [33maria-hidden[39m=[32m&quot;true&quot;[39m
              [33mclass[39m=[32m&quot;lucide lucide-bug&quot;[39m
              [33mfill[39m=[32m&quot;none&quot;[39m
              [33mheight[39m=[32m&quot;14&quot;[39m
              [33mstroke[39m=[32m&quot;currentColor&quot;[39m
              [33mstroke-linecap[39m=[32m&quot;round&quot;[39m
              [33mstroke-linejoin[39m=[32m&quot;round&quot;[39m
              [33mstroke-width[39m=[32m&quot;2&quot;[39m
              [33mstyle[39m=[32m&quot;margin-right: 6px; vertical-align: middle;&quot;[39m
              [33mviewBox[39m=[32m&quot;0 0 24 24&quot;[39m
              [33mwidth[39m=[32m&quot;14&quot;[39m
              [33mxmlns[39m=[32m&quot;http://www.w3.org/2000/svg&quot;[39m
            [36m&gt;[39m
              [36m&lt;path[39m
                [33md[39m=[32m&quot;m8 2 1.88 1.88&quot;[39m
              [36m/&gt;[39m
              [36m&lt;path[39m
                [33md[39m=[32m&quot;M14.12 3.88 16 2&quot;[39m
              [36m/&gt;[39m
              [36m&lt;path[39m
                [33md[39m=[32m&quot;M9 7.13v-1a3.003 3.003 0 1 1 6 0v1&quot;[39m
              [36m/&gt;[39m
              [36m&lt;path[39m
                [33md[39m=[32m&quot;M12 20c-3.3 0-6-2.7-6-6v-3a4 4 0 0 1 4-4h4a4 4 0 0 1 4 4v3c0 3.3-2.7 6-6 6&quot;[39m
              [36m/&gt;[39m
              [36m&lt;path[39m
                [33md[39m=[32m&quot;M12 20v-9&quot;[39m
              [36m/&gt;[39m
              [36m&lt;path[39m
                [33md[39m=[32m&quot;M6.53 9C4.6 8.8 3 7.1 3 5&quot;[39m
              [36m/&gt;[39m
              [36m&lt;path[39m
                [33md[39m=[32m&quot;M6 13H2&quot;[39m
              [36m/&gt;[39m
              [36m&lt;path[39m
                [33md[39m=[32m&quot;M3 21c0-2.1 1.7-3.9 3.8-4&quot;[39m
              [36m/&gt;[39m
              [36m&lt;path[39m
                [33md[39m=[32m&quot;M20.97 5c0 2.1-1.6 3.8-3.5 4&quot;[39m
              [36m/&gt;[39m
              [36m&lt;path[39m
                [33md[39m=[32m&quot;M22 13h-4&quot;[39m
              [36m/&gt;[39m
              [36m&lt;path[39m
                [33md[39m=[32m&quot;M17.2 17c2.1.1 3.8 1.9 3.8 4&quot;[39m
              [36m/&gt;[39m
            [36m&lt;/svg&gt;[39m
            [0mError Details (Development Only)[0m
          [36m&lt;/summary&gt;[39m
          [36m&lt;div[39m
            [33mstyle[39m=[32m&quot;font-family: monospace; color: rgb(75, 85, 99); word-break: break-word;&quot;[39m
          [36m&gt;[39m
            [36m&lt;strong&gt;[39m
              [0mType:[0m
            [36m&lt;/strong&gt;[39m
            [0m [0m
            [0mNETWORK[0m
            [36m&lt;br /&gt;[39m
            [36m&lt;strong&gt;[39m
              [0mCode:[0m
            [36m&lt;/strong&gt;[39m
            [0m [0m
            [0mNETWORK_ERROR[0m
            [36m&lt;br /&gt;[39m
            [36m&lt;strong&gt;[39m
              [0mMessage:[0m
            [36m&lt;/strong&gt;[39m
            [0m [0m
            [0mTest error message[0m
            [36m&lt;br /&gt;[39m
            [36m&lt;strong&gt;[39m
              [0mStack:[0m
            [36m&lt;/strong&gt;[39m
            [36m&lt;pre[39m
              [33mstyle[39m=[32m&quot;white-space: pre-wrap; word-break: break-word; margin: 4px 0px 0px 0px; font-size: 10px;&quot;[39m
            [36m&gt;[39m
              [0mAppError: Test error message
    at ThrowErrorComponent (/home/ilya/projects/SimpleAdminReporter/frontend/src/components/query/__tests__/QueryPreviewErrorBoundary.test.tsx:59:19)
    at Object.react_stack_bottom_frame (/home/ilya/projects/SimpleAdminReporter/frontend/node_modules/react-dom/cjs/react-dom-client.development.js:23863:20)
    at renderWithHooks (/home/ilya/projects/SimpleAdminReporter/frontend/node_modules/react-dom/cjs/react-dom-client.development.js:5529:22)
    at updateFunctionComponent (/home/ilya/projects/SimpleAdminReporter/frontend/node_modules/react-dom/cjs/react-dom-client.development.js:8897:19)
    at beginWork (/home/ilya/projects/SimpleAdminReporter/frontend/node_modules/react-dom/cjs/react-dom-client.development.js:10522:18)
    at runWithFiberInDEV (/home/ilya/projects/SimpleAdminReporter/frontend/node_modules/react-dom/cjs/react-dom-client.development.js:1522:13..." type="TestingLibraryElementError">
TestingLibraryElementError: Found multiple elements with the text: Try Again

Here are the matching elements:

Ignored nodes: comments, script, style
&lt;span&gt;
  Try Again
&lt;/span&gt;

Ignored nodes: comments, script, style
&lt;span&gt;
  Try Again
&lt;/span&gt;

Ignored nodes: comments, script, style
&lt;span&gt;
  Try Again
&lt;/span&gt;

Ignored nodes: comments, script, style
&lt;span&gt;
  Try Again
&lt;/span&gt;

Ignored nodes: comments, script, style
&lt;span&gt;
  Try Again
&lt;/span&gt;

Ignored nodes: comments, script, style
&lt;span&gt;
  Try Again
&lt;/span&gt;

Ignored nodes: comments, script, style
&lt;span&gt;
  Try Again
&lt;/span&gt;

Ignored nodes: comments, script, style
&lt;span&gt;
  Try Again
&lt;/span&gt;

Ignored nodes: comments, script, style
&lt;span&gt;
  Try Again
&lt;/span&gt;

Ignored nodes: comments, script, style
&lt;span&gt;
  Try Again
&lt;/span&gt;

Ignored nodes: comments, script, style
&lt;span&gt;
  Try Again
&lt;/span&gt;

Ignored nodes: comments, script, style
&lt;span&gt;
  Try Again
&lt;/span&gt;

Ignored nodes: comments, script, style
&lt;span&gt;
  Try Again
&lt;/span&gt;

Ignored nodes: comments, script, style
&lt;span&gt;
  Try Again
&lt;/span&gt;

Ignored nodes: comments, script, style
&lt;span&gt;
  Try Again
&lt;/span&gt;

Ignored nodes: comments, script, style
&lt;span&gt;
  Try Again
&lt;/span&gt;

(If this is intentional, then use the `*AllBy*` variant of the query (like `queryAllByText`, `getAllByText`, or `findAllByText`)).

Ignored nodes: comments, script, style
&lt;body&gt;
  &lt;div&gt;
    &lt;div
      data-testid=&quot;test-content&quot;
    &gt;
      Test content
    &lt;/div&gt;
  &lt;/div&gt;
  &lt;div&gt;
    &lt;div
      style=&quot;min-height: 400px; background: rgb(245, 245, 245); display: flex; align-items: center; justify-content: center; padding: 32px; border-radius: 8px;&quot;
    &gt;
      &lt;div
        style=&quot;max-width: 600px; width: 100%; text-align: center; background: rgba(255, 255, 255, 0.9); border-radius: 16px; padding: 32px; border: 1px solid rgb(229, 231, 235); box-shadow: 0 4px 6px rgba(0, 0, 0, 0.1);&quot;
      &gt;
        &lt;svg
          aria-hidden=&quot;true&quot;
          class=&quot;lucide lucide-circle-alert&quot;
          fill=&quot;none&quot;
          height=&quot;48&quot;
          stroke=&quot;currentColor&quot;
          stroke-linecap=&quot;round&quot;
          stroke-linejoin=&quot;round&quot;
          stroke-width=&quot;2&quot;
          style=&quot;color: rgb(239, 68, 68); margin-bottom: 16px;&quot;
          viewBox=&quot;0 0 24 24&quot;
          width=&quot;48&quot;
          xmlns=&quot;http://www.w3.org/2000/svg&quot;
        &gt;
          &lt;circle
            cx=&quot;12&quot;
            cy=&quot;12&quot;
            r=&quot;10&quot;
          /&gt;
          &lt;line
            x1=&quot;12&quot;
            x2=&quot;12&quot;
            y1=&quot;8&quot;
            y2=&quot;12&quot;
          /&gt;
          &lt;line
            x1=&quot;12&quot;
            x2=&quot;12.01&quot;
            y1=&quot;16&quot;
            y2=&quot;16&quot;
          /&gt;
        &lt;/svg&gt;
        &lt;h3
          style=&quot;font-size: 20px; font-weight: bold; margin-bottom: 8px; color: rgb(31, 41, 55);&quot;
        &gt;
          Network Connection Issue
        &lt;/h3&gt;
        &lt;p
          style=&quot;font-size: 14px; margin-bottom: 20px; color: rgb(107, 114, 128); line-height: 1.5;&quot;
        &gt;
          Check your internet connection and try again. If the problem persists, contact your network administrator.
        &lt;/p&gt;
        &lt;details
          style=&quot;text-align: left; margin-bottom: 20px; background: rgba(0, 0, 0, 0.05); padding: 12px; border-radius: 6px; font-size: 12px;&quot;
        &gt;
          &lt;summary
            style=&quot;cursor: pointer; margin-bottom: 8px; color: rgb(107, 114, 128); font-size: 12px;&quot;
          &gt;
            &lt;svg
              aria-hidden=&quot;true&quot;
              class=&quot;lucide lucide-bug&quot;
              fill=&quot;none&quot;
              height=&quot;14&quot;
              stroke=&quot;currentColor&quot;
              stroke-linecap=&quot;round&quot;
              stroke-linejoin=&quot;round&quot;
              stroke-width=&quot;2&quot;
              style=&quot;margin-right: 6px; vertical-align: middle;&quot;
              viewBox=&quot;0 0 24 24&quot;
              width=&quot;14&quot;
              xmlns=&quot;http://www.w3.org/2000/svg&quot;
            &gt;
              &lt;path
                d=&quot;m8 2 1.88 1.88&quot;
              /&gt;
              &lt;path
                d=&quot;M14.12 3.88 16 2&quot;
              /&gt;
              &lt;path
                d=&quot;M9 7.13v-1a3.003 3.003 0 1 1 6 0v1&quot;
              /&gt;
              &lt;path
                d=&quot;M12 20c-3.3 0-6-2.7-6-6v-3a4 4 0 0 1 4-4h4a4 4 0 0 1 4 4v3c0 3.3-2.7 6-6 6&quot;
              /&gt;
              &lt;path
                d=&quot;M12 20v-9&quot;
              /&gt;
              &lt;path
                d=&quot;M6.53 9C4.6 8.8 3 7.1 3 5&quot;
              /&gt;
              &lt;path
                d=&quot;M6 13H2&quot;
              /&gt;
              &lt;path
                d=&quot;M3 21c0-2.1 1.7-3.9 3.8-4&quot;
              /&gt;
              &lt;path
                d=&quot;M20.97 5c0 2.1-1.6 3.8-3.5 4&quot;
              /&gt;
              &lt;path
                d=&quot;M22 13h-4&quot;
              /&gt;
              &lt;path
                d=&quot;M17.2 17c2.1.1 3.8 1.9 3.8 4&quot;
              /&gt;
            &lt;/svg&gt;
            Error Details (Development Only)
          &lt;/summary&gt;
          &lt;div
            style=&quot;font-family: monospace; color: rgb(75, 85, 99); word-break: break-word;&quot;
          &gt;
            &lt;strong&gt;
              Type:
            &lt;/strong&gt;
             
            NETWORK
            &lt;br /&gt;
            &lt;strong&gt;
              Code:
            &lt;/strong&gt;
             
            NETWORK_ERROR
            &lt;br /&gt;
            &lt;strong&gt;
              Message:
            &lt;/strong&gt;
             
            Test error message
            &lt;br /&gt;
            &lt;strong&gt;
              Stack:
            &lt;/strong&gt;
            &lt;pre
              style=&quot;white-space: pre-wrap; word-break: break-word; margin: 4px 0px 0px 0px; font-size: 10px;&quot;
            &gt;
              AppError: Test error message
    at ThrowErrorComponent (/home/ilya/projects/SimpleAdminReporter/frontend/src/components/query/__tests__/QueryPreviewErrorBoundary.test.tsx:59:19)
    at Object.react_stack_bottom_frame (/home/ilya/projects/SimpleAdminReporter/frontend/node_modules/react-dom/cjs/react-dom-client.development.js:23863:20)
    at renderWithHooks (/home/ilya/projects/SimpleAdminReporter/frontend/node_modules/react-dom/cjs/react-dom-client.development.js:5529:22)
    at updateFunctionComponent (/home/ilya/projects/SimpleAdminReporter/frontend/node_modules/react-dom/cjs/react-dom-client.development.js:8897:19)
    at beginWork (/home/ilya/projects/SimpleAdminReporter/frontend/node_modules/react-dom/cjs/react-dom-client.development.js:10522:18)
    at runWithFiberInDEV (/home/ilya/projects/SimpleAdminReporter/frontend/node_modules/react-dom/cjs/react-dom-client.development.js:1522:13...
 ❯ ThrowErrorComponent src/components/query/__tests__/QueryPreviewErrorBoundary.test.tsx:59:19
 ❯ Object.react_stack_bottom_frame node_modules/react-dom/cjs/react-dom-client.development.js:23863:20
 ❯ renderWithHooks node_modules/react-dom/cjs/react-dom-client.development.js:5529:22
 ❯ updateFunctionComponent node_modules/react-dom/cjs/react-dom-client.development.js:8897:19
 ❯ beginWork node_modules/react-dom/cjs/react-dom-client.development.js:10522:18
 ❯ Object.getElementError node_modules/@testing-library/dom/dist/config.js:37:19
 ❯ getElementError node_modules/@testing-library/dom/dist/query-helpers.js:20:35
 ❯ getMultipleElementsFoundError node_modules/@testing-library/dom/dist/query-helpers.js:23:10
 ❯ node_modules/@testing-library/dom/dist/query-helpers.js:55:13
 ❯ node_modules/@testing-library/dom/dist/query-helpers.js:95:19
 ❯ src/components/query/__tests__/QueryPreviewErrorBoundary.test.tsx:409:34
            </failure>
            <failure message="Cannot delete property &apos;gtag&apos; of #&lt;Object&gt;" type="TypeError">
TypeError: Cannot delete property &apos;gtag&apos; of #&lt;Object&gt;
 ❯ src/components/query/__tests__/QueryPreviewErrorBoundary.test.tsx:49:3
            </failure>
        </testcase>
        <testcase classname="src/components/query/__tests__/QueryPreviewErrorBoundary.test.tsx" name="QueryPreviewErrorBoundary &gt; Recovery Actions and Navigation &gt; shows go back button when onGoBack is provided" time="0.058591282">
            <failure message="Found multiple elements with the text: Go Back

Here are the matching elements:

Ignored nodes: comments, script, style
[36m&lt;span&gt;[39m
  [0mGo Back[0m
[36m&lt;/span&gt;[39m

Ignored nodes: comments, script, style
[36m&lt;span&gt;[39m
  [0mGo Back[0m
[36m&lt;/span&gt;[39m

Ignored nodes: comments, script, style
[36m&lt;span&gt;[39m
  [0mGo Back[0m
[36m&lt;/span&gt;[39m

Ignored nodes: comments, script, style
[36m&lt;span&gt;[39m
  [0mGo Back[0m
[36m&lt;/span&gt;[39m

Ignored nodes: comments, script, style
[36m&lt;span&gt;[39m
  [0mGo Back[0m
[36m&lt;/span&gt;[39m

Ignored nodes: comments, script, style
[36m&lt;span&gt;[39m
  [0mGo Back[0m
[36m&lt;/span&gt;[39m

Ignored nodes: comments, script, style
[36m&lt;span&gt;[39m
  [0mGo Back[0m
[36m&lt;/span&gt;[39m

Ignored nodes: comments, script, style
[36m&lt;span&gt;[39m
  [0mGo Back[0m
[36m&lt;/span&gt;[39m

Ignored nodes: comments, script, style
[36m&lt;span&gt;[39m
  [0mGo Back[0m
[36m&lt;/span&gt;[39m

Ignored nodes: comments, script, style
[36m&lt;span&gt;[39m
  [0mGo Back[0m
[36m&lt;/span&gt;[39m

Ignored nodes: comments, script, style
[36m&lt;span&gt;[39m
  [0mGo Back[0m
[36m&lt;/span&gt;[39m

Ignored nodes: comments, script, style
[36m&lt;span&gt;[39m
  [0mGo Back[0m
[36m&lt;/span&gt;[39m

Ignored nodes: comments, script, style
[36m&lt;span&gt;[39m
  [0mGo Back[0m
[36m&lt;/span&gt;[39m

Ignored nodes: comments, script, style
[36m&lt;span&gt;[39m
  [0mGo Back[0m
[36m&lt;/span&gt;[39m

Ignored nodes: comments, script, style
[36m&lt;span&gt;[39m
  [0mGo Back[0m
[36m&lt;/span&gt;[39m

Ignored nodes: comments, script, style
[36m&lt;span&gt;[39m
  [0mGo Back[0m
[36m&lt;/span&gt;[39m

Ignored nodes: comments, script, style
[36m&lt;span&gt;[39m
  [0mGo Back[0m
[36m&lt;/span&gt;[39m

Ignored nodes: comments, script, style
[36m&lt;span&gt;[39m
  [0mGo Back[0m
[36m&lt;/span&gt;[39m

Ignored nodes: comments, script, style
[36m&lt;span&gt;[39m
  [0mGo Back[0m
[36m&lt;/span&gt;[39m

Ignored nodes: comments, script, style
[36m&lt;span&gt;[39m
  [0mGo Back[0m
[36m&lt;/span&gt;[39m

Ignored nodes: comments, script, style
[36m&lt;span&gt;[39m
  [0mGo Back[0m
[36m&lt;/span&gt;[39m

Ignored nodes: comments, script, style
[36m&lt;span&gt;[39m
  [0mGo Back[0m
[36m&lt;/span&gt;[39m

(If this is intentional, then use the `*AllBy*` variant of the query (like `queryAllByText`, `getAllByText`, or `findAllByText`)).

Ignored nodes: comments, script, style
[36m&lt;body&gt;[39m
  [36m&lt;div&gt;[39m
    [36m&lt;div[39m
      [33mdata-testid[39m=[32m&quot;test-content&quot;[39m
    [36m&gt;[39m
      [0mTest content[0m
    [36m&lt;/div&gt;[39m
  [36m&lt;/div&gt;[39m
  [36m&lt;div&gt;[39m
    [36m&lt;div[39m
      [33mstyle[39m=[32m&quot;min-height: 400px; background: rgb(245, 245, 245); display: flex; align-items: center; justify-content: center; padding: 32px; border-radius: 8px;&quot;[39m
    [36m&gt;[39m
      [36m&lt;div[39m
        [33mstyle[39m=[32m&quot;max-width: 600px; width: 100%; text-align: center; background: rgba(255, 255, 255, 0.9); border-radius: 16px; padding: 32px; border: 1px solid rgb(229, 231, 235); box-shadow: 0 4px 6px rgba(0, 0, 0, 0.1);&quot;[39m
      [36m&gt;[39m
        [36m&lt;svg[39m
          [33maria-hidden[39m=[32m&quot;true&quot;[39m
          [33mclass[39m=[32m&quot;lucide lucide-circle-alert&quot;[39m
          [33mfill[39m=[32m&quot;none&quot;[39m
          [33mheight[39m=[32m&quot;48&quot;[39m
          [33mstroke[39m=[32m&quot;currentColor&quot;[39m
          [33mstroke-linecap[39m=[32m&quot;round&quot;[39m
          [33mstroke-linejoin[39m=[32m&quot;round&quot;[39m
          [33mstroke-width[39m=[32m&quot;2&quot;[39m
          [33mstyle[39m=[32m&quot;color: rgb(239, 68, 68); margin-bottom: 16px;&quot;[39m
          [33mviewBox[39m=[32m&quot;0 0 24 24&quot;[39m
          [33mwidth[39m=[32m&quot;48&quot;[39m
          [33mxmlns[39m=[32m&quot;http://www.w3.org/2000/svg&quot;[39m
        [36m&gt;[39m
          [36m&lt;circle[39m
            [33mcx[39m=[32m&quot;12&quot;[39m
            [33mcy[39m=[32m&quot;12&quot;[39m
            [33mr[39m=[32m&quot;10&quot;[39m
          [36m/&gt;[39m
          [36m&lt;line[39m
            [33mx1[39m=[32m&quot;12&quot;[39m
            [33mx2[39m=[32m&quot;12&quot;[39m
            [33my1[39m=[32m&quot;8&quot;[39m
            [33my2[39m=[32m&quot;12&quot;[39m
          [36m/&gt;[39m
          [36m&lt;line[39m
            [33mx1[39m=[32m&quot;12&quot;[39m
            [33mx2[39m=[32m&quot;12.01&quot;[39m
            [33my1[39m=[32m&quot;16&quot;[39m
            [33my2[39m=[32m&quot;16&quot;[39m
          [36m/&gt;[39m
        [36m&lt;/svg&gt;[39m
        [36m&lt;h3[39m
          [33mstyle[39m=[32m&quot;font-size: 20px; font-weight: bold; margin-bottom: 8px; color: rgb(31, 41, 55);&quot;[39m
        [36m&gt;[39m
          [0mNetwork Connection Issue[0m
        [36m&lt;/h3&gt;[39m
        [36m&lt;p[39m
          [33mstyle[39m=[32m&quot;font-size: 14px; margin-bottom: 20px; color: rgb(107, 114, 128); line-height: 1.5;&quot;[39m
        [36m&gt;[39m
          [0mCheck your internet connection and try again. If the problem persists, contact your network administrator.[0m
        [36m&lt;/p&gt;[39m
        [36m&lt;details[39m
          [33mstyle[39m=[32m&quot;text-align: left; margin-bottom: 20px; background: rgba(0, 0, 0, 0.05); padding: 12px; border-radius: 6px; font-size: 12px;&quot;[39m
        [36m&gt;[39m
          [36m&lt;summary[39m
            [33mstyle[39m=[32m&quot;cursor: pointer; margin-bottom: 8px; color: rgb(107, 114, 128); font-size: 12px;&quot;[39m
          [36m&gt;[39m
            [36m&lt;svg[39m
              [33maria-hidden[39m=[32m&quot;true&quot;[39m
              [33mclass[39m=[32m&quot;lucide lucide-bug&quot;[39m
              [33mfill[39m=[32m&quot;none&quot;[39m
              [33mheight[39m=[32m&quot;14&quot;[39m
              [33mstroke[39m=[32m&quot;currentColor&quot;[39m
              [33mstroke-linecap[39m=[32m&quot;round&quot;[39m
              [33mstroke-linejoin[39m=[32m&quot;round&quot;[39m
              [33mstroke-width[39m=[32m&quot;2&quot;[39m
              [33mstyle[39m=[32m&quot;margin-right: 6px; vertical-align: middle;&quot;[39m
              [33mviewBox[39m=[32m&quot;0 0 24 24&quot;[39m
              [33mwidth[39m=[32m&quot;14&quot;[39m
              [33mxmlns[39m=[32m&quot;http://www.w3.org/2000/svg&quot;[39m
            [36m&gt;[39m
              [36m&lt;path[39m
                [33md[39m=[32m&quot;m8 2 1.88 1.88&quot;[39m
              [36m/&gt;[39m
              [36m&lt;path[39m
                [33md[39m=[32m&quot;M14.12 3.88 16 2&quot;[39m
              [36m/&gt;[39m
              [36m&lt;path[39m
                [33md[39m=[32m&quot;M9 7.13v-1a3.003 3.003 0 1 1 6 0v1&quot;[39m
              [36m/&gt;[39m
              [36m&lt;path[39m
                [33md[39m=[32m&quot;M12 20c-3.3 0-6-2.7-6-6v-3a4 4 0 0 1 4-4h4a4 4 0 0 1 4 4v3c0 3.3-2.7 6-6 6&quot;[39m
              [36m/&gt;[39m
              [36m&lt;path[39m
                [33md[39m=[32m&quot;M12 20v-9&quot;[39m
              [36m/&gt;[39m
              [36m&lt;path[39m
                [33md[39m=[32m&quot;M6.53 9C4.6 8.8 3 7.1 3 5&quot;[39m
              [36m/&gt;[39m
              [36m&lt;path[39m
                [33md[39m=[32m&quot;M6 13H2&quot;[39m
              [36m/&gt;[39m
              [36m&lt;path[39m
                [33md[39m=[32m&quot;M3 21c0-2.1 1.7-3.9 3.8-4&quot;[39m
              [36m/&gt;[39m
              [36m&lt;path[39m
                [33md[39m=[32m&quot;M20.97 5c0 2.1-1.6 3.8-3.5 4&quot;[39m
              [36m/&gt;[39m
              [36m&lt;path[39m
                [33md[39m=[32m&quot;M22 13h-4&quot;[39m
              [36m/&gt;[39m
              [36m&lt;path[39m
                [33md[39m=[32m&quot;M17.2 17c2.1.1 3.8 1.9 3.8 4&quot;[39m
              [36m/&gt;[39m
            [36m&lt;/svg&gt;[39m
            [0mError Details (Development Only)[0m
          [36m&lt;/summary&gt;[39m
          [36m&lt;div[39m
            [33mstyle[39m=[32m&quot;font-family: monospace; color: rgb(75, 85, 99); word-break: break-word;&quot;[39m
          [36m&gt;[39m
            [36m&lt;strong&gt;[39m
              [0mType:[0m
            [36m&lt;/strong&gt;[39m
            [0m [0m
            [0mNETWORK[0m
            [36m&lt;br /&gt;[39m
            [36m&lt;strong&gt;[39m
              [0mCode:[0m
            [36m&lt;/strong&gt;[39m
            [0m [0m
            [0mNETWORK_ERROR[0m
            [36m&lt;br /&gt;[39m
            [36m&lt;strong&gt;[39m
              [0mMessage:[0m
            [36m&lt;/strong&gt;[39m
            [0m [0m
            [0mTest error message[0m
            [36m&lt;br /&gt;[39m
            [36m&lt;strong&gt;[39m
              [0mStack:[0m
            [36m&lt;/strong&gt;[39m
            [36m&lt;pre[39m
              [33mstyle[39m=[32m&quot;white-space: pre-wrap; word-break: break-word; margin: 4px 0px 0px 0px; font-size: 10px;&quot;[39m
            [36m&gt;[39m
              [0mAppError: Test error message
    at ThrowErrorComponent (/home/ilya/projects/SimpleAdminReporter/frontend/src/components/query/__tests__/QueryPreviewErrorBoundary.test.tsx:59:19)
    at Object.react_stack_bottom_frame (/home/ilya/projects/SimpleAdminReporter/frontend/node_modules/react-dom/cjs/react-dom-client.development.js:23863:20)
    at renderWithHooks (/home/ilya/projects/SimpleAdminReporter/frontend/node_modules/react-dom/cjs/react-dom-client.development.js:5529:22)
    at updateFunctionComponent (/home/ilya/projects/SimpleAdminReporter/frontend/node_modules/react-dom/cjs/react-dom-client.development.js:8897:19)
    at beginWork (/home/ilya/projects/SimpleAdminReporter/frontend/node_modules/react-dom/cjs/react-dom-client.development.js:10522:18)
    at runWithFiberInDEV (/home/ilya/projects/SimpleAdminReporter/frontend/node_modules/react-dom/cjs/react-dom-client.development.js:1522:13..." type="TestingLibraryElementError">
TestingLibraryElementError: Found multiple elements with the text: Go Back

Here are the matching elements:

Ignored nodes: comments, script, style
&lt;span&gt;
  Go Back
&lt;/span&gt;

Ignored nodes: comments, script, style
&lt;span&gt;
  Go Back
&lt;/span&gt;

Ignored nodes: comments, script, style
&lt;span&gt;
  Go Back
&lt;/span&gt;

Ignored nodes: comments, script, style
&lt;span&gt;
  Go Back
&lt;/span&gt;

Ignored nodes: comments, script, style
&lt;span&gt;
  Go Back
&lt;/span&gt;

Ignored nodes: comments, script, style
&lt;span&gt;
  Go Back
&lt;/span&gt;

Ignored nodes: comments, script, style
&lt;span&gt;
  Go Back
&lt;/span&gt;

Ignored nodes: comments, script, style
&lt;span&gt;
  Go Back
&lt;/span&gt;

Ignored nodes: comments, script, style
&lt;span&gt;
  Go Back
&lt;/span&gt;

Ignored nodes: comments, script, style
&lt;span&gt;
  Go Back
&lt;/span&gt;

Ignored nodes: comments, script, style
&lt;span&gt;
  Go Back
&lt;/span&gt;

Ignored nodes: comments, script, style
&lt;span&gt;
  Go Back
&lt;/span&gt;

Ignored nodes: comments, script, style
&lt;span&gt;
  Go Back
&lt;/span&gt;

Ignored nodes: comments, script, style
&lt;span&gt;
  Go Back
&lt;/span&gt;

Ignored nodes: comments, script, style
&lt;span&gt;
  Go Back
&lt;/span&gt;

Ignored nodes: comments, script, style
&lt;span&gt;
  Go Back
&lt;/span&gt;

Ignored nodes: comments, script, style
&lt;span&gt;
  Go Back
&lt;/span&gt;

Ignored nodes: comments, script, style
&lt;span&gt;
  Go Back
&lt;/span&gt;

Ignored nodes: comments, script, style
&lt;span&gt;
  Go Back
&lt;/span&gt;

Ignored nodes: comments, script, style
&lt;span&gt;
  Go Back
&lt;/span&gt;

Ignored nodes: comments, script, style
&lt;span&gt;
  Go Back
&lt;/span&gt;

Ignored nodes: comments, script, style
&lt;span&gt;
  Go Back
&lt;/span&gt;

(If this is intentional, then use the `*AllBy*` variant of the query (like `queryAllByText`, `getAllByText`, or `findAllByText`)).

Ignored nodes: comments, script, style
&lt;body&gt;
  &lt;div&gt;
    &lt;div
      data-testid=&quot;test-content&quot;
    &gt;
      Test content
    &lt;/div&gt;
  &lt;/div&gt;
  &lt;div&gt;
    &lt;div
      style=&quot;min-height: 400px; background: rgb(245, 245, 245); display: flex; align-items: center; justify-content: center; padding: 32px; border-radius: 8px;&quot;
    &gt;
      &lt;div
        style=&quot;max-width: 600px; width: 100%; text-align: center; background: rgba(255, 255, 255, 0.9); border-radius: 16px; padding: 32px; border: 1px solid rgb(229, 231, 235); box-shadow: 0 4px 6px rgba(0, 0, 0, 0.1);&quot;
      &gt;
        &lt;svg
          aria-hidden=&quot;true&quot;
          class=&quot;lucide lucide-circle-alert&quot;
          fill=&quot;none&quot;
          height=&quot;48&quot;
          stroke=&quot;currentColor&quot;
          stroke-linecap=&quot;round&quot;
          stroke-linejoin=&quot;round&quot;
          stroke-width=&quot;2&quot;
          style=&quot;color: rgb(239, 68, 68); margin-bottom: 16px;&quot;
          viewBox=&quot;0 0 24 24&quot;
          width=&quot;48&quot;
          xmlns=&quot;http://www.w3.org/2000/svg&quot;
        &gt;
          &lt;circle
            cx=&quot;12&quot;
            cy=&quot;12&quot;
            r=&quot;10&quot;
          /&gt;
          &lt;line
            x1=&quot;12&quot;
            x2=&quot;12&quot;
            y1=&quot;8&quot;
            y2=&quot;12&quot;
          /&gt;
          &lt;line
            x1=&quot;12&quot;
            x2=&quot;12.01&quot;
            y1=&quot;16&quot;
            y2=&quot;16&quot;
          /&gt;
        &lt;/svg&gt;
        &lt;h3
          style=&quot;font-size: 20px; font-weight: bold; margin-bottom: 8px; color: rgb(31, 41, 55);&quot;
        &gt;
          Network Connection Issue
        &lt;/h3&gt;
        &lt;p
          style=&quot;font-size: 14px; margin-bottom: 20px; color: rgb(107, 114, 128); line-height: 1.5;&quot;
        &gt;
          Check your internet connection and try again. If the problem persists, contact your network administrator.
        &lt;/p&gt;
        &lt;details
          style=&quot;text-align: left; margin-bottom: 20px; background: rgba(0, 0, 0, 0.05); padding: 12px; border-radius: 6px; font-size: 12px;&quot;
        &gt;
          &lt;summary
            style=&quot;cursor: pointer; margin-bottom: 8px; color: rgb(107, 114, 128); font-size: 12px;&quot;
          &gt;
            &lt;svg
              aria-hidden=&quot;true&quot;
              class=&quot;lucide lucide-bug&quot;
              fill=&quot;none&quot;
              height=&quot;14&quot;
              stroke=&quot;currentColor&quot;
              stroke-linecap=&quot;round&quot;
              stroke-linejoin=&quot;round&quot;
              stroke-width=&quot;2&quot;
              style=&quot;margin-right: 6px; vertical-align: middle;&quot;
              viewBox=&quot;0 0 24 24&quot;
              width=&quot;14&quot;
              xmlns=&quot;http://www.w3.org/2000/svg&quot;
            &gt;
              &lt;path
                d=&quot;m8 2 1.88 1.88&quot;
              /&gt;
              &lt;path
                d=&quot;M14.12 3.88 16 2&quot;
              /&gt;
              &lt;path
                d=&quot;M9 7.13v-1a3.003 3.003 0 1 1 6 0v1&quot;
              /&gt;
              &lt;path
                d=&quot;M12 20c-3.3 0-6-2.7-6-6v-3a4 4 0 0 1 4-4h4a4 4 0 0 1 4 4v3c0 3.3-2.7 6-6 6&quot;
              /&gt;
              &lt;path
                d=&quot;M12 20v-9&quot;
              /&gt;
              &lt;path
                d=&quot;M6.53 9C4.6 8.8 3 7.1 3 5&quot;
              /&gt;
              &lt;path
                d=&quot;M6 13H2&quot;
              /&gt;
              &lt;path
                d=&quot;M3 21c0-2.1 1.7-3.9 3.8-4&quot;
              /&gt;
              &lt;path
                d=&quot;M20.97 5c0 2.1-1.6 3.8-3.5 4&quot;
              /&gt;
              &lt;path
                d=&quot;M22 13h-4&quot;
              /&gt;
              &lt;path
                d=&quot;M17.2 17c2.1.1 3.8 1.9 3.8 4&quot;
              /&gt;
            &lt;/svg&gt;
            Error Details (Development Only)
          &lt;/summary&gt;
          &lt;div
            style=&quot;font-family: monospace; color: rgb(75, 85, 99); word-break: break-word;&quot;
          &gt;
            &lt;strong&gt;
              Type:
            &lt;/strong&gt;
             
            NETWORK
            &lt;br /&gt;
            &lt;strong&gt;
              Code:
            &lt;/strong&gt;
             
            NETWORK_ERROR
            &lt;br /&gt;
            &lt;strong&gt;
              Message:
            &lt;/strong&gt;
             
            Test error message
            &lt;br /&gt;
            &lt;strong&gt;
              Stack:
            &lt;/strong&gt;
            &lt;pre
              style=&quot;white-space: pre-wrap; word-break: break-word; margin: 4px 0px 0px 0px; font-size: 10px;&quot;
            &gt;
              AppError: Test error message
    at ThrowErrorComponent (/home/ilya/projects/SimpleAdminReporter/frontend/src/components/query/__tests__/QueryPreviewErrorBoundary.test.tsx:59:19)
    at Object.react_stack_bottom_frame (/home/ilya/projects/SimpleAdminReporter/frontend/node_modules/react-dom/cjs/react-dom-client.development.js:23863:20)
    at renderWithHooks (/home/ilya/projects/SimpleAdminReporter/frontend/node_modules/react-dom/cjs/react-dom-client.development.js:5529:22)
    at updateFunctionComponent (/home/ilya/projects/SimpleAdminReporter/frontend/node_modules/react-dom/cjs/react-dom-client.development.js:8897:19)
    at beginWork (/home/ilya/projects/SimpleAdminReporter/frontend/node_modules/react-dom/cjs/react-dom-client.development.js:10522:18)
    at runWithFiberInDEV (/home/ilya/projects/SimpleAdminReporter/frontend/node_modules/react-dom/cjs/react-dom-client.development.js:1522:13...
 ❯ ThrowErrorComponent src/components/query/__tests__/QueryPreviewErrorBoundary.test.tsx:59:19
 ❯ Object.react_stack_bottom_frame node_modules/react-dom/cjs/react-dom-client.development.js:23863:20
 ❯ renderWithHooks node_modules/react-dom/cjs/react-dom-client.development.js:5529:22
 ❯ updateFunctionComponent node_modules/react-dom/cjs/react-dom-client.development.js:8897:19
 ❯ beginWork node_modules/react-dom/cjs/react-dom-client.development.js:10522:18
 ❯ Object.getElementError node_modules/@testing-library/dom/dist/config.js:37:19
 ❯ getElementError node_modules/@testing-library/dom/dist/query-helpers.js:20:35
 ❯ getMultipleElementsFoundError node_modules/@testing-library/dom/dist/query-helpers.js:23:10
 ❯ node_modules/@testing-library/dom/dist/query-helpers.js:55:13
 ❯ node_modules/@testing-library/dom/dist/query-helpers.js:95:19
 ❯ src/components/query/__tests__/QueryPreviewErrorBoundary.test.tsx:439:21
            </failure>
            <failure message="Cannot delete property &apos;gtag&apos; of #&lt;Object&gt;" type="TypeError">
TypeError: Cannot delete property &apos;gtag&apos; of #&lt;Object&gt;
 ❯ src/components/query/__tests__/QueryPreviewErrorBoundary.test.tsx:49:3
            </failure>
        </testcase>
        <testcase classname="src/components/query/__tests__/QueryPreviewErrorBoundary.test.tsx" name="QueryPreviewErrorBoundary &gt; Recovery Actions and Navigation &gt; calls onGoBack when go back button is clicked" time="0.077525828">
            <failure message="Found multiple elements with the text: Go Back

Here are the matching elements:

Ignored nodes: comments, script, style
[36m&lt;span&gt;[39m
  [0mGo Back[0m
[36m&lt;/span&gt;[39m

Ignored nodes: comments, script, style
[36m&lt;span&gt;[39m
  [0mGo Back[0m
[36m&lt;/span&gt;[39m

Ignored nodes: comments, script, style
[36m&lt;span&gt;[39m
  [0mGo Back[0m
[36m&lt;/span&gt;[39m

Ignored nodes: comments, script, style
[36m&lt;span&gt;[39m
  [0mGo Back[0m
[36m&lt;/span&gt;[39m

Ignored nodes: comments, script, style
[36m&lt;span&gt;[39m
  [0mGo Back[0m
[36m&lt;/span&gt;[39m

Ignored nodes: comments, script, style
[36m&lt;span&gt;[39m
  [0mGo Back[0m
[36m&lt;/span&gt;[39m

Ignored nodes: comments, script, style
[36m&lt;span&gt;[39m
  [0mGo Back[0m
[36m&lt;/span&gt;[39m

Ignored nodes: comments, script, style
[36m&lt;span&gt;[39m
  [0mGo Back[0m
[36m&lt;/span&gt;[39m

Ignored nodes: comments, script, style
[36m&lt;span&gt;[39m
  [0mGo Back[0m
[36m&lt;/span&gt;[39m

Ignored nodes: comments, script, style
[36m&lt;span&gt;[39m
  [0mGo Back[0m
[36m&lt;/span&gt;[39m

Ignored nodes: comments, script, style
[36m&lt;span&gt;[39m
  [0mGo Back[0m
[36m&lt;/span&gt;[39m

Ignored nodes: comments, script, style
[36m&lt;span&gt;[39m
  [0mGo Back[0m
[36m&lt;/span&gt;[39m

Ignored nodes: comments, script, style
[36m&lt;span&gt;[39m
  [0mGo Back[0m
[36m&lt;/span&gt;[39m

Ignored nodes: comments, script, style
[36m&lt;span&gt;[39m
  [0mGo Back[0m
[36m&lt;/span&gt;[39m

Ignored nodes: comments, script, style
[36m&lt;span&gt;[39m
  [0mGo Back[0m
[36m&lt;/span&gt;[39m

Ignored nodes: comments, script, style
[36m&lt;span&gt;[39m
  [0mGo Back[0m
[36m&lt;/span&gt;[39m

Ignored nodes: comments, script, style
[36m&lt;span&gt;[39m
  [0mGo Back[0m
[36m&lt;/span&gt;[39m

Ignored nodes: comments, script, style
[36m&lt;span&gt;[39m
  [0mGo Back[0m
[36m&lt;/span&gt;[39m

Ignored nodes: comments, script, style
[36m&lt;span&gt;[39m
  [0mGo Back[0m
[36m&lt;/span&gt;[39m

Ignored nodes: comments, script, style
[36m&lt;span&gt;[39m
  [0mGo Back[0m
[36m&lt;/span&gt;[39m

Ignored nodes: comments, script, style
[36m&lt;span&gt;[39m
  [0mGo Back[0m
[36m&lt;/span&gt;[39m

Ignored nodes: comments, script, style
[36m&lt;span&gt;[39m
  [0mGo Back[0m
[36m&lt;/span&gt;[39m

Ignored nodes: comments, script, style
[36m&lt;span&gt;[39m
  [0mGo Back[0m
[36m&lt;/span&gt;[39m

(If this is intentional, then use the `*AllBy*` variant of the query (like `queryAllByText`, `getAllByText`, or `findAllByText`)).

Ignored nodes: comments, script, style
[36m&lt;body&gt;[39m
  [36m&lt;div&gt;[39m
    [36m&lt;div[39m
      [33mdata-testid[39m=[32m&quot;test-content&quot;[39m
    [36m&gt;[39m
      [0mTest content[0m
    [36m&lt;/div&gt;[39m
  [36m&lt;/div&gt;[39m
  [36m&lt;div&gt;[39m
    [36m&lt;div[39m
      [33mstyle[39m=[32m&quot;min-height: 400px; background: rgb(245, 245, 245); display: flex; align-items: center; justify-content: center; padding: 32px; border-radius: 8px;&quot;[39m
    [36m&gt;[39m
      [36m&lt;div[39m
        [33mstyle[39m=[32m&quot;max-width: 600px; width: 100%; text-align: center; background: rgba(255, 255, 255, 0.9); border-radius: 16px; padding: 32px; border: 1px solid rgb(229, 231, 235); box-shadow: 0 4px 6px rgba(0, 0, 0, 0.1);&quot;[39m
      [36m&gt;[39m
        [36m&lt;svg[39m
          [33maria-hidden[39m=[32m&quot;true&quot;[39m
          [33mclass[39m=[32m&quot;lucide lucide-circle-alert&quot;[39m
          [33mfill[39m=[32m&quot;none&quot;[39m
          [33mheight[39m=[32m&quot;48&quot;[39m
          [33mstroke[39m=[32m&quot;currentColor&quot;[39m
          [33mstroke-linecap[39m=[32m&quot;round&quot;[39m
          [33mstroke-linejoin[39m=[32m&quot;round&quot;[39m
          [33mstroke-width[39m=[32m&quot;2&quot;[39m
          [33mstyle[39m=[32m&quot;color: rgb(239, 68, 68); margin-bottom: 16px;&quot;[39m
          [33mviewBox[39m=[32m&quot;0 0 24 24&quot;[39m
          [33mwidth[39m=[32m&quot;48&quot;[39m
          [33mxmlns[39m=[32m&quot;http://www.w3.org/2000/svg&quot;[39m
        [36m&gt;[39m
          [36m&lt;circle[39m
            [33mcx[39m=[32m&quot;12&quot;[39m
            [33mcy[39m=[32m&quot;12&quot;[39m
            [33mr[39m=[32m&quot;10&quot;[39m
          [36m/&gt;[39m
          [36m&lt;line[39m
            [33mx1[39m=[32m&quot;12&quot;[39m
            [33mx2[39m=[32m&quot;12&quot;[39m
            [33my1[39m=[32m&quot;8&quot;[39m
            [33my2[39m=[32m&quot;12&quot;[39m
          [36m/&gt;[39m
          [36m&lt;line[39m
            [33mx1[39m=[32m&quot;12&quot;[39m
            [33mx2[39m=[32m&quot;12.01&quot;[39m
            [33my1[39m=[32m&quot;16&quot;[39m
            [33my2[39m=[32m&quot;16&quot;[39m
          [36m/&gt;[39m
        [36m&lt;/svg&gt;[39m
        [36m&lt;h3[39m
          [33mstyle[39m=[32m&quot;font-size: 20px; font-weight: bold; margin-bottom: 8px; color: rgb(31, 41, 55);&quot;[39m
        [36m&gt;[39m
          [0mNetwork Connection Issue[0m
        [36m&lt;/h3&gt;[39m
        [36m&lt;p[39m
          [33mstyle[39m=[32m&quot;font-size: 14px; margin-bottom: 20px; color: rgb(107, 114, 128); line-height: 1.5;&quot;[39m
        [36m&gt;[39m
          [0mCheck your internet connection and try again. If the problem persists, contact your network administrator.[0m
        [36m&lt;/p&gt;[39m
        [36m&lt;details[39m
          [33mstyle[39m=[32m&quot;text-align: left; margin-bottom: 20px; background: rgba(0, 0, 0, 0.05); padding: 12px; border-radius: 6px; font-size: 12px;&quot;[39m
        [36m&gt;[39m
          [36m&lt;summary[39m
            [33mstyle[39m=[32m&quot;cursor: pointer; margin-bottom: 8px; color: rgb(107, 114, 128); font-size: 12px;&quot;[39m
          [36m&gt;[39m
            [36m&lt;svg[39m
              [33maria-hidden[39m=[32m&quot;true&quot;[39m
              [33mclass[39m=[32m&quot;lucide lucide-bug&quot;[39m
              [33mfill[39m=[32m&quot;none&quot;[39m
              [33mheight[39m=[32m&quot;14&quot;[39m
              [33mstroke[39m=[32m&quot;currentColor&quot;[39m
              [33mstroke-linecap[39m=[32m&quot;round&quot;[39m
              [33mstroke-linejoin[39m=[32m&quot;round&quot;[39m
              [33mstroke-width[39m=[32m&quot;2&quot;[39m
              [33mstyle[39m=[32m&quot;margin-right: 6px; vertical-align: middle;&quot;[39m
              [33mviewBox[39m=[32m&quot;0 0 24 24&quot;[39m
              [33mwidth[39m=[32m&quot;14&quot;[39m
              [33mxmlns[39m=[32m&quot;http://www.w3.org/2000/svg&quot;[39m
            [36m&gt;[39m
              [36m&lt;path[39m
                [33md[39m=[32m&quot;m8 2 1.88 1.88&quot;[39m
              [36m/&gt;[39m
              [36m&lt;path[39m
                [33md[39m=[32m&quot;M14.12 3.88 16 2&quot;[39m
              [36m/&gt;[39m
              [36m&lt;path[39m
                [33md[39m=[32m&quot;M9 7.13v-1a3.003 3.003 0 1 1 6 0v1&quot;[39m
              [36m/&gt;[39m
              [36m&lt;path[39m
                [33md[39m=[32m&quot;M12 20c-3.3 0-6-2.7-6-6v-3a4 4 0 0 1 4-4h4a4 4 0 0 1 4 4v3c0 3.3-2.7 6-6 6&quot;[39m
              [36m/&gt;[39m
              [36m&lt;path[39m
                [33md[39m=[32m&quot;M12 20v-9&quot;[39m
              [36m/&gt;[39m
              [36m&lt;path[39m
                [33md[39m=[32m&quot;M6.53 9C4.6 8.8 3 7.1 3 5&quot;[39m
              [36m/&gt;[39m
              [36m&lt;path[39m
                [33md[39m=[32m&quot;M6 13H2&quot;[39m
              [36m/&gt;[39m
              [36m&lt;path[39m
                [33md[39m=[32m&quot;M3 21c0-2.1 1.7-3.9 3.8-4&quot;[39m
              [36m/&gt;[39m
              [36m&lt;path[39m
                [33md[39m=[32m&quot;M20.97 5c0 2.1-1.6 3.8-3.5 4&quot;[39m
              [36m/&gt;[39m
              [36m&lt;path[39m
                [33md[39m=[32m&quot;M22 13h-4&quot;[39m
              [36m/&gt;[39m
              [36m&lt;path[39m
                [33md[39m=[32m&quot;M17.2 17c2.1.1 3.8 1.9 3.8 4&quot;[39m
              [36m/&gt;[39m
            [36m&lt;/svg&gt;[39m
            [0mError Details (Development Only)[0m
          [36m&lt;/summary&gt;[39m
          [36m&lt;div[39m
            [33mstyle[39m=[32m&quot;font-family: monospace; color: rgb(75, 85, 99); word-break: break-word;&quot;[39m
          [36m&gt;[39m
            [36m&lt;strong&gt;[39m
              [0mType:[0m
            [36m&lt;/strong&gt;[39m
            [0m [0m
            [0mNETWORK[0m
            [36m&lt;br /&gt;[39m
            [36m&lt;strong&gt;[39m
              [0mCode:[0m
            [36m&lt;/strong&gt;[39m
            [0m [0m
            [0mNETWORK_ERROR[0m
            [36m&lt;br /&gt;[39m
            [36m&lt;strong&gt;[39m
              [0mMessage:[0m
            [36m&lt;/strong&gt;[39m
            [0m [0m
            [0mTest error message[0m
            [36m&lt;br /&gt;[39m
            [36m&lt;strong&gt;[39m
              [0mStack:[0m
            [36m&lt;/strong&gt;[39m
            [36m&lt;pre[39m
              [33mstyle[39m=[32m&quot;white-space: pre-wrap; word-break: break-word; margin: 4px 0px 0px 0px; font-size: 10px;&quot;[39m
            [36m&gt;[39m
              [0mAppError: Test error message
    at ThrowErrorComponent (/home/ilya/projects/SimpleAdminReporter/frontend/src/components/query/__tests__/QueryPreviewErrorBoundary.test.tsx:59:19)
    at Object.react_stack_bottom_frame (/home/ilya/projects/SimpleAdminReporter/frontend/node_modules/react-dom/cjs/react-dom-client.development.js:23863:20)
    at renderWithHooks (/home/ilya/projects/SimpleAdminReporter/frontend/node_modules/react-dom/cjs/react-dom-client.development.js:5529:22)
    at updateFunctionComponent (/home/ilya/projects/SimpleAdminReporter/frontend/node_modules/react-dom/cjs/react-dom-client.development.js:8897:19)
    at beginWork (/home/ilya/projects/SimpleAdminReporter/frontend/node_modules/react-dom/cjs/react-dom-client.development.js:10522:18)
    at runWithFiberInDEV (/home/ilya/projects/SimpleAdminReporter/frontend/node_modules/react-dom/cjs/react-dom-client.development.js:1522:13..." type="TestingLibraryElementError">
TestingLibraryElementError: Found multiple elements with the text: Go Back

Here are the matching elements:

Ignored nodes: comments, script, style
&lt;span&gt;
  Go Back
&lt;/span&gt;

Ignored nodes: comments, script, style
&lt;span&gt;
  Go Back
&lt;/span&gt;

Ignored nodes: comments, script, style
&lt;span&gt;
  Go Back
&lt;/span&gt;

Ignored nodes: comments, script, style
&lt;span&gt;
  Go Back
&lt;/span&gt;

Ignored nodes: comments, script, style
&lt;span&gt;
  Go Back
&lt;/span&gt;

Ignored nodes: comments, script, style
&lt;span&gt;
  Go Back
&lt;/span&gt;

Ignored nodes: comments, script, style
&lt;span&gt;
  Go Back
&lt;/span&gt;

Ignored nodes: comments, script, style
&lt;span&gt;
  Go Back
&lt;/span&gt;

Ignored nodes: comments, script, style
&lt;span&gt;
  Go Back
&lt;/span&gt;

Ignored nodes: comments, script, style
&lt;span&gt;
  Go Back
&lt;/span&gt;

Ignored nodes: comments, script, style
&lt;span&gt;
  Go Back
&lt;/span&gt;

Ignored nodes: comments, script, style
&lt;span&gt;
  Go Back
&lt;/span&gt;

Ignored nodes: comments, script, style
&lt;span&gt;
  Go Back
&lt;/span&gt;

Ignored nodes: comments, script, style
&lt;span&gt;
  Go Back
&lt;/span&gt;

Ignored nodes: comments, script, style
&lt;span&gt;
  Go Back
&lt;/span&gt;

Ignored nodes: comments, script, style
&lt;span&gt;
  Go Back
&lt;/span&gt;

Ignored nodes: comments, script, style
&lt;span&gt;
  Go Back
&lt;/span&gt;

Ignored nodes: comments, script, style
&lt;span&gt;
  Go Back
&lt;/span&gt;

Ignored nodes: comments, script, style
&lt;span&gt;
  Go Back
&lt;/span&gt;

Ignored nodes: comments, script, style
&lt;span&gt;
  Go Back
&lt;/span&gt;

Ignored nodes: comments, script, style
&lt;span&gt;
  Go Back
&lt;/span&gt;

Ignored nodes: comments, script, style
&lt;span&gt;
  Go Back
&lt;/span&gt;

Ignored nodes: comments, script, style
&lt;span&gt;
  Go Back
&lt;/span&gt;

(If this is intentional, then use the `*AllBy*` variant of the query (like `queryAllByText`, `getAllByText`, or `findAllByText`)).

Ignored nodes: comments, script, style
&lt;body&gt;
  &lt;div&gt;
    &lt;div
      data-testid=&quot;test-content&quot;
    &gt;
      Test content
    &lt;/div&gt;
  &lt;/div&gt;
  &lt;div&gt;
    &lt;div
      style=&quot;min-height: 400px; background: rgb(245, 245, 245); display: flex; align-items: center; justify-content: center; padding: 32px; border-radius: 8px;&quot;
    &gt;
      &lt;div
        style=&quot;max-width: 600px; width: 100%; text-align: center; background: rgba(255, 255, 255, 0.9); border-radius: 16px; padding: 32px; border: 1px solid rgb(229, 231, 235); box-shadow: 0 4px 6px rgba(0, 0, 0, 0.1);&quot;
      &gt;
        &lt;svg
          aria-hidden=&quot;true&quot;
          class=&quot;lucide lucide-circle-alert&quot;
          fill=&quot;none&quot;
          height=&quot;48&quot;
          stroke=&quot;currentColor&quot;
          stroke-linecap=&quot;round&quot;
          stroke-linejoin=&quot;round&quot;
          stroke-width=&quot;2&quot;
          style=&quot;color: rgb(239, 68, 68); margin-bottom: 16px;&quot;
          viewBox=&quot;0 0 24 24&quot;
          width=&quot;48&quot;
          xmlns=&quot;http://www.w3.org/2000/svg&quot;
        &gt;
          &lt;circle
            cx=&quot;12&quot;
            cy=&quot;12&quot;
            r=&quot;10&quot;
          /&gt;
          &lt;line
            x1=&quot;12&quot;
            x2=&quot;12&quot;
            y1=&quot;8&quot;
            y2=&quot;12&quot;
          /&gt;
          &lt;line
            x1=&quot;12&quot;
            x2=&quot;12.01&quot;
            y1=&quot;16&quot;
            y2=&quot;16&quot;
          /&gt;
        &lt;/svg&gt;
        &lt;h3
          style=&quot;font-size: 20px; font-weight: bold; margin-bottom: 8px; color: rgb(31, 41, 55);&quot;
        &gt;
          Network Connection Issue
        &lt;/h3&gt;
        &lt;p
          style=&quot;font-size: 14px; margin-bottom: 20px; color: rgb(107, 114, 128); line-height: 1.5;&quot;
        &gt;
          Check your internet connection and try again. If the problem persists, contact your network administrator.
        &lt;/p&gt;
        &lt;details
          style=&quot;text-align: left; margin-bottom: 20px; background: rgba(0, 0, 0, 0.05); padding: 12px; border-radius: 6px; font-size: 12px;&quot;
        &gt;
          &lt;summary
            style=&quot;cursor: pointer; margin-bottom: 8px; color: rgb(107, 114, 128); font-size: 12px;&quot;
          &gt;
            &lt;svg
              aria-hidden=&quot;true&quot;
              class=&quot;lucide lucide-bug&quot;
              fill=&quot;none&quot;
              height=&quot;14&quot;
              stroke=&quot;currentColor&quot;
              stroke-linecap=&quot;round&quot;
              stroke-linejoin=&quot;round&quot;
              stroke-width=&quot;2&quot;
              style=&quot;margin-right: 6px; vertical-align: middle;&quot;
              viewBox=&quot;0 0 24 24&quot;
              width=&quot;14&quot;
              xmlns=&quot;http://www.w3.org/2000/svg&quot;
            &gt;
              &lt;path
                d=&quot;m8 2 1.88 1.88&quot;
              /&gt;
              &lt;path
                d=&quot;M14.12 3.88 16 2&quot;
              /&gt;
              &lt;path
                d=&quot;M9 7.13v-1a3.003 3.003 0 1 1 6 0v1&quot;
              /&gt;
              &lt;path
                d=&quot;M12 20c-3.3 0-6-2.7-6-6v-3a4 4 0 0 1 4-4h4a4 4 0 0 1 4 4v3c0 3.3-2.7 6-6 6&quot;
              /&gt;
              &lt;path
                d=&quot;M12 20v-9&quot;
              /&gt;
              &lt;path
                d=&quot;M6.53 9C4.6 8.8 3 7.1 3 5&quot;
              /&gt;
              &lt;path
                d=&quot;M6 13H2&quot;
              /&gt;
              &lt;path
                d=&quot;M3 21c0-2.1 1.7-3.9 3.8-4&quot;
              /&gt;
              &lt;path
                d=&quot;M20.97 5c0 2.1-1.6 3.8-3.5 4&quot;
              /&gt;
              &lt;path
                d=&quot;M22 13h-4&quot;
              /&gt;
              &lt;path
                d=&quot;M17.2 17c2.1.1 3.8 1.9 3.8 4&quot;
              /&gt;
            &lt;/svg&gt;
            Error Details (Development Only)
          &lt;/summary&gt;
          &lt;div
            style=&quot;font-family: monospace; color: rgb(75, 85, 99); word-break: break-word;&quot;
          &gt;
            &lt;strong&gt;
              Type:
            &lt;/strong&gt;
             
            NETWORK
            &lt;br /&gt;
            &lt;strong&gt;
              Code:
            &lt;/strong&gt;
             
            NETWORK_ERROR
            &lt;br /&gt;
            &lt;strong&gt;
              Message:
            &lt;/strong&gt;
             
            Test error message
            &lt;br /&gt;
            &lt;strong&gt;
              Stack:
            &lt;/strong&gt;
            &lt;pre
              style=&quot;white-space: pre-wrap; word-break: break-word; margin: 4px 0px 0px 0px; font-size: 10px;&quot;
            &gt;
              AppError: Test error message
    at ThrowErrorComponent (/home/ilya/projects/SimpleAdminReporter/frontend/src/components/query/__tests__/QueryPreviewErrorBoundary.test.tsx:59:19)
    at Object.react_stack_bottom_frame (/home/ilya/projects/SimpleAdminReporter/frontend/node_modules/react-dom/cjs/react-dom-client.development.js:23863:20)
    at renderWithHooks (/home/ilya/projects/SimpleAdminReporter/frontend/node_modules/react-dom/cjs/react-dom-client.development.js:5529:22)
    at updateFunctionComponent (/home/ilya/projects/SimpleAdminReporter/frontend/node_modules/react-dom/cjs/react-dom-client.development.js:8897:19)
    at beginWork (/home/ilya/projects/SimpleAdminReporter/frontend/node_modules/react-dom/cjs/react-dom-client.development.js:10522:18)
    at runWithFiberInDEV (/home/ilya/projects/SimpleAdminReporter/frontend/node_modules/react-dom/cjs/react-dom-client.development.js:1522:13...
 ❯ ThrowErrorComponent src/components/query/__tests__/QueryPreviewErrorBoundary.test.tsx:59:19
 ❯ Object.react_stack_bottom_frame node_modules/react-dom/cjs/react-dom-client.development.js:23863:20
 ❯ renderWithHooks node_modules/react-dom/cjs/react-dom-client.development.js:5529:22
 ❯ updateFunctionComponent node_modules/react-dom/cjs/react-dom-client.development.js:8897:19
 ❯ beginWork node_modules/react-dom/cjs/react-dom-client.development.js:10522:18
 ❯ Object.getElementError node_modules/@testing-library/dom/dist/config.js:37:19
 ❯ getElementError node_modules/@testing-library/dom/dist/query-helpers.js:20:35
 ❯ getMultipleElementsFoundError node_modules/@testing-library/dom/dist/query-helpers.js:23:10
 ❯ node_modules/@testing-library/dom/dist/query-helpers.js:55:13
 ❯ node_modules/@testing-library/dom/dist/query-helpers.js:95:19
 ❯ src/components/query/__tests__/QueryPreviewErrorBoundary.test.tsx:455:30
            </failure>
            <failure message="Cannot delete property &apos;gtag&apos; of #&lt;Object&gt;" type="TypeError">
TypeError: Cannot delete property &apos;gtag&apos; of #&lt;Object&gt;
 ❯ src/components/query/__tests__/QueryPreviewErrorBoundary.test.tsx:49:3
            </failure>
        </testcase>
        <testcase classname="src/components/query/__tests__/QueryPreviewErrorBoundary.test.tsx" name="QueryPreviewErrorBoundary &gt; Recovery Actions and Navigation &gt; shows reload page button" time="0.07438288">
            <failure message="Found multiple elements with the text: Reload Page

Here are the matching elements:

Ignored nodes: comments, script, style
[36m&lt;span&gt;[39m
  [0mReload Page[0m
[36m&lt;/span&gt;[39m

Ignored nodes: comments, script, style
[36m&lt;span&gt;[39m
  [0mReload Page[0m
[36m&lt;/span&gt;[39m

Ignored nodes: comments, script, style
[36m&lt;span&gt;[39m
  [0mReload Page[0m
[36m&lt;/span&gt;[39m

Ignored nodes: comments, script, style
[36m&lt;span&gt;[39m
  [0mReload Page[0m
[36m&lt;/span&gt;[39m

Ignored nodes: comments, script, style
[36m&lt;span&gt;[39m
  [0mReload Page[0m
[36m&lt;/span&gt;[39m

Ignored nodes: comments, script, style
[36m&lt;span&gt;[39m
  [0mReload Page[0m
[36m&lt;/span&gt;[39m

Ignored nodes: comments, script, style
[36m&lt;span&gt;[39m
  [0mReload Page[0m
[36m&lt;/span&gt;[39m

Ignored nodes: comments, script, style
[36m&lt;span&gt;[39m
  [0mReload Page[0m
[36m&lt;/span&gt;[39m

Ignored nodes: comments, script, style
[36m&lt;span&gt;[39m
  [0mReload Page[0m
[36m&lt;/span&gt;[39m

Ignored nodes: comments, script, style
[36m&lt;span&gt;[39m
  [0mReload Page[0m
[36m&lt;/span&gt;[39m

Ignored nodes: comments, script, style
[36m&lt;span&gt;[39m
  [0mReload Page[0m
[36m&lt;/span&gt;[39m

Ignored nodes: comments, script, style
[36m&lt;span&gt;[39m
  [0mReload Page[0m
[36m&lt;/span&gt;[39m

Ignored nodes: comments, script, style
[36m&lt;span&gt;[39m
  [0mReload Page[0m
[36m&lt;/span&gt;[39m

Ignored nodes: comments, script, style
[36m&lt;span&gt;[39m
  [0mReload Page[0m
[36m&lt;/span&gt;[39m

Ignored nodes: comments, script, style
[36m&lt;span&gt;[39m
  [0mReload Page[0m
[36m&lt;/span&gt;[39m

Ignored nodes: comments, script, style
[36m&lt;span&gt;[39m
  [0mReload Page[0m
[36m&lt;/span&gt;[39m

Ignored nodes: comments, script, style
[36m&lt;span&gt;[39m
  [0mReload Page[0m
[36m&lt;/span&gt;[39m

Ignored nodes: comments, script, style
[36m&lt;span&gt;[39m
  [0mReload Page[0m
[36m&lt;/span&gt;[39m

Ignored nodes: comments, script, style
[36m&lt;span&gt;[39m
  [0mReload Page[0m
[36m&lt;/span&gt;[39m

Ignored nodes: comments, script, style
[36m&lt;span&gt;[39m
  [0mReload Page[0m
[36m&lt;/span&gt;[39m

Ignored nodes: comments, script, style
[36m&lt;span&gt;[39m
  [0mReload Page[0m
[36m&lt;/span&gt;[39m

Ignored nodes: comments, script, style
[36m&lt;span&gt;[39m
  [0mReload Page[0m
[36m&lt;/span&gt;[39m

Ignored nodes: comments, script, style
[36m&lt;span&gt;[39m
  [0mReload Page[0m
[36m&lt;/span&gt;[39m

Ignored nodes: comments, script, style
[36m&lt;span&gt;[39m
  [0mReload Page[0m
[36m&lt;/span&gt;[39m

(If this is intentional, then use the `*AllBy*` variant of the query (like `queryAllByText`, `getAllByText`, or `findAllByText`)).

Ignored nodes: comments, script, style
[36m&lt;body&gt;[39m
  [36m&lt;div&gt;[39m
    [36m&lt;div[39m
      [33mdata-testid[39m=[32m&quot;test-content&quot;[39m
    [36m&gt;[39m
      [0mTest content[0m
    [36m&lt;/div&gt;[39m
  [36m&lt;/div&gt;[39m
  [36m&lt;div&gt;[39m
    [36m&lt;div[39m
      [33mstyle[39m=[32m&quot;min-height: 400px; background: rgb(245, 245, 245); display: flex; align-items: center; justify-content: center; padding: 32px; border-radius: 8px;&quot;[39m
    [36m&gt;[39m
      [36m&lt;div[39m
        [33mstyle[39m=[32m&quot;max-width: 600px; width: 100%; text-align: center; background: rgba(255, 255, 255, 0.9); border-radius: 16px; padding: 32px; border: 1px solid rgb(229, 231, 235); box-shadow: 0 4px 6px rgba(0, 0, 0, 0.1);&quot;[39m
      [36m&gt;[39m
        [36m&lt;svg[39m
          [33maria-hidden[39m=[32m&quot;true&quot;[39m
          [33mclass[39m=[32m&quot;lucide lucide-circle-alert&quot;[39m
          [33mfill[39m=[32m&quot;none&quot;[39m
          [33mheight[39m=[32m&quot;48&quot;[39m
          [33mstroke[39m=[32m&quot;currentColor&quot;[39m
          [33mstroke-linecap[39m=[32m&quot;round&quot;[39m
          [33mstroke-linejoin[39m=[32m&quot;round&quot;[39m
          [33mstroke-width[39m=[32m&quot;2&quot;[39m
          [33mstyle[39m=[32m&quot;color: rgb(239, 68, 68); margin-bottom: 16px;&quot;[39m
          [33mviewBox[39m=[32m&quot;0 0 24 24&quot;[39m
          [33mwidth[39m=[32m&quot;48&quot;[39m
          [33mxmlns[39m=[32m&quot;http://www.w3.org/2000/svg&quot;[39m
        [36m&gt;[39m
          [36m&lt;circle[39m
            [33mcx[39m=[32m&quot;12&quot;[39m
            [33mcy[39m=[32m&quot;12&quot;[39m
            [33mr[39m=[32m&quot;10&quot;[39m
          [36m/&gt;[39m
          [36m&lt;line[39m
            [33mx1[39m=[32m&quot;12&quot;[39m
            [33mx2[39m=[32m&quot;12&quot;[39m
            [33my1[39m=[32m&quot;8&quot;[39m
            [33my2[39m=[32m&quot;12&quot;[39m
          [36m/&gt;[39m
          [36m&lt;line[39m
            [33mx1[39m=[32m&quot;12&quot;[39m
            [33mx2[39m=[32m&quot;12.01&quot;[39m
            [33my1[39m=[32m&quot;16&quot;[39m
            [33my2[39m=[32m&quot;16&quot;[39m
          [36m/&gt;[39m
        [36m&lt;/svg&gt;[39m
        [36m&lt;h3[39m
          [33mstyle[39m=[32m&quot;font-size: 20px; font-weight: bold; margin-bottom: 8px; color: rgb(31, 41, 55);&quot;[39m
        [36m&gt;[39m
          [0mNetwork Connection Issue[0m
        [36m&lt;/h3&gt;[39m
        [36m&lt;p[39m
          [33mstyle[39m=[32m&quot;font-size: 14px; margin-bottom: 20px; color: rgb(107, 114, 128); line-height: 1.5;&quot;[39m
        [36m&gt;[39m
          [0mCheck your internet connection and try again. If the problem persists, contact your network administrator.[0m
        [36m&lt;/p&gt;[39m
        [36m&lt;details[39m
          [33mstyle[39m=[32m&quot;text-align: left; margin-bottom: 20px; background: rgba(0, 0, 0, 0.05); padding: 12px; border-radius: 6px; font-size: 12px;&quot;[39m
        [36m&gt;[39m
          [36m&lt;summary[39m
            [33mstyle[39m=[32m&quot;cursor: pointer; margin-bottom: 8px; color: rgb(107, 114, 128); font-size: 12px;&quot;[39m
          [36m&gt;[39m
            [36m&lt;svg[39m
              [33maria-hidden[39m=[32m&quot;true&quot;[39m
              [33mclass[39m=[32m&quot;lucide lucide-bug&quot;[39m
              [33mfill[39m=[32m&quot;none&quot;[39m
              [33mheight[39m=[32m&quot;14&quot;[39m
              [33mstroke[39m=[32m&quot;currentColor&quot;[39m
              [33mstroke-linecap[39m=[32m&quot;round&quot;[39m
              [33mstroke-linejoin[39m=[32m&quot;round&quot;[39m
              [33mstroke-width[39m=[32m&quot;2&quot;[39m
              [33mstyle[39m=[32m&quot;margin-right: 6px; vertical-align: middle;&quot;[39m
              [33mviewBox[39m=[32m&quot;0 0 24 24&quot;[39m
              [33mwidth[39m=[32m&quot;14&quot;[39m
              [33mxmlns[39m=[32m&quot;http://www.w3.org/2000/svg&quot;[39m
            [36m&gt;[39m
              [36m&lt;path[39m
                [33md[39m=[32m&quot;m8 2 1.88 1.88&quot;[39m
              [36m/&gt;[39m
              [36m&lt;path[39m
                [33md[39m=[32m&quot;M14.12 3.88 16 2&quot;[39m
              [36m/&gt;[39m
              [36m&lt;path[39m
                [33md[39m=[32m&quot;M9 7.13v-1a3.003 3.003 0 1 1 6 0v1&quot;[39m
              [36m/&gt;[39m
              [36m&lt;path[39m
                [33md[39m=[32m&quot;M12 20c-3.3 0-6-2.7-6-6v-3a4 4 0 0 1 4-4h4a4 4 0 0 1 4 4v3c0 3.3-2.7 6-6 6&quot;[39m
              [36m/&gt;[39m
              [36m&lt;path[39m
                [33md[39m=[32m&quot;M12 20v-9&quot;[39m
              [36m/&gt;[39m
              [36m&lt;path[39m
                [33md[39m=[32m&quot;M6.53 9C4.6 8.8 3 7.1 3 5&quot;[39m
              [36m/&gt;[39m
              [36m&lt;path[39m
                [33md[39m=[32m&quot;M6 13H2&quot;[39m
              [36m/&gt;[39m
              [36m&lt;path[39m
                [33md[39m=[32m&quot;M3 21c0-2.1 1.7-3.9 3.8-4&quot;[39m
              [36m/&gt;[39m
              [36m&lt;path[39m
                [33md[39m=[32m&quot;M20.97 5c0 2.1-1.6 3.8-3.5 4&quot;[39m
              [36m/&gt;[39m
              [36m&lt;path[39m
                [33md[39m=[32m&quot;M22 13h-4&quot;[39m
              [36m/&gt;[39m
              [36m&lt;path[39m
                [33md[39m=[32m&quot;M17.2 17c2.1.1 3.8 1.9 3.8 4&quot;[39m
              [36m/&gt;[39m
            [36m&lt;/svg&gt;[39m
            [0mError Details (Development Only)[0m
          [36m&lt;/summary&gt;[39m
          [36m&lt;div[39m
            [33mstyle[39m=[32m&quot;font-family: monospace; color: rgb(75, 85, 99); word-break: break-word;&quot;[39m
          [36m&gt;[39m
            [36m&lt;strong&gt;[39m
              [0mType:[0m
            [36m&lt;/strong&gt;[39m
            [0m [0m
            [0mNETWORK[0m
            [36m&lt;br /&gt;[39m
            [36m&lt;strong&gt;[39m
              [0mCode:[0m
            [36m&lt;/strong&gt;[39m
            [0m [0m
            [0mNETWORK_ERROR[0m
            [36m&lt;br /&gt;[39m
            [36m&lt;strong&gt;[39m
              [0mMessage:[0m
            [36m&lt;/strong&gt;[39m
            [0m [0m
            [0mTest error message[0m
            [36m&lt;br /&gt;[39m
            [36m&lt;strong&gt;[39m
              [0mStack:[0m
            [36m&lt;/strong&gt;[39m
            [36m&lt;pre[39m
              [33mstyle[39m=[32m&quot;white-space: pre-wrap; word-break: break-word; margin: 4px 0px 0px 0px; font-size: 10px;&quot;[39m
            [36m&gt;[39m
              [0mAppError: Test error message
    at ThrowErrorComponent (/home/ilya/projects/SimpleAdminReporter/frontend/src/components/query/__tests__/QueryPreviewErrorBoundary.test.tsx:59:19)
    at Object.react_stack_bottom_frame (/home/ilya/projects/SimpleAdminReporter/frontend/node_modules/react-dom/cjs/react-dom-client.development.js:23863:20)
    at renderWithHooks (/home/ilya/projects/SimpleAdminReporter/frontend/node_modules/react-dom/cjs/react-dom-client.development.js:5529:22)
    at updateFunctionComponent (/home/ilya/projects/SimpleAdminReporter/frontend/node_modules/react-dom/cjs/react-dom-client.development.js:8897:19)
    at beginWork (/home/ilya/projects/SimpleAdminReporter/frontend/node_modules/react-dom/cjs/react-dom-client.development.js:10522:18)
    at runWithFiberInDEV (/home/ilya/projects/SimpleAdminReporter/frontend/node_modules/react-dom/cjs/react-dom-client.development.js:1522:13..." type="TestingLibraryElementError">
TestingLibraryElementError: Found multiple elements with the text: Reload Page

Here are the matching elements:

Ignored nodes: comments, script, style
&lt;span&gt;
  Reload Page
&lt;/span&gt;

Ignored nodes: comments, script, style
&lt;span&gt;
  Reload Page
&lt;/span&gt;

Ignored nodes: comments, script, style
&lt;span&gt;
  Reload Page
&lt;/span&gt;

Ignored nodes: comments, script, style
&lt;span&gt;
  Reload Page
&lt;/span&gt;

Ignored nodes: comments, script, style
&lt;span&gt;
  Reload Page
&lt;/span&gt;

Ignored nodes: comments, script, style
&lt;span&gt;
  Reload Page
&lt;/span&gt;

Ignored nodes: comments, script, style
&lt;span&gt;
  Reload Page
&lt;/span&gt;

Ignored nodes: comments, script, style
&lt;span&gt;
  Reload Page
&lt;/span&gt;

Ignored nodes: comments, script, style
&lt;span&gt;
  Reload Page
&lt;/span&gt;

Ignored nodes: comments, script, style
&lt;span&gt;
  Reload Page
&lt;/span&gt;

Ignored nodes: comments, script, style
&lt;span&gt;
  Reload Page
&lt;/span&gt;

Ignored nodes: comments, script, style
&lt;span&gt;
  Reload Page
&lt;/span&gt;

Ignored nodes: comments, script, style
&lt;span&gt;
  Reload Page
&lt;/span&gt;

Ignored nodes: comments, script, style
&lt;span&gt;
  Reload Page
&lt;/span&gt;

Ignored nodes: comments, script, style
&lt;span&gt;
  Reload Page
&lt;/span&gt;

Ignored nodes: comments, script, style
&lt;span&gt;
  Reload Page
&lt;/span&gt;

Ignored nodes: comments, script, style
&lt;span&gt;
  Reload Page
&lt;/span&gt;

Ignored nodes: comments, script, style
&lt;span&gt;
  Reload Page
&lt;/span&gt;

Ignored nodes: comments, script, style
&lt;span&gt;
  Reload Page
&lt;/span&gt;

Ignored nodes: comments, script, style
&lt;span&gt;
  Reload Page
&lt;/span&gt;

Ignored nodes: comments, script, style
&lt;span&gt;
  Reload Page
&lt;/span&gt;

Ignored nodes: comments, script, style
&lt;span&gt;
  Reload Page
&lt;/span&gt;

Ignored nodes: comments, script, style
&lt;span&gt;
  Reload Page
&lt;/span&gt;

Ignored nodes: comments, script, style
&lt;span&gt;
  Reload Page
&lt;/span&gt;

(If this is intentional, then use the `*AllBy*` variant of the query (like `queryAllByText`, `getAllByText`, or `findAllByText`)).

Ignored nodes: comments, script, style
&lt;body&gt;
  &lt;div&gt;
    &lt;div
      data-testid=&quot;test-content&quot;
    &gt;
      Test content
    &lt;/div&gt;
  &lt;/div&gt;
  &lt;div&gt;
    &lt;div
      style=&quot;min-height: 400px; background: rgb(245, 245, 245); display: flex; align-items: center; justify-content: center; padding: 32px; border-radius: 8px;&quot;
    &gt;
      &lt;div
        style=&quot;max-width: 600px; width: 100%; text-align: center; background: rgba(255, 255, 255, 0.9); border-radius: 16px; padding: 32px; border: 1px solid rgb(229, 231, 235); box-shadow: 0 4px 6px rgba(0, 0, 0, 0.1);&quot;
      &gt;
        &lt;svg
          aria-hidden=&quot;true&quot;
          class=&quot;lucide lucide-circle-alert&quot;
          fill=&quot;none&quot;
          height=&quot;48&quot;
          stroke=&quot;currentColor&quot;
          stroke-linecap=&quot;round&quot;
          stroke-linejoin=&quot;round&quot;
          stroke-width=&quot;2&quot;
          style=&quot;color: rgb(239, 68, 68); margin-bottom: 16px;&quot;
          viewBox=&quot;0 0 24 24&quot;
          width=&quot;48&quot;
          xmlns=&quot;http://www.w3.org/2000/svg&quot;
        &gt;
          &lt;circle
            cx=&quot;12&quot;
            cy=&quot;12&quot;
            r=&quot;10&quot;
          /&gt;
          &lt;line
            x1=&quot;12&quot;
            x2=&quot;12&quot;
            y1=&quot;8&quot;
            y2=&quot;12&quot;
          /&gt;
          &lt;line
            x1=&quot;12&quot;
            x2=&quot;12.01&quot;
            y1=&quot;16&quot;
            y2=&quot;16&quot;
          /&gt;
        &lt;/svg&gt;
        &lt;h3
          style=&quot;font-size: 20px; font-weight: bold; margin-bottom: 8px; color: rgb(31, 41, 55);&quot;
        &gt;
          Network Connection Issue
        &lt;/h3&gt;
        &lt;p
          style=&quot;font-size: 14px; margin-bottom: 20px; color: rgb(107, 114, 128); line-height: 1.5;&quot;
        &gt;
          Check your internet connection and try again. If the problem persists, contact your network administrator.
        &lt;/p&gt;
        &lt;details
          style=&quot;text-align: left; margin-bottom: 20px; background: rgba(0, 0, 0, 0.05); padding: 12px; border-radius: 6px; font-size: 12px;&quot;
        &gt;
          &lt;summary
            style=&quot;cursor: pointer; margin-bottom: 8px; color: rgb(107, 114, 128); font-size: 12px;&quot;
          &gt;
            &lt;svg
              aria-hidden=&quot;true&quot;
              class=&quot;lucide lucide-bug&quot;
              fill=&quot;none&quot;
              height=&quot;14&quot;
              stroke=&quot;currentColor&quot;
              stroke-linecap=&quot;round&quot;
              stroke-linejoin=&quot;round&quot;
              stroke-width=&quot;2&quot;
              style=&quot;margin-right: 6px; vertical-align: middle;&quot;
              viewBox=&quot;0 0 24 24&quot;
              width=&quot;14&quot;
              xmlns=&quot;http://www.w3.org/2000/svg&quot;
            &gt;
              &lt;path
                d=&quot;m8 2 1.88 1.88&quot;
              /&gt;
              &lt;path
                d=&quot;M14.12 3.88 16 2&quot;
              /&gt;
              &lt;path
                d=&quot;M9 7.13v-1a3.003 3.003 0 1 1 6 0v1&quot;
              /&gt;
              &lt;path
                d=&quot;M12 20c-3.3 0-6-2.7-6-6v-3a4 4 0 0 1 4-4h4a4 4 0 0 1 4 4v3c0 3.3-2.7 6-6 6&quot;
              /&gt;
              &lt;path
                d=&quot;M12 20v-9&quot;
              /&gt;
              &lt;path
                d=&quot;M6.53 9C4.6 8.8 3 7.1 3 5&quot;
              /&gt;
              &lt;path
                d=&quot;M6 13H2&quot;
              /&gt;
              &lt;path
                d=&quot;M3 21c0-2.1 1.7-3.9 3.8-4&quot;
              /&gt;
              &lt;path
                d=&quot;M20.97 5c0 2.1-1.6 3.8-3.5 4&quot;
              /&gt;
              &lt;path
                d=&quot;M22 13h-4&quot;
              /&gt;
              &lt;path
                d=&quot;M17.2 17c2.1.1 3.8 1.9 3.8 4&quot;
              /&gt;
            &lt;/svg&gt;
            Error Details (Development Only)
          &lt;/summary&gt;
          &lt;div
            style=&quot;font-family: monospace; color: rgb(75, 85, 99); word-break: break-word;&quot;
          &gt;
            &lt;strong&gt;
              Type:
            &lt;/strong&gt;
             
            NETWORK
            &lt;br /&gt;
            &lt;strong&gt;
              Code:
            &lt;/strong&gt;
             
            NETWORK_ERROR
            &lt;br /&gt;
            &lt;strong&gt;
              Message:
            &lt;/strong&gt;
             
            Test error message
            &lt;br /&gt;
            &lt;strong&gt;
              Stack:
            &lt;/strong&gt;
            &lt;pre
              style=&quot;white-space: pre-wrap; word-break: break-word; margin: 4px 0px 0px 0px; font-size: 10px;&quot;
            &gt;
              AppError: Test error message
    at ThrowErrorComponent (/home/ilya/projects/SimpleAdminReporter/frontend/src/components/query/__tests__/QueryPreviewErrorBoundary.test.tsx:59:19)
    at Object.react_stack_bottom_frame (/home/ilya/projects/SimpleAdminReporter/frontend/node_modules/react-dom/cjs/react-dom-client.development.js:23863:20)
    at renderWithHooks (/home/ilya/projects/SimpleAdminReporter/frontend/node_modules/react-dom/cjs/react-dom-client.development.js:5529:22)
    at updateFunctionComponent (/home/ilya/projects/SimpleAdminReporter/frontend/node_modules/react-dom/cjs/react-dom-client.development.js:8897:19)
    at beginWork (/home/ilya/projects/SimpleAdminReporter/frontend/node_modules/react-dom/cjs/react-dom-client.development.js:10522:18)
    at runWithFiberInDEV (/home/ilya/projects/SimpleAdminReporter/frontend/node_modules/react-dom/cjs/react-dom-client.development.js:1522:13...
 ❯ ThrowErrorComponent src/components/query/__tests__/QueryPreviewErrorBoundary.test.tsx:59:19
 ❯ Object.react_stack_bottom_frame node_modules/react-dom/cjs/react-dom-client.development.js:23863:20
 ❯ renderWithHooks node_modules/react-dom/cjs/react-dom-client.development.js:5529:22
 ❯ updateFunctionComponent node_modules/react-dom/cjs/react-dom-client.development.js:8897:19
 ❯ beginWork node_modules/react-dom/cjs/react-dom-client.development.js:10522:18
 ❯ Object.getElementError node_modules/@testing-library/dom/dist/config.js:37:19
 ❯ getElementError node_modules/@testing-library/dom/dist/query-helpers.js:20:35
 ❯ getMultipleElementsFoundError node_modules/@testing-library/dom/dist/query-helpers.js:23:10
 ❯ node_modules/@testing-library/dom/dist/query-helpers.js:55:13
 ❯ node_modules/@testing-library/dom/dist/query-helpers.js:95:19
 ❯ src/components/query/__tests__/QueryPreviewErrorBoundary.test.tsx:469:21
            </failure>
            <failure message="Cannot delete property &apos;gtag&apos; of #&lt;Object&gt;" type="TypeError">
TypeError: Cannot delete property &apos;gtag&apos; of #&lt;Object&gt;
 ❯ src/components/query/__tests__/QueryPreviewErrorBoundary.test.tsx:49:3
            </failure>
        </testcase>
        <testcase classname="src/components/query/__tests__/QueryPreviewErrorBoundary.test.tsx" name="QueryPreviewErrorBoundary &gt; Recovery Actions and Navigation &gt; hides recovery actions when showRecoveryActions is false" time="0.06664749">
            <failure message="Found multiple elements with the text: Try Again

Here are the matching elements:

Ignored nodes: comments, script, style
[36m&lt;span&gt;[39m
  [0mTry Again[0m
[36m&lt;/span&gt;[39m

Ignored nodes: comments, script, style
[36m&lt;span&gt;[39m
  [0mTry Again[0m
[36m&lt;/span&gt;[39m

Ignored nodes: comments, script, style
[36m&lt;span&gt;[39m
  [0mTry Again[0m
[36m&lt;/span&gt;[39m

Ignored nodes: comments, script, style
[36m&lt;span&gt;[39m
  [0mTry Again[0m
[36m&lt;/span&gt;[39m

Ignored nodes: comments, script, style
[36m&lt;span&gt;[39m
  [0mTry Again[0m
[36m&lt;/span&gt;[39m

Ignored nodes: comments, script, style
[36m&lt;span&gt;[39m
  [0mTry Again[0m
[36m&lt;/span&gt;[39m

Ignored nodes: comments, script, style
[36m&lt;span&gt;[39m
  [0mTry Again[0m
[36m&lt;/span&gt;[39m

Ignored nodes: comments, script, style
[36m&lt;span&gt;[39m
  [0mTry Again[0m
[36m&lt;/span&gt;[39m

Ignored nodes: comments, script, style
[36m&lt;span&gt;[39m
  [0mTry Again[0m
[36m&lt;/span&gt;[39m

Ignored nodes: comments, script, style
[36m&lt;span&gt;[39m
  [0mTry Again[0m
[36m&lt;/span&gt;[39m

Ignored nodes: comments, script, style
[36m&lt;span&gt;[39m
  [0mTry Again[0m
[36m&lt;/span&gt;[39m

Ignored nodes: comments, script, style
[36m&lt;span&gt;[39m
  [0mTry Again[0m
[36m&lt;/span&gt;[39m

Ignored nodes: comments, script, style
[36m&lt;span&gt;[39m
  [0mTry Again[0m
[36m&lt;/span&gt;[39m

Ignored nodes: comments, script, style
[36m&lt;span&gt;[39m
  [0mTry Again[0m
[36m&lt;/span&gt;[39m

Ignored nodes: comments, script, style
[36m&lt;span&gt;[39m
  [0mTry Again[0m
[36m&lt;/span&gt;[39m

Ignored nodes: comments, script, style
[36m&lt;span&gt;[39m
  [0mTry Again[0m
[36m&lt;/span&gt;[39m

Ignored nodes: comments, script, style
[36m&lt;span&gt;[39m
  [0mTry Again[0m
[36m&lt;/span&gt;[39m

Ignored nodes: comments, script, style
[36m&lt;span&gt;[39m
  [0mTry Again[0m
[36m&lt;/span&gt;[39m

Ignored nodes: comments, script, style
[36m&lt;span&gt;[39m
  [0mTry Again[0m
[36m&lt;/span&gt;[39m

(If this is intentional, then use the `*AllBy*` variant of the query (like `queryAllByText`, `getAllByText`, or `findAllByText`)).

Ignored nodes: comments, script, style
[36m&lt;body&gt;[39m
  [36m&lt;div&gt;[39m
    [36m&lt;div[39m
      [33mdata-testid[39m=[32m&quot;test-content&quot;[39m
    [36m&gt;[39m
      [0mTest content[0m
    [36m&lt;/div&gt;[39m
  [36m&lt;/div&gt;[39m
  [36m&lt;div&gt;[39m
    [36m&lt;div[39m
      [33mstyle[39m=[32m&quot;min-height: 400px; background: rgb(245, 245, 245); display: flex; align-items: center; justify-content: center; padding: 32px; border-radius: 8px;&quot;[39m
    [36m&gt;[39m
      [36m&lt;div[39m
        [33mstyle[39m=[32m&quot;max-width: 600px; width: 100%; text-align: center; background: rgba(255, 255, 255, 0.9); border-radius: 16px; padding: 32px; border: 1px solid rgb(229, 231, 235); box-shadow: 0 4px 6px rgba(0, 0, 0, 0.1);&quot;[39m
      [36m&gt;[39m
        [36m&lt;svg[39m
          [33maria-hidden[39m=[32m&quot;true&quot;[39m
          [33mclass[39m=[32m&quot;lucide lucide-circle-alert&quot;[39m
          [33mfill[39m=[32m&quot;none&quot;[39m
          [33mheight[39m=[32m&quot;48&quot;[39m
          [33mstroke[39m=[32m&quot;currentColor&quot;[39m
          [33mstroke-linecap[39m=[32m&quot;round&quot;[39m
          [33mstroke-linejoin[39m=[32m&quot;round&quot;[39m
          [33mstroke-width[39m=[32m&quot;2&quot;[39m
          [33mstyle[39m=[32m&quot;color: rgb(239, 68, 68); margin-bottom: 16px;&quot;[39m
          [33mviewBox[39m=[32m&quot;0 0 24 24&quot;[39m
          [33mwidth[39m=[32m&quot;48&quot;[39m
          [33mxmlns[39m=[32m&quot;http://www.w3.org/2000/svg&quot;[39m
        [36m&gt;[39m
          [36m&lt;circle[39m
            [33mcx[39m=[32m&quot;12&quot;[39m
            [33mcy[39m=[32m&quot;12&quot;[39m
            [33mr[39m=[32m&quot;10&quot;[39m
          [36m/&gt;[39m
          [36m&lt;line[39m
            [33mx1[39m=[32m&quot;12&quot;[39m
            [33mx2[39m=[32m&quot;12&quot;[39m
            [33my1[39m=[32m&quot;8&quot;[39m
            [33my2[39m=[32m&quot;12&quot;[39m
          [36m/&gt;[39m
          [36m&lt;line[39m
            [33mx1[39m=[32m&quot;12&quot;[39m
            [33mx2[39m=[32m&quot;12.01&quot;[39m
            [33my1[39m=[32m&quot;16&quot;[39m
            [33my2[39m=[32m&quot;16&quot;[39m
          [36m/&gt;[39m
        [36m&lt;/svg&gt;[39m
        [36m&lt;h3[39m
          [33mstyle[39m=[32m&quot;font-size: 20px; font-weight: bold; margin-bottom: 8px; color: rgb(31, 41, 55);&quot;[39m
        [36m&gt;[39m
          [0mNetwork Connection Issue[0m
        [36m&lt;/h3&gt;[39m
        [36m&lt;p[39m
          [33mstyle[39m=[32m&quot;font-size: 14px; margin-bottom: 20px; color: rgb(107, 114, 128); line-height: 1.5;&quot;[39m
        [36m&gt;[39m
          [0mCheck your internet connection and try again. If the problem persists, contact your network administrator.[0m
        [36m&lt;/p&gt;[39m
        [36m&lt;details[39m
          [33mstyle[39m=[32m&quot;text-align: left; margin-bottom: 20px; background: rgba(0, 0, 0, 0.05); padding: 12px; border-radius: 6px; font-size: 12px;&quot;[39m
        [36m&gt;[39m
          [36m&lt;summary[39m
            [33mstyle[39m=[32m&quot;cursor: pointer; margin-bottom: 8px; color: rgb(107, 114, 128); font-size: 12px;&quot;[39m
          [36m&gt;[39m
            [36m&lt;svg[39m
              [33maria-hidden[39m=[32m&quot;true&quot;[39m
              [33mclass[39m=[32m&quot;lucide lucide-bug&quot;[39m
              [33mfill[39m=[32m&quot;none&quot;[39m
              [33mheight[39m=[32m&quot;14&quot;[39m
              [33mstroke[39m=[32m&quot;currentColor&quot;[39m
              [33mstroke-linecap[39m=[32m&quot;round&quot;[39m
              [33mstroke-linejoin[39m=[32m&quot;round&quot;[39m
              [33mstroke-width[39m=[32m&quot;2&quot;[39m
              [33mstyle[39m=[32m&quot;margin-right: 6px; vertical-align: middle;&quot;[39m
              [33mviewBox[39m=[32m&quot;0 0 24 24&quot;[39m
              [33mwidth[39m=[32m&quot;14&quot;[39m
              [33mxmlns[39m=[32m&quot;http://www.w3.org/2000/svg&quot;[39m
            [36m&gt;[39m
              [36m&lt;path[39m
                [33md[39m=[32m&quot;m8 2 1.88 1.88&quot;[39m
              [36m/&gt;[39m
              [36m&lt;path[39m
                [33md[39m=[32m&quot;M14.12 3.88 16 2&quot;[39m
              [36m/&gt;[39m
              [36m&lt;path[39m
                [33md[39m=[32m&quot;M9 7.13v-1a3.003 3.003 0 1 1 6 0v1&quot;[39m
              [36m/&gt;[39m
              [36m&lt;path[39m
                [33md[39m=[32m&quot;M12 20c-3.3 0-6-2.7-6-6v-3a4 4 0 0 1 4-4h4a4 4 0 0 1 4 4v3c0 3.3-2.7 6-6 6&quot;[39m
              [36m/&gt;[39m
              [36m&lt;path[39m
                [33md[39m=[32m&quot;M12 20v-9&quot;[39m
              [36m/&gt;[39m
              [36m&lt;path[39m
                [33md[39m=[32m&quot;M6.53 9C4.6 8.8 3 7.1 3 5&quot;[39m
              [36m/&gt;[39m
              [36m&lt;path[39m
                [33md[39m=[32m&quot;M6 13H2&quot;[39m
              [36m/&gt;[39m
              [36m&lt;path[39m
                [33md[39m=[32m&quot;M3 21c0-2.1 1.7-3.9 3.8-4&quot;[39m
              [36m/&gt;[39m
              [36m&lt;path[39m
                [33md[39m=[32m&quot;M20.97 5c0 2.1-1.6 3.8-3.5 4&quot;[39m
              [36m/&gt;[39m
              [36m&lt;path[39m
                [33md[39m=[32m&quot;M22 13h-4&quot;[39m
              [36m/&gt;[39m
              [36m&lt;path[39m
                [33md[39m=[32m&quot;M17.2 17c2.1.1 3.8 1.9 3.8 4&quot;[39m
              [36m/&gt;[39m
            [36m&lt;/svg&gt;[39m
            [0mError Details (Development Only)[0m
          [36m&lt;/summary&gt;[39m
          [36m&lt;div[39m
            [33mstyle[39m=[32m&quot;font-family: monospace; color: rgb(75, 85, 99); word-break: break-word;&quot;[39m
          [36m&gt;[39m
            [36m&lt;strong&gt;[39m
              [0mType:[0m
            [36m&lt;/strong&gt;[39m
            [0m [0m
            [0mNETWORK[0m
            [36m&lt;br /&gt;[39m
            [36m&lt;strong&gt;[39m
              [0mCode:[0m
            [36m&lt;/strong&gt;[39m
            [0m [0m
            [0mNETWORK_ERROR[0m
            [36m&lt;br /&gt;[39m
            [36m&lt;strong&gt;[39m
              [0mMessage:[0m
            [36m&lt;/strong&gt;[39m
            [0m [0m
            [0mTest error message[0m
            [36m&lt;br /&gt;[39m
            [36m&lt;strong&gt;[39m
              [0mStack:[0m
            [36m&lt;/strong&gt;[39m
            [36m&lt;pre[39m
              [33mstyle[39m=[32m&quot;white-space: pre-wrap; word-break: break-word; margin: 4px 0px 0px 0px; font-size: 10px;&quot;[39m
            [36m&gt;[39m
              [0mAppError: Test error message
    at ThrowErrorComponent (/home/ilya/projects/SimpleAdminReporter/frontend/src/components/query/__tests__/QueryPreviewErrorBoundary.test.tsx:59:19)
    at Object.react_stack_bottom_frame (/home/ilya/projects/SimpleAdminReporter/frontend/node_modules/react-dom/cjs/react-dom-client.development.js:23863:20)
    at renderWithHooks (/home/ilya/projects/SimpleAdminReporter/frontend/node_modules/react-dom/cjs/react-dom-client.development.js:5529:22)
    at updateFunctionComponent (/home/ilya/projects/SimpleAdminReporter/frontend/node_modules/react-dom/cjs/react-dom-client.development.js:8897:19)
    at beginWork (/home/ilya/projects/SimpleAdminReporter/frontend/node_modules/react-dom/cjs/react-dom-client.development.js:10522:18)
    at runWithFiberInDEV (/home/ilya/projects/SimpleAdminReporter/frontend/node_modules/react-dom/cjs/react-dom-client.development.js:1522:13..." type="TestingLibraryElementError">
TestingLibraryElementError: Found multiple elements with the text: Try Again

Here are the matching elements:

Ignored nodes: comments, script, style
&lt;span&gt;
  Try Again
&lt;/span&gt;

Ignored nodes: comments, script, style
&lt;span&gt;
  Try Again
&lt;/span&gt;

Ignored nodes: comments, script, style
&lt;span&gt;
  Try Again
&lt;/span&gt;

Ignored nodes: comments, script, style
&lt;span&gt;
  Try Again
&lt;/span&gt;

Ignored nodes: comments, script, style
&lt;span&gt;
  Try Again
&lt;/span&gt;

Ignored nodes: comments, script, style
&lt;span&gt;
  Try Again
&lt;/span&gt;

Ignored nodes: comments, script, style
&lt;span&gt;
  Try Again
&lt;/span&gt;

Ignored nodes: comments, script, style
&lt;span&gt;
  Try Again
&lt;/span&gt;

Ignored nodes: comments, script, style
&lt;span&gt;
  Try Again
&lt;/span&gt;

Ignored nodes: comments, script, style
&lt;span&gt;
  Try Again
&lt;/span&gt;

Ignored nodes: comments, script, style
&lt;span&gt;
  Try Again
&lt;/span&gt;

Ignored nodes: comments, script, style
&lt;span&gt;
  Try Again
&lt;/span&gt;

Ignored nodes: comments, script, style
&lt;span&gt;
  Try Again
&lt;/span&gt;

Ignored nodes: comments, script, style
&lt;span&gt;
  Try Again
&lt;/span&gt;

Ignored nodes: comments, script, style
&lt;span&gt;
  Try Again
&lt;/span&gt;

Ignored nodes: comments, script, style
&lt;span&gt;
  Try Again
&lt;/span&gt;

Ignored nodes: comments, script, style
&lt;span&gt;
  Try Again
&lt;/span&gt;

Ignored nodes: comments, script, style
&lt;span&gt;
  Try Again
&lt;/span&gt;

Ignored nodes: comments, script, style
&lt;span&gt;
  Try Again
&lt;/span&gt;

(If this is intentional, then use the `*AllBy*` variant of the query (like `queryAllByText`, `getAllByText`, or `findAllByText`)).

Ignored nodes: comments, script, style
&lt;body&gt;
  &lt;div&gt;
    &lt;div
      data-testid=&quot;test-content&quot;
    &gt;
      Test content
    &lt;/div&gt;
  &lt;/div&gt;
  &lt;div&gt;
    &lt;div
      style=&quot;min-height: 400px; background: rgb(245, 245, 245); display: flex; align-items: center; justify-content: center; padding: 32px; border-radius: 8px;&quot;
    &gt;
      &lt;div
        style=&quot;max-width: 600px; width: 100%; text-align: center; background: rgba(255, 255, 255, 0.9); border-radius: 16px; padding: 32px; border: 1px solid rgb(229, 231, 235); box-shadow: 0 4px 6px rgba(0, 0, 0, 0.1);&quot;
      &gt;
        &lt;svg
          aria-hidden=&quot;true&quot;
          class=&quot;lucide lucide-circle-alert&quot;
          fill=&quot;none&quot;
          height=&quot;48&quot;
          stroke=&quot;currentColor&quot;
          stroke-linecap=&quot;round&quot;
          stroke-linejoin=&quot;round&quot;
          stroke-width=&quot;2&quot;
          style=&quot;color: rgb(239, 68, 68); margin-bottom: 16px;&quot;
          viewBox=&quot;0 0 24 24&quot;
          width=&quot;48&quot;
          xmlns=&quot;http://www.w3.org/2000/svg&quot;
        &gt;
          &lt;circle
            cx=&quot;12&quot;
            cy=&quot;12&quot;
            r=&quot;10&quot;
          /&gt;
          &lt;line
            x1=&quot;12&quot;
            x2=&quot;12&quot;
            y1=&quot;8&quot;
            y2=&quot;12&quot;
          /&gt;
          &lt;line
            x1=&quot;12&quot;
            x2=&quot;12.01&quot;
            y1=&quot;16&quot;
            y2=&quot;16&quot;
          /&gt;
        &lt;/svg&gt;
        &lt;h3
          style=&quot;font-size: 20px; font-weight: bold; margin-bottom: 8px; color: rgb(31, 41, 55);&quot;
        &gt;
          Network Connection Issue
        &lt;/h3&gt;
        &lt;p
          style=&quot;font-size: 14px; margin-bottom: 20px; color: rgb(107, 114, 128); line-height: 1.5;&quot;
        &gt;
          Check your internet connection and try again. If the problem persists, contact your network administrator.
        &lt;/p&gt;
        &lt;details
          style=&quot;text-align: left; margin-bottom: 20px; background: rgba(0, 0, 0, 0.05); padding: 12px; border-radius: 6px; font-size: 12px;&quot;
        &gt;
          &lt;summary
            style=&quot;cursor: pointer; margin-bottom: 8px; color: rgb(107, 114, 128); font-size: 12px;&quot;
          &gt;
            &lt;svg
              aria-hidden=&quot;true&quot;
              class=&quot;lucide lucide-bug&quot;
              fill=&quot;none&quot;
              height=&quot;14&quot;
              stroke=&quot;currentColor&quot;
              stroke-linecap=&quot;round&quot;
              stroke-linejoin=&quot;round&quot;
              stroke-width=&quot;2&quot;
              style=&quot;margin-right: 6px; vertical-align: middle;&quot;
              viewBox=&quot;0 0 24 24&quot;
              width=&quot;14&quot;
              xmlns=&quot;http://www.w3.org/2000/svg&quot;
            &gt;
              &lt;path
                d=&quot;m8 2 1.88 1.88&quot;
              /&gt;
              &lt;path
                d=&quot;M14.12 3.88 16 2&quot;
              /&gt;
              &lt;path
                d=&quot;M9 7.13v-1a3.003 3.003 0 1 1 6 0v1&quot;
              /&gt;
              &lt;path
                d=&quot;M12 20c-3.3 0-6-2.7-6-6v-3a4 4 0 0 1 4-4h4a4 4 0 0 1 4 4v3c0 3.3-2.7 6-6 6&quot;
              /&gt;
              &lt;path
                d=&quot;M12 20v-9&quot;
              /&gt;
              &lt;path
                d=&quot;M6.53 9C4.6 8.8 3 7.1 3 5&quot;
              /&gt;
              &lt;path
                d=&quot;M6 13H2&quot;
              /&gt;
              &lt;path
                d=&quot;M3 21c0-2.1 1.7-3.9 3.8-4&quot;
              /&gt;
              &lt;path
                d=&quot;M20.97 5c0 2.1-1.6 3.8-3.5 4&quot;
              /&gt;
              &lt;path
                d=&quot;M22 13h-4&quot;
              /&gt;
              &lt;path
                d=&quot;M17.2 17c2.1.1 3.8 1.9 3.8 4&quot;
              /&gt;
            &lt;/svg&gt;
            Error Details (Development Only)
          &lt;/summary&gt;
          &lt;div
            style=&quot;font-family: monospace; color: rgb(75, 85, 99); word-break: break-word;&quot;
          &gt;
            &lt;strong&gt;
              Type:
            &lt;/strong&gt;
             
            NETWORK
            &lt;br /&gt;
            &lt;strong&gt;
              Code:
            &lt;/strong&gt;
             
            NETWORK_ERROR
            &lt;br /&gt;
            &lt;strong&gt;
              Message:
            &lt;/strong&gt;
             
            Test error message
            &lt;br /&gt;
            &lt;strong&gt;
              Stack:
            &lt;/strong&gt;
            &lt;pre
              style=&quot;white-space: pre-wrap; word-break: break-word; margin: 4px 0px 0px 0px; font-size: 10px;&quot;
            &gt;
              AppError: Test error message
    at ThrowErrorComponent (/home/ilya/projects/SimpleAdminReporter/frontend/src/components/query/__tests__/QueryPreviewErrorBoundary.test.tsx:59:19)
    at Object.react_stack_bottom_frame (/home/ilya/projects/SimpleAdminReporter/frontend/node_modules/react-dom/cjs/react-dom-client.development.js:23863:20)
    at renderWithHooks (/home/ilya/projects/SimpleAdminReporter/frontend/node_modules/react-dom/cjs/react-dom-client.development.js:5529:22)
    at updateFunctionComponent (/home/ilya/projects/SimpleAdminReporter/frontend/node_modules/react-dom/cjs/react-dom-client.development.js:8897:19)
    at beginWork (/home/ilya/projects/SimpleAdminReporter/frontend/node_modules/react-dom/cjs/react-dom-client.development.js:10522:18)
    at runWithFiberInDEV (/home/ilya/projects/SimpleAdminReporter/frontend/node_modules/react-dom/cjs/react-dom-client.development.js:1522:13...
 ❯ ThrowErrorComponent src/components/query/__tests__/QueryPreviewErrorBoundary.test.tsx:59:19
 ❯ Object.react_stack_bottom_frame node_modules/react-dom/cjs/react-dom-client.development.js:23863:20
 ❯ renderWithHooks node_modules/react-dom/cjs/react-dom-client.development.js:5529:22
 ❯ updateFunctionComponent node_modules/react-dom/cjs/react-dom-client.development.js:8897:19
 ❯ beginWork node_modules/react-dom/cjs/react-dom-client.development.js:10522:18
 ❯ Object.getElementError node_modules/@testing-library/dom/dist/config.js:37:19
 ❯ getElementError node_modules/@testing-library/dom/dist/query-helpers.js:20:35
 ❯ getMultipleElementsFoundError node_modules/@testing-library/dom/dist/query-helpers.js:23:10
 ❯ node_modules/@testing-library/dom/dist/query-helpers.js:55:13
 ❯ node_modules/@testing-library/dom/dist/query-helpers.js:95:19
 ❯ src/components/query/__tests__/QueryPreviewErrorBoundary.test.tsx:482:21
            </failure>
            <failure message="Cannot delete property &apos;gtag&apos; of #&lt;Object&gt;" type="TypeError">
TypeError: Cannot delete property &apos;gtag&apos; of #&lt;Object&gt;
 ❯ src/components/query/__tests__/QueryPreviewErrorBoundary.test.tsx:49:3
            </failure>
        </testcase>
        <testcase classname="src/components/query/__tests__/QueryPreviewErrorBoundary.test.tsx" name="QueryPreviewErrorBoundary &gt; Recovery Actions and Navigation &gt; shows actionable guidance for user errors" time="0.069873927">
            <failure message="Found multiple elements with the text: Query Configuration Error

Here are the matching elements:

Ignored nodes: comments, script, style
[36m&lt;h3[39m
  [33mstyle[39m=[32m&quot;font-size: 20px; font-weight: bold; margin-bottom: 8px; color: rgb(31, 41, 55);&quot;[39m
[36m&gt;[39m
  [0mQuery Configuration Error[0m
[36m&lt;/h3&gt;[39m

Ignored nodes: comments, script, style
[36m&lt;h3[39m
  [33mstyle[39m=[32m&quot;font-size: 20px; font-weight: bold; margin-bottom: 8px; color: rgb(31, 41, 55);&quot;[39m
[36m&gt;[39m
  [0mQuery Configuration Error[0m
[36m&lt;/h3&gt;[39m

(If this is intentional, then use the `*AllBy*` variant of the query (like `queryAllByText`, `getAllByText`, or `findAllByText`)).

Ignored nodes: comments, script, style
[36m&lt;body&gt;[39m
  [36m&lt;div&gt;[39m
    [36m&lt;div[39m
      [33mdata-testid[39m=[32m&quot;test-content&quot;[39m
    [36m&gt;[39m
      [0mTest content[0m
    [36m&lt;/div&gt;[39m
  [36m&lt;/div&gt;[39m
  [36m&lt;div&gt;[39m
    [36m&lt;div[39m
      [33mstyle[39m=[32m&quot;min-height: 400px; background: rgb(245, 245, 245); display: flex; align-items: center; justify-content: center; padding: 32px; border-radius: 8px;&quot;[39m
    [36m&gt;[39m
      [36m&lt;div[39m
        [33mstyle[39m=[32m&quot;max-width: 600px; width: 100%; text-align: center; background: rgba(255, 255, 255, 0.9); border-radius: 16px; padding: 32px; border: 1px solid rgb(229, 231, 235); box-shadow: 0 4px 6px rgba(0, 0, 0, 0.1);&quot;[39m
      [36m&gt;[39m
        [36m&lt;svg[39m
          [33maria-hidden[39m=[32m&quot;true&quot;[39m
          [33mclass[39m=[32m&quot;lucide lucide-circle-alert&quot;[39m
          [33mfill[39m=[32m&quot;none&quot;[39m
          [33mheight[39m=[32m&quot;48&quot;[39m
          [33mstroke[39m=[32m&quot;currentColor&quot;[39m
          [33mstroke-linecap[39m=[32m&quot;round&quot;[39m
          [33mstroke-linejoin[39m=[32m&quot;round&quot;[39m
          [33mstroke-width[39m=[32m&quot;2&quot;[39m
          [33mstyle[39m=[32m&quot;color: rgb(239, 68, 68); margin-bottom: 16px;&quot;[39m
          [33mviewBox[39m=[32m&quot;0 0 24 24&quot;[39m
          [33mwidth[39m=[32m&quot;48&quot;[39m
          [33mxmlns[39m=[32m&quot;http://www.w3.org/2000/svg&quot;[39m
        [36m&gt;[39m
          [36m&lt;circle[39m
            [33mcx[39m=[32m&quot;12&quot;[39m
            [33mcy[39m=[32m&quot;12&quot;[39m
            [33mr[39m=[32m&quot;10&quot;[39m
          [36m/&gt;[39m
          [36m&lt;line[39m
            [33mx1[39m=[32m&quot;12&quot;[39m
            [33mx2[39m=[32m&quot;12&quot;[39m
            [33my1[39m=[32m&quot;8&quot;[39m
            [33my2[39m=[32m&quot;12&quot;[39m
          [36m/&gt;[39m
          [36m&lt;line[39m
            [33mx1[39m=[32m&quot;12&quot;[39m
            [33mx2[39m=[32m&quot;12.01&quot;[39m
            [33my1[39m=[32m&quot;16&quot;[39m
            [33my2[39m=[32m&quot;16&quot;[39m
          [36m/&gt;[39m
        [36m&lt;/svg&gt;[39m
        [36m&lt;h3[39m
          [33mstyle[39m=[32m&quot;font-size: 20px; font-weight: bold; margin-bottom: 8px; color: rgb(31, 41, 55);&quot;[39m
        [36m&gt;[39m
          [0mNetwork Connection Issue[0m
        [36m&lt;/h3&gt;[39m
        [36m&lt;p[39m
          [33mstyle[39m=[32m&quot;font-size: 14px; margin-bottom: 20px; color: rgb(107, 114, 128); line-height: 1.5;&quot;[39m
        [36m&gt;[39m
          [0mCheck your internet connection and try again. If the problem persists, contact your network administrator.[0m
        [36m&lt;/p&gt;[39m
        [36m&lt;details[39m
          [33mstyle[39m=[32m&quot;text-align: left; margin-bottom: 20px; background: rgba(0, 0, 0, 0.05); padding: 12px; border-radius: 6px; font-size: 12px;&quot;[39m
        [36m&gt;[39m
          [36m&lt;summary[39m
            [33mstyle[39m=[32m&quot;cursor: pointer; margin-bottom: 8px; color: rgb(107, 114, 128); font-size: 12px;&quot;[39m
          [36m&gt;[39m
            [36m&lt;svg[39m
              [33maria-hidden[39m=[32m&quot;true&quot;[39m
              [33mclass[39m=[32m&quot;lucide lucide-bug&quot;[39m
              [33mfill[39m=[32m&quot;none&quot;[39m
              [33mheight[39m=[32m&quot;14&quot;[39m
              [33mstroke[39m=[32m&quot;currentColor&quot;[39m
              [33mstroke-linecap[39m=[32m&quot;round&quot;[39m
              [33mstroke-linejoin[39m=[32m&quot;round&quot;[39m
              [33mstroke-width[39m=[32m&quot;2&quot;[39m
              [33mstyle[39m=[32m&quot;margin-right: 6px; vertical-align: middle;&quot;[39m
              [33mviewBox[39m=[32m&quot;0 0 24 24&quot;[39m
              [33mwidth[39m=[32m&quot;14&quot;[39m
              [33mxmlns[39m=[32m&quot;http://www.w3.org/2000/svg&quot;[39m
            [36m&gt;[39m
              [36m&lt;path[39m
                [33md[39m=[32m&quot;m8 2 1.88 1.88&quot;[39m
              [36m/&gt;[39m
              [36m&lt;path[39m
                [33md[39m=[32m&quot;M14.12 3.88 16 2&quot;[39m
              [36m/&gt;[39m
              [36m&lt;path[39m
                [33md[39m=[32m&quot;M9 7.13v-1a3.003 3.003 0 1 1 6 0v1&quot;[39m
              [36m/&gt;[39m
              [36m&lt;path[39m
                [33md[39m=[32m&quot;M12 20c-3.3 0-6-2.7-6-6v-3a4 4 0 0 1 4-4h4a4 4 0 0 1 4 4v3c0 3.3-2.7 6-6 6&quot;[39m
              [36m/&gt;[39m
              [36m&lt;path[39m
                [33md[39m=[32m&quot;M12 20v-9&quot;[39m
              [36m/&gt;[39m
              [36m&lt;path[39m
                [33md[39m=[32m&quot;M6.53 9C4.6 8.8 3 7.1 3 5&quot;[39m
              [36m/&gt;[39m
              [36m&lt;path[39m
                [33md[39m=[32m&quot;M6 13H2&quot;[39m
              [36m/&gt;[39m
              [36m&lt;path[39m
                [33md[39m=[32m&quot;M3 21c0-2.1 1.7-3.9 3.8-4&quot;[39m
              [36m/&gt;[39m
              [36m&lt;path[39m
                [33md[39m=[32m&quot;M20.97 5c0 2.1-1.6 3.8-3.5 4&quot;[39m
              [36m/&gt;[39m
              [36m&lt;path[39m
                [33md[39m=[32m&quot;M22 13h-4&quot;[39m
              [36m/&gt;[39m
              [36m&lt;path[39m
                [33md[39m=[32m&quot;M17.2 17c2.1.1 3.8 1.9 3.8 4&quot;[39m
              [36m/&gt;[39m
            [36m&lt;/svg&gt;[39m
            [0mError Details (Development Only)[0m
          [36m&lt;/summary&gt;[39m
          [36m&lt;div[39m
            [33mstyle[39m=[32m&quot;font-family: monospace; color: rgb(75, 85, 99); word-break: break-word;&quot;[39m
          [36m&gt;[39m
            [36m&lt;strong&gt;[39m
              [0mType:[0m
            [36m&lt;/strong&gt;[39m
            [0m [0m
            [0mNETWORK[0m
            [36m&lt;br /&gt;[39m
            [36m&lt;strong&gt;[39m
              [0mCode:[0m
            [36m&lt;/strong&gt;[39m
            [0m [0m
            [0mNETWORK_ERROR[0m
            [36m&lt;br /&gt;[39m
            [36m&lt;strong&gt;[39m
              [0mMessage:[0m
            [36m&lt;/strong&gt;[39m
            [0m [0m
            [0mTest error message[0m
            [36m&lt;br /&gt;[39m
            [36m&lt;strong&gt;[39m
              [0mStack:[0m
            [36m&lt;/strong&gt;[39m
            [36m&lt;pre[39m
              [33mstyle[39m=[32m&quot;white-space: pre-wrap; word-break: break-word; margin: 4px 0px 0px 0px; font-size: 10px;&quot;[39m
            [36m&gt;[39m
              [0mAppError: Test error message
    at ThrowErrorComponent (/home/ilya/projects/SimpleAdminReporter/frontend/src/components/query/__tests__/QueryPreviewErrorBoundary.test.tsx:59:19)
    at Object.react_stack_bottom_frame (/home/ilya/projects/SimpleAdminReporter/frontend/node_modules/react-dom/cjs/react-dom-client.development.js:23863:20)
    at renderWithHooks (/home/ilya/projects/SimpleAdminReporter/frontend/node_modules/react-dom/cjs/react-dom-client.development.js:5529:22)
    at updateFunctionComponent (/home/ilya/projects/SimpleAdminReporter/frontend/node_modules/react-dom/cjs/react-dom-client.development.js:8897:19)
    at beginWork (/home/ilya/projects/SimpleAdminReporter/frontend/node_modules/react-dom/cjs/react-dom-client.development.js:10522:18)
    at runWithFiberInDEV (/home/ilya/projects/SimpleAdminReporter/frontend/node_modules/react-dom/cjs/react-dom-client.development.js:1522:13..." type="TestingLibraryElementError">
TestingLibraryElementError: Found multiple elements with the text: Query Configuration Error

Here are the matching elements:

Ignored nodes: comments, script, style
&lt;h3
  style=&quot;font-size: 20px; font-weight: bold; margin-bottom: 8px; color: rgb(31, 41, 55);&quot;
&gt;
  Query Configuration Error
&lt;/h3&gt;

Ignored nodes: comments, script, style
&lt;h3
  style=&quot;font-size: 20px; font-weight: bold; margin-bottom: 8px; color: rgb(31, 41, 55);&quot;
&gt;
  Query Configuration Error
&lt;/h3&gt;

(If this is intentional, then use the `*AllBy*` variant of the query (like `queryAllByText`, `getAllByText`, or `findAllByText`)).

Ignored nodes: comments, script, style
&lt;body&gt;
  &lt;div&gt;
    &lt;div
      data-testid=&quot;test-content&quot;
    &gt;
      Test content
    &lt;/div&gt;
  &lt;/div&gt;
  &lt;div&gt;
    &lt;div
      style=&quot;min-height: 400px; background: rgb(245, 245, 245); display: flex; align-items: center; justify-content: center; padding: 32px; border-radius: 8px;&quot;
    &gt;
      &lt;div
        style=&quot;max-width: 600px; width: 100%; text-align: center; background: rgba(255, 255, 255, 0.9); border-radius: 16px; padding: 32px; border: 1px solid rgb(229, 231, 235); box-shadow: 0 4px 6px rgba(0, 0, 0, 0.1);&quot;
      &gt;
        &lt;svg
          aria-hidden=&quot;true&quot;
          class=&quot;lucide lucide-circle-alert&quot;
          fill=&quot;none&quot;
          height=&quot;48&quot;
          stroke=&quot;currentColor&quot;
          stroke-linecap=&quot;round&quot;
          stroke-linejoin=&quot;round&quot;
          stroke-width=&quot;2&quot;
          style=&quot;color: rgb(239, 68, 68); margin-bottom: 16px;&quot;
          viewBox=&quot;0 0 24 24&quot;
          width=&quot;48&quot;
          xmlns=&quot;http://www.w3.org/2000/svg&quot;
        &gt;
          &lt;circle
            cx=&quot;12&quot;
            cy=&quot;12&quot;
            r=&quot;10&quot;
          /&gt;
          &lt;line
            x1=&quot;12&quot;
            x2=&quot;12&quot;
            y1=&quot;8&quot;
            y2=&quot;12&quot;
          /&gt;
          &lt;line
            x1=&quot;12&quot;
            x2=&quot;12.01&quot;
            y1=&quot;16&quot;
            y2=&quot;16&quot;
          /&gt;
        &lt;/svg&gt;
        &lt;h3
          style=&quot;font-size: 20px; font-weight: bold; margin-bottom: 8px; color: rgb(31, 41, 55);&quot;
        &gt;
          Network Connection Issue
        &lt;/h3&gt;
        &lt;p
          style=&quot;font-size: 14px; margin-bottom: 20px; color: rgb(107, 114, 128); line-height: 1.5;&quot;
        &gt;
          Check your internet connection and try again. If the problem persists, contact your network administrator.
        &lt;/p&gt;
        &lt;details
          style=&quot;text-align: left; margin-bottom: 20px; background: rgba(0, 0, 0, 0.05); padding: 12px; border-radius: 6px; font-size: 12px;&quot;
        &gt;
          &lt;summary
            style=&quot;cursor: pointer; margin-bottom: 8px; color: rgb(107, 114, 128); font-size: 12px;&quot;
          &gt;
            &lt;svg
              aria-hidden=&quot;true&quot;
              class=&quot;lucide lucide-bug&quot;
              fill=&quot;none&quot;
              height=&quot;14&quot;
              stroke=&quot;currentColor&quot;
              stroke-linecap=&quot;round&quot;
              stroke-linejoin=&quot;round&quot;
              stroke-width=&quot;2&quot;
              style=&quot;margin-right: 6px; vertical-align: middle;&quot;
              viewBox=&quot;0 0 24 24&quot;
              width=&quot;14&quot;
              xmlns=&quot;http://www.w3.org/2000/svg&quot;
            &gt;
              &lt;path
                d=&quot;m8 2 1.88 1.88&quot;
              /&gt;
              &lt;path
                d=&quot;M14.12 3.88 16 2&quot;
              /&gt;
              &lt;path
                d=&quot;M9 7.13v-1a3.003 3.003 0 1 1 6 0v1&quot;
              /&gt;
              &lt;path
                d=&quot;M12 20c-3.3 0-6-2.7-6-6v-3a4 4 0 0 1 4-4h4a4 4 0 0 1 4 4v3c0 3.3-2.7 6-6 6&quot;
              /&gt;
              &lt;path
                d=&quot;M12 20v-9&quot;
              /&gt;
              &lt;path
                d=&quot;M6.53 9C4.6 8.8 3 7.1 3 5&quot;
              /&gt;
              &lt;path
                d=&quot;M6 13H2&quot;
              /&gt;
              &lt;path
                d=&quot;M3 21c0-2.1 1.7-3.9 3.8-4&quot;
              /&gt;
              &lt;path
                d=&quot;M20.97 5c0 2.1-1.6 3.8-3.5 4&quot;
              /&gt;
              &lt;path
                d=&quot;M22 13h-4&quot;
              /&gt;
              &lt;path
                d=&quot;M17.2 17c2.1.1 3.8 1.9 3.8 4&quot;
              /&gt;
            &lt;/svg&gt;
            Error Details (Development Only)
          &lt;/summary&gt;
          &lt;div
            style=&quot;font-family: monospace; color: rgb(75, 85, 99); word-break: break-word;&quot;
          &gt;
            &lt;strong&gt;
              Type:
            &lt;/strong&gt;
             
            NETWORK
            &lt;br /&gt;
            &lt;strong&gt;
              Code:
            &lt;/strong&gt;
             
            NETWORK_ERROR
            &lt;br /&gt;
            &lt;strong&gt;
              Message:
            &lt;/strong&gt;
             
            Test error message
            &lt;br /&gt;
            &lt;strong&gt;
              Stack:
            &lt;/strong&gt;
            &lt;pre
              style=&quot;white-space: pre-wrap; word-break: break-word; margin: 4px 0px 0px 0px; font-size: 10px;&quot;
            &gt;
              AppError: Test error message
    at ThrowErrorComponent (/home/ilya/projects/SimpleAdminReporter/frontend/src/components/query/__tests__/QueryPreviewErrorBoundary.test.tsx:59:19)
    at Object.react_stack_bottom_frame (/home/ilya/projects/SimpleAdminReporter/frontend/node_modules/react-dom/cjs/react-dom-client.development.js:23863:20)
    at renderWithHooks (/home/ilya/projects/SimpleAdminReporter/frontend/node_modules/react-dom/cjs/react-dom-client.development.js:5529:22)
    at updateFunctionComponent (/home/ilya/projects/SimpleAdminReporter/frontend/node_modules/react-dom/cjs/react-dom-client.development.js:8897:19)
    at beginWork (/home/ilya/projects/SimpleAdminReporter/frontend/node_modules/react-dom/cjs/react-dom-client.development.js:10522:18)
    at runWithFiberInDEV (/home/ilya/projects/SimpleAdminReporter/frontend/node_modules/react-dom/cjs/react-dom-client.development.js:1522:13...
 ❯ ThrowErrorComponent src/components/query/__tests__/QueryPreviewErrorBoundary.test.tsx:59:19
 ❯ Object.react_stack_bottom_frame node_modules/react-dom/cjs/react-dom-client.development.js:23863:20
 ❯ renderWithHooks node_modules/react-dom/cjs/react-dom-client.development.js:5529:22
 ❯ updateFunctionComponent node_modules/react-dom/cjs/react-dom-client.development.js:8897:19
 ❯ beginWork node_modules/react-dom/cjs/react-dom-client.development.js:10522:18
 ❯ Object.getElementError node_modules/@testing-library/dom/dist/config.js:37:19
 ❯ getElementError node_modules/@testing-library/dom/dist/query-helpers.js:20:35
 ❯ getMultipleElementsFoundError node_modules/@testing-library/dom/dist/query-helpers.js:23:10
 ❯ node_modules/@testing-library/dom/dist/query-helpers.js:55:13
 ❯ node_modules/@testing-library/dom/dist/query-helpers.js:95:19
 ❯ src/components/query/__tests__/QueryPreviewErrorBoundary.test.tsx:494:21
            </failure>
            <failure message="Cannot delete property &apos;gtag&apos; of #&lt;Object&gt;" type="TypeError">
TypeError: Cannot delete property &apos;gtag&apos; of #&lt;Object&gt;
 ❯ src/components/query/__tests__/QueryPreviewErrorBoundary.test.tsx:49:3
            </failure>
        </testcase>
        <testcase classname="src/components/query/__tests__/QueryPreviewErrorBoundary.test.tsx" name="QueryPreviewErrorBoundary &gt; Recovery Actions and Navigation &gt; shows non-actionable guidance for authorization errors" time="0.074551482">
            <failure message="Found multiple elements with the text: Access Denied

Here are the matching elements:

Ignored nodes: comments, script, style
[36m&lt;h3[39m
  [33mstyle[39m=[32m&quot;font-size: 20px; font-weight: bold; margin-bottom: 8px; color: rgb(31, 41, 55);&quot;[39m
[36m&gt;[39m
  [0mAccess Denied[0m
[36m&lt;/h3&gt;[39m

Ignored nodes: comments, script, style
[36m&lt;h3[39m
  [33mstyle[39m=[32m&quot;font-size: 20px; font-weight: bold; margin-bottom: 8px; color: rgb(31, 41, 55);&quot;[39m
[36m&gt;[39m
  [0mAccess Denied[0m
[36m&lt;/h3&gt;[39m

Ignored nodes: comments, script, style
[36m&lt;h3[39m
  [33mstyle[39m=[32m&quot;font-size: 20px; font-weight: bold; margin-bottom: 8px; color: rgb(31, 41, 55);&quot;[39m
[36m&gt;[39m
  [0mAccess Denied[0m
[36m&lt;/h3&gt;[39m

(If this is intentional, then use the `*AllBy*` variant of the query (like `queryAllByText`, `getAllByText`, or `findAllByText`)).

Ignored nodes: comments, script, style
[36m&lt;body&gt;[39m
  [36m&lt;div&gt;[39m
    [36m&lt;div[39m
      [33mdata-testid[39m=[32m&quot;test-content&quot;[39m
    [36m&gt;[39m
      [0mTest content[0m
    [36m&lt;/div&gt;[39m
  [36m&lt;/div&gt;[39m
  [36m&lt;div&gt;[39m
    [36m&lt;div[39m
      [33mstyle[39m=[32m&quot;min-height: 400px; background: rgb(245, 245, 245); display: flex; align-items: center; justify-content: center; padding: 32px; border-radius: 8px;&quot;[39m
    [36m&gt;[39m
      [36m&lt;div[39m
        [33mstyle[39m=[32m&quot;max-width: 600px; width: 100%; text-align: center; background: rgba(255, 255, 255, 0.9); border-radius: 16px; padding: 32px; border: 1px solid rgb(229, 231, 235); box-shadow: 0 4px 6px rgba(0, 0, 0, 0.1);&quot;[39m
      [36m&gt;[39m
        [36m&lt;svg[39m
          [33maria-hidden[39m=[32m&quot;true&quot;[39m
          [33mclass[39m=[32m&quot;lucide lucide-circle-alert&quot;[39m
          [33mfill[39m=[32m&quot;none&quot;[39m
          [33mheight[39m=[32m&quot;48&quot;[39m
          [33mstroke[39m=[32m&quot;currentColor&quot;[39m
          [33mstroke-linecap[39m=[32m&quot;round&quot;[39m
          [33mstroke-linejoin[39m=[32m&quot;round&quot;[39m
          [33mstroke-width[39m=[32m&quot;2&quot;[39m
          [33mstyle[39m=[32m&quot;color: rgb(239, 68, 68); margin-bottom: 16px;&quot;[39m
          [33mviewBox[39m=[32m&quot;0 0 24 24&quot;[39m
          [33mwidth[39m=[32m&quot;48&quot;[39m
          [33mxmlns[39m=[32m&quot;http://www.w3.org/2000/svg&quot;[39m
        [36m&gt;[39m
          [36m&lt;circle[39m
            [33mcx[39m=[32m&quot;12&quot;[39m
            [33mcy[39m=[32m&quot;12&quot;[39m
            [33mr[39m=[32m&quot;10&quot;[39m
          [36m/&gt;[39m
          [36m&lt;line[39m
            [33mx1[39m=[32m&quot;12&quot;[39m
            [33mx2[39m=[32m&quot;12&quot;[39m
            [33my1[39m=[32m&quot;8&quot;[39m
            [33my2[39m=[32m&quot;12&quot;[39m
          [36m/&gt;[39m
          [36m&lt;line[39m
            [33mx1[39m=[32m&quot;12&quot;[39m
            [33mx2[39m=[32m&quot;12.01&quot;[39m
            [33my1[39m=[32m&quot;16&quot;[39m
            [33my2[39m=[32m&quot;16&quot;[39m
          [36m/&gt;[39m
        [36m&lt;/svg&gt;[39m
        [36m&lt;h3[39m
          [33mstyle[39m=[32m&quot;font-size: 20px; font-weight: bold; margin-bottom: 8px; color: rgb(31, 41, 55);&quot;[39m
        [36m&gt;[39m
          [0mNetwork Connection Issue[0m
        [36m&lt;/h3&gt;[39m
        [36m&lt;p[39m
          [33mstyle[39m=[32m&quot;font-size: 14px; margin-bottom: 20px; color: rgb(107, 114, 128); line-height: 1.5;&quot;[39m
        [36m&gt;[39m
          [0mCheck your internet connection and try again. If the problem persists, contact your network administrator.[0m
        [36m&lt;/p&gt;[39m
        [36m&lt;details[39m
          [33mstyle[39m=[32m&quot;text-align: left; margin-bottom: 20px; background: rgba(0, 0, 0, 0.05); padding: 12px; border-radius: 6px; font-size: 12px;&quot;[39m
        [36m&gt;[39m
          [36m&lt;summary[39m
            [33mstyle[39m=[32m&quot;cursor: pointer; margin-bottom: 8px; color: rgb(107, 114, 128); font-size: 12px;&quot;[39m
          [36m&gt;[39m
            [36m&lt;svg[39m
              [33maria-hidden[39m=[32m&quot;true&quot;[39m
              [33mclass[39m=[32m&quot;lucide lucide-bug&quot;[39m
              [33mfill[39m=[32m&quot;none&quot;[39m
              [33mheight[39m=[32m&quot;14&quot;[39m
              [33mstroke[39m=[32m&quot;currentColor&quot;[39m
              [33mstroke-linecap[39m=[32m&quot;round&quot;[39m
              [33mstroke-linejoin[39m=[32m&quot;round&quot;[39m
              [33mstroke-width[39m=[32m&quot;2&quot;[39m
              [33mstyle[39m=[32m&quot;margin-right: 6px; vertical-align: middle;&quot;[39m
              [33mviewBox[39m=[32m&quot;0 0 24 24&quot;[39m
              [33mwidth[39m=[32m&quot;14&quot;[39m
              [33mxmlns[39m=[32m&quot;http://www.w3.org/2000/svg&quot;[39m
            [36m&gt;[39m
              [36m&lt;path[39m
                [33md[39m=[32m&quot;m8 2 1.88 1.88&quot;[39m
              [36m/&gt;[39m
              [36m&lt;path[39m
                [33md[39m=[32m&quot;M14.12 3.88 16 2&quot;[39m
              [36m/&gt;[39m
              [36m&lt;path[39m
                [33md[39m=[32m&quot;M9 7.13v-1a3.003 3.003 0 1 1 6 0v1&quot;[39m
              [36m/&gt;[39m
              [36m&lt;path[39m
                [33md[39m=[32m&quot;M12 20c-3.3 0-6-2.7-6-6v-3a4 4 0 0 1 4-4h4a4 4 0 0 1 4 4v3c0 3.3-2.7 6-6 6&quot;[39m
              [36m/&gt;[39m
              [36m&lt;path[39m
                [33md[39m=[32m&quot;M12 20v-9&quot;[39m
              [36m/&gt;[39m
              [36m&lt;path[39m
                [33md[39m=[32m&quot;M6.53 9C4.6 8.8 3 7.1 3 5&quot;[39m
              [36m/&gt;[39m
              [36m&lt;path[39m
                [33md[39m=[32m&quot;M6 13H2&quot;[39m
              [36m/&gt;[39m
              [36m&lt;path[39m
                [33md[39m=[32m&quot;M3 21c0-2.1 1.7-3.9 3.8-4&quot;[39m
              [36m/&gt;[39m
              [36m&lt;path[39m
                [33md[39m=[32m&quot;M20.97 5c0 2.1-1.6 3.8-3.5 4&quot;[39m
              [36m/&gt;[39m
              [36m&lt;path[39m
                [33md[39m=[32m&quot;M22 13h-4&quot;[39m
              [36m/&gt;[39m
              [36m&lt;path[39m
                [33md[39m=[32m&quot;M17.2 17c2.1.1 3.8 1.9 3.8 4&quot;[39m
              [36m/&gt;[39m
            [36m&lt;/svg&gt;[39m
            [0mError Details (Development Only)[0m
          [36m&lt;/summary&gt;[39m
          [36m&lt;div[39m
            [33mstyle[39m=[32m&quot;font-family: monospace; color: rgb(75, 85, 99); word-break: break-word;&quot;[39m
          [36m&gt;[39m
            [36m&lt;strong&gt;[39m
              [0mType:[0m
            [36m&lt;/strong&gt;[39m
            [0m [0m
            [0mNETWORK[0m
            [36m&lt;br /&gt;[39m
            [36m&lt;strong&gt;[39m
              [0mCode:[0m
            [36m&lt;/strong&gt;[39m
            [0m [0m
            [0mNETWORK_ERROR[0m
            [36m&lt;br /&gt;[39m
            [36m&lt;strong&gt;[39m
              [0mMessage:[0m
            [36m&lt;/strong&gt;[39m
            [0m [0m
            [0mTest error message[0m
            [36m&lt;br /&gt;[39m
            [36m&lt;strong&gt;[39m
              [0mStack:[0m
            [36m&lt;/strong&gt;[39m
            [36m&lt;pre[39m
              [33mstyle[39m=[32m&quot;white-space: pre-wrap; word-break: break-word; margin: 4px 0px 0px 0px; font-size: 10px;&quot;[39m
            [36m&gt;[39m
              [0mAppError: Test error message
    at ThrowErrorComponent (/home/ilya/projects/SimpleAdminReporter/frontend/src/components/query/__tests__/QueryPreviewErrorBoundary.test.tsx:59:19)
    at Object.react_stack_bottom_frame (/home/ilya/projects/SimpleAdminReporter/frontend/node_modules/react-dom/cjs/react-dom-client.development.js:23863:20)
    at renderWithHooks (/home/ilya/projects/SimpleAdminReporter/frontend/node_modules/react-dom/cjs/react-dom-client.development.js:5529:22)
    at updateFunctionComponent (/home/ilya/projects/SimpleAdminReporter/frontend/node_modules/react-dom/cjs/react-dom-client.development.js:8897:19)
    at beginWork (/home/ilya/projects/SimpleAdminReporter/frontend/node_modules/react-dom/cjs/react-dom-client.development.js:10522:18)
    at runWithFiberInDEV (/home/ilya/projects/SimpleAdminReporter/frontend/node_modules/react-dom/cjs/react-dom-client.development.js:1522:13..." type="TestingLibraryElementError">
TestingLibraryElementError: Found multiple elements with the text: Access Denied

Here are the matching elements:

Ignored nodes: comments, script, style
&lt;h3
  style=&quot;font-size: 20px; font-weight: bold; margin-bottom: 8px; color: rgb(31, 41, 55);&quot;
&gt;
  Access Denied
&lt;/h3&gt;

Ignored nodes: comments, script, style
&lt;h3
  style=&quot;font-size: 20px; font-weight: bold; margin-bottom: 8px; color: rgb(31, 41, 55);&quot;
&gt;
  Access Denied
&lt;/h3&gt;

Ignored nodes: comments, script, style
&lt;h3
  style=&quot;font-size: 20px; font-weight: bold; margin-bottom: 8px; color: rgb(31, 41, 55);&quot;
&gt;
  Access Denied
&lt;/h3&gt;

(If this is intentional, then use the `*AllBy*` variant of the query (like `queryAllByText`, `getAllByText`, or `findAllByText`)).

Ignored nodes: comments, script, style
&lt;body&gt;
  &lt;div&gt;
    &lt;div
      data-testid=&quot;test-content&quot;
    &gt;
      Test content
    &lt;/div&gt;
  &lt;/div&gt;
  &lt;div&gt;
    &lt;div
      style=&quot;min-height: 400px; background: rgb(245, 245, 245); display: flex; align-items: center; justify-content: center; padding: 32px; border-radius: 8px;&quot;
    &gt;
      &lt;div
        style=&quot;max-width: 600px; width: 100%; text-align: center; background: rgba(255, 255, 255, 0.9); border-radius: 16px; padding: 32px; border: 1px solid rgb(229, 231, 235); box-shadow: 0 4px 6px rgba(0, 0, 0, 0.1);&quot;
      &gt;
        &lt;svg
          aria-hidden=&quot;true&quot;
          class=&quot;lucide lucide-circle-alert&quot;
          fill=&quot;none&quot;
          height=&quot;48&quot;
          stroke=&quot;currentColor&quot;
          stroke-linecap=&quot;round&quot;
          stroke-linejoin=&quot;round&quot;
          stroke-width=&quot;2&quot;
          style=&quot;color: rgb(239, 68, 68); margin-bottom: 16px;&quot;
          viewBox=&quot;0 0 24 24&quot;
          width=&quot;48&quot;
          xmlns=&quot;http://www.w3.org/2000/svg&quot;
        &gt;
          &lt;circle
            cx=&quot;12&quot;
            cy=&quot;12&quot;
            r=&quot;10&quot;
          /&gt;
          &lt;line
            x1=&quot;12&quot;
            x2=&quot;12&quot;
            y1=&quot;8&quot;
            y2=&quot;12&quot;
          /&gt;
          &lt;line
            x1=&quot;12&quot;
            x2=&quot;12.01&quot;
            y1=&quot;16&quot;
            y2=&quot;16&quot;
          /&gt;
        &lt;/svg&gt;
        &lt;h3
          style=&quot;font-size: 20px; font-weight: bold; margin-bottom: 8px; color: rgb(31, 41, 55);&quot;
        &gt;
          Network Connection Issue
        &lt;/h3&gt;
        &lt;p
          style=&quot;font-size: 14px; margin-bottom: 20px; color: rgb(107, 114, 128); line-height: 1.5;&quot;
        &gt;
          Check your internet connection and try again. If the problem persists, contact your network administrator.
        &lt;/p&gt;
        &lt;details
          style=&quot;text-align: left; margin-bottom: 20px; background: rgba(0, 0, 0, 0.05); padding: 12px; border-radius: 6px; font-size: 12px;&quot;
        &gt;
          &lt;summary
            style=&quot;cursor: pointer; margin-bottom: 8px; color: rgb(107, 114, 128); font-size: 12px;&quot;
          &gt;
            &lt;svg
              aria-hidden=&quot;true&quot;
              class=&quot;lucide lucide-bug&quot;
              fill=&quot;none&quot;
              height=&quot;14&quot;
              stroke=&quot;currentColor&quot;
              stroke-linecap=&quot;round&quot;
              stroke-linejoin=&quot;round&quot;
              stroke-width=&quot;2&quot;
              style=&quot;margin-right: 6px; vertical-align: middle;&quot;
              viewBox=&quot;0 0 24 24&quot;
              width=&quot;14&quot;
              xmlns=&quot;http://www.w3.org/2000/svg&quot;
            &gt;
              &lt;path
                d=&quot;m8 2 1.88 1.88&quot;
              /&gt;
              &lt;path
                d=&quot;M14.12 3.88 16 2&quot;
              /&gt;
              &lt;path
                d=&quot;M9 7.13v-1a3.003 3.003 0 1 1 6 0v1&quot;
              /&gt;
              &lt;path
                d=&quot;M12 20c-3.3 0-6-2.7-6-6v-3a4 4 0 0 1 4-4h4a4 4 0 0 1 4 4v3c0 3.3-2.7 6-6 6&quot;
              /&gt;
              &lt;path
                d=&quot;M12 20v-9&quot;
              /&gt;
              &lt;path
                d=&quot;M6.53 9C4.6 8.8 3 7.1 3 5&quot;
              /&gt;
              &lt;path
                d=&quot;M6 13H2&quot;
              /&gt;
              &lt;path
                d=&quot;M3 21c0-2.1 1.7-3.9 3.8-4&quot;
              /&gt;
              &lt;path
                d=&quot;M20.97 5c0 2.1-1.6 3.8-3.5 4&quot;
              /&gt;
              &lt;path
                d=&quot;M22 13h-4&quot;
              /&gt;
              &lt;path
                d=&quot;M17.2 17c2.1.1 3.8 1.9 3.8 4&quot;
              /&gt;
            &lt;/svg&gt;
            Error Details (Development Only)
          &lt;/summary&gt;
          &lt;div
            style=&quot;font-family: monospace; color: rgb(75, 85, 99); word-break: break-word;&quot;
          &gt;
            &lt;strong&gt;
              Type:
            &lt;/strong&gt;
             
            NETWORK
            &lt;br /&gt;
            &lt;strong&gt;
              Code:
            &lt;/strong&gt;
             
            NETWORK_ERROR
            &lt;br /&gt;
            &lt;strong&gt;
              Message:
            &lt;/strong&gt;
             
            Test error message
            &lt;br /&gt;
            &lt;strong&gt;
              Stack:
            &lt;/strong&gt;
            &lt;pre
              style=&quot;white-space: pre-wrap; word-break: break-word; margin: 4px 0px 0px 0px; font-size: 10px;&quot;
            &gt;
              AppError: Test error message
    at ThrowErrorComponent (/home/ilya/projects/SimpleAdminReporter/frontend/src/components/query/__tests__/QueryPreviewErrorBoundary.test.tsx:59:19)
    at Object.react_stack_bottom_frame (/home/ilya/projects/SimpleAdminReporter/frontend/node_modules/react-dom/cjs/react-dom-client.development.js:23863:20)
    at renderWithHooks (/home/ilya/projects/SimpleAdminReporter/frontend/node_modules/react-dom/cjs/react-dom-client.development.js:5529:22)
    at updateFunctionComponent (/home/ilya/projects/SimpleAdminReporter/frontend/node_modules/react-dom/cjs/react-dom-client.development.js:8897:19)
    at beginWork (/home/ilya/projects/SimpleAdminReporter/frontend/node_modules/react-dom/cjs/react-dom-client.development.js:10522:18)
    at runWithFiberInDEV (/home/ilya/projects/SimpleAdminReporter/frontend/node_modules/react-dom/cjs/react-dom-client.development.js:1522:13...
 ❯ ThrowErrorComponent src/components/query/__tests__/QueryPreviewErrorBoundary.test.tsx:59:19
 ❯ Object.react_stack_bottom_frame node_modules/react-dom/cjs/react-dom-client.development.js:23863:20
 ❯ renderWithHooks node_modules/react-dom/cjs/react-dom-client.development.js:5529:22
 ❯ updateFunctionComponent node_modules/react-dom/cjs/react-dom-client.development.js:8897:19
 ❯ beginWork node_modules/react-dom/cjs/react-dom-client.development.js:10522:18
 ❯ Object.getElementError node_modules/@testing-library/dom/dist/config.js:37:19
 ❯ getElementError node_modules/@testing-library/dom/dist/query-helpers.js:20:35
 ❯ getMultipleElementsFoundError node_modules/@testing-library/dom/dist/query-helpers.js:23:10
 ❯ node_modules/@testing-library/dom/dist/query-helpers.js:55:13
 ❯ node_modules/@testing-library/dom/dist/query-helpers.js:95:19
 ❯ src/components/query/__tests__/QueryPreviewErrorBoundary.test.tsx:505:21
            </failure>
            <failure message="Cannot delete property &apos;gtag&apos; of #&lt;Object&gt;" type="TypeError">
TypeError: Cannot delete property &apos;gtag&apos; of #&lt;Object&gt;
 ❯ src/components/query/__tests__/QueryPreviewErrorBoundary.test.tsx:49:3
            </failure>
        </testcase>
        <testcase classname="src/components/query/__tests__/QueryPreviewErrorBoundary.test.tsx" name="QueryPreviewErrorBoundary &gt; Dark Mode Support &gt; applies dark mode styles correctly" time="0.061897881">
            <failure message="[2mexpect([22m[31melement[39m[2m).toHaveStyle()[22m

[32m- Expected[39m
[31m+ Received[39m

[32m- color: white;[39m" type="Error">
Error: expect(element).toHaveStyle()

- Expected
+ Received

- color: white;
 ❯ src/components/query/__tests__/QueryPreviewErrorBoundary.test.tsx:522:23
            </failure>
            <failure message="Cannot delete property &apos;gtag&apos; of #&lt;Object&gt;" type="TypeError">
TypeError: Cannot delete property &apos;gtag&apos; of #&lt;Object&gt;
 ❯ src/components/query/__tests__/QueryPreviewErrorBoundary.test.tsx:49:3
            </failure>
        </testcase>
        <testcase classname="src/components/query/__tests__/QueryPreviewErrorBoundary.test.tsx" name="QueryPreviewErrorBoundary &gt; Dark Mode Support &gt; applies light mode styles correctly" time="0.056314925">
            <failure message="[2mexpect([22m[31melement[39m[2m).toHaveStyle()[22m

[32m- Expected[39m
[31m+ Received[39m

[32m- color: rgb(31, 41, 55);[39m" type="Error">
Error: expect(element).toHaveStyle()

- Expected
+ Received

- color: rgb(31, 41, 55);
 ❯ src/components/query/__tests__/QueryPreviewErrorBoundary.test.tsx:536:23
            </failure>
            <failure message="Cannot delete property &apos;gtag&apos; of #&lt;Object&gt;" type="TypeError">
TypeError: Cannot delete property &apos;gtag&apos; of #&lt;Object&gt;
 ❯ src/components/query/__tests__/QueryPreviewErrorBoundary.test.tsx:49:3
            </failure>
        </testcase>
        <testcase classname="src/components/query/__tests__/QueryPreviewErrorBoundary.test.tsx" name="QueryPreviewErrorBoundary &gt; Development Mode Features &gt; shows error details in development mode" time="0.089074655">
            <failure message="Found multiple elements with the text: Error Details (Development Only)

Here are the matching elements:

Ignored nodes: comments, script, style
[36m&lt;summary[39m
  [33mstyle[39m=[32m&quot;cursor: pointer; margin-bottom: 8px; color: rgb(107, 114, 128); font-size: 12px;&quot;[39m
[36m&gt;[39m
  [36m&lt;svg[39m
    [33maria-hidden[39m=[32m&quot;true&quot;[39m
    [33mclass[39m=[32m&quot;lucide lucide-bug&quot;[39m
    [33mfill[39m=[32m&quot;none&quot;[39m
    [33mheight[39m=[32m&quot;14&quot;[39m
    [33mstroke[39m=[32m&quot;currentColor&quot;[39m
    [33mstroke-linecap[39m=[32m&quot;round&quot;[39m
    [33mstroke-linejoin[39m=[32m&quot;round&quot;[39m
    [33mstroke-width[39m=[32m&quot;2&quot;[39m
    [33mstyle[39m=[32m&quot;margin-right: 6px; vertical-align: middle;&quot;[39m
    [33mviewBox[39m=[32m&quot;0 0 24 24&quot;[39m
    [33mwidth[39m=[32m&quot;14&quot;[39m
    [33mxmlns[39m=[32m&quot;http://www.w3.org/2000/svg&quot;[39m
  [36m&gt;[39m
    [36m&lt;path[39m
      [33md[39m=[32m&quot;m8 2 1.88 1.88&quot;[39m
    [36m/&gt;[39m
    [36m&lt;path[39m
      [33md[39m=[32m&quot;M14.12 3.88 16 2&quot;[39m
    [36m/&gt;[39m
    [36m&lt;path[39m
      [33md[39m=[32m&quot;M9 7.13v-1a3.003 3.003 0 1 1 6 0v1&quot;[39m
    [36m/&gt;[39m
    [36m&lt;path[39m
      [33md[39m=[32m&quot;M12 20c-3.3 0-6-2.7-6-6v-3a4 4 0 0 1 4-4h4a4 4 0 0 1 4 4v3c0 3.3-2.7 6-6 6&quot;[39m
    [36m/&gt;[39m
    [36m&lt;path[39m
      [33md[39m=[32m&quot;M12 20v-9&quot;[39m
    [36m/&gt;[39m
    [36m&lt;path[39m
      [33md[39m=[32m&quot;M6.53 9C4.6 8.8 3 7.1 3 5&quot;[39m
    [36m/&gt;[39m
    [36m&lt;path[39m
      [33md[39m=[32m&quot;M6 13H2&quot;[39m
    [36m/&gt;[39m
    [36m&lt;path[39m
      [33md[39m=[32m&quot;M3 21c0-2.1 1.7-3.9 3.8-4&quot;[39m
    [36m/&gt;[39m
    [36m&lt;path[39m
      [33md[39m=[32m&quot;M20.97 5c0 2.1-1.6 3.8-3.5 4&quot;[39m
    [36m/&gt;[39m
    [36m&lt;path[39m
      [33md[39m=[32m&quot;M22 13h-4&quot;[39m
    [36m/&gt;[39m
    [36m&lt;path[39m
      [33md[39m=[32m&quot;M17.2 17c2.1.1 3.8 1.9 3.8 4&quot;[39m
    [36m/&gt;[39m
  [36m&lt;/svg&gt;[39m
  [0mError Details (Development Only)[0m
[36m&lt;/summary&gt;[39m

Ignored nodes: comments, script, style
[36m&lt;summary[39m
  [33mstyle[39m=[32m&quot;cursor: pointer; margin-bottom: 8px; color: rgb(107, 114, 128); font-size: 12px;&quot;[39m
[36m&gt;[39m
  [36m&lt;svg[39m
    [33maria-hidden[39m=[32m&quot;true&quot;[39m
    [33mclass[39m=[32m&quot;lucide lucide-bug&quot;[39m
    [33mfill[39m=[32m&quot;none&quot;[39m
    [33mheight[39m=[32m&quot;14&quot;[39m
    [33mstroke[39m=[32m&quot;currentColor&quot;[39m
    [33mstroke-linecap[39m=[32m&quot;round&quot;[39m
    [33mstroke-linejoin[39m=[32m&quot;round&quot;[39m
    [33mstroke-width[39m=[32m&quot;2&quot;[39m
    [33mstyle[39m=[32m&quot;margin-right: 6px; vertical-align: middle;&quot;[39m
    [33mviewBox[39m=[32m&quot;0 0 24 24&quot;[39m
    [33mwidth[39m=[32m&quot;14&quot;[39m
    [33mxmlns[39m=[32m&quot;http://www.w3.org/2000/svg&quot;[39m
  [36m&gt;[39m
    [36m&lt;path[39m
      [33md[39m=[32m&quot;m8 2 1.88 1.88&quot;[39m
    [36m/&gt;[39m
    [36m&lt;path[39m
      [33md[39m=[32m&quot;M14.12 3.88 16 2&quot;[39m
    [36m/&gt;[39m
    [36m&lt;path[39m
      [33md[39m=[32m&quot;M9 7.13v-1a3.003 3.003 0 1 1 6 0v1&quot;[39m
    [36m/&gt;[39m
    [36m&lt;path[39m
      [33md[39m=[32m&quot;M12 20c-3.3 0-6-2.7-6-6v-3a4 4 0 0 1 4-4h4a4 4 0 0 1 4 4v3c0 3.3-2.7 6-6 6&quot;[39m
    [36m/&gt;[39m
    [36m&lt;path[39m
      [33md[39m=[32m&quot;M12 20v-9&quot;[39m
    [36m/&gt;[39m
    [36m&lt;path[39m
      [33md[39m=[32m&quot;M6.53 9C4.6 8.8 3 7.1 3 5&quot;[39m
    [36m/&gt;[39m
    [36m&lt;path[39m
      [33md[39m=[32m&quot;M6 13H2&quot;[39m
    [36m/&gt;[39m
    [36m&lt;path[39m
      [33md[39m=[32m&quot;M3 21c0-2.1 1.7-3.9 3.8-4&quot;[39m
    [36m/&gt;[39m
    [36m&lt;path[39m
      [33md[39m=[32m&quot;M20.97 5c0 2.1-1.6 3.8-3.5 4&quot;[39m
    [36m/&gt;[39m
    [36m&lt;path[39m
      [33md[39m=[32m&quot;M22 13h-4&quot;[39m
    [36m/&gt;[39m
    [36m&lt;path[39m
      [33md[39m=[32m&quot;M17.2 17c2.1.1 3.8 1.9 3.8 4&quot;[39m
    [36m/&gt;[39m
  [36m&lt;/svg&gt;[39m
  [0mError Details (Development Only)[0m
[36m&lt;/summary&gt;[39m

Ignored nodes: comments, script, style
[36m&lt;summary[39m
  [33mstyle[39m=[32m&quot;cursor: pointer; margin-bottom: 8px; color: rgb(107, 114, 128); font-size: 12px;&quot;[39m
[36m&gt;[39m
  [36m&lt;svg[39m
    [33maria-hidden[39m=[32m&quot;true&quot;[39m
    [33mclass[39m=[32m&quot;lucide lucide-bug&quot;[39m
    [33mfill[39m=[32m&quot;none&quot;[39m
    [33mheight[39m=[32m&quot;14&quot;[39m
    [33mstroke[39m=[32m&quot;currentColor&quot;[39m
    [33mstroke-linecap[39m=[32m&quot;round&quot;[39m
    [33mstroke-linejoin[39m=[32m&quot;round&quot;[39m
    [33mstroke-width[39m=[32m&quot;2&quot;[39m
    [33mstyle[39m=[32m&quot;margin-right: 6px; vertical-align: middle;&quot;[39m
    [33mviewBox[39m=[32m&quot;0 0 24 24&quot;[39m
    [33mwidth[39m=[32m&quot;14&quot;[39m
    [33mxmlns[39m=[32m&quot;http://www.w3.org/2000/svg&quot;[39m
  [36m&gt;[39m
    [36m&lt;path[39m
      [33md[39m=[32m&quot;m8 2 1.88 1.88&quot;[39m
    [36m/&gt;[39m
    [36m&lt;path[39m
      [33md[39m=[32m&quot;M14.12 3.88 16 2&quot;[39m
    [36m/&gt;[39m
    [36m&lt;path[39m
      [33md[39m=[32m&quot;M9 7.13v-1a3.003 3.003 0 1 1 6 0v1&quot;[39m
    [36m/&gt;[39m
    [36m&lt;path[39m
      [33md[39m=[32m&quot;M12 20c-3.3 0-6-2.7-6-6v-3a4 4 0 0 1 4-4h4a4 4 0 0 1 4 4v3c0 3.3-2.7 6-6 6&quot;[39m
    [36m/&gt;[39m
    [36m&lt;path[39m
      [33md[39m=[32m&quot;M12 20v-9&quot;[39m
    [36m/&gt;[39m
    [36m&lt;path[39m
      [33md[39m=[32m&quot;M6.53 9C4.6 8.8 3 7.1 3 5&quot;[39m
    [36m/&gt;[39m
    [36m&lt;path[39m
      [33md[39m=[32m&quot;M6 13H2&quot;[39m
    [36m/&gt;[39m
    [36m&lt;path[39m
      [33md[39m=[32m&quot;M3 21c0-2.1 1.7-3.9 3.8-4&quot;[39m
    [36m/&gt;[39m
    [36m&lt;path[39m
      [33md[39m=[32m&quot;M20.97 5c0 2.1-1.6 3.8-3.5 4&quot;[39m
    [36m/&gt;[39m
    [36m&lt;path[39m
      [33md[39m=[32m&quot;M22 13h-4&quot;[39m
    [36m/&gt;[39m
    [36m&lt;path[39m
      [33md[39m=[32m&quot;M17.2 17c2.1.1 3.8 1.9 3.8 4&quot;[39m
    [36m/&gt;[39m
  [36m&lt;/svg&gt;[39m
  [0mError Details (Development Only)[0m
[36m&lt;/summary&gt;[39m

Ignored nodes: comments, script, style
[36m&lt;summary[39m
  [33mstyle[39m=[32m&quot;cursor: pointer; margin-bottom: 8px; color: rgb(107, 114, 128); font-size: 12px;&quot;[39m
[36m&gt;[39m
  [36m&lt;svg[39m
    [33maria-hidden[39m=[32m&quot;true&quot;[39m
    [33mclass[39m=[32m&quot;lucide lucide-bug&quot;[39m
    [33mfill[39m=[32m&quot;none&quot;[39m
    [33mheight[39m=[32m&quot;14&quot;[39m
    [33mstroke[39m=[32m&quot;currentColor&quot;[39m
    [33mstroke-linecap[39m=[32m&quot;round&quot;[39m
    [33mstroke-linejoin[39m=[32m&quot;round&quot;[39m
    [33mstroke-width[39m=[32m&quot;2&quot;[39m
    [33mstyle[39m=[32m&quot;margin-right: 6px; vertical-align: middle;&quot;[39m
    [33mviewBox[39m=[32m&quot;0 0 24 24&quot;[39m
    [33mwidth[39m=[32m&quot;14&quot;[39m
    [33mxmlns[39m=[32m&quot;http://www.w3.org/2000/svg&quot;[39m
  [36m&gt;[39m
    [36m&lt;path[39m
      [33md[39m=[32m&quot;m8 2 1.88 1.88&quot;[39m
    [36m/&gt;[39m
    [36m&lt;path[39m
      [33md[39m=[32m&quot;M14.12 3.88 16 2&quot;[39m
    [36m/&gt;[39m
    [36m&lt;path[39m
      [33md[39m=[32m&quot;M9 7.13v-1a3.003 3.003 0 1 1 6 0v1&quot;[39m
    [36m/&gt;[39m
    [36m&lt;path[39m
      [33md[39m=[32m&quot;M12 20c-3.3 0-6-2.7-6-6v-3a4 4 0 0 1 4-4h4a4 4 0 0 1 4 4v3c0 3.3-2.7 6-6 6&quot;[39m
    [36m/&gt;[39m
    [36m&lt;path[39m
      [33md[39m=[32m&quot;M12 20v-9&quot;[39m
    [36m/&gt;[39m
    [36m&lt;path[39m
      [33md[39m=[32m&quot;M6.53 9C4.6 8.8 3 7.1 3 5&quot;[39m
    [36m/&gt;[39m
    [36m&lt;path[39m
      [33md[39m=[32m&quot;M6 13H2&quot;[39m
    [36m/&gt;[39m
    [36m&lt;path[39m
      [33md[39m=[32m&quot;M3 21c0-2.1 1.7-3.9 3.8-4&quot;[39m
    [36m/&gt;[39m
    [36m&lt;path[39m
      [33md[39m=[32m&quot;M20.97 5c0 2.1-1.6 3.8-3.5 4&quot;[39m
    [36m/&gt;[39m
    [36m&lt;path[39m
      [33md[39m=[32m&quot;M22 13h-4&quot;[39m
    [36m/&gt;[39m
    [36m&lt;path[39m
      [33md[39m=[32m&quot;M17.2 17c2.1.1 3.8 1.9 3.8 4&quot;[39m
    [36m/&gt;[39m
  [36m&lt;/svg&gt;[39m
  [0mError Details (Development Only)[0m
[36m&lt;/summary&gt;[39m

Ignored nodes: comments, script, style
[36m&lt;summary[39m
  [33mstyle[39m=[32m&quot;cursor: pointer; margin-bottom: 8px; color: rgb(107, 114, 128); font-size: 12px;&quot;[39m
[36m&gt;[39m
  [36m&lt;svg[39m
    [33maria-hidden[39m=[32m&quot;true&quot;[39m
    [33mclass[39m=[32m&quot;lucide lucide-bug&quot;[39m
    [33mfill[39m=[32m&quot;none&quot;[39m
    [33mheight[39m=[32m&quot;14&quot;[39m
    [33mstroke[39m=[32m&quot;currentColor&quot;[39m
    [33mstroke-linecap[39m=[32m&quot;round&quot;[39m
    [33mstroke-linejoin[39m=[32m&quot;round&quot;[39m
    [33mstroke-width[39m=[32m&quot;2&quot;[39m
    [33mstyle[39m=[32m&quot;margin-right: 6px; vertical-align: middle;&quot;[39m
    [33mviewBox[39m=[32m&quot;0 0 24 24&quot;[39m
    [33mwidth[39m=[32m&quot;14&quot;[39m
    [33mxmlns[39m=[32m&quot;http://www.w3.org/2000/svg&quot;[39m
  [36m&gt;[39m
    [36m&lt;path[39m
      [33md[39m=[32m&quot;m8 2 1.88 1.88&quot;[39m
    [36m/&gt;[39m
    [36m&lt;path[39m
      [33md[39m=[32m&quot;M14.12 3.88 16 2&quot;[39m
    [36m/&gt;[39m
    [36m&lt;path[39m
      [33md[39m=[32m&quot;M9 7.13v-1a3.003 3.003 0 1 1 6 0v1&quot;[39m
    [36m/&gt;[39m
    [36m&lt;path[39m
      [33md[39m=[32m&quot;M12 20c-3.3 0-6-2.7-6-6v-3a4 4 0 0 1 4-4h4a4 4 0 0 1 4 4v3c0 3.3-2.7 6-6 6&quot;[39m
    [36m/&gt;[39m
    [36m&lt;path[39m
      [33md[39m=[32m&quot;M12 20v-9&quot;[39m
    [36m/&gt;[39m
    [36m&lt;path[39m
      [33md[39m=[32m&quot;M6.53 9C4.6 8.8 3 7.1 3 5&quot;[39m
    [36m/&gt;[39m
    [36m&lt;path[39m
      [33md[39m=[32m&quot;M6 13H2&quot;[39m
    [36m/&gt;[39m
    [36m&lt;path[39m
      [33md[39m=[32m&quot;M3 21c0-2.1 1.7-3.9 3.8-4&quot;[39m
    [36m/&gt;[39m
    [36m&lt;path[39m
      [33md[39m=[32m&quot;M20.97 5c0 2.1-1.6 3.8-3.5 4&quot;[39m
    [36m/&gt;[39m
    [36m&lt;path[39m
      [33md[39m=[32m&quot;M22 13h-4&quot;[39m
    [36m/&gt;[39m
    [36m&lt;path[39m
      [33md[39m=[32m&quot;M17.2 17c2.1.1 3.8 1.9 3.8 4&quot;[39m
    [36m/&gt;[39m
  [36m&lt;/svg&gt;[39m
  [0mError Details (Development Only)[0m
[36m&lt;/summary&gt;[39m

Ignored nodes: comments, script, style
[36m&lt;summary[39m
  [33mstyle[39m=[32m&quot;cursor: pointer; margin-bottom: 8px; color: rgb(107, 114, 128); font-size: 12px;&quot;[39m
[36m&gt;[39m
  [36m&lt;svg[39m
    [33maria-hidden[39m=[32m&quot;true&quot;[39m
    [33mclass[39m=[32m&quot;lucide lucide-bug&quot;[39m
    [33mfill[39m=[32m&quot;none&quot;[39m
    [33mheight[39m=[32m&quot;14&quot;[39m
    [33mstroke[39m=[32m&quot;currentColor&quot;[39m
    [33mstroke-linecap[39m=[32m&quot;round&quot;[39m
    [33mstroke-linejoin[39m=[32m&quot;round&quot;[39m
    [33mstroke-width[39m=[32m&quot;2&quot;[39m
    [33mstyle[39m=[32m&quot;margin-right: 6px; vertical-align: middle;&quot;[39m
    [33mviewBox[39m=[32m&quot;0 0 24 24&quot;[39m
    [33mwidth[39m=[32m&quot;14&quot;[39m
    [33mxmlns[39m=[32m&quot;http://www.w3.org/2000/svg&quot;[39m
  [36m&gt;[39m
    [36m&lt;path[39m
      [33md[39m=[32m&quot;m8 2 1.88 1.88&quot;[39m
    [36m/&gt;[39m
    [36m&lt;path[39m
      [33md[39m=[32m&quot;M14.12 3.88 16 2&quot;[39m
    [36m/&gt;[39m
    [36m&lt;path[39m
      [33md[39m=[32m&quot;M9 7.13v-1a3.003 3.003 0 1 1 6 0v1&quot;[39m
    [36m/&gt;[39m
    [36m&lt;path[39m
      [33md[39m=[32m&quot;M12 20c-3.3 0-6-2.7-6-6v-3a4 4 0 0 1 4-4h4a4 4 0 0 1 4 4v3c0 3.3-2.7 6-6 6&quot;[39m
    [36m/&gt;[39m
    [36m&lt;path[39m
      [33md[39m=[32m&quot;M12 20v-9&quot;[39m
    [36m/&gt;[39m
    [36m&lt;path[39m
      [33md[39m=[32m&quot;M6.53 9C4.6 8.8 3 7.1 3 5&quot;[39m
    [36m/&gt;[39m
    [36m&lt;path[39m
      [33md[39m=[32m&quot;M6 13H2&quot;[39m
    [36m/&gt;[39m
    [36m&lt;path[39m
      [33md[39m=[32m&quot;M3 21c0-2.1 1.7-3.9 3.8-4&quot;[39m
    [36m/&gt;[39m
    [36m&lt;path[39m
      [33md[39m=[32m&quot;M20.97 5c0 2.1-1.6 3.8-3.5 4&quot;[39m
    [36m/&gt;[39m
    [36m&lt;path[39m
      [33md[39m=[32m&quot;M22 13h-4&quot;[39m
    [36m/&gt;[39m
    [36m&lt;path[39m
      [33md[39m=[32m&quot;M17.2 17c2.1.1 3.8 1.9 3.8 4&quot;[39m
    [36m/&gt;[39m
  [36m&lt;/svg&gt;[39m
  [0mError Details (Development Only)[0m
[36m&lt;/summary&gt;[39m

Ignored nodes: comments, script, style
[36m&lt;summary[39m
  [33mstyle[39m=[32m&quot;cursor: pointer; margin-bottom: 8px; color: rgb(107, 114, 128); font-size: 12px;&quot;[39m
[36m&gt;[39m
  [36m&lt;svg[39m
    [33maria-hidden[39m=[32m&quot;true&quot;[39m
    [33mclass[39m=[32m&quot;lucide lucide-bug&quot;[39m
    [33mfill[39m=[32m&quot;none&quot;[39m
    [33mheight[39m=[32m&quot;14&quot;[39m
    [33mstroke[39m=[32m&quot;currentColor&quot;[39m
    [33mstroke-linecap[39m=[32m&quot;round&quot;[39m
    [33mstroke-linejoin[39m=[32m&quot;round&quot;[39m
    [33mstroke-width[39m=[32m&quot;2&quot;[39m
    [33mstyle[39m=[32m&quot;margin-right: 6px; vertical-align: middle;&quot;[39m
    [33mviewBox[39m=[32m&quot;0 0 24 24&quot;[39m
    [33mwidth[39m=[32m&quot;14&quot;[39m
    [33mxmlns[39m=[32m&quot;http://www.w3.org/2000/svg&quot;[39m
  [36m&gt;[39m
    [36m&lt;path[39m
      [33md[39m=[32m&quot;m8 2 1.88 1.88&quot;[39m
    [36m/&gt;[39m
    [36m&lt;path[39m
      [33md[39m=[32m&quot;M14.12 3.88 16 2&quot;[39m
    [36m/&gt;[39m
    [36m&lt;path[39m
      [33md[39m=[32m&quot;M9 7.13v-1a3.003 3.003 0 1 1 6 0v1&quot;[39m
    [36m/&gt;[39m
    [36m&lt;path[39m
      [33md[39m=[32m&quot;M12 20c-3.3 0-6-2.7-6-6v-3a4 4 0 0 1 4-4h4a4 4 0 0 1 4 4v3c0 3.3-2.7 6-6 6&quot;[39m
    [36m/&gt;[39m
    [36m&lt;path[39m
      [33md[39m=[32m&quot;M12 20v-9&quot;[39m
    [36m/&gt;[39m
    [36m&lt;path[39m
      [33md[39m=[32m&quot;M6.53 9C4.6 8.8 3 7.1 3 5&quot;[39m
    [36m/&gt;[39m
    [36m&lt;path[39m
      [33md[39m=[32m&quot;M6 13H2&quot;[39m
    [36m/&gt;[39m
    [36m&lt;path[39m
      [33md[39m=[32m&quot;M3 21c0-2.1 1.7-3.9 3.8-4&quot;[39m
    [36m/&gt;[39m
    [36m&lt;path[39m
      [33md[39m=[32m&quot;M20.97 5c0 2.1-1.6 3.8-3.5 4&quot;[39m
    [36m/&gt;[39m
    [36m&lt;path[39m
      [33md[39m=[32m&quot;M22 13h-4&quot;[39m
    [36m/&gt;[39m
    [36m&lt;path[39m
      [33md[39m=[32m&quot;M17.2 17c2.1.1 3.8 1.9 3.8 4&quot;[39m
    [36m/&gt;[39m
  [36m&lt;/svg&gt;[39m
  [0mError Details (Development Only)[0m
[36m&lt;/summary&gt;[39m

Ignored nodes: comments, script, style
[36m&lt;summary[39m
  [33mstyle[39m=[32m&quot;cursor: pointer; margin-bottom: 8px; color: rgb(107, 114, 128); font-size: 12px;&quot;[39m
[36m&gt;[39m
  [36m&lt;svg[39m
    [33maria-hidden[39m=[32m&quot;true&quot;[39m
    [33mclass[39m=[32m&quot;lucide lucide-bug&quot;[39m
    [33mfill[39m=[32m&quot;none&quot;[39m
    [33mheight[39m=[32m&quot;14&quot;[39m
    [33mstroke[39m=[32m&quot;currentColor&quot;[39m
    [33mstroke-linecap[39m=[32m&quot;round&quot;[39m
    [33mstroke-linejoin[39m=[32m&quot;round&quot;[39m
    [33mstroke-width[39m=[32m&quot;2&quot;[39m
    [33mstyle[39m=[32m&quot;margin-right: 6px; vertical-align: middle;&quot;[39m
    [33mviewBox[39m=[32m&quot;0 0 24 24&quot;[39m
    [33mwidth[39m=[32m&quot;14&quot;[39m
    [33mxmlns[39m=[32m&quot;http://www.w3.org/2000/svg&quot;[39m
  [36m&gt;[39m
    [36m&lt;path[39m
      [33md[39m=[32m&quot;m8 2 1.88 1.88&quot;[39m
    [36m/&gt;[39m
    [36m&lt;path[39m
      [33md[39m=[32m&quot;M14.12 3.88 16 2&quot;[39m
    [36m/&gt;[39m
    [36m&lt;path[39m
      [33md[39m=[32m&quot;M9 7.13v-1a3.003 3.003 0 1 1 6 0v1&quot;[39m
    [36m/&gt;[39m
    [36m&lt;path[39m
      [33md[39m=[32m&quot;M12 20c-3.3 0-6-2.7-6-6v-3a4 4 0 0 1 4-4h4a4 4 0 0 1 4 4v3c0 3.3-2.7 6-6 6&quot;[39m
    [36m/&gt;[39m
    [36m&lt;path[39m
      [33md[39m=[32m&quot;M12 20v-9&quot;[39m
    [36m/&gt;[39m
    [36m&lt;path[39m
      [33md[39m=[32m&quot;M6.53 9C4.6 8.8 3 7.1 3 5&quot;[39m
    [36m/&gt;[39m
    [36m&lt;path[39m
      [33md[39m=[32m&quot;M6 13H2&quot;[39m
    [36m/&gt;[39m
    [36m&lt;path[39m
      [33md[39m=[32m&quot;M3 21c0-2.1 1.7-3.9 3.8-4&quot;[39m
    [36m/&gt;[39m
    [36m&lt;path[39m
      [33md[39m=[32m&quot;M20.97 5c0 2.1-1.6 3.8-3.5 4&quot;[39m
    [36m/&gt;[39m
    [36m&lt;path[39m
      [33md[39m=[32m&quot;M22 13h-4&quot;[39m
    [36m/&gt;[39m
    [36m&lt;path[39m
      [33md[39m=[32m&quot;M17.2 17c2.1.1 3.8 1.9 3.8 4&quot;[39m
    [36m/&gt;[39m
  [36m&lt;/svg&gt;[39m
  [0mError Details (Development Only)[0m
[36m&lt;/summary&gt;[39m

Ignored nodes: comments, script, style
[36m&lt;summary[39m
  [33mstyle[39m=[32m&quot;cursor: pointer; margin-bottom: 8px; color: rgb(107, 114, 128); font-size: 12px;&quot;[39m
[36m&gt;[39m
  [36m&lt;svg[39m
    [33maria-hidden[39m=[32m&quot;true&quot;[39m
    [33mclass[39m=[32m&quot;lucide lucide-bug&quot;[39m
    [33mfill[39m=[32m&quot;none&quot;[39m
    [33mheight[39m=[32m&quot;14&quot;[39m
    [33mstroke[39m=[32m&quot;currentColor&quot;[39m
    [33mstroke-linecap[39m=[32m&quot;round&quot;[39m
    [33mstroke-linejoin[39m=[32m&quot;round&quot;[39m
    [33mstroke-width[39m=[32m&quot;2&quot;[39m
    [33mstyle[39m=[32m&quot;margin-right: 6px; vertical-align: middle;&quot;[39m
    [33mviewBox[39m=[32m&quot;0 0 24 24&quot;[39m
    [33mwidth[39m=[32m&quot;14&quot;[39m
    [33mxmlns[39m=[32m&quot;http://www.w3.org/2000/svg&quot;[39m
  [36m&gt;[39m
    [36m&lt;path[39m
      [33md[39m=[32m&quot;m8 2 1.88 1.88&quot;[39m
    [36m/&gt;[39m
    [36m&lt;path[39m
      [33md[39m=[32m&quot;M14.12 3.88 16 2&quot;[39m
    [36m/&gt;[39m
    [36m&lt;path[39m
      [33md[39m=[32m&quot;M9 7.13v-1a3.003 3.003 0 1 1 6 0v1&quot;[39m
    [36m/&gt;[39m
    [36m&lt;path[39m
      [33md[39m=[32m&quot;M12 20c-3.3 0-6-2.7-6-6v-3a4 4 0 0 1 4-4h4a4 4 0 0 1 4 4v3c0 3.3-2.7 6-6 6&quot;[39m
    [36m/&gt;[39m
    [36m&lt;path[39m
      [33md[39m=[32m&quot;M12 20v-9&quot;[39m
    [36m/&gt;[39m
    [36m&lt;path[39m
      [33md[39m=[32m&quot;M6.53 9C4.6 8.8 3 7.1 3 5&quot;[39m
    [36m/&gt;[39m
    [36m&lt;path[39m
      [33md[39m=[32m&quot;M6 13H2&quot;[39m
    [36m/&gt;[39m
    [36m&lt;path[39m
      [33md[39m=[32m&quot;M3 21c0-2.1 1.7-3.9 3.8-4&quot;[39m
    [36m/&gt;[39m
    [36m&lt;path[39m
      [33md[39m=[32m&quot;M20.97 5c0 2.1-1.6 3.8-3.5 4&quot;[39m
    [36m/&gt;[39m
    [36m&lt;path[39m
      [33md[39m=[32m&quot;M22 13h-4&quot;[39m
    [36m/&gt;[39m
    [36m&lt;path[39m
      [33md[39m=[32m&quot;M17.2 17c2.1.1 3.8 1.9 3.8 4&quot;[39m
    [36m/&gt;[39m
  [36m&lt;/svg&gt;[39m
  [0mError Details (Development Only)[0m
[36m&lt;/summary&gt;[39m

Ignored nodes: comments, script, style
[36m&lt;summary[39m
  [33mstyle[39m=[32m&quot;cursor: pointer; margin-bottom: 8px; color: rgb(107, 114, 128); font-size: 12px;&quot;[39m
[36m&gt;[39m
  [36m&lt;svg[39m
    [33maria-hidden[39m=[32m&quot;true&quot;[39m
    [33mclass[39m=[32m&quot;lucide lucide-bug&quot;[39m
    [33mfill[39m=[32m&quot;none&quot;[39m
    [33mheight[39m=[32m&quot;14&quot;[39m
    [33mstroke[39m=[32m&quot;currentColor&quot;[39m
    [33mstroke-linecap[39m=[32m&quot;round&quot;[39m
    [33mstroke-linejoin[39m=[32m&quot;round&quot;[39m
    [33mstroke-width[39m=[32m&quot;2&quot;[39m
    [33mstyle[39m=[32m&quot;margin-right: 6px; vertical-align: middle;&quot;[39m
    [33mviewBox[39m=[32m&quot;0 0 24 24&quot;[39m
    [33mwidth[39m=[32m&quot;14&quot;[39m
    [33mxmlns[39m=[32m&quot;http://www.w3.org/2000/svg&quot;[39m
  [36m&gt;[39m
    [36m&lt;path[39m
      [33md[39m=[32m&quot;m8 2 1.88 1.88&quot;[39m
    [36m/&gt;[39m
    [36m&lt;path[39m
      [33md[39m=[32m&quot;M14.12 3.88 16 2&quot;[39m
    [36m/&gt;[39m
    [36m&lt;path[39m
      [33md[39m=[32m&quot;M9 7.13v-1a3.003 3.003 0 1 1 6 0v1&quot;[39m
    [36m/&gt;[39m
    [36m&lt;path[39m
      [33md[39m=[32m&quot;M12 20c-3.3 0-6-2.7-6-6v-3a4 4 0 0 1 4-4h4a4 4 0 0 1 4 4v3c0 3.3-2.7 6-6 6&quot;[39m
    [36m/&gt;[39m
    [36m&lt;path[39m
      [33md[39m=[32m&quot;M12 20v-9&quot;[39m
    [36m/&gt;[39m
    [36m&lt;path[39m
      [33md[39m=[32m&quot;M6.53 9C4.6 8.8 3 7.1 3 5&quot;[39m
    [36m/&gt;[39m
    [36m&lt;path[39m
      [33md[39m=[32m&quot;M6 13H2&quot;[39m
    [36m/&gt;[39m
    [36m&lt;path[39m
      [33md[39m=[32m&quot;M3 21c0-2.1 1.7-3.9 3.8-4&quot;[39m
    [36m/&gt;[39m
    [36m&lt;path[39m
      [33md[39m=[32m&quot;M20.97 5c0 2.1-1.6 3.8-3.5 4&quot;[39m
    [36m/&gt;[39m
    [36m&lt;path[39m
      [33md[39m=[32m&quot;M22 13h-4&quot;[39m
    [36m/&gt;[39m
    [36m&lt;path[39m
      [33md[39m=[32m&quot;M17.2 17c2.1.1 3.8 1.9 3.8 4&quot;[39m
    [36m/&gt;[39m
  [36m&lt;/svg&gt;[39m
  [0mError Details (Development Only)[0m
[36m&lt;/summary&gt;[39m

Ignored nodes: comments, script, style
[36m&lt;summary[39m
  [33mstyle[39m=[32m&quot;cursor: pointer; margin-bottom: 8px; color: rgb(107, 114, 128); font-size: 12px;&quot;[39m
[36m&gt;[39m
  [36m&lt;svg[39m
    [33maria-hidden[39m=[32m&quot;true&quot;[39m
    [33mclass[39m=[32m&quot;lucide lucide-bug&quot;[39m
    [33mfill[39m=[32m&quot;none&quot;[39m
    [33mheight[39m=[32m&quot;14&quot;[39m
    [33mstroke[39m=[32m&quot;currentColor&quot;[39m
    [33mstroke-linecap[39m=[32m&quot;round&quot;[39m
    [33mstroke-linejoin[39m=[32m&quot;round&quot;[39m
    [33mstroke-width[39m=[32m&quot;2&quot;[39m
    [33mstyle[39m=[32m&quot;margin-right: 6px; vertical-align: middle;&quot;[39m
    [33mviewBox[39m=[32m&quot;0 0 24 24&quot;[39m
    [33mwidth[39m=[32m&quot;14&quot;[39m
    [33mxmlns[39m=[32m&quot;http://www.w3.org/2000/svg&quot;[39m
  [36m&gt;[39m
    [36m&lt;path[39m
      [33md[39m=[32m&quot;m8 2 1.88 1.88&quot;[39m
    [36m/&gt;[39m
    [36m&lt;path[39m
      [33md[39m=[32m&quot;M14.12 3.88 16 2&quot;[39m
    [36m/&gt;[39m
    [36m&lt;path[39m
      [33md[39m=[32m&quot;M9 7.13v-1a3.003 3.003 0 1 1 6 0v1&quot;[39m
    [36m/&gt;[39m
    [36m&lt;path[39m
      [33md[39m=[32m&quot;M12 20c-3.3 0-6-2.7-6-6v-3a4 4 0 0 1 4-4h4a4 4 0 0 1 4 4v3c0 3.3-2.7 6-6 6&quot;[39m
    [36m/&gt;[39m
    [36m&lt;path[39m
      [33md[39m=[32m&quot;M12 20v-9&quot;[39m
    [36m/&gt;[39m
    [36m&lt;path[39m
      [33md[39m=[32m&quot;M6.53 9C4.6 8.8 3 7.1 3 5&quot;[39m
    [36m/&gt;[39m
    [36m&lt;path[39m
      [33md[39m=[32m&quot;M6 13H2&quot;[39m
    [36m/&gt;[39m
    [36m&lt;path[39m
      [33md[39m=[32m&quot;M3 21c0-2.1 1.7-3.9 3.8-4&quot;[39m
    [36m/&gt;[39m
    [36m&lt;path[39m
      [33md[39m=[32m&quot;M20.97 5c0 2.1-1.6 3.8-3.5 4&quot;[39m
    [36m/&gt;[39m
    [36m&lt;path[39m
      [33md[39m=[32m&quot;M22 13h-4&quot;[39m
    [36m/&gt;[39m
    [36m&lt;path[39m
      [33md[39m=[32m&quot;M17.2 17c2.1.1 3.8 1.9 3.8 4&quot;[39m
    [36m/&gt;[39m
  [36m&lt;/svg&gt;[39m
  [0mError Details (Development Only)[0m
[36m&lt;/summary&gt;[39m

Ignored nodes: comments, script, style
[36m&lt;summary[39m
  [33mstyle[39m=[32m&quot;cursor: pointer; margin-bottom: 8px; color: rgb(107, 114, 128); font-size: 12px;&quot;[39m
[36m&gt;[39m
  [36m&lt;svg[39m
    [33maria-hidden[39m=[32m&quot;true&quot;[39m
    [33mclass[39m=[32m&quot;lucide lucide-bug&quot;[39m
    [33mfill[39m=[32m&quot;none&quot;[39m
    [33mheight[39m=[32m&quot;14&quot;[39m
    [33mstroke[39m=[32m&quot;currentColor&quot;[39m
    [33mstroke-linecap[39m=[32m&quot;round&quot;[39m
    [33mstroke-linejoin[39m=[32m&quot;round&quot;[39m
    [33mstroke-width[39m=[32m&quot;2&quot;[39m
    [33mstyle[39m=[32m&quot;margin-right: 6px; vertical-align: middle;&quot;[39m
    [33mviewBox[39m=[32m&quot;0 0 24 24&quot;[39m
    [33mwidth[39m=[32m&quot;14&quot;[39m
    [33mxmlns[39m=[32m&quot;http://www.w3.org/2000/svg&quot;[39m
  [36m&gt;[39m
    [36m&lt;path[39m
      [33md[39m=[32m&quot;m8 2 1.88 1.88&quot;[39m
    [36m/&gt;[39m
    [36m&lt;path[39m
      [33md[39m=[32m&quot;M14.12 3.88 16 2&quot;[39m
    [36m/&gt;[39m
    [36m&lt;path[39m
      [33md[39m=[32m&quot;M9 7.13v-1a3.003 3.003 0 1 1 6 0v1&quot;[39m
    [36m/&gt;[39m
    [36m&lt;path[39m
      [33md[39m=[32m&quot;M12 20c-3.3 0-6-2.7-6-6v-3a4 4 0 0 1 4-4h4a4 4 0 0 1 4 4v3c0 3.3-2.7 6-6 6&quot;[39m
    [36m/&gt;[39m
    [36m&lt;path[39m
      [33md[39m=[32m&quot;M12 20v-9&quot;[39m
    [36m/&gt;[39m
    [36m&lt;path[39m
      [33md[39m=[32m&quot;M6.53 9C4.6 8.8 3 7.1 3 5&quot;[39m
    [36m/&gt;[39m
    [36m&lt;path[39m
      [33md[39m=[32m&quot;M6 13H2&quot;[39m
    [36m/&gt;[39m
    [36m&lt;path[39m
      [33md[39m=[32m&quot;M3 21c0-2.1 1.7-3.9 3.8-4&quot;[39m
    [36m/&gt;[39m
    [36m&lt;path[39m
      [33md[39m=[32m&quot;M20.97 5c0 2.1-1.6 3.8-3.5 4&quot;[39m
    [36m/&gt;[39m
    [36m&lt;path[39m
      [33md[39m=[32m&quot;M22 13h-4&quot;[39m
    [36m/&gt;[39m
    [36m&lt;path[39m
      [33md[39m=[32m&quot;M17.2 17c2.1.1 3.8 1.9 3.8 4&quot;[39m
    [36m/&gt;[39m
  [36m&lt;/svg&gt;[39m
  [0mError Details (Development Only)[0m
[36m&lt;/summary&gt;[39m

Ignored nodes: comments, script, style
[36m&lt;summary[39m
  [33mstyle[39m=[32m&quot;cursor: pointer; margin-bottom: 8px; color: rgb(107, 114, 128); font-size: 12px;&quot;[39m
[36m&gt;[39m
  [36m&lt;svg[39m
    [33maria-hidden[39m=[32m&quot;true&quot;[39m
    [33mclass[39m=[32m&quot;lucide lucide-bug&quot;[39m
    [33mfill[39m=[32m&quot;none&quot;[39m
    [33mheight[39m=[32m&quot;14&quot;[39m
    [33mstroke[39m=[32m&quot;currentColor&quot;[39m
    [33mstroke-linecap[39m=[32m&quot;round&quot;[39m
    [33mstroke-linejoin[39m=[32m&quot;round&quot;[39m
    [33mstroke-width[39m=[32m&quot;2&quot;[39m
    [33mstyle[39m=[32m&quot;margin-right: 6px; vertical-align: middle;&quot;[39m
    [33mviewBox[39m=[32m&quot;0 0 24 24&quot;[39m
    [33mwidth[39m=[32m&quot;14&quot;[39m
    [33mxmlns[39m=[32m&quot;http://www.w3.org/2000/svg&quot;[39m
  [36m&gt;[39m
    [36m&lt;path[39m
      [33md[39m=[32m&quot;m8 2 1.88 1.88&quot;[39m
    [36m/&gt;[39m
    [36m&lt;path[39m
      [33md[39m=[32m&quot;M14.12 3.88 16 2&quot;[39m
    [36m/&gt;[39m
    [36m&lt;path[39m
      [33md[39m=[32m&quot;M9 7.13v-1a3.003 3.003 0 1 1 6 0v1&quot;[39m
    [36m/&gt;[39m
    [36m&lt;path[39m
      [33md[39m=[32m&quot;M12 20c-3.3 0-6-2.7-6-6v-3a4 4 0 0 1 4-4h4a4 4 0 0 1 4 4v3c0 3.3-2.7 6-6 6&quot;[39m
    [36m/&gt;[39m
    [36m&lt;path[39m
      [33md[39m=[32m&quot;M12 20v-9&quot;[39m
    [36m/&gt;[39m
    [36m&lt;path[39m
      [33md[39m=[32m&quot;M6.53 9C4.6 8.8 3 7.1 3 5&quot;[39m
    [36m/&gt;[39m
    [36m&lt;path[39m
      [33md[39m=[32m&quot;M6 13H2&quot;[39m
    [36m/&gt;[39m
    [36m&lt;path[39m
      [33md[39m=[32m&quot;M3 21c0-2.1 1.7-3.9 3.8-4&quot;[39m
    [36m/&gt;[39m
    [36m&lt;path[39m
      [33md[39m=[32m&quot;M20.97 5c0 2.1-1.6 3.8-3.5 4&quot;[39m
    [36m/&gt;[39m
    [36m&lt;path[39m
      [33md[39m=[32m&quot;M22 13h-4&quot;[39m
    [36m/&gt;[39m
    [36m&lt;path[39m
      [33md[39m=[32m&quot;M17.2 17c2.1.1 3.8 1.9 3.8 4&quot;[39m
    [36m/&gt;[39m
  [36m&lt;/svg&gt;[39m
  [0mError Details (Development Only)[0m
[36m&lt;/summary&gt;[39m

Ignored nodes: comments, script, style
[36m&lt;summary[39m
  [33mstyle[39m=[32m&quot;cursor: pointer; margin-bottom: 8px; color: rgb(107, 114, 128); font-size: 12px;&quot;[39m
[36m&gt;[39m
  [36m&lt;svg[39m
    [33maria-hidden[39m=[32m&quot;true&quot;[39m
    [33mclass[39m=[32m&quot;lucide lucide-bug&quot;[39m
    [33mfill[39m=[32m&quot;none&quot;[39m
    [33mheight[39m=[32m&quot;14&quot;[39m
    [33mstroke[39m=[32m&quot;currentColor&quot;[39m
    [33mstroke-linecap[39m=[32m&quot;round&quot;[39m
    [33mstroke-linejoin[39m=[32m&quot;round&quot;[39m
    [33mstroke-width[39m=[32m&quot;2&quot;[39m
    [33mstyle[39m=[32m&quot;margin-right: 6px; vertical-align: middle;&quot;[39m
    [33mviewBox[39m=[32m&quot;0 0 24 24&quot;[39m
    [33mwidth[39m=[32m&quot;14&quot;[39m
    [33mxmlns[39m=[32m&quot;http://www.w3.org/2000/svg&quot;[39m
  [36m&gt;[39m
    [36m&lt;path[39m
      [33md[39m=[32m&quot;m8 2 1.88 1.88&quot;[39m
    [36m/&gt;[39m
    [36m&lt;path[39m
      [33md[39m=[32m&quot;M14.12 3.88 16 2&quot;[39m
    [36m/&gt;[39m
    [36m&lt;path[39m
      [33md[39m=[32m&quot;M9 7.13v-1a3.003 3.003 0 1 1 6 0v1&quot;[39m
    [36m/&gt;[39m
    [36m&lt;path[39m
      [33md[39m=[32m&quot;M12 20c-3.3 0-6-2.7-6-6v-3a4 4 0 0 1 4-4h4a4 4 0 0 1 4 4v3c0 3.3-2.7 6-6 6&quot;[39m
    [36m/&gt;[39m
    [36m&lt;path[39m
      [33md[39m=[32m&quot;M12 20v-9&quot;[39m
    [36m/&gt;[39m
    [36m&lt;path[39m
      [33md[39m=[32m&quot;M6.53 9C4.6 8.8 3 7.1 3 5&quot;[39m
    [36m/&gt;[39m
    [36m&lt;path[39m
      [33md[39m=[32m&quot;M6 13H2&quot;[39m
    [36m/&gt;[39m
    [36m&lt;path[39m
      [33md[39m=[32m&quot;M3 21c0-2.1 1.7-3.9 3.8-4&quot;[39m
    [36m/&gt;[39m
    [36m&lt;path[39m
      [33md[39m=[32m&quot;M20.97 5c0 2.1-1.6 3.8-3.5 4&quot;[39m
    [36m/&gt;[39m
    [36m&lt;path[39m
      [33md[39m=[32m&quot;M22 13h-4&quot;[39m
    [36m/&gt;[39m
    [36m&lt;path[39m
      [33md[39m=[32m&quot;M17.2 17c2.1.1 3.8 1.9 3.8 4&quot;[39m
    [36m/&gt;[39m
  [36m&lt;/svg&gt;[39m
  [0mError Details (Development Only)[0m
[36m&lt;/summary&gt;[39m

Ignored nodes: comments, script, style
[36m&lt;summary[39m
  [33mstyle[39m=[32m&quot;cursor: pointer; margin-bottom: 8px; color: rgb(107, 114, 128); font-size: 12px;&quot;[39m
[36m&gt;[39m
  [36m&lt;svg[39m
    [33maria-hidden[39m=[32m&quot;true&quot;[39m
    [33mclass[39m=[32m&quot;lucide lucide-bug&quot;[39m
    [33mfill[39m=[32m&quot;none&quot;[39m
    [33mheight[39m=[32m&quot;14&quot;[39m
    [33mstroke[39m=[32m&quot;currentColor&quot;[39m
    [33mstroke-linecap[39m=[32m&quot;round&quot;[39m
    [33mstroke-linejoin[39m=[32m&quot;round&quot;[39m
    [33mstroke-width[39m=[32m&quot;2&quot;[39m
    [33mstyle[39m=[32m&quot;margin-right: 6px; vertical-align: middle;&quot;[39m
    [33mviewBox[39m=[32m&quot;0 0 24 24&quot;[39m
    [33mwidth[39m=[32m&quot;14&quot;[39m
    [33mxmlns[39m=[32m&quot;http://www.w3.org/2000/svg&quot;[39m
  [36m&gt;[39m
    [36m&lt;path[39m
      [33md[39m=[32m&quot;m8 2 1.88 1.88&quot;[39m
    [36m/&gt;[39m
    [36m&lt;path[39m
      [33md[39m=[32m&quot;M14.12 3.88 16 2&quot;[39m
    [36m/&gt;[39m
    [36m&lt;path[39m
      [33md[39m=[32m&quot;M9 7.13v-1a3.003 3.003 0 1 1 6 0v1&quot;[39m
    [36m/&gt;[39m
    [36m&lt;path[39m
      [33md[39m=[32m&quot;M12 20c-3.3 0-6-2.7-6-6v-3a4 4 0 0 1 4-4h4a4 4 0 0 1 4 4v3c0 3.3-2.7 6-6 6&quot;[39m
    [36m/&gt;[39m
    [36m&lt;path[39m
      [33md[39m=[32m&quot;M12 20v-9&quot;[39m
    [36m/&gt;[39m
    [36m&lt;path[39m
      [33md[39m=[32m&quot;M6.53 9C4.6 8.8 3 7.1 3 5&quot;[39m
    [36m/&gt;[39m
    [36m&lt;path[39m
      [33md[39m=[32m&quot;M6 13H2&quot;[39m
    [36m/&gt;[39m
    [36m&lt;path[39m
      [33md[39m=[32m&quot;M3 21c0-2.1 1.7-3.9 3.8-4&quot;[39m
    [36m/&gt;[39m
    [36m&lt;path[39m
      [33md[39m=[32m&quot;M20.97 5c0 2.1-1.6 3.8-3.5 4&quot;[39m
    [36m/&gt;[39m
    [36m&lt;path[39m
      [33md[39m=[32m&quot;M22 13h-4&quot;[39m
    [36m/&gt;[39m
    [36m&lt;path[39m
      [33md[39m=[32m&quot;M17.2 17c2.1.1 3.8 1.9 3.8 4&quot;[39m
    [36m/&gt;[39m
  [36m&lt;/svg&gt;[39m
  [0mError Details (Development Only)[0m
[36m&lt;/summary&gt;[39m

Ignored nodes: comments, script, style
[36m&lt;summary[39m
  [33mstyle[39m=[32m&quot;cursor: pointer; margin-bottom: 8px; color: rgb(107, 114, 128); font-size: 12px;&quot;[39m
[36m&gt;[39m
  [36m&lt;svg[39m
    [33maria-hidden[39m=[32m&quot;true&quot;[39m
    [33mclass[39m=[32m&quot;lucide lucide-bug&quot;[39m
    [33mfill[39m=[32m&quot;none&quot;[39m
    [33mheight[39m=[32m&quot;14&quot;[39m
    [33mstroke[39m=[32m&quot;currentColor&quot;[39m
    [33mstroke-linecap[39m=[32m&quot;round&quot;[39m
    [33mstroke-linejoin[39m=[32m&quot;round&quot;[39m
    [33mstroke-width[39m=[32m&quot;2&quot;[39m
    [33mstyle[39m=[32m&quot;margin-right: 6px; vertical-align: middle;&quot;[39m
    [33mviewBox[39m=[32m&quot;0 0 24 24&quot;[39m
    [33mwidth[39m=[32m&quot;14&quot;[39m
    [33mxmlns[39m=[32m&quot;http://www.w3.org/2000/svg&quot;[39m
  [36m&gt;[39m
    [36m&lt;path[39m
      [33md[39m=[32m&quot;m8 2 1.88 1.88&quot;[39m
    [36m/&gt;[39m
    [36m&lt;path[39m
      [33md[39m=[32m&quot;M14.12 3.88 16 2&quot;[39m
    [36m/&gt;[39m
    [36m&lt;path[39m
      [33md[39m=[32m&quot;M9 7.13v-1a3.003 3.003 0 1 1 6 0v1&quot;[39m
    [36m/&gt;[39m
    [36m&lt;path[39m
      [33md[39m=[32m&quot;M12 20c-3.3 0-6-2.7-6-6v-3a4 4 0 0 1 4-4h4a4 4 0 0 1 4 4v3c0 3.3-2.7 6-6 6&quot;[39m
    [36m/&gt;[39m
    [36m&lt;path[39m
      [33md[39m=[32m&quot;M12 20v-9&quot;[39m
    [36m/&gt;[39m
    [36m&lt;path[39m
      [33md[39m=[32m&quot;M6.53 9C4.6 8.8 3 7.1 3 5&quot;[39m
    [36m/&gt;[39m
    [36m&lt;path[39m
      [33md[39m=[32m&quot;M6 13H2&quot;[39m
    [36m/&gt;[39m
    [36m&lt;path[39m
      [33md[39m=[32m&quot;M3 21c0-2.1 1.7-3.9 3.8-4&quot;[39m
    [36m/&gt;[39m
    [36m&lt;path[39m
      [33md[39m=[32m&quot;M20.97 5c0 2.1-1.6 3.8-3.5 4&quot;[39m
    [36m/&gt;[39m
    [36m&lt;path[39m
      [33md[39m=[32m&quot;M22 13h-4&quot;[39m
    [36m/&gt;[39m
    [36m&lt;path[39m
      [33md[39m=[32m&quot;M17.2 17c2.1.1 3.8 1.9 3.8 4&quot;[39m
    [36m/&gt;[39m
  [36m&lt;/svg&gt;[39m
  [0mError Details (Development Only)[0m
[36m&lt;/summary&gt;[39m

Ignored nodes: comments, script, style
[36m&lt;summary[39m
  [33mstyle[39m=[32m&quot;cursor: pointer; margin-bottom: 8px; color: rgb(107, 114, 128); font-size: 12px;&quot;[39m
[36m&gt;[39m
  [36m&lt;svg[39m
    [33maria-hidden[39m=[32m&quot;true&quot;[39m
    [33mclass[39m=[32m&quot;lucide lucide-bug&quot;[39m
    [33mfill[39m=[32m&quot;none&quot;[39m
    [33mheight[39m=[32m&quot;14&quot;[39m
    [33mstroke[39m=[32m&quot;currentColor&quot;[39m
    [33mstroke-linecap[39m=[32m&quot;round&quot;[39m
    [33mstroke-linejoin[39m=[32m&quot;round&quot;[39m
    [33mstroke-width[39m=[32m&quot;2&quot;[39m
    [33mstyle[39m=[32m&quot;margin-right: 6px; vertical-align: middle;&quot;[39m
    [33mviewBox[39m=[32m&quot;0 0 24 24&quot;[39m
    [33mwidth[39m=[32m&quot;14&quot;[39m
    [33mxmlns[39m=[32m&quot;http://www.w3.org/2000/svg&quot;[39m
  [36m&gt;[39m
    [36m&lt;path[39m
      [33md[39m=[32m&quot;m8 2 1.88 1.88&quot;[39m
    [36m/&gt;[39m
    [36m&lt;path[39m
      [33md[39m=[32m&quot;M14.12 3.88 16 2&quot;[39m
    [36m/&gt;[39m
    [36m&lt;path[39m
      [33md[39m=[32m&quot;M9 7.13v-1a3.003 3.003 0 1 1 6 0v1&quot;[39m
    [36m/&gt;[39m
    [36m&lt;path[39m
      [33md[39m=[32m&quot;M12 20c-3.3 0-6-2.7-6-6v-3a4 4 0 0 1 4-4h4a4 4 0 0 1 4 4v3c0 3.3-2.7 6-6 6&quot;[39m
    [36m/&gt;[39m
    [36m&lt;path[39m
      [33md[39m=[32m&quot;M12 20v-9&quot;[39m
    [36m/&gt;[39m
    [36m&lt;path[39m
      [33md[39m=[32m&quot;M6.53 9C4.6 8.8 3 7.1 3 5&quot;[39m
    [36m/&gt;[39m
    [36m&lt;path[39m
      [33md[39m=[32m&quot;M6 13H2&quot;[39m
    [36m/&gt;[39m
    [36m&lt;path[39m
      [33md[39m=[32m&quot;M3 21c0-2.1 1.7-3.9 3.8-4&quot;[39m
    [36m/&gt;[39m
    [36m&lt;path[39m
      [33md[39m=[32m&quot;M20.97 5c0 2.1-1.6 3.8-3.5 4&quot;[39m
    [36m/&gt;[39m
    [36m&lt;path[39m
      [33md[39m=[32m&quot;M22 13h-4&quot;[39m
    [36m/&gt;[39m
    [36m&lt;path[39m
      [33md[39m=[32m&quot;M17.2 17c2.1.1 3.8 1.9 3.8 4&quot;[39m
    [36m/&gt;[39m
  [36m&lt;/svg&gt;[39m
  [0mError Details (Development Only)[0m
[36m&lt;/summary&gt;[39m

Ignored nodes: comments, script, style
[36m&lt;summary[39m
  [33mstyle[39m=[32m&quot;cursor: pointer; margin-bottom: 8px; color: rgb(107, 114, 128); font-size: 12px;&quot;[39m
[36m&gt;[39m
  [36m&lt;svg[39m
    [33maria-hidden[39m=[32m&quot;true&quot;[39m
    [33mclass[39m=[32m&quot;lucide lucide-bug&quot;[39m
    [33mfill[39m=[32m&quot;none&quot;[39m
    [33mheight[39m=[32m&quot;14&quot;[39m
    [33mstroke[39m=[32m&quot;currentColor&quot;[39m
    [33mstroke-linecap[39m=[32m&quot;round&quot;[39m
    [33mstroke-linejoin[39m=[32m&quot;round&quot;[39m
    [33mstroke-width[39m=[32m&quot;2&quot;[39m
    [33mstyle[39m=[32m&quot;margin-right: 6px; vertical-align: middle;&quot;[39m
    [33mviewBox[39m=[32m&quot;0 0 24 24&quot;[39m
    [33mwidth[39m=[32m&quot;14&quot;[39m
    [33mxmlns[39m=[32m&quot;http://www.w3.org/2000/svg&quot;[39m
  [36m&gt;[39m
    [36m&lt;path[39m
      [33md[39m=[32m&quot;m8 2 1.88 1.88&quot;[39m
    [36m/&gt;[39m
    [36m&lt;path[39m
      [33md[39m=[32m&quot;M14.12 3.88 16 2&quot;[39m
    [36m/&gt;[39m
    [36m&lt;path[39m
      [33md[39m=[32m&quot;M9 7.13v-1a3.003 3.003 0 1 1 6 0v1&quot;[39m
    [36m/&gt;[39m
    [36m&lt;path[39m
      [33md[39m=[32m&quot;M12 20c-3.3 0-6-2.7-6-6v-3a4 4 0 0 1 4-4h4a4 4 0 0 1 4 4v3c0 3.3-2.7 6-6 6&quot;[39m
    [36m/&gt;[39m
    [36m&lt;path[39m
      [33md[39m=[32m&quot;M12 20v-9&quot;[39m
    [36m/&gt;[39m
    [36m&lt;path[39m
      [33md[39m=[32m&quot;M6.53 9C4.6 8.8 3 7.1 3 5&quot;[39m
    [36m/&gt;[39m
    [36m&lt;path[39m
      [33md[39m=[32m&quot;M6 13H2&quot;[39m
    [36m/&gt;[39m
    [36m&lt;path[39m
      [33md[39m=[32m&quot;M3 21c0-2.1 1.7-3.9 3.8-4&quot;[39m
    [36m/&gt;[39m
    [36m&lt;path[39m
      [33md[39m=[32m&quot;M20.97 5c0 2.1-1.6 3.8-3.5 4&quot;[39m
    [36m/&gt;[39m
    [36m&lt;path[39m
      [33md[39m=[32m&quot;M22 13h-4&quot;[39m
    [36m/&gt;[39m
    [36m&lt;path[39m
      [33md[39m=[32m&quot;M17.2 17c2.1.1 3.8 1.9 3.8 4&quot;[39m
    [36m/&gt;[39m
  [36m&lt;/svg&gt;[39m
  [0mError Details (Development Only)[0m
[36m&lt;/summary&gt;[39m

Ignored nodes: comments, script, style
[36m&lt;summary[39m
  [33mstyle[39m=[32m&quot;cursor: pointer; margin-bottom: 8px; color: rgb(107, 114, 128); font-size: 12px;&quot;[39m
[36m&gt;[39m
  [36m&lt;svg[39m
    [33maria-hidden[39m=[32m&quot;true&quot;[39m
    [33mclass[39m=[32m&quot;lucide lucide-bug&quot;[39m
    [33mfill[39m=[32m&quot;none&quot;[39m
    [33mheight[39m=[32m&quot;14&quot;[39m
    [33mstroke[39m=[32m&quot;currentColor&quot;[39m
    [33mstroke-linecap[39m=[32m&quot;round&quot;[39m
    [33mstroke-linejoin[39m=[32m&quot;round&quot;[39m
    [33mstroke-width[39m=[32m&quot;2&quot;[39m
    [33mstyle[39m=[32m&quot;margin-right: 6px; vertical-align: middle;&quot;[39m
    [33mviewBox[39m=[32m&quot;0 0 24 24&quot;[39m
    [33mwidth[39m=[32m&quot;14&quot;[39m
    [33mxmlns[39m=[32m&quot;http://www.w3.org/2000/svg&quot;[39m
  [36m&gt;[39m
    [36m&lt;path[39m
      [33md[39m=[32m&quot;m8 2 1.88 1.88&quot;[39m
    [36m/&gt;[39m
    [36m&lt;path[39m
      [33md[39m=[32m&quot;M14.12 3.88 16 2&quot;[39m
    [36m/&gt;[39m
    [36m&lt;path[39m
      [33md[39m=[32m&quot;M9 7.13v-1a3.003 3.003 0 1 1 6 0v1&quot;[39m
    [36m/&gt;[39m
    [36m&lt;path[39m
      [33md[39m=[32m&quot;M12 20c-3.3 0-6-2.7-6-6v-3a4 4 0 0 1 4-4h4a4 4 0 0 1 4 4v3c0 3.3-2.7 6-6 6&quot;[39m
    [36m/&gt;[39m
    [36m&lt;path[39m
      [33md[39m=[32m&quot;M12 20v-9&quot;[39m
    [36m/&gt;[39m
    [36m&lt;path[39m
      [33md[39m=[32m&quot;M6.53 9C4.6 8.8 3 7.1 3 5&quot;[39m
    [36m/&gt;[39m
    [36m&lt;path[39m
      [33md[39m=[32m&quot;M6 13H2&quot;[39m
    [36m/&gt;[39m
    [36m&lt;path[39m
      [33md[39m=[32m&quot;M3 21c0-2.1 1.7-3.9 3.8-4&quot;[39m
    [36m/&gt;[39m
    [36m&lt;path[39m
      [33md[39m=[32m&quot;M20.97 5c0 2.1-1.6 3.8-3.5 4&quot;[39m
    [36m/&gt;[39m
    [36m&lt;path[39m
      [33md[39m=[32m&quot;M22 13h-4&quot;[39m
    [36m/&gt;[39m
    [36m&lt;path[39m
      [33md[39m=[32m&quot;M17.2 17c2.1.1 3.8 1.9 3.8 4&quot;[39m
    [36m/&gt;[39m
  [36m&lt;/svg&gt;[39m
  [0mError Details (Development Only)[0m
[36m&lt;/summary&gt;[39m

Ignored nodes: comments, script, style
[36m&lt;summary[39m
  [33mstyle[39m=[32m&quot;cursor: pointer; margin-bottom: 8px; color: rgb(107, 114, 128); font-size: 12px;&quot;[39m
[36m&gt;[39m
  [36m&lt;svg[39m
    [33maria-hidden[39m=[32m&quot;true&quot;[39m
    [33mclass[39m=[32m&quot;lucide lucide-bug&quot;[39m
    [33mfill[39m=[32m&quot;none&quot;[39m
    [33mheight[39m=[32m&quot;14&quot;[39m
    [33mstroke[39m=[32m&quot;currentColor&quot;[39m
    [33mstroke-linecap[39m=[32m&quot;round&quot;[39m
    [33mstroke-linejoin[39m=[32m&quot;round&quot;[39m
    [33mstroke-width[39m=[32m&quot;2&quot;[39m
    [33mstyle[39m=[32m&quot;margin-right: 6px; vertical-align: middle;&quot;[39m
    [33mviewBox[39m=[32m&quot;0 0 24 24&quot;[39m
    [33mwidth[39m=[32m&quot;14&quot;[39m
    [33mxmlns[39m=[32m&quot;http://www.w3.org/2000/svg&quot;[39m
  [36m&gt;[39m
    [36m&lt;path[39m
      [33md[39m=[32m&quot;m8 2 1.88 1.88&quot;[39m
    [36m/&gt;[39m
    [36m&lt;path[39m
      [33md[39m=[32m&quot;M14.12 3.88 16 2&quot;[39m
    [36m/&gt;[39m
    [36m&lt;path[39m
      [33md[39m=[32m&quot;M9 7.13v-1a3.003 3.003 0 1 1 6 0v1&quot;[39m
    [36m/&gt;[39m
    [36m&lt;path[39m
      [33md[39m=[32m&quot;M12 20c-3.3 0-6-2.7-6-6v-3a4 4 0 0 1 4-4h4a4 4 0 0 1 4 4v3c0 3.3-2.7 6-6 6&quot;[39m
    [36m/&gt;[39m
    [36m&lt;path[39m
      [33md[39m=[32m&quot;M12 20v-9&quot;[39m
    [36m/&gt;[39m
    [36m&lt;path[39m
      [33md[39m=[32m&quot;M6.53 9C4.6 8.8 3 7.1 3 5&quot;[39m
    [36m/&gt;[39m
    [36m&lt;path[39m
      [33md[39m=[32m&quot;M6 13H2&quot;[39m
    [36m/&gt;[39m
    [36m&lt;path[39m
      [33md[39m=[32m&quot;M3 21c0-2.1 1.7-3.9 3.8-4&quot;[39m
    [36m/&gt;[39m
    [36m&lt;path[39m
      [33md[39m=[32m&quot;M20.97 5c0 2.1-1.6 3.8-3.5 4&quot;[39m
    [36m/&gt;[39m
    [36m&lt;path[39m
      [33md[39m=[32m&quot;M22 13h-4&quot;[39m
    [36m/&gt;[39m
    [36m&lt;path[39m
      [33md[39m=[32m&quot;M17.2 17c2.1.1 3.8 1.9 3.8 4&quot;[39m
    [36m/&gt;[39m
  [36m&lt;/svg&gt;[39m
  [0mError Details (Development Only)[0m
[36m&lt;/summary&gt;[39m

Ignored nodes: comments, script, style
[36m&lt;summary[39m
  [33mstyle[39m=[32m&quot;cursor: pointer; margin-bottom: 8px; color: rgb(107, 114, 128); font-size: 12px;&quot;[39m
[36m&gt;[39m
  [36m&lt;svg[39m
    [33maria-hidden[39m=[32m&quot;true&quot;[39m
    [33mclass[39m=[32m&quot;lucide lucide-bug&quot;[39m
    [33mfill[39m=[32m&quot;none&quot;[39m
    [33mheight[39m=[32m&quot;14&quot;[39m
    [33mstroke[39m=[32m&quot;currentColor&quot;[39m
    [33mstroke-linecap[39m=[32m&quot;round&quot;[39m
    [33mstroke-linejoin[39m=[32m&quot;round&quot;[39m
    [33mstroke-width[39m=[32m&quot;2&quot;[39m
    [33mstyle[39m=[32m&quot;margin-right: 6px; vertical-align: middle;&quot;[39m
    [33mviewBox[39m=[32m&quot;0 0 24 24&quot;[39m
    [33mwidth[39m=[32m&quot;14&quot;[39m
    [33mxmlns[39m=[32m&quot;http://www.w3.org/2000/svg&quot;[39m
  [36m&gt;[39m
    [36m&lt;path[39m
      [33md[39m=[32m&quot;m8 2 1.88 1.88&quot;[39m
    [36m/&gt;[39m
    [36m&lt;path[39m
      [33md[39m=[32m&quot;M14.12 3.88 16 2&quot;[39m
    [36m/&gt;[39m
    [36m&lt;path[39m
      [33md[39m=[32m&quot;M9 7.13v-1a3.003 3.003 0 1 1 6 0v1&quot;[39m
    [36m/&gt;[39m
    [36m&lt;path[39m
      [33md[39m=[32m&quot;M12 20c-3.3 0-6-2.7-6-6v-3a4 4 0 0 1 4-4h4a4 4 0 0 1 4 4v3c0 3.3-2.7 6-6 6&quot;[39m
    [36m/&gt;[39m
    [36m&lt;path[39m
      [33md[39m=[32m&quot;M12 20v-9&quot;[39m
    [36m/&gt;[39m
    [36m&lt;path[39m
      [33md[39m=[32m&quot;M6.53 9C4.6 8.8 3 7.1 3 5&quot;[39m
    [36m/&gt;[39m
    [36m&lt;path[39m
      [33md[39m=[32m&quot;M6 13H2&quot;[39m
    [36m/&gt;[39m
    [36m&lt;path[39m
      [33md[39m=[32m&quot;M3 21c0-2.1 1.7-3.9 3.8-4&quot;[39m
    [36m/&gt;[39m
    [36m&lt;path[39m
      [33md[39m=[32m&quot;M20.97 5c0 2.1-1.6 3.8-3.5 4&quot;[39m
    [36m/&gt;[39m
    [36m&lt;path[39m
      [33md[39m=[32m&quot;M22 13h-4&quot;[39m
    [36m/&gt;[39m
    [36m&lt;path[39m
      [33md[39m=[32m&quot;M17.2 17c2.1.1 3.8 1.9 3.8 4&quot;[39m
    [36m/&gt;[39m
  [36m&lt;/svg&gt;[39m
  [0mError Details (Development Only)[0m
[36m&lt;/summary&gt;[39m

Ignored nodes: comments, script, style
[36m&lt;summary[39m
  [33mstyle[39m=[32m&quot;cursor: pointer; margin-bottom: 8px; color: rgb(107, 114, 128); font-size: 12px;&quot;[39m
[36m&gt;[39m
  [36m&lt;svg[39m
    [33maria-hidden[39m=[32m&quot;true&quot;[39m
    [33mclass[39m=[32m&quot;lucide lucide-bug&quot;[39m
    [33mfill[39m=[32m&quot;none&quot;[39m
    [33mheight[39m=[32m&quot;14&quot;[39m
    [33mstroke[39m=[32m&quot;currentColor&quot;[39m
    [33mstroke-linecap[39m=[32m&quot;round&quot;[39m
    [33mstroke-linejoin[39m=[32m&quot;round&quot;[39m
    [33mstroke-width[39m=[32m&quot;2&quot;[39m
    [33mstyle[39m=[32m&quot;margin-right: 6px; vertical-align: middle;&quot;[39m
    [33mviewBox[39m=[32m&quot;0 0 24 24&quot;[39m
    [33mwidth[39m=[32m&quot;14&quot;[39m
    [33mxmlns[39m=[32m&quot;http://www.w3.org/2000/svg&quot;[39m
  [36m&gt;[39m
    [36m&lt;path[39m
      [33md[39m=[32m&quot;m8 2 1.88 1.88&quot;[39m
    [36m/&gt;[39m
    [36m&lt;path[39m
      [33md[39m=[32m&quot;M14.12 3.88 16 2&quot;[39m
    [36m/&gt;[39m
    [36m&lt;path[39m
      [33md[39m=[32m&quot;M9 7.13v-1a3.003 3.003 0 1 1 6 0v1&quot;[39m
    [36m/&gt;[39m
    [36m&lt;path[39m
      [33md[39m=[32m&quot;M12 20c-3.3 0-6-2.7-6-6v-3a4 4 0 0 1 4-4h4a4 4 0 0 1 4 4v3c0 3.3-2.7 6-6 6&quot;[39m
    [36m/&gt;[39m
    [36m&lt;path[39m
      [33md[39m=[32m&quot;M12 20v-9&quot;[39m
    [36m/&gt;[39m
    [36m&lt;path[39m
      [33md[39m=[32m&quot;M6.53 9C4.6 8.8 3 7.1 3 5&quot;[39m
    [36m/&gt;[39m
    [36m&lt;path[39m
      [33md[39m=[32m&quot;M6 13H2&quot;[39m
    [36m/&gt;[39m
    [36m&lt;path[39m
      [33md[39m=[32m&quot;M3 21c0-2.1 1.7-3.9 3.8-4&quot;[39m
    [36m/&gt;[39m
    [36m&lt;path[39m
      [33md[39m=[32m&quot;M20.97 5c0 2.1-1.6 3.8-3.5 4&quot;[39m
    [36m/&gt;[39m
    [36m&lt;path[39m
      [33md[39m=[32m&quot;M22 13h-4&quot;[39m
    [36m/&gt;[39m
    [36m&lt;path[39m
      [33md[39m=[32m&quot;M17.2 17c2.1.1 3.8 1.9 3.8 4&quot;[39m
    [36m/&gt;[39m
  [36m&lt;/svg&gt;[39m
  [0mError Details (Development Only)[0m
[36m&lt;/summary&gt;[39m

Ignored nodes: comments, script, style
[36m&lt;summary[39m
  [33mstyle[39m=[32m&quot;cursor: pointer; margin-bottom: 8px; color: rgb(107, 114, 128); font-size: 12px;&quot;[39m
[36m&gt;[39m
  [36m&lt;svg[39m
    [33maria-hidden[39m=[32m&quot;true&quot;[39m
    [33mclass[39m=[32m&quot;lucide lucide-bug&quot;[39m
    [33mfill[39m=[32m&quot;none&quot;[39m
    [33mheight[39m=[32m&quot;14&quot;[39m
    [33mstroke[39m=[32m&quot;currentColor&quot;[39m
    [33mstroke-linecap[39m=[32m&quot;round&quot;[39m
    [33mstroke-linejoin[39m=[32m&quot;round&quot;[39m
    [33mstroke-width[39m=[32m&quot;2&quot;[39m
    [33mstyle[39m=[32m&quot;margin-right: 6px; vertical-align: middle;&quot;[39m
    [33mviewBox[39m=[32m&quot;0 0 24 24&quot;[39m
    [33mwidth[39m=[32m&quot;14&quot;[39m
    [33mxmlns[39m=[32m&quot;http://www.w3.org/2000/svg&quot;[39m
  [36m&gt;[39m
    [36m&lt;path[39m
      [33md[39m=[32m&quot;m8 2 1.88 1.88&quot;[39m
    [36m/&gt;[39m
    [36m&lt;path[39m
      [33md[39m=[32m&quot;M14.12 3.88 16 2&quot;[39m
    [36m/&gt;[39m
    [36m&lt;path[39m
      [33md[39m=[32m&quot;M9 7.13v-1a3.003 3.003 0 1 1 6 0v1&quot;[39m
    [36m/&gt;[39m
    [36m&lt;path[39m
      [33md[39m=[32m&quot;M12 20c-3.3 0-6-2.7-6-6v-3a4 4 0 0 1 4-4h4a4 4 0 0 1 4 4v3c0 3.3-2.7 6-6 6&quot;[39m
    [36m/&gt;[39m
    [36m&lt;path[39m
      [33md[39m=[32m&quot;M12 20v-9&quot;[39m
    [36m/&gt;[39m
    [36m&lt;path[39m
      [33md[39m=[32m&quot;M6.53 9C4.6 8.8 3 7.1 3 5&quot;[39m
    [36m/&gt;[39m
    [36m&lt;path[39m
      [33md[39m=[32m&quot;M6 13H2&quot;[39m
    [36m/&gt;[39m
    [36m&lt;path[39m
      [33md[39m=[32m&quot;M3 21c0-2.1 1.7-3.9 3.8-4&quot;[39m
    [36m/&gt;[39m
    [36m&lt;path[39m
      [33md[39m=[32m&quot;M20.97 5c0 2.1-1.6 3.8-3.5 4&quot;[39m
    [36m/&gt;[39m
    [36m&lt;path[39m
      [33md[39m=[32m&quot;M22 13h-4&quot;[39m
    [36m/&gt;[39m
    [36m&lt;path[39m
      [33md[39m=[32m&quot;M17.2 17c2.1.1 3.8 1.9 3.8 4&quot;[39m
    [36m/&gt;[39m
  [36m&lt;/svg&gt;[39m
  [0mError Details (Development Only)[0m
[36m&lt;/summary&gt;[39m

Ignored nodes: comments, script, style
[36m&lt;summary[39m
  [33mstyle[39m=[32m&quot;cursor: pointer; margin-bottom: 8px; color: rgb(107, 114, 128); font-size: 12px;&quot;[39m
[36m&gt;[39m
  [36m&lt;svg[39m
    [33maria-hidden[39m=[32m&quot;true&quot;[39m
    [33mclass[39m=[32m&quot;lucide lucide-bug&quot;[39m
    [33mfill[39m=[32m&quot;none&quot;[39m
    [33mheight[39m=[32m&quot;14&quot;[39m
    [33mstroke[39m=[32m&quot;currentColor&quot;[39m
    [33mstroke-linecap[39m=[32m&quot;round&quot;[39m
    [33mstroke-linejoin[39m=[32m&quot;round&quot;[39m
    [33mstroke-width[39m=[32m&quot;2&quot;[39m
    [33mstyle[39m=[32m&quot;margin-right: 6px; vertical-align: middle;&quot;[39m
    [33mviewBox[39m=[32m&quot;0 0 24 24&quot;[39m
    [33mwidth[39m=[32m&quot;14&quot;[39m
    [33mxmlns[39m=[32m&quot;http://www.w3.org/2000/svg&quot;[39m
  [36m&gt;[39m
    [36m&lt;path[39m
      [33md[39m=[32m&quot;m8 2 1.88 1.88&quot;[39m
    [36m/&gt;[39m
    [36m&lt;path[39m
      [33md[39m=[32m&quot;M14.12 3.88 16 2&quot;[39m
    [36m/&gt;[39m
    [36m&lt;path[39m
      [33md[39m=[32m&quot;M9 7.13v-1a3.003 3.003 0 1 1 6 0v1&quot;[39m
    [36m/&gt;[39m
    [36m&lt;path[39m
      [33md[39m=[32m&quot;M12 20c-3.3 0-6-2.7-6-6v-3a4 4 0 0 1 4-4h4a4 4 0 0 1 4 4v3c0 3.3-2.7 6-6 6&quot;[39m
    [36m/&gt;[39m
    [36m&lt;path[39m
      [33md[39m=[32m&quot;M12 20v-9&quot;[39m
    [36m/&gt;[39m
    [36m&lt;path[39m
      [33md[39m=[32m&quot;M6.53 9C4.6 8.8 3 7.1 3 5&quot;[39m
    [36m/&gt;[39m
    [36m&lt;path[39m
      [33md[39m=[32m&quot;M6 13H2&quot;[39m
    [36m/&gt;[39m
    [36m&lt;path[39m
      [33md[39m=[32m&quot;M3 21c0-2.1 1.7-3.9 3.8-4&quot;[39m
    [36m/&gt;[39m
    [36m&lt;path[39m
      [33md[39m=[32m&quot;M20.97 5c0 2.1-1.6 3.8-3.5 4&quot;[39m
    [36m/&gt;[39m
    [36m&lt;path[39m
      [33md[39m=[32m&quot;M22 13h-4&quot;[39m
    [36m/&gt;[39m
    [36m&lt;path[39m
      [33md[39m=[32m&quot;M17.2 17c2.1.1 3.8 1.9 3.8 4&quot;[39m
    [36m/&gt;[39m
  [36m&lt;/svg&gt;[39m
  [0mError Details (Development Only)[0m
[36m&lt;/summary&gt;[39m

Ignored nodes: comments, script, style
[36m&lt;summary[39m
  [33mstyle[39m=[32m&quot;cursor: pointer; margin-bottom: 8px; color: rgb(107, 114, 128); font-size: 12px;&quot;[39m
[36m&gt;[39m
  [36m&lt;svg[39m
    [33maria-hidden[39m=[32m&quot;true&quot;[39m
    [33mclass[39m=[32m&quot;lucide lucide-bug&quot;[39m
    [33mfill[39m=[32m&quot;none&quot;[39m
    [33mheight[39m=[32m&quot;14&quot;[39m
    [33mstroke[39m=[32m&quot;currentColor&quot;[39m
    [33mstroke-linecap[39m=[32m&quot;round&quot;[39m
    [33mstroke-linejoin[39m=[32m&quot;round&quot;[39m
    [33mstroke-width[39m=[32m&quot;2&quot;[39m
    [33mstyle[39m=[32m&quot;margin-right: 6px; vertical-align: middle;&quot;[39m
    [33mviewBox[39m=[32m&quot;0 0 24 24&quot;[39m
    [33mwidth[39m=[32m&quot;14&quot;[39m
    [33mxmlns[39m=[32m&quot;http://www.w3.org/2000/svg&quot;[39m
  [36m&gt;[39m
    [36m&lt;path[39m
      [33md[39m=[32m&quot;m8 2 1.88 1.88&quot;[39m
    [36m/&gt;[39m
    [36m&lt;path[39m
      [33md[39m=[32m&quot;M14.12 3.88 16 2&quot;[39m
    [36m/&gt;[39m
    [36m&lt;path[39m
      [33md[39m=[32m&quot;M9 7.13v-1a3.003 3.003 0 1 1 6 0v1&quot;[39m
    [36m/&gt;[39m
    [36m&lt;path[39m
      [33md[39m=[32m&quot;M12 20c-3.3 0-6-2.7-6-6v-3a4 4 0 0 1 4-4h4a4 4 0 0 1 4 4v3c0 3.3-2.7 6-6 6&quot;[39m
    [36m/&gt;[39m
    [36m&lt;path[39m
      [33md[39m=[32m&quot;M12 20v-9&quot;[39m
    [36m/&gt;[39m
    [36m&lt;path[39m
      [33md[39m=[32m&quot;M6.53 9C4.6 8.8 3 7.1 3 5&quot;[39m
    [36m/&gt;[39m
    [36m&lt;path[39m
      [33md[39m=[32m&quot;M6 13H2&quot;[39m
    [36m/&gt;[39m
    [36m&lt;path[39m
      [33md[39m=[32m&quot;M3 21c0-2.1 1.7-3.9 3.8-4&quot;[39m
    [36m/&gt;[39m
    [36m&lt;path[39m
      [33md[39m=[32m&quot;M20.97 5c0 2.1-1.6 3.8-3.5 4&quot;[39m
    [36m/&gt;[39m
    [36m&lt;path[39m
      [33md[39m=[32m&quot;M22 13h-4&quot;[39m
    [36m/&gt;[39m
    [36m&lt;path[39m
      [33md[39m=[32m&quot;M17.2 17c2.1.1 3.8 1.9 3.8 4&quot;[39m
    [36m/&gt;[39m
  [36m&lt;/svg&gt;[39m
  [0mError Details (Development Only)[0m
[36m&lt;/summary&gt;[39m

Ignored nodes: comments, script, style
[36m&lt;summary[39m
  [33mstyle[39m=[32m&quot;cursor: pointer; margin-bottom: 8px; color: rgb(107, 114, 128); font-size: 12px;&quot;[39m
[36m&gt;[39m
  [36m&lt;svg[39m
    [33maria-hidden[39m=[32m&quot;true&quot;[39m
    [33mclass[39m=[32m&quot;lucide lucide-bug&quot;[39m
    [33mfill[39m=[32m&quot;none&quot;[39m
    [33mheight[39m=[32m&quot;14&quot;[39m
    [33mstroke[39m=[32m&quot;currentColor&quot;[39m
    [33mstroke-linecap[39m=[32m&quot;round&quot;[39m
    [33mstroke-linejoin[39m=[32m&quot;round&quot;[39m
    [33mstroke-width[39m=[32m&quot;2&quot;[39m
    [33mstyle[39m=[32m&quot;margin-right: 6px; vertical-align: middle;&quot;[39m
    [33mviewBox[39m=[32m&quot;0 0 24 24&quot;[39m
    [33mwidth[39m=[32m&quot;14&quot;[39m
    [33mxmlns[39m=[32m&quot;http://www.w3.org/2000/svg&quot;[39m
  [36m&gt;[39m
    [36m&lt;path[39m
      [33md[39m=[32m&quot;m8 2 1.88 1.88&quot;[39m
    [36m/&gt;[39m
    [36m&lt;path[39m
      [33md[39m=[32m&quot;M14.12 3.88 16 2&quot;[39m
    [36m/&gt;[39m
    [36m&lt;path[39m
      [33md[39m=[32m&quot;M9 7.13v-1a3.003 3.003 0 1 1 6 0v1&quot;[39m
    [36m/&gt;[39m
    [36m&lt;path[39m
      [33md[39m=[32m&quot;M12 20c-3.3 0-6-2.7-6-6v-3a4 4 0 0 1 4-4h4a4 4 0 0 1 4 4v3c0 3.3-2.7 6-6 6&quot;[39m
    [36m/&gt;[39m
    [36m&lt;path[39m
      [33md[39m=[32m&quot;M12 20v-9&quot;[39m
    [36m/&gt;[39m
    [36m&lt;path[39m
      [33md[39m=[32m&quot;M6.53 9C4.6 8.8 3 7.1 3 5&quot;[39m
    [36m/&gt;[39m
    [36m&lt;path[39m
      [33md[39m=[32m&quot;M6 13H2&quot;[39m
    [36m/&gt;[39m
    [36m&lt;path[39m
      [33md[39m=[32m&quot;M3 21c0-2.1 1.7-3.9 3.8-4&quot;[39m
    [36m/&gt;[39m
    [36m&lt;path[39m
      [33md[39m=[32m&quot;M20.97 5c0 2.1-1.6 3.8-3.5 4&quot;[39m
    [36m/&gt;[39m
    [36m&lt;path[39m
      [33md[39m=[32m&quot;M22 13h-4&quot;[39m
    [36m/&gt;[39m
    [36m&lt;path[39m
      [33md[39m=[32m&quot;M17.2 17c2.1.1 3.8 1.9 3.8 4&quot;[39m
    [36m/&gt;[39m
  [36m&lt;/svg&gt;[39m
  [0mError Details (Development Only)[0m
[36m&lt;/summary&gt;[39m

Ignored nodes: comments, script, style
[36m&lt;summary[39m
  [33mstyle[39m=[32m&quot;cursor: pointer; margin-bottom: 8px; color: rgb(107, 114, 128); font-size: 12px;&quot;[39m
[36m&gt;[39m
  [36m&lt;svg[39m
    [33maria-hidden[39m=[32m&quot;true&quot;[39m
    [33mclass[39m=[32m&quot;lucide lucide-bug&quot;[39m
    [33mfill[39m=[32m&quot;none&quot;[39m
    [33mheight[39m=[32m&quot;14&quot;[39m
    [33mstroke[39m=[32m&quot;currentColor&quot;[39m
    [33mstroke-linecap[39m=[32m&quot;round&quot;[39m
    [33mstroke-linejoin[39m=[32m&quot;round&quot;[39m
    [33mstroke-width[39m=[32m&quot;2&quot;[39m
    [33mstyle[39m=[32m&quot;margin-right: 6px; vertical-align: middle;&quot;[39m
    [33mviewBox[39m=[32m&quot;0 0 24 24&quot;[39m
    [33mwidth[39m=[32m&quot;14&quot;[39m
    [33mxmlns[39m=[32m&quot;http://www.w3.org/2000/svg&quot;[39m
  [36m&gt;[39m
    [36m&lt;path[39m
      [33md[39m=[32m&quot;m8 2 1.88 1.88&quot;[39m
    [36m/&gt;[39m
    [36m&lt;path[39m
      [33md[39m=[32m&quot;M14.12 3.88 16 2&quot;[39m
    [36m/&gt;[39m
    [36m&lt;path[39m
      [33md[39m=[32m&quot;M9 7.13v-1a3.003 3.003 0 1 1 6 0v1&quot;[39m
    [36m/&gt;[39m
    [36m&lt;path[39m
      [33md[39m=[32m&quot;M12 20c-3.3 0-6-2.7-6-6v-3a4 4 0 0 1 4-4h4a4 4 0 0 1 4 4v3c0 3.3-2.7 6-6 6&quot;[39m
    [36m/&gt;[39m
    [36m&lt;path[39m
      [33md[39m=[32m&quot;M12 20v-9&quot;[39m
    [36m/&gt;[39m
    [36m&lt;path[39m
      [33md[39m=[32m&quot;M6.53 9C4.6 8.8 3 7.1 3 5&quot;[39m
    [36m/&gt;[39m
    [36m&lt;path[39m
      [33md[39m=[32m&quot;M6 13H2&quot;[39m
    [36m/&gt;[39m
    [36m&lt;path[39m
      [33md[39m=[32m&quot;M3 21c0-2.1 1.7-3.9 3.8-4&quot;[39m
    [36m/&gt;[39m
    [36m&lt;path[39m
      [33md[39m=[32m&quot;M20.97 5c0 2.1-1.6 3.8-3.5 4&quot;[39m
    [36m/&gt;[39m
    [36m&lt;path[39m
      [33md[39m=[32m&quot;M22 13h-4&quot;[39m
    [36m/&gt;[39m
    [36m&lt;path[39m
      [33md[39m=[32m&quot;M17.2 17c2.1.1 3.8 1.9 3.8 4&quot;[39m
    [36m/&gt;[39m
  [36m&lt;/svg&gt;[39m
  [0mError Details (Development Only)[0m
[36m&lt;/summary&gt;[39m

Ignored nodes: comments, script, style
[36m&lt;summary[39m
  [33mstyle[39m=[32m&quot;cursor: pointer; margin-bottom: 8px; color: rgb(156, 163, 175); font-size: 12px;&quot;[39m
[36m&gt;[39m
  [36m&lt;svg[39m
    [33maria-hidden[39m=[32m&quot;true&quot;[39m
    [33mclass[39m=[32m&quot;lucide lucide-bug&quot;[39m
    [33mfill[39m=[32m&quot;none&quot;[39m
    [33mheight[39m=[32m&quot;14&quot;[39m
    [33mstroke[39m=[32m&quot;currentColor&quot;[39m
    [33mstroke-linecap[39m=[32m&quot;round&quot;[39m
    [33mstroke-linejoin[39m=[32m&quot;round&quot;[39m
    [33mstroke-width[39m=[32m&quot;2&quot;[39m
    [33mstyle[39m=[32m&quot;margin-right: 6px; vertical-align: middle;&quot;[39m
    [33mviewBox[39m=[32m&quot;0 0 24 24&quot;[39m
    [33mwidth[39m=[32m&quot;14&quot;[39m
    [33mxmlns[39m=[32m&quot;http://www.w3.org/2000/svg&quot;[39m
  [36m&gt;[39m
    [36m&lt;path[39m
      [33md[39m=[32m&quot;m8 2 1.88 1.88&quot;[39m
    [36m/&gt;[39m
    [36m&lt;path[39m
      [33md[39m=[32m&quot;M14.12 3.88 16 2&quot;[39m
    [36m/&gt;[39m
    [36m&lt;path[39m
      [33md[39m=[32m&quot;M9 7.13v-1a3.003 3.003 0 1 1 6 0v1&quot;[39m
    [36m/&gt;[39m
    [36m&lt;path[39m
      [33md[39m=[32m&quot;M12 20c-3.3 0-6-2.7-6-6v-3a4 4 0 0 1 4-4h4a4 4 0 0 1 4 4v3c0 3.3-2.7 6-6 6&quot;[39m
    [36m/&gt;[39m
    [36m&lt;path[39m
      [33md[39m=[32m&quot;M12 20v-9&quot;[39m
    [36m/&gt;[39m
    [36m&lt;path[39m
      [33md[39m=[32m&quot;M6.53 9C4.6 8.8 3 7.1 3 5&quot;[39m
    [36m/&gt;[39m
    [36m&lt;path[39m
      [33md[39m=[32m&quot;M6 13H2&quot;[39m
    [36m/&gt;[39m
    [36m&lt;path[39m
      [33md[39m=[32m&quot;M3 21c0-2.1 1.7-3.9 3.8-4&quot;[39m
    [36m/&gt;[39m
    [36m&lt;path[39m
      [33md[39m=[32m&quot;M20.97 5c0 2.1-1.6 3.8-3.5 4&quot;[39m
    [36m/&gt;[39m
    [36m&lt;path[39m
      [33md[39m=[32m&quot;M22 13h-4&quot;[39m
    [36m/&gt;[39m
    [36m&lt;path[39m
      [33md[39m=[32m&quot;M17.2 17c2.1.1 3.8 1.9 3.8 4&quot;[39m
    [36m/&gt;[39m
  [36m&lt;/svg&gt;[39m
  [0mError Details (Development Only)[0m
[36m&lt;/summary&gt;[39m

Ignored nodes: comments, script, style
[36m&lt;summary[39m
  [33mstyle[39m=[32m&quot;cursor: pointer; margin-bottom: 8px; color: rgb(107, 114, 128); font-size: 12px;&quot;[39m
[36m&gt;[39m
  [36m&lt;svg[39m
    [33maria-hidden[39m=[32m&quot;true&quot;[39m
    [33mclass[39m=[32m&quot;lucide lucide-bug&quot;[39m
    [33mfill[39m=[32m&quot;none&quot;[39m
    [33mheight[39m=[32m&quot;14&quot;[39m
    [33mstroke[39m=[32m&quot;currentColor&quot;[39m
    [33mstroke-linecap[39m=[32m&quot;round&quot;[39m
    [33mstroke-linejoin[39m=[32m&quot;round&quot;[39m
    [33mstroke-width[39m=[32m&quot;2&quot;[39m
    [33mstyle[39m=[32m&quot;margin-right: 6px; vertical-align: middle;&quot;[39m
    [33mviewBox[39m=[32m&quot;0 0 24 24&quot;[39m
    [33mwidth[39m=[32m&quot;14&quot;[39m
    [33mxmlns[39m=[32m&quot;http://www.w3.org/2000/svg&quot;[39m
  [36m&gt;[39m
    [36m&lt;path[39m
      [33md[39m=[32m&quot;m8 2 1.88 1.88&quot;[39m
    [36m/&gt;[39m
    [36m&lt;path[39m
      [33md[39m=[32m&quot;M14.12 3.88 16 2&quot;[39m
    [36m/&gt;[39m
    [36m&lt;path[39m
      [33md[39m=[32m&quot;M9 7.13v-1a3.003 3.003 0 1 1 6 0v1&quot;[39m
    [36m/&gt;[39m
    [36m&lt;path[39m
      [33md[39m=[32m&quot;M12 20c-3.3 0-6-2.7-6-6v-3a4 4 0 0 1 4-4h4a4 4 0 0 1 4 4v3c0 3.3-2.7 6-6 6&quot;[39m
    [36m/&gt;[39m
    [36m&lt;path[39m
      [33md[39m=[32m&quot;M12 20v-9&quot;[39m
    [36m/&gt;[39m
    [36m&lt;path[39m
      [33md[39m=[32m&quot;M6.53 9C4.6 8.8 3 7.1 3 5&quot;[39m
    [36m/&gt;[39m
    [36m&lt;path[39m
      [33md[39m=[32m&quot;M6 13H2&quot;[39m
    [36m/&gt;[39m
    [36m&lt;path[39m
      [33md[39m=[32m&quot;M3 21c0-2.1 1.7-3.9 3.8-4&quot;[39m
    [36m/&gt;[39m
    [36m&lt;path[39m
      [33md[39m=[32m&quot;M20.97 5c0 2.1-1.6 3.8-3.5 4&quot;[39m
    [36m/&gt;[39m
    [36m&lt;path[39m
      [33md[39m=[32m&quot;M22 13h-4&quot;[39m
    [36m/&gt;[39m
    [36m&lt;path[39m
      [33md[39m=[32m&quot;M17.2 17c2.1.1 3.8 1.9 3.8 4&quot;[39m
    [36m/&gt;[39m
  [36m&lt;/svg&gt;[39m
  [0mError Details (Development Only)[0m
[36m&lt;/summary&gt;[39m

Ignored nodes: comments, script, style
[36m&lt;summary[39m
  [33mstyle[39m=[32m&quot;cursor: pointer; margin-bottom: 8px; color: rgb(107, 114, 128); font-size: 12px;&quot;[39m
[36m&gt;[39m
  [36m&lt;svg[39m
    [33maria-hidden[39m=[32m&quot;true&quot;[39m
    [33mclass[39m=[32m&quot;lucide lucide-bug&quot;[39m
    [33mfill[39m=[32m&quot;none&quot;[39m
    [33mheight[39m=[32m&quot;14&quot;[39m
    [33mstroke[39m=[32m&quot;currentColor&quot;[39m
    [33mstroke-linecap[39m=[32m&quot;round&quot;[39m
    [33mstroke-linejoin[39m=[32m&quot;round&quot;[39m
    [33mstroke-width[39m=[32m&quot;2&quot;[39m
    [33mstyle[39m=[32m&quot;margin-right: 6px; vertical-align: middle;&quot;[39m
    [33mviewBox[39m=[32m&quot;0 0 24 24&quot;[39m
    [33mwidth[39m=[32m&quot;14&quot;[39m
    [33mxmlns[39m=[32m&quot;http://www.w3.org/2000/svg&quot;[39m
  [36m&gt;[39m
    [36m&lt;path[39m
      [33md[39m=[32m&quot;m8 2 1.88 1.88&quot;[39m
    [36m/&gt;[39m
    [36m&lt;path[39m
      [33md[39m=[32m&quot;M14.12 3.88 16 2&quot;[39m
    [36m/&gt;[39m
    [36m&lt;path[39m
      [33md[39m=[32m&quot;M9 7.13v-1a3.003 3.003 0 1 1 6 0v1&quot;[39m
    [36m/&gt;[39m
    [36m&lt;path[39m
      [33md[39m=[32m&quot;M12 20c-3.3 0-6-2.7-6-6v-3a4 4 0 0 1 4-4h4a4 4 0 0 1 4 4v3c0 3.3-2.7 6-6 6&quot;[39m
    [36m/&gt;[39m
    [36m&lt;path[39m
      [33md[39m=[32m&quot;M12 20v-9&quot;[39m
    [36m/&gt;[39m
    [36m&lt;path[39m
      [33md[39m=[32m&quot;M6.53 9C4.6 8.8 3 7.1 3 5&quot;[39m
    [36m/&gt;[39m
    [36m&lt;path[39m
      [33md[39m=[32m&quot;M6 13H2&quot;[39m
    [36m/&gt;[39m
    [36m&lt;path[39m
      [33md[39m=[32m&quot;M3 21c0-2.1 1.7-3.9 3.8-4&quot;[39m
    [36m/&gt;[39m
    [36m&lt;path[39m
      [33md[39m=[32m&quot;M20.97 5c0 2.1-1.6 3.8-3.5 4&quot;[39m
    [36m/&gt;[39m
    [36m&lt;path[39m
      [33md[39m=[32m&quot;M22 13h-4&quot;[39m
    [36m/&gt;[39m
    [36m&lt;path[39m
      [33md[39m=[32m&quot;M17.2 17c2.1.1 3.8 1.9 3.8 4&quot;[39m
    [36m/&gt;[39m
  [36m&lt;/svg&gt;[39m
  [0mError Details (Development Only)[0m
[36m&lt;/summary&gt;[39m

(If this is intentional, then use the `*AllBy*` variant of the query (like `queryAllByText`, `getAllByText`, or `findAllByText`)).

Ignored nodes: comments, script, style
[36m&lt;body&gt;[39m
  [36m&lt;div&gt;[39m
    [36m&lt;div[39m
      [33mdata-testid[39m=[32m&quot;test-content&quot;[39m
    [36m&gt;[39m
      [0mTest content[0m
    [36m&lt;/div&gt;[39m
  [36m&lt;/div&gt;[39m
  [36m&lt;div&gt;[39m
    [36m&lt;div[39m
      [33mstyle[39m=[32m&quot;min-height: 400px; background: rgb(245, 245, 245); display: flex; align-items: center; justify-content: center; padding: 32px; border-radius: 8px;&quot;[39m
    [36m&gt;[39m
      [36m&lt;div[39m
        [33mstyle[39m=[32m&quot;max-width: 600px; width: 100%; text-align: center; background: rgba(255, 255, 255, 0.9); border-radius: 16px; padding: 32px; border: 1px solid rgb(229, 231, 235); box-shadow: 0 4px 6px rgba(0, 0, 0, 0.1);&quot;[39m
      [36m&gt;[39m
        [36m&lt;svg[39m
          [33maria-hidden[39m=[32m&quot;true&quot;[39m
          [33mclass[39m=[32m&quot;lucide lucide-circle-alert&quot;[39m
          [33mfill[39m=[32m&quot;none&quot;[39m
          [33mheight[39m=[32m&quot;48&quot;[39m
          [33mstroke[39m=[32m&quot;currentColor&quot;[39m
          [33mstroke-linecap[39m=[32m&quot;round&quot;[39m
          [33mstroke-linejoin[39m=[32m&quot;round&quot;[39m
          [33mstroke-width[39m=[32m&quot;2&quot;[39m
          [33mstyle[39m=[32m&quot;color: rgb(239, 68, 68); margin-bottom: 16px;&quot;[39m
          [33mviewBox[39m=[32m&quot;0 0 24 24&quot;[39m
          [33mwidth[39m=[32m&quot;48&quot;[39m
          [33mxmlns[39m=[32m&quot;http://www.w3.org/2000/svg&quot;[39m
        [36m&gt;[39m
          [36m&lt;circle[39m
            [33mcx[39m=[32m&quot;12&quot;[39m
            [33mcy[39m=[32m&quot;12&quot;[39m
            [33mr[39m=[32m&quot;10&quot;[39m
          [36m/&gt;[39m
          [36m&lt;line[39m
            [33mx1[39m=[32m&quot;12&quot;[39m
            [33mx2[39m=[32m&quot;12&quot;[39m
            [33my1[39m=[32m&quot;8&quot;[39m
            [33my2[39m=[32m&quot;12&quot;[39m
          [36m/&gt;[39m
          [36m&lt;line[39m
            [33mx1[39m=[32m&quot;12&quot;[39m
            [33mx2[39m=[32m&quot;12.01&quot;[39m
            [33my1[39m=[32m&quot;16&quot;[39m
            [33my2[39m=[32m&quot;16&quot;[39m
          [36m/&gt;[39m
        [36m&lt;/svg&gt;[39m
        [36m&lt;h3[39m
          [33mstyle[39m=[32m&quot;font-size: 20px; font-weight: bold; margin-bottom: 8px; color: rgb(31, 41, 55);&quot;[39m
        [36m&gt;[39m
          [0mNetwork Connection Issue[0m
        [36m&lt;/h3&gt;[39m
        [36m&lt;p[39m
          [33mstyle[39m=[32m&quot;font-size: 14px; margin-bottom: 20px; color: rgb(107, 114, 128); line-height: 1.5;&quot;[39m
        [36m&gt;[39m
          [0mCheck your internet connection and try again. If the problem persists, contact your network administrator.[0m
        [36m&lt;/p&gt;[39m
        [36m&lt;details[39m
          [33mstyle[39m=[32m&quot;text-align: left; margin-bottom: 20px; background: rgba(0, 0, 0, 0.05); padding: 12px; border-radius: 6px; font-size: 12px;&quot;[39m
        [36m&gt;[39m
          [36m&lt;summary[39m
            [33mstyle[39m=[32m&quot;cursor: pointer; margin-bottom: 8px; color: rgb(107, 114, 128); font-size: 12px;&quot;[39m
          [36m&gt;[39m
            [36m&lt;svg[39m
              [33maria-hidden[39m=[32m&quot;true&quot;[39m
              [33mclass[39m=[32m&quot;lucide lucide-bug&quot;[39m
              [33mfill[39m=[32m&quot;none&quot;[39m
              [33mheight[39m=[32m&quot;14&quot;[39m
              [33mstroke[39m=[32m&quot;currentColor&quot;[39m
              [33mstroke-linecap[39m=[32m&quot;round&quot;[39m
              [33mstroke-linejoin[39m=[32m&quot;round&quot;[39m
              [33mstroke-width[39m=[32m&quot;2&quot;[39m
              [33mstyle[39m=[32m&quot;margin-right: 6px; vertical-align: middle;&quot;[39m
              [33mviewBox[39m=[32m&quot;0 0 24 24&quot;[39m
              [33mwidth[39m=[32m&quot;14&quot;[39m
              [33mxmlns[39m=[32m&quot;http://www.w3.org/2000/svg&quot;[39m
            [36m&gt;[39m
              [36m&lt;path[39m
                [33md[39m=[32m&quot;m8 2 1.88 1.88&quot;[39m
              [36m/&gt;[39m
              [36m&lt;path[39m
                [33md[39m=[32m&quot;M14.12 3.88 16 2&quot;[39m
              [36m/&gt;[39m
              [36m&lt;path[39m
                [33md[39m=[32m&quot;M9 7.13v-1a3.003 3.003 0 1 1 6 0v1&quot;[39m
              [36m/&gt;[39m
              [36m&lt;path[39m
                [33md[39m=[32m&quot;M12 20c-3.3 0-6-2.7-6-6v-3a4 4 0 0 1 4-4h4a4 4 0 0 1 4 4v3c0 3.3-2.7 6-6 6&quot;[39m
              [36m/&gt;[39m
              [36m&lt;path[39m
                [33md[39m=[32m&quot;M12 20v-9&quot;[39m
              [36m/&gt;[39m
              [36m&lt;path[39m
                [33md[39m=[32m&quot;M6.53 9C4.6 8.8 3 7.1 3 5&quot;[39m
              [36m/&gt;[39m
              [36m&lt;path[39m
                [33md[39m=[32m&quot;M6 13H2&quot;[39m
              [36m/&gt;[39m
              [36m&lt;path[39m
                [33md[39m=[32m&quot;M3 21c0-2.1 1.7-3.9 3.8-4&quot;[39m
              [36m/&gt;[39m
              [36m&lt;path[39m
                [33md[39m=[32m&quot;M20.97 5c0 2.1-1.6 3.8-3.5 4&quot;[39m
              [36m/&gt;[39m
              [36m&lt;path[39m
                [33md[39m=[32m&quot;M22 13h-4&quot;[39m
              [36m/&gt;[39m
              [36m&lt;path[39m
                [33md[39m=[32m&quot;M17.2 17c2.1.1 3.8 1.9 3.8 4&quot;[39m
              [36m/&gt;[39m
            [36m&lt;/svg&gt;[39m
            [0mError Details (Development Only)[0m
          [36m&lt;/summary&gt;[39m
          [36m&lt;div[39m
            [33mstyle[39m=[32m&quot;font-family: monospace; color: rgb(75, 85, 99); word-break: break-word;&quot;[39m
          [36m&gt;[39m
            [36m&lt;strong&gt;[39m
              [0mType:[0m
            [36m&lt;/strong&gt;[39m
            [0m [0m
            [0mNETWORK[0m
            [36m&lt;br /&gt;[39m
            [36m&lt;strong&gt;[39m
              [0mCode:[0m
            [36m&lt;/strong&gt;[39m
            [0m [0m
            [0mNETWORK_ERROR[0m
            [36m&lt;br /&gt;[39m
            [36m&lt;strong&gt;[39m
              [0mMessage:[0m
            [36m&lt;/strong&gt;[39m
            [0m [0m
            [0mTest error message[0m
            [36m&lt;br /&gt;[39m
            [36m&lt;strong&gt;[39m
              [0mStack:[0m
            [36m&lt;/strong&gt;[39m
            [36m&lt;pre[39m
              [33mstyle[39m=[32m&quot;white-space: pre-wrap; word-break: break-word; margin: 4px 0px 0px 0px; font-size: 10px;&quot;[39m
            [36m&gt;[39m
              [0mAppError: Test error message
    at ThrowErrorComponent (/home/ilya/projects/SimpleAdminReporter/frontend/src/components/query/__tests__/QueryPreviewErrorBoundary.test.tsx:59:19)
    at Object.react_stack_bottom_frame (/home/ilya/projects/SimpleAdminReporter/frontend/node_modules/react-dom/cjs/react-dom-client.development.js:23863:20)
    at renderWithHooks (/home/ilya/projects/SimpleAdminReporter/frontend/node_modules/react-dom/cjs/react-dom-client.development.js:5529:22)
    at updateFunctionComponent (/home/ilya/projects/SimpleAdminReporter/frontend/node_modules/react-dom/cjs/react-dom-client.development.js:8897:19)
    at beginWork (/home/ilya/projects/SimpleAdminReporter/frontend/node_modules/react-dom/cjs/react-dom-client.development.js:10522:18)
    at runWithFiberInDEV (/home/ilya/projects/SimpleAdminReporter/frontend/node_modules/react-dom/cjs/react-dom-client.development.js:1522:13..." type="TestingLibraryElementError">
TestingLibraryElementError: Found multiple elements with the text: Error Details (Development Only)

Here are the matching elements:

Ignored nodes: comments, script, style
&lt;summary
  style=&quot;cursor: pointer; margin-bottom: 8px; color: rgb(107, 114, 128); font-size: 12px;&quot;
&gt;
  &lt;svg
    aria-hidden=&quot;true&quot;
    class=&quot;lucide lucide-bug&quot;
    fill=&quot;none&quot;
    height=&quot;14&quot;
    stroke=&quot;currentColor&quot;
    stroke-linecap=&quot;round&quot;
    stroke-linejoin=&quot;round&quot;
    stroke-width=&quot;2&quot;
    style=&quot;margin-right: 6px; vertical-align: middle;&quot;
    viewBox=&quot;0 0 24 24&quot;
    width=&quot;14&quot;
    xmlns=&quot;http://www.w3.org/2000/svg&quot;
  &gt;
    &lt;path
      d=&quot;m8 2 1.88 1.88&quot;
    /&gt;
    &lt;path
      d=&quot;M14.12 3.88 16 2&quot;
    /&gt;
    &lt;path
      d=&quot;M9 7.13v-1a3.003 3.003 0 1 1 6 0v1&quot;
    /&gt;
    &lt;path
      d=&quot;M12 20c-3.3 0-6-2.7-6-6v-3a4 4 0 0 1 4-4h4a4 4 0 0 1 4 4v3c0 3.3-2.7 6-6 6&quot;
    /&gt;
    &lt;path
      d=&quot;M12 20v-9&quot;
    /&gt;
    &lt;path
      d=&quot;M6.53 9C4.6 8.8 3 7.1 3 5&quot;
    /&gt;
    &lt;path
      d=&quot;M6 13H2&quot;
    /&gt;
    &lt;path
      d=&quot;M3 21c0-2.1 1.7-3.9 3.8-4&quot;
    /&gt;
    &lt;path
      d=&quot;M20.97 5c0 2.1-1.6 3.8-3.5 4&quot;
    /&gt;
    &lt;path
      d=&quot;M22 13h-4&quot;
    /&gt;
    &lt;path
      d=&quot;M17.2 17c2.1.1 3.8 1.9 3.8 4&quot;
    /&gt;
  &lt;/svg&gt;
  Error Details (Development Only)
&lt;/summary&gt;

Ignored nodes: comments, script, style
&lt;summary
  style=&quot;cursor: pointer; margin-bottom: 8px; color: rgb(107, 114, 128); font-size: 12px;&quot;
&gt;
  &lt;svg
    aria-hidden=&quot;true&quot;
    class=&quot;lucide lucide-bug&quot;
    fill=&quot;none&quot;
    height=&quot;14&quot;
    stroke=&quot;currentColor&quot;
    stroke-linecap=&quot;round&quot;
    stroke-linejoin=&quot;round&quot;
    stroke-width=&quot;2&quot;
    style=&quot;margin-right: 6px; vertical-align: middle;&quot;
    viewBox=&quot;0 0 24 24&quot;
    width=&quot;14&quot;
    xmlns=&quot;http://www.w3.org/2000/svg&quot;
  &gt;
    &lt;path
      d=&quot;m8 2 1.88 1.88&quot;
    /&gt;
    &lt;path
      d=&quot;M14.12 3.88 16 2&quot;
    /&gt;
    &lt;path
      d=&quot;M9 7.13v-1a3.003 3.003 0 1 1 6 0v1&quot;
    /&gt;
    &lt;path
      d=&quot;M12 20c-3.3 0-6-2.7-6-6v-3a4 4 0 0 1 4-4h4a4 4 0 0 1 4 4v3c0 3.3-2.7 6-6 6&quot;
    /&gt;
    &lt;path
      d=&quot;M12 20v-9&quot;
    /&gt;
    &lt;path
      d=&quot;M6.53 9C4.6 8.8 3 7.1 3 5&quot;
    /&gt;
    &lt;path
      d=&quot;M6 13H2&quot;
    /&gt;
    &lt;path
      d=&quot;M3 21c0-2.1 1.7-3.9 3.8-4&quot;
    /&gt;
    &lt;path
      d=&quot;M20.97 5c0 2.1-1.6 3.8-3.5 4&quot;
    /&gt;
    &lt;path
      d=&quot;M22 13h-4&quot;
    /&gt;
    &lt;path
      d=&quot;M17.2 17c2.1.1 3.8 1.9 3.8 4&quot;
    /&gt;
  &lt;/svg&gt;
  Error Details (Development Only)
&lt;/summary&gt;

Ignored nodes: comments, script, style
&lt;summary
  style=&quot;cursor: pointer; margin-bottom: 8px; color: rgb(107, 114, 128); font-size: 12px;&quot;
&gt;
  &lt;svg
    aria-hidden=&quot;true&quot;
    class=&quot;lucide lucide-bug&quot;
    fill=&quot;none&quot;
    height=&quot;14&quot;
    stroke=&quot;currentColor&quot;
    stroke-linecap=&quot;round&quot;
    stroke-linejoin=&quot;round&quot;
    stroke-width=&quot;2&quot;
    style=&quot;margin-right: 6px; vertical-align: middle;&quot;
    viewBox=&quot;0 0 24 24&quot;
    width=&quot;14&quot;
    xmlns=&quot;http://www.w3.org/2000/svg&quot;
  &gt;
    &lt;path
      d=&quot;m8 2 1.88 1.88&quot;
    /&gt;
    &lt;path
      d=&quot;M14.12 3.88 16 2&quot;
    /&gt;
    &lt;path
      d=&quot;M9 7.13v-1a3.003 3.003 0 1 1 6 0v1&quot;
    /&gt;
    &lt;path
      d=&quot;M12 20c-3.3 0-6-2.7-6-6v-3a4 4 0 0 1 4-4h4a4 4 0 0 1 4 4v3c0 3.3-2.7 6-6 6&quot;
    /&gt;
    &lt;path
      d=&quot;M12 20v-9&quot;
    /&gt;
    &lt;path
      d=&quot;M6.53 9C4.6 8.8 3 7.1 3 5&quot;
    /&gt;
    &lt;path
      d=&quot;M6 13H2&quot;
    /&gt;
    &lt;path
      d=&quot;M3 21c0-2.1 1.7-3.9 3.8-4&quot;
    /&gt;
    &lt;path
      d=&quot;M20.97 5c0 2.1-1.6 3.8-3.5 4&quot;
    /&gt;
    &lt;path
      d=&quot;M22 13h-4&quot;
    /&gt;
    &lt;path
      d=&quot;M17.2 17c2.1.1 3.8 1.9 3.8 4&quot;
    /&gt;
  &lt;/svg&gt;
  Error Details (Development Only)
&lt;/summary&gt;

Ignored nodes: comments, script, style
&lt;summary
  style=&quot;cursor: pointer; margin-bottom: 8px; color: rgb(107, 114, 128); font-size: 12px;&quot;
&gt;
  &lt;svg
    aria-hidden=&quot;true&quot;
    class=&quot;lucide lucide-bug&quot;
    fill=&quot;none&quot;
    height=&quot;14&quot;
    stroke=&quot;currentColor&quot;
    stroke-linecap=&quot;round&quot;
    stroke-linejoin=&quot;round&quot;
    stroke-width=&quot;2&quot;
    style=&quot;margin-right: 6px; vertical-align: middle;&quot;
    viewBox=&quot;0 0 24 24&quot;
    width=&quot;14&quot;
    xmlns=&quot;http://www.w3.org/2000/svg&quot;
  &gt;
    &lt;path
      d=&quot;m8 2 1.88 1.88&quot;
    /&gt;
    &lt;path
      d=&quot;M14.12 3.88 16 2&quot;
    /&gt;
    &lt;path
      d=&quot;M9 7.13v-1a3.003 3.003 0 1 1 6 0v1&quot;
    /&gt;
    &lt;path
      d=&quot;M12 20c-3.3 0-6-2.7-6-6v-3a4 4 0 0 1 4-4h4a4 4 0 0 1 4 4v3c0 3.3-2.7 6-6 6&quot;
    /&gt;
    &lt;path
      d=&quot;M12 20v-9&quot;
    /&gt;
    &lt;path
      d=&quot;M6.53 9C4.6 8.8 3 7.1 3 5&quot;
    /&gt;
    &lt;path
      d=&quot;M6 13H2&quot;
    /&gt;
    &lt;path
      d=&quot;M3 21c0-2.1 1.7-3.9 3.8-4&quot;
    /&gt;
    &lt;path
      d=&quot;M20.97 5c0 2.1-1.6 3.8-3.5 4&quot;
    /&gt;
    &lt;path
      d=&quot;M22 13h-4&quot;
    /&gt;
    &lt;path
      d=&quot;M17.2 17c2.1.1 3.8 1.9 3.8 4&quot;
    /&gt;
  &lt;/svg&gt;
  Error Details (Development Only)
&lt;/summary&gt;

Ignored nodes: comments, script, style
&lt;summary
  style=&quot;cursor: pointer; margin-bottom: 8px; color: rgb(107, 114, 128); font-size: 12px;&quot;
&gt;
  &lt;svg
    aria-hidden=&quot;true&quot;
    class=&quot;lucide lucide-bug&quot;
    fill=&quot;none&quot;
    height=&quot;14&quot;
    stroke=&quot;currentColor&quot;
    stroke-linecap=&quot;round&quot;
    stroke-linejoin=&quot;round&quot;
    stroke-width=&quot;2&quot;
    style=&quot;margin-right: 6px; vertical-align: middle;&quot;
    viewBox=&quot;0 0 24 24&quot;
    width=&quot;14&quot;
    xmlns=&quot;http://www.w3.org/2000/svg&quot;
  &gt;
    &lt;path
      d=&quot;m8 2 1.88 1.88&quot;
    /&gt;
    &lt;path
      d=&quot;M14.12 3.88 16 2&quot;
    /&gt;
    &lt;path
      d=&quot;M9 7.13v-1a3.003 3.003 0 1 1 6 0v1&quot;
    /&gt;
    &lt;path
      d=&quot;M12 20c-3.3 0-6-2.7-6-6v-3a4 4 0 0 1 4-4h4a4 4 0 0 1 4 4v3c0 3.3-2.7 6-6 6&quot;
    /&gt;
    &lt;path
      d=&quot;M12 20v-9&quot;
    /&gt;
    &lt;path
      d=&quot;M6.53 9C4.6 8.8 3 7.1 3 5&quot;
    /&gt;
    &lt;path
      d=&quot;M6 13H2&quot;
    /&gt;
    &lt;path
      d=&quot;M3 21c0-2.1 1.7-3.9 3.8-4&quot;
    /&gt;
    &lt;path
      d=&quot;M20.97 5c0 2.1-1.6 3.8-3.5 4&quot;
    /&gt;
    &lt;path
      d=&quot;M22 13h-4&quot;
    /&gt;
    &lt;path
      d=&quot;M17.2 17c2.1.1 3.8 1.9 3.8 4&quot;
    /&gt;
  &lt;/svg&gt;
  Error Details (Development Only)
&lt;/summary&gt;

Ignored nodes: comments, script, style
&lt;summary
  style=&quot;cursor: pointer; margin-bottom: 8px; color: rgb(107, 114, 128); font-size: 12px;&quot;
&gt;
  &lt;svg
    aria-hidden=&quot;true&quot;
    class=&quot;lucide lucide-bug&quot;
    fill=&quot;none&quot;
    height=&quot;14&quot;
    stroke=&quot;currentColor&quot;
    stroke-linecap=&quot;round&quot;
    stroke-linejoin=&quot;round&quot;
    stroke-width=&quot;2&quot;
    style=&quot;margin-right: 6px; vertical-align: middle;&quot;
    viewBox=&quot;0 0 24 24&quot;
    width=&quot;14&quot;
    xmlns=&quot;http://www.w3.org/2000/svg&quot;
  &gt;
    &lt;path
      d=&quot;m8 2 1.88 1.88&quot;
    /&gt;
    &lt;path
      d=&quot;M14.12 3.88 16 2&quot;
    /&gt;
    &lt;path
      d=&quot;M9 7.13v-1a3.003 3.003 0 1 1 6 0v1&quot;
    /&gt;
    &lt;path
      d=&quot;M12 20c-3.3 0-6-2.7-6-6v-3a4 4 0 0 1 4-4h4a4 4 0 0 1 4 4v3c0 3.3-2.7 6-6 6&quot;
    /&gt;
    &lt;path
      d=&quot;M12 20v-9&quot;
    /&gt;
    &lt;path
      d=&quot;M6.53 9C4.6 8.8 3 7.1 3 5&quot;
    /&gt;
    &lt;path
      d=&quot;M6 13H2&quot;
    /&gt;
    &lt;path
      d=&quot;M3 21c0-2.1 1.7-3.9 3.8-4&quot;
    /&gt;
    &lt;path
      d=&quot;M20.97 5c0 2.1-1.6 3.8-3.5 4&quot;
    /&gt;
    &lt;path
      d=&quot;M22 13h-4&quot;
    /&gt;
    &lt;path
      d=&quot;M17.2 17c2.1.1 3.8 1.9 3.8 4&quot;
    /&gt;
  &lt;/svg&gt;
  Error Details (Development Only)
&lt;/summary&gt;

Ignored nodes: comments, script, style
&lt;summary
  style=&quot;cursor: pointer; margin-bottom: 8px; color: rgb(107, 114, 128); font-size: 12px;&quot;
&gt;
  &lt;svg
    aria-hidden=&quot;true&quot;
    class=&quot;lucide lucide-bug&quot;
    fill=&quot;none&quot;
    height=&quot;14&quot;
    stroke=&quot;currentColor&quot;
    stroke-linecap=&quot;round&quot;
    stroke-linejoin=&quot;round&quot;
    stroke-width=&quot;2&quot;
    style=&quot;margin-right: 6px; vertical-align: middle;&quot;
    viewBox=&quot;0 0 24 24&quot;
    width=&quot;14&quot;
    xmlns=&quot;http://www.w3.org/2000/svg&quot;
  &gt;
    &lt;path
      d=&quot;m8 2 1.88 1.88&quot;
    /&gt;
    &lt;path
      d=&quot;M14.12 3.88 16 2&quot;
    /&gt;
    &lt;path
      d=&quot;M9 7.13v-1a3.003 3.003 0 1 1 6 0v1&quot;
    /&gt;
    &lt;path
      d=&quot;M12 20c-3.3 0-6-2.7-6-6v-3a4 4 0 0 1 4-4h4a4 4 0 0 1 4 4v3c0 3.3-2.7 6-6 6&quot;
    /&gt;
    &lt;path
      d=&quot;M12 20v-9&quot;
    /&gt;
    &lt;path
      d=&quot;M6.53 9C4.6 8.8 3 7.1 3 5&quot;
    /&gt;
    &lt;path
      d=&quot;M6 13H2&quot;
    /&gt;
    &lt;path
      d=&quot;M3 21c0-2.1 1.7-3.9 3.8-4&quot;
    /&gt;
    &lt;path
      d=&quot;M20.97 5c0 2.1-1.6 3.8-3.5 4&quot;
    /&gt;
    &lt;path
      d=&quot;M22 13h-4&quot;
    /&gt;
    &lt;path
      d=&quot;M17.2 17c2.1.1 3.8 1.9 3.8 4&quot;
    /&gt;
  &lt;/svg&gt;
  Error Details (Development Only)
&lt;/summary&gt;

Ignored nodes: comments, script, style
&lt;summary
  style=&quot;cursor: pointer; margin-bottom: 8px; color: rgb(107, 114, 128); font-size: 12px;&quot;
&gt;
  &lt;svg
    aria-hidden=&quot;true&quot;
    class=&quot;lucide lucide-bug&quot;
    fill=&quot;none&quot;
    height=&quot;14&quot;
    stroke=&quot;currentColor&quot;
    stroke-linecap=&quot;round&quot;
    stroke-linejoin=&quot;round&quot;
    stroke-width=&quot;2&quot;
    style=&quot;margin-right: 6px; vertical-align: middle;&quot;
    viewBox=&quot;0 0 24 24&quot;
    width=&quot;14&quot;
    xmlns=&quot;http://www.w3.org/2000/svg&quot;
  &gt;
    &lt;path
      d=&quot;m8 2 1.88 1.88&quot;
    /&gt;
    &lt;path
      d=&quot;M14.12 3.88 16 2&quot;
    /&gt;
    &lt;path
      d=&quot;M9 7.13v-1a3.003 3.003 0 1 1 6 0v1&quot;
    /&gt;
    &lt;path
      d=&quot;M12 20c-3.3 0-6-2.7-6-6v-3a4 4 0 0 1 4-4h4a4 4 0 0 1 4 4v3c0 3.3-2.7 6-6 6&quot;
    /&gt;
    &lt;path
      d=&quot;M12 20v-9&quot;
    /&gt;
    &lt;path
      d=&quot;M6.53 9C4.6 8.8 3 7.1 3 5&quot;
    /&gt;
    &lt;path
      d=&quot;M6 13H2&quot;
    /&gt;
    &lt;path
      d=&quot;M3 21c0-2.1 1.7-3.9 3.8-4&quot;
    /&gt;
    &lt;path
      d=&quot;M20.97 5c0 2.1-1.6 3.8-3.5 4&quot;
    /&gt;
    &lt;path
      d=&quot;M22 13h-4&quot;
    /&gt;
    &lt;path
      d=&quot;M17.2 17c2.1.1 3.8 1.9 3.8 4&quot;
    /&gt;
  &lt;/svg&gt;
  Error Details (Development Only)
&lt;/summary&gt;

Ignored nodes: comments, script, style
&lt;summary
  style=&quot;cursor: pointer; margin-bottom: 8px; color: rgb(107, 114, 128); font-size: 12px;&quot;
&gt;
  &lt;svg
    aria-hidden=&quot;true&quot;
    class=&quot;lucide lucide-bug&quot;
    fill=&quot;none&quot;
    height=&quot;14&quot;
    stroke=&quot;currentColor&quot;
    stroke-linecap=&quot;round&quot;
    stroke-linejoin=&quot;round&quot;
    stroke-width=&quot;2&quot;
    style=&quot;margin-right: 6px; vertical-align: middle;&quot;
    viewBox=&quot;0 0 24 24&quot;
    width=&quot;14&quot;
    xmlns=&quot;http://www.w3.org/2000/svg&quot;
  &gt;
    &lt;path
      d=&quot;m8 2 1.88 1.88&quot;
    /&gt;
    &lt;path
      d=&quot;M14.12 3.88 16 2&quot;
    /&gt;
    &lt;path
      d=&quot;M9 7.13v-1a3.003 3.003 0 1 1 6 0v1&quot;
    /&gt;
    &lt;path
      d=&quot;M12 20c-3.3 0-6-2.7-6-6v-3a4 4 0 0 1 4-4h4a4 4 0 0 1 4 4v3c0 3.3-2.7 6-6 6&quot;
    /&gt;
    &lt;path
      d=&quot;M12 20v-9&quot;
    /&gt;
    &lt;path
      d=&quot;M6.53 9C4.6 8.8 3 7.1 3 5&quot;
    /&gt;
    &lt;path
      d=&quot;M6 13H2&quot;
    /&gt;
    &lt;path
      d=&quot;M3 21c0-2.1 1.7-3.9 3.8-4&quot;
    /&gt;
    &lt;path
      d=&quot;M20.97 5c0 2.1-1.6 3.8-3.5 4&quot;
    /&gt;
    &lt;path
      d=&quot;M22 13h-4&quot;
    /&gt;
    &lt;path
      d=&quot;M17.2 17c2.1.1 3.8 1.9 3.8 4&quot;
    /&gt;
  &lt;/svg&gt;
  Error Details (Development Only)
&lt;/summary&gt;

Ignored nodes: comments, script, style
&lt;summary
  style=&quot;cursor: pointer; margin-bottom: 8px; color: rgb(107, 114, 128); font-size: 12px;&quot;
&gt;
  &lt;svg
    aria-hidden=&quot;true&quot;
    class=&quot;lucide lucide-bug&quot;
    fill=&quot;none&quot;
    height=&quot;14&quot;
    stroke=&quot;currentColor&quot;
    stroke-linecap=&quot;round&quot;
    stroke-linejoin=&quot;round&quot;
    stroke-width=&quot;2&quot;
    style=&quot;margin-right: 6px; vertical-align: middle;&quot;
    viewBox=&quot;0 0 24 24&quot;
    width=&quot;14&quot;
    xmlns=&quot;http://www.w3.org/2000/svg&quot;
  &gt;
    &lt;path
      d=&quot;m8 2 1.88 1.88&quot;
    /&gt;
    &lt;path
      d=&quot;M14.12 3.88 16 2&quot;
    /&gt;
    &lt;path
      d=&quot;M9 7.13v-1a3.003 3.003 0 1 1 6 0v1&quot;
    /&gt;
    &lt;path
      d=&quot;M12 20c-3.3 0-6-2.7-6-6v-3a4 4 0 0 1 4-4h4a4 4 0 0 1 4 4v3c0 3.3-2.7 6-6 6&quot;
    /&gt;
    &lt;path
      d=&quot;M12 20v-9&quot;
    /&gt;
    &lt;path
      d=&quot;M6.53 9C4.6 8.8 3 7.1 3 5&quot;
    /&gt;
    &lt;path
      d=&quot;M6 13H2&quot;
    /&gt;
    &lt;path
      d=&quot;M3 21c0-2.1 1.7-3.9 3.8-4&quot;
    /&gt;
    &lt;path
      d=&quot;M20.97 5c0 2.1-1.6 3.8-3.5 4&quot;
    /&gt;
    &lt;path
      d=&quot;M22 13h-4&quot;
    /&gt;
    &lt;path
      d=&quot;M17.2 17c2.1.1 3.8 1.9 3.8 4&quot;
    /&gt;
  &lt;/svg&gt;
  Error Details (Development Only)
&lt;/summary&gt;

Ignored nodes: comments, script, style
&lt;summary
  style=&quot;cursor: pointer; margin-bottom: 8px; color: rgb(107, 114, 128); font-size: 12px;&quot;
&gt;
  &lt;svg
    aria-hidden=&quot;true&quot;
    class=&quot;lucide lucide-bug&quot;
    fill=&quot;none&quot;
    height=&quot;14&quot;
    stroke=&quot;currentColor&quot;
    stroke-linecap=&quot;round&quot;
    stroke-linejoin=&quot;round&quot;
    stroke-width=&quot;2&quot;
    style=&quot;margin-right: 6px; vertical-align: middle;&quot;
    viewBox=&quot;0 0 24 24&quot;
    width=&quot;14&quot;
    xmlns=&quot;http://www.w3.org/2000/svg&quot;
  &gt;
    &lt;path
      d=&quot;m8 2 1.88 1.88&quot;
    /&gt;
    &lt;path
      d=&quot;M14.12 3.88 16 2&quot;
    /&gt;
    &lt;path
      d=&quot;M9 7.13v-1a3.003 3.003 0 1 1 6 0v1&quot;
    /&gt;
    &lt;path
      d=&quot;M12 20c-3.3 0-6-2.7-6-6v-3a4 4 0 0 1 4-4h4a4 4 0 0 1 4 4v3c0 3.3-2.7 6-6 6&quot;
    /&gt;
    &lt;path
      d=&quot;M12 20v-9&quot;
    /&gt;
    &lt;path
      d=&quot;M6.53 9C4.6 8.8 3 7.1 3 5&quot;
    /&gt;
    &lt;path
      d=&quot;M6 13H2&quot;
    /&gt;
    &lt;path
      d=&quot;M3 21c0-2.1 1.7-3.9 3.8-4&quot;
    /&gt;
    &lt;path
      d=&quot;M20.97 5c0 2.1-1.6 3.8-3.5 4&quot;
    /&gt;
    &lt;path
      d=&quot;M22 13h-4&quot;
    /&gt;
    &lt;path
      d=&quot;M17.2 17c2.1.1 3.8 1.9 3.8 4&quot;
    /&gt;
  &lt;/svg&gt;
  Error Details (Development Only)
&lt;/summary&gt;

Ignored nodes: comments, script, style
&lt;summary
  style=&quot;cursor: pointer; margin-bottom: 8px; color: rgb(107, 114, 128); font-size: 12px;&quot;
&gt;
  &lt;svg
    aria-hidden=&quot;true&quot;
    class=&quot;lucide lucide-bug&quot;
    fill=&quot;none&quot;
    height=&quot;14&quot;
    stroke=&quot;currentColor&quot;
    stroke-linecap=&quot;round&quot;
    stroke-linejoin=&quot;round&quot;
    stroke-width=&quot;2&quot;
    style=&quot;margin-right: 6px; vertical-align: middle;&quot;
    viewBox=&quot;0 0 24 24&quot;
    width=&quot;14&quot;
    xmlns=&quot;http://www.w3.org/2000/svg&quot;
  &gt;
    &lt;path
      d=&quot;m8 2 1.88 1.88&quot;
    /&gt;
    &lt;path
      d=&quot;M14.12 3.88 16 2&quot;
    /&gt;
    &lt;path
      d=&quot;M9 7.13v-1a3.003 3.003 0 1 1 6 0v1&quot;
    /&gt;
    &lt;path
      d=&quot;M12 20c-3.3 0-6-2.7-6-6v-3a4 4 0 0 1 4-4h4a4 4 0 0 1 4 4v3c0 3.3-2.7 6-6 6&quot;
    /&gt;
    &lt;path
      d=&quot;M12 20v-9&quot;
    /&gt;
    &lt;path
      d=&quot;M6.53 9C4.6 8.8 3 7.1 3 5&quot;
    /&gt;
    &lt;path
      d=&quot;M6 13H2&quot;
    /&gt;
    &lt;path
      d=&quot;M3 21c0-2.1 1.7-3.9 3.8-4&quot;
    /&gt;
    &lt;path
      d=&quot;M20.97 5c0 2.1-1.6 3.8-3.5 4&quot;
    /&gt;
    &lt;path
      d=&quot;M22 13h-4&quot;
    /&gt;
    &lt;path
      d=&quot;M17.2 17c2.1.1 3.8 1.9 3.8 4&quot;
    /&gt;
  &lt;/svg&gt;
  Error Details (Development Only)
&lt;/summary&gt;

Ignored nodes: comments, script, style
&lt;summary
  style=&quot;cursor: pointer; margin-bottom: 8px; color: rgb(107, 114, 128); font-size: 12px;&quot;
&gt;
  &lt;svg
    aria-hidden=&quot;true&quot;
    class=&quot;lucide lucide-bug&quot;
    fill=&quot;none&quot;
    height=&quot;14&quot;
    stroke=&quot;currentColor&quot;
    stroke-linecap=&quot;round&quot;
    stroke-linejoin=&quot;round&quot;
    stroke-width=&quot;2&quot;
    style=&quot;margin-right: 6px; vertical-align: middle;&quot;
    viewBox=&quot;0 0 24 24&quot;
    width=&quot;14&quot;
    xmlns=&quot;http://www.w3.org/2000/svg&quot;
  &gt;
    &lt;path
      d=&quot;m8 2 1.88 1.88&quot;
    /&gt;
    &lt;path
      d=&quot;M14.12 3.88 16 2&quot;
    /&gt;
    &lt;path
      d=&quot;M9 7.13v-1a3.003 3.003 0 1 1 6 0v1&quot;
    /&gt;
    &lt;path
      d=&quot;M12 20c-3.3 0-6-2.7-6-6v-3a4 4 0 0 1 4-4h4a4 4 0 0 1 4 4v3c0 3.3-2.7 6-6 6&quot;
    /&gt;
    &lt;path
      d=&quot;M12 20v-9&quot;
    /&gt;
    &lt;path
      d=&quot;M6.53 9C4.6 8.8 3 7.1 3 5&quot;
    /&gt;
    &lt;path
      d=&quot;M6 13H2&quot;
    /&gt;
    &lt;path
      d=&quot;M3 21c0-2.1 1.7-3.9 3.8-4&quot;
    /&gt;
    &lt;path
      d=&quot;M20.97 5c0 2.1-1.6 3.8-3.5 4&quot;
    /&gt;
    &lt;path
      d=&quot;M22 13h-4&quot;
    /&gt;
    &lt;path
      d=&quot;M17.2 17c2.1.1 3.8 1.9 3.8 4&quot;
    /&gt;
  &lt;/svg&gt;
  Error Details (Development Only)
&lt;/summary&gt;

Ignored nodes: comments, script, style
&lt;summary
  style=&quot;cursor: pointer; margin-bottom: 8px; color: rgb(107, 114, 128); font-size: 12px;&quot;
&gt;
  &lt;svg
    aria-hidden=&quot;true&quot;
    class=&quot;lucide lucide-bug&quot;
    fill=&quot;none&quot;
    height=&quot;14&quot;
    stroke=&quot;currentColor&quot;
    stroke-linecap=&quot;round&quot;
    stroke-linejoin=&quot;round&quot;
    stroke-width=&quot;2&quot;
    style=&quot;margin-right: 6px; vertical-align: middle;&quot;
    viewBox=&quot;0 0 24 24&quot;
    width=&quot;14&quot;
    xmlns=&quot;http://www.w3.org/2000/svg&quot;
  &gt;
    &lt;path
      d=&quot;m8 2 1.88 1.88&quot;
    /&gt;
    &lt;path
      d=&quot;M14.12 3.88 16 2&quot;
    /&gt;
    &lt;path
      d=&quot;M9 7.13v-1a3.003 3.003 0 1 1 6 0v1&quot;
    /&gt;
    &lt;path
      d=&quot;M12 20c-3.3 0-6-2.7-6-6v-3a4 4 0 0 1 4-4h4a4 4 0 0 1 4 4v3c0 3.3-2.7 6-6 6&quot;
    /&gt;
    &lt;path
      d=&quot;M12 20v-9&quot;
    /&gt;
    &lt;path
      d=&quot;M6.53 9C4.6 8.8 3 7.1 3 5&quot;
    /&gt;
    &lt;path
      d=&quot;M6 13H2&quot;
    /&gt;
    &lt;path
      d=&quot;M3 21c0-2.1 1.7-3.9 3.8-4&quot;
    /&gt;
    &lt;path
      d=&quot;M20.97 5c0 2.1-1.6 3.8-3.5 4&quot;
    /&gt;
    &lt;path
      d=&quot;M22 13h-4&quot;
    /&gt;
    &lt;path
      d=&quot;M17.2 17c2.1.1 3.8 1.9 3.8 4&quot;
    /&gt;
  &lt;/svg&gt;
  Error Details (Development Only)
&lt;/summary&gt;

Ignored nodes: comments, script, style
&lt;summary
  style=&quot;cursor: pointer; margin-bottom: 8px; color: rgb(107, 114, 128); font-size: 12px;&quot;
&gt;
  &lt;svg
    aria-hidden=&quot;true&quot;
    class=&quot;lucide lucide-bug&quot;
    fill=&quot;none&quot;
    height=&quot;14&quot;
    stroke=&quot;currentColor&quot;
    stroke-linecap=&quot;round&quot;
    stroke-linejoin=&quot;round&quot;
    stroke-width=&quot;2&quot;
    style=&quot;margin-right: 6px; vertical-align: middle;&quot;
    viewBox=&quot;0 0 24 24&quot;
    width=&quot;14&quot;
    xmlns=&quot;http://www.w3.org/2000/svg&quot;
  &gt;
    &lt;path
      d=&quot;m8 2 1.88 1.88&quot;
    /&gt;
    &lt;path
      d=&quot;M14.12 3.88 16 2&quot;
    /&gt;
    &lt;path
      d=&quot;M9 7.13v-1a3.003 3.003 0 1 1 6 0v1&quot;
    /&gt;
    &lt;path
      d=&quot;M12 20c-3.3 0-6-2.7-6-6v-3a4 4 0 0 1 4-4h4a4 4 0 0 1 4 4v3c0 3.3-2.7 6-6 6&quot;
    /&gt;
    &lt;path
      d=&quot;M12 20v-9&quot;
    /&gt;
    &lt;path
      d=&quot;M6.53 9C4.6 8.8 3 7.1 3 5&quot;
    /&gt;
    &lt;path
      d=&quot;M6 13H2&quot;
    /&gt;
    &lt;path
      d=&quot;M3 21c0-2.1 1.7-3.9 3.8-4&quot;
    /&gt;
    &lt;path
      d=&quot;M20.97 5c0 2.1-1.6 3.8-3.5 4&quot;
    /&gt;
    &lt;path
      d=&quot;M22 13h-4&quot;
    /&gt;
    &lt;path
      d=&quot;M17.2 17c2.1.1 3.8 1.9 3.8 4&quot;
    /&gt;
  &lt;/svg&gt;
  Error Details (Development Only)
&lt;/summary&gt;

Ignored nodes: comments, script, style
&lt;summary
  style=&quot;cursor: pointer; margin-bottom: 8px; color: rgb(107, 114, 128); font-size: 12px;&quot;
&gt;
  &lt;svg
    aria-hidden=&quot;true&quot;
    class=&quot;lucide lucide-bug&quot;
    fill=&quot;none&quot;
    height=&quot;14&quot;
    stroke=&quot;currentColor&quot;
    stroke-linecap=&quot;round&quot;
    stroke-linejoin=&quot;round&quot;
    stroke-width=&quot;2&quot;
    style=&quot;margin-right: 6px; vertical-align: middle;&quot;
    viewBox=&quot;0 0 24 24&quot;
    width=&quot;14&quot;
    xmlns=&quot;http://www.w3.org/2000/svg&quot;
  &gt;
    &lt;path
      d=&quot;m8 2 1.88 1.88&quot;
    /&gt;
    &lt;path
      d=&quot;M14.12 3.88 16 2&quot;
    /&gt;
    &lt;path
      d=&quot;M9 7.13v-1a3.003 3.003 0 1 1 6 0v1&quot;
    /&gt;
    &lt;path
      d=&quot;M12 20c-3.3 0-6-2.7-6-6v-3a4 4 0 0 1 4-4h4a4 4 0 0 1 4 4v3c0 3.3-2.7 6-6 6&quot;
    /&gt;
    &lt;path
      d=&quot;M12 20v-9&quot;
    /&gt;
    &lt;path
      d=&quot;M6.53 9C4.6 8.8 3 7.1 3 5&quot;
    /&gt;
    &lt;path
      d=&quot;M6 13H2&quot;
    /&gt;
    &lt;path
      d=&quot;M3 21c0-2.1 1.7-3.9 3.8-4&quot;
    /&gt;
    &lt;path
      d=&quot;M20.97 5c0 2.1-1.6 3.8-3.5 4&quot;
    /&gt;
    &lt;path
      d=&quot;M22 13h-4&quot;
    /&gt;
    &lt;path
      d=&quot;M17.2 17c2.1.1 3.8 1.9 3.8 4&quot;
    /&gt;
  &lt;/svg&gt;
  Error Details (Development Only)
&lt;/summary&gt;

Ignored nodes: comments, script, style
&lt;summary
  style=&quot;cursor: pointer; margin-bottom: 8px; color: rgb(107, 114, 128); font-size: 12px;&quot;
&gt;
  &lt;svg
    aria-hidden=&quot;true&quot;
    class=&quot;lucide lucide-bug&quot;
    fill=&quot;none&quot;
    height=&quot;14&quot;
    stroke=&quot;currentColor&quot;
    stroke-linecap=&quot;round&quot;
    stroke-linejoin=&quot;round&quot;
    stroke-width=&quot;2&quot;
    style=&quot;margin-right: 6px; vertical-align: middle;&quot;
    viewBox=&quot;0 0 24 24&quot;
    width=&quot;14&quot;
    xmlns=&quot;http://www.w3.org/2000/svg&quot;
  &gt;
    &lt;path
      d=&quot;m8 2 1.88 1.88&quot;
    /&gt;
    &lt;path
      d=&quot;M14.12 3.88 16 2&quot;
    /&gt;
    &lt;path
      d=&quot;M9 7.13v-1a3.003 3.003 0 1 1 6 0v1&quot;
    /&gt;
    &lt;path
      d=&quot;M12 20c-3.3 0-6-2.7-6-6v-3a4 4 0 0 1 4-4h4a4 4 0 0 1 4 4v3c0 3.3-2.7 6-6 6&quot;
    /&gt;
    &lt;path
      d=&quot;M12 20v-9&quot;
    /&gt;
    &lt;path
      d=&quot;M6.53 9C4.6 8.8 3 7.1 3 5&quot;
    /&gt;
    &lt;path
      d=&quot;M6 13H2&quot;
    /&gt;
    &lt;path
      d=&quot;M3 21c0-2.1 1.7-3.9 3.8-4&quot;
    /&gt;
    &lt;path
      d=&quot;M20.97 5c0 2.1-1.6 3.8-3.5 4&quot;
    /&gt;
    &lt;path
      d=&quot;M22 13h-4&quot;
    /&gt;
    &lt;path
      d=&quot;M17.2 17c2.1.1 3.8 1.9 3.8 4&quot;
    /&gt;
  &lt;/svg&gt;
  Error Details (Development Only)
&lt;/summary&gt;

Ignored nodes: comments, script, style
&lt;summary
  style=&quot;cursor: pointer; margin-bottom: 8px; color: rgb(107, 114, 128); font-size: 12px;&quot;
&gt;
  &lt;svg
    aria-hidden=&quot;true&quot;
    class=&quot;lucide lucide-bug&quot;
    fill=&quot;none&quot;
    height=&quot;14&quot;
    stroke=&quot;currentColor&quot;
    stroke-linecap=&quot;round&quot;
    stroke-linejoin=&quot;round&quot;
    stroke-width=&quot;2&quot;
    style=&quot;margin-right: 6px; vertical-align: middle;&quot;
    viewBox=&quot;0 0 24 24&quot;
    width=&quot;14&quot;
    xmlns=&quot;http://www.w3.org/2000/svg&quot;
  &gt;
    &lt;path
      d=&quot;m8 2 1.88 1.88&quot;
    /&gt;
    &lt;path
      d=&quot;M14.12 3.88 16 2&quot;
    /&gt;
    &lt;path
      d=&quot;M9 7.13v-1a3.003 3.003 0 1 1 6 0v1&quot;
    /&gt;
    &lt;path
      d=&quot;M12 20c-3.3 0-6-2.7-6-6v-3a4 4 0 0 1 4-4h4a4 4 0 0 1 4 4v3c0 3.3-2.7 6-6 6&quot;
    /&gt;
    &lt;path
      d=&quot;M12 20v-9&quot;
    /&gt;
    &lt;path
      d=&quot;M6.53 9C4.6 8.8 3 7.1 3 5&quot;
    /&gt;
    &lt;path
      d=&quot;M6 13H2&quot;
    /&gt;
    &lt;path
      d=&quot;M3 21c0-2.1 1.7-3.9 3.8-4&quot;
    /&gt;
    &lt;path
      d=&quot;M20.97 5c0 2.1-1.6 3.8-3.5 4&quot;
    /&gt;
    &lt;path
      d=&quot;M22 13h-4&quot;
    /&gt;
    &lt;path
      d=&quot;M17.2 17c2.1.1 3.8 1.9 3.8 4&quot;
    /&gt;
  &lt;/svg&gt;
  Error Details (Development Only)
&lt;/summary&gt;

Ignored nodes: comments, script, style
&lt;summary
  style=&quot;cursor: pointer; margin-bottom: 8px; color: rgb(107, 114, 128); font-size: 12px;&quot;
&gt;
  &lt;svg
    aria-hidden=&quot;true&quot;
    class=&quot;lucide lucide-bug&quot;
    fill=&quot;none&quot;
    height=&quot;14&quot;
    stroke=&quot;currentColor&quot;
    stroke-linecap=&quot;round&quot;
    stroke-linejoin=&quot;round&quot;
    stroke-width=&quot;2&quot;
    style=&quot;margin-right: 6px; vertical-align: middle;&quot;
    viewBox=&quot;0 0 24 24&quot;
    width=&quot;14&quot;
    xmlns=&quot;http://www.w3.org/2000/svg&quot;
  &gt;
    &lt;path
      d=&quot;m8 2 1.88 1.88&quot;
    /&gt;
    &lt;path
      d=&quot;M14.12 3.88 16 2&quot;
    /&gt;
    &lt;path
      d=&quot;M9 7.13v-1a3.003 3.003 0 1 1 6 0v1&quot;
    /&gt;
    &lt;path
      d=&quot;M12 20c-3.3 0-6-2.7-6-6v-3a4 4 0 0 1 4-4h4a4 4 0 0 1 4 4v3c0 3.3-2.7 6-6 6&quot;
    /&gt;
    &lt;path
      d=&quot;M12 20v-9&quot;
    /&gt;
    &lt;path
      d=&quot;M6.53 9C4.6 8.8 3 7.1 3 5&quot;
    /&gt;
    &lt;path
      d=&quot;M6 13H2&quot;
    /&gt;
    &lt;path
      d=&quot;M3 21c0-2.1 1.7-3.9 3.8-4&quot;
    /&gt;
    &lt;path
      d=&quot;M20.97 5c0 2.1-1.6 3.8-3.5 4&quot;
    /&gt;
    &lt;path
      d=&quot;M22 13h-4&quot;
    /&gt;
    &lt;path
      d=&quot;M17.2 17c2.1.1 3.8 1.9 3.8 4&quot;
    /&gt;
  &lt;/svg&gt;
  Error Details (Development Only)
&lt;/summary&gt;

Ignored nodes: comments, script, style
&lt;summary
  style=&quot;cursor: pointer; margin-bottom: 8px; color: rgb(107, 114, 128); font-size: 12px;&quot;
&gt;
  &lt;svg
    aria-hidden=&quot;true&quot;
    class=&quot;lucide lucide-bug&quot;
    fill=&quot;none&quot;
    height=&quot;14&quot;
    stroke=&quot;currentColor&quot;
    stroke-linecap=&quot;round&quot;
    stroke-linejoin=&quot;round&quot;
    stroke-width=&quot;2&quot;
    style=&quot;margin-right: 6px; vertical-align: middle;&quot;
    viewBox=&quot;0 0 24 24&quot;
    width=&quot;14&quot;
    xmlns=&quot;http://www.w3.org/2000/svg&quot;
  &gt;
    &lt;path
      d=&quot;m8 2 1.88 1.88&quot;
    /&gt;
    &lt;path
      d=&quot;M14.12 3.88 16 2&quot;
    /&gt;
    &lt;path
      d=&quot;M9 7.13v-1a3.003 3.003 0 1 1 6 0v1&quot;
    /&gt;
    &lt;path
      d=&quot;M12 20c-3.3 0-6-2.7-6-6v-3a4 4 0 0 1 4-4h4a4 4 0 0 1 4 4v3c0 3.3-2.7 6-6 6&quot;
    /&gt;
    &lt;path
      d=&quot;M12 20v-9&quot;
    /&gt;
    &lt;path
      d=&quot;M6.53 9C4.6 8.8 3 7.1 3 5&quot;
    /&gt;
    &lt;path
      d=&quot;M6 13H2&quot;
    /&gt;
    &lt;path
      d=&quot;M3 21c0-2.1 1.7-3.9 3.8-4&quot;
    /&gt;
    &lt;path
      d=&quot;M20.97 5c0 2.1-1.6 3.8-3.5 4&quot;
    /&gt;
    &lt;path
      d=&quot;M22 13h-4&quot;
    /&gt;
    &lt;path
      d=&quot;M17.2 17c2.1.1 3.8 1.9 3.8 4&quot;
    /&gt;
  &lt;/svg&gt;
  Error Details (Development Only)
&lt;/summary&gt;

Ignored nodes: comments, script, style
&lt;summary
  style=&quot;cursor: pointer; margin-bottom: 8px; color: rgb(107, 114, 128); font-size: 12px;&quot;
&gt;
  &lt;svg
    aria-hidden=&quot;true&quot;
    class=&quot;lucide lucide-bug&quot;
    fill=&quot;none&quot;
    height=&quot;14&quot;
    stroke=&quot;currentColor&quot;
    stroke-linecap=&quot;round&quot;
    stroke-linejoin=&quot;round&quot;
    stroke-width=&quot;2&quot;
    style=&quot;margin-right: 6px; vertical-align: middle;&quot;
    viewBox=&quot;0 0 24 24&quot;
    width=&quot;14&quot;
    xmlns=&quot;http://www.w3.org/2000/svg&quot;
  &gt;
    &lt;path
      d=&quot;m8 2 1.88 1.88&quot;
    /&gt;
    &lt;path
      d=&quot;M14.12 3.88 16 2&quot;
    /&gt;
    &lt;path
      d=&quot;M9 7.13v-1a3.003 3.003 0 1 1 6 0v1&quot;
    /&gt;
    &lt;path
      d=&quot;M12 20c-3.3 0-6-2.7-6-6v-3a4 4 0 0 1 4-4h4a4 4 0 0 1 4 4v3c0 3.3-2.7 6-6 6&quot;
    /&gt;
    &lt;path
      d=&quot;M12 20v-9&quot;
    /&gt;
    &lt;path
      d=&quot;M6.53 9C4.6 8.8 3 7.1 3 5&quot;
    /&gt;
    &lt;path
      d=&quot;M6 13H2&quot;
    /&gt;
    &lt;path
      d=&quot;M3 21c0-2.1 1.7-3.9 3.8-4&quot;
    /&gt;
    &lt;path
      d=&quot;M20.97 5c0 2.1-1.6 3.8-3.5 4&quot;
    /&gt;
    &lt;path
      d=&quot;M22 13h-4&quot;
    /&gt;
    &lt;path
      d=&quot;M17.2 17c2.1.1 3.8 1.9 3.8 4&quot;
    /&gt;
  &lt;/svg&gt;
  Error Details (Development Only)
&lt;/summary&gt;

Ignored nodes: comments, script, style
&lt;summary
  style=&quot;cursor: pointer; margin-bottom: 8px; color: rgb(107, 114, 128); font-size: 12px;&quot;
&gt;
  &lt;svg
    aria-hidden=&quot;true&quot;
    class=&quot;lucide lucide-bug&quot;
    fill=&quot;none&quot;
    height=&quot;14&quot;
    stroke=&quot;currentColor&quot;
    stroke-linecap=&quot;round&quot;
    stroke-linejoin=&quot;round&quot;
    stroke-width=&quot;2&quot;
    style=&quot;margin-right: 6px; vertical-align: middle;&quot;
    viewBox=&quot;0 0 24 24&quot;
    width=&quot;14&quot;
    xmlns=&quot;http://www.w3.org/2000/svg&quot;
  &gt;
    &lt;path
      d=&quot;m8 2 1.88 1.88&quot;
    /&gt;
    &lt;path
      d=&quot;M14.12 3.88 16 2&quot;
    /&gt;
    &lt;path
      d=&quot;M9 7.13v-1a3.003 3.003 0 1 1 6 0v1&quot;
    /&gt;
    &lt;path
      d=&quot;M12 20c-3.3 0-6-2.7-6-6v-3a4 4 0 0 1 4-4h4a4 4 0 0 1 4 4v3c0 3.3-2.7 6-6 6&quot;
    /&gt;
    &lt;path
      d=&quot;M12 20v-9&quot;
    /&gt;
    &lt;path
      d=&quot;M6.53 9C4.6 8.8 3 7.1 3 5&quot;
    /&gt;
    &lt;path
      d=&quot;M6 13H2&quot;
    /&gt;
    &lt;path
      d=&quot;M3 21c0-2.1 1.7-3.9 3.8-4&quot;
    /&gt;
    &lt;path
      d=&quot;M20.97 5c0 2.1-1.6 3.8-3.5 4&quot;
    /&gt;
    &lt;path
      d=&quot;M22 13h-4&quot;
    /&gt;
    &lt;path
      d=&quot;M17.2 17c2.1.1 3.8 1.9 3.8 4&quot;
    /&gt;
  &lt;/svg&gt;
  Error Details (Development Only)
&lt;/summary&gt;

Ignored nodes: comments, script, style
&lt;summary
  style=&quot;cursor: pointer; margin-bottom: 8px; color: rgb(107, 114, 128); font-size: 12px;&quot;
&gt;
  &lt;svg
    aria-hidden=&quot;true&quot;
    class=&quot;lucide lucide-bug&quot;
    fill=&quot;none&quot;
    height=&quot;14&quot;
    stroke=&quot;currentColor&quot;
    stroke-linecap=&quot;round&quot;
    stroke-linejoin=&quot;round&quot;
    stroke-width=&quot;2&quot;
    style=&quot;margin-right: 6px; vertical-align: middle;&quot;
    viewBox=&quot;0 0 24 24&quot;
    width=&quot;14&quot;
    xmlns=&quot;http://www.w3.org/2000/svg&quot;
  &gt;
    &lt;path
      d=&quot;m8 2 1.88 1.88&quot;
    /&gt;
    &lt;path
      d=&quot;M14.12 3.88 16 2&quot;
    /&gt;
    &lt;path
      d=&quot;M9 7.13v-1a3.003 3.003 0 1 1 6 0v1&quot;
    /&gt;
    &lt;path
      d=&quot;M12 20c-3.3 0-6-2.7-6-6v-3a4 4 0 0 1 4-4h4a4 4 0 0 1 4 4v3c0 3.3-2.7 6-6 6&quot;
    /&gt;
    &lt;path
      d=&quot;M12 20v-9&quot;
    /&gt;
    &lt;path
      d=&quot;M6.53 9C4.6 8.8 3 7.1 3 5&quot;
    /&gt;
    &lt;path
      d=&quot;M6 13H2&quot;
    /&gt;
    &lt;path
      d=&quot;M3 21c0-2.1 1.7-3.9 3.8-4&quot;
    /&gt;
    &lt;path
      d=&quot;M20.97 5c0 2.1-1.6 3.8-3.5 4&quot;
    /&gt;
    &lt;path
      d=&quot;M22 13h-4&quot;
    /&gt;
    &lt;path
      d=&quot;M17.2 17c2.1.1 3.8 1.9 3.8 4&quot;
    /&gt;
  &lt;/svg&gt;
  Error Details (Development Only)
&lt;/summary&gt;

Ignored nodes: comments, script, style
&lt;summary
  style=&quot;cursor: pointer; margin-bottom: 8px; color: rgb(107, 114, 128); font-size: 12px;&quot;
&gt;
  &lt;svg
    aria-hidden=&quot;true&quot;
    class=&quot;lucide lucide-bug&quot;
    fill=&quot;none&quot;
    height=&quot;14&quot;
    stroke=&quot;currentColor&quot;
    stroke-linecap=&quot;round&quot;
    stroke-linejoin=&quot;round&quot;
    stroke-width=&quot;2&quot;
    style=&quot;margin-right: 6px; vertical-align: middle;&quot;
    viewBox=&quot;0 0 24 24&quot;
    width=&quot;14&quot;
    xmlns=&quot;http://www.w3.org/2000/svg&quot;
  &gt;
    &lt;path
      d=&quot;m8 2 1.88 1.88&quot;
    /&gt;
    &lt;path
      d=&quot;M14.12 3.88 16 2&quot;
    /&gt;
    &lt;path
      d=&quot;M9 7.13v-1a3.003 3.003 0 1 1 6 0v1&quot;
    /&gt;
    &lt;path
      d=&quot;M12 20c-3.3 0-6-2.7-6-6v-3a4 4 0 0 1 4-4h4a4 4 0 0 1 4 4v3c0 3.3-2.7 6-6 6&quot;
    /&gt;
    &lt;path
      d=&quot;M12 20v-9&quot;
    /&gt;
    &lt;path
      d=&quot;M6.53 9C4.6 8.8 3 7.1 3 5&quot;
    /&gt;
    &lt;path
      d=&quot;M6 13H2&quot;
    /&gt;
    &lt;path
      d=&quot;M3 21c0-2.1 1.7-3.9 3.8-4&quot;
    /&gt;
    &lt;path
      d=&quot;M20.97 5c0 2.1-1.6 3.8-3.5 4&quot;
    /&gt;
    &lt;path
      d=&quot;M22 13h-4&quot;
    /&gt;
    &lt;path
      d=&quot;M17.2 17c2.1.1 3.8 1.9 3.8 4&quot;
    /&gt;
  &lt;/svg&gt;
  Error Details (Development Only)
&lt;/summary&gt;

Ignored nodes: comments, script, style
&lt;summary
  style=&quot;cursor: pointer; margin-bottom: 8px; color: rgb(107, 114, 128); font-size: 12px;&quot;
&gt;
  &lt;svg
    aria-hidden=&quot;true&quot;
    class=&quot;lucide lucide-bug&quot;
    fill=&quot;none&quot;
    height=&quot;14&quot;
    stroke=&quot;currentColor&quot;
    stroke-linecap=&quot;round&quot;
    stroke-linejoin=&quot;round&quot;
    stroke-width=&quot;2&quot;
    style=&quot;margin-right: 6px; vertical-align: middle;&quot;
    viewBox=&quot;0 0 24 24&quot;
    width=&quot;14&quot;
    xmlns=&quot;http://www.w3.org/2000/svg&quot;
  &gt;
    &lt;path
      d=&quot;m8 2 1.88 1.88&quot;
    /&gt;
    &lt;path
      d=&quot;M14.12 3.88 16 2&quot;
    /&gt;
    &lt;path
      d=&quot;M9 7.13v-1a3.003 3.003 0 1 1 6 0v1&quot;
    /&gt;
    &lt;path
      d=&quot;M12 20c-3.3 0-6-2.7-6-6v-3a4 4 0 0 1 4-4h4a4 4 0 0 1 4 4v3c0 3.3-2.7 6-6 6&quot;
    /&gt;
    &lt;path
      d=&quot;M12 20v-9&quot;
    /&gt;
    &lt;path
      d=&quot;M6.53 9C4.6 8.8 3 7.1 3 5&quot;
    /&gt;
    &lt;path
      d=&quot;M6 13H2&quot;
    /&gt;
    &lt;path
      d=&quot;M3 21c0-2.1 1.7-3.9 3.8-4&quot;
    /&gt;
    &lt;path
      d=&quot;M20.97 5c0 2.1-1.6 3.8-3.5 4&quot;
    /&gt;
    &lt;path
      d=&quot;M22 13h-4&quot;
    /&gt;
    &lt;path
      d=&quot;M17.2 17c2.1.1 3.8 1.9 3.8 4&quot;
    /&gt;
  &lt;/svg&gt;
  Error Details (Development Only)
&lt;/summary&gt;

Ignored nodes: comments, script, style
&lt;summary
  style=&quot;cursor: pointer; margin-bottom: 8px; color: rgb(107, 114, 128); font-size: 12px;&quot;
&gt;
  &lt;svg
    aria-hidden=&quot;true&quot;
    class=&quot;lucide lucide-bug&quot;
    fill=&quot;none&quot;
    height=&quot;14&quot;
    stroke=&quot;currentColor&quot;
    stroke-linecap=&quot;round&quot;
    stroke-linejoin=&quot;round&quot;
    stroke-width=&quot;2&quot;
    style=&quot;margin-right: 6px; vertical-align: middle;&quot;
    viewBox=&quot;0 0 24 24&quot;
    width=&quot;14&quot;
    xmlns=&quot;http://www.w3.org/2000/svg&quot;
  &gt;
    &lt;path
      d=&quot;m8 2 1.88 1.88&quot;
    /&gt;
    &lt;path
      d=&quot;M14.12 3.88 16 2&quot;
    /&gt;
    &lt;path
      d=&quot;M9 7.13v-1a3.003 3.003 0 1 1 6 0v1&quot;
    /&gt;
    &lt;path
      d=&quot;M12 20c-3.3 0-6-2.7-6-6v-3a4 4 0 0 1 4-4h4a4 4 0 0 1 4 4v3c0 3.3-2.7 6-6 6&quot;
    /&gt;
    &lt;path
      d=&quot;M12 20v-9&quot;
    /&gt;
    &lt;path
      d=&quot;M6.53 9C4.6 8.8 3 7.1 3 5&quot;
    /&gt;
    &lt;path
      d=&quot;M6 13H2&quot;
    /&gt;
    &lt;path
      d=&quot;M3 21c0-2.1 1.7-3.9 3.8-4&quot;
    /&gt;
    &lt;path
      d=&quot;M20.97 5c0 2.1-1.6 3.8-3.5 4&quot;
    /&gt;
    &lt;path
      d=&quot;M22 13h-4&quot;
    /&gt;
    &lt;path
      d=&quot;M17.2 17c2.1.1 3.8 1.9 3.8 4&quot;
    /&gt;
  &lt;/svg&gt;
  Error Details (Development Only)
&lt;/summary&gt;

Ignored nodes: comments, script, style
&lt;summary
  style=&quot;cursor: pointer; margin-bottom: 8px; color: rgb(107, 114, 128); font-size: 12px;&quot;
&gt;
  &lt;svg
    aria-hidden=&quot;true&quot;
    class=&quot;lucide lucide-bug&quot;
    fill=&quot;none&quot;
    height=&quot;14&quot;
    stroke=&quot;currentColor&quot;
    stroke-linecap=&quot;round&quot;
    stroke-linejoin=&quot;round&quot;
    stroke-width=&quot;2&quot;
    style=&quot;margin-right: 6px; vertical-align: middle;&quot;
    viewBox=&quot;0 0 24 24&quot;
    width=&quot;14&quot;
    xmlns=&quot;http://www.w3.org/2000/svg&quot;
  &gt;
    &lt;path
      d=&quot;m8 2 1.88 1.88&quot;
    /&gt;
    &lt;path
      d=&quot;M14.12 3.88 16 2&quot;
    /&gt;
    &lt;path
      d=&quot;M9 7.13v-1a3.003 3.003 0 1 1 6 0v1&quot;
    /&gt;
    &lt;path
      d=&quot;M12 20c-3.3 0-6-2.7-6-6v-3a4 4 0 0 1 4-4h4a4 4 0 0 1 4 4v3c0 3.3-2.7 6-6 6&quot;
    /&gt;
    &lt;path
      d=&quot;M12 20v-9&quot;
    /&gt;
    &lt;path
      d=&quot;M6.53 9C4.6 8.8 3 7.1 3 5&quot;
    /&gt;
    &lt;path
      d=&quot;M6 13H2&quot;
    /&gt;
    &lt;path
      d=&quot;M3 21c0-2.1 1.7-3.9 3.8-4&quot;
    /&gt;
    &lt;path
      d=&quot;M20.97 5c0 2.1-1.6 3.8-3.5 4&quot;
    /&gt;
    &lt;path
      d=&quot;M22 13h-4&quot;
    /&gt;
    &lt;path
      d=&quot;M17.2 17c2.1.1 3.8 1.9 3.8 4&quot;
    /&gt;
  &lt;/svg&gt;
  Error Details (Development Only)
&lt;/summary&gt;

Ignored nodes: comments, script, style
&lt;summary
  style=&quot;cursor: pointer; margin-bottom: 8px; color: rgb(156, 163, 175); font-size: 12px;&quot;
&gt;
  &lt;svg
    aria-hidden=&quot;true&quot;
    class=&quot;lucide lucide-bug&quot;
    fill=&quot;none&quot;
    height=&quot;14&quot;
    stroke=&quot;currentColor&quot;
    stroke-linecap=&quot;round&quot;
    stroke-linejoin=&quot;round&quot;
    stroke-width=&quot;2&quot;
    style=&quot;margin-right: 6px; vertical-align: middle;&quot;
    viewBox=&quot;0 0 24 24&quot;
    width=&quot;14&quot;
    xmlns=&quot;http://www.w3.org/2000/svg&quot;
  &gt;
    &lt;path
      d=&quot;m8 2 1.88 1.88&quot;
    /&gt;
    &lt;path
      d=&quot;M14.12 3.88 16 2&quot;
    /&gt;
    &lt;path
      d=&quot;M9 7.13v-1a3.003 3.003 0 1 1 6 0v1&quot;
    /&gt;
    &lt;path
      d=&quot;M12 20c-3.3 0-6-2.7-6-6v-3a4 4 0 0 1 4-4h4a4 4 0 0 1 4 4v3c0 3.3-2.7 6-6 6&quot;
    /&gt;
    &lt;path
      d=&quot;M12 20v-9&quot;
    /&gt;
    &lt;path
      d=&quot;M6.53 9C4.6 8.8 3 7.1 3 5&quot;
    /&gt;
    &lt;path
      d=&quot;M6 13H2&quot;
    /&gt;
    &lt;path
      d=&quot;M3 21c0-2.1 1.7-3.9 3.8-4&quot;
    /&gt;
    &lt;path
      d=&quot;M20.97 5c0 2.1-1.6 3.8-3.5 4&quot;
    /&gt;
    &lt;path
      d=&quot;M22 13h-4&quot;
    /&gt;
    &lt;path
      d=&quot;M17.2 17c2.1.1 3.8 1.9 3.8 4&quot;
    /&gt;
  &lt;/svg&gt;
  Error Details (Development Only)
&lt;/summary&gt;

Ignored nodes: comments, script, style
&lt;summary
  style=&quot;cursor: pointer; margin-bottom: 8px; color: rgb(107, 114, 128); font-size: 12px;&quot;
&gt;
  &lt;svg
    aria-hidden=&quot;true&quot;
    class=&quot;lucide lucide-bug&quot;
    fill=&quot;none&quot;
    height=&quot;14&quot;
    stroke=&quot;currentColor&quot;
    stroke-linecap=&quot;round&quot;
    stroke-linejoin=&quot;round&quot;
    stroke-width=&quot;2&quot;
    style=&quot;margin-right: 6px; vertical-align: middle;&quot;
    viewBox=&quot;0 0 24 24&quot;
    width=&quot;14&quot;
    xmlns=&quot;http://www.w3.org/2000/svg&quot;
  &gt;
    &lt;path
      d=&quot;m8 2 1.88 1.88&quot;
    /&gt;
    &lt;path
      d=&quot;M14.12 3.88 16 2&quot;
    /&gt;
    &lt;path
      d=&quot;M9 7.13v-1a3.003 3.003 0 1 1 6 0v1&quot;
    /&gt;
    &lt;path
      d=&quot;M12 20c-3.3 0-6-2.7-6-6v-3a4 4 0 0 1 4-4h4a4 4 0 0 1 4 4v3c0 3.3-2.7 6-6 6&quot;
    /&gt;
    &lt;path
      d=&quot;M12 20v-9&quot;
    /&gt;
    &lt;path
      d=&quot;M6.53 9C4.6 8.8 3 7.1 3 5&quot;
    /&gt;
    &lt;path
      d=&quot;M6 13H2&quot;
    /&gt;
    &lt;path
      d=&quot;M3 21c0-2.1 1.7-3.9 3.8-4&quot;
    /&gt;
    &lt;path
      d=&quot;M20.97 5c0 2.1-1.6 3.8-3.5 4&quot;
    /&gt;
    &lt;path
      d=&quot;M22 13h-4&quot;
    /&gt;
    &lt;path
      d=&quot;M17.2 17c2.1.1 3.8 1.9 3.8 4&quot;
    /&gt;
  &lt;/svg&gt;
  Error Details (Development Only)
&lt;/summary&gt;

Ignored nodes: comments, script, style
&lt;summary
  style=&quot;cursor: pointer; margin-bottom: 8px; color: rgb(107, 114, 128); font-size: 12px;&quot;
&gt;
  &lt;svg
    aria-hidden=&quot;true&quot;
    class=&quot;lucide lucide-bug&quot;
    fill=&quot;none&quot;
    height=&quot;14&quot;
    stroke=&quot;currentColor&quot;
    stroke-linecap=&quot;round&quot;
    stroke-linejoin=&quot;round&quot;
    stroke-width=&quot;2&quot;
    style=&quot;margin-right: 6px; vertical-align: middle;&quot;
    viewBox=&quot;0 0 24 24&quot;
    width=&quot;14&quot;
    xmlns=&quot;http://www.w3.org/2000/svg&quot;
  &gt;
    &lt;path
      d=&quot;m8 2 1.88 1.88&quot;
    /&gt;
    &lt;path
      d=&quot;M14.12 3.88 16 2&quot;
    /&gt;
    &lt;path
      d=&quot;M9 7.13v-1a3.003 3.003 0 1 1 6 0v1&quot;
    /&gt;
    &lt;path
      d=&quot;M12 20c-3.3 0-6-2.7-6-6v-3a4 4 0 0 1 4-4h4a4 4 0 0 1 4 4v3c0 3.3-2.7 6-6 6&quot;
    /&gt;
    &lt;path
      d=&quot;M12 20v-9&quot;
    /&gt;
    &lt;path
      d=&quot;M6.53 9C4.6 8.8 3 7.1 3 5&quot;
    /&gt;
    &lt;path
      d=&quot;M6 13H2&quot;
    /&gt;
    &lt;path
      d=&quot;M3 21c0-2.1 1.7-3.9 3.8-4&quot;
    /&gt;
    &lt;path
      d=&quot;M20.97 5c0 2.1-1.6 3.8-3.5 4&quot;
    /&gt;
    &lt;path
      d=&quot;M22 13h-4&quot;
    /&gt;
    &lt;path
      d=&quot;M17.2 17c2.1.1 3.8 1.9 3.8 4&quot;
    /&gt;
  &lt;/svg&gt;
  Error Details (Development Only)
&lt;/summary&gt;

(If this is intentional, then use the `*AllBy*` variant of the query (like `queryAllByText`, `getAllByText`, or `findAllByText`)).

Ignored nodes: comments, script, style
&lt;body&gt;
  &lt;div&gt;
    &lt;div
      data-testid=&quot;test-content&quot;
    &gt;
      Test content
    &lt;/div&gt;
  &lt;/div&gt;
  &lt;div&gt;
    &lt;div
      style=&quot;min-height: 400px; background: rgb(245, 245, 245); display: flex; align-items: center; justify-content: center; padding: 32px; border-radius: 8px;&quot;
    &gt;
      &lt;div
        style=&quot;max-width: 600px; width: 100%; text-align: center; background: rgba(255, 255, 255, 0.9); border-radius: 16px; padding: 32px; border: 1px solid rgb(229, 231, 235); box-shadow: 0 4px 6px rgba(0, 0, 0, 0.1);&quot;
      &gt;
        &lt;svg
          aria-hidden=&quot;true&quot;
          class=&quot;lucide lucide-circle-alert&quot;
          fill=&quot;none&quot;
          height=&quot;48&quot;
          stroke=&quot;currentColor&quot;
          stroke-linecap=&quot;round&quot;
          stroke-linejoin=&quot;round&quot;
          stroke-width=&quot;2&quot;
          style=&quot;color: rgb(239, 68, 68); margin-bottom: 16px;&quot;
          viewBox=&quot;0 0 24 24&quot;
          width=&quot;48&quot;
          xmlns=&quot;http://www.w3.org/2000/svg&quot;
        &gt;
          &lt;circle
            cx=&quot;12&quot;
            cy=&quot;12&quot;
            r=&quot;10&quot;
          /&gt;
          &lt;line
            x1=&quot;12&quot;
            x2=&quot;12&quot;
            y1=&quot;8&quot;
            y2=&quot;12&quot;
          /&gt;
          &lt;line
            x1=&quot;12&quot;
            x2=&quot;12.01&quot;
            y1=&quot;16&quot;
            y2=&quot;16&quot;
          /&gt;
        &lt;/svg&gt;
        &lt;h3
          style=&quot;font-size: 20px; font-weight: bold; margin-bottom: 8px; color: rgb(31, 41, 55);&quot;
        &gt;
          Network Connection Issue
        &lt;/h3&gt;
        &lt;p
          style=&quot;font-size: 14px; margin-bottom: 20px; color: rgb(107, 114, 128); line-height: 1.5;&quot;
        &gt;
          Check your internet connection and try again. If the problem persists, contact your network administrator.
        &lt;/p&gt;
        &lt;details
          style=&quot;text-align: left; margin-bottom: 20px; background: rgba(0, 0, 0, 0.05); padding: 12px; border-radius: 6px; font-size: 12px;&quot;
        &gt;
          &lt;summary
            style=&quot;cursor: pointer; margin-bottom: 8px; color: rgb(107, 114, 128); font-size: 12px;&quot;
          &gt;
            &lt;svg
              aria-hidden=&quot;true&quot;
              class=&quot;lucide lucide-bug&quot;
              fill=&quot;none&quot;
              height=&quot;14&quot;
              stroke=&quot;currentColor&quot;
              stroke-linecap=&quot;round&quot;
              stroke-linejoin=&quot;round&quot;
              stroke-width=&quot;2&quot;
              style=&quot;margin-right: 6px; vertical-align: middle;&quot;
              viewBox=&quot;0 0 24 24&quot;
              width=&quot;14&quot;
              xmlns=&quot;http://www.w3.org/2000/svg&quot;
            &gt;
              &lt;path
                d=&quot;m8 2 1.88 1.88&quot;
              /&gt;
              &lt;path
                d=&quot;M14.12 3.88 16 2&quot;
              /&gt;
              &lt;path
                d=&quot;M9 7.13v-1a3.003 3.003 0 1 1 6 0v1&quot;
              /&gt;
              &lt;path
                d=&quot;M12 20c-3.3 0-6-2.7-6-6v-3a4 4 0 0 1 4-4h4a4 4 0 0 1 4 4v3c0 3.3-2.7 6-6 6&quot;
              /&gt;
              &lt;path
                d=&quot;M12 20v-9&quot;
              /&gt;
              &lt;path
                d=&quot;M6.53 9C4.6 8.8 3 7.1 3 5&quot;
              /&gt;
              &lt;path
                d=&quot;M6 13H2&quot;
              /&gt;
              &lt;path
                d=&quot;M3 21c0-2.1 1.7-3.9 3.8-4&quot;
              /&gt;
              &lt;path
                d=&quot;M20.97 5c0 2.1-1.6 3.8-3.5 4&quot;
              /&gt;
              &lt;path
                d=&quot;M22 13h-4&quot;
              /&gt;
              &lt;path
                d=&quot;M17.2 17c2.1.1 3.8 1.9 3.8 4&quot;
              /&gt;
            &lt;/svg&gt;
            Error Details (Development Only)
          &lt;/summary&gt;
          &lt;div
            style=&quot;font-family: monospace; color: rgb(75, 85, 99); word-break: break-word;&quot;
          &gt;
            &lt;strong&gt;
              Type:
            &lt;/strong&gt;
             
            NETWORK
            &lt;br /&gt;
            &lt;strong&gt;
              Code:
            &lt;/strong&gt;
             
            NETWORK_ERROR
            &lt;br /&gt;
            &lt;strong&gt;
              Message:
            &lt;/strong&gt;
             
            Test error message
            &lt;br /&gt;
            &lt;strong&gt;
              Stack:
            &lt;/strong&gt;
            &lt;pre
              style=&quot;white-space: pre-wrap; word-break: break-word; margin: 4px 0px 0px 0px; font-size: 10px;&quot;
            &gt;
              AppError: Test error message
    at ThrowErrorComponent (/home/ilya/projects/SimpleAdminReporter/frontend/src/components/query/__tests__/QueryPreviewErrorBoundary.test.tsx:59:19)
    at Object.react_stack_bottom_frame (/home/ilya/projects/SimpleAdminReporter/frontend/node_modules/react-dom/cjs/react-dom-client.development.js:23863:20)
    at renderWithHooks (/home/ilya/projects/SimpleAdminReporter/frontend/node_modules/react-dom/cjs/react-dom-client.development.js:5529:22)
    at updateFunctionComponent (/home/ilya/projects/SimpleAdminReporter/frontend/node_modules/react-dom/cjs/react-dom-client.development.js:8897:19)
    at beginWork (/home/ilya/projects/SimpleAdminReporter/frontend/node_modules/react-dom/cjs/react-dom-client.development.js:10522:18)
    at runWithFiberInDEV (/home/ilya/projects/SimpleAdminReporter/frontend/node_modules/react-dom/cjs/react-dom-client.development.js:1522:13...
 ❯ ThrowErrorComponent src/components/query/__tests__/QueryPreviewErrorBoundary.test.tsx:59:19
 ❯ Object.react_stack_bottom_frame node_modules/react-dom/cjs/react-dom-client.development.js:23863:20
 ❯ renderWithHooks node_modules/react-dom/cjs/react-dom-client.development.js:5529:22
 ❯ updateFunctionComponent node_modules/react-dom/cjs/react-dom-client.development.js:8897:19
 ❯ beginWork node_modules/react-dom/cjs/react-dom-client.development.js:10522:18
 ❯ Object.getElementError node_modules/@testing-library/dom/dist/config.js:37:19
 ❯ getElementError node_modules/@testing-library/dom/dist/query-helpers.js:20:35
 ❯ getMultipleElementsFoundError node_modules/@testing-library/dom/dist/query-helpers.js:23:10
 ❯ node_modules/@testing-library/dom/dist/query-helpers.js:55:13
 ❯ node_modules/@testing-library/dom/dist/query-helpers.js:95:19
 ❯ src/components/query/__tests__/QueryPreviewErrorBoundary.test.tsx:551:21
            </failure>
            <failure message="Cannot delete property &apos;gtag&apos; of #&lt;Object&gt;" type="TypeError">
TypeError: Cannot delete property &apos;gtag&apos; of #&lt;Object&gt;
 ❯ src/components/query/__tests__/QueryPreviewErrorBoundary.test.tsx:49:3
            </failure>
        </testcase>
        <testcase classname="src/components/query/__tests__/QueryPreviewErrorBoundary.test.tsx" name="QueryPreviewErrorBoundary &gt; Development Mode Features &gt; hides error details in production mode" time="0.102989035">
            <failure message="Found multiple elements with the text: Error Details (Development Only)

Here are the matching elements:

Ignored nodes: comments, script, style
[36m&lt;summary[39m
  [33mstyle[39m=[32m&quot;cursor: pointer; margin-bottom: 8px; color: rgb(107, 114, 128); font-size: 12px;&quot;[39m
[36m&gt;[39m
  [36m&lt;svg[39m
    [33maria-hidden[39m=[32m&quot;true&quot;[39m
    [33mclass[39m=[32m&quot;lucide lucide-bug&quot;[39m
    [33mfill[39m=[32m&quot;none&quot;[39m
    [33mheight[39m=[32m&quot;14&quot;[39m
    [33mstroke[39m=[32m&quot;currentColor&quot;[39m
    [33mstroke-linecap[39m=[32m&quot;round&quot;[39m
    [33mstroke-linejoin[39m=[32m&quot;round&quot;[39m
    [33mstroke-width[39m=[32m&quot;2&quot;[39m
    [33mstyle[39m=[32m&quot;margin-right: 6px; vertical-align: middle;&quot;[39m
    [33mviewBox[39m=[32m&quot;0 0 24 24&quot;[39m
    [33mwidth[39m=[32m&quot;14&quot;[39m
    [33mxmlns[39m=[32m&quot;http://www.w3.org/2000/svg&quot;[39m
  [36m&gt;[39m
    [36m&lt;path[39m
      [33md[39m=[32m&quot;m8 2 1.88 1.88&quot;[39m
    [36m/&gt;[39m
    [36m&lt;path[39m
      [33md[39m=[32m&quot;M14.12 3.88 16 2&quot;[39m
    [36m/&gt;[39m
    [36m&lt;path[39m
      [33md[39m=[32m&quot;M9 7.13v-1a3.003 3.003 0 1 1 6 0v1&quot;[39m
    [36m/&gt;[39m
    [36m&lt;path[39m
      [33md[39m=[32m&quot;M12 20c-3.3 0-6-2.7-6-6v-3a4 4 0 0 1 4-4h4a4 4 0 0 1 4 4v3c0 3.3-2.7 6-6 6&quot;[39m
    [36m/&gt;[39m
    [36m&lt;path[39m
      [33md[39m=[32m&quot;M12 20v-9&quot;[39m
    [36m/&gt;[39m
    [36m&lt;path[39m
      [33md[39m=[32m&quot;M6.53 9C4.6 8.8 3 7.1 3 5&quot;[39m
    [36m/&gt;[39m
    [36m&lt;path[39m
      [33md[39m=[32m&quot;M6 13H2&quot;[39m
    [36m/&gt;[39m
    [36m&lt;path[39m
      [33md[39m=[32m&quot;M3 21c0-2.1 1.7-3.9 3.8-4&quot;[39m
    [36m/&gt;[39m
    [36m&lt;path[39m
      [33md[39m=[32m&quot;M20.97 5c0 2.1-1.6 3.8-3.5 4&quot;[39m
    [36m/&gt;[39m
    [36m&lt;path[39m
      [33md[39m=[32m&quot;M22 13h-4&quot;[39m
    [36m/&gt;[39m
    [36m&lt;path[39m
      [33md[39m=[32m&quot;M17.2 17c2.1.1 3.8 1.9 3.8 4&quot;[39m
    [36m/&gt;[39m
  [36m&lt;/svg&gt;[39m
  [0mError Details (Development Only)[0m
[36m&lt;/summary&gt;[39m

Ignored nodes: comments, script, style
[36m&lt;summary[39m
  [33mstyle[39m=[32m&quot;cursor: pointer; margin-bottom: 8px; color: rgb(107, 114, 128); font-size: 12px;&quot;[39m
[36m&gt;[39m
  [36m&lt;svg[39m
    [33maria-hidden[39m=[32m&quot;true&quot;[39m
    [33mclass[39m=[32m&quot;lucide lucide-bug&quot;[39m
    [33mfill[39m=[32m&quot;none&quot;[39m
    [33mheight[39m=[32m&quot;14&quot;[39m
    [33mstroke[39m=[32m&quot;currentColor&quot;[39m
    [33mstroke-linecap[39m=[32m&quot;round&quot;[39m
    [33mstroke-linejoin[39m=[32m&quot;round&quot;[39m
    [33mstroke-width[39m=[32m&quot;2&quot;[39m
    [33mstyle[39m=[32m&quot;margin-right: 6px; vertical-align: middle;&quot;[39m
    [33mviewBox[39m=[32m&quot;0 0 24 24&quot;[39m
    [33mwidth[39m=[32m&quot;14&quot;[39m
    [33mxmlns[39m=[32m&quot;http://www.w3.org/2000/svg&quot;[39m
  [36m&gt;[39m
    [36m&lt;path[39m
      [33md[39m=[32m&quot;m8 2 1.88 1.88&quot;[39m
    [36m/&gt;[39m
    [36m&lt;path[39m
      [33md[39m=[32m&quot;M14.12 3.88 16 2&quot;[39m
    [36m/&gt;[39m
    [36m&lt;path[39m
      [33md[39m=[32m&quot;M9 7.13v-1a3.003 3.003 0 1 1 6 0v1&quot;[39m
    [36m/&gt;[39m
    [36m&lt;path[39m
      [33md[39m=[32m&quot;M12 20c-3.3 0-6-2.7-6-6v-3a4 4 0 0 1 4-4h4a4 4 0 0 1 4 4v3c0 3.3-2.7 6-6 6&quot;[39m
    [36m/&gt;[39m
    [36m&lt;path[39m
      [33md[39m=[32m&quot;M12 20v-9&quot;[39m
    [36m/&gt;[39m
    [36m&lt;path[39m
      [33md[39m=[32m&quot;M6.53 9C4.6 8.8 3 7.1 3 5&quot;[39m
    [36m/&gt;[39m
    [36m&lt;path[39m
      [33md[39m=[32m&quot;M6 13H2&quot;[39m
    [36m/&gt;[39m
    [36m&lt;path[39m
      [33md[39m=[32m&quot;M3 21c0-2.1 1.7-3.9 3.8-4&quot;[39m
    [36m/&gt;[39m
    [36m&lt;path[39m
      [33md[39m=[32m&quot;M20.97 5c0 2.1-1.6 3.8-3.5 4&quot;[39m
    [36m/&gt;[39m
    [36m&lt;path[39m
      [33md[39m=[32m&quot;M22 13h-4&quot;[39m
    [36m/&gt;[39m
    [36m&lt;path[39m
      [33md[39m=[32m&quot;M17.2 17c2.1.1 3.8 1.9 3.8 4&quot;[39m
    [36m/&gt;[39m
  [36m&lt;/svg&gt;[39m
  [0mError Details (Development Only)[0m
[36m&lt;/summary&gt;[39m

Ignored nodes: comments, script, style
[36m&lt;summary[39m
  [33mstyle[39m=[32m&quot;cursor: pointer; margin-bottom: 8px; color: rgb(107, 114, 128); font-size: 12px;&quot;[39m
[36m&gt;[39m
  [36m&lt;svg[39m
    [33maria-hidden[39m=[32m&quot;true&quot;[39m
    [33mclass[39m=[32m&quot;lucide lucide-bug&quot;[39m
    [33mfill[39m=[32m&quot;none&quot;[39m
    [33mheight[39m=[32m&quot;14&quot;[39m
    [33mstroke[39m=[32m&quot;currentColor&quot;[39m
    [33mstroke-linecap[39m=[32m&quot;round&quot;[39m
    [33mstroke-linejoin[39m=[32m&quot;round&quot;[39m
    [33mstroke-width[39m=[32m&quot;2&quot;[39m
    [33mstyle[39m=[32m&quot;margin-right: 6px; vertical-align: middle;&quot;[39m
    [33mviewBox[39m=[32m&quot;0 0 24 24&quot;[39m
    [33mwidth[39m=[32m&quot;14&quot;[39m
    [33mxmlns[39m=[32m&quot;http://www.w3.org/2000/svg&quot;[39m
  [36m&gt;[39m
    [36m&lt;path[39m
      [33md[39m=[32m&quot;m8 2 1.88 1.88&quot;[39m
    [36m/&gt;[39m
    [36m&lt;path[39m
      [33md[39m=[32m&quot;M14.12 3.88 16 2&quot;[39m
    [36m/&gt;[39m
    [36m&lt;path[39m
      [33md[39m=[32m&quot;M9 7.13v-1a3.003 3.003 0 1 1 6 0v1&quot;[39m
    [36m/&gt;[39m
    [36m&lt;path[39m
      [33md[39m=[32m&quot;M12 20c-3.3 0-6-2.7-6-6v-3a4 4 0 0 1 4-4h4a4 4 0 0 1 4 4v3c0 3.3-2.7 6-6 6&quot;[39m
    [36m/&gt;[39m
    [36m&lt;path[39m
      [33md[39m=[32m&quot;M12 20v-9&quot;[39m
    [36m/&gt;[39m
    [36m&lt;path[39m
      [33md[39m=[32m&quot;M6.53 9C4.6 8.8 3 7.1 3 5&quot;[39m
    [36m/&gt;[39m
    [36m&lt;path[39m
      [33md[39m=[32m&quot;M6 13H2&quot;[39m
    [36m/&gt;[39m
    [36m&lt;path[39m
      [33md[39m=[32m&quot;M3 21c0-2.1 1.7-3.9 3.8-4&quot;[39m
    [36m/&gt;[39m
    [36m&lt;path[39m
      [33md[39m=[32m&quot;M20.97 5c0 2.1-1.6 3.8-3.5 4&quot;[39m
    [36m/&gt;[39m
    [36m&lt;path[39m
      [33md[39m=[32m&quot;M22 13h-4&quot;[39m
    [36m/&gt;[39m
    [36m&lt;path[39m
      [33md[39m=[32m&quot;M17.2 17c2.1.1 3.8 1.9 3.8 4&quot;[39m
    [36m/&gt;[39m
  [36m&lt;/svg&gt;[39m
  [0mError Details (Development Only)[0m
[36m&lt;/summary&gt;[39m

Ignored nodes: comments, script, style
[36m&lt;summary[39m
  [33mstyle[39m=[32m&quot;cursor: pointer; margin-bottom: 8px; color: rgb(107, 114, 128); font-size: 12px;&quot;[39m
[36m&gt;[39m
  [36m&lt;svg[39m
    [33maria-hidden[39m=[32m&quot;true&quot;[39m
    [33mclass[39m=[32m&quot;lucide lucide-bug&quot;[39m
    [33mfill[39m=[32m&quot;none&quot;[39m
    [33mheight[39m=[32m&quot;14&quot;[39m
    [33mstroke[39m=[32m&quot;currentColor&quot;[39m
    [33mstroke-linecap[39m=[32m&quot;round&quot;[39m
    [33mstroke-linejoin[39m=[32m&quot;round&quot;[39m
    [33mstroke-width[39m=[32m&quot;2&quot;[39m
    [33mstyle[39m=[32m&quot;margin-right: 6px; vertical-align: middle;&quot;[39m
    [33mviewBox[39m=[32m&quot;0 0 24 24&quot;[39m
    [33mwidth[39m=[32m&quot;14&quot;[39m
    [33mxmlns[39m=[32m&quot;http://www.w3.org/2000/svg&quot;[39m
  [36m&gt;[39m
    [36m&lt;path[39m
      [33md[39m=[32m&quot;m8 2 1.88 1.88&quot;[39m
    [36m/&gt;[39m
    [36m&lt;path[39m
      [33md[39m=[32m&quot;M14.12 3.88 16 2&quot;[39m
    [36m/&gt;[39m
    [36m&lt;path[39m
      [33md[39m=[32m&quot;M9 7.13v-1a3.003 3.003 0 1 1 6 0v1&quot;[39m
    [36m/&gt;[39m
    [36m&lt;path[39m
      [33md[39m=[32m&quot;M12 20c-3.3 0-6-2.7-6-6v-3a4 4 0 0 1 4-4h4a4 4 0 0 1 4 4v3c0 3.3-2.7 6-6 6&quot;[39m
    [36m/&gt;[39m
    [36m&lt;path[39m
      [33md[39m=[32m&quot;M12 20v-9&quot;[39m
    [36m/&gt;[39m
    [36m&lt;path[39m
      [33md[39m=[32m&quot;M6.53 9C4.6 8.8 3 7.1 3 5&quot;[39m
    [36m/&gt;[39m
    [36m&lt;path[39m
      [33md[39m=[32m&quot;M6 13H2&quot;[39m
    [36m/&gt;[39m
    [36m&lt;path[39m
      [33md[39m=[32m&quot;M3 21c0-2.1 1.7-3.9 3.8-4&quot;[39m
    [36m/&gt;[39m
    [36m&lt;path[39m
      [33md[39m=[32m&quot;M20.97 5c0 2.1-1.6 3.8-3.5 4&quot;[39m
    [36m/&gt;[39m
    [36m&lt;path[39m
      [33md[39m=[32m&quot;M22 13h-4&quot;[39m
    [36m/&gt;[39m
    [36m&lt;path[39m
      [33md[39m=[32m&quot;M17.2 17c2.1.1 3.8 1.9 3.8 4&quot;[39m
    [36m/&gt;[39m
  [36m&lt;/svg&gt;[39m
  [0mError Details (Development Only)[0m
[36m&lt;/summary&gt;[39m

Ignored nodes: comments, script, style
[36m&lt;summary[39m
  [33mstyle[39m=[32m&quot;cursor: pointer; margin-bottom: 8px; color: rgb(107, 114, 128); font-size: 12px;&quot;[39m
[36m&gt;[39m
  [36m&lt;svg[39m
    [33maria-hidden[39m=[32m&quot;true&quot;[39m
    [33mclass[39m=[32m&quot;lucide lucide-bug&quot;[39m
    [33mfill[39m=[32m&quot;none&quot;[39m
    [33mheight[39m=[32m&quot;14&quot;[39m
    [33mstroke[39m=[32m&quot;currentColor&quot;[39m
    [33mstroke-linecap[39m=[32m&quot;round&quot;[39m
    [33mstroke-linejoin[39m=[32m&quot;round&quot;[39m
    [33mstroke-width[39m=[32m&quot;2&quot;[39m
    [33mstyle[39m=[32m&quot;margin-right: 6px; vertical-align: middle;&quot;[39m
    [33mviewBox[39m=[32m&quot;0 0 24 24&quot;[39m
    [33mwidth[39m=[32m&quot;14&quot;[39m
    [33mxmlns[39m=[32m&quot;http://www.w3.org/2000/svg&quot;[39m
  [36m&gt;[39m
    [36m&lt;path[39m
      [33md[39m=[32m&quot;m8 2 1.88 1.88&quot;[39m
    [36m/&gt;[39m
    [36m&lt;path[39m
      [33md[39m=[32m&quot;M14.12 3.88 16 2&quot;[39m
    [36m/&gt;[39m
    [36m&lt;path[39m
      [33md[39m=[32m&quot;M9 7.13v-1a3.003 3.003 0 1 1 6 0v1&quot;[39m
    [36m/&gt;[39m
    [36m&lt;path[39m
      [33md[39m=[32m&quot;M12 20c-3.3 0-6-2.7-6-6v-3a4 4 0 0 1 4-4h4a4 4 0 0 1 4 4v3c0 3.3-2.7 6-6 6&quot;[39m
    [36m/&gt;[39m
    [36m&lt;path[39m
      [33md[39m=[32m&quot;M12 20v-9&quot;[39m
    [36m/&gt;[39m
    [36m&lt;path[39m
      [33md[39m=[32m&quot;M6.53 9C4.6 8.8 3 7.1 3 5&quot;[39m
    [36m/&gt;[39m
    [36m&lt;path[39m
      [33md[39m=[32m&quot;M6 13H2&quot;[39m
    [36m/&gt;[39m
    [36m&lt;path[39m
      [33md[39m=[32m&quot;M3 21c0-2.1 1.7-3.9 3.8-4&quot;[39m
    [36m/&gt;[39m
    [36m&lt;path[39m
      [33md[39m=[32m&quot;M20.97 5c0 2.1-1.6 3.8-3.5 4&quot;[39m
    [36m/&gt;[39m
    [36m&lt;path[39m
      [33md[39m=[32m&quot;M22 13h-4&quot;[39m
    [36m/&gt;[39m
    [36m&lt;path[39m
      [33md[39m=[32m&quot;M17.2 17c2.1.1 3.8 1.9 3.8 4&quot;[39m
    [36m/&gt;[39m
  [36m&lt;/svg&gt;[39m
  [0mError Details (Development Only)[0m
[36m&lt;/summary&gt;[39m

Ignored nodes: comments, script, style
[36m&lt;summary[39m
  [33mstyle[39m=[32m&quot;cursor: pointer; margin-bottom: 8px; color: rgb(107, 114, 128); font-size: 12px;&quot;[39m
[36m&gt;[39m
  [36m&lt;svg[39m
    [33maria-hidden[39m=[32m&quot;true&quot;[39m
    [33mclass[39m=[32m&quot;lucide lucide-bug&quot;[39m
    [33mfill[39m=[32m&quot;none&quot;[39m
    [33mheight[39m=[32m&quot;14&quot;[39m
    [33mstroke[39m=[32m&quot;currentColor&quot;[39m
    [33mstroke-linecap[39m=[32m&quot;round&quot;[39m
    [33mstroke-linejoin[39m=[32m&quot;round&quot;[39m
    [33mstroke-width[39m=[32m&quot;2&quot;[39m
    [33mstyle[39m=[32m&quot;margin-right: 6px; vertical-align: middle;&quot;[39m
    [33mviewBox[39m=[32m&quot;0 0 24 24&quot;[39m
    [33mwidth[39m=[32m&quot;14&quot;[39m
    [33mxmlns[39m=[32m&quot;http://www.w3.org/2000/svg&quot;[39m
  [36m&gt;[39m
    [36m&lt;path[39m
      [33md[39m=[32m&quot;m8 2 1.88 1.88&quot;[39m
    [36m/&gt;[39m
    [36m&lt;path[39m
      [33md[39m=[32m&quot;M14.12 3.88 16 2&quot;[39m
    [36m/&gt;[39m
    [36m&lt;path[39m
      [33md[39m=[32m&quot;M9 7.13v-1a3.003 3.003 0 1 1 6 0v1&quot;[39m
    [36m/&gt;[39m
    [36m&lt;path[39m
      [33md[39m=[32m&quot;M12 20c-3.3 0-6-2.7-6-6v-3a4 4 0 0 1 4-4h4a4 4 0 0 1 4 4v3c0 3.3-2.7 6-6 6&quot;[39m
    [36m/&gt;[39m
    [36m&lt;path[39m
      [33md[39m=[32m&quot;M12 20v-9&quot;[39m
    [36m/&gt;[39m
    [36m&lt;path[39m
      [33md[39m=[32m&quot;M6.53 9C4.6 8.8 3 7.1 3 5&quot;[39m
    [36m/&gt;[39m
    [36m&lt;path[39m
      [33md[39m=[32m&quot;M6 13H2&quot;[39m
    [36m/&gt;[39m
    [36m&lt;path[39m
      [33md[39m=[32m&quot;M3 21c0-2.1 1.7-3.9 3.8-4&quot;[39m
    [36m/&gt;[39m
    [36m&lt;path[39m
      [33md[39m=[32m&quot;M20.97 5c0 2.1-1.6 3.8-3.5 4&quot;[39m
    [36m/&gt;[39m
    [36m&lt;path[39m
      [33md[39m=[32m&quot;M22 13h-4&quot;[39m
    [36m/&gt;[39m
    [36m&lt;path[39m
      [33md[39m=[32m&quot;M17.2 17c2.1.1 3.8 1.9 3.8 4&quot;[39m
    [36m/&gt;[39m
  [36m&lt;/svg&gt;[39m
  [0mError Details (Development Only)[0m
[36m&lt;/summary&gt;[39m

Ignored nodes: comments, script, style
[36m&lt;summary[39m
  [33mstyle[39m=[32m&quot;cursor: pointer; margin-bottom: 8px; color: rgb(107, 114, 128); font-size: 12px;&quot;[39m
[36m&gt;[39m
  [36m&lt;svg[39m
    [33maria-hidden[39m=[32m&quot;true&quot;[39m
    [33mclass[39m=[32m&quot;lucide lucide-bug&quot;[39m
    [33mfill[39m=[32m&quot;none&quot;[39m
    [33mheight[39m=[32m&quot;14&quot;[39m
    [33mstroke[39m=[32m&quot;currentColor&quot;[39m
    [33mstroke-linecap[39m=[32m&quot;round&quot;[39m
    [33mstroke-linejoin[39m=[32m&quot;round&quot;[39m
    [33mstroke-width[39m=[32m&quot;2&quot;[39m
    [33mstyle[39m=[32m&quot;margin-right: 6px; vertical-align: middle;&quot;[39m
    [33mviewBox[39m=[32m&quot;0 0 24 24&quot;[39m
    [33mwidth[39m=[32m&quot;14&quot;[39m
    [33mxmlns[39m=[32m&quot;http://www.w3.org/2000/svg&quot;[39m
  [36m&gt;[39m
    [36m&lt;path[39m
      [33md[39m=[32m&quot;m8 2 1.88 1.88&quot;[39m
    [36m/&gt;[39m
    [36m&lt;path[39m
      [33md[39m=[32m&quot;M14.12 3.88 16 2&quot;[39m
    [36m/&gt;[39m
    [36m&lt;path[39m
      [33md[39m=[32m&quot;M9 7.13v-1a3.003 3.003 0 1 1 6 0v1&quot;[39m
    [36m/&gt;[39m
    [36m&lt;path[39m
      [33md[39m=[32m&quot;M12 20c-3.3 0-6-2.7-6-6v-3a4 4 0 0 1 4-4h4a4 4 0 0 1 4 4v3c0 3.3-2.7 6-6 6&quot;[39m
    [36m/&gt;[39m
    [36m&lt;path[39m
      [33md[39m=[32m&quot;M12 20v-9&quot;[39m
    [36m/&gt;[39m
    [36m&lt;path[39m
      [33md[39m=[32m&quot;M6.53 9C4.6 8.8 3 7.1 3 5&quot;[39m
    [36m/&gt;[39m
    [36m&lt;path[39m
      [33md[39m=[32m&quot;M6 13H2&quot;[39m
    [36m/&gt;[39m
    [36m&lt;path[39m
      [33md[39m=[32m&quot;M3 21c0-2.1 1.7-3.9 3.8-4&quot;[39m
    [36m/&gt;[39m
    [36m&lt;path[39m
      [33md[39m=[32m&quot;M20.97 5c0 2.1-1.6 3.8-3.5 4&quot;[39m
    [36m/&gt;[39m
    [36m&lt;path[39m
      [33md[39m=[32m&quot;M22 13h-4&quot;[39m
    [36m/&gt;[39m
    [36m&lt;path[39m
      [33md[39m=[32m&quot;M17.2 17c2.1.1 3.8 1.9 3.8 4&quot;[39m
    [36m/&gt;[39m
  [36m&lt;/svg&gt;[39m
  [0mError Details (Development Only)[0m
[36m&lt;/summary&gt;[39m

Ignored nodes: comments, script, style
[36m&lt;summary[39m
  [33mstyle[39m=[32m&quot;cursor: pointer; margin-bottom: 8px; color: rgb(107, 114, 128); font-size: 12px;&quot;[39m
[36m&gt;[39m
  [36m&lt;svg[39m
    [33maria-hidden[39m=[32m&quot;true&quot;[39m
    [33mclass[39m=[32m&quot;lucide lucide-bug&quot;[39m
    [33mfill[39m=[32m&quot;none&quot;[39m
    [33mheight[39m=[32m&quot;14&quot;[39m
    [33mstroke[39m=[32m&quot;currentColor&quot;[39m
    [33mstroke-linecap[39m=[32m&quot;round&quot;[39m
    [33mstroke-linejoin[39m=[32m&quot;round&quot;[39m
    [33mstroke-width[39m=[32m&quot;2&quot;[39m
    [33mstyle[39m=[32m&quot;margin-right: 6px; vertical-align: middle;&quot;[39m
    [33mviewBox[39m=[32m&quot;0 0 24 24&quot;[39m
    [33mwidth[39m=[32m&quot;14&quot;[39m
    [33mxmlns[39m=[32m&quot;http://www.w3.org/2000/svg&quot;[39m
  [36m&gt;[39m
    [36m&lt;path[39m
      [33md[39m=[32m&quot;m8 2 1.88 1.88&quot;[39m
    [36m/&gt;[39m
    [36m&lt;path[39m
      [33md[39m=[32m&quot;M14.12 3.88 16 2&quot;[39m
    [36m/&gt;[39m
    [36m&lt;path[39m
      [33md[39m=[32m&quot;M9 7.13v-1a3.003 3.003 0 1 1 6 0v1&quot;[39m
    [36m/&gt;[39m
    [36m&lt;path[39m
      [33md[39m=[32m&quot;M12 20c-3.3 0-6-2.7-6-6v-3a4 4 0 0 1 4-4h4a4 4 0 0 1 4 4v3c0 3.3-2.7 6-6 6&quot;[39m
    [36m/&gt;[39m
    [36m&lt;path[39m
      [33md[39m=[32m&quot;M12 20v-9&quot;[39m
    [36m/&gt;[39m
    [36m&lt;path[39m
      [33md[39m=[32m&quot;M6.53 9C4.6 8.8 3 7.1 3 5&quot;[39m
    [36m/&gt;[39m
    [36m&lt;path[39m
      [33md[39m=[32m&quot;M6 13H2&quot;[39m
    [36m/&gt;[39m
    [36m&lt;path[39m
      [33md[39m=[32m&quot;M3 21c0-2.1 1.7-3.9 3.8-4&quot;[39m
    [36m/&gt;[39m
    [36m&lt;path[39m
      [33md[39m=[32m&quot;M20.97 5c0 2.1-1.6 3.8-3.5 4&quot;[39m
    [36m/&gt;[39m
    [36m&lt;path[39m
      [33md[39m=[32m&quot;M22 13h-4&quot;[39m
    [36m/&gt;[39m
    [36m&lt;path[39m
      [33md[39m=[32m&quot;M17.2 17c2.1.1 3.8 1.9 3.8 4&quot;[39m
    [36m/&gt;[39m
  [36m&lt;/svg&gt;[39m
  [0mError Details (Development Only)[0m
[36m&lt;/summary&gt;[39m

Ignored nodes: comments, script, style
[36m&lt;summary[39m
  [33mstyle[39m=[32m&quot;cursor: pointer; margin-bottom: 8px; color: rgb(107, 114, 128); font-size: 12px;&quot;[39m
[36m&gt;[39m
  [36m&lt;svg[39m
    [33maria-hidden[39m=[32m&quot;true&quot;[39m
    [33mclass[39m=[32m&quot;lucide lucide-bug&quot;[39m
    [33mfill[39m=[32m&quot;none&quot;[39m
    [33mheight[39m=[32m&quot;14&quot;[39m
    [33mstroke[39m=[32m&quot;currentColor&quot;[39m
    [33mstroke-linecap[39m=[32m&quot;round&quot;[39m
    [33mstroke-linejoin[39m=[32m&quot;round&quot;[39m
    [33mstroke-width[39m=[32m&quot;2&quot;[39m
    [33mstyle[39m=[32m&quot;margin-right: 6px; vertical-align: middle;&quot;[39m
    [33mviewBox[39m=[32m&quot;0 0 24 24&quot;[39m
    [33mwidth[39m=[32m&quot;14&quot;[39m
    [33mxmlns[39m=[32m&quot;http://www.w3.org/2000/svg&quot;[39m
  [36m&gt;[39m
    [36m&lt;path[39m
      [33md[39m=[32m&quot;m8 2 1.88 1.88&quot;[39m
    [36m/&gt;[39m
    [36m&lt;path[39m
      [33md[39m=[32m&quot;M14.12 3.88 16 2&quot;[39m
    [36m/&gt;[39m
    [36m&lt;path[39m
      [33md[39m=[32m&quot;M9 7.13v-1a3.003 3.003 0 1 1 6 0v1&quot;[39m
    [36m/&gt;[39m
    [36m&lt;path[39m
      [33md[39m=[32m&quot;M12 20c-3.3 0-6-2.7-6-6v-3a4 4 0 0 1 4-4h4a4 4 0 0 1 4 4v3c0 3.3-2.7 6-6 6&quot;[39m
    [36m/&gt;[39m
    [36m&lt;path[39m
      [33md[39m=[32m&quot;M12 20v-9&quot;[39m
    [36m/&gt;[39m
    [36m&lt;path[39m
      [33md[39m=[32m&quot;M6.53 9C4.6 8.8 3 7.1 3 5&quot;[39m
    [36m/&gt;[39m
    [36m&lt;path[39m
      [33md[39m=[32m&quot;M6 13H2&quot;[39m
    [36m/&gt;[39m
    [36m&lt;path[39m
      [33md[39m=[32m&quot;M3 21c0-2.1 1.7-3.9 3.8-4&quot;[39m
    [36m/&gt;[39m
    [36m&lt;path[39m
      [33md[39m=[32m&quot;M20.97 5c0 2.1-1.6 3.8-3.5 4&quot;[39m
    [36m/&gt;[39m
    [36m&lt;path[39m
      [33md[39m=[32m&quot;M22 13h-4&quot;[39m
    [36m/&gt;[39m
    [36m&lt;path[39m
      [33md[39m=[32m&quot;M17.2 17c2.1.1 3.8 1.9 3.8 4&quot;[39m
    [36m/&gt;[39m
  [36m&lt;/svg&gt;[39m
  [0mError Details (Development Only)[0m
[36m&lt;/summary&gt;[39m

Ignored nodes: comments, script, style
[36m&lt;summary[39m
  [33mstyle[39m=[32m&quot;cursor: pointer; margin-bottom: 8px; color: rgb(107, 114, 128); font-size: 12px;&quot;[39m
[36m&gt;[39m
  [36m&lt;svg[39m
    [33maria-hidden[39m=[32m&quot;true&quot;[39m
    [33mclass[39m=[32m&quot;lucide lucide-bug&quot;[39m
    [33mfill[39m=[32m&quot;none&quot;[39m
    [33mheight[39m=[32m&quot;14&quot;[39m
    [33mstroke[39m=[32m&quot;currentColor&quot;[39m
    [33mstroke-linecap[39m=[32m&quot;round&quot;[39m
    [33mstroke-linejoin[39m=[32m&quot;round&quot;[39m
    [33mstroke-width[39m=[32m&quot;2&quot;[39m
    [33mstyle[39m=[32m&quot;margin-right: 6px; vertical-align: middle;&quot;[39m
    [33mviewBox[39m=[32m&quot;0 0 24 24&quot;[39m
    [33mwidth[39m=[32m&quot;14&quot;[39m
    [33mxmlns[39m=[32m&quot;http://www.w3.org/2000/svg&quot;[39m
  [36m&gt;[39m
    [36m&lt;path[39m
      [33md[39m=[32m&quot;m8 2 1.88 1.88&quot;[39m
    [36m/&gt;[39m
    [36m&lt;path[39m
      [33md[39m=[32m&quot;M14.12 3.88 16 2&quot;[39m
    [36m/&gt;[39m
    [36m&lt;path[39m
      [33md[39m=[32m&quot;M9 7.13v-1a3.003 3.003 0 1 1 6 0v1&quot;[39m
    [36m/&gt;[39m
    [36m&lt;path[39m
      [33md[39m=[32m&quot;M12 20c-3.3 0-6-2.7-6-6v-3a4 4 0 0 1 4-4h4a4 4 0 0 1 4 4v3c0 3.3-2.7 6-6 6&quot;[39m
    [36m/&gt;[39m
    [36m&lt;path[39m
      [33md[39m=[32m&quot;M12 20v-9&quot;[39m
    [36m/&gt;[39m
    [36m&lt;path[39m
      [33md[39m=[32m&quot;M6.53 9C4.6 8.8 3 7.1 3 5&quot;[39m
    [36m/&gt;[39m
    [36m&lt;path[39m
      [33md[39m=[32m&quot;M6 13H2&quot;[39m
    [36m/&gt;[39m
    [36m&lt;path[39m
      [33md[39m=[32m&quot;M3 21c0-2.1 1.7-3.9 3.8-4&quot;[39m
    [36m/&gt;[39m
    [36m&lt;path[39m
      [33md[39m=[32m&quot;M20.97 5c0 2.1-1.6 3.8-3.5 4&quot;[39m
    [36m/&gt;[39m
    [36m&lt;path[39m
      [33md[39m=[32m&quot;M22 13h-4&quot;[39m
    [36m/&gt;[39m
    [36m&lt;path[39m
      [33md[39m=[32m&quot;M17.2 17c2.1.1 3.8 1.9 3.8 4&quot;[39m
    [36m/&gt;[39m
  [36m&lt;/svg&gt;[39m
  [0mError Details (Development Only)[0m
[36m&lt;/summary&gt;[39m

Ignored nodes: comments, script, style
[36m&lt;summary[39m
  [33mstyle[39m=[32m&quot;cursor: pointer; margin-bottom: 8px; color: rgb(107, 114, 128); font-size: 12px;&quot;[39m
[36m&gt;[39m
  [36m&lt;svg[39m
    [33maria-hidden[39m=[32m&quot;true&quot;[39m
    [33mclass[39m=[32m&quot;lucide lucide-bug&quot;[39m
    [33mfill[39m=[32m&quot;none&quot;[39m
    [33mheight[39m=[32m&quot;14&quot;[39m
    [33mstroke[39m=[32m&quot;currentColor&quot;[39m
    [33mstroke-linecap[39m=[32m&quot;round&quot;[39m
    [33mstroke-linejoin[39m=[32m&quot;round&quot;[39m
    [33mstroke-width[39m=[32m&quot;2&quot;[39m
    [33mstyle[39m=[32m&quot;margin-right: 6px; vertical-align: middle;&quot;[39m
    [33mviewBox[39m=[32m&quot;0 0 24 24&quot;[39m
    [33mwidth[39m=[32m&quot;14&quot;[39m
    [33mxmlns[39m=[32m&quot;http://www.w3.org/2000/svg&quot;[39m
  [36m&gt;[39m
    [36m&lt;path[39m
      [33md[39m=[32m&quot;m8 2 1.88 1.88&quot;[39m
    [36m/&gt;[39m
    [36m&lt;path[39m
      [33md[39m=[32m&quot;M14.12 3.88 16 2&quot;[39m
    [36m/&gt;[39m
    [36m&lt;path[39m
      [33md[39m=[32m&quot;M9 7.13v-1a3.003 3.003 0 1 1 6 0v1&quot;[39m
    [36m/&gt;[39m
    [36m&lt;path[39m
      [33md[39m=[32m&quot;M12 20c-3.3 0-6-2.7-6-6v-3a4 4 0 0 1 4-4h4a4 4 0 0 1 4 4v3c0 3.3-2.7 6-6 6&quot;[39m
    [36m/&gt;[39m
    [36m&lt;path[39m
      [33md[39m=[32m&quot;M12 20v-9&quot;[39m
    [36m/&gt;[39m
    [36m&lt;path[39m
      [33md[39m=[32m&quot;M6.53 9C4.6 8.8 3 7.1 3 5&quot;[39m
    [36m/&gt;[39m
    [36m&lt;path[39m
      [33md[39m=[32m&quot;M6 13H2&quot;[39m
    [36m/&gt;[39m
    [36m&lt;path[39m
      [33md[39m=[32m&quot;M3 21c0-2.1 1.7-3.9 3.8-4&quot;[39m
    [36m/&gt;[39m
    [36m&lt;path[39m
      [33md[39m=[32m&quot;M20.97 5c0 2.1-1.6 3.8-3.5 4&quot;[39m
    [36m/&gt;[39m
    [36m&lt;path[39m
      [33md[39m=[32m&quot;M22 13h-4&quot;[39m
    [36m/&gt;[39m
    [36m&lt;path[39m
      [33md[39m=[32m&quot;M17.2 17c2.1.1 3.8 1.9 3.8 4&quot;[39m
    [36m/&gt;[39m
  [36m&lt;/svg&gt;[39m
  [0mError Details (Development Only)[0m
[36m&lt;/summary&gt;[39m

Ignored nodes: comments, script, style
[36m&lt;summary[39m
  [33mstyle[39m=[32m&quot;cursor: pointer; margin-bottom: 8px; color: rgb(107, 114, 128); font-size: 12px;&quot;[39m
[36m&gt;[39m
  [36m&lt;svg[39m
    [33maria-hidden[39m=[32m&quot;true&quot;[39m
    [33mclass[39m=[32m&quot;lucide lucide-bug&quot;[39m
    [33mfill[39m=[32m&quot;none&quot;[39m
    [33mheight[39m=[32m&quot;14&quot;[39m
    [33mstroke[39m=[32m&quot;currentColor&quot;[39m
    [33mstroke-linecap[39m=[32m&quot;round&quot;[39m
    [33mstroke-linejoin[39m=[32m&quot;round&quot;[39m
    [33mstroke-width[39m=[32m&quot;2&quot;[39m
    [33mstyle[39m=[32m&quot;margin-right: 6px; vertical-align: middle;&quot;[39m
    [33mviewBox[39m=[32m&quot;0 0 24 24&quot;[39m
    [33mwidth[39m=[32m&quot;14&quot;[39m
    [33mxmlns[39m=[32m&quot;http://www.w3.org/2000/svg&quot;[39m
  [36m&gt;[39m
    [36m&lt;path[39m
      [33md[39m=[32m&quot;m8 2 1.88 1.88&quot;[39m
    [36m/&gt;[39m
    [36m&lt;path[39m
      [33md[39m=[32m&quot;M14.12 3.88 16 2&quot;[39m
    [36m/&gt;[39m
    [36m&lt;path[39m
      [33md[39m=[32m&quot;M9 7.13v-1a3.003 3.003 0 1 1 6 0v1&quot;[39m
    [36m/&gt;[39m
    [36m&lt;path[39m
      [33md[39m=[32m&quot;M12 20c-3.3 0-6-2.7-6-6v-3a4 4 0 0 1 4-4h4a4 4 0 0 1 4 4v3c0 3.3-2.7 6-6 6&quot;[39m
    [36m/&gt;[39m
    [36m&lt;path[39m
      [33md[39m=[32m&quot;M12 20v-9&quot;[39m
    [36m/&gt;[39m
    [36m&lt;path[39m
      [33md[39m=[32m&quot;M6.53 9C4.6 8.8 3 7.1 3 5&quot;[39m
    [36m/&gt;[39m
    [36m&lt;path[39m
      [33md[39m=[32m&quot;M6 13H2&quot;[39m
    [36m/&gt;[39m
    [36m&lt;path[39m
      [33md[39m=[32m&quot;M3 21c0-2.1 1.7-3.9 3.8-4&quot;[39m
    [36m/&gt;[39m
    [36m&lt;path[39m
      [33md[39m=[32m&quot;M20.97 5c0 2.1-1.6 3.8-3.5 4&quot;[39m
    [36m/&gt;[39m
    [36m&lt;path[39m
      [33md[39m=[32m&quot;M22 13h-4&quot;[39m
    [36m/&gt;[39m
    [36m&lt;path[39m
      [33md[39m=[32m&quot;M17.2 17c2.1.1 3.8 1.9 3.8 4&quot;[39m
    [36m/&gt;[39m
  [36m&lt;/svg&gt;[39m
  [0mError Details (Development Only)[0m
[36m&lt;/summary&gt;[39m

Ignored nodes: comments, script, style
[36m&lt;summary[39m
  [33mstyle[39m=[32m&quot;cursor: pointer; margin-bottom: 8px; color: rgb(107, 114, 128); font-size: 12px;&quot;[39m
[36m&gt;[39m
  [36m&lt;svg[39m
    [33maria-hidden[39m=[32m&quot;true&quot;[39m
    [33mclass[39m=[32m&quot;lucide lucide-bug&quot;[39m
    [33mfill[39m=[32m&quot;none&quot;[39m
    [33mheight[39m=[32m&quot;14&quot;[39m
    [33mstroke[39m=[32m&quot;currentColor&quot;[39m
    [33mstroke-linecap[39m=[32m&quot;round&quot;[39m
    [33mstroke-linejoin[39m=[32m&quot;round&quot;[39m
    [33mstroke-width[39m=[32m&quot;2&quot;[39m
    [33mstyle[39m=[32m&quot;margin-right: 6px; vertical-align: middle;&quot;[39m
    [33mviewBox[39m=[32m&quot;0 0 24 24&quot;[39m
    [33mwidth[39m=[32m&quot;14&quot;[39m
    [33mxmlns[39m=[32m&quot;http://www.w3.org/2000/svg&quot;[39m
  [36m&gt;[39m
    [36m&lt;path[39m
      [33md[39m=[32m&quot;m8 2 1.88 1.88&quot;[39m
    [36m/&gt;[39m
    [36m&lt;path[39m
      [33md[39m=[32m&quot;M14.12 3.88 16 2&quot;[39m
    [36m/&gt;[39m
    [36m&lt;path[39m
      [33md[39m=[32m&quot;M9 7.13v-1a3.003 3.003 0 1 1 6 0v1&quot;[39m
    [36m/&gt;[39m
    [36m&lt;path[39m
      [33md[39m=[32m&quot;M12 20c-3.3 0-6-2.7-6-6v-3a4 4 0 0 1 4-4h4a4 4 0 0 1 4 4v3c0 3.3-2.7 6-6 6&quot;[39m
    [36m/&gt;[39m
    [36m&lt;path[39m
      [33md[39m=[32m&quot;M12 20v-9&quot;[39m
    [36m/&gt;[39m
    [36m&lt;path[39m
      [33md[39m=[32m&quot;M6.53 9C4.6 8.8 3 7.1 3 5&quot;[39m
    [36m/&gt;[39m
    [36m&lt;path[39m
      [33md[39m=[32m&quot;M6 13H2&quot;[39m
    [36m/&gt;[39m
    [36m&lt;path[39m
      [33md[39m=[32m&quot;M3 21c0-2.1 1.7-3.9 3.8-4&quot;[39m
    [36m/&gt;[39m
    [36m&lt;path[39m
      [33md[39m=[32m&quot;M20.97 5c0 2.1-1.6 3.8-3.5 4&quot;[39m
    [36m/&gt;[39m
    [36m&lt;path[39m
      [33md[39m=[32m&quot;M22 13h-4&quot;[39m
    [36m/&gt;[39m
    [36m&lt;path[39m
      [33md[39m=[32m&quot;M17.2 17c2.1.1 3.8 1.9 3.8 4&quot;[39m
    [36m/&gt;[39m
  [36m&lt;/svg&gt;[39m
  [0mError Details (Development Only)[0m
[36m&lt;/summary&gt;[39m

Ignored nodes: comments, script, style
[36m&lt;summary[39m
  [33mstyle[39m=[32m&quot;cursor: pointer; margin-bottom: 8px; color: rgb(107, 114, 128); font-size: 12px;&quot;[39m
[36m&gt;[39m
  [36m&lt;svg[39m
    [33maria-hidden[39m=[32m&quot;true&quot;[39m
    [33mclass[39m=[32m&quot;lucide lucide-bug&quot;[39m
    [33mfill[39m=[32m&quot;none&quot;[39m
    [33mheight[39m=[32m&quot;14&quot;[39m
    [33mstroke[39m=[32m&quot;currentColor&quot;[39m
    [33mstroke-linecap[39m=[32m&quot;round&quot;[39m
    [33mstroke-linejoin[39m=[32m&quot;round&quot;[39m
    [33mstroke-width[39m=[32m&quot;2&quot;[39m
    [33mstyle[39m=[32m&quot;margin-right: 6px; vertical-align: middle;&quot;[39m
    [33mviewBox[39m=[32m&quot;0 0 24 24&quot;[39m
    [33mwidth[39m=[32m&quot;14&quot;[39m
    [33mxmlns[39m=[32m&quot;http://www.w3.org/2000/svg&quot;[39m
  [36m&gt;[39m
    [36m&lt;path[39m
      [33md[39m=[32m&quot;m8 2 1.88 1.88&quot;[39m
    [36m/&gt;[39m
    [36m&lt;path[39m
      [33md[39m=[32m&quot;M14.12 3.88 16 2&quot;[39m
    [36m/&gt;[39m
    [36m&lt;path[39m
      [33md[39m=[32m&quot;M9 7.13v-1a3.003 3.003 0 1 1 6 0v1&quot;[39m
    [36m/&gt;[39m
    [36m&lt;path[39m
      [33md[39m=[32m&quot;M12 20c-3.3 0-6-2.7-6-6v-3a4 4 0 0 1 4-4h4a4 4 0 0 1 4 4v3c0 3.3-2.7 6-6 6&quot;[39m
    [36m/&gt;[39m
    [36m&lt;path[39m
      [33md[39m=[32m&quot;M12 20v-9&quot;[39m
    [36m/&gt;[39m
    [36m&lt;path[39m
      [33md[39m=[32m&quot;M6.53 9C4.6 8.8 3 7.1 3 5&quot;[39m
    [36m/&gt;[39m
    [36m&lt;path[39m
      [33md[39m=[32m&quot;M6 13H2&quot;[39m
    [36m/&gt;[39m
    [36m&lt;path[39m
      [33md[39m=[32m&quot;M3 21c0-2.1 1.7-3.9 3.8-4&quot;[39m
    [36m/&gt;[39m
    [36m&lt;path[39m
      [33md[39m=[32m&quot;M20.97 5c0 2.1-1.6 3.8-3.5 4&quot;[39m
    [36m/&gt;[39m
    [36m&lt;path[39m
      [33md[39m=[32m&quot;M22 13h-4&quot;[39m
    [36m/&gt;[39m
    [36m&lt;path[39m
      [33md[39m=[32m&quot;M17.2 17c2.1.1 3.8 1.9 3.8 4&quot;[39m
    [36m/&gt;[39m
  [36m&lt;/svg&gt;[39m
  [0mError Details (Development Only)[0m
[36m&lt;/summary&gt;[39m

Ignored nodes: comments, script, style
[36m&lt;summary[39m
  [33mstyle[39m=[32m&quot;cursor: pointer; margin-bottom: 8px; color: rgb(107, 114, 128); font-size: 12px;&quot;[39m
[36m&gt;[39m
  [36m&lt;svg[39m
    [33maria-hidden[39m=[32m&quot;true&quot;[39m
    [33mclass[39m=[32m&quot;lucide lucide-bug&quot;[39m
    [33mfill[39m=[32m&quot;none&quot;[39m
    [33mheight[39m=[32m&quot;14&quot;[39m
    [33mstroke[39m=[32m&quot;currentColor&quot;[39m
    [33mstroke-linecap[39m=[32m&quot;round&quot;[39m
    [33mstroke-linejoin[39m=[32m&quot;round&quot;[39m
    [33mstroke-width[39m=[32m&quot;2&quot;[39m
    [33mstyle[39m=[32m&quot;margin-right: 6px; vertical-align: middle;&quot;[39m
    [33mviewBox[39m=[32m&quot;0 0 24 24&quot;[39m
    [33mwidth[39m=[32m&quot;14&quot;[39m
    [33mxmlns[39m=[32m&quot;http://www.w3.org/2000/svg&quot;[39m
  [36m&gt;[39m
    [36m&lt;path[39m
      [33md[39m=[32m&quot;m8 2 1.88 1.88&quot;[39m
    [36m/&gt;[39m
    [36m&lt;path[39m
      [33md[39m=[32m&quot;M14.12 3.88 16 2&quot;[39m
    [36m/&gt;[39m
    [36m&lt;path[39m
      [33md[39m=[32m&quot;M9 7.13v-1a3.003 3.003 0 1 1 6 0v1&quot;[39m
    [36m/&gt;[39m
    [36m&lt;path[39m
      [33md[39m=[32m&quot;M12 20c-3.3 0-6-2.7-6-6v-3a4 4 0 0 1 4-4h4a4 4 0 0 1 4 4v3c0 3.3-2.7 6-6 6&quot;[39m
    [36m/&gt;[39m
    [36m&lt;path[39m
      [33md[39m=[32m&quot;M12 20v-9&quot;[39m
    [36m/&gt;[39m
    [36m&lt;path[39m
      [33md[39m=[32m&quot;M6.53 9C4.6 8.8 3 7.1 3 5&quot;[39m
    [36m/&gt;[39m
    [36m&lt;path[39m
      [33md[39m=[32m&quot;M6 13H2&quot;[39m
    [36m/&gt;[39m
    [36m&lt;path[39m
      [33md[39m=[32m&quot;M3 21c0-2.1 1.7-3.9 3.8-4&quot;[39m
    [36m/&gt;[39m
    [36m&lt;path[39m
      [33md[39m=[32m&quot;M20.97 5c0 2.1-1.6 3.8-3.5 4&quot;[39m
    [36m/&gt;[39m
    [36m&lt;path[39m
      [33md[39m=[32m&quot;M22 13h-4&quot;[39m
    [36m/&gt;[39m
    [36m&lt;path[39m
      [33md[39m=[32m&quot;M17.2 17c2.1.1 3.8 1.9 3.8 4&quot;[39m
    [36m/&gt;[39m
  [36m&lt;/svg&gt;[39m
  [0mError Details (Development Only)[0m
[36m&lt;/summary&gt;[39m

Ignored nodes: comments, script, style
[36m&lt;summary[39m
  [33mstyle[39m=[32m&quot;cursor: pointer; margin-bottom: 8px; color: rgb(107, 114, 128); font-size: 12px;&quot;[39m
[36m&gt;[39m
  [36m&lt;svg[39m
    [33maria-hidden[39m=[32m&quot;true&quot;[39m
    [33mclass[39m=[32m&quot;lucide lucide-bug&quot;[39m
    [33mfill[39m=[32m&quot;none&quot;[39m
    [33mheight[39m=[32m&quot;14&quot;[39m
    [33mstroke[39m=[32m&quot;currentColor&quot;[39m
    [33mstroke-linecap[39m=[32m&quot;round&quot;[39m
    [33mstroke-linejoin[39m=[32m&quot;round&quot;[39m
    [33mstroke-width[39m=[32m&quot;2&quot;[39m
    [33mstyle[39m=[32m&quot;margin-right: 6px; vertical-align: middle;&quot;[39m
    [33mviewBox[39m=[32m&quot;0 0 24 24&quot;[39m
    [33mwidth[39m=[32m&quot;14&quot;[39m
    [33mxmlns[39m=[32m&quot;http://www.w3.org/2000/svg&quot;[39m
  [36m&gt;[39m
    [36m&lt;path[39m
      [33md[39m=[32m&quot;m8 2 1.88 1.88&quot;[39m
    [36m/&gt;[39m
    [36m&lt;path[39m
      [33md[39m=[32m&quot;M14.12 3.88 16 2&quot;[39m
    [36m/&gt;[39m
    [36m&lt;path[39m
      [33md[39m=[32m&quot;M9 7.13v-1a3.003 3.003 0 1 1 6 0v1&quot;[39m
    [36m/&gt;[39m
    [36m&lt;path[39m
      [33md[39m=[32m&quot;M12 20c-3.3 0-6-2.7-6-6v-3a4 4 0 0 1 4-4h4a4 4 0 0 1 4 4v3c0 3.3-2.7 6-6 6&quot;[39m
    [36m/&gt;[39m
    [36m&lt;path[39m
      [33md[39m=[32m&quot;M12 20v-9&quot;[39m
    [36m/&gt;[39m
    [36m&lt;path[39m
      [33md[39m=[32m&quot;M6.53 9C4.6 8.8 3 7.1 3 5&quot;[39m
    [36m/&gt;[39m
    [36m&lt;path[39m
      [33md[39m=[32m&quot;M6 13H2&quot;[39m
    [36m/&gt;[39m
    [36m&lt;path[39m
      [33md[39m=[32m&quot;M3 21c0-2.1 1.7-3.9 3.8-4&quot;[39m
    [36m/&gt;[39m
    [36m&lt;path[39m
      [33md[39m=[32m&quot;M20.97 5c0 2.1-1.6 3.8-3.5 4&quot;[39m
    [36m/&gt;[39m
    [36m&lt;path[39m
      [33md[39m=[32m&quot;M22 13h-4&quot;[39m
    [36m/&gt;[39m
    [36m&lt;path[39m
      [33md[39m=[32m&quot;M17.2 17c2.1.1 3.8 1.9 3.8 4&quot;[39m
    [36m/&gt;[39m
  [36m&lt;/svg&gt;[39m
  [0mError Details (Development Only)[0m
[36m&lt;/summary&gt;[39m

Ignored nodes: comments, script, style
[36m&lt;summary[39m
  [33mstyle[39m=[32m&quot;cursor: pointer; margin-bottom: 8px; color: rgb(107, 114, 128); font-size: 12px;&quot;[39m
[36m&gt;[39m
  [36m&lt;svg[39m
    [33maria-hidden[39m=[32m&quot;true&quot;[39m
    [33mclass[39m=[32m&quot;lucide lucide-bug&quot;[39m
    [33mfill[39m=[32m&quot;none&quot;[39m
    [33mheight[39m=[32m&quot;14&quot;[39m
    [33mstroke[39m=[32m&quot;currentColor&quot;[39m
    [33mstroke-linecap[39m=[32m&quot;round&quot;[39m
    [33mstroke-linejoin[39m=[32m&quot;round&quot;[39m
    [33mstroke-width[39m=[32m&quot;2&quot;[39m
    [33mstyle[39m=[32m&quot;margin-right: 6px; vertical-align: middle;&quot;[39m
    [33mviewBox[39m=[32m&quot;0 0 24 24&quot;[39m
    [33mwidth[39m=[32m&quot;14&quot;[39m
    [33mxmlns[39m=[32m&quot;http://www.w3.org/2000/svg&quot;[39m
  [36m&gt;[39m
    [36m&lt;path[39m
      [33md[39m=[32m&quot;m8 2 1.88 1.88&quot;[39m
    [36m/&gt;[39m
    [36m&lt;path[39m
      [33md[39m=[32m&quot;M14.12 3.88 16 2&quot;[39m
    [36m/&gt;[39m
    [36m&lt;path[39m
      [33md[39m=[32m&quot;M9 7.13v-1a3.003 3.003 0 1 1 6 0v1&quot;[39m
    [36m/&gt;[39m
    [36m&lt;path[39m
      [33md[39m=[32m&quot;M12 20c-3.3 0-6-2.7-6-6v-3a4 4 0 0 1 4-4h4a4 4 0 0 1 4 4v3c0 3.3-2.7 6-6 6&quot;[39m
    [36m/&gt;[39m
    [36m&lt;path[39m
      [33md[39m=[32m&quot;M12 20v-9&quot;[39m
    [36m/&gt;[39m
    [36m&lt;path[39m
      [33md[39m=[32m&quot;M6.53 9C4.6 8.8 3 7.1 3 5&quot;[39m
    [36m/&gt;[39m
    [36m&lt;path[39m
      [33md[39m=[32m&quot;M6 13H2&quot;[39m
    [36m/&gt;[39m
    [36m&lt;path[39m
      [33md[39m=[32m&quot;M3 21c0-2.1 1.7-3.9 3.8-4&quot;[39m
    [36m/&gt;[39m
    [36m&lt;path[39m
      [33md[39m=[32m&quot;M20.97 5c0 2.1-1.6 3.8-3.5 4&quot;[39m
    [36m/&gt;[39m
    [36m&lt;path[39m
      [33md[39m=[32m&quot;M22 13h-4&quot;[39m
    [36m/&gt;[39m
    [36m&lt;path[39m
      [33md[39m=[32m&quot;M17.2 17c2.1.1 3.8 1.9 3.8 4&quot;[39m
    [36m/&gt;[39m
  [36m&lt;/svg&gt;[39m
  [0mError Details (Development Only)[0m
[36m&lt;/summary&gt;[39m

Ignored nodes: comments, script, style
[36m&lt;summary[39m
  [33mstyle[39m=[32m&quot;cursor: pointer; margin-bottom: 8px; color: rgb(107, 114, 128); font-size: 12px;&quot;[39m
[36m&gt;[39m
  [36m&lt;svg[39m
    [33maria-hidden[39m=[32m&quot;true&quot;[39m
    [33mclass[39m=[32m&quot;lucide lucide-bug&quot;[39m
    [33mfill[39m=[32m&quot;none&quot;[39m
    [33mheight[39m=[32m&quot;14&quot;[39m
    [33mstroke[39m=[32m&quot;currentColor&quot;[39m
    [33mstroke-linecap[39m=[32m&quot;round&quot;[39m
    [33mstroke-linejoin[39m=[32m&quot;round&quot;[39m
    [33mstroke-width[39m=[32m&quot;2&quot;[39m
    [33mstyle[39m=[32m&quot;margin-right: 6px; vertical-align: middle;&quot;[39m
    [33mviewBox[39m=[32m&quot;0 0 24 24&quot;[39m
    [33mwidth[39m=[32m&quot;14&quot;[39m
    [33mxmlns[39m=[32m&quot;http://www.w3.org/2000/svg&quot;[39m
  [36m&gt;[39m
    [36m&lt;path[39m
      [33md[39m=[32m&quot;m8 2 1.88 1.88&quot;[39m
    [36m/&gt;[39m
    [36m&lt;path[39m
      [33md[39m=[32m&quot;M14.12 3.88 16 2&quot;[39m
    [36m/&gt;[39m
    [36m&lt;path[39m
      [33md[39m=[32m&quot;M9 7.13v-1a3.003 3.003 0 1 1 6 0v1&quot;[39m
    [36m/&gt;[39m
    [36m&lt;path[39m
      [33md[39m=[32m&quot;M12 20c-3.3 0-6-2.7-6-6v-3a4 4 0 0 1 4-4h4a4 4 0 0 1 4 4v3c0 3.3-2.7 6-6 6&quot;[39m
    [36m/&gt;[39m
    [36m&lt;path[39m
      [33md[39m=[32m&quot;M12 20v-9&quot;[39m
    [36m/&gt;[39m
    [36m&lt;path[39m
      [33md[39m=[32m&quot;M6.53 9C4.6 8.8 3 7.1 3 5&quot;[39m
    [36m/&gt;[39m
    [36m&lt;path[39m
      [33md[39m=[32m&quot;M6 13H2&quot;[39m
    [36m/&gt;[39m
    [36m&lt;path[39m
      [33md[39m=[32m&quot;M3 21c0-2.1 1.7-3.9 3.8-4&quot;[39m
    [36m/&gt;[39m
    [36m&lt;path[39m
      [33md[39m=[32m&quot;M20.97 5c0 2.1-1.6 3.8-3.5 4&quot;[39m
    [36m/&gt;[39m
    [36m&lt;path[39m
      [33md[39m=[32m&quot;M22 13h-4&quot;[39m
    [36m/&gt;[39m
    [36m&lt;path[39m
      [33md[39m=[32m&quot;M17.2 17c2.1.1 3.8 1.9 3.8 4&quot;[39m
    [36m/&gt;[39m
  [36m&lt;/svg&gt;[39m
  [0mError Details (Development Only)[0m
[36m&lt;/summary&gt;[39m

Ignored nodes: comments, script, style
[36m&lt;summary[39m
  [33mstyle[39m=[32m&quot;cursor: pointer; margin-bottom: 8px; color: rgb(107, 114, 128); font-size: 12px;&quot;[39m
[36m&gt;[39m
  [36m&lt;svg[39m
    [33maria-hidden[39m=[32m&quot;true&quot;[39m
    [33mclass[39m=[32m&quot;lucide lucide-bug&quot;[39m
    [33mfill[39m=[32m&quot;none&quot;[39m
    [33mheight[39m=[32m&quot;14&quot;[39m
    [33mstroke[39m=[32m&quot;currentColor&quot;[39m
    [33mstroke-linecap[39m=[32m&quot;round&quot;[39m
    [33mstroke-linejoin[39m=[32m&quot;round&quot;[39m
    [33mstroke-width[39m=[32m&quot;2&quot;[39m
    [33mstyle[39m=[32m&quot;margin-right: 6px; vertical-align: middle;&quot;[39m
    [33mviewBox[39m=[32m&quot;0 0 24 24&quot;[39m
    [33mwidth[39m=[32m&quot;14&quot;[39m
    [33mxmlns[39m=[32m&quot;http://www.w3.org/2000/svg&quot;[39m
  [36m&gt;[39m
    [36m&lt;path[39m
      [33md[39m=[32m&quot;m8 2 1.88 1.88&quot;[39m
    [36m/&gt;[39m
    [36m&lt;path[39m
      [33md[39m=[32m&quot;M14.12 3.88 16 2&quot;[39m
    [36m/&gt;[39m
    [36m&lt;path[39m
      [33md[39m=[32m&quot;M9 7.13v-1a3.003 3.003 0 1 1 6 0v1&quot;[39m
    [36m/&gt;[39m
    [36m&lt;path[39m
      [33md[39m=[32m&quot;M12 20c-3.3 0-6-2.7-6-6v-3a4 4 0 0 1 4-4h4a4 4 0 0 1 4 4v3c0 3.3-2.7 6-6 6&quot;[39m
    [36m/&gt;[39m
    [36m&lt;path[39m
      [33md[39m=[32m&quot;M12 20v-9&quot;[39m
    [36m/&gt;[39m
    [36m&lt;path[39m
      [33md[39m=[32m&quot;M6.53 9C4.6 8.8 3 7.1 3 5&quot;[39m
    [36m/&gt;[39m
    [36m&lt;path[39m
      [33md[39m=[32m&quot;M6 13H2&quot;[39m
    [36m/&gt;[39m
    [36m&lt;path[39m
      [33md[39m=[32m&quot;M3 21c0-2.1 1.7-3.9 3.8-4&quot;[39m
    [36m/&gt;[39m
    [36m&lt;path[39m
      [33md[39m=[32m&quot;M20.97 5c0 2.1-1.6 3.8-3.5 4&quot;[39m
    [36m/&gt;[39m
    [36m&lt;path[39m
      [33md[39m=[32m&quot;M22 13h-4&quot;[39m
    [36m/&gt;[39m
    [36m&lt;path[39m
      [33md[39m=[32m&quot;M17.2 17c2.1.1 3.8 1.9 3.8 4&quot;[39m
    [36m/&gt;[39m
  [36m&lt;/svg&gt;[39m
  [0mError Details (Development Only)[0m
[36m&lt;/summary&gt;[39m

Ignored nodes: comments, script, style
[36m&lt;summary[39m
  [33mstyle[39m=[32m&quot;cursor: pointer; margin-bottom: 8px; color: rgb(107, 114, 128); font-size: 12px;&quot;[39m
[36m&gt;[39m
  [36m&lt;svg[39m
    [33maria-hidden[39m=[32m&quot;true&quot;[39m
    [33mclass[39m=[32m&quot;lucide lucide-bug&quot;[39m
    [33mfill[39m=[32m&quot;none&quot;[39m
    [33mheight[39m=[32m&quot;14&quot;[39m
    [33mstroke[39m=[32m&quot;currentColor&quot;[39m
    [33mstroke-linecap[39m=[32m&quot;round&quot;[39m
    [33mstroke-linejoin[39m=[32m&quot;round&quot;[39m
    [33mstroke-width[39m=[32m&quot;2&quot;[39m
    [33mstyle[39m=[32m&quot;margin-right: 6px; vertical-align: middle;&quot;[39m
    [33mviewBox[39m=[32m&quot;0 0 24 24&quot;[39m
    [33mwidth[39m=[32m&quot;14&quot;[39m
    [33mxmlns[39m=[32m&quot;http://www.w3.org/2000/svg&quot;[39m
  [36m&gt;[39m
    [36m&lt;path[39m
      [33md[39m=[32m&quot;m8 2 1.88 1.88&quot;[39m
    [36m/&gt;[39m
    [36m&lt;path[39m
      [33md[39m=[32m&quot;M14.12 3.88 16 2&quot;[39m
    [36m/&gt;[39m
    [36m&lt;path[39m
      [33md[39m=[32m&quot;M9 7.13v-1a3.003 3.003 0 1 1 6 0v1&quot;[39m
    [36m/&gt;[39m
    [36m&lt;path[39m
      [33md[39m=[32m&quot;M12 20c-3.3 0-6-2.7-6-6v-3a4 4 0 0 1 4-4h4a4 4 0 0 1 4 4v3c0 3.3-2.7 6-6 6&quot;[39m
    [36m/&gt;[39m
    [36m&lt;path[39m
      [33md[39m=[32m&quot;M12 20v-9&quot;[39m
    [36m/&gt;[39m
    [36m&lt;path[39m
      [33md[39m=[32m&quot;M6.53 9C4.6 8.8 3 7.1 3 5&quot;[39m
    [36m/&gt;[39m
    [36m&lt;path[39m
      [33md[39m=[32m&quot;M6 13H2&quot;[39m
    [36m/&gt;[39m
    [36m&lt;path[39m
      [33md[39m=[32m&quot;M3 21c0-2.1 1.7-3.9 3.8-4&quot;[39m
    [36m/&gt;[39m
    [36m&lt;path[39m
      [33md[39m=[32m&quot;M20.97 5c0 2.1-1.6 3.8-3.5 4&quot;[39m
    [36m/&gt;[39m
    [36m&lt;path[39m
      [33md[39m=[32m&quot;M22 13h-4&quot;[39m
    [36m/&gt;[39m
    [36m&lt;path[39m
      [33md[39m=[32m&quot;M17.2 17c2.1.1 3.8 1.9 3.8 4&quot;[39m
    [36m/&gt;[39m
  [36m&lt;/svg&gt;[39m
  [0mError Details (Development Only)[0m
[36m&lt;/summary&gt;[39m

Ignored nodes: comments, script, style
[36m&lt;summary[39m
  [33mstyle[39m=[32m&quot;cursor: pointer; margin-bottom: 8px; color: rgb(107, 114, 128); font-size: 12px;&quot;[39m
[36m&gt;[39m
  [36m&lt;svg[39m
    [33maria-hidden[39m=[32m&quot;true&quot;[39m
    [33mclass[39m=[32m&quot;lucide lucide-bug&quot;[39m
    [33mfill[39m=[32m&quot;none&quot;[39m
    [33mheight[39m=[32m&quot;14&quot;[39m
    [33mstroke[39m=[32m&quot;currentColor&quot;[39m
    [33mstroke-linecap[39m=[32m&quot;round&quot;[39m
    [33mstroke-linejoin[39m=[32m&quot;round&quot;[39m
    [33mstroke-width[39m=[32m&quot;2&quot;[39m
    [33mstyle[39m=[32m&quot;margin-right: 6px; vertical-align: middle;&quot;[39m
    [33mviewBox[39m=[32m&quot;0 0 24 24&quot;[39m
    [33mwidth[39m=[32m&quot;14&quot;[39m
    [33mxmlns[39m=[32m&quot;http://www.w3.org/2000/svg&quot;[39m
  [36m&gt;[39m
    [36m&lt;path[39m
      [33md[39m=[32m&quot;m8 2 1.88 1.88&quot;[39m
    [36m/&gt;[39m
    [36m&lt;path[39m
      [33md[39m=[32m&quot;M14.12 3.88 16 2&quot;[39m
    [36m/&gt;[39m
    [36m&lt;path[39m
      [33md[39m=[32m&quot;M9 7.13v-1a3.003 3.003 0 1 1 6 0v1&quot;[39m
    [36m/&gt;[39m
    [36m&lt;path[39m
      [33md[39m=[32m&quot;M12 20c-3.3 0-6-2.7-6-6v-3a4 4 0 0 1 4-4h4a4 4 0 0 1 4 4v3c0 3.3-2.7 6-6 6&quot;[39m
    [36m/&gt;[39m
    [36m&lt;path[39m
      [33md[39m=[32m&quot;M12 20v-9&quot;[39m
    [36m/&gt;[39m
    [36m&lt;path[39m
      [33md[39m=[32m&quot;M6.53 9C4.6 8.8 3 7.1 3 5&quot;[39m
    [36m/&gt;[39m
    [36m&lt;path[39m
      [33md[39m=[32m&quot;M6 13H2&quot;[39m
    [36m/&gt;[39m
    [36m&lt;path[39m
      [33md[39m=[32m&quot;M3 21c0-2.1 1.7-3.9 3.8-4&quot;[39m
    [36m/&gt;[39m
    [36m&lt;path[39m
      [33md[39m=[32m&quot;M20.97 5c0 2.1-1.6 3.8-3.5 4&quot;[39m
    [36m/&gt;[39m
    [36m&lt;path[39m
      [33md[39m=[32m&quot;M22 13h-4&quot;[39m
    [36m/&gt;[39m
    [36m&lt;path[39m
      [33md[39m=[32m&quot;M17.2 17c2.1.1 3.8 1.9 3.8 4&quot;[39m
    [36m/&gt;[39m
  [36m&lt;/svg&gt;[39m
  [0mError Details (Development Only)[0m
[36m&lt;/summary&gt;[39m

Ignored nodes: comments, script, style
[36m&lt;summary[39m
  [33mstyle[39m=[32m&quot;cursor: pointer; margin-bottom: 8px; color: rgb(107, 114, 128); font-size: 12px;&quot;[39m
[36m&gt;[39m
  [36m&lt;svg[39m
    [33maria-hidden[39m=[32m&quot;true&quot;[39m
    [33mclass[39m=[32m&quot;lucide lucide-bug&quot;[39m
    [33mfill[39m=[32m&quot;none&quot;[39m
    [33mheight[39m=[32m&quot;14&quot;[39m
    [33mstroke[39m=[32m&quot;currentColor&quot;[39m
    [33mstroke-linecap[39m=[32m&quot;round&quot;[39m
    [33mstroke-linejoin[39m=[32m&quot;round&quot;[39m
    [33mstroke-width[39m=[32m&quot;2&quot;[39m
    [33mstyle[39m=[32m&quot;margin-right: 6px; vertical-align: middle;&quot;[39m
    [33mviewBox[39m=[32m&quot;0 0 24 24&quot;[39m
    [33mwidth[39m=[32m&quot;14&quot;[39m
    [33mxmlns[39m=[32m&quot;http://www.w3.org/2000/svg&quot;[39m
  [36m&gt;[39m
    [36m&lt;path[39m
      [33md[39m=[32m&quot;m8 2 1.88 1.88&quot;[39m
    [36m/&gt;[39m
    [36m&lt;path[39m
      [33md[39m=[32m&quot;M14.12 3.88 16 2&quot;[39m
    [36m/&gt;[39m
    [36m&lt;path[39m
      [33md[39m=[32m&quot;M9 7.13v-1a3.003 3.003 0 1 1 6 0v1&quot;[39m
    [36m/&gt;[39m
    [36m&lt;path[39m
      [33md[39m=[32m&quot;M12 20c-3.3 0-6-2.7-6-6v-3a4 4 0 0 1 4-4h4a4 4 0 0 1 4 4v3c0 3.3-2.7 6-6 6&quot;[39m
    [36m/&gt;[39m
    [36m&lt;path[39m
      [33md[39m=[32m&quot;M12 20v-9&quot;[39m
    [36m/&gt;[39m
    [36m&lt;path[39m
      [33md[39m=[32m&quot;M6.53 9C4.6 8.8 3 7.1 3 5&quot;[39m
    [36m/&gt;[39m
    [36m&lt;path[39m
      [33md[39m=[32m&quot;M6 13H2&quot;[39m
    [36m/&gt;[39m
    [36m&lt;path[39m
      [33md[39m=[32m&quot;M3 21c0-2.1 1.7-3.9 3.8-4&quot;[39m
    [36m/&gt;[39m
    [36m&lt;path[39m
      [33md[39m=[32m&quot;M20.97 5c0 2.1-1.6 3.8-3.5 4&quot;[39m
    [36m/&gt;[39m
    [36m&lt;path[39m
      [33md[39m=[32m&quot;M22 13h-4&quot;[39m
    [36m/&gt;[39m
    [36m&lt;path[39m
      [33md[39m=[32m&quot;M17.2 17c2.1.1 3.8 1.9 3.8 4&quot;[39m
    [36m/&gt;[39m
  [36m&lt;/svg&gt;[39m
  [0mError Details (Development Only)[0m
[36m&lt;/summary&gt;[39m

Ignored nodes: comments, script, style
[36m&lt;summary[39m
  [33mstyle[39m=[32m&quot;cursor: pointer; margin-bottom: 8px; color: rgb(107, 114, 128); font-size: 12px;&quot;[39m
[36m&gt;[39m
  [36m&lt;svg[39m
    [33maria-hidden[39m=[32m&quot;true&quot;[39m
    [33mclass[39m=[32m&quot;lucide lucide-bug&quot;[39m
    [33mfill[39m=[32m&quot;none&quot;[39m
    [33mheight[39m=[32m&quot;14&quot;[39m
    [33mstroke[39m=[32m&quot;currentColor&quot;[39m
    [33mstroke-linecap[39m=[32m&quot;round&quot;[39m
    [33mstroke-linejoin[39m=[32m&quot;round&quot;[39m
    [33mstroke-width[39m=[32m&quot;2&quot;[39m
    [33mstyle[39m=[32m&quot;margin-right: 6px; vertical-align: middle;&quot;[39m
    [33mviewBox[39m=[32m&quot;0 0 24 24&quot;[39m
    [33mwidth[39m=[32m&quot;14&quot;[39m
    [33mxmlns[39m=[32m&quot;http://www.w3.org/2000/svg&quot;[39m
  [36m&gt;[39m
    [36m&lt;path[39m
      [33md[39m=[32m&quot;m8 2 1.88 1.88&quot;[39m
    [36m/&gt;[39m
    [36m&lt;path[39m
      [33md[39m=[32m&quot;M14.12 3.88 16 2&quot;[39m
    [36m/&gt;[39m
    [36m&lt;path[39m
      [33md[39m=[32m&quot;M9 7.13v-1a3.003 3.003 0 1 1 6 0v1&quot;[39m
    [36m/&gt;[39m
    [36m&lt;path[39m
      [33md[39m=[32m&quot;M12 20c-3.3 0-6-2.7-6-6v-3a4 4 0 0 1 4-4h4a4 4 0 0 1 4 4v3c0 3.3-2.7 6-6 6&quot;[39m
    [36m/&gt;[39m
    [36m&lt;path[39m
      [33md[39m=[32m&quot;M12 20v-9&quot;[39m
    [36m/&gt;[39m
    [36m&lt;path[39m
      [33md[39m=[32m&quot;M6.53 9C4.6 8.8 3 7.1 3 5&quot;[39m
    [36m/&gt;[39m
    [36m&lt;path[39m
      [33md[39m=[32m&quot;M6 13H2&quot;[39m
    [36m/&gt;[39m
    [36m&lt;path[39m
      [33md[39m=[32m&quot;M3 21c0-2.1 1.7-3.9 3.8-4&quot;[39m
    [36m/&gt;[39m
    [36m&lt;path[39m
      [33md[39m=[32m&quot;M20.97 5c0 2.1-1.6 3.8-3.5 4&quot;[39m
    [36m/&gt;[39m
    [36m&lt;path[39m
      [33md[39m=[32m&quot;M22 13h-4&quot;[39m
    [36m/&gt;[39m
    [36m&lt;path[39m
      [33md[39m=[32m&quot;M17.2 17c2.1.1 3.8 1.9 3.8 4&quot;[39m
    [36m/&gt;[39m
  [36m&lt;/svg&gt;[39m
  [0mError Details (Development Only)[0m
[36m&lt;/summary&gt;[39m

Ignored nodes: comments, script, style
[36m&lt;summary[39m
  [33mstyle[39m=[32m&quot;cursor: pointer; margin-bottom: 8px; color: rgb(107, 114, 128); font-size: 12px;&quot;[39m
[36m&gt;[39m
  [36m&lt;svg[39m
    [33maria-hidden[39m=[32m&quot;true&quot;[39m
    [33mclass[39m=[32m&quot;lucide lucide-bug&quot;[39m
    [33mfill[39m=[32m&quot;none&quot;[39m
    [33mheight[39m=[32m&quot;14&quot;[39m
    [33mstroke[39m=[32m&quot;currentColor&quot;[39m
    [33mstroke-linecap[39m=[32m&quot;round&quot;[39m
    [33mstroke-linejoin[39m=[32m&quot;round&quot;[39m
    [33mstroke-width[39m=[32m&quot;2&quot;[39m
    [33mstyle[39m=[32m&quot;margin-right: 6px; vertical-align: middle;&quot;[39m
    [33mviewBox[39m=[32m&quot;0 0 24 24&quot;[39m
    [33mwidth[39m=[32m&quot;14&quot;[39m
    [33mxmlns[39m=[32m&quot;http://www.w3.org/2000/svg&quot;[39m
  [36m&gt;[39m
    [36m&lt;path[39m
      [33md[39m=[32m&quot;m8 2 1.88 1.88&quot;[39m
    [36m/&gt;[39m
    [36m&lt;path[39m
      [33md[39m=[32m&quot;M14.12 3.88 16 2&quot;[39m
    [36m/&gt;[39m
    [36m&lt;path[39m
      [33md[39m=[32m&quot;M9 7.13v-1a3.003 3.003 0 1 1 6 0v1&quot;[39m
    [36m/&gt;[39m
    [36m&lt;path[39m
      [33md[39m=[32m&quot;M12 20c-3.3 0-6-2.7-6-6v-3a4 4 0 0 1 4-4h4a4 4 0 0 1 4 4v3c0 3.3-2.7 6-6 6&quot;[39m
    [36m/&gt;[39m
    [36m&lt;path[39m
      [33md[39m=[32m&quot;M12 20v-9&quot;[39m
    [36m/&gt;[39m
    [36m&lt;path[39m
      [33md[39m=[32m&quot;M6.53 9C4.6 8.8 3 7.1 3 5&quot;[39m
    [36m/&gt;[39m
    [36m&lt;path[39m
      [33md[39m=[32m&quot;M6 13H2&quot;[39m
    [36m/&gt;[39m
    [36m&lt;path[39m
      [33md[39m=[32m&quot;M3 21c0-2.1 1.7-3.9 3.8-4&quot;[39m
    [36m/&gt;[39m
    [36m&lt;path[39m
      [33md[39m=[32m&quot;M20.97 5c0 2.1-1.6 3.8-3.5 4&quot;[39m
    [36m/&gt;[39m
    [36m&lt;path[39m
      [33md[39m=[32m&quot;M22 13h-4&quot;[39m
    [36m/&gt;[39m
    [36m&lt;path[39m
      [33md[39m=[32m&quot;M17.2 17c2.1.1 3.8 1.9 3.8 4&quot;[39m
    [36m/&gt;[39m
  [36m&lt;/svg&gt;[39m
  [0mError Details (Development Only)[0m
[36m&lt;/summary&gt;[39m

Ignored nodes: comments, script, style
[36m&lt;summary[39m
  [33mstyle[39m=[32m&quot;cursor: pointer; margin-bottom: 8px; color: rgb(107, 114, 128); font-size: 12px;&quot;[39m
[36m&gt;[39m
  [36m&lt;svg[39m
    [33maria-hidden[39m=[32m&quot;true&quot;[39m
    [33mclass[39m=[32m&quot;lucide lucide-bug&quot;[39m
    [33mfill[39m=[32m&quot;none&quot;[39m
    [33mheight[39m=[32m&quot;14&quot;[39m
    [33mstroke[39m=[32m&quot;currentColor&quot;[39m
    [33mstroke-linecap[39m=[32m&quot;round&quot;[39m
    [33mstroke-linejoin[39m=[32m&quot;round&quot;[39m
    [33mstroke-width[39m=[32m&quot;2&quot;[39m
    [33mstyle[39m=[32m&quot;margin-right: 6px; vertical-align: middle;&quot;[39m
    [33mviewBox[39m=[32m&quot;0 0 24 24&quot;[39m
    [33mwidth[39m=[32m&quot;14&quot;[39m
    [33mxmlns[39m=[32m&quot;http://www.w3.org/2000/svg&quot;[39m
  [36m&gt;[39m
    [36m&lt;path[39m
      [33md[39m=[32m&quot;m8 2 1.88 1.88&quot;[39m
    [36m/&gt;[39m
    [36m&lt;path[39m
      [33md[39m=[32m&quot;M14.12 3.88 16 2&quot;[39m
    [36m/&gt;[39m
    [36m&lt;path[39m
      [33md[39m=[32m&quot;M9 7.13v-1a3.003 3.003 0 1 1 6 0v1&quot;[39m
    [36m/&gt;[39m
    [36m&lt;path[39m
      [33md[39m=[32m&quot;M12 20c-3.3 0-6-2.7-6-6v-3a4 4 0 0 1 4-4h4a4 4 0 0 1 4 4v3c0 3.3-2.7 6-6 6&quot;[39m
    [36m/&gt;[39m
    [36m&lt;path[39m
      [33md[39m=[32m&quot;M12 20v-9&quot;[39m
    [36m/&gt;[39m
    [36m&lt;path[39m
      [33md[39m=[32m&quot;M6.53 9C4.6 8.8 3 7.1 3 5&quot;[39m
    [36m/&gt;[39m
    [36m&lt;path[39m
      [33md[39m=[32m&quot;M6 13H2&quot;[39m
    [36m/&gt;[39m
    [36m&lt;path[39m
      [33md[39m=[32m&quot;M3 21c0-2.1 1.7-3.9 3.8-4&quot;[39m
    [36m/&gt;[39m
    [36m&lt;path[39m
      [33md[39m=[32m&quot;M20.97 5c0 2.1-1.6 3.8-3.5 4&quot;[39m
    [36m/&gt;[39m
    [36m&lt;path[39m
      [33md[39m=[32m&quot;M22 13h-4&quot;[39m
    [36m/&gt;[39m
    [36m&lt;path[39m
      [33md[39m=[32m&quot;M17.2 17c2.1.1 3.8 1.9 3.8 4&quot;[39m
    [36m/&gt;[39m
  [36m&lt;/svg&gt;[39m
  [0mError Details (Development Only)[0m
[36m&lt;/summary&gt;[39m

Ignored nodes: comments, script, style
[36m&lt;summary[39m
  [33mstyle[39m=[32m&quot;cursor: pointer; margin-bottom: 8px; color: rgb(107, 114, 128); font-size: 12px;&quot;[39m
[36m&gt;[39m
  [36m&lt;svg[39m
    [33maria-hidden[39m=[32m&quot;true&quot;[39m
    [33mclass[39m=[32m&quot;lucide lucide-bug&quot;[39m
    [33mfill[39m=[32m&quot;none&quot;[39m
    [33mheight[39m=[32m&quot;14&quot;[39m
    [33mstroke[39m=[32m&quot;currentColor&quot;[39m
    [33mstroke-linecap[39m=[32m&quot;round&quot;[39m
    [33mstroke-linejoin[39m=[32m&quot;round&quot;[39m
    [33mstroke-width[39m=[32m&quot;2&quot;[39m
    [33mstyle[39m=[32m&quot;margin-right: 6px; vertical-align: middle;&quot;[39m
    [33mviewBox[39m=[32m&quot;0 0 24 24&quot;[39m
    [33mwidth[39m=[32m&quot;14&quot;[39m
    [33mxmlns[39m=[32m&quot;http://www.w3.org/2000/svg&quot;[39m
  [36m&gt;[39m
    [36m&lt;path[39m
      [33md[39m=[32m&quot;m8 2 1.88 1.88&quot;[39m
    [36m/&gt;[39m
    [36m&lt;path[39m
      [33md[39m=[32m&quot;M14.12 3.88 16 2&quot;[39m
    [36m/&gt;[39m
    [36m&lt;path[39m
      [33md[39m=[32m&quot;M9 7.13v-1a3.003 3.003 0 1 1 6 0v1&quot;[39m
    [36m/&gt;[39m
    [36m&lt;path[39m
      [33md[39m=[32m&quot;M12 20c-3.3 0-6-2.7-6-6v-3a4 4 0 0 1 4-4h4a4 4 0 0 1 4 4v3c0 3.3-2.7 6-6 6&quot;[39m
    [36m/&gt;[39m
    [36m&lt;path[39m
      [33md[39m=[32m&quot;M12 20v-9&quot;[39m
    [36m/&gt;[39m
    [36m&lt;path[39m
      [33md[39m=[32m&quot;M6.53 9C4.6 8.8 3 7.1 3 5&quot;[39m
    [36m/&gt;[39m
    [36m&lt;path[39m
      [33md[39m=[32m&quot;M6 13H2&quot;[39m
    [36m/&gt;[39m
    [36m&lt;path[39m
      [33md[39m=[32m&quot;M3 21c0-2.1 1.7-3.9 3.8-4&quot;[39m
    [36m/&gt;[39m
    [36m&lt;path[39m
      [33md[39m=[32m&quot;M20.97 5c0 2.1-1.6 3.8-3.5 4&quot;[39m
    [36m/&gt;[39m
    [36m&lt;path[39m
      [33md[39m=[32m&quot;M22 13h-4&quot;[39m
    [36m/&gt;[39m
    [36m&lt;path[39m
      [33md[39m=[32m&quot;M17.2 17c2.1.1 3.8 1.9 3.8 4&quot;[39m
    [36m/&gt;[39m
  [36m&lt;/svg&gt;[39m
  [0mError Details (Development Only)[0m
[36m&lt;/summary&gt;[39m

Ignored nodes: comments, script, style
[36m&lt;summary[39m
  [33mstyle[39m=[32m&quot;cursor: pointer; margin-bottom: 8px; color: rgb(107, 114, 128); font-size: 12px;&quot;[39m
[36m&gt;[39m
  [36m&lt;svg[39m
    [33maria-hidden[39m=[32m&quot;true&quot;[39m
    [33mclass[39m=[32m&quot;lucide lucide-bug&quot;[39m
    [33mfill[39m=[32m&quot;none&quot;[39m
    [33mheight[39m=[32m&quot;14&quot;[39m
    [33mstroke[39m=[32m&quot;currentColor&quot;[39m
    [33mstroke-linecap[39m=[32m&quot;round&quot;[39m
    [33mstroke-linejoin[39m=[32m&quot;round&quot;[39m
    [33mstroke-width[39m=[32m&quot;2&quot;[39m
    [33mstyle[39m=[32m&quot;margin-right: 6px; vertical-align: middle;&quot;[39m
    [33mviewBox[39m=[32m&quot;0 0 24 24&quot;[39m
    [33mwidth[39m=[32m&quot;14&quot;[39m
    [33mxmlns[39m=[32m&quot;http://www.w3.org/2000/svg&quot;[39m
  [36m&gt;[39m
    [36m&lt;path[39m
      [33md[39m=[32m&quot;m8 2 1.88 1.88&quot;[39m
    [36m/&gt;[39m
    [36m&lt;path[39m
      [33md[39m=[32m&quot;M14.12 3.88 16 2&quot;[39m
    [36m/&gt;[39m
    [36m&lt;path[39m
      [33md[39m=[32m&quot;M9 7.13v-1a3.003 3.003 0 1 1 6 0v1&quot;[39m
    [36m/&gt;[39m
    [36m&lt;path[39m
      [33md[39m=[32m&quot;M12 20c-3.3 0-6-2.7-6-6v-3a4 4 0 0 1 4-4h4a4 4 0 0 1 4 4v3c0 3.3-2.7 6-6 6&quot;[39m
    [36m/&gt;[39m
    [36m&lt;path[39m
      [33md[39m=[32m&quot;M12 20v-9&quot;[39m
    [36m/&gt;[39m
    [36m&lt;path[39m
      [33md[39m=[32m&quot;M6.53 9C4.6 8.8 3 7.1 3 5&quot;[39m
    [36m/&gt;[39m
    [36m&lt;path[39m
      [33md[39m=[32m&quot;M6 13H2&quot;[39m
    [36m/&gt;[39m
    [36m&lt;path[39m
      [33md[39m=[32m&quot;M3 21c0-2.1 1.7-3.9 3.8-4&quot;[39m
    [36m/&gt;[39m
    [36m&lt;path[39m
      [33md[39m=[32m&quot;M20.97 5c0 2.1-1.6 3.8-3.5 4&quot;[39m
    [36m/&gt;[39m
    [36m&lt;path[39m
      [33md[39m=[32m&quot;M22 13h-4&quot;[39m
    [36m/&gt;[39m
    [36m&lt;path[39m
      [33md[39m=[32m&quot;M17.2 17c2.1.1 3.8 1.9 3.8 4&quot;[39m
    [36m/&gt;[39m
  [36m&lt;/svg&gt;[39m
  [0mError Details (Development Only)[0m
[36m&lt;/summary&gt;[39m

Ignored nodes: comments, script, style
[36m&lt;summary[39m
  [33mstyle[39m=[32m&quot;cursor: pointer; margin-bottom: 8px; color: rgb(156, 163, 175); font-size: 12px;&quot;[39m
[36m&gt;[39m
  [36m&lt;svg[39m
    [33maria-hidden[39m=[32m&quot;true&quot;[39m
    [33mclass[39m=[32m&quot;lucide lucide-bug&quot;[39m
    [33mfill[39m=[32m&quot;none&quot;[39m
    [33mheight[39m=[32m&quot;14&quot;[39m
    [33mstroke[39m=[32m&quot;currentColor&quot;[39m
    [33mstroke-linecap[39m=[32m&quot;round&quot;[39m
    [33mstroke-linejoin[39m=[32m&quot;round&quot;[39m
    [33mstroke-width[39m=[32m&quot;2&quot;[39m
    [33mstyle[39m=[32m&quot;margin-right: 6px; vertical-align: middle;&quot;[39m
    [33mviewBox[39m=[32m&quot;0 0 24 24&quot;[39m
    [33mwidth[39m=[32m&quot;14&quot;[39m
    [33mxmlns[39m=[32m&quot;http://www.w3.org/2000/svg&quot;[39m
  [36m&gt;[39m
    [36m&lt;path[39m
      [33md[39m=[32m&quot;m8 2 1.88 1.88&quot;[39m
    [36m/&gt;[39m
    [36m&lt;path[39m
      [33md[39m=[32m&quot;M14.12 3.88 16 2&quot;[39m
    [36m/&gt;[39m
    [36m&lt;path[39m
      [33md[39m=[32m&quot;M9 7.13v-1a3.003 3.003 0 1 1 6 0v1&quot;[39m
    [36m/&gt;[39m
    [36m&lt;path[39m
      [33md[39m=[32m&quot;M12 20c-3.3 0-6-2.7-6-6v-3a4 4 0 0 1 4-4h4a4 4 0 0 1 4 4v3c0 3.3-2.7 6-6 6&quot;[39m
    [36m/&gt;[39m
    [36m&lt;path[39m
      [33md[39m=[32m&quot;M12 20v-9&quot;[39m
    [36m/&gt;[39m
    [36m&lt;path[39m
      [33md[39m=[32m&quot;M6.53 9C4.6 8.8 3 7.1 3 5&quot;[39m
    [36m/&gt;[39m
    [36m&lt;path[39m
      [33md[39m=[32m&quot;M6 13H2&quot;[39m
    [36m/&gt;[39m
    [36m&lt;path[39m
      [33md[39m=[32m&quot;M3 21c0-2.1 1.7-3.9 3.8-4&quot;[39m
    [36m/&gt;[39m
    [36m&lt;path[39m
      [33md[39m=[32m&quot;M20.97 5c0 2.1-1.6 3.8-3.5 4&quot;[39m
    [36m/&gt;[39m
    [36m&lt;path[39m
      [33md[39m=[32m&quot;M22 13h-4&quot;[39m
    [36m/&gt;[39m
    [36m&lt;path[39m
      [33md[39m=[32m&quot;M17.2 17c2.1.1 3.8 1.9 3.8 4&quot;[39m
    [36m/&gt;[39m
  [36m&lt;/svg&gt;[39m
  [0mError Details (Development Only)[0m
[36m&lt;/summary&gt;[39m

Ignored nodes: comments, script, style
[36m&lt;summary[39m
  [33mstyle[39m=[32m&quot;cursor: pointer; margin-bottom: 8px; color: rgb(107, 114, 128); font-size: 12px;&quot;[39m
[36m&gt;[39m
  [36m&lt;svg[39m
    [33maria-hidden[39m=[32m&quot;true&quot;[39m
    [33mclass[39m=[32m&quot;lucide lucide-bug&quot;[39m
    [33mfill[39m=[32m&quot;none&quot;[39m
    [33mheight[39m=[32m&quot;14&quot;[39m
    [33mstroke[39m=[32m&quot;currentColor&quot;[39m
    [33mstroke-linecap[39m=[32m&quot;round&quot;[39m
    [33mstroke-linejoin[39m=[32m&quot;round&quot;[39m
    [33mstroke-width[39m=[32m&quot;2&quot;[39m
    [33mstyle[39m=[32m&quot;margin-right: 6px; vertical-align: middle;&quot;[39m
    [33mviewBox[39m=[32m&quot;0 0 24 24&quot;[39m
    [33mwidth[39m=[32m&quot;14&quot;[39m
    [33mxmlns[39m=[32m&quot;http://www.w3.org/2000/svg&quot;[39m
  [36m&gt;[39m
    [36m&lt;path[39m
      [33md[39m=[32m&quot;m8 2 1.88 1.88&quot;[39m
    [36m/&gt;[39m
    [36m&lt;path[39m
      [33md[39m=[32m&quot;M14.12 3.88 16 2&quot;[39m
    [36m/&gt;[39m
    [36m&lt;path[39m
      [33md[39m=[32m&quot;M9 7.13v-1a3.003 3.003 0 1 1 6 0v1&quot;[39m
    [36m/&gt;[39m
    [36m&lt;path[39m
      [33md[39m=[32m&quot;M12 20c-3.3 0-6-2.7-6-6v-3a4 4 0 0 1 4-4h4a4 4 0 0 1 4 4v3c0 3.3-2.7 6-6 6&quot;[39m
    [36m/&gt;[39m
    [36m&lt;path[39m
      [33md[39m=[32m&quot;M12 20v-9&quot;[39m
    [36m/&gt;[39m
    [36m&lt;path[39m
      [33md[39m=[32m&quot;M6.53 9C4.6 8.8 3 7.1 3 5&quot;[39m
    [36m/&gt;[39m
    [36m&lt;path[39m
      [33md[39m=[32m&quot;M6 13H2&quot;[39m
    [36m/&gt;[39m
    [36m&lt;path[39m
      [33md[39m=[32m&quot;M3 21c0-2.1 1.7-3.9 3.8-4&quot;[39m
    [36m/&gt;[39m
    [36m&lt;path[39m
      [33md[39m=[32m&quot;M20.97 5c0 2.1-1.6 3.8-3.5 4&quot;[39m
    [36m/&gt;[39m
    [36m&lt;path[39m
      [33md[39m=[32m&quot;M22 13h-4&quot;[39m
    [36m/&gt;[39m
    [36m&lt;path[39m
      [33md[39m=[32m&quot;M17.2 17c2.1.1 3.8 1.9 3.8 4&quot;[39m
    [36m/&gt;[39m
  [36m&lt;/svg&gt;[39m
  [0mError Details (Development Only)[0m
[36m&lt;/summary&gt;[39m

Ignored nodes: comments, script, style
[36m&lt;summary[39m
  [33mstyle[39m=[32m&quot;cursor: pointer; margin-bottom: 8px; color: rgb(107, 114, 128); font-size: 12px;&quot;[39m
[36m&gt;[39m
  [36m&lt;svg[39m
    [33maria-hidden[39m=[32m&quot;true&quot;[39m
    [33mclass[39m=[32m&quot;lucide lucide-bug&quot;[39m
    [33mfill[39m=[32m&quot;none&quot;[39m
    [33mheight[39m=[32m&quot;14&quot;[39m
    [33mstroke[39m=[32m&quot;currentColor&quot;[39m
    [33mstroke-linecap[39m=[32m&quot;round&quot;[39m
    [33mstroke-linejoin[39m=[32m&quot;round&quot;[39m
    [33mstroke-width[39m=[32m&quot;2&quot;[39m
    [33mstyle[39m=[32m&quot;margin-right: 6px; vertical-align: middle;&quot;[39m
    [33mviewBox[39m=[32m&quot;0 0 24 24&quot;[39m
    [33mwidth[39m=[32m&quot;14&quot;[39m
    [33mxmlns[39m=[32m&quot;http://www.w3.org/2000/svg&quot;[39m
  [36m&gt;[39m
    [36m&lt;path[39m
      [33md[39m=[32m&quot;m8 2 1.88 1.88&quot;[39m
    [36m/&gt;[39m
    [36m&lt;path[39m
      [33md[39m=[32m&quot;M14.12 3.88 16 2&quot;[39m
    [36m/&gt;[39m
    [36m&lt;path[39m
      [33md[39m=[32m&quot;M9 7.13v-1a3.003 3.003 0 1 1 6 0v1&quot;[39m
    [36m/&gt;[39m
    [36m&lt;path[39m
      [33md[39m=[32m&quot;M12 20c-3.3 0-6-2.7-6-6v-3a4 4 0 0 1 4-4h4a4 4 0 0 1 4 4v3c0 3.3-2.7 6-6 6&quot;[39m
    [36m/&gt;[39m
    [36m&lt;path[39m
      [33md[39m=[32m&quot;M12 20v-9&quot;[39m
    [36m/&gt;[39m
    [36m&lt;path[39m
      [33md[39m=[32m&quot;M6.53 9C4.6 8.8 3 7.1 3 5&quot;[39m
    [36m/&gt;[39m
    [36m&lt;path[39m
      [33md[39m=[32m&quot;M6 13H2&quot;[39m
    [36m/&gt;[39m
    [36m&lt;path[39m
      [33md[39m=[32m&quot;M3 21c0-2.1 1.7-3.9 3.8-4&quot;[39m
    [36m/&gt;[39m
    [36m&lt;path[39m
      [33md[39m=[32m&quot;M20.97 5c0 2.1-1.6 3.8-3.5 4&quot;[39m
    [36m/&gt;[39m
    [36m&lt;path[39m
      [33md[39m=[32m&quot;M22 13h-4&quot;[39m
    [36m/&gt;[39m
    [36m&lt;path[39m
      [33md[39m=[32m&quot;M17.2 17c2.1.1 3.8 1.9 3.8 4&quot;[39m
    [36m/&gt;[39m
  [36m&lt;/svg&gt;[39m
  [0mError Details (Development Only)[0m
[36m&lt;/summary&gt;[39m

(If this is intentional, then use the `*AllBy*` variant of the query (like `queryAllByText`, `getAllByText`, or `findAllByText`)).

Ignored nodes: comments, script, style
[36m&lt;body&gt;[39m
  [36m&lt;div&gt;[39m
    [36m&lt;div[39m
      [33mdata-testid[39m=[32m&quot;test-content&quot;[39m
    [36m&gt;[39m
      [0mTest content[0m
    [36m&lt;/div&gt;[39m
  [36m&lt;/div&gt;[39m
  [36m&lt;div&gt;[39m
    [36m&lt;div[39m
      [33mstyle[39m=[32m&quot;min-height: 400px; background: rgb(245, 245, 245); display: flex; align-items: center; justify-content: center; padding: 32px; border-radius: 8px;&quot;[39m
    [36m&gt;[39m
      [36m&lt;div[39m
        [33mstyle[39m=[32m&quot;max-width: 600px; width: 100%; text-align: center; background: rgba(255, 255, 255, 0.9); border-radius: 16px; padding: 32px; border: 1px solid rgb(229, 231, 235); box-shadow: 0 4px 6px rgba(0, 0, 0, 0.1);&quot;[39m
      [36m&gt;[39m
        [36m&lt;svg[39m
          [33maria-hidden[39m=[32m&quot;true&quot;[39m
          [33mclass[39m=[32m&quot;lucide lucide-circle-alert&quot;[39m
          [33mfill[39m=[32m&quot;none&quot;[39m
          [33mheight[39m=[32m&quot;48&quot;[39m
          [33mstroke[39m=[32m&quot;currentColor&quot;[39m
          [33mstroke-linecap[39m=[32m&quot;round&quot;[39m
          [33mstroke-linejoin[39m=[32m&quot;round&quot;[39m
          [33mstroke-width[39m=[32m&quot;2&quot;[39m
          [33mstyle[39m=[32m&quot;color: rgb(239, 68, 68); margin-bottom: 16px;&quot;[39m
          [33mviewBox[39m=[32m&quot;0 0 24 24&quot;[39m
          [33mwidth[39m=[32m&quot;48&quot;[39m
          [33mxmlns[39m=[32m&quot;http://www.w3.org/2000/svg&quot;[39m
        [36m&gt;[39m
          [36m&lt;circle[39m
            [33mcx[39m=[32m&quot;12&quot;[39m
            [33mcy[39m=[32m&quot;12&quot;[39m
            [33mr[39m=[32m&quot;10&quot;[39m
          [36m/&gt;[39m
          [36m&lt;line[39m
            [33mx1[39m=[32m&quot;12&quot;[39m
            [33mx2[39m=[32m&quot;12&quot;[39m
            [33my1[39m=[32m&quot;8&quot;[39m
            [33my2[39m=[32m&quot;12&quot;[39m
          [36m/&gt;[39m
          [36m&lt;line[39m
            [33mx1[39m=[32m&quot;12&quot;[39m
            [33mx2[39m=[32m&quot;12.01&quot;[39m
            [33my1[39m=[32m&quot;16&quot;[39m
            [33my2[39m=[32m&quot;16&quot;[39m
          [36m/&gt;[39m
        [36m&lt;/svg&gt;[39m
        [36m&lt;h3[39m
          [33mstyle[39m=[32m&quot;font-size: 20px; font-weight: bold; margin-bottom: 8px; color: rgb(31, 41, 55);&quot;[39m
        [36m&gt;[39m
          [0mNetwork Connection Issue[0m
        [36m&lt;/h3&gt;[39m
        [36m&lt;p[39m
          [33mstyle[39m=[32m&quot;font-size: 14px; margin-bottom: 20px; color: rgb(107, 114, 128); line-height: 1.5;&quot;[39m
        [36m&gt;[39m
          [0mCheck your internet connection and try again. If the problem persists, contact your network administrator.[0m
        [36m&lt;/p&gt;[39m
        [36m&lt;details[39m
          [33mstyle[39m=[32m&quot;text-align: left; margin-bottom: 20px; background: rgba(0, 0, 0, 0.05); padding: 12px; border-radius: 6px; font-size: 12px;&quot;[39m
        [36m&gt;[39m
          [36m&lt;summary[39m
            [33mstyle[39m=[32m&quot;cursor: pointer; margin-bottom: 8px; color: rgb(107, 114, 128); font-size: 12px;&quot;[39m
          [36m&gt;[39m
            [36m&lt;svg[39m
              [33maria-hidden[39m=[32m&quot;true&quot;[39m
              [33mclass[39m=[32m&quot;lucide lucide-bug&quot;[39m
              [33mfill[39m=[32m&quot;none&quot;[39m
              [33mheight[39m=[32m&quot;14&quot;[39m
              [33mstroke[39m=[32m&quot;currentColor&quot;[39m
              [33mstroke-linecap[39m=[32m&quot;round&quot;[39m
              [33mstroke-linejoin[39m=[32m&quot;round&quot;[39m
              [33mstroke-width[39m=[32m&quot;2&quot;[39m
              [33mstyle[39m=[32m&quot;margin-right: 6px; vertical-align: middle;&quot;[39m
              [33mviewBox[39m=[32m&quot;0 0 24 24&quot;[39m
              [33mwidth[39m=[32m&quot;14&quot;[39m
              [33mxmlns[39m=[32m&quot;http://www.w3.org/2000/svg&quot;[39m
            [36m&gt;[39m
              [36m&lt;path[39m
                [33md[39m=[32m&quot;m8 2 1.88 1.88&quot;[39m
              [36m/&gt;[39m
              [36m&lt;path[39m
                [33md[39m=[32m&quot;M14.12 3.88 16 2&quot;[39m
              [36m/&gt;[39m
              [36m&lt;path[39m
                [33md[39m=[32m&quot;M9 7.13v-1a3.003 3.003 0 1 1 6 0v1&quot;[39m
              [36m/&gt;[39m
              [36m&lt;path[39m
                [33md[39m=[32m&quot;M12 20c-3.3 0-6-2.7-6-6v-3a4 4 0 0 1 4-4h4a4 4 0 0 1 4 4v3c0 3.3-2.7 6-6 6&quot;[39m
              [36m/&gt;[39m
              [36m&lt;path[39m
                [33md[39m=[32m&quot;M12 20v-9&quot;[39m
              [36m/&gt;[39m
              [36m&lt;path[39m
                [33md[39m=[32m&quot;M6.53 9C4.6 8.8 3 7.1 3 5&quot;[39m
              [36m/&gt;[39m
              [36m&lt;path[39m
                [33md[39m=[32m&quot;M6 13H2&quot;[39m
              [36m/&gt;[39m
              [36m&lt;path[39m
                [33md[39m=[32m&quot;M3 21c0-2.1 1.7-3.9 3.8-4&quot;[39m
              [36m/&gt;[39m
              [36m&lt;path[39m
                [33md[39m=[32m&quot;M20.97 5c0 2.1-1.6 3.8-3.5 4&quot;[39m
              [36m/&gt;[39m
              [36m&lt;path[39m
                [33md[39m=[32m&quot;M22 13h-4&quot;[39m
              [36m/&gt;[39m
              [36m&lt;path[39m
                [33md[39m=[32m&quot;M17.2 17c2.1.1 3.8 1.9 3.8 4&quot;[39m
              [36m/&gt;[39m
            [36m&lt;/svg&gt;[39m
            [0mError Details (Development Only)[0m
          [36m&lt;/summary&gt;[39m
          [36m&lt;div[39m
            [33mstyle[39m=[32m&quot;font-family: monospace; color: rgb(75, 85, 99); word-break: break-word;&quot;[39m
          [36m&gt;[39m
            [36m&lt;strong&gt;[39m
              [0mType:[0m
            [36m&lt;/strong&gt;[39m
            [0m [0m
            [0mNETWORK[0m
            [36m&lt;br /&gt;[39m
            [36m&lt;strong&gt;[39m
              [0mCode:[0m
            [36m&lt;/strong&gt;[39m
            [0m [0m
            [0mNETWORK_ERROR[0m
            [36m&lt;br /&gt;[39m
            [36m&lt;strong&gt;[39m
              [0mMessage:[0m
            [36m&lt;/strong&gt;[39m
            [0m [0m
            [0mTest error message[0m
            [36m&lt;br /&gt;[39m
            [36m&lt;strong&gt;[39m
              [0mStack:[0m
            [36m&lt;/strong&gt;[39m
            [36m&lt;pre[39m
              [33mstyle[39m=[32m&quot;white-space: pre-wrap; word-break: break-word; margin: 4px 0px 0px 0px; font-size: 10px;&quot;[39m
            [36m&gt;[39m
              [0mAppError: Test error message
    at ThrowErrorComponent (/home/ilya/projects/SimpleAdminReporter/frontend/src/components/query/__tests__/QueryPreviewErrorBoundary.test.tsx:59:19)
    at Object.react_stack_bottom_frame (/home/ilya/projects/SimpleAdminReporter/frontend/node_modules/react-dom/cjs/react-dom-client.development.js:23863:20)
    at renderWithHooks (/home/ilya/projects/SimpleAdminReporter/frontend/node_modules/react-dom/cjs/react-dom-client.development.js:5529:22)
    at updateFunctionComponent (/home/ilya/projects/SimpleAdminReporter/frontend/node_modules/react-dom/cjs/react-dom-client.development.js:8897:19)
    at beginWork (/home/ilya/projects/SimpleAdminReporter/frontend/node_modules/react-dom/cjs/react-dom-client.development.js:10522:18)
    at runWithFiberInDEV (/home/ilya/projects/SimpleAdminReporter/frontend/node_modules/react-dom/cjs/react-dom-client.development.js:1522:13..." type="TestingLibraryElementError">
TestingLibraryElementError: Found multiple elements with the text: Error Details (Development Only)

Here are the matching elements:

Ignored nodes: comments, script, style
&lt;summary
  style=&quot;cursor: pointer; margin-bottom: 8px; color: rgb(107, 114, 128); font-size: 12px;&quot;
&gt;
  &lt;svg
    aria-hidden=&quot;true&quot;
    class=&quot;lucide lucide-bug&quot;
    fill=&quot;none&quot;
    height=&quot;14&quot;
    stroke=&quot;currentColor&quot;
    stroke-linecap=&quot;round&quot;
    stroke-linejoin=&quot;round&quot;
    stroke-width=&quot;2&quot;
    style=&quot;margin-right: 6px; vertical-align: middle;&quot;
    viewBox=&quot;0 0 24 24&quot;
    width=&quot;14&quot;
    xmlns=&quot;http://www.w3.org/2000/svg&quot;
  &gt;
    &lt;path
      d=&quot;m8 2 1.88 1.88&quot;
    /&gt;
    &lt;path
      d=&quot;M14.12 3.88 16 2&quot;
    /&gt;
    &lt;path
      d=&quot;M9 7.13v-1a3.003 3.003 0 1 1 6 0v1&quot;
    /&gt;
    &lt;path
      d=&quot;M12 20c-3.3 0-6-2.7-6-6v-3a4 4 0 0 1 4-4h4a4 4 0 0 1 4 4v3c0 3.3-2.7 6-6 6&quot;
    /&gt;
    &lt;path
      d=&quot;M12 20v-9&quot;
    /&gt;
    &lt;path
      d=&quot;M6.53 9C4.6 8.8 3 7.1 3 5&quot;
    /&gt;
    &lt;path
      d=&quot;M6 13H2&quot;
    /&gt;
    &lt;path
      d=&quot;M3 21c0-2.1 1.7-3.9 3.8-4&quot;
    /&gt;
    &lt;path
      d=&quot;M20.97 5c0 2.1-1.6 3.8-3.5 4&quot;
    /&gt;
    &lt;path
      d=&quot;M22 13h-4&quot;
    /&gt;
    &lt;path
      d=&quot;M17.2 17c2.1.1 3.8 1.9 3.8 4&quot;
    /&gt;
  &lt;/svg&gt;
  Error Details (Development Only)
&lt;/summary&gt;

Ignored nodes: comments, script, style
&lt;summary
  style=&quot;cursor: pointer; margin-bottom: 8px; color: rgb(107, 114, 128); font-size: 12px;&quot;
&gt;
  &lt;svg
    aria-hidden=&quot;true&quot;
    class=&quot;lucide lucide-bug&quot;
    fill=&quot;none&quot;
    height=&quot;14&quot;
    stroke=&quot;currentColor&quot;
    stroke-linecap=&quot;round&quot;
    stroke-linejoin=&quot;round&quot;
    stroke-width=&quot;2&quot;
    style=&quot;margin-right: 6px; vertical-align: middle;&quot;
    viewBox=&quot;0 0 24 24&quot;
    width=&quot;14&quot;
    xmlns=&quot;http://www.w3.org/2000/svg&quot;
  &gt;
    &lt;path
      d=&quot;m8 2 1.88 1.88&quot;
    /&gt;
    &lt;path
      d=&quot;M14.12 3.88 16 2&quot;
    /&gt;
    &lt;path
      d=&quot;M9 7.13v-1a3.003 3.003 0 1 1 6 0v1&quot;
    /&gt;
    &lt;path
      d=&quot;M12 20c-3.3 0-6-2.7-6-6v-3a4 4 0 0 1 4-4h4a4 4 0 0 1 4 4v3c0 3.3-2.7 6-6 6&quot;
    /&gt;
    &lt;path
      d=&quot;M12 20v-9&quot;
    /&gt;
    &lt;path
      d=&quot;M6.53 9C4.6 8.8 3 7.1 3 5&quot;
    /&gt;
    &lt;path
      d=&quot;M6 13H2&quot;
    /&gt;
    &lt;path
      d=&quot;M3 21c0-2.1 1.7-3.9 3.8-4&quot;
    /&gt;
    &lt;path
      d=&quot;M20.97 5c0 2.1-1.6 3.8-3.5 4&quot;
    /&gt;
    &lt;path
      d=&quot;M22 13h-4&quot;
    /&gt;
    &lt;path
      d=&quot;M17.2 17c2.1.1 3.8 1.9 3.8 4&quot;
    /&gt;
  &lt;/svg&gt;
  Error Details (Development Only)
&lt;/summary&gt;

Ignored nodes: comments, script, style
&lt;summary
  style=&quot;cursor: pointer; margin-bottom: 8px; color: rgb(107, 114, 128); font-size: 12px;&quot;
&gt;
  &lt;svg
    aria-hidden=&quot;true&quot;
    class=&quot;lucide lucide-bug&quot;
    fill=&quot;none&quot;
    height=&quot;14&quot;
    stroke=&quot;currentColor&quot;
    stroke-linecap=&quot;round&quot;
    stroke-linejoin=&quot;round&quot;
    stroke-width=&quot;2&quot;
    style=&quot;margin-right: 6px; vertical-align: middle;&quot;
    viewBox=&quot;0 0 24 24&quot;
    width=&quot;14&quot;
    xmlns=&quot;http://www.w3.org/2000/svg&quot;
  &gt;
    &lt;path
      d=&quot;m8 2 1.88 1.88&quot;
    /&gt;
    &lt;path
      d=&quot;M14.12 3.88 16 2&quot;
    /&gt;
    &lt;path
      d=&quot;M9 7.13v-1a3.003 3.003 0 1 1 6 0v1&quot;
    /&gt;
    &lt;path
      d=&quot;M12 20c-3.3 0-6-2.7-6-6v-3a4 4 0 0 1 4-4h4a4 4 0 0 1 4 4v3c0 3.3-2.7 6-6 6&quot;
    /&gt;
    &lt;path
      d=&quot;M12 20v-9&quot;
    /&gt;
    &lt;path
      d=&quot;M6.53 9C4.6 8.8 3 7.1 3 5&quot;
    /&gt;
    &lt;path
      d=&quot;M6 13H2&quot;
    /&gt;
    &lt;path
      d=&quot;M3 21c0-2.1 1.7-3.9 3.8-4&quot;
    /&gt;
    &lt;path
      d=&quot;M20.97 5c0 2.1-1.6 3.8-3.5 4&quot;
    /&gt;
    &lt;path
      d=&quot;M22 13h-4&quot;
    /&gt;
    &lt;path
      d=&quot;M17.2 17c2.1.1 3.8 1.9 3.8 4&quot;
    /&gt;
  &lt;/svg&gt;
  Error Details (Development Only)
&lt;/summary&gt;

Ignored nodes: comments, script, style
&lt;summary
  style=&quot;cursor: pointer; margin-bottom: 8px; color: rgb(107, 114, 128); font-size: 12px;&quot;
&gt;
  &lt;svg
    aria-hidden=&quot;true&quot;
    class=&quot;lucide lucide-bug&quot;
    fill=&quot;none&quot;
    height=&quot;14&quot;
    stroke=&quot;currentColor&quot;
    stroke-linecap=&quot;round&quot;
    stroke-linejoin=&quot;round&quot;
    stroke-width=&quot;2&quot;
    style=&quot;margin-right: 6px; vertical-align: middle;&quot;
    viewBox=&quot;0 0 24 24&quot;
    width=&quot;14&quot;
    xmlns=&quot;http://www.w3.org/2000/svg&quot;
  &gt;
    &lt;path
      d=&quot;m8 2 1.88 1.88&quot;
    /&gt;
    &lt;path
      d=&quot;M14.12 3.88 16 2&quot;
    /&gt;
    &lt;path
      d=&quot;M9 7.13v-1a3.003 3.003 0 1 1 6 0v1&quot;
    /&gt;
    &lt;path
      d=&quot;M12 20c-3.3 0-6-2.7-6-6v-3a4 4 0 0 1 4-4h4a4 4 0 0 1 4 4v3c0 3.3-2.7 6-6 6&quot;
    /&gt;
    &lt;path
      d=&quot;M12 20v-9&quot;
    /&gt;
    &lt;path
      d=&quot;M6.53 9C4.6 8.8 3 7.1 3 5&quot;
    /&gt;
    &lt;path
      d=&quot;M6 13H2&quot;
    /&gt;
    &lt;path
      d=&quot;M3 21c0-2.1 1.7-3.9 3.8-4&quot;
    /&gt;
    &lt;path
      d=&quot;M20.97 5c0 2.1-1.6 3.8-3.5 4&quot;
    /&gt;
    &lt;path
      d=&quot;M22 13h-4&quot;
    /&gt;
    &lt;path
      d=&quot;M17.2 17c2.1.1 3.8 1.9 3.8 4&quot;
    /&gt;
  &lt;/svg&gt;
  Error Details (Development Only)
&lt;/summary&gt;

Ignored nodes: comments, script, style
&lt;summary
  style=&quot;cursor: pointer; margin-bottom: 8px; color: rgb(107, 114, 128); font-size: 12px;&quot;
&gt;
  &lt;svg
    aria-hidden=&quot;true&quot;
    class=&quot;lucide lucide-bug&quot;
    fill=&quot;none&quot;
    height=&quot;14&quot;
    stroke=&quot;currentColor&quot;
    stroke-linecap=&quot;round&quot;
    stroke-linejoin=&quot;round&quot;
    stroke-width=&quot;2&quot;
    style=&quot;margin-right: 6px; vertical-align: middle;&quot;
    viewBox=&quot;0 0 24 24&quot;
    width=&quot;14&quot;
    xmlns=&quot;http://www.w3.org/2000/svg&quot;
  &gt;
    &lt;path
      d=&quot;m8 2 1.88 1.88&quot;
    /&gt;
    &lt;path
      d=&quot;M14.12 3.88 16 2&quot;
    /&gt;
    &lt;path
      d=&quot;M9 7.13v-1a3.003 3.003 0 1 1 6 0v1&quot;
    /&gt;
    &lt;path
      d=&quot;M12 20c-3.3 0-6-2.7-6-6v-3a4 4 0 0 1 4-4h4a4 4 0 0 1 4 4v3c0 3.3-2.7 6-6 6&quot;
    /&gt;
    &lt;path
      d=&quot;M12 20v-9&quot;
    /&gt;
    &lt;path
      d=&quot;M6.53 9C4.6 8.8 3 7.1 3 5&quot;
    /&gt;
    &lt;path
      d=&quot;M6 13H2&quot;
    /&gt;
    &lt;path
      d=&quot;M3 21c0-2.1 1.7-3.9 3.8-4&quot;
    /&gt;
    &lt;path
      d=&quot;M20.97 5c0 2.1-1.6 3.8-3.5 4&quot;
    /&gt;
    &lt;path
      d=&quot;M22 13h-4&quot;
    /&gt;
    &lt;path
      d=&quot;M17.2 17c2.1.1 3.8 1.9 3.8 4&quot;
    /&gt;
  &lt;/svg&gt;
  Error Details (Development Only)
&lt;/summary&gt;

Ignored nodes: comments, script, style
&lt;summary
  style=&quot;cursor: pointer; margin-bottom: 8px; color: rgb(107, 114, 128); font-size: 12px;&quot;
&gt;
  &lt;svg
    aria-hidden=&quot;true&quot;
    class=&quot;lucide lucide-bug&quot;
    fill=&quot;none&quot;
    height=&quot;14&quot;
    stroke=&quot;currentColor&quot;
    stroke-linecap=&quot;round&quot;
    stroke-linejoin=&quot;round&quot;
    stroke-width=&quot;2&quot;
    style=&quot;margin-right: 6px; vertical-align: middle;&quot;
    viewBox=&quot;0 0 24 24&quot;
    width=&quot;14&quot;
    xmlns=&quot;http://www.w3.org/2000/svg&quot;
  &gt;
    &lt;path
      d=&quot;m8 2 1.88 1.88&quot;
    /&gt;
    &lt;path
      d=&quot;M14.12 3.88 16 2&quot;
    /&gt;
    &lt;path
      d=&quot;M9 7.13v-1a3.003 3.003 0 1 1 6 0v1&quot;
    /&gt;
    &lt;path
      d=&quot;M12 20c-3.3 0-6-2.7-6-6v-3a4 4 0 0 1 4-4h4a4 4 0 0 1 4 4v3c0 3.3-2.7 6-6 6&quot;
    /&gt;
    &lt;path
      d=&quot;M12 20v-9&quot;
    /&gt;
    &lt;path
      d=&quot;M6.53 9C4.6 8.8 3 7.1 3 5&quot;
    /&gt;
    &lt;path
      d=&quot;M6 13H2&quot;
    /&gt;
    &lt;path
      d=&quot;M3 21c0-2.1 1.7-3.9 3.8-4&quot;
    /&gt;
    &lt;path
      d=&quot;M20.97 5c0 2.1-1.6 3.8-3.5 4&quot;
    /&gt;
    &lt;path
      d=&quot;M22 13h-4&quot;
    /&gt;
    &lt;path
      d=&quot;M17.2 17c2.1.1 3.8 1.9 3.8 4&quot;
    /&gt;
  &lt;/svg&gt;
  Error Details (Development Only)
&lt;/summary&gt;

Ignored nodes: comments, script, style
&lt;summary
  style=&quot;cursor: pointer; margin-bottom: 8px; color: rgb(107, 114, 128); font-size: 12px;&quot;
&gt;
  &lt;svg
    aria-hidden=&quot;true&quot;
    class=&quot;lucide lucide-bug&quot;
    fill=&quot;none&quot;
    height=&quot;14&quot;
    stroke=&quot;currentColor&quot;
    stroke-linecap=&quot;round&quot;
    stroke-linejoin=&quot;round&quot;
    stroke-width=&quot;2&quot;
    style=&quot;margin-right: 6px; vertical-align: middle;&quot;
    viewBox=&quot;0 0 24 24&quot;
    width=&quot;14&quot;
    xmlns=&quot;http://www.w3.org/2000/svg&quot;
  &gt;
    &lt;path
      d=&quot;m8 2 1.88 1.88&quot;
    /&gt;
    &lt;path
      d=&quot;M14.12 3.88 16 2&quot;
    /&gt;
    &lt;path
      d=&quot;M9 7.13v-1a3.003 3.003 0 1 1 6 0v1&quot;
    /&gt;
    &lt;path
      d=&quot;M12 20c-3.3 0-6-2.7-6-6v-3a4 4 0 0 1 4-4h4a4 4 0 0 1 4 4v3c0 3.3-2.7 6-6 6&quot;
    /&gt;
    &lt;path
      d=&quot;M12 20v-9&quot;
    /&gt;
    &lt;path
      d=&quot;M6.53 9C4.6 8.8 3 7.1 3 5&quot;
    /&gt;
    &lt;path
      d=&quot;M6 13H2&quot;
    /&gt;
    &lt;path
      d=&quot;M3 21c0-2.1 1.7-3.9 3.8-4&quot;
    /&gt;
    &lt;path
      d=&quot;M20.97 5c0 2.1-1.6 3.8-3.5 4&quot;
    /&gt;
    &lt;path
      d=&quot;M22 13h-4&quot;
    /&gt;
    &lt;path
      d=&quot;M17.2 17c2.1.1 3.8 1.9 3.8 4&quot;
    /&gt;
  &lt;/svg&gt;
  Error Details (Development Only)
&lt;/summary&gt;

Ignored nodes: comments, script, style
&lt;summary
  style=&quot;cursor: pointer; margin-bottom: 8px; color: rgb(107, 114, 128); font-size: 12px;&quot;
&gt;
  &lt;svg
    aria-hidden=&quot;true&quot;
    class=&quot;lucide lucide-bug&quot;
    fill=&quot;none&quot;
    height=&quot;14&quot;
    stroke=&quot;currentColor&quot;
    stroke-linecap=&quot;round&quot;
    stroke-linejoin=&quot;round&quot;
    stroke-width=&quot;2&quot;
    style=&quot;margin-right: 6px; vertical-align: middle;&quot;
    viewBox=&quot;0 0 24 24&quot;
    width=&quot;14&quot;
    xmlns=&quot;http://www.w3.org/2000/svg&quot;
  &gt;
    &lt;path
      d=&quot;m8 2 1.88 1.88&quot;
    /&gt;
    &lt;path
      d=&quot;M14.12 3.88 16 2&quot;
    /&gt;
    &lt;path
      d=&quot;M9 7.13v-1a3.003 3.003 0 1 1 6 0v1&quot;
    /&gt;
    &lt;path
      d=&quot;M12 20c-3.3 0-6-2.7-6-6v-3a4 4 0 0 1 4-4h4a4 4 0 0 1 4 4v3c0 3.3-2.7 6-6 6&quot;
    /&gt;
    &lt;path
      d=&quot;M12 20v-9&quot;
    /&gt;
    &lt;path
      d=&quot;M6.53 9C4.6 8.8 3 7.1 3 5&quot;
    /&gt;
    &lt;path
      d=&quot;M6 13H2&quot;
    /&gt;
    &lt;path
      d=&quot;M3 21c0-2.1 1.7-3.9 3.8-4&quot;
    /&gt;
    &lt;path
      d=&quot;M20.97 5c0 2.1-1.6 3.8-3.5 4&quot;
    /&gt;
    &lt;path
      d=&quot;M22 13h-4&quot;
    /&gt;
    &lt;path
      d=&quot;M17.2 17c2.1.1 3.8 1.9 3.8 4&quot;
    /&gt;
  &lt;/svg&gt;
  Error Details (Development Only)
&lt;/summary&gt;

Ignored nodes: comments, script, style
&lt;summary
  style=&quot;cursor: pointer; margin-bottom: 8px; color: rgb(107, 114, 128); font-size: 12px;&quot;
&gt;
  &lt;svg
    aria-hidden=&quot;true&quot;
    class=&quot;lucide lucide-bug&quot;
    fill=&quot;none&quot;
    height=&quot;14&quot;
    stroke=&quot;currentColor&quot;
    stroke-linecap=&quot;round&quot;
    stroke-linejoin=&quot;round&quot;
    stroke-width=&quot;2&quot;
    style=&quot;margin-right: 6px; vertical-align: middle;&quot;
    viewBox=&quot;0 0 24 24&quot;
    width=&quot;14&quot;
    xmlns=&quot;http://www.w3.org/2000/svg&quot;
  &gt;
    &lt;path
      d=&quot;m8 2 1.88 1.88&quot;
    /&gt;
    &lt;path
      d=&quot;M14.12 3.88 16 2&quot;
    /&gt;
    &lt;path
      d=&quot;M9 7.13v-1a3.003 3.003 0 1 1 6 0v1&quot;
    /&gt;
    &lt;path
      d=&quot;M12 20c-3.3 0-6-2.7-6-6v-3a4 4 0 0 1 4-4h4a4 4 0 0 1 4 4v3c0 3.3-2.7 6-6 6&quot;
    /&gt;
    &lt;path
      d=&quot;M12 20v-9&quot;
    /&gt;
    &lt;path
      d=&quot;M6.53 9C4.6 8.8 3 7.1 3 5&quot;
    /&gt;
    &lt;path
      d=&quot;M6 13H2&quot;
    /&gt;
    &lt;path
      d=&quot;M3 21c0-2.1 1.7-3.9 3.8-4&quot;
    /&gt;
    &lt;path
      d=&quot;M20.97 5c0 2.1-1.6 3.8-3.5 4&quot;
    /&gt;
    &lt;path
      d=&quot;M22 13h-4&quot;
    /&gt;
    &lt;path
      d=&quot;M17.2 17c2.1.1 3.8 1.9 3.8 4&quot;
    /&gt;
  &lt;/svg&gt;
  Error Details (Development Only)
&lt;/summary&gt;

Ignored nodes: comments, script, style
&lt;summary
  style=&quot;cursor: pointer; margin-bottom: 8px; color: rgb(107, 114, 128); font-size: 12px;&quot;
&gt;
  &lt;svg
    aria-hidden=&quot;true&quot;
    class=&quot;lucide lucide-bug&quot;
    fill=&quot;none&quot;
    height=&quot;14&quot;
    stroke=&quot;currentColor&quot;
    stroke-linecap=&quot;round&quot;
    stroke-linejoin=&quot;round&quot;
    stroke-width=&quot;2&quot;
    style=&quot;margin-right: 6px; vertical-align: middle;&quot;
    viewBox=&quot;0 0 24 24&quot;
    width=&quot;14&quot;
    xmlns=&quot;http://www.w3.org/2000/svg&quot;
  &gt;
    &lt;path
      d=&quot;m8 2 1.88 1.88&quot;
    /&gt;
    &lt;path
      d=&quot;M14.12 3.88 16 2&quot;
    /&gt;
    &lt;path
      d=&quot;M9 7.13v-1a3.003 3.003 0 1 1 6 0v1&quot;
    /&gt;
    &lt;path
      d=&quot;M12 20c-3.3 0-6-2.7-6-6v-3a4 4 0 0 1 4-4h4a4 4 0 0 1 4 4v3c0 3.3-2.7 6-6 6&quot;
    /&gt;
    &lt;path
      d=&quot;M12 20v-9&quot;
    /&gt;
    &lt;path
      d=&quot;M6.53 9C4.6 8.8 3 7.1 3 5&quot;
    /&gt;
    &lt;path
      d=&quot;M6 13H2&quot;
    /&gt;
    &lt;path
      d=&quot;M3 21c0-2.1 1.7-3.9 3.8-4&quot;
    /&gt;
    &lt;path
      d=&quot;M20.97 5c0 2.1-1.6 3.8-3.5 4&quot;
    /&gt;
    &lt;path
      d=&quot;M22 13h-4&quot;
    /&gt;
    &lt;path
      d=&quot;M17.2 17c2.1.1 3.8 1.9 3.8 4&quot;
    /&gt;
  &lt;/svg&gt;
  Error Details (Development Only)
&lt;/summary&gt;

Ignored nodes: comments, script, style
&lt;summary
  style=&quot;cursor: pointer; margin-bottom: 8px; color: rgb(107, 114, 128); font-size: 12px;&quot;
&gt;
  &lt;svg
    aria-hidden=&quot;true&quot;
    class=&quot;lucide lucide-bug&quot;
    fill=&quot;none&quot;
    height=&quot;14&quot;
    stroke=&quot;currentColor&quot;
    stroke-linecap=&quot;round&quot;
    stroke-linejoin=&quot;round&quot;
    stroke-width=&quot;2&quot;
    style=&quot;margin-right: 6px; vertical-align: middle;&quot;
    viewBox=&quot;0 0 24 24&quot;
    width=&quot;14&quot;
    xmlns=&quot;http://www.w3.org/2000/svg&quot;
  &gt;
    &lt;path
      d=&quot;m8 2 1.88 1.88&quot;
    /&gt;
    &lt;path
      d=&quot;M14.12 3.88 16 2&quot;
    /&gt;
    &lt;path
      d=&quot;M9 7.13v-1a3.003 3.003 0 1 1 6 0v1&quot;
    /&gt;
    &lt;path
      d=&quot;M12 20c-3.3 0-6-2.7-6-6v-3a4 4 0 0 1 4-4h4a4 4 0 0 1 4 4v3c0 3.3-2.7 6-6 6&quot;
    /&gt;
    &lt;path
      d=&quot;M12 20v-9&quot;
    /&gt;
    &lt;path
      d=&quot;M6.53 9C4.6 8.8 3 7.1 3 5&quot;
    /&gt;
    &lt;path
      d=&quot;M6 13H2&quot;
    /&gt;
    &lt;path
      d=&quot;M3 21c0-2.1 1.7-3.9 3.8-4&quot;
    /&gt;
    &lt;path
      d=&quot;M20.97 5c0 2.1-1.6 3.8-3.5 4&quot;
    /&gt;
    &lt;path
      d=&quot;M22 13h-4&quot;
    /&gt;
    &lt;path
      d=&quot;M17.2 17c2.1.1 3.8 1.9 3.8 4&quot;
    /&gt;
  &lt;/svg&gt;
  Error Details (Development Only)
&lt;/summary&gt;

Ignored nodes: comments, script, style
&lt;summary
  style=&quot;cursor: pointer; margin-bottom: 8px; color: rgb(107, 114, 128); font-size: 12px;&quot;
&gt;
  &lt;svg
    aria-hidden=&quot;true&quot;
    class=&quot;lucide lucide-bug&quot;
    fill=&quot;none&quot;
    height=&quot;14&quot;
    stroke=&quot;currentColor&quot;
    stroke-linecap=&quot;round&quot;
    stroke-linejoin=&quot;round&quot;
    stroke-width=&quot;2&quot;
    style=&quot;margin-right: 6px; vertical-align: middle;&quot;
    viewBox=&quot;0 0 24 24&quot;
    width=&quot;14&quot;
    xmlns=&quot;http://www.w3.org/2000/svg&quot;
  &gt;
    &lt;path
      d=&quot;m8 2 1.88 1.88&quot;
    /&gt;
    &lt;path
      d=&quot;M14.12 3.88 16 2&quot;
    /&gt;
    &lt;path
      d=&quot;M9 7.13v-1a3.003 3.003 0 1 1 6 0v1&quot;
    /&gt;
    &lt;path
      d=&quot;M12 20c-3.3 0-6-2.7-6-6v-3a4 4 0 0 1 4-4h4a4 4 0 0 1 4 4v3c0 3.3-2.7 6-6 6&quot;
    /&gt;
    &lt;path
      d=&quot;M12 20v-9&quot;
    /&gt;
    &lt;path
      d=&quot;M6.53 9C4.6 8.8 3 7.1 3 5&quot;
    /&gt;
    &lt;path
      d=&quot;M6 13H2&quot;
    /&gt;
    &lt;path
      d=&quot;M3 21c0-2.1 1.7-3.9 3.8-4&quot;
    /&gt;
    &lt;path
      d=&quot;M20.97 5c0 2.1-1.6 3.8-3.5 4&quot;
    /&gt;
    &lt;path
      d=&quot;M22 13h-4&quot;
    /&gt;
    &lt;path
      d=&quot;M17.2 17c2.1.1 3.8 1.9 3.8 4&quot;
    /&gt;
  &lt;/svg&gt;
  Error Details (Development Only)
&lt;/summary&gt;

Ignored nodes: comments, script, style
&lt;summary
  style=&quot;cursor: pointer; margin-bottom: 8px; color: rgb(107, 114, 128); font-size: 12px;&quot;
&gt;
  &lt;svg
    aria-hidden=&quot;true&quot;
    class=&quot;lucide lucide-bug&quot;
    fill=&quot;none&quot;
    height=&quot;14&quot;
    stroke=&quot;currentColor&quot;
    stroke-linecap=&quot;round&quot;
    stroke-linejoin=&quot;round&quot;
    stroke-width=&quot;2&quot;
    style=&quot;margin-right: 6px; vertical-align: middle;&quot;
    viewBox=&quot;0 0 24 24&quot;
    width=&quot;14&quot;
    xmlns=&quot;http://www.w3.org/2000/svg&quot;
  &gt;
    &lt;path
      d=&quot;m8 2 1.88 1.88&quot;
    /&gt;
    &lt;path
      d=&quot;M14.12 3.88 16 2&quot;
    /&gt;
    &lt;path
      d=&quot;M9 7.13v-1a3.003 3.003 0 1 1 6 0v1&quot;
    /&gt;
    &lt;path
      d=&quot;M12 20c-3.3 0-6-2.7-6-6v-3a4 4 0 0 1 4-4h4a4 4 0 0 1 4 4v3c0 3.3-2.7 6-6 6&quot;
    /&gt;
    &lt;path
      d=&quot;M12 20v-9&quot;
    /&gt;
    &lt;path
      d=&quot;M6.53 9C4.6 8.8 3 7.1 3 5&quot;
    /&gt;
    &lt;path
      d=&quot;M6 13H2&quot;
    /&gt;
    &lt;path
      d=&quot;M3 21c0-2.1 1.7-3.9 3.8-4&quot;
    /&gt;
    &lt;path
      d=&quot;M20.97 5c0 2.1-1.6 3.8-3.5 4&quot;
    /&gt;
    &lt;path
      d=&quot;M22 13h-4&quot;
    /&gt;
    &lt;path
      d=&quot;M17.2 17c2.1.1 3.8 1.9 3.8 4&quot;
    /&gt;
  &lt;/svg&gt;
  Error Details (Development Only)
&lt;/summary&gt;

Ignored nodes: comments, script, style
&lt;summary
  style=&quot;cursor: pointer; margin-bottom: 8px; color: rgb(107, 114, 128); font-size: 12px;&quot;
&gt;
  &lt;svg
    aria-hidden=&quot;true&quot;
    class=&quot;lucide lucide-bug&quot;
    fill=&quot;none&quot;
    height=&quot;14&quot;
    stroke=&quot;currentColor&quot;
    stroke-linecap=&quot;round&quot;
    stroke-linejoin=&quot;round&quot;
    stroke-width=&quot;2&quot;
    style=&quot;margin-right: 6px; vertical-align: middle;&quot;
    viewBox=&quot;0 0 24 24&quot;
    width=&quot;14&quot;
    xmlns=&quot;http://www.w3.org/2000/svg&quot;
  &gt;
    &lt;path
      d=&quot;m8 2 1.88 1.88&quot;
    /&gt;
    &lt;path
      d=&quot;M14.12 3.88 16 2&quot;
    /&gt;
    &lt;path
      d=&quot;M9 7.13v-1a3.003 3.003 0 1 1 6 0v1&quot;
    /&gt;
    &lt;path
      d=&quot;M12 20c-3.3 0-6-2.7-6-6v-3a4 4 0 0 1 4-4h4a4 4 0 0 1 4 4v3c0 3.3-2.7 6-6 6&quot;
    /&gt;
    &lt;path
      d=&quot;M12 20v-9&quot;
    /&gt;
    &lt;path
      d=&quot;M6.53 9C4.6 8.8 3 7.1 3 5&quot;
    /&gt;
    &lt;path
      d=&quot;M6 13H2&quot;
    /&gt;
    &lt;path
      d=&quot;M3 21c0-2.1 1.7-3.9 3.8-4&quot;
    /&gt;
    &lt;path
      d=&quot;M20.97 5c0 2.1-1.6 3.8-3.5 4&quot;
    /&gt;
    &lt;path
      d=&quot;M22 13h-4&quot;
    /&gt;
    &lt;path
      d=&quot;M17.2 17c2.1.1 3.8 1.9 3.8 4&quot;
    /&gt;
  &lt;/svg&gt;
  Error Details (Development Only)
&lt;/summary&gt;

Ignored nodes: comments, script, style
&lt;summary
  style=&quot;cursor: pointer; margin-bottom: 8px; color: rgb(107, 114, 128); font-size: 12px;&quot;
&gt;
  &lt;svg
    aria-hidden=&quot;true&quot;
    class=&quot;lucide lucide-bug&quot;
    fill=&quot;none&quot;
    height=&quot;14&quot;
    stroke=&quot;currentColor&quot;
    stroke-linecap=&quot;round&quot;
    stroke-linejoin=&quot;round&quot;
    stroke-width=&quot;2&quot;
    style=&quot;margin-right: 6px; vertical-align: middle;&quot;
    viewBox=&quot;0 0 24 24&quot;
    width=&quot;14&quot;
    xmlns=&quot;http://www.w3.org/2000/svg&quot;
  &gt;
    &lt;path
      d=&quot;m8 2 1.88 1.88&quot;
    /&gt;
    &lt;path
      d=&quot;M14.12 3.88 16 2&quot;
    /&gt;
    &lt;path
      d=&quot;M9 7.13v-1a3.003 3.003 0 1 1 6 0v1&quot;
    /&gt;
    &lt;path
      d=&quot;M12 20c-3.3 0-6-2.7-6-6v-3a4 4 0 0 1 4-4h4a4 4 0 0 1 4 4v3c0 3.3-2.7 6-6 6&quot;
    /&gt;
    &lt;path
      d=&quot;M12 20v-9&quot;
    /&gt;
    &lt;path
      d=&quot;M6.53 9C4.6 8.8 3 7.1 3 5&quot;
    /&gt;
    &lt;path
      d=&quot;M6 13H2&quot;
    /&gt;
    &lt;path
      d=&quot;M3 21c0-2.1 1.7-3.9 3.8-4&quot;
    /&gt;
    &lt;path
      d=&quot;M20.97 5c0 2.1-1.6 3.8-3.5 4&quot;
    /&gt;
    &lt;path
      d=&quot;M22 13h-4&quot;
    /&gt;
    &lt;path
      d=&quot;M17.2 17c2.1.1 3.8 1.9 3.8 4&quot;
    /&gt;
  &lt;/svg&gt;
  Error Details (Development Only)
&lt;/summary&gt;

Ignored nodes: comments, script, style
&lt;summary
  style=&quot;cursor: pointer; margin-bottom: 8px; color: rgb(107, 114, 128); font-size: 12px;&quot;
&gt;
  &lt;svg
    aria-hidden=&quot;true&quot;
    class=&quot;lucide lucide-bug&quot;
    fill=&quot;none&quot;
    height=&quot;14&quot;
    stroke=&quot;currentColor&quot;
    stroke-linecap=&quot;round&quot;
    stroke-linejoin=&quot;round&quot;
    stroke-width=&quot;2&quot;
    style=&quot;margin-right: 6px; vertical-align: middle;&quot;
    viewBox=&quot;0 0 24 24&quot;
    width=&quot;14&quot;
    xmlns=&quot;http://www.w3.org/2000/svg&quot;
  &gt;
    &lt;path
      d=&quot;m8 2 1.88 1.88&quot;
    /&gt;
    &lt;path
      d=&quot;M14.12 3.88 16 2&quot;
    /&gt;
    &lt;path
      d=&quot;M9 7.13v-1a3.003 3.003 0 1 1 6 0v1&quot;
    /&gt;
    &lt;path
      d=&quot;M12 20c-3.3 0-6-2.7-6-6v-3a4 4 0 0 1 4-4h4a4 4 0 0 1 4 4v3c0 3.3-2.7 6-6 6&quot;
    /&gt;
    &lt;path
      d=&quot;M12 20v-9&quot;
    /&gt;
    &lt;path
      d=&quot;M6.53 9C4.6 8.8 3 7.1 3 5&quot;
    /&gt;
    &lt;path
      d=&quot;M6 13H2&quot;
    /&gt;
    &lt;path
      d=&quot;M3 21c0-2.1 1.7-3.9 3.8-4&quot;
    /&gt;
    &lt;path
      d=&quot;M20.97 5c0 2.1-1.6 3.8-3.5 4&quot;
    /&gt;
    &lt;path
      d=&quot;M22 13h-4&quot;
    /&gt;
    &lt;path
      d=&quot;M17.2 17c2.1.1 3.8 1.9 3.8 4&quot;
    /&gt;
  &lt;/svg&gt;
  Error Details (Development Only)
&lt;/summary&gt;

Ignored nodes: comments, script, style
&lt;summary
  style=&quot;cursor: pointer; margin-bottom: 8px; color: rgb(107, 114, 128); font-size: 12px;&quot;
&gt;
  &lt;svg
    aria-hidden=&quot;true&quot;
    class=&quot;lucide lucide-bug&quot;
    fill=&quot;none&quot;
    height=&quot;14&quot;
    stroke=&quot;currentColor&quot;
    stroke-linecap=&quot;round&quot;
    stroke-linejoin=&quot;round&quot;
    stroke-width=&quot;2&quot;
    style=&quot;margin-right: 6px; vertical-align: middle;&quot;
    viewBox=&quot;0 0 24 24&quot;
    width=&quot;14&quot;
    xmlns=&quot;http://www.w3.org/2000/svg&quot;
  &gt;
    &lt;path
      d=&quot;m8 2 1.88 1.88&quot;
    /&gt;
    &lt;path
      d=&quot;M14.12 3.88 16 2&quot;
    /&gt;
    &lt;path
      d=&quot;M9 7.13v-1a3.003 3.003 0 1 1 6 0v1&quot;
    /&gt;
    &lt;path
      d=&quot;M12 20c-3.3 0-6-2.7-6-6v-3a4 4 0 0 1 4-4h4a4 4 0 0 1 4 4v3c0 3.3-2.7 6-6 6&quot;
    /&gt;
    &lt;path
      d=&quot;M12 20v-9&quot;
    /&gt;
    &lt;path
      d=&quot;M6.53 9C4.6 8.8 3 7.1 3 5&quot;
    /&gt;
    &lt;path
      d=&quot;M6 13H2&quot;
    /&gt;
    &lt;path
      d=&quot;M3 21c0-2.1 1.7-3.9 3.8-4&quot;
    /&gt;
    &lt;path
      d=&quot;M20.97 5c0 2.1-1.6 3.8-3.5 4&quot;
    /&gt;
    &lt;path
      d=&quot;M22 13h-4&quot;
    /&gt;
    &lt;path
      d=&quot;M17.2 17c2.1.1 3.8 1.9 3.8 4&quot;
    /&gt;
  &lt;/svg&gt;
  Error Details (Development Only)
&lt;/summary&gt;

Ignored nodes: comments, script, style
&lt;summary
  style=&quot;cursor: pointer; margin-bottom: 8px; color: rgb(107, 114, 128); font-size: 12px;&quot;
&gt;
  &lt;svg
    aria-hidden=&quot;true&quot;
    class=&quot;lucide lucide-bug&quot;
    fill=&quot;none&quot;
    height=&quot;14&quot;
    stroke=&quot;currentColor&quot;
    stroke-linecap=&quot;round&quot;
    stroke-linejoin=&quot;round&quot;
    stroke-width=&quot;2&quot;
    style=&quot;margin-right: 6px; vertical-align: middle;&quot;
    viewBox=&quot;0 0 24 24&quot;
    width=&quot;14&quot;
    xmlns=&quot;http://www.w3.org/2000/svg&quot;
  &gt;
    &lt;path
      d=&quot;m8 2 1.88 1.88&quot;
    /&gt;
    &lt;path
      d=&quot;M14.12 3.88 16 2&quot;
    /&gt;
    &lt;path
      d=&quot;M9 7.13v-1a3.003 3.003 0 1 1 6 0v1&quot;
    /&gt;
    &lt;path
      d=&quot;M12 20c-3.3 0-6-2.7-6-6v-3a4 4 0 0 1 4-4h4a4 4 0 0 1 4 4v3c0 3.3-2.7 6-6 6&quot;
    /&gt;
    &lt;path
      d=&quot;M12 20v-9&quot;
    /&gt;
    &lt;path
      d=&quot;M6.53 9C4.6 8.8 3 7.1 3 5&quot;
    /&gt;
    &lt;path
      d=&quot;M6 13H2&quot;
    /&gt;
    &lt;path
      d=&quot;M3 21c0-2.1 1.7-3.9 3.8-4&quot;
    /&gt;
    &lt;path
      d=&quot;M20.97 5c0 2.1-1.6 3.8-3.5 4&quot;
    /&gt;
    &lt;path
      d=&quot;M22 13h-4&quot;
    /&gt;
    &lt;path
      d=&quot;M17.2 17c2.1.1 3.8 1.9 3.8 4&quot;
    /&gt;
  &lt;/svg&gt;
  Error Details (Development Only)
&lt;/summary&gt;

Ignored nodes: comments, script, style
&lt;summary
  style=&quot;cursor: pointer; margin-bottom: 8px; color: rgb(107, 114, 128); font-size: 12px;&quot;
&gt;
  &lt;svg
    aria-hidden=&quot;true&quot;
    class=&quot;lucide lucide-bug&quot;
    fill=&quot;none&quot;
    height=&quot;14&quot;
    stroke=&quot;currentColor&quot;
    stroke-linecap=&quot;round&quot;
    stroke-linejoin=&quot;round&quot;
    stroke-width=&quot;2&quot;
    style=&quot;margin-right: 6px; vertical-align: middle;&quot;
    viewBox=&quot;0 0 24 24&quot;
    width=&quot;14&quot;
    xmlns=&quot;http://www.w3.org/2000/svg&quot;
  &gt;
    &lt;path
      d=&quot;m8 2 1.88 1.88&quot;
    /&gt;
    &lt;path
      d=&quot;M14.12 3.88 16 2&quot;
    /&gt;
    &lt;path
      d=&quot;M9 7.13v-1a3.003 3.003 0 1 1 6 0v1&quot;
    /&gt;
    &lt;path
      d=&quot;M12 20c-3.3 0-6-2.7-6-6v-3a4 4 0 0 1 4-4h4a4 4 0 0 1 4 4v3c0 3.3-2.7 6-6 6&quot;
    /&gt;
    &lt;path
      d=&quot;M12 20v-9&quot;
    /&gt;
    &lt;path
      d=&quot;M6.53 9C4.6 8.8 3 7.1 3 5&quot;
    /&gt;
    &lt;path
      d=&quot;M6 13H2&quot;
    /&gt;
    &lt;path
      d=&quot;M3 21c0-2.1 1.7-3.9 3.8-4&quot;
    /&gt;
    &lt;path
      d=&quot;M20.97 5c0 2.1-1.6 3.8-3.5 4&quot;
    /&gt;
    &lt;path
      d=&quot;M22 13h-4&quot;
    /&gt;
    &lt;path
      d=&quot;M17.2 17c2.1.1 3.8 1.9 3.8 4&quot;
    /&gt;
  &lt;/svg&gt;
  Error Details (Development Only)
&lt;/summary&gt;

Ignored nodes: comments, script, style
&lt;summary
  style=&quot;cursor: pointer; margin-bottom: 8px; color: rgb(107, 114, 128); font-size: 12px;&quot;
&gt;
  &lt;svg
    aria-hidden=&quot;true&quot;
    class=&quot;lucide lucide-bug&quot;
    fill=&quot;none&quot;
    height=&quot;14&quot;
    stroke=&quot;currentColor&quot;
    stroke-linecap=&quot;round&quot;
    stroke-linejoin=&quot;round&quot;
    stroke-width=&quot;2&quot;
    style=&quot;margin-right: 6px; vertical-align: middle;&quot;
    viewBox=&quot;0 0 24 24&quot;
    width=&quot;14&quot;
    xmlns=&quot;http://www.w3.org/2000/svg&quot;
  &gt;
    &lt;path
      d=&quot;m8 2 1.88 1.88&quot;
    /&gt;
    &lt;path
      d=&quot;M14.12 3.88 16 2&quot;
    /&gt;
    &lt;path
      d=&quot;M9 7.13v-1a3.003 3.003 0 1 1 6 0v1&quot;
    /&gt;
    &lt;path
      d=&quot;M12 20c-3.3 0-6-2.7-6-6v-3a4 4 0 0 1 4-4h4a4 4 0 0 1 4 4v3c0 3.3-2.7 6-6 6&quot;
    /&gt;
    &lt;path
      d=&quot;M12 20v-9&quot;
    /&gt;
    &lt;path
      d=&quot;M6.53 9C4.6 8.8 3 7.1 3 5&quot;
    /&gt;
    &lt;path
      d=&quot;M6 13H2&quot;
    /&gt;
    &lt;path
      d=&quot;M3 21c0-2.1 1.7-3.9 3.8-4&quot;
    /&gt;
    &lt;path
      d=&quot;M20.97 5c0 2.1-1.6 3.8-3.5 4&quot;
    /&gt;
    &lt;path
      d=&quot;M22 13h-4&quot;
    /&gt;
    &lt;path
      d=&quot;M17.2 17c2.1.1 3.8 1.9 3.8 4&quot;
    /&gt;
  &lt;/svg&gt;
  Error Details (Development Only)
&lt;/summary&gt;

Ignored nodes: comments, script, style
&lt;summary
  style=&quot;cursor: pointer; margin-bottom: 8px; color: rgb(107, 114, 128); font-size: 12px;&quot;
&gt;
  &lt;svg
    aria-hidden=&quot;true&quot;
    class=&quot;lucide lucide-bug&quot;
    fill=&quot;none&quot;
    height=&quot;14&quot;
    stroke=&quot;currentColor&quot;
    stroke-linecap=&quot;round&quot;
    stroke-linejoin=&quot;round&quot;
    stroke-width=&quot;2&quot;
    style=&quot;margin-right: 6px; vertical-align: middle;&quot;
    viewBox=&quot;0 0 24 24&quot;
    width=&quot;14&quot;
    xmlns=&quot;http://www.w3.org/2000/svg&quot;
  &gt;
    &lt;path
      d=&quot;m8 2 1.88 1.88&quot;
    /&gt;
    &lt;path
      d=&quot;M14.12 3.88 16 2&quot;
    /&gt;
    &lt;path
      d=&quot;M9 7.13v-1a3.003 3.003 0 1 1 6 0v1&quot;
    /&gt;
    &lt;path
      d=&quot;M12 20c-3.3 0-6-2.7-6-6v-3a4 4 0 0 1 4-4h4a4 4 0 0 1 4 4v3c0 3.3-2.7 6-6 6&quot;
    /&gt;
    &lt;path
      d=&quot;M12 20v-9&quot;
    /&gt;
    &lt;path
      d=&quot;M6.53 9C4.6 8.8 3 7.1 3 5&quot;
    /&gt;
    &lt;path
      d=&quot;M6 13H2&quot;
    /&gt;
    &lt;path
      d=&quot;M3 21c0-2.1 1.7-3.9 3.8-4&quot;
    /&gt;
    &lt;path
      d=&quot;M20.97 5c0 2.1-1.6 3.8-3.5 4&quot;
    /&gt;
    &lt;path
      d=&quot;M22 13h-4&quot;
    /&gt;
    &lt;path
      d=&quot;M17.2 17c2.1.1 3.8 1.9 3.8 4&quot;
    /&gt;
  &lt;/svg&gt;
  Error Details (Development Only)
&lt;/summary&gt;

Ignored nodes: comments, script, style
&lt;summary
  style=&quot;cursor: pointer; margin-bottom: 8px; color: rgb(107, 114, 128); font-size: 12px;&quot;
&gt;
  &lt;svg
    aria-hidden=&quot;true&quot;
    class=&quot;lucide lucide-bug&quot;
    fill=&quot;none&quot;
    height=&quot;14&quot;
    stroke=&quot;currentColor&quot;
    stroke-linecap=&quot;round&quot;
    stroke-linejoin=&quot;round&quot;
    stroke-width=&quot;2&quot;
    style=&quot;margin-right: 6px; vertical-align: middle;&quot;
    viewBox=&quot;0 0 24 24&quot;
    width=&quot;14&quot;
    xmlns=&quot;http://www.w3.org/2000/svg&quot;
  &gt;
    &lt;path
      d=&quot;m8 2 1.88 1.88&quot;
    /&gt;
    &lt;path
      d=&quot;M14.12 3.88 16 2&quot;
    /&gt;
    &lt;path
      d=&quot;M9 7.13v-1a3.003 3.003 0 1 1 6 0v1&quot;
    /&gt;
    &lt;path
      d=&quot;M12 20c-3.3 0-6-2.7-6-6v-3a4 4 0 0 1 4-4h4a4 4 0 0 1 4 4v3c0 3.3-2.7 6-6 6&quot;
    /&gt;
    &lt;path
      d=&quot;M12 20v-9&quot;
    /&gt;
    &lt;path
      d=&quot;M6.53 9C4.6 8.8 3 7.1 3 5&quot;
    /&gt;
    &lt;path
      d=&quot;M6 13H2&quot;
    /&gt;
    &lt;path
      d=&quot;M3 21c0-2.1 1.7-3.9 3.8-4&quot;
    /&gt;
    &lt;path
      d=&quot;M20.97 5c0 2.1-1.6 3.8-3.5 4&quot;
    /&gt;
    &lt;path
      d=&quot;M22 13h-4&quot;
    /&gt;
    &lt;path
      d=&quot;M17.2 17c2.1.1 3.8 1.9 3.8 4&quot;
    /&gt;
  &lt;/svg&gt;
  Error Details (Development Only)
&lt;/summary&gt;

Ignored nodes: comments, script, style
&lt;summary
  style=&quot;cursor: pointer; margin-bottom: 8px; color: rgb(107, 114, 128); font-size: 12px;&quot;
&gt;
  &lt;svg
    aria-hidden=&quot;true&quot;
    class=&quot;lucide lucide-bug&quot;
    fill=&quot;none&quot;
    height=&quot;14&quot;
    stroke=&quot;currentColor&quot;
    stroke-linecap=&quot;round&quot;
    stroke-linejoin=&quot;round&quot;
    stroke-width=&quot;2&quot;
    style=&quot;margin-right: 6px; vertical-align: middle;&quot;
    viewBox=&quot;0 0 24 24&quot;
    width=&quot;14&quot;
    xmlns=&quot;http://www.w3.org/2000/svg&quot;
  &gt;
    &lt;path
      d=&quot;m8 2 1.88 1.88&quot;
    /&gt;
    &lt;path
      d=&quot;M14.12 3.88 16 2&quot;
    /&gt;
    &lt;path
      d=&quot;M9 7.13v-1a3.003 3.003 0 1 1 6 0v1&quot;
    /&gt;
    &lt;path
      d=&quot;M12 20c-3.3 0-6-2.7-6-6v-3a4 4 0 0 1 4-4h4a4 4 0 0 1 4 4v3c0 3.3-2.7 6-6 6&quot;
    /&gt;
    &lt;path
      d=&quot;M12 20v-9&quot;
    /&gt;
    &lt;path
      d=&quot;M6.53 9C4.6 8.8 3 7.1 3 5&quot;
    /&gt;
    &lt;path
      d=&quot;M6 13H2&quot;
    /&gt;
    &lt;path
      d=&quot;M3 21c0-2.1 1.7-3.9 3.8-4&quot;
    /&gt;
    &lt;path
      d=&quot;M20.97 5c0 2.1-1.6 3.8-3.5 4&quot;
    /&gt;
    &lt;path
      d=&quot;M22 13h-4&quot;
    /&gt;
    &lt;path
      d=&quot;M17.2 17c2.1.1 3.8 1.9 3.8 4&quot;
    /&gt;
  &lt;/svg&gt;
  Error Details (Development Only)
&lt;/summary&gt;

Ignored nodes: comments, script, style
&lt;summary
  style=&quot;cursor: pointer; margin-bottom: 8px; color: rgb(107, 114, 128); font-size: 12px;&quot;
&gt;
  &lt;svg
    aria-hidden=&quot;true&quot;
    class=&quot;lucide lucide-bug&quot;
    fill=&quot;none&quot;
    height=&quot;14&quot;
    stroke=&quot;currentColor&quot;
    stroke-linecap=&quot;round&quot;
    stroke-linejoin=&quot;round&quot;
    stroke-width=&quot;2&quot;
    style=&quot;margin-right: 6px; vertical-align: middle;&quot;
    viewBox=&quot;0 0 24 24&quot;
    width=&quot;14&quot;
    xmlns=&quot;http://www.w3.org/2000/svg&quot;
  &gt;
    &lt;path
      d=&quot;m8 2 1.88 1.88&quot;
    /&gt;
    &lt;path
      d=&quot;M14.12 3.88 16 2&quot;
    /&gt;
    &lt;path
      d=&quot;M9 7.13v-1a3.003 3.003 0 1 1 6 0v1&quot;
    /&gt;
    &lt;path
      d=&quot;M12 20c-3.3 0-6-2.7-6-6v-3a4 4 0 0 1 4-4h4a4 4 0 0 1 4 4v3c0 3.3-2.7 6-6 6&quot;
    /&gt;
    &lt;path
      d=&quot;M12 20v-9&quot;
    /&gt;
    &lt;path
      d=&quot;M6.53 9C4.6 8.8 3 7.1 3 5&quot;
    /&gt;
    &lt;path
      d=&quot;M6 13H2&quot;
    /&gt;
    &lt;path
      d=&quot;M3 21c0-2.1 1.7-3.9 3.8-4&quot;
    /&gt;
    &lt;path
      d=&quot;M20.97 5c0 2.1-1.6 3.8-3.5 4&quot;
    /&gt;
    &lt;path
      d=&quot;M22 13h-4&quot;
    /&gt;
    &lt;path
      d=&quot;M17.2 17c2.1.1 3.8 1.9 3.8 4&quot;
    /&gt;
  &lt;/svg&gt;
  Error Details (Development Only)
&lt;/summary&gt;

Ignored nodes: comments, script, style
&lt;summary
  style=&quot;cursor: pointer; margin-bottom: 8px; color: rgb(107, 114, 128); font-size: 12px;&quot;
&gt;
  &lt;svg
    aria-hidden=&quot;true&quot;
    class=&quot;lucide lucide-bug&quot;
    fill=&quot;none&quot;
    height=&quot;14&quot;
    stroke=&quot;currentColor&quot;
    stroke-linecap=&quot;round&quot;
    stroke-linejoin=&quot;round&quot;
    stroke-width=&quot;2&quot;
    style=&quot;margin-right: 6px; vertical-align: middle;&quot;
    viewBox=&quot;0 0 24 24&quot;
    width=&quot;14&quot;
    xmlns=&quot;http://www.w3.org/2000/svg&quot;
  &gt;
    &lt;path
      d=&quot;m8 2 1.88 1.88&quot;
    /&gt;
    &lt;path
      d=&quot;M14.12 3.88 16 2&quot;
    /&gt;
    &lt;path
      d=&quot;M9 7.13v-1a3.003 3.003 0 1 1 6 0v1&quot;
    /&gt;
    &lt;path
      d=&quot;M12 20c-3.3 0-6-2.7-6-6v-3a4 4 0 0 1 4-4h4a4 4 0 0 1 4 4v3c0 3.3-2.7 6-6 6&quot;
    /&gt;
    &lt;path
      d=&quot;M12 20v-9&quot;
    /&gt;
    &lt;path
      d=&quot;M6.53 9C4.6 8.8 3 7.1 3 5&quot;
    /&gt;
    &lt;path
      d=&quot;M6 13H2&quot;
    /&gt;
    &lt;path
      d=&quot;M3 21c0-2.1 1.7-3.9 3.8-4&quot;
    /&gt;
    &lt;path
      d=&quot;M20.97 5c0 2.1-1.6 3.8-3.5 4&quot;
    /&gt;
    &lt;path
      d=&quot;M22 13h-4&quot;
    /&gt;
    &lt;path
      d=&quot;M17.2 17c2.1.1 3.8 1.9 3.8 4&quot;
    /&gt;
  &lt;/svg&gt;
  Error Details (Development Only)
&lt;/summary&gt;

Ignored nodes: comments, script, style
&lt;summary
  style=&quot;cursor: pointer; margin-bottom: 8px; color: rgb(107, 114, 128); font-size: 12px;&quot;
&gt;
  &lt;svg
    aria-hidden=&quot;true&quot;
    class=&quot;lucide lucide-bug&quot;
    fill=&quot;none&quot;
    height=&quot;14&quot;
    stroke=&quot;currentColor&quot;
    stroke-linecap=&quot;round&quot;
    stroke-linejoin=&quot;round&quot;
    stroke-width=&quot;2&quot;
    style=&quot;margin-right: 6px; vertical-align: middle;&quot;
    viewBox=&quot;0 0 24 24&quot;
    width=&quot;14&quot;
    xmlns=&quot;http://www.w3.org/2000/svg&quot;
  &gt;
    &lt;path
      d=&quot;m8 2 1.88 1.88&quot;
    /&gt;
    &lt;path
      d=&quot;M14.12 3.88 16 2&quot;
    /&gt;
    &lt;path
      d=&quot;M9 7.13v-1a3.003 3.003 0 1 1 6 0v1&quot;
    /&gt;
    &lt;path
      d=&quot;M12 20c-3.3 0-6-2.7-6-6v-3a4 4 0 0 1 4-4h4a4 4 0 0 1 4 4v3c0 3.3-2.7 6-6 6&quot;
    /&gt;
    &lt;path
      d=&quot;M12 20v-9&quot;
    /&gt;
    &lt;path
      d=&quot;M6.53 9C4.6 8.8 3 7.1 3 5&quot;
    /&gt;
    &lt;path
      d=&quot;M6 13H2&quot;
    /&gt;
    &lt;path
      d=&quot;M3 21c0-2.1 1.7-3.9 3.8-4&quot;
    /&gt;
    &lt;path
      d=&quot;M20.97 5c0 2.1-1.6 3.8-3.5 4&quot;
    /&gt;
    &lt;path
      d=&quot;M22 13h-4&quot;
    /&gt;
    &lt;path
      d=&quot;M17.2 17c2.1.1 3.8 1.9 3.8 4&quot;
    /&gt;
  &lt;/svg&gt;
  Error Details (Development Only)
&lt;/summary&gt;

Ignored nodes: comments, script, style
&lt;summary
  style=&quot;cursor: pointer; margin-bottom: 8px; color: rgb(107, 114, 128); font-size: 12px;&quot;
&gt;
  &lt;svg
    aria-hidden=&quot;true&quot;
    class=&quot;lucide lucide-bug&quot;
    fill=&quot;none&quot;
    height=&quot;14&quot;
    stroke=&quot;currentColor&quot;
    stroke-linecap=&quot;round&quot;
    stroke-linejoin=&quot;round&quot;
    stroke-width=&quot;2&quot;
    style=&quot;margin-right: 6px; vertical-align: middle;&quot;
    viewBox=&quot;0 0 24 24&quot;
    width=&quot;14&quot;
    xmlns=&quot;http://www.w3.org/2000/svg&quot;
  &gt;
    &lt;path
      d=&quot;m8 2 1.88 1.88&quot;
    /&gt;
    &lt;path
      d=&quot;M14.12 3.88 16 2&quot;
    /&gt;
    &lt;path
      d=&quot;M9 7.13v-1a3.003 3.003 0 1 1 6 0v1&quot;
    /&gt;
    &lt;path
      d=&quot;M12 20c-3.3 0-6-2.7-6-6v-3a4 4 0 0 1 4-4h4a4 4 0 0 1 4 4v3c0 3.3-2.7 6-6 6&quot;
    /&gt;
    &lt;path
      d=&quot;M12 20v-9&quot;
    /&gt;
    &lt;path
      d=&quot;M6.53 9C4.6 8.8 3 7.1 3 5&quot;
    /&gt;
    &lt;path
      d=&quot;M6 13H2&quot;
    /&gt;
    &lt;path
      d=&quot;M3 21c0-2.1 1.7-3.9 3.8-4&quot;
    /&gt;
    &lt;path
      d=&quot;M20.97 5c0 2.1-1.6 3.8-3.5 4&quot;
    /&gt;
    &lt;path
      d=&quot;M22 13h-4&quot;
    /&gt;
    &lt;path
      d=&quot;M17.2 17c2.1.1 3.8 1.9 3.8 4&quot;
    /&gt;
  &lt;/svg&gt;
  Error Details (Development Only)
&lt;/summary&gt;

Ignored nodes: comments, script, style
&lt;summary
  style=&quot;cursor: pointer; margin-bottom: 8px; color: rgb(156, 163, 175); font-size: 12px;&quot;
&gt;
  &lt;svg
    aria-hidden=&quot;true&quot;
    class=&quot;lucide lucide-bug&quot;
    fill=&quot;none&quot;
    height=&quot;14&quot;
    stroke=&quot;currentColor&quot;
    stroke-linecap=&quot;round&quot;
    stroke-linejoin=&quot;round&quot;
    stroke-width=&quot;2&quot;
    style=&quot;margin-right: 6px; vertical-align: middle;&quot;
    viewBox=&quot;0 0 24 24&quot;
    width=&quot;14&quot;
    xmlns=&quot;http://www.w3.org/2000/svg&quot;
  &gt;
    &lt;path
      d=&quot;m8 2 1.88 1.88&quot;
    /&gt;
    &lt;path
      d=&quot;M14.12 3.88 16 2&quot;
    /&gt;
    &lt;path
      d=&quot;M9 7.13v-1a3.003 3.003 0 1 1 6 0v1&quot;
    /&gt;
    &lt;path
      d=&quot;M12 20c-3.3 0-6-2.7-6-6v-3a4 4 0 0 1 4-4h4a4 4 0 0 1 4 4v3c0 3.3-2.7 6-6 6&quot;
    /&gt;
    &lt;path
      d=&quot;M12 20v-9&quot;
    /&gt;
    &lt;path
      d=&quot;M6.53 9C4.6 8.8 3 7.1 3 5&quot;
    /&gt;
    &lt;path
      d=&quot;M6 13H2&quot;
    /&gt;
    &lt;path
      d=&quot;M3 21c0-2.1 1.7-3.9 3.8-4&quot;
    /&gt;
    &lt;path
      d=&quot;M20.97 5c0 2.1-1.6 3.8-3.5 4&quot;
    /&gt;
    &lt;path
      d=&quot;M22 13h-4&quot;
    /&gt;
    &lt;path
      d=&quot;M17.2 17c2.1.1 3.8 1.9 3.8 4&quot;
    /&gt;
  &lt;/svg&gt;
  Error Details (Development Only)
&lt;/summary&gt;

Ignored nodes: comments, script, style
&lt;summary
  style=&quot;cursor: pointer; margin-bottom: 8px; color: rgb(107, 114, 128); font-size: 12px;&quot;
&gt;
  &lt;svg
    aria-hidden=&quot;true&quot;
    class=&quot;lucide lucide-bug&quot;
    fill=&quot;none&quot;
    height=&quot;14&quot;
    stroke=&quot;currentColor&quot;
    stroke-linecap=&quot;round&quot;
    stroke-linejoin=&quot;round&quot;
    stroke-width=&quot;2&quot;
    style=&quot;margin-right: 6px; vertical-align: middle;&quot;
    viewBox=&quot;0 0 24 24&quot;
    width=&quot;14&quot;
    xmlns=&quot;http://www.w3.org/2000/svg&quot;
  &gt;
    &lt;path
      d=&quot;m8 2 1.88 1.88&quot;
    /&gt;
    &lt;path
      d=&quot;M14.12 3.88 16 2&quot;
    /&gt;
    &lt;path
      d=&quot;M9 7.13v-1a3.003 3.003 0 1 1 6 0v1&quot;
    /&gt;
    &lt;path
      d=&quot;M12 20c-3.3 0-6-2.7-6-6v-3a4 4 0 0 1 4-4h4a4 4 0 0 1 4 4v3c0 3.3-2.7 6-6 6&quot;
    /&gt;
    &lt;path
      d=&quot;M12 20v-9&quot;
    /&gt;
    &lt;path
      d=&quot;M6.53 9C4.6 8.8 3 7.1 3 5&quot;
    /&gt;
    &lt;path
      d=&quot;M6 13H2&quot;
    /&gt;
    &lt;path
      d=&quot;M3 21c0-2.1 1.7-3.9 3.8-4&quot;
    /&gt;
    &lt;path
      d=&quot;M20.97 5c0 2.1-1.6 3.8-3.5 4&quot;
    /&gt;
    &lt;path
      d=&quot;M22 13h-4&quot;
    /&gt;
    &lt;path
      d=&quot;M17.2 17c2.1.1 3.8 1.9 3.8 4&quot;
    /&gt;
  &lt;/svg&gt;
  Error Details (Development Only)
&lt;/summary&gt;

Ignored nodes: comments, script, style
&lt;summary
  style=&quot;cursor: pointer; margin-bottom: 8px; color: rgb(107, 114, 128); font-size: 12px;&quot;
&gt;
  &lt;svg
    aria-hidden=&quot;true&quot;
    class=&quot;lucide lucide-bug&quot;
    fill=&quot;none&quot;
    height=&quot;14&quot;
    stroke=&quot;currentColor&quot;
    stroke-linecap=&quot;round&quot;
    stroke-linejoin=&quot;round&quot;
    stroke-width=&quot;2&quot;
    style=&quot;margin-right: 6px; vertical-align: middle;&quot;
    viewBox=&quot;0 0 24 24&quot;
    width=&quot;14&quot;
    xmlns=&quot;http://www.w3.org/2000/svg&quot;
  &gt;
    &lt;path
      d=&quot;m8 2 1.88 1.88&quot;
    /&gt;
    &lt;path
      d=&quot;M14.12 3.88 16 2&quot;
    /&gt;
    &lt;path
      d=&quot;M9 7.13v-1a3.003 3.003 0 1 1 6 0v1&quot;
    /&gt;
    &lt;path
      d=&quot;M12 20c-3.3 0-6-2.7-6-6v-3a4 4 0 0 1 4-4h4a4 4 0 0 1 4 4v3c0 3.3-2.7 6-6 6&quot;
    /&gt;
    &lt;path
      d=&quot;M12 20v-9&quot;
    /&gt;
    &lt;path
      d=&quot;M6.53 9C4.6 8.8 3 7.1 3 5&quot;
    /&gt;
    &lt;path
      d=&quot;M6 13H2&quot;
    /&gt;
    &lt;path
      d=&quot;M3 21c0-2.1 1.7-3.9 3.8-4&quot;
    /&gt;
    &lt;path
      d=&quot;M20.97 5c0 2.1-1.6 3.8-3.5 4&quot;
    /&gt;
    &lt;path
      d=&quot;M22 13h-4&quot;
    /&gt;
    &lt;path
      d=&quot;M17.2 17c2.1.1 3.8 1.9 3.8 4&quot;
    /&gt;
  &lt;/svg&gt;
  Error Details (Development Only)
&lt;/summary&gt;

(If this is intentional, then use the `*AllBy*` variant of the query (like `queryAllByText`, `getAllByText`, or `findAllByText`)).

Ignored nodes: comments, script, style
&lt;body&gt;
  &lt;div&gt;
    &lt;div
      data-testid=&quot;test-content&quot;
    &gt;
      Test content
    &lt;/div&gt;
  &lt;/div&gt;
  &lt;div&gt;
    &lt;div
      style=&quot;min-height: 400px; background: rgb(245, 245, 245); display: flex; align-items: center; justify-content: center; padding: 32px; border-radius: 8px;&quot;
    &gt;
      &lt;div
        style=&quot;max-width: 600px; width: 100%; text-align: center; background: rgba(255, 255, 255, 0.9); border-radius: 16px; padding: 32px; border: 1px solid rgb(229, 231, 235); box-shadow: 0 4px 6px rgba(0, 0, 0, 0.1);&quot;
      &gt;
        &lt;svg
          aria-hidden=&quot;true&quot;
          class=&quot;lucide lucide-circle-alert&quot;
          fill=&quot;none&quot;
          height=&quot;48&quot;
          stroke=&quot;currentColor&quot;
          stroke-linecap=&quot;round&quot;
          stroke-linejoin=&quot;round&quot;
          stroke-width=&quot;2&quot;
          style=&quot;color: rgb(239, 68, 68); margin-bottom: 16px;&quot;
          viewBox=&quot;0 0 24 24&quot;
          width=&quot;48&quot;
          xmlns=&quot;http://www.w3.org/2000/svg&quot;
        &gt;
          &lt;circle
            cx=&quot;12&quot;
            cy=&quot;12&quot;
            r=&quot;10&quot;
          /&gt;
          &lt;line
            x1=&quot;12&quot;
            x2=&quot;12&quot;
            y1=&quot;8&quot;
            y2=&quot;12&quot;
          /&gt;
          &lt;line
            x1=&quot;12&quot;
            x2=&quot;12.01&quot;
            y1=&quot;16&quot;
            y2=&quot;16&quot;
          /&gt;
        &lt;/svg&gt;
        &lt;h3
          style=&quot;font-size: 20px; font-weight: bold; margin-bottom: 8px; color: rgb(31, 41, 55);&quot;
        &gt;
          Network Connection Issue
        &lt;/h3&gt;
        &lt;p
          style=&quot;font-size: 14px; margin-bottom: 20px; color: rgb(107, 114, 128); line-height: 1.5;&quot;
        &gt;
          Check your internet connection and try again. If the problem persists, contact your network administrator.
        &lt;/p&gt;
        &lt;details
          style=&quot;text-align: left; margin-bottom: 20px; background: rgba(0, 0, 0, 0.05); padding: 12px; border-radius: 6px; font-size: 12px;&quot;
        &gt;
          &lt;summary
            style=&quot;cursor: pointer; margin-bottom: 8px; color: rgb(107, 114, 128); font-size: 12px;&quot;
          &gt;
            &lt;svg
              aria-hidden=&quot;true&quot;
              class=&quot;lucide lucide-bug&quot;
              fill=&quot;none&quot;
              height=&quot;14&quot;
              stroke=&quot;currentColor&quot;
              stroke-linecap=&quot;round&quot;
              stroke-linejoin=&quot;round&quot;
              stroke-width=&quot;2&quot;
              style=&quot;margin-right: 6px; vertical-align: middle;&quot;
              viewBox=&quot;0 0 24 24&quot;
              width=&quot;14&quot;
              xmlns=&quot;http://www.w3.org/2000/svg&quot;
            &gt;
              &lt;path
                d=&quot;m8 2 1.88 1.88&quot;
              /&gt;
              &lt;path
                d=&quot;M14.12 3.88 16 2&quot;
              /&gt;
              &lt;path
                d=&quot;M9 7.13v-1a3.003 3.003 0 1 1 6 0v1&quot;
              /&gt;
              &lt;path
                d=&quot;M12 20c-3.3 0-6-2.7-6-6v-3a4 4 0 0 1 4-4h4a4 4 0 0 1 4 4v3c0 3.3-2.7 6-6 6&quot;
              /&gt;
              &lt;path
                d=&quot;M12 20v-9&quot;
              /&gt;
              &lt;path
                d=&quot;M6.53 9C4.6 8.8 3 7.1 3 5&quot;
              /&gt;
              &lt;path
                d=&quot;M6 13H2&quot;
              /&gt;
              &lt;path
                d=&quot;M3 21c0-2.1 1.7-3.9 3.8-4&quot;
              /&gt;
              &lt;path
                d=&quot;M20.97 5c0 2.1-1.6 3.8-3.5 4&quot;
              /&gt;
              &lt;path
                d=&quot;M22 13h-4&quot;
              /&gt;
              &lt;path
                d=&quot;M17.2 17c2.1.1 3.8 1.9 3.8 4&quot;
              /&gt;
            &lt;/svg&gt;
            Error Details (Development Only)
          &lt;/summary&gt;
          &lt;div
            style=&quot;font-family: monospace; color: rgb(75, 85, 99); word-break: break-word;&quot;
          &gt;
            &lt;strong&gt;
              Type:
            &lt;/strong&gt;
             
            NETWORK
            &lt;br /&gt;
            &lt;strong&gt;
              Code:
            &lt;/strong&gt;
             
            NETWORK_ERROR
            &lt;br /&gt;
            &lt;strong&gt;
              Message:
            &lt;/strong&gt;
             
            Test error message
            &lt;br /&gt;
            &lt;strong&gt;
              Stack:
            &lt;/strong&gt;
            &lt;pre
              style=&quot;white-space: pre-wrap; word-break: break-word; margin: 4px 0px 0px 0px; font-size: 10px;&quot;
            &gt;
              AppError: Test error message
    at ThrowErrorComponent (/home/ilya/projects/SimpleAdminReporter/frontend/src/components/query/__tests__/QueryPreviewErrorBoundary.test.tsx:59:19)
    at Object.react_stack_bottom_frame (/home/ilya/projects/SimpleAdminReporter/frontend/node_modules/react-dom/cjs/react-dom-client.development.js:23863:20)
    at renderWithHooks (/home/ilya/projects/SimpleAdminReporter/frontend/node_modules/react-dom/cjs/react-dom-client.development.js:5529:22)
    at updateFunctionComponent (/home/ilya/projects/SimpleAdminReporter/frontend/node_modules/react-dom/cjs/react-dom-client.development.js:8897:19)
    at beginWork (/home/ilya/projects/SimpleAdminReporter/frontend/node_modules/react-dom/cjs/react-dom-client.development.js:10522:18)
    at runWithFiberInDEV (/home/ilya/projects/SimpleAdminReporter/frontend/node_modules/react-dom/cjs/react-dom-client.development.js:1522:13...
 ❯ ThrowErrorComponent src/components/query/__tests__/QueryPreviewErrorBoundary.test.tsx:59:19
 ❯ Object.react_stack_bottom_frame node_modules/react-dom/cjs/react-dom-client.development.js:23863:20
 ❯ renderWithHooks node_modules/react-dom/cjs/react-dom-client.development.js:5529:22
 ❯ updateFunctionComponent node_modules/react-dom/cjs/react-dom-client.development.js:8897:19
 ❯ beginWork node_modules/react-dom/cjs/react-dom-client.development.js:10522:18
 ❯ Object.getElementError node_modules/@testing-library/dom/dist/config.js:37:19
 ❯ getElementError node_modules/@testing-library/dom/dist/query-helpers.js:20:35
 ❯ getMultipleElementsFoundError node_modules/@testing-library/dom/dist/query-helpers.js:23:10
 ❯ node_modules/@testing-library/dom/dist/query-helpers.js:55:13
 ❯ node_modules/@testing-library/dom/dist/query-helpers.js:95:19
 ❯ src/components/query/__tests__/QueryPreviewErrorBoundary.test.tsx:566:21
            </failure>
            <failure message="Cannot delete property &apos;gtag&apos; of #&lt;Object&gt;" type="TypeError">
TypeError: Cannot delete property &apos;gtag&apos; of #&lt;Object&gt;
 ❯ src/components/query/__tests__/QueryPreviewErrorBoundary.test.tsx:49:3
            </failure>
        </testcase>
        <testcase classname="src/components/query/__tests__/QueryPreviewErrorBoundary.test.tsx" name="QueryPreviewErrorBoundary &gt; Development Mode Features &gt; displays error stack trace in development mode" time="0.067817308">
            <failure message="Found multiple elements with the text: Error Details (Development Only)

Here are the matching elements:

Ignored nodes: comments, script, style
[36m&lt;summary[39m
  [33mstyle[39m=[32m&quot;cursor: pointer; margin-bottom: 8px; color: rgb(107, 114, 128); font-size: 12px;&quot;[39m
[36m&gt;[39m
  [36m&lt;svg[39m
    [33maria-hidden[39m=[32m&quot;true&quot;[39m
    [33mclass[39m=[32m&quot;lucide lucide-bug&quot;[39m
    [33mfill[39m=[32m&quot;none&quot;[39m
    [33mheight[39m=[32m&quot;14&quot;[39m
    [33mstroke[39m=[32m&quot;currentColor&quot;[39m
    [33mstroke-linecap[39m=[32m&quot;round&quot;[39m
    [33mstroke-linejoin[39m=[32m&quot;round&quot;[39m
    [33mstroke-width[39m=[32m&quot;2&quot;[39m
    [33mstyle[39m=[32m&quot;margin-right: 6px; vertical-align: middle;&quot;[39m
    [33mviewBox[39m=[32m&quot;0 0 24 24&quot;[39m
    [33mwidth[39m=[32m&quot;14&quot;[39m
    [33mxmlns[39m=[32m&quot;http://www.w3.org/2000/svg&quot;[39m
  [36m&gt;[39m
    [36m&lt;path[39m
      [33md[39m=[32m&quot;m8 2 1.88 1.88&quot;[39m
    [36m/&gt;[39m
    [36m&lt;path[39m
      [33md[39m=[32m&quot;M14.12 3.88 16 2&quot;[39m
    [36m/&gt;[39m
    [36m&lt;path[39m
      [33md[39m=[32m&quot;M9 7.13v-1a3.003 3.003 0 1 1 6 0v1&quot;[39m
    [36m/&gt;[39m
    [36m&lt;path[39m
      [33md[39m=[32m&quot;M12 20c-3.3 0-6-2.7-6-6v-3a4 4 0 0 1 4-4h4a4 4 0 0 1 4 4v3c0 3.3-2.7 6-6 6&quot;[39m
    [36m/&gt;[39m
    [36m&lt;path[39m
      [33md[39m=[32m&quot;M12 20v-9&quot;[39m
    [36m/&gt;[39m
    [36m&lt;path[39m
      [33md[39m=[32m&quot;M6.53 9C4.6 8.8 3 7.1 3 5&quot;[39m
    [36m/&gt;[39m
    [36m&lt;path[39m
      [33md[39m=[32m&quot;M6 13H2&quot;[39m
    [36m/&gt;[39m
    [36m&lt;path[39m
      [33md[39m=[32m&quot;M3 21c0-2.1 1.7-3.9 3.8-4&quot;[39m
    [36m/&gt;[39m
    [36m&lt;path[39m
      [33md[39m=[32m&quot;M20.97 5c0 2.1-1.6 3.8-3.5 4&quot;[39m
    [36m/&gt;[39m
    [36m&lt;path[39m
      [33md[39m=[32m&quot;M22 13h-4&quot;[39m
    [36m/&gt;[39m
    [36m&lt;path[39m
      [33md[39m=[32m&quot;M17.2 17c2.1.1 3.8 1.9 3.8 4&quot;[39m
    [36m/&gt;[39m
  [36m&lt;/svg&gt;[39m
  [0mError Details (Development Only)[0m
[36m&lt;/summary&gt;[39m

Ignored nodes: comments, script, style
[36m&lt;summary[39m
  [33mstyle[39m=[32m&quot;cursor: pointer; margin-bottom: 8px; color: rgb(107, 114, 128); font-size: 12px;&quot;[39m
[36m&gt;[39m
  [36m&lt;svg[39m
    [33maria-hidden[39m=[32m&quot;true&quot;[39m
    [33mclass[39m=[32m&quot;lucide lucide-bug&quot;[39m
    [33mfill[39m=[32m&quot;none&quot;[39m
    [33mheight[39m=[32m&quot;14&quot;[39m
    [33mstroke[39m=[32m&quot;currentColor&quot;[39m
    [33mstroke-linecap[39m=[32m&quot;round&quot;[39m
    [33mstroke-linejoin[39m=[32m&quot;round&quot;[39m
    [33mstroke-width[39m=[32m&quot;2&quot;[39m
    [33mstyle[39m=[32m&quot;margin-right: 6px; vertical-align: middle;&quot;[39m
    [33mviewBox[39m=[32m&quot;0 0 24 24&quot;[39m
    [33mwidth[39m=[32m&quot;14&quot;[39m
    [33mxmlns[39m=[32m&quot;http://www.w3.org/2000/svg&quot;[39m
  [36m&gt;[39m
    [36m&lt;path[39m
      [33md[39m=[32m&quot;m8 2 1.88 1.88&quot;[39m
    [36m/&gt;[39m
    [36m&lt;path[39m
      [33md[39m=[32m&quot;M14.12 3.88 16 2&quot;[39m
    [36m/&gt;[39m
    [36m&lt;path[39m
      [33md[39m=[32m&quot;M9 7.13v-1a3.003 3.003 0 1 1 6 0v1&quot;[39m
    [36m/&gt;[39m
    [36m&lt;path[39m
      [33md[39m=[32m&quot;M12 20c-3.3 0-6-2.7-6-6v-3a4 4 0 0 1 4-4h4a4 4 0 0 1 4 4v3c0 3.3-2.7 6-6 6&quot;[39m
    [36m/&gt;[39m
    [36m&lt;path[39m
      [33md[39m=[32m&quot;M12 20v-9&quot;[39m
    [36m/&gt;[39m
    [36m&lt;path[39m
      [33md[39m=[32m&quot;M6.53 9C4.6 8.8 3 7.1 3 5&quot;[39m
    [36m/&gt;[39m
    [36m&lt;path[39m
      [33md[39m=[32m&quot;M6 13H2&quot;[39m
    [36m/&gt;[39m
    [36m&lt;path[39m
      [33md[39m=[32m&quot;M3 21c0-2.1 1.7-3.9 3.8-4&quot;[39m
    [36m/&gt;[39m
    [36m&lt;path[39m
      [33md[39m=[32m&quot;M20.97 5c0 2.1-1.6 3.8-3.5 4&quot;[39m
    [36m/&gt;[39m
    [36m&lt;path[39m
      [33md[39m=[32m&quot;M22 13h-4&quot;[39m
    [36m/&gt;[39m
    [36m&lt;path[39m
      [33md[39m=[32m&quot;M17.2 17c2.1.1 3.8 1.9 3.8 4&quot;[39m
    [36m/&gt;[39m
  [36m&lt;/svg&gt;[39m
  [0mError Details (Development Only)[0m
[36m&lt;/summary&gt;[39m

Ignored nodes: comments, script, style
[36m&lt;summary[39m
  [33mstyle[39m=[32m&quot;cursor: pointer; margin-bottom: 8px; color: rgb(107, 114, 128); font-size: 12px;&quot;[39m
[36m&gt;[39m
  [36m&lt;svg[39m
    [33maria-hidden[39m=[32m&quot;true&quot;[39m
    [33mclass[39m=[32m&quot;lucide lucide-bug&quot;[39m
    [33mfill[39m=[32m&quot;none&quot;[39m
    [33mheight[39m=[32m&quot;14&quot;[39m
    [33mstroke[39m=[32m&quot;currentColor&quot;[39m
    [33mstroke-linecap[39m=[32m&quot;round&quot;[39m
    [33mstroke-linejoin[39m=[32m&quot;round&quot;[39m
    [33mstroke-width[39m=[32m&quot;2&quot;[39m
    [33mstyle[39m=[32m&quot;margin-right: 6px; vertical-align: middle;&quot;[39m
    [33mviewBox[39m=[32m&quot;0 0 24 24&quot;[39m
    [33mwidth[39m=[32m&quot;14&quot;[39m
    [33mxmlns[39m=[32m&quot;http://www.w3.org/2000/svg&quot;[39m
  [36m&gt;[39m
    [36m&lt;path[39m
      [33md[39m=[32m&quot;m8 2 1.88 1.88&quot;[39m
    [36m/&gt;[39m
    [36m&lt;path[39m
      [33md[39m=[32m&quot;M14.12 3.88 16 2&quot;[39m
    [36m/&gt;[39m
    [36m&lt;path[39m
      [33md[39m=[32m&quot;M9 7.13v-1a3.003 3.003 0 1 1 6 0v1&quot;[39m
    [36m/&gt;[39m
    [36m&lt;path[39m
      [33md[39m=[32m&quot;M12 20c-3.3 0-6-2.7-6-6v-3a4 4 0 0 1 4-4h4a4 4 0 0 1 4 4v3c0 3.3-2.7 6-6 6&quot;[39m
    [36m/&gt;[39m
    [36m&lt;path[39m
      [33md[39m=[32m&quot;M12 20v-9&quot;[39m
    [36m/&gt;[39m
    [36m&lt;path[39m
      [33md[39m=[32m&quot;M6.53 9C4.6 8.8 3 7.1 3 5&quot;[39m
    [36m/&gt;[39m
    [36m&lt;path[39m
      [33md[39m=[32m&quot;M6 13H2&quot;[39m
    [36m/&gt;[39m
    [36m&lt;path[39m
      [33md[39m=[32m&quot;M3 21c0-2.1 1.7-3.9 3.8-4&quot;[39m
    [36m/&gt;[39m
    [36m&lt;path[39m
      [33md[39m=[32m&quot;M20.97 5c0 2.1-1.6 3.8-3.5 4&quot;[39m
    [36m/&gt;[39m
    [36m&lt;path[39m
      [33md[39m=[32m&quot;M22 13h-4&quot;[39m
    [36m/&gt;[39m
    [36m&lt;path[39m
      [33md[39m=[32m&quot;M17.2 17c2.1.1 3.8 1.9 3.8 4&quot;[39m
    [36m/&gt;[39m
  [36m&lt;/svg&gt;[39m
  [0mError Details (Development Only)[0m
[36m&lt;/summary&gt;[39m

Ignored nodes: comments, script, style
[36m&lt;summary[39m
  [33mstyle[39m=[32m&quot;cursor: pointer; margin-bottom: 8px; color: rgb(107, 114, 128); font-size: 12px;&quot;[39m
[36m&gt;[39m
  [36m&lt;svg[39m
    [33maria-hidden[39m=[32m&quot;true&quot;[39m
    [33mclass[39m=[32m&quot;lucide lucide-bug&quot;[39m
    [33mfill[39m=[32m&quot;none&quot;[39m
    [33mheight[39m=[32m&quot;14&quot;[39m
    [33mstroke[39m=[32m&quot;currentColor&quot;[39m
    [33mstroke-linecap[39m=[32m&quot;round&quot;[39m
    [33mstroke-linejoin[39m=[32m&quot;round&quot;[39m
    [33mstroke-width[39m=[32m&quot;2&quot;[39m
    [33mstyle[39m=[32m&quot;margin-right: 6px; vertical-align: middle;&quot;[39m
    [33mviewBox[39m=[32m&quot;0 0 24 24&quot;[39m
    [33mwidth[39m=[32m&quot;14&quot;[39m
    [33mxmlns[39m=[32m&quot;http://www.w3.org/2000/svg&quot;[39m
  [36m&gt;[39m
    [36m&lt;path[39m
      [33md[39m=[32m&quot;m8 2 1.88 1.88&quot;[39m
    [36m/&gt;[39m
    [36m&lt;path[39m
      [33md[39m=[32m&quot;M14.12 3.88 16 2&quot;[39m
    [36m/&gt;[39m
    [36m&lt;path[39m
      [33md[39m=[32m&quot;M9 7.13v-1a3.003 3.003 0 1 1 6 0v1&quot;[39m
    [36m/&gt;[39m
    [36m&lt;path[39m
      [33md[39m=[32m&quot;M12 20c-3.3 0-6-2.7-6-6v-3a4 4 0 0 1 4-4h4a4 4 0 0 1 4 4v3c0 3.3-2.7 6-6 6&quot;[39m
    [36m/&gt;[39m
    [36m&lt;path[39m
      [33md[39m=[32m&quot;M12 20v-9&quot;[39m
    [36m/&gt;[39m
    [36m&lt;path[39m
      [33md[39m=[32m&quot;M6.53 9C4.6 8.8 3 7.1 3 5&quot;[39m
    [36m/&gt;[39m
    [36m&lt;path[39m
      [33md[39m=[32m&quot;M6 13H2&quot;[39m
    [36m/&gt;[39m
    [36m&lt;path[39m
      [33md[39m=[32m&quot;M3 21c0-2.1 1.7-3.9 3.8-4&quot;[39m
    [36m/&gt;[39m
    [36m&lt;path[39m
      [33md[39m=[32m&quot;M20.97 5c0 2.1-1.6 3.8-3.5 4&quot;[39m
    [36m/&gt;[39m
    [36m&lt;path[39m
      [33md[39m=[32m&quot;M22 13h-4&quot;[39m
    [36m/&gt;[39m
    [36m&lt;path[39m
      [33md[39m=[32m&quot;M17.2 17c2.1.1 3.8 1.9 3.8 4&quot;[39m
    [36m/&gt;[39m
  [36m&lt;/svg&gt;[39m
  [0mError Details (Development Only)[0m
[36m&lt;/summary&gt;[39m

Ignored nodes: comments, script, style
[36m&lt;summary[39m
  [33mstyle[39m=[32m&quot;cursor: pointer; margin-bottom: 8px; color: rgb(107, 114, 128); font-size: 12px;&quot;[39m
[36m&gt;[39m
  [36m&lt;svg[39m
    [33maria-hidden[39m=[32m&quot;true&quot;[39m
    [33mclass[39m=[32m&quot;lucide lucide-bug&quot;[39m
    [33mfill[39m=[32m&quot;none&quot;[39m
    [33mheight[39m=[32m&quot;14&quot;[39m
    [33mstroke[39m=[32m&quot;currentColor&quot;[39m
    [33mstroke-linecap[39m=[32m&quot;round&quot;[39m
    [33mstroke-linejoin[39m=[32m&quot;round&quot;[39m
    [33mstroke-width[39m=[32m&quot;2&quot;[39m
    [33mstyle[39m=[32m&quot;margin-right: 6px; vertical-align: middle;&quot;[39m
    [33mviewBox[39m=[32m&quot;0 0 24 24&quot;[39m
    [33mwidth[39m=[32m&quot;14&quot;[39m
    [33mxmlns[39m=[32m&quot;http://www.w3.org/2000/svg&quot;[39m
  [36m&gt;[39m
    [36m&lt;path[39m
      [33md[39m=[32m&quot;m8 2 1.88 1.88&quot;[39m
    [36m/&gt;[39m
    [36m&lt;path[39m
      [33md[39m=[32m&quot;M14.12 3.88 16 2&quot;[39m
    [36m/&gt;[39m
    [36m&lt;path[39m
      [33md[39m=[32m&quot;M9 7.13v-1a3.003 3.003 0 1 1 6 0v1&quot;[39m
    [36m/&gt;[39m
    [36m&lt;path[39m
      [33md[39m=[32m&quot;M12 20c-3.3 0-6-2.7-6-6v-3a4 4 0 0 1 4-4h4a4 4 0 0 1 4 4v3c0 3.3-2.7 6-6 6&quot;[39m
    [36m/&gt;[39m
    [36m&lt;path[39m
      [33md[39m=[32m&quot;M12 20v-9&quot;[39m
    [36m/&gt;[39m
    [36m&lt;path[39m
      [33md[39m=[32m&quot;M6.53 9C4.6 8.8 3 7.1 3 5&quot;[39m
    [36m/&gt;[39m
    [36m&lt;path[39m
      [33md[39m=[32m&quot;M6 13H2&quot;[39m
    [36m/&gt;[39m
    [36m&lt;path[39m
      [33md[39m=[32m&quot;M3 21c0-2.1 1.7-3.9 3.8-4&quot;[39m
    [36m/&gt;[39m
    [36m&lt;path[39m
      [33md[39m=[32m&quot;M20.97 5c0 2.1-1.6 3.8-3.5 4&quot;[39m
    [36m/&gt;[39m
    [36m&lt;path[39m
      [33md[39m=[32m&quot;M22 13h-4&quot;[39m
    [36m/&gt;[39m
    [36m&lt;path[39m
      [33md[39m=[32m&quot;M17.2 17c2.1.1 3.8 1.9 3.8 4&quot;[39m
    [36m/&gt;[39m
  [36m&lt;/svg&gt;[39m
  [0mError Details (Development Only)[0m
[36m&lt;/summary&gt;[39m

Ignored nodes: comments, script, style
[36m&lt;summary[39m
  [33mstyle[39m=[32m&quot;cursor: pointer; margin-bottom: 8px; color: rgb(107, 114, 128); font-size: 12px;&quot;[39m
[36m&gt;[39m
  [36m&lt;svg[39m
    [33maria-hidden[39m=[32m&quot;true&quot;[39m
    [33mclass[39m=[32m&quot;lucide lucide-bug&quot;[39m
    [33mfill[39m=[32m&quot;none&quot;[39m
    [33mheight[39m=[32m&quot;14&quot;[39m
    [33mstroke[39m=[32m&quot;currentColor&quot;[39m
    [33mstroke-linecap[39m=[32m&quot;round&quot;[39m
    [33mstroke-linejoin[39m=[32m&quot;round&quot;[39m
    [33mstroke-width[39m=[32m&quot;2&quot;[39m
    [33mstyle[39m=[32m&quot;margin-right: 6px; vertical-align: middle;&quot;[39m
    [33mviewBox[39m=[32m&quot;0 0 24 24&quot;[39m
    [33mwidth[39m=[32m&quot;14&quot;[39m
    [33mxmlns[39m=[32m&quot;http://www.w3.org/2000/svg&quot;[39m
  [36m&gt;[39m
    [36m&lt;path[39m
      [33md[39m=[32m&quot;m8 2 1.88 1.88&quot;[39m
    [36m/&gt;[39m
    [36m&lt;path[39m
      [33md[39m=[32m&quot;M14.12 3.88 16 2&quot;[39m
    [36m/&gt;[39m
    [36m&lt;path[39m
      [33md[39m=[32m&quot;M9 7.13v-1a3.003 3.003 0 1 1 6 0v1&quot;[39m
    [36m/&gt;[39m
    [36m&lt;path[39m
      [33md[39m=[32m&quot;M12 20c-3.3 0-6-2.7-6-6v-3a4 4 0 0 1 4-4h4a4 4 0 0 1 4 4v3c0 3.3-2.7 6-6 6&quot;[39m
    [36m/&gt;[39m
    [36m&lt;path[39m
      [33md[39m=[32m&quot;M12 20v-9&quot;[39m
    [36m/&gt;[39m
    [36m&lt;path[39m
      [33md[39m=[32m&quot;M6.53 9C4.6 8.8 3 7.1 3 5&quot;[39m
    [36m/&gt;[39m
    [36m&lt;path[39m
      [33md[39m=[32m&quot;M6 13H2&quot;[39m
    [36m/&gt;[39m
    [36m&lt;path[39m
      [33md[39m=[32m&quot;M3 21c0-2.1 1.7-3.9 3.8-4&quot;[39m
    [36m/&gt;[39m
    [36m&lt;path[39m
      [33md[39m=[32m&quot;M20.97 5c0 2.1-1.6 3.8-3.5 4&quot;[39m
    [36m/&gt;[39m
    [36m&lt;path[39m
      [33md[39m=[32m&quot;M22 13h-4&quot;[39m
    [36m/&gt;[39m
    [36m&lt;path[39m
      [33md[39m=[32m&quot;M17.2 17c2.1.1 3.8 1.9 3.8 4&quot;[39m
    [36m/&gt;[39m
  [36m&lt;/svg&gt;[39m
  [0mError Details (Development Only)[0m
[36m&lt;/summary&gt;[39m

Ignored nodes: comments, script, style
[36m&lt;summary[39m
  [33mstyle[39m=[32m&quot;cursor: pointer; margin-bottom: 8px; color: rgb(107, 114, 128); font-size: 12px;&quot;[39m
[36m&gt;[39m
  [36m&lt;svg[39m
    [33maria-hidden[39m=[32m&quot;true&quot;[39m
    [33mclass[39m=[32m&quot;lucide lucide-bug&quot;[39m
    [33mfill[39m=[32m&quot;none&quot;[39m
    [33mheight[39m=[32m&quot;14&quot;[39m
    [33mstroke[39m=[32m&quot;currentColor&quot;[39m
    [33mstroke-linecap[39m=[32m&quot;round&quot;[39m
    [33mstroke-linejoin[39m=[32m&quot;round&quot;[39m
    [33mstroke-width[39m=[32m&quot;2&quot;[39m
    [33mstyle[39m=[32m&quot;margin-right: 6px; vertical-align: middle;&quot;[39m
    [33mviewBox[39m=[32m&quot;0 0 24 24&quot;[39m
    [33mwidth[39m=[32m&quot;14&quot;[39m
    [33mxmlns[39m=[32m&quot;http://www.w3.org/2000/svg&quot;[39m
  [36m&gt;[39m
    [36m&lt;path[39m
      [33md[39m=[32m&quot;m8 2 1.88 1.88&quot;[39m
    [36m/&gt;[39m
    [36m&lt;path[39m
      [33md[39m=[32m&quot;M14.12 3.88 16 2&quot;[39m
    [36m/&gt;[39m
    [36m&lt;path[39m
      [33md[39m=[32m&quot;M9 7.13v-1a3.003 3.003 0 1 1 6 0v1&quot;[39m
    [36m/&gt;[39m
    [36m&lt;path[39m
      [33md[39m=[32m&quot;M12 20c-3.3 0-6-2.7-6-6v-3a4 4 0 0 1 4-4h4a4 4 0 0 1 4 4v3c0 3.3-2.7 6-6 6&quot;[39m
    [36m/&gt;[39m
    [36m&lt;path[39m
      [33md[39m=[32m&quot;M12 20v-9&quot;[39m
    [36m/&gt;[39m
    [36m&lt;path[39m
      [33md[39m=[32m&quot;M6.53 9C4.6 8.8 3 7.1 3 5&quot;[39m
    [36m/&gt;[39m
    [36m&lt;path[39m
      [33md[39m=[32m&quot;M6 13H2&quot;[39m
    [36m/&gt;[39m
    [36m&lt;path[39m
      [33md[39m=[32m&quot;M3 21c0-2.1 1.7-3.9 3.8-4&quot;[39m
    [36m/&gt;[39m
    [36m&lt;path[39m
      [33md[39m=[32m&quot;M20.97 5c0 2.1-1.6 3.8-3.5 4&quot;[39m
    [36m/&gt;[39m
    [36m&lt;path[39m
      [33md[39m=[32m&quot;M22 13h-4&quot;[39m
    [36m/&gt;[39m
    [36m&lt;path[39m
      [33md[39m=[32m&quot;M17.2 17c2.1.1 3.8 1.9 3.8 4&quot;[39m
    [36m/&gt;[39m
  [36m&lt;/svg&gt;[39m
  [0mError Details (Development Only)[0m
[36m&lt;/summary&gt;[39m

Ignored nodes: comments, script, style
[36m&lt;summary[39m
  [33mstyle[39m=[32m&quot;cursor: pointer; margin-bottom: 8px; color: rgb(107, 114, 128); font-size: 12px;&quot;[39m
[36m&gt;[39m
  [36m&lt;svg[39m
    [33maria-hidden[39m=[32m&quot;true&quot;[39m
    [33mclass[39m=[32m&quot;lucide lucide-bug&quot;[39m
    [33mfill[39m=[32m&quot;none&quot;[39m
    [33mheight[39m=[32m&quot;14&quot;[39m
    [33mstroke[39m=[32m&quot;currentColor&quot;[39m
    [33mstroke-linecap[39m=[32m&quot;round&quot;[39m
    [33mstroke-linejoin[39m=[32m&quot;round&quot;[39m
    [33mstroke-width[39m=[32m&quot;2&quot;[39m
    [33mstyle[39m=[32m&quot;margin-right: 6px; vertical-align: middle;&quot;[39m
    [33mviewBox[39m=[32m&quot;0 0 24 24&quot;[39m
    [33mwidth[39m=[32m&quot;14&quot;[39m
    [33mxmlns[39m=[32m&quot;http://www.w3.org/2000/svg&quot;[39m
  [36m&gt;[39m
    [36m&lt;path[39m
      [33md[39m=[32m&quot;m8 2 1.88 1.88&quot;[39m
    [36m/&gt;[39m
    [36m&lt;path[39m
      [33md[39m=[32m&quot;M14.12 3.88 16 2&quot;[39m
    [36m/&gt;[39m
    [36m&lt;path[39m
      [33md[39m=[32m&quot;M9 7.13v-1a3.003 3.003 0 1 1 6 0v1&quot;[39m
    [36m/&gt;[39m
    [36m&lt;path[39m
      [33md[39m=[32m&quot;M12 20c-3.3 0-6-2.7-6-6v-3a4 4 0 0 1 4-4h4a4 4 0 0 1 4 4v3c0 3.3-2.7 6-6 6&quot;[39m
    [36m/&gt;[39m
    [36m&lt;path[39m
      [33md[39m=[32m&quot;M12 20v-9&quot;[39m
    [36m/&gt;[39m
    [36m&lt;path[39m
      [33md[39m=[32m&quot;M6.53 9C4.6 8.8 3 7.1 3 5&quot;[39m
    [36m/&gt;[39m
    [36m&lt;path[39m
      [33md[39m=[32m&quot;M6 13H2&quot;[39m
    [36m/&gt;[39m
    [36m&lt;path[39m
      [33md[39m=[32m&quot;M3 21c0-2.1 1.7-3.9 3.8-4&quot;[39m
    [36m/&gt;[39m
    [36m&lt;path[39m
      [33md[39m=[32m&quot;M20.97 5c0 2.1-1.6 3.8-3.5 4&quot;[39m
    [36m/&gt;[39m
    [36m&lt;path[39m
      [33md[39m=[32m&quot;M22 13h-4&quot;[39m
    [36m/&gt;[39m
    [36m&lt;path[39m
      [33md[39m=[32m&quot;M17.2 17c2.1.1 3.8 1.9 3.8 4&quot;[39m
    [36m/&gt;[39m
  [36m&lt;/svg&gt;[39m
  [0mError Details (Development Only)[0m
[36m&lt;/summary&gt;[39m

Ignored nodes: comments, script, style
[36m&lt;summary[39m
  [33mstyle[39m=[32m&quot;cursor: pointer; margin-bottom: 8px; color: rgb(107, 114, 128); font-size: 12px;&quot;[39m
[36m&gt;[39m
  [36m&lt;svg[39m
    [33maria-hidden[39m=[32m&quot;true&quot;[39m
    [33mclass[39m=[32m&quot;lucide lucide-bug&quot;[39m
    [33mfill[39m=[32m&quot;none&quot;[39m
    [33mheight[39m=[32m&quot;14&quot;[39m
    [33mstroke[39m=[32m&quot;currentColor&quot;[39m
    [33mstroke-linecap[39m=[32m&quot;round&quot;[39m
    [33mstroke-linejoin[39m=[32m&quot;round&quot;[39m
    [33mstroke-width[39m=[32m&quot;2&quot;[39m
    [33mstyle[39m=[32m&quot;margin-right: 6px; vertical-align: middle;&quot;[39m
    [33mviewBox[39m=[32m&quot;0 0 24 24&quot;[39m
    [33mwidth[39m=[32m&quot;14&quot;[39m
    [33mxmlns[39m=[32m&quot;http://www.w3.org/2000/svg&quot;[39m
  [36m&gt;[39m
    [36m&lt;path[39m
      [33md[39m=[32m&quot;m8 2 1.88 1.88&quot;[39m
    [36m/&gt;[39m
    [36m&lt;path[39m
      [33md[39m=[32m&quot;M14.12 3.88 16 2&quot;[39m
    [36m/&gt;[39m
    [36m&lt;path[39m
      [33md[39m=[32m&quot;M9 7.13v-1a3.003 3.003 0 1 1 6 0v1&quot;[39m
    [36m/&gt;[39m
    [36m&lt;path[39m
      [33md[39m=[32m&quot;M12 20c-3.3 0-6-2.7-6-6v-3a4 4 0 0 1 4-4h4a4 4 0 0 1 4 4v3c0 3.3-2.7 6-6 6&quot;[39m
    [36m/&gt;[39m
    [36m&lt;path[39m
      [33md[39m=[32m&quot;M12 20v-9&quot;[39m
    [36m/&gt;[39m
    [36m&lt;path[39m
      [33md[39m=[32m&quot;M6.53 9C4.6 8.8 3 7.1 3 5&quot;[39m
    [36m/&gt;[39m
    [36m&lt;path[39m
      [33md[39m=[32m&quot;M6 13H2&quot;[39m
    [36m/&gt;[39m
    [36m&lt;path[39m
      [33md[39m=[32m&quot;M3 21c0-2.1 1.7-3.9 3.8-4&quot;[39m
    [36m/&gt;[39m
    [36m&lt;path[39m
      [33md[39m=[32m&quot;M20.97 5c0 2.1-1.6 3.8-3.5 4&quot;[39m
    [36m/&gt;[39m
    [36m&lt;path[39m
      [33md[39m=[32m&quot;M22 13h-4&quot;[39m
    [36m/&gt;[39m
    [36m&lt;path[39m
      [33md[39m=[32m&quot;M17.2 17c2.1.1 3.8 1.9 3.8 4&quot;[39m
    [36m/&gt;[39m
  [36m&lt;/svg&gt;[39m
  [0mError Details (Development Only)[0m
[36m&lt;/summary&gt;[39m

Ignored nodes: comments, script, style
[36m&lt;summary[39m
  [33mstyle[39m=[32m&quot;cursor: pointer; margin-bottom: 8px; color: rgb(107, 114, 128); font-size: 12px;&quot;[39m
[36m&gt;[39m
  [36m&lt;svg[39m
    [33maria-hidden[39m=[32m&quot;true&quot;[39m
    [33mclass[39m=[32m&quot;lucide lucide-bug&quot;[39m
    [33mfill[39m=[32m&quot;none&quot;[39m
    [33mheight[39m=[32m&quot;14&quot;[39m
    [33mstroke[39m=[32m&quot;currentColor&quot;[39m
    [33mstroke-linecap[39m=[32m&quot;round&quot;[39m
    [33mstroke-linejoin[39m=[32m&quot;round&quot;[39m
    [33mstroke-width[39m=[32m&quot;2&quot;[39m
    [33mstyle[39m=[32m&quot;margin-right: 6px; vertical-align: middle;&quot;[39m
    [33mviewBox[39m=[32m&quot;0 0 24 24&quot;[39m
    [33mwidth[39m=[32m&quot;14&quot;[39m
    [33mxmlns[39m=[32m&quot;http://www.w3.org/2000/svg&quot;[39m
  [36m&gt;[39m
    [36m&lt;path[39m
      [33md[39m=[32m&quot;m8 2 1.88 1.88&quot;[39m
    [36m/&gt;[39m
    [36m&lt;path[39m
      [33md[39m=[32m&quot;M14.12 3.88 16 2&quot;[39m
    [36m/&gt;[39m
    [36m&lt;path[39m
      [33md[39m=[32m&quot;M9 7.13v-1a3.003 3.003 0 1 1 6 0v1&quot;[39m
    [36m/&gt;[39m
    [36m&lt;path[39m
      [33md[39m=[32m&quot;M12 20c-3.3 0-6-2.7-6-6v-3a4 4 0 0 1 4-4h4a4 4 0 0 1 4 4v3c0 3.3-2.7 6-6 6&quot;[39m
    [36m/&gt;[39m
    [36m&lt;path[39m
      [33md[39m=[32m&quot;M12 20v-9&quot;[39m
    [36m/&gt;[39m
    [36m&lt;path[39m
      [33md[39m=[32m&quot;M6.53 9C4.6 8.8 3 7.1 3 5&quot;[39m
    [36m/&gt;[39m
    [36m&lt;path[39m
      [33md[39m=[32m&quot;M6 13H2&quot;[39m
    [36m/&gt;[39m
    [36m&lt;path[39m
      [33md[39m=[32m&quot;M3 21c0-2.1 1.7-3.9 3.8-4&quot;[39m
    [36m/&gt;[39m
    [36m&lt;path[39m
      [33md[39m=[32m&quot;M20.97 5c0 2.1-1.6 3.8-3.5 4&quot;[39m
    [36m/&gt;[39m
    [36m&lt;path[39m
      [33md[39m=[32m&quot;M22 13h-4&quot;[39m
    [36m/&gt;[39m
    [36m&lt;path[39m
      [33md[39m=[32m&quot;M17.2 17c2.1.1 3.8 1.9 3.8 4&quot;[39m
    [36m/&gt;[39m
  [36m&lt;/svg&gt;[39m
  [0mError Details (Development Only)[0m
[36m&lt;/summary&gt;[39m

Ignored nodes: comments, script, style
[36m&lt;summary[39m
  [33mstyle[39m=[32m&quot;cursor: pointer; margin-bottom: 8px; color: rgb(107, 114, 128); font-size: 12px;&quot;[39m
[36m&gt;[39m
  [36m&lt;svg[39m
    [33maria-hidden[39m=[32m&quot;true&quot;[39m
    [33mclass[39m=[32m&quot;lucide lucide-bug&quot;[39m
    [33mfill[39m=[32m&quot;none&quot;[39m
    [33mheight[39m=[32m&quot;14&quot;[39m
    [33mstroke[39m=[32m&quot;currentColor&quot;[39m
    [33mstroke-linecap[39m=[32m&quot;round&quot;[39m
    [33mstroke-linejoin[39m=[32m&quot;round&quot;[39m
    [33mstroke-width[39m=[32m&quot;2&quot;[39m
    [33mstyle[39m=[32m&quot;margin-right: 6px; vertical-align: middle;&quot;[39m
    [33mviewBox[39m=[32m&quot;0 0 24 24&quot;[39m
    [33mwidth[39m=[32m&quot;14&quot;[39m
    [33mxmlns[39m=[32m&quot;http://www.w3.org/2000/svg&quot;[39m
  [36m&gt;[39m
    [36m&lt;path[39m
      [33md[39m=[32m&quot;m8 2 1.88 1.88&quot;[39m
    [36m/&gt;[39m
    [36m&lt;path[39m
      [33md[39m=[32m&quot;M14.12 3.88 16 2&quot;[39m
    [36m/&gt;[39m
    [36m&lt;path[39m
      [33md[39m=[32m&quot;M9 7.13v-1a3.003 3.003 0 1 1 6 0v1&quot;[39m
    [36m/&gt;[39m
    [36m&lt;path[39m
      [33md[39m=[32m&quot;M12 20c-3.3 0-6-2.7-6-6v-3a4 4 0 0 1 4-4h4a4 4 0 0 1 4 4v3c0 3.3-2.7 6-6 6&quot;[39m
    [36m/&gt;[39m
    [36m&lt;path[39m
      [33md[39m=[32m&quot;M12 20v-9&quot;[39m
    [36m/&gt;[39m
    [36m&lt;path[39m
      [33md[39m=[32m&quot;M6.53 9C4.6 8.8 3 7.1 3 5&quot;[39m
    [36m/&gt;[39m
    [36m&lt;path[39m
      [33md[39m=[32m&quot;M6 13H2&quot;[39m
    [36m/&gt;[39m
    [36m&lt;path[39m
      [33md[39m=[32m&quot;M3 21c0-2.1 1.7-3.9 3.8-4&quot;[39m
    [36m/&gt;[39m
    [36m&lt;path[39m
      [33md[39m=[32m&quot;M20.97 5c0 2.1-1.6 3.8-3.5 4&quot;[39m
    [36m/&gt;[39m
    [36m&lt;path[39m
      [33md[39m=[32m&quot;M22 13h-4&quot;[39m
    [36m/&gt;[39m
    [36m&lt;path[39m
      [33md[39m=[32m&quot;M17.2 17c2.1.1 3.8 1.9 3.8 4&quot;[39m
    [36m/&gt;[39m
  [36m&lt;/svg&gt;[39m
  [0mError Details (Development Only)[0m
[36m&lt;/summary&gt;[39m

Ignored nodes: comments, script, style
[36m&lt;summary[39m
  [33mstyle[39m=[32m&quot;cursor: pointer; margin-bottom: 8px; color: rgb(107, 114, 128); font-size: 12px;&quot;[39m
[36m&gt;[39m
  [36m&lt;svg[39m
    [33maria-hidden[39m=[32m&quot;true&quot;[39m
    [33mclass[39m=[32m&quot;lucide lucide-bug&quot;[39m
    [33mfill[39m=[32m&quot;none&quot;[39m
    [33mheight[39m=[32m&quot;14&quot;[39m
    [33mstroke[39m=[32m&quot;currentColor&quot;[39m
    [33mstroke-linecap[39m=[32m&quot;round&quot;[39m
    [33mstroke-linejoin[39m=[32m&quot;round&quot;[39m
    [33mstroke-width[39m=[32m&quot;2&quot;[39m
    [33mstyle[39m=[32m&quot;margin-right: 6px; vertical-align: middle;&quot;[39m
    [33mviewBox[39m=[32m&quot;0 0 24 24&quot;[39m
    [33mwidth[39m=[32m&quot;14&quot;[39m
    [33mxmlns[39m=[32m&quot;http://www.w3.org/2000/svg&quot;[39m
  [36m&gt;[39m
    [36m&lt;path[39m
      [33md[39m=[32m&quot;m8 2 1.88 1.88&quot;[39m
    [36m/&gt;[39m
    [36m&lt;path[39m
      [33md[39m=[32m&quot;M14.12 3.88 16 2&quot;[39m
    [36m/&gt;[39m
    [36m&lt;path[39m
      [33md[39m=[32m&quot;M9 7.13v-1a3.003 3.003 0 1 1 6 0v1&quot;[39m
    [36m/&gt;[39m
    [36m&lt;path[39m
      [33md[39m=[32m&quot;M12 20c-3.3 0-6-2.7-6-6v-3a4 4 0 0 1 4-4h4a4 4 0 0 1 4 4v3c0 3.3-2.7 6-6 6&quot;[39m
    [36m/&gt;[39m
    [36m&lt;path[39m
      [33md[39m=[32m&quot;M12 20v-9&quot;[39m
    [36m/&gt;[39m
    [36m&lt;path[39m
      [33md[39m=[32m&quot;M6.53 9C4.6 8.8 3 7.1 3 5&quot;[39m
    [36m/&gt;[39m
    [36m&lt;path[39m
      [33md[39m=[32m&quot;M6 13H2&quot;[39m
    [36m/&gt;[39m
    [36m&lt;path[39m
      [33md[39m=[32m&quot;M3 21c0-2.1 1.7-3.9 3.8-4&quot;[39m
    [36m/&gt;[39m
    [36m&lt;path[39m
      [33md[39m=[32m&quot;M20.97 5c0 2.1-1.6 3.8-3.5 4&quot;[39m
    [36m/&gt;[39m
    [36m&lt;path[39m
      [33md[39m=[32m&quot;M22 13h-4&quot;[39m
    [36m/&gt;[39m
    [36m&lt;path[39m
      [33md[39m=[32m&quot;M17.2 17c2.1.1 3.8 1.9 3.8 4&quot;[39m
    [36m/&gt;[39m
  [36m&lt;/svg&gt;[39m
  [0mError Details (Development Only)[0m
[36m&lt;/summary&gt;[39m

Ignored nodes: comments, script, style
[36m&lt;summary[39m
  [33mstyle[39m=[32m&quot;cursor: pointer; margin-bottom: 8px; color: rgb(107, 114, 128); font-size: 12px;&quot;[39m
[36m&gt;[39m
  [36m&lt;svg[39m
    [33maria-hidden[39m=[32m&quot;true&quot;[39m
    [33mclass[39m=[32m&quot;lucide lucide-bug&quot;[39m
    [33mfill[39m=[32m&quot;none&quot;[39m
    [33mheight[39m=[32m&quot;14&quot;[39m
    [33mstroke[39m=[32m&quot;currentColor&quot;[39m
    [33mstroke-linecap[39m=[32m&quot;round&quot;[39m
    [33mstroke-linejoin[39m=[32m&quot;round&quot;[39m
    [33mstroke-width[39m=[32m&quot;2&quot;[39m
    [33mstyle[39m=[32m&quot;margin-right: 6px; vertical-align: middle;&quot;[39m
    [33mviewBox[39m=[32m&quot;0 0 24 24&quot;[39m
    [33mwidth[39m=[32m&quot;14&quot;[39m
    [33mxmlns[39m=[32m&quot;http://www.w3.org/2000/svg&quot;[39m
  [36m&gt;[39m
    [36m&lt;path[39m
      [33md[39m=[32m&quot;m8 2 1.88 1.88&quot;[39m
    [36m/&gt;[39m
    [36m&lt;path[39m
      [33md[39m=[32m&quot;M14.12 3.88 16 2&quot;[39m
    [36m/&gt;[39m
    [36m&lt;path[39m
      [33md[39m=[32m&quot;M9 7.13v-1a3.003 3.003 0 1 1 6 0v1&quot;[39m
    [36m/&gt;[39m
    [36m&lt;path[39m
      [33md[39m=[32m&quot;M12 20c-3.3 0-6-2.7-6-6v-3a4 4 0 0 1 4-4h4a4 4 0 0 1 4 4v3c0 3.3-2.7 6-6 6&quot;[39m
    [36m/&gt;[39m
    [36m&lt;path[39m
      [33md[39m=[32m&quot;M12 20v-9&quot;[39m
    [36m/&gt;[39m
    [36m&lt;path[39m
      [33md[39m=[32m&quot;M6.53 9C4.6 8.8 3 7.1 3 5&quot;[39m
    [36m/&gt;[39m
    [36m&lt;path[39m
      [33md[39m=[32m&quot;M6 13H2&quot;[39m
    [36m/&gt;[39m
    [36m&lt;path[39m
      [33md[39m=[32m&quot;M3 21c0-2.1 1.7-3.9 3.8-4&quot;[39m
    [36m/&gt;[39m
    [36m&lt;path[39m
      [33md[39m=[32m&quot;M20.97 5c0 2.1-1.6 3.8-3.5 4&quot;[39m
    [36m/&gt;[39m
    [36m&lt;path[39m
      [33md[39m=[32m&quot;M22 13h-4&quot;[39m
    [36m/&gt;[39m
    [36m&lt;path[39m
      [33md[39m=[32m&quot;M17.2 17c2.1.1 3.8 1.9 3.8 4&quot;[39m
    [36m/&gt;[39m
  [36m&lt;/svg&gt;[39m
  [0mError Details (Development Only)[0m
[36m&lt;/summary&gt;[39m

Ignored nodes: comments, script, style
[36m&lt;summary[39m
  [33mstyle[39m=[32m&quot;cursor: pointer; margin-bottom: 8px; color: rgb(107, 114, 128); font-size: 12px;&quot;[39m
[36m&gt;[39m
  [36m&lt;svg[39m
    [33maria-hidden[39m=[32m&quot;true&quot;[39m
    [33mclass[39m=[32m&quot;lucide lucide-bug&quot;[39m
    [33mfill[39m=[32m&quot;none&quot;[39m
    [33mheight[39m=[32m&quot;14&quot;[39m
    [33mstroke[39m=[32m&quot;currentColor&quot;[39m
    [33mstroke-linecap[39m=[32m&quot;round&quot;[39m
    [33mstroke-linejoin[39m=[32m&quot;round&quot;[39m
    [33mstroke-width[39m=[32m&quot;2&quot;[39m
    [33mstyle[39m=[32m&quot;margin-right: 6px; vertical-align: middle;&quot;[39m
    [33mviewBox[39m=[32m&quot;0 0 24 24&quot;[39m
    [33mwidth[39m=[32m&quot;14&quot;[39m
    [33mxmlns[39m=[32m&quot;http://www.w3.org/2000/svg&quot;[39m
  [36m&gt;[39m
    [36m&lt;path[39m
      [33md[39m=[32m&quot;m8 2 1.88 1.88&quot;[39m
    [36m/&gt;[39m
    [36m&lt;path[39m
      [33md[39m=[32m&quot;M14.12 3.88 16 2&quot;[39m
    [36m/&gt;[39m
    [36m&lt;path[39m
      [33md[39m=[32m&quot;M9 7.13v-1a3.003 3.003 0 1 1 6 0v1&quot;[39m
    [36m/&gt;[39m
    [36m&lt;path[39m
      [33md[39m=[32m&quot;M12 20c-3.3 0-6-2.7-6-6v-3a4 4 0 0 1 4-4h4a4 4 0 0 1 4 4v3c0 3.3-2.7 6-6 6&quot;[39m
    [36m/&gt;[39m
    [36m&lt;path[39m
      [33md[39m=[32m&quot;M12 20v-9&quot;[39m
    [36m/&gt;[39m
    [36m&lt;path[39m
      [33md[39m=[32m&quot;M6.53 9C4.6 8.8 3 7.1 3 5&quot;[39m
    [36m/&gt;[39m
    [36m&lt;path[39m
      [33md[39m=[32m&quot;M6 13H2&quot;[39m
    [36m/&gt;[39m
    [36m&lt;path[39m
      [33md[39m=[32m&quot;M3 21c0-2.1 1.7-3.9 3.8-4&quot;[39m
    [36m/&gt;[39m
    [36m&lt;path[39m
      [33md[39m=[32m&quot;M20.97 5c0 2.1-1.6 3.8-3.5 4&quot;[39m
    [36m/&gt;[39m
    [36m&lt;path[39m
      [33md[39m=[32m&quot;M22 13h-4&quot;[39m
    [36m/&gt;[39m
    [36m&lt;path[39m
      [33md[39m=[32m&quot;M17.2 17c2.1.1 3.8 1.9 3.8 4&quot;[39m
    [36m/&gt;[39m
  [36m&lt;/svg&gt;[39m
  [0mError Details (Development Only)[0m
[36m&lt;/summary&gt;[39m

Ignored nodes: comments, script, style
[36m&lt;summary[39m
  [33mstyle[39m=[32m&quot;cursor: pointer; margin-bottom: 8px; color: rgb(107, 114, 128); font-size: 12px;&quot;[39m
[36m&gt;[39m
  [36m&lt;svg[39m
    [33maria-hidden[39m=[32m&quot;true&quot;[39m
    [33mclass[39m=[32m&quot;lucide lucide-bug&quot;[39m
    [33mfill[39m=[32m&quot;none&quot;[39m
    [33mheight[39m=[32m&quot;14&quot;[39m
    [33mstroke[39m=[32m&quot;currentColor&quot;[39m
    [33mstroke-linecap[39m=[32m&quot;round&quot;[39m
    [33mstroke-linejoin[39m=[32m&quot;round&quot;[39m
    [33mstroke-width[39m=[32m&quot;2&quot;[39m
    [33mstyle[39m=[32m&quot;margin-right: 6px; vertical-align: middle;&quot;[39m
    [33mviewBox[39m=[32m&quot;0 0 24 24&quot;[39m
    [33mwidth[39m=[32m&quot;14&quot;[39m
    [33mxmlns[39m=[32m&quot;http://www.w3.org/2000/svg&quot;[39m
  [36m&gt;[39m
    [36m&lt;path[39m
      [33md[39m=[32m&quot;m8 2 1.88 1.88&quot;[39m
    [36m/&gt;[39m
    [36m&lt;path[39m
      [33md[39m=[32m&quot;M14.12 3.88 16 2&quot;[39m
    [36m/&gt;[39m
    [36m&lt;path[39m
      [33md[39m=[32m&quot;M9 7.13v-1a3.003 3.003 0 1 1 6 0v1&quot;[39m
    [36m/&gt;[39m
    [36m&lt;path[39m
      [33md[39m=[32m&quot;M12 20c-3.3 0-6-2.7-6-6v-3a4 4 0 0 1 4-4h4a4 4 0 0 1 4 4v3c0 3.3-2.7 6-6 6&quot;[39m
    [36m/&gt;[39m
    [36m&lt;path[39m
      [33md[39m=[32m&quot;M12 20v-9&quot;[39m
    [36m/&gt;[39m
    [36m&lt;path[39m
      [33md[39m=[32m&quot;M6.53 9C4.6 8.8 3 7.1 3 5&quot;[39m
    [36m/&gt;[39m
    [36m&lt;path[39m
      [33md[39m=[32m&quot;M6 13H2&quot;[39m
    [36m/&gt;[39m
    [36m&lt;path[39m
      [33md[39m=[32m&quot;M3 21c0-2.1 1.7-3.9 3.8-4&quot;[39m
    [36m/&gt;[39m
    [36m&lt;path[39m
      [33md[39m=[32m&quot;M20.97 5c0 2.1-1.6 3.8-3.5 4&quot;[39m
    [36m/&gt;[39m
    [36m&lt;path[39m
      [33md[39m=[32m&quot;M22 13h-4&quot;[39m
    [36m/&gt;[39m
    [36m&lt;path[39m
      [33md[39m=[32m&quot;M17.2 17c2.1.1 3.8 1.9 3.8 4&quot;[39m
    [36m/&gt;[39m
  [36m&lt;/svg&gt;[39m
  [0mError Details (Development Only)[0m
[36m&lt;/summary&gt;[39m

Ignored nodes: comments, script, style
[36m&lt;summary[39m
  [33mstyle[39m=[32m&quot;cursor: pointer; margin-bottom: 8px; color: rgb(107, 114, 128); font-size: 12px;&quot;[39m
[36m&gt;[39m
  [36m&lt;svg[39m
    [33maria-hidden[39m=[32m&quot;true&quot;[39m
    [33mclass[39m=[32m&quot;lucide lucide-bug&quot;[39m
    [33mfill[39m=[32m&quot;none&quot;[39m
    [33mheight[39m=[32m&quot;14&quot;[39m
    [33mstroke[39m=[32m&quot;currentColor&quot;[39m
    [33mstroke-linecap[39m=[32m&quot;round&quot;[39m
    [33mstroke-linejoin[39m=[32m&quot;round&quot;[39m
    [33mstroke-width[39m=[32m&quot;2&quot;[39m
    [33mstyle[39m=[32m&quot;margin-right: 6px; vertical-align: middle;&quot;[39m
    [33mviewBox[39m=[32m&quot;0 0 24 24&quot;[39m
    [33mwidth[39m=[32m&quot;14&quot;[39m
    [33mxmlns[39m=[32m&quot;http://www.w3.org/2000/svg&quot;[39m
  [36m&gt;[39m
    [36m&lt;path[39m
      [33md[39m=[32m&quot;m8 2 1.88 1.88&quot;[39m
    [36m/&gt;[39m
    [36m&lt;path[39m
      [33md[39m=[32m&quot;M14.12 3.88 16 2&quot;[39m
    [36m/&gt;[39m
    [36m&lt;path[39m
      [33md[39m=[32m&quot;M9 7.13v-1a3.003 3.003 0 1 1 6 0v1&quot;[39m
    [36m/&gt;[39m
    [36m&lt;path[39m
      [33md[39m=[32m&quot;M12 20c-3.3 0-6-2.7-6-6v-3a4 4 0 0 1 4-4h4a4 4 0 0 1 4 4v3c0 3.3-2.7 6-6 6&quot;[39m
    [36m/&gt;[39m
    [36m&lt;path[39m
      [33md[39m=[32m&quot;M12 20v-9&quot;[39m
    [36m/&gt;[39m
    [36m&lt;path[39m
      [33md[39m=[32m&quot;M6.53 9C4.6 8.8 3 7.1 3 5&quot;[39m
    [36m/&gt;[39m
    [36m&lt;path[39m
      [33md[39m=[32m&quot;M6 13H2&quot;[39m
    [36m/&gt;[39m
    [36m&lt;path[39m
      [33md[39m=[32m&quot;M3 21c0-2.1 1.7-3.9 3.8-4&quot;[39m
    [36m/&gt;[39m
    [36m&lt;path[39m
      [33md[39m=[32m&quot;M20.97 5c0 2.1-1.6 3.8-3.5 4&quot;[39m
    [36m/&gt;[39m
    [36m&lt;path[39m
      [33md[39m=[32m&quot;M22 13h-4&quot;[39m
    [36m/&gt;[39m
    [36m&lt;path[39m
      [33md[39m=[32m&quot;M17.2 17c2.1.1 3.8 1.9 3.8 4&quot;[39m
    [36m/&gt;[39m
  [36m&lt;/svg&gt;[39m
  [0mError Details (Development Only)[0m
[36m&lt;/summary&gt;[39m

Ignored nodes: comments, script, style
[36m&lt;summary[39m
  [33mstyle[39m=[32m&quot;cursor: pointer; margin-bottom: 8px; color: rgb(107, 114, 128); font-size: 12px;&quot;[39m
[36m&gt;[39m
  [36m&lt;svg[39m
    [33maria-hidden[39m=[32m&quot;true&quot;[39m
    [33mclass[39m=[32m&quot;lucide lucide-bug&quot;[39m
    [33mfill[39m=[32m&quot;none&quot;[39m
    [33mheight[39m=[32m&quot;14&quot;[39m
    [33mstroke[39m=[32m&quot;currentColor&quot;[39m
    [33mstroke-linecap[39m=[32m&quot;round&quot;[39m
    [33mstroke-linejoin[39m=[32m&quot;round&quot;[39m
    [33mstroke-width[39m=[32m&quot;2&quot;[39m
    [33mstyle[39m=[32m&quot;margin-right: 6px; vertical-align: middle;&quot;[39m
    [33mviewBox[39m=[32m&quot;0 0 24 24&quot;[39m
    [33mwidth[39m=[32m&quot;14&quot;[39m
    [33mxmlns[39m=[32m&quot;http://www.w3.org/2000/svg&quot;[39m
  [36m&gt;[39m
    [36m&lt;path[39m
      [33md[39m=[32m&quot;m8 2 1.88 1.88&quot;[39m
    [36m/&gt;[39m
    [36m&lt;path[39m
      [33md[39m=[32m&quot;M14.12 3.88 16 2&quot;[39m
    [36m/&gt;[39m
    [36m&lt;path[39m
      [33md[39m=[32m&quot;M9 7.13v-1a3.003 3.003 0 1 1 6 0v1&quot;[39m
    [36m/&gt;[39m
    [36m&lt;path[39m
      [33md[39m=[32m&quot;M12 20c-3.3 0-6-2.7-6-6v-3a4 4 0 0 1 4-4h4a4 4 0 0 1 4 4v3c0 3.3-2.7 6-6 6&quot;[39m
    [36m/&gt;[39m
    [36m&lt;path[39m
      [33md[39m=[32m&quot;M12 20v-9&quot;[39m
    [36m/&gt;[39m
    [36m&lt;path[39m
      [33md[39m=[32m&quot;M6.53 9C4.6 8.8 3 7.1 3 5&quot;[39m
    [36m/&gt;[39m
    [36m&lt;path[39m
      [33md[39m=[32m&quot;M6 13H2&quot;[39m
    [36m/&gt;[39m
    [36m&lt;path[39m
      [33md[39m=[32m&quot;M3 21c0-2.1 1.7-3.9 3.8-4&quot;[39m
    [36m/&gt;[39m
    [36m&lt;path[39m
      [33md[39m=[32m&quot;M20.97 5c0 2.1-1.6 3.8-3.5 4&quot;[39m
    [36m/&gt;[39m
    [36m&lt;path[39m
      [33md[39m=[32m&quot;M22 13h-4&quot;[39m
    [36m/&gt;[39m
    [36m&lt;path[39m
      [33md[39m=[32m&quot;M17.2 17c2.1.1 3.8 1.9 3.8 4&quot;[39m
    [36m/&gt;[39m
  [36m&lt;/svg&gt;[39m
  [0mError Details (Development Only)[0m
[36m&lt;/summary&gt;[39m

Ignored nodes: comments, script, style
[36m&lt;summary[39m
  [33mstyle[39m=[32m&quot;cursor: pointer; margin-bottom: 8px; color: rgb(107, 114, 128); font-size: 12px;&quot;[39m
[36m&gt;[39m
  [36m&lt;svg[39m
    [33maria-hidden[39m=[32m&quot;true&quot;[39m
    [33mclass[39m=[32m&quot;lucide lucide-bug&quot;[39m
    [33mfill[39m=[32m&quot;none&quot;[39m
    [33mheight[39m=[32m&quot;14&quot;[39m
    [33mstroke[39m=[32m&quot;currentColor&quot;[39m
    [33mstroke-linecap[39m=[32m&quot;round&quot;[39m
    [33mstroke-linejoin[39m=[32m&quot;round&quot;[39m
    [33mstroke-width[39m=[32m&quot;2&quot;[39m
    [33mstyle[39m=[32m&quot;margin-right: 6px; vertical-align: middle;&quot;[39m
    [33mviewBox[39m=[32m&quot;0 0 24 24&quot;[39m
    [33mwidth[39m=[32m&quot;14&quot;[39m
    [33mxmlns[39m=[32m&quot;http://www.w3.org/2000/svg&quot;[39m
  [36m&gt;[39m
    [36m&lt;path[39m
      [33md[39m=[32m&quot;m8 2 1.88 1.88&quot;[39m
    [36m/&gt;[39m
    [36m&lt;path[39m
      [33md[39m=[32m&quot;M14.12 3.88 16 2&quot;[39m
    [36m/&gt;[39m
    [36m&lt;path[39m
      [33md[39m=[32m&quot;M9 7.13v-1a3.003 3.003 0 1 1 6 0v1&quot;[39m
    [36m/&gt;[39m
    [36m&lt;path[39m
      [33md[39m=[32m&quot;M12 20c-3.3 0-6-2.7-6-6v-3a4 4 0 0 1 4-4h4a4 4 0 0 1 4 4v3c0 3.3-2.7 6-6 6&quot;[39m
    [36m/&gt;[39m
    [36m&lt;path[39m
      [33md[39m=[32m&quot;M12 20v-9&quot;[39m
    [36m/&gt;[39m
    [36m&lt;path[39m
      [33md[39m=[32m&quot;M6.53 9C4.6 8.8 3 7.1 3 5&quot;[39m
    [36m/&gt;[39m
    [36m&lt;path[39m
      [33md[39m=[32m&quot;M6 13H2&quot;[39m
    [36m/&gt;[39m
    [36m&lt;path[39m
      [33md[39m=[32m&quot;M3 21c0-2.1 1.7-3.9 3.8-4&quot;[39m
    [36m/&gt;[39m
    [36m&lt;path[39m
      [33md[39m=[32m&quot;M20.97 5c0 2.1-1.6 3.8-3.5 4&quot;[39m
    [36m/&gt;[39m
    [36m&lt;path[39m
      [33md[39m=[32m&quot;M22 13h-4&quot;[39m
    [36m/&gt;[39m
    [36m&lt;path[39m
      [33md[39m=[32m&quot;M17.2 17c2.1.1 3.8 1.9 3.8 4&quot;[39m
    [36m/&gt;[39m
  [36m&lt;/svg&gt;[39m
  [0mError Details (Development Only)[0m
[36m&lt;/summary&gt;[39m

Ignored nodes: comments, script, style
[36m&lt;summary[39m
  [33mstyle[39m=[32m&quot;cursor: pointer; margin-bottom: 8px; color: rgb(107, 114, 128); font-size: 12px;&quot;[39m
[36m&gt;[39m
  [36m&lt;svg[39m
    [33maria-hidden[39m=[32m&quot;true&quot;[39m
    [33mclass[39m=[32m&quot;lucide lucide-bug&quot;[39m
    [33mfill[39m=[32m&quot;none&quot;[39m
    [33mheight[39m=[32m&quot;14&quot;[39m
    [33mstroke[39m=[32m&quot;currentColor&quot;[39m
    [33mstroke-linecap[39m=[32m&quot;round&quot;[39m
    [33mstroke-linejoin[39m=[32m&quot;round&quot;[39m
    [33mstroke-width[39m=[32m&quot;2&quot;[39m
    [33mstyle[39m=[32m&quot;margin-right: 6px; vertical-align: middle;&quot;[39m
    [33mviewBox[39m=[32m&quot;0 0 24 24&quot;[39m
    [33mwidth[39m=[32m&quot;14&quot;[39m
    [33mxmlns[39m=[32m&quot;http://www.w3.org/2000/svg&quot;[39m
  [36m&gt;[39m
    [36m&lt;path[39m
      [33md[39m=[32m&quot;m8 2 1.88 1.88&quot;[39m
    [36m/&gt;[39m
    [36m&lt;path[39m
      [33md[39m=[32m&quot;M14.12 3.88 16 2&quot;[39m
    [36m/&gt;[39m
    [36m&lt;path[39m
      [33md[39m=[32m&quot;M9 7.13v-1a3.003 3.003 0 1 1 6 0v1&quot;[39m
    [36m/&gt;[39m
    [36m&lt;path[39m
      [33md[39m=[32m&quot;M12 20c-3.3 0-6-2.7-6-6v-3a4 4 0 0 1 4-4h4a4 4 0 0 1 4 4v3c0 3.3-2.7 6-6 6&quot;[39m
    [36m/&gt;[39m
    [36m&lt;path[39m
      [33md[39m=[32m&quot;M12 20v-9&quot;[39m
    [36m/&gt;[39m
    [36m&lt;path[39m
      [33md[39m=[32m&quot;M6.53 9C4.6 8.8 3 7.1 3 5&quot;[39m
    [36m/&gt;[39m
    [36m&lt;path[39m
      [33md[39m=[32m&quot;M6 13H2&quot;[39m
    [36m/&gt;[39m
    [36m&lt;path[39m
      [33md[39m=[32m&quot;M3 21c0-2.1 1.7-3.9 3.8-4&quot;[39m
    [36m/&gt;[39m
    [36m&lt;path[39m
      [33md[39m=[32m&quot;M20.97 5c0 2.1-1.6 3.8-3.5 4&quot;[39m
    [36m/&gt;[39m
    [36m&lt;path[39m
      [33md[39m=[32m&quot;M22 13h-4&quot;[39m
    [36m/&gt;[39m
    [36m&lt;path[39m
      [33md[39m=[32m&quot;M17.2 17c2.1.1 3.8 1.9 3.8 4&quot;[39m
    [36m/&gt;[39m
  [36m&lt;/svg&gt;[39m
  [0mError Details (Development Only)[0m
[36m&lt;/summary&gt;[39m

Ignored nodes: comments, script, style
[36m&lt;summary[39m
  [33mstyle[39m=[32m&quot;cursor: pointer; margin-bottom: 8px; color: rgb(107, 114, 128); font-size: 12px;&quot;[39m
[36m&gt;[39m
  [36m&lt;svg[39m
    [33maria-hidden[39m=[32m&quot;true&quot;[39m
    [33mclass[39m=[32m&quot;lucide lucide-bug&quot;[39m
    [33mfill[39m=[32m&quot;none&quot;[39m
    [33mheight[39m=[32m&quot;14&quot;[39m
    [33mstroke[39m=[32m&quot;currentColor&quot;[39m
    [33mstroke-linecap[39m=[32m&quot;round&quot;[39m
    [33mstroke-linejoin[39m=[32m&quot;round&quot;[39m
    [33mstroke-width[39m=[32m&quot;2&quot;[39m
    [33mstyle[39m=[32m&quot;margin-right: 6px; vertical-align: middle;&quot;[39m
    [33mviewBox[39m=[32m&quot;0 0 24 24&quot;[39m
    [33mwidth[39m=[32m&quot;14&quot;[39m
    [33mxmlns[39m=[32m&quot;http://www.w3.org/2000/svg&quot;[39m
  [36m&gt;[39m
    [36m&lt;path[39m
      [33md[39m=[32m&quot;m8 2 1.88 1.88&quot;[39m
    [36m/&gt;[39m
    [36m&lt;path[39m
      [33md[39m=[32m&quot;M14.12 3.88 16 2&quot;[39m
    [36m/&gt;[39m
    [36m&lt;path[39m
      [33md[39m=[32m&quot;M9 7.13v-1a3.003 3.003 0 1 1 6 0v1&quot;[39m
    [36m/&gt;[39m
    [36m&lt;path[39m
      [33md[39m=[32m&quot;M12 20c-3.3 0-6-2.7-6-6v-3a4 4 0 0 1 4-4h4a4 4 0 0 1 4 4v3c0 3.3-2.7 6-6 6&quot;[39m
    [36m/&gt;[39m
    [36m&lt;path[39m
      [33md[39m=[32m&quot;M12 20v-9&quot;[39m
    [36m/&gt;[39m
    [36m&lt;path[39m
      [33md[39m=[32m&quot;M6.53 9C4.6 8.8 3 7.1 3 5&quot;[39m
    [36m/&gt;[39m
    [36m&lt;path[39m
      [33md[39m=[32m&quot;M6 13H2&quot;[39m
    [36m/&gt;[39m
    [36m&lt;path[39m
      [33md[39m=[32m&quot;M3 21c0-2.1 1.7-3.9 3.8-4&quot;[39m
    [36m/&gt;[39m
    [36m&lt;path[39m
      [33md[39m=[32m&quot;M20.97 5c0 2.1-1.6 3.8-3.5 4&quot;[39m
    [36m/&gt;[39m
    [36m&lt;path[39m
      [33md[39m=[32m&quot;M22 13h-4&quot;[39m
    [36m/&gt;[39m
    [36m&lt;path[39m
      [33md[39m=[32m&quot;M17.2 17c2.1.1 3.8 1.9 3.8 4&quot;[39m
    [36m/&gt;[39m
  [36m&lt;/svg&gt;[39m
  [0mError Details (Development Only)[0m
[36m&lt;/summary&gt;[39m

Ignored nodes: comments, script, style
[36m&lt;summary[39m
  [33mstyle[39m=[32m&quot;cursor: pointer; margin-bottom: 8px; color: rgb(107, 114, 128); font-size: 12px;&quot;[39m
[36m&gt;[39m
  [36m&lt;svg[39m
    [33maria-hidden[39m=[32m&quot;true&quot;[39m
    [33mclass[39m=[32m&quot;lucide lucide-bug&quot;[39m
    [33mfill[39m=[32m&quot;none&quot;[39m
    [33mheight[39m=[32m&quot;14&quot;[39m
    [33mstroke[39m=[32m&quot;currentColor&quot;[39m
    [33mstroke-linecap[39m=[32m&quot;round&quot;[39m
    [33mstroke-linejoin[39m=[32m&quot;round&quot;[39m
    [33mstroke-width[39m=[32m&quot;2&quot;[39m
    [33mstyle[39m=[32m&quot;margin-right: 6px; vertical-align: middle;&quot;[39m
    [33mviewBox[39m=[32m&quot;0 0 24 24&quot;[39m
    [33mwidth[39m=[32m&quot;14&quot;[39m
    [33mxmlns[39m=[32m&quot;http://www.w3.org/2000/svg&quot;[39m
  [36m&gt;[39m
    [36m&lt;path[39m
      [33md[39m=[32m&quot;m8 2 1.88 1.88&quot;[39m
    [36m/&gt;[39m
    [36m&lt;path[39m
      [33md[39m=[32m&quot;M14.12 3.88 16 2&quot;[39m
    [36m/&gt;[39m
    [36m&lt;path[39m
      [33md[39m=[32m&quot;M9 7.13v-1a3.003 3.003 0 1 1 6 0v1&quot;[39m
    [36m/&gt;[39m
    [36m&lt;path[39m
      [33md[39m=[32m&quot;M12 20c-3.3 0-6-2.7-6-6v-3a4 4 0 0 1 4-4h4a4 4 0 0 1 4 4v3c0 3.3-2.7 6-6 6&quot;[39m
    [36m/&gt;[39m
    [36m&lt;path[39m
      [33md[39m=[32m&quot;M12 20v-9&quot;[39m
    [36m/&gt;[39m
    [36m&lt;path[39m
      [33md[39m=[32m&quot;M6.53 9C4.6 8.8 3 7.1 3 5&quot;[39m
    [36m/&gt;[39m
    [36m&lt;path[39m
      [33md[39m=[32m&quot;M6 13H2&quot;[39m
    [36m/&gt;[39m
    [36m&lt;path[39m
      [33md[39m=[32m&quot;M3 21c0-2.1 1.7-3.9 3.8-4&quot;[39m
    [36m/&gt;[39m
    [36m&lt;path[39m
      [33md[39m=[32m&quot;M20.97 5c0 2.1-1.6 3.8-3.5 4&quot;[39m
    [36m/&gt;[39m
    [36m&lt;path[39m
      [33md[39m=[32m&quot;M22 13h-4&quot;[39m
    [36m/&gt;[39m
    [36m&lt;path[39m
      [33md[39m=[32m&quot;M17.2 17c2.1.1 3.8 1.9 3.8 4&quot;[39m
    [36m/&gt;[39m
  [36m&lt;/svg&gt;[39m
  [0mError Details (Development Only)[0m
[36m&lt;/summary&gt;[39m

Ignored nodes: comments, script, style
[36m&lt;summary[39m
  [33mstyle[39m=[32m&quot;cursor: pointer; margin-bottom: 8px; color: rgb(107, 114, 128); font-size: 12px;&quot;[39m
[36m&gt;[39m
  [36m&lt;svg[39m
    [33maria-hidden[39m=[32m&quot;true&quot;[39m
    [33mclass[39m=[32m&quot;lucide lucide-bug&quot;[39m
    [33mfill[39m=[32m&quot;none&quot;[39m
    [33mheight[39m=[32m&quot;14&quot;[39m
    [33mstroke[39m=[32m&quot;currentColor&quot;[39m
    [33mstroke-linecap[39m=[32m&quot;round&quot;[39m
    [33mstroke-linejoin[39m=[32m&quot;round&quot;[39m
    [33mstroke-width[39m=[32m&quot;2&quot;[39m
    [33mstyle[39m=[32m&quot;margin-right: 6px; vertical-align: middle;&quot;[39m
    [33mviewBox[39m=[32m&quot;0 0 24 24&quot;[39m
    [33mwidth[39m=[32m&quot;14&quot;[39m
    [33mxmlns[39m=[32m&quot;http://www.w3.org/2000/svg&quot;[39m
  [36m&gt;[39m
    [36m&lt;path[39m
      [33md[39m=[32m&quot;m8 2 1.88 1.88&quot;[39m
    [36m/&gt;[39m
    [36m&lt;path[39m
      [33md[39m=[32m&quot;M14.12 3.88 16 2&quot;[39m
    [36m/&gt;[39m
    [36m&lt;path[39m
      [33md[39m=[32m&quot;M9 7.13v-1a3.003 3.003 0 1 1 6 0v1&quot;[39m
    [36m/&gt;[39m
    [36m&lt;path[39m
      [33md[39m=[32m&quot;M12 20c-3.3 0-6-2.7-6-6v-3a4 4 0 0 1 4-4h4a4 4 0 0 1 4 4v3c0 3.3-2.7 6-6 6&quot;[39m
    [36m/&gt;[39m
    [36m&lt;path[39m
      [33md[39m=[32m&quot;M12 20v-9&quot;[39m
    [36m/&gt;[39m
    [36m&lt;path[39m
      [33md[39m=[32m&quot;M6.53 9C4.6 8.8 3 7.1 3 5&quot;[39m
    [36m/&gt;[39m
    [36m&lt;path[39m
      [33md[39m=[32m&quot;M6 13H2&quot;[39m
    [36m/&gt;[39m
    [36m&lt;path[39m
      [33md[39m=[32m&quot;M3 21c0-2.1 1.7-3.9 3.8-4&quot;[39m
    [36m/&gt;[39m
    [36m&lt;path[39m
      [33md[39m=[32m&quot;M20.97 5c0 2.1-1.6 3.8-3.5 4&quot;[39m
    [36m/&gt;[39m
    [36m&lt;path[39m
      [33md[39m=[32m&quot;M22 13h-4&quot;[39m
    [36m/&gt;[39m
    [36m&lt;path[39m
      [33md[39m=[32m&quot;M17.2 17c2.1.1 3.8 1.9 3.8 4&quot;[39m
    [36m/&gt;[39m
  [36m&lt;/svg&gt;[39m
  [0mError Details (Development Only)[0m
[36m&lt;/summary&gt;[39m

Ignored nodes: comments, script, style
[36m&lt;summary[39m
  [33mstyle[39m=[32m&quot;cursor: pointer; margin-bottom: 8px; color: rgb(107, 114, 128); font-size: 12px;&quot;[39m
[36m&gt;[39m
  [36m&lt;svg[39m
    [33maria-hidden[39m=[32m&quot;true&quot;[39m
    [33mclass[39m=[32m&quot;lucide lucide-bug&quot;[39m
    [33mfill[39m=[32m&quot;none&quot;[39m
    [33mheight[39m=[32m&quot;14&quot;[39m
    [33mstroke[39m=[32m&quot;currentColor&quot;[39m
    [33mstroke-linecap[39m=[32m&quot;round&quot;[39m
    [33mstroke-linejoin[39m=[32m&quot;round&quot;[39m
    [33mstroke-width[39m=[32m&quot;2&quot;[39m
    [33mstyle[39m=[32m&quot;margin-right: 6px; vertical-align: middle;&quot;[39m
    [33mviewBox[39m=[32m&quot;0 0 24 24&quot;[39m
    [33mwidth[39m=[32m&quot;14&quot;[39m
    [33mxmlns[39m=[32m&quot;http://www.w3.org/2000/svg&quot;[39m
  [36m&gt;[39m
    [36m&lt;path[39m
      [33md[39m=[32m&quot;m8 2 1.88 1.88&quot;[39m
    [36m/&gt;[39m
    [36m&lt;path[39m
      [33md[39m=[32m&quot;M14.12 3.88 16 2&quot;[39m
    [36m/&gt;[39m
    [36m&lt;path[39m
      [33md[39m=[32m&quot;M9 7.13v-1a3.003 3.003 0 1 1 6 0v1&quot;[39m
    [36m/&gt;[39m
    [36m&lt;path[39m
      [33md[39m=[32m&quot;M12 20c-3.3 0-6-2.7-6-6v-3a4 4 0 0 1 4-4h4a4 4 0 0 1 4 4v3c0 3.3-2.7 6-6 6&quot;[39m
    [36m/&gt;[39m
    [36m&lt;path[39m
      [33md[39m=[32m&quot;M12 20v-9&quot;[39m
    [36m/&gt;[39m
    [36m&lt;path[39m
      [33md[39m=[32m&quot;M6.53 9C4.6 8.8 3 7.1 3 5&quot;[39m
    [36m/&gt;[39m
    [36m&lt;path[39m
      [33md[39m=[32m&quot;M6 13H2&quot;[39m
    [36m/&gt;[39m
    [36m&lt;path[39m
      [33md[39m=[32m&quot;M3 21c0-2.1 1.7-3.9 3.8-4&quot;[39m
    [36m/&gt;[39m
    [36m&lt;path[39m
      [33md[39m=[32m&quot;M20.97 5c0 2.1-1.6 3.8-3.5 4&quot;[39m
    [36m/&gt;[39m
    [36m&lt;path[39m
      [33md[39m=[32m&quot;M22 13h-4&quot;[39m
    [36m/&gt;[39m
    [36m&lt;path[39m
      [33md[39m=[32m&quot;M17.2 17c2.1.1 3.8 1.9 3.8 4&quot;[39m
    [36m/&gt;[39m
  [36m&lt;/svg&gt;[39m
  [0mError Details (Development Only)[0m
[36m&lt;/summary&gt;[39m

Ignored nodes: comments, script, style
[36m&lt;summary[39m
  [33mstyle[39m=[32m&quot;cursor: pointer; margin-bottom: 8px; color: rgb(107, 114, 128); font-size: 12px;&quot;[39m
[36m&gt;[39m
  [36m&lt;svg[39m
    [33maria-hidden[39m=[32m&quot;true&quot;[39m
    [33mclass[39m=[32m&quot;lucide lucide-bug&quot;[39m
    [33mfill[39m=[32m&quot;none&quot;[39m
    [33mheight[39m=[32m&quot;14&quot;[39m
    [33mstroke[39m=[32m&quot;currentColor&quot;[39m
    [33mstroke-linecap[39m=[32m&quot;round&quot;[39m
    [33mstroke-linejoin[39m=[32m&quot;round&quot;[39m
    [33mstroke-width[39m=[32m&quot;2&quot;[39m
    [33mstyle[39m=[32m&quot;margin-right: 6px; vertical-align: middle;&quot;[39m
    [33mviewBox[39m=[32m&quot;0 0 24 24&quot;[39m
    [33mwidth[39m=[32m&quot;14&quot;[39m
    [33mxmlns[39m=[32m&quot;http://www.w3.org/2000/svg&quot;[39m
  [36m&gt;[39m
    [36m&lt;path[39m
      [33md[39m=[32m&quot;m8 2 1.88 1.88&quot;[39m
    [36m/&gt;[39m
    [36m&lt;path[39m
      [33md[39m=[32m&quot;M14.12 3.88 16 2&quot;[39m
    [36m/&gt;[39m
    [36m&lt;path[39m
      [33md[39m=[32m&quot;M9 7.13v-1a3.003 3.003 0 1 1 6 0v1&quot;[39m
    [36m/&gt;[39m
    [36m&lt;path[39m
      [33md[39m=[32m&quot;M12 20c-3.3 0-6-2.7-6-6v-3a4 4 0 0 1 4-4h4a4 4 0 0 1 4 4v3c0 3.3-2.7 6-6 6&quot;[39m
    [36m/&gt;[39m
    [36m&lt;path[39m
      [33md[39m=[32m&quot;M12 20v-9&quot;[39m
    [36m/&gt;[39m
    [36m&lt;path[39m
      [33md[39m=[32m&quot;M6.53 9C4.6 8.8 3 7.1 3 5&quot;[39m
    [36m/&gt;[39m
    [36m&lt;path[39m
      [33md[39m=[32m&quot;M6 13H2&quot;[39m
    [36m/&gt;[39m
    [36m&lt;path[39m
      [33md[39m=[32m&quot;M3 21c0-2.1 1.7-3.9 3.8-4&quot;[39m
    [36m/&gt;[39m
    [36m&lt;path[39m
      [33md[39m=[32m&quot;M20.97 5c0 2.1-1.6 3.8-3.5 4&quot;[39m
    [36m/&gt;[39m
    [36m&lt;path[39m
      [33md[39m=[32m&quot;M22 13h-4&quot;[39m
    [36m/&gt;[39m
    [36m&lt;path[39m
      [33md[39m=[32m&quot;M17.2 17c2.1.1 3.8 1.9 3.8 4&quot;[39m
    [36m/&gt;[39m
  [36m&lt;/svg&gt;[39m
  [0mError Details (Development Only)[0m
[36m&lt;/summary&gt;[39m

Ignored nodes: comments, script, style
[36m&lt;summary[39m
  [33mstyle[39m=[32m&quot;cursor: pointer; margin-bottom: 8px; color: rgb(107, 114, 128); font-size: 12px;&quot;[39m
[36m&gt;[39m
  [36m&lt;svg[39m
    [33maria-hidden[39m=[32m&quot;true&quot;[39m
    [33mclass[39m=[32m&quot;lucide lucide-bug&quot;[39m
    [33mfill[39m=[32m&quot;none&quot;[39m
    [33mheight[39m=[32m&quot;14&quot;[39m
    [33mstroke[39m=[32m&quot;currentColor&quot;[39m
    [33mstroke-linecap[39m=[32m&quot;round&quot;[39m
    [33mstroke-linejoin[39m=[32m&quot;round&quot;[39m
    [33mstroke-width[39m=[32m&quot;2&quot;[39m
    [33mstyle[39m=[32m&quot;margin-right: 6px; vertical-align: middle;&quot;[39m
    [33mviewBox[39m=[32m&quot;0 0 24 24&quot;[39m
    [33mwidth[39m=[32m&quot;14&quot;[39m
    [33mxmlns[39m=[32m&quot;http://www.w3.org/2000/svg&quot;[39m
  [36m&gt;[39m
    [36m&lt;path[39m
      [33md[39m=[32m&quot;m8 2 1.88 1.88&quot;[39m
    [36m/&gt;[39m
    [36m&lt;path[39m
      [33md[39m=[32m&quot;M14.12 3.88 16 2&quot;[39m
    [36m/&gt;[39m
    [36m&lt;path[39m
      [33md[39m=[32m&quot;M9 7.13v-1a3.003 3.003 0 1 1 6 0v1&quot;[39m
    [36m/&gt;[39m
    [36m&lt;path[39m
      [33md[39m=[32m&quot;M12 20c-3.3 0-6-2.7-6-6v-3a4 4 0 0 1 4-4h4a4 4 0 0 1 4 4v3c0 3.3-2.7 6-6 6&quot;[39m
    [36m/&gt;[39m
    [36m&lt;path[39m
      [33md[39m=[32m&quot;M12 20v-9&quot;[39m
    [36m/&gt;[39m
    [36m&lt;path[39m
      [33md[39m=[32m&quot;M6.53 9C4.6 8.8 3 7.1 3 5&quot;[39m
    [36m/&gt;[39m
    [36m&lt;path[39m
      [33md[39m=[32m&quot;M6 13H2&quot;[39m
    [36m/&gt;[39m
    [36m&lt;path[39m
      [33md[39m=[32m&quot;M3 21c0-2.1 1.7-3.9 3.8-4&quot;[39m
    [36m/&gt;[39m
    [36m&lt;path[39m
      [33md[39m=[32m&quot;M20.97 5c0 2.1-1.6 3.8-3.5 4&quot;[39m
    [36m/&gt;[39m
    [36m&lt;path[39m
      [33md[39m=[32m&quot;M22 13h-4&quot;[39m
    [36m/&gt;[39m
    [36m&lt;path[39m
      [33md[39m=[32m&quot;M17.2 17c2.1.1 3.8 1.9 3.8 4&quot;[39m
    [36m/&gt;[39m
  [36m&lt;/svg&gt;[39m
  [0mError Details (Development Only)[0m
[36m&lt;/summary&gt;[39m

Ignored nodes: comments, script, style
[36m&lt;summary[39m
  [33mstyle[39m=[32m&quot;cursor: pointer; margin-bottom: 8px; color: rgb(107, 114, 128); font-size: 12px;&quot;[39m
[36m&gt;[39m
  [36m&lt;svg[39m
    [33maria-hidden[39m=[32m&quot;true&quot;[39m
    [33mclass[39m=[32m&quot;lucide lucide-bug&quot;[39m
    [33mfill[39m=[32m&quot;none&quot;[39m
    [33mheight[39m=[32m&quot;14&quot;[39m
    [33mstroke[39m=[32m&quot;currentColor&quot;[39m
    [33mstroke-linecap[39m=[32m&quot;round&quot;[39m
    [33mstroke-linejoin[39m=[32m&quot;round&quot;[39m
    [33mstroke-width[39m=[32m&quot;2&quot;[39m
    [33mstyle[39m=[32m&quot;margin-right: 6px; vertical-align: middle;&quot;[39m
    [33mviewBox[39m=[32m&quot;0 0 24 24&quot;[39m
    [33mwidth[39m=[32m&quot;14&quot;[39m
    [33mxmlns[39m=[32m&quot;http://www.w3.org/2000/svg&quot;[39m
  [36m&gt;[39m
    [36m&lt;path[39m
      [33md[39m=[32m&quot;m8 2 1.88 1.88&quot;[39m
    [36m/&gt;[39m
    [36m&lt;path[39m
      [33md[39m=[32m&quot;M14.12 3.88 16 2&quot;[39m
    [36m/&gt;[39m
    [36m&lt;path[39m
      [33md[39m=[32m&quot;M9 7.13v-1a3.003 3.003 0 1 1 6 0v1&quot;[39m
    [36m/&gt;[39m
    [36m&lt;path[39m
      [33md[39m=[32m&quot;M12 20c-3.3 0-6-2.7-6-6v-3a4 4 0 0 1 4-4h4a4 4 0 0 1 4 4v3c0 3.3-2.7 6-6 6&quot;[39m
    [36m/&gt;[39m
    [36m&lt;path[39m
      [33md[39m=[32m&quot;M12 20v-9&quot;[39m
    [36m/&gt;[39m
    [36m&lt;path[39m
      [33md[39m=[32m&quot;M6.53 9C4.6 8.8 3 7.1 3 5&quot;[39m
    [36m/&gt;[39m
    [36m&lt;path[39m
      [33md[39m=[32m&quot;M6 13H2&quot;[39m
    [36m/&gt;[39m
    [36m&lt;path[39m
      [33md[39m=[32m&quot;M3 21c0-2.1 1.7-3.9 3.8-4&quot;[39m
    [36m/&gt;[39m
    [36m&lt;path[39m
      [33md[39m=[32m&quot;M20.97 5c0 2.1-1.6 3.8-3.5 4&quot;[39m
    [36m/&gt;[39m
    [36m&lt;path[39m
      [33md[39m=[32m&quot;M22 13h-4&quot;[39m
    [36m/&gt;[39m
    [36m&lt;path[39m
      [33md[39m=[32m&quot;M17.2 17c2.1.1 3.8 1.9 3.8 4&quot;[39m
    [36m/&gt;[39m
  [36m&lt;/svg&gt;[39m
  [0mError Details (Development Only)[0m
[36m&lt;/summary&gt;[39m

Ignored nodes: comments, script, style
[36m&lt;summary[39m
  [33mstyle[39m=[32m&quot;cursor: pointer; margin-bottom: 8px; color: rgb(107, 114, 128); font-size: 12px;&quot;[39m
[36m&gt;[39m
  [36m&lt;svg[39m
    [33maria-hidden[39m=[32m&quot;true&quot;[39m
    [33mclass[39m=[32m&quot;lucide lucide-bug&quot;[39m
    [33mfill[39m=[32m&quot;none&quot;[39m
    [33mheight[39m=[32m&quot;14&quot;[39m
    [33mstroke[39m=[32m&quot;currentColor&quot;[39m
    [33mstroke-linecap[39m=[32m&quot;round&quot;[39m
    [33mstroke-linejoin[39m=[32m&quot;round&quot;[39m
    [33mstroke-width[39m=[32m&quot;2&quot;[39m
    [33mstyle[39m=[32m&quot;margin-right: 6px; vertical-align: middle;&quot;[39m
    [33mviewBox[39m=[32m&quot;0 0 24 24&quot;[39m
    [33mwidth[39m=[32m&quot;14&quot;[39m
    [33mxmlns[39m=[32m&quot;http://www.w3.org/2000/svg&quot;[39m
  [36m&gt;[39m
    [36m&lt;path[39m
      [33md[39m=[32m&quot;m8 2 1.88 1.88&quot;[39m
    [36m/&gt;[39m
    [36m&lt;path[39m
      [33md[39m=[32m&quot;M14.12 3.88 16 2&quot;[39m
    [36m/&gt;[39m
    [36m&lt;path[39m
      [33md[39m=[32m&quot;M9 7.13v-1a3.003 3.003 0 1 1 6 0v1&quot;[39m
    [36m/&gt;[39m
    [36m&lt;path[39m
      [33md[39m=[32m&quot;M12 20c-3.3 0-6-2.7-6-6v-3a4 4 0 0 1 4-4h4a4 4 0 0 1 4 4v3c0 3.3-2.7 6-6 6&quot;[39m
    [36m/&gt;[39m
    [36m&lt;path[39m
      [33md[39m=[32m&quot;M12 20v-9&quot;[39m
    [36m/&gt;[39m
    [36m&lt;path[39m
      [33md[39m=[32m&quot;M6.53 9C4.6 8.8 3 7.1 3 5&quot;[39m
    [36m/&gt;[39m
    [36m&lt;path[39m
      [33md[39m=[32m&quot;M6 13H2&quot;[39m
    [36m/&gt;[39m
    [36m&lt;path[39m
      [33md[39m=[32m&quot;M3 21c0-2.1 1.7-3.9 3.8-4&quot;[39m
    [36m/&gt;[39m
    [36m&lt;path[39m
      [33md[39m=[32m&quot;M20.97 5c0 2.1-1.6 3.8-3.5 4&quot;[39m
    [36m/&gt;[39m
    [36m&lt;path[39m
      [33md[39m=[32m&quot;M22 13h-4&quot;[39m
    [36m/&gt;[39m
    [36m&lt;path[39m
      [33md[39m=[32m&quot;M17.2 17c2.1.1 3.8 1.9 3.8 4&quot;[39m
    [36m/&gt;[39m
  [36m&lt;/svg&gt;[39m
  [0mError Details (Development Only)[0m
[36m&lt;/summary&gt;[39m

Ignored nodes: comments, script, style
[36m&lt;summary[39m
  [33mstyle[39m=[32m&quot;cursor: pointer; margin-bottom: 8px; color: rgb(156, 163, 175); font-size: 12px;&quot;[39m
[36m&gt;[39m
  [36m&lt;svg[39m
    [33maria-hidden[39m=[32m&quot;true&quot;[39m
    [33mclass[39m=[32m&quot;lucide lucide-bug&quot;[39m
    [33mfill[39m=[32m&quot;none&quot;[39m
    [33mheight[39m=[32m&quot;14&quot;[39m
    [33mstroke[39m=[32m&quot;currentColor&quot;[39m
    [33mstroke-linecap[39m=[32m&quot;round&quot;[39m
    [33mstroke-linejoin[39m=[32m&quot;round&quot;[39m
    [33mstroke-width[39m=[32m&quot;2&quot;[39m
    [33mstyle[39m=[32m&quot;margin-right: 6px; vertical-align: middle;&quot;[39m
    [33mviewBox[39m=[32m&quot;0 0 24 24&quot;[39m
    [33mwidth[39m=[32m&quot;14&quot;[39m
    [33mxmlns[39m=[32m&quot;http://www.w3.org/2000/svg&quot;[39m
  [36m&gt;[39m
    [36m&lt;path[39m
      [33md[39m=[32m&quot;m8 2 1.88 1.88&quot;[39m
    [36m/&gt;[39m
    [36m&lt;path[39m
      [33md[39m=[32m&quot;M14.12 3.88 16 2&quot;[39m
    [36m/&gt;[39m
    [36m&lt;path[39m
      [33md[39m=[32m&quot;M9 7.13v-1a3.003 3.003 0 1 1 6 0v1&quot;[39m
    [36m/&gt;[39m
    [36m&lt;path[39m
      [33md[39m=[32m&quot;M12 20c-3.3 0-6-2.7-6-6v-3a4 4 0 0 1 4-4h4a4 4 0 0 1 4 4v3c0 3.3-2.7 6-6 6&quot;[39m
    [36m/&gt;[39m
    [36m&lt;path[39m
      [33md[39m=[32m&quot;M12 20v-9&quot;[39m
    [36m/&gt;[39m
    [36m&lt;path[39m
      [33md[39m=[32m&quot;M6.53 9C4.6 8.8 3 7.1 3 5&quot;[39m
    [36m/&gt;[39m
    [36m&lt;path[39m
      [33md[39m=[32m&quot;M6 13H2&quot;[39m
    [36m/&gt;[39m
    [36m&lt;path[39m
      [33md[39m=[32m&quot;M3 21c0-2.1 1.7-3.9 3.8-4&quot;[39m
    [36m/&gt;[39m
    [36m&lt;path[39m
      [33md[39m=[32m&quot;M20.97 5c0 2.1-1.6 3.8-3.5 4&quot;[39m
    [36m/&gt;[39m
    [36m&lt;path[39m
      [33md[39m=[32m&quot;M22 13h-4&quot;[39m
    [36m/&gt;[39m
    [36m&lt;path[39m
      [33md[39m=[32m&quot;M17.2 17c2.1.1 3.8 1.9 3.8 4&quot;[39m
    [36m/&gt;[39m
  [36m&lt;/svg&gt;[39m
  [0mError Details (Development Only)[0m
[36m&lt;/summary&gt;[39m

Ignored nodes: comments, script, style
[36m&lt;summary[39m
  [33mstyle[39m=[32m&quot;cursor: pointer; margin-bottom: 8px; color: rgb(107, 114, 128); font-size: 12px;&quot;[39m
[36m&gt;[39m
  [36m&lt;svg[39m
    [33maria-hidden[39m=[32m&quot;true&quot;[39m
    [33mclass[39m=[32m&quot;lucide lucide-bug&quot;[39m
    [33mfill[39m=[32m&quot;none&quot;[39m
    [33mheight[39m=[32m&quot;14&quot;[39m
    [33mstroke[39m=[32m&quot;currentColor&quot;[39m
    [33mstroke-linecap[39m=[32m&quot;round&quot;[39m
    [33mstroke-linejoin[39m=[32m&quot;round&quot;[39m
    [33mstroke-width[39m=[32m&quot;2&quot;[39m
    [33mstyle[39m=[32m&quot;margin-right: 6px; vertical-align: middle;&quot;[39m
    [33mviewBox[39m=[32m&quot;0 0 24 24&quot;[39m
    [33mwidth[39m=[32m&quot;14&quot;[39m
    [33mxmlns[39m=[32m&quot;http://www.w3.org/2000/svg&quot;[39m
  [36m&gt;[39m
    [36m&lt;path[39m
      [33md[39m=[32m&quot;m8 2 1.88 1.88&quot;[39m
    [36m/&gt;[39m
    [36m&lt;path[39m
      [33md[39m=[32m&quot;M14.12 3.88 16 2&quot;[39m
    [36m/&gt;[39m
    [36m&lt;path[39m
      [33md[39m=[32m&quot;M9 7.13v-1a3.003 3.003 0 1 1 6 0v1&quot;[39m
    [36m/&gt;[39m
    [36m&lt;path[39m
      [33md[39m=[32m&quot;M12 20c-3.3 0-6-2.7-6-6v-3a4 4 0 0 1 4-4h4a4 4 0 0 1 4 4v3c0 3.3-2.7 6-6 6&quot;[39m
    [36m/&gt;[39m
    [36m&lt;path[39m
      [33md[39m=[32m&quot;M12 20v-9&quot;[39m
    [36m/&gt;[39m
    [36m&lt;path[39m
      [33md[39m=[32m&quot;M6.53 9C4.6 8.8 3 7.1 3 5&quot;[39m
    [36m/&gt;[39m
    [36m&lt;path[39m
      [33md[39m=[32m&quot;M6 13H2&quot;[39m
    [36m/&gt;[39m
    [36m&lt;path[39m
      [33md[39m=[32m&quot;M3 21c0-2.1 1.7-3.9 3.8-4&quot;[39m
    [36m/&gt;[39m
    [36m&lt;path[39m
      [33md[39m=[32m&quot;M20.97 5c0 2.1-1.6 3.8-3.5 4&quot;[39m
    [36m/&gt;[39m
    [36m&lt;path[39m
      [33md[39m=[32m&quot;M22 13h-4&quot;[39m
    [36m/&gt;[39m
    [36m&lt;path[39m
      [33md[39m=[32m&quot;M17.2 17c2.1.1 3.8 1.9 3.8 4&quot;[39m
    [36m/&gt;[39m
  [36m&lt;/svg&gt;[39m
  [0mError Details (Development Only)[0m
[36m&lt;/summary&gt;[39m

Ignored nodes: comments, script, style
[36m&lt;summary[39m
  [33mstyle[39m=[32m&quot;cursor: pointer; margin-bottom: 8px; color: rgb(107, 114, 128); font-size: 12px;&quot;[39m
[36m&gt;[39m
  [36m&lt;svg[39m
    [33maria-hidden[39m=[32m&quot;true&quot;[39m
    [33mclass[39m=[32m&quot;lucide lucide-bug&quot;[39m
    [33mfill[39m=[32m&quot;none&quot;[39m
    [33mheight[39m=[32m&quot;14&quot;[39m
    [33mstroke[39m=[32m&quot;currentColor&quot;[39m
    [33mstroke-linecap[39m=[32m&quot;round&quot;[39m
    [33mstroke-linejoin[39m=[32m&quot;round&quot;[39m
    [33mstroke-width[39m=[32m&quot;2&quot;[39m
    [33mstyle[39m=[32m&quot;margin-right: 6px; vertical-align: middle;&quot;[39m
    [33mviewBox[39m=[32m&quot;0 0 24 24&quot;[39m
    [33mwidth[39m=[32m&quot;14&quot;[39m
    [33mxmlns[39m=[32m&quot;http://www.w3.org/2000/svg&quot;[39m
  [36m&gt;[39m
    [36m&lt;path[39m
      [33md[39m=[32m&quot;m8 2 1.88 1.88&quot;[39m
    [36m/&gt;[39m
    [36m&lt;path[39m
      [33md[39m=[32m&quot;M14.12 3.88 16 2&quot;[39m
    [36m/&gt;[39m
    [36m&lt;path[39m
      [33md[39m=[32m&quot;M9 7.13v-1a3.003 3.003 0 1 1 6 0v1&quot;[39m
    [36m/&gt;[39m
    [36m&lt;path[39m
      [33md[39m=[32m&quot;M12 20c-3.3 0-6-2.7-6-6v-3a4 4 0 0 1 4-4h4a4 4 0 0 1 4 4v3c0 3.3-2.7 6-6 6&quot;[39m
    [36m/&gt;[39m
    [36m&lt;path[39m
      [33md[39m=[32m&quot;M12 20v-9&quot;[39m
    [36m/&gt;[39m
    [36m&lt;path[39m
      [33md[39m=[32m&quot;M6.53 9C4.6 8.8 3 7.1 3 5&quot;[39m
    [36m/&gt;[39m
    [36m&lt;path[39m
      [33md[39m=[32m&quot;M6 13H2&quot;[39m
    [36m/&gt;[39m
    [36m&lt;path[39m
      [33md[39m=[32m&quot;M3 21c0-2.1 1.7-3.9 3.8-4&quot;[39m
    [36m/&gt;[39m
    [36m&lt;path[39m
      [33md[39m=[32m&quot;M20.97 5c0 2.1-1.6 3.8-3.5 4&quot;[39m
    [36m/&gt;[39m
    [36m&lt;path[39m
      [33md[39m=[32m&quot;M22 13h-4&quot;[39m
    [36m/&gt;[39m
    [36m&lt;path[39m
      [33md[39m=[32m&quot;M17.2 17c2.1.1 3.8 1.9 3.8 4&quot;[39m
    [36m/&gt;[39m
  [36m&lt;/svg&gt;[39m
  [0mError Details (Development Only)[0m
[36m&lt;/summary&gt;[39m

Ignored nodes: comments, script, style
[36m&lt;summary[39m
  [33mstyle[39m=[32m&quot;cursor: pointer; margin-bottom: 8px; color: rgb(107, 114, 128); font-size: 12px;&quot;[39m
[36m&gt;[39m
  [36m&lt;svg[39m
    [33maria-hidden[39m=[32m&quot;true&quot;[39m
    [33mclass[39m=[32m&quot;lucide lucide-bug&quot;[39m
    [33mfill[39m=[32m&quot;none&quot;[39m
    [33mheight[39m=[32m&quot;14&quot;[39m
    [33mstroke[39m=[32m&quot;currentColor&quot;[39m
    [33mstroke-linecap[39m=[32m&quot;round&quot;[39m
    [33mstroke-linejoin[39m=[32m&quot;round&quot;[39m
    [33mstroke-width[39m=[32m&quot;2&quot;[39m
    [33mstyle[39m=[32m&quot;margin-right: 6px; vertical-align: middle;&quot;[39m
    [33mviewBox[39m=[32m&quot;0 0 24 24&quot;[39m
    [33mwidth[39m=[32m&quot;14&quot;[39m
    [33mxmlns[39m=[32m&quot;http://www.w3.org/2000/svg&quot;[39m
  [36m&gt;[39m
    [36m&lt;path[39m
      [33md[39m=[32m&quot;m8 2 1.88 1.88&quot;[39m
    [36m/&gt;[39m
    [36m&lt;path[39m
      [33md[39m=[32m&quot;M14.12 3.88 16 2&quot;[39m
    [36m/&gt;[39m
    [36m&lt;path[39m
      [33md[39m=[32m&quot;M9 7.13v-1a3.003 3.003 0 1 1 6 0v1&quot;[39m
    [36m/&gt;[39m
    [36m&lt;path[39m
      [33md[39m=[32m&quot;M12 20c-3.3 0-6-2.7-6-6v-3a4 4 0 0 1 4-4h4a4 4 0 0 1 4 4v3c0 3.3-2.7 6-6 6&quot;[39m
    [36m/&gt;[39m
    [36m&lt;path[39m
      [33md[39m=[32m&quot;M12 20v-9&quot;[39m
    [36m/&gt;[39m
    [36m&lt;path[39m
      [33md[39m=[32m&quot;M6.53 9C4.6 8.8 3 7.1 3 5&quot;[39m
    [36m/&gt;[39m
    [36m&lt;path[39m
      [33md[39m=[32m&quot;M6 13H2&quot;[39m
    [36m/&gt;[39m
    [36m&lt;path[39m
      [33md[39m=[32m&quot;M3 21c0-2.1 1.7-3.9 3.8-4&quot;[39m
    [36m/&gt;[39m
    [36m&lt;path[39m
      [33md[39m=[32m&quot;M20.97 5c0 2.1-1.6 3.8-3.5 4&quot;[39m
    [36m/&gt;[39m
    [36m&lt;path[39m
      [33md[39m=[32m&quot;M22 13h-4&quot;[39m
    [36m/&gt;[39m
    [36m&lt;path[39m
      [33md[39m=[32m&quot;M17.2 17c2.1.1 3.8 1.9 3.8 4&quot;[39m
    [36m/&gt;[39m
  [36m&lt;/svg&gt;[39m
  [0mError Details (Development Only)[0m
[36m&lt;/summary&gt;[39m

(If this is intentional, then use the `*AllBy*` variant of the query (like `queryAllByText`, `getAllByText`, or `findAllByText`)).

Ignored nodes: comments, script, style
[36m&lt;body&gt;[39m
  [36m&lt;div&gt;[39m
    [36m&lt;div[39m
      [33mdata-testid[39m=[32m&quot;test-content&quot;[39m
    [36m&gt;[39m
      [0mTest content[0m
    [36m&lt;/div&gt;[39m
  [36m&lt;/div&gt;[39m
  [36m&lt;div&gt;[39m
    [36m&lt;div[39m
      [33mstyle[39m=[32m&quot;min-height: 400px; background: rgb(245, 245, 245); display: flex; align-items: center; justify-content: center; padding: 32px; border-radius: 8px;&quot;[39m
    [36m&gt;[39m
      [36m&lt;div[39m
        [33mstyle[39m=[32m&quot;max-width: 600px; width: 100%; text-align: center; background: rgba(255, 255, 255, 0.9); border-radius: 16px; padding: 32px; border: 1px solid rgb(229, 231, 235); box-shadow: 0 4px 6px rgba(0, 0, 0, 0.1);&quot;[39m
      [36m&gt;[39m
        [36m&lt;svg[39m
          [33maria-hidden[39m=[32m&quot;true&quot;[39m
          [33mclass[39m=[32m&quot;lucide lucide-circle-alert&quot;[39m
          [33mfill[39m=[32m&quot;none&quot;[39m
          [33mheight[39m=[32m&quot;48&quot;[39m
          [33mstroke[39m=[32m&quot;currentColor&quot;[39m
          [33mstroke-linecap[39m=[32m&quot;round&quot;[39m
          [33mstroke-linejoin[39m=[32m&quot;round&quot;[39m
          [33mstroke-width[39m=[32m&quot;2&quot;[39m
          [33mstyle[39m=[32m&quot;color: rgb(239, 68, 68); margin-bottom: 16px;&quot;[39m
          [33mviewBox[39m=[32m&quot;0 0 24 24&quot;[39m
          [33mwidth[39m=[32m&quot;48&quot;[39m
          [33mxmlns[39m=[32m&quot;http://www.w3.org/2000/svg&quot;[39m
        [36m&gt;[39m
          [36m&lt;circle[39m
            [33mcx[39m=[32m&quot;12&quot;[39m
            [33mcy[39m=[32m&quot;12&quot;[39m
            [33mr[39m=[32m&quot;10&quot;[39m
          [36m/&gt;[39m
          [36m&lt;line[39m
            [33mx1[39m=[32m&quot;12&quot;[39m
            [33mx2[39m=[32m&quot;12&quot;[39m
            [33my1[39m=[32m&quot;8&quot;[39m
            [33my2[39m=[32m&quot;12&quot;[39m
          [36m/&gt;[39m
          [36m&lt;line[39m
            [33mx1[39m=[32m&quot;12&quot;[39m
            [33mx2[39m=[32m&quot;12.01&quot;[39m
            [33my1[39m=[32m&quot;16&quot;[39m
            [33my2[39m=[32m&quot;16&quot;[39m
          [36m/&gt;[39m
        [36m&lt;/svg&gt;[39m
        [36m&lt;h3[39m
          [33mstyle[39m=[32m&quot;font-size: 20px; font-weight: bold; margin-bottom: 8px; color: rgb(31, 41, 55);&quot;[39m
        [36m&gt;[39m
          [0mNetwork Connection Issue[0m
        [36m&lt;/h3&gt;[39m
        [36m&lt;p[39m
          [33mstyle[39m=[32m&quot;font-size: 14px; margin-bottom: 20px; color: rgb(107, 114, 128); line-height: 1.5;&quot;[39m
        [36m&gt;[39m
          [0mCheck your internet connection and try again. If the problem persists, contact your network administrator.[0m
        [36m&lt;/p&gt;[39m
        [36m&lt;details[39m
          [33mstyle[39m=[32m&quot;text-align: left; margin-bottom: 20px; background: rgba(0, 0, 0, 0.05); padding: 12px; border-radius: 6px; font-size: 12px;&quot;[39m
        [36m&gt;[39m
          [36m&lt;summary[39m
            [33mstyle[39m=[32m&quot;cursor: pointer; margin-bottom: 8px; color: rgb(107, 114, 128); font-size: 12px;&quot;[39m
          [36m&gt;[39m
            [36m&lt;svg[39m
              [33maria-hidden[39m=[32m&quot;true&quot;[39m
              [33mclass[39m=[32m&quot;lucide lucide-bug&quot;[39m
              [33mfill[39m=[32m&quot;none&quot;[39m
              [33mheight[39m=[32m&quot;14&quot;[39m
              [33mstroke[39m=[32m&quot;currentColor&quot;[39m
              [33mstroke-linecap[39m=[32m&quot;round&quot;[39m
              [33mstroke-linejoin[39m=[32m&quot;round&quot;[39m
              [33mstroke-width[39m=[32m&quot;2&quot;[39m
              [33mstyle[39m=[32m&quot;margin-right: 6px; vertical-align: middle;&quot;[39m
              [33mviewBox[39m=[32m&quot;0 0 24 24&quot;[39m
              [33mwidth[39m=[32m&quot;14&quot;[39m
              [33mxmlns[39m=[32m&quot;http://www.w3.org/2000/svg&quot;[39m
            [36m&gt;[39m
              [36m&lt;path[39m
                [33md[39m=[32m&quot;m8 2 1.88 1.88&quot;[39m
              [36m/&gt;[39m
              [36m&lt;path[39m
                [33md[39m=[32m&quot;M14.12 3.88 16 2&quot;[39m
              [36m/&gt;[39m
              [36m&lt;path[39m
                [33md[39m=[32m&quot;M9 7.13v-1a3.003 3.003 0 1 1 6 0v1&quot;[39m
              [36m/&gt;[39m
              [36m&lt;path[39m
                [33md[39m=[32m&quot;M12 20c-3.3 0-6-2.7-6-6v-3a4 4 0 0 1 4-4h4a4 4 0 0 1 4 4v3c0 3.3-2.7 6-6 6&quot;[39m
              [36m/&gt;[39m
              [36m&lt;path[39m
                [33md[39m=[32m&quot;M12 20v-9&quot;[39m
              [36m/&gt;[39m
              [36m&lt;path[39m
                [33md[39m=[32m&quot;M6.53 9C4.6 8.8 3 7.1 3 5&quot;[39m
              [36m/&gt;[39m
              [36m&lt;path[39m
                [33md[39m=[32m&quot;M6 13H2&quot;[39m
              [36m/&gt;[39m
              [36m&lt;path[39m
                [33md[39m=[32m&quot;M3 21c0-2.1 1.7-3.9 3.8-4&quot;[39m
              [36m/&gt;[39m
              [36m&lt;path[39m
                [33md[39m=[32m&quot;M20.97 5c0 2.1-1.6 3.8-3.5 4&quot;[39m
              [36m/&gt;[39m
              [36m&lt;path[39m
                [33md[39m=[32m&quot;M22 13h-4&quot;[39m
              [36m/&gt;[39m
              [36m&lt;path[39m
                [33md[39m=[32m&quot;M17.2 17c2.1.1 3.8 1.9 3.8 4&quot;[39m
              [36m/&gt;[39m
            [36m&lt;/svg&gt;[39m
            [0mError Details (Development Only)[0m
          [36m&lt;/summary&gt;[39m
          [36m&lt;div[39m
            [33mstyle[39m=[32m&quot;font-family: monospace; color: rgb(75, 85, 99); word-break: break-word;&quot;[39m
          [36m&gt;[39m
            [36m&lt;strong&gt;[39m
              [0mType:[0m
            [36m&lt;/strong&gt;[39m
            [0m [0m
            [0mNETWORK[0m
            [36m&lt;br /&gt;[39m
            [36m&lt;strong&gt;[39m
              [0mCode:[0m
            [36m&lt;/strong&gt;[39m
            [0m [0m
            [0mNETWORK_ERROR[0m
            [36m&lt;br /&gt;[39m
            [36m&lt;strong&gt;[39m
              [0mMessage:[0m
            [36m&lt;/strong&gt;[39m
            [0m [0m
            [0mTest error message[0m
            [36m&lt;br /&gt;[39m
            [36m&lt;strong&gt;[39m
              [0mStack:[0m
            [36m&lt;/strong&gt;[39m
            [36m&lt;pre[39m
              [33mstyle[39m=[32m&quot;white-space: pre-wrap; word-break: break-word; margin: 4px 0px 0px 0px; font-size: 10px;&quot;[39m
            [36m&gt;[39m
              [0mAppError: Test error message
    at ThrowErrorComponent (/home/ilya/projects/SimpleAdminReporter/frontend/src/components/query/__tests__/QueryPreviewErrorBoundary.test.tsx:59:19)
    at Object.react_stack_bottom_frame (/home/ilya/projects/SimpleAdminReporter/frontend/node_modules/react-dom/cjs/react-dom-client.development.js:23863:20)
    at renderWithHooks (/home/ilya/projects/SimpleAdminReporter/frontend/node_modules/react-dom/cjs/react-dom-client.development.js:5529:22)
    at updateFunctionComponent (/home/ilya/projects/SimpleAdminReporter/frontend/node_modules/react-dom/cjs/react-dom-client.development.js:8897:19)
    at beginWork (/home/ilya/projects/SimpleAdminReporter/frontend/node_modules/react-dom/cjs/react-dom-client.development.js:10522:18)
    at runWithFiberInDEV (/home/ilya/projects/SimpleAdminReporter/frontend/node_modules/react-dom/cjs/react-dom-client.development.js:1522:13..." type="TestingLibraryElementError">
TestingLibraryElementError: Found multiple elements with the text: Error Details (Development Only)

Here are the matching elements:

Ignored nodes: comments, script, style
&lt;summary
  style=&quot;cursor: pointer; margin-bottom: 8px; color: rgb(107, 114, 128); font-size: 12px;&quot;
&gt;
  &lt;svg
    aria-hidden=&quot;true&quot;
    class=&quot;lucide lucide-bug&quot;
    fill=&quot;none&quot;
    height=&quot;14&quot;
    stroke=&quot;currentColor&quot;
    stroke-linecap=&quot;round&quot;
    stroke-linejoin=&quot;round&quot;
    stroke-width=&quot;2&quot;
    style=&quot;margin-right: 6px; vertical-align: middle;&quot;
    viewBox=&quot;0 0 24 24&quot;
    width=&quot;14&quot;
    xmlns=&quot;http://www.w3.org/2000/svg&quot;
  &gt;
    &lt;path
      d=&quot;m8 2 1.88 1.88&quot;
    /&gt;
    &lt;path
      d=&quot;M14.12 3.88 16 2&quot;
    /&gt;
    &lt;path
      d=&quot;M9 7.13v-1a3.003 3.003 0 1 1 6 0v1&quot;
    /&gt;
    &lt;path
      d=&quot;M12 20c-3.3 0-6-2.7-6-6v-3a4 4 0 0 1 4-4h4a4 4 0 0 1 4 4v3c0 3.3-2.7 6-6 6&quot;
    /&gt;
    &lt;path
      d=&quot;M12 20v-9&quot;
    /&gt;
    &lt;path
      d=&quot;M6.53 9C4.6 8.8 3 7.1 3 5&quot;
    /&gt;
    &lt;path
      d=&quot;M6 13H2&quot;
    /&gt;
    &lt;path
      d=&quot;M3 21c0-2.1 1.7-3.9 3.8-4&quot;
    /&gt;
    &lt;path
      d=&quot;M20.97 5c0 2.1-1.6 3.8-3.5 4&quot;
    /&gt;
    &lt;path
      d=&quot;M22 13h-4&quot;
    /&gt;
    &lt;path
      d=&quot;M17.2 17c2.1.1 3.8 1.9 3.8 4&quot;
    /&gt;
  &lt;/svg&gt;
  Error Details (Development Only)
&lt;/summary&gt;

Ignored nodes: comments, script, style
&lt;summary
  style=&quot;cursor: pointer; margin-bottom: 8px; color: rgb(107, 114, 128); font-size: 12px;&quot;
&gt;
  &lt;svg
    aria-hidden=&quot;true&quot;
    class=&quot;lucide lucide-bug&quot;
    fill=&quot;none&quot;
    height=&quot;14&quot;
    stroke=&quot;currentColor&quot;
    stroke-linecap=&quot;round&quot;
    stroke-linejoin=&quot;round&quot;
    stroke-width=&quot;2&quot;
    style=&quot;margin-right: 6px; vertical-align: middle;&quot;
    viewBox=&quot;0 0 24 24&quot;
    width=&quot;14&quot;
    xmlns=&quot;http://www.w3.org/2000/svg&quot;
  &gt;
    &lt;path
      d=&quot;m8 2 1.88 1.88&quot;
    /&gt;
    &lt;path
      d=&quot;M14.12 3.88 16 2&quot;
    /&gt;
    &lt;path
      d=&quot;M9 7.13v-1a3.003 3.003 0 1 1 6 0v1&quot;
    /&gt;
    &lt;path
      d=&quot;M12 20c-3.3 0-6-2.7-6-6v-3a4 4 0 0 1 4-4h4a4 4 0 0 1 4 4v3c0 3.3-2.7 6-6 6&quot;
    /&gt;
    &lt;path
      d=&quot;M12 20v-9&quot;
    /&gt;
    &lt;path
      d=&quot;M6.53 9C4.6 8.8 3 7.1 3 5&quot;
    /&gt;
    &lt;path
      d=&quot;M6 13H2&quot;
    /&gt;
    &lt;path
      d=&quot;M3 21c0-2.1 1.7-3.9 3.8-4&quot;
    /&gt;
    &lt;path
      d=&quot;M20.97 5c0 2.1-1.6 3.8-3.5 4&quot;
    /&gt;
    &lt;path
      d=&quot;M22 13h-4&quot;
    /&gt;
    &lt;path
      d=&quot;M17.2 17c2.1.1 3.8 1.9 3.8 4&quot;
    /&gt;
  &lt;/svg&gt;
  Error Details (Development Only)
&lt;/summary&gt;

Ignored nodes: comments, script, style
&lt;summary
  style=&quot;cursor: pointer; margin-bottom: 8px; color: rgb(107, 114, 128); font-size: 12px;&quot;
&gt;
  &lt;svg
    aria-hidden=&quot;true&quot;
    class=&quot;lucide lucide-bug&quot;
    fill=&quot;none&quot;
    height=&quot;14&quot;
    stroke=&quot;currentColor&quot;
    stroke-linecap=&quot;round&quot;
    stroke-linejoin=&quot;round&quot;
    stroke-width=&quot;2&quot;
    style=&quot;margin-right: 6px; vertical-align: middle;&quot;
    viewBox=&quot;0 0 24 24&quot;
    width=&quot;14&quot;
    xmlns=&quot;http://www.w3.org/2000/svg&quot;
  &gt;
    &lt;path
      d=&quot;m8 2 1.88 1.88&quot;
    /&gt;
    &lt;path
      d=&quot;M14.12 3.88 16 2&quot;
    /&gt;
    &lt;path
      d=&quot;M9 7.13v-1a3.003 3.003 0 1 1 6 0v1&quot;
    /&gt;
    &lt;path
      d=&quot;M12 20c-3.3 0-6-2.7-6-6v-3a4 4 0 0 1 4-4h4a4 4 0 0 1 4 4v3c0 3.3-2.7 6-6 6&quot;
    /&gt;
    &lt;path
      d=&quot;M12 20v-9&quot;
    /&gt;
    &lt;path
      d=&quot;M6.53 9C4.6 8.8 3 7.1 3 5&quot;
    /&gt;
    &lt;path
      d=&quot;M6 13H2&quot;
    /&gt;
    &lt;path
      d=&quot;M3 21c0-2.1 1.7-3.9 3.8-4&quot;
    /&gt;
    &lt;path
      d=&quot;M20.97 5c0 2.1-1.6 3.8-3.5 4&quot;
    /&gt;
    &lt;path
      d=&quot;M22 13h-4&quot;
    /&gt;
    &lt;path
      d=&quot;M17.2 17c2.1.1 3.8 1.9 3.8 4&quot;
    /&gt;
  &lt;/svg&gt;
  Error Details (Development Only)
&lt;/summary&gt;

Ignored nodes: comments, script, style
&lt;summary
  style=&quot;cursor: pointer; margin-bottom: 8px; color: rgb(107, 114, 128); font-size: 12px;&quot;
&gt;
  &lt;svg
    aria-hidden=&quot;true&quot;
    class=&quot;lucide lucide-bug&quot;
    fill=&quot;none&quot;
    height=&quot;14&quot;
    stroke=&quot;currentColor&quot;
    stroke-linecap=&quot;round&quot;
    stroke-linejoin=&quot;round&quot;
    stroke-width=&quot;2&quot;
    style=&quot;margin-right: 6px; vertical-align: middle;&quot;
    viewBox=&quot;0 0 24 24&quot;
    width=&quot;14&quot;
    xmlns=&quot;http://www.w3.org/2000/svg&quot;
  &gt;
    &lt;path
      d=&quot;m8 2 1.88 1.88&quot;
    /&gt;
    &lt;path
      d=&quot;M14.12 3.88 16 2&quot;
    /&gt;
    &lt;path
      d=&quot;M9 7.13v-1a3.003 3.003 0 1 1 6 0v1&quot;
    /&gt;
    &lt;path
      d=&quot;M12 20c-3.3 0-6-2.7-6-6v-3a4 4 0 0 1 4-4h4a4 4 0 0 1 4 4v3c0 3.3-2.7 6-6 6&quot;
    /&gt;
    &lt;path
      d=&quot;M12 20v-9&quot;
    /&gt;
    &lt;path
      d=&quot;M6.53 9C4.6 8.8 3 7.1 3 5&quot;
    /&gt;
    &lt;path
      d=&quot;M6 13H2&quot;
    /&gt;
    &lt;path
      d=&quot;M3 21c0-2.1 1.7-3.9 3.8-4&quot;
    /&gt;
    &lt;path
      d=&quot;M20.97 5c0 2.1-1.6 3.8-3.5 4&quot;
    /&gt;
    &lt;path
      d=&quot;M22 13h-4&quot;
    /&gt;
    &lt;path
      d=&quot;M17.2 17c2.1.1 3.8 1.9 3.8 4&quot;
    /&gt;
  &lt;/svg&gt;
  Error Details (Development Only)
&lt;/summary&gt;

Ignored nodes: comments, script, style
&lt;summary
  style=&quot;cursor: pointer; margin-bottom: 8px; color: rgb(107, 114, 128); font-size: 12px;&quot;
&gt;
  &lt;svg
    aria-hidden=&quot;true&quot;
    class=&quot;lucide lucide-bug&quot;
    fill=&quot;none&quot;
    height=&quot;14&quot;
    stroke=&quot;currentColor&quot;
    stroke-linecap=&quot;round&quot;
    stroke-linejoin=&quot;round&quot;
    stroke-width=&quot;2&quot;
    style=&quot;margin-right: 6px; vertical-align: middle;&quot;
    viewBox=&quot;0 0 24 24&quot;
    width=&quot;14&quot;
    xmlns=&quot;http://www.w3.org/2000/svg&quot;
  &gt;
    &lt;path
      d=&quot;m8 2 1.88 1.88&quot;
    /&gt;
    &lt;path
      d=&quot;M14.12 3.88 16 2&quot;
    /&gt;
    &lt;path
      d=&quot;M9 7.13v-1a3.003 3.003 0 1 1 6 0v1&quot;
    /&gt;
    &lt;path
      d=&quot;M12 20c-3.3 0-6-2.7-6-6v-3a4 4 0 0 1 4-4h4a4 4 0 0 1 4 4v3c0 3.3-2.7 6-6 6&quot;
    /&gt;
    &lt;path
      d=&quot;M12 20v-9&quot;
    /&gt;
    &lt;path
      d=&quot;M6.53 9C4.6 8.8 3 7.1 3 5&quot;
    /&gt;
    &lt;path
      d=&quot;M6 13H2&quot;
    /&gt;
    &lt;path
      d=&quot;M3 21c0-2.1 1.7-3.9 3.8-4&quot;
    /&gt;
    &lt;path
      d=&quot;M20.97 5c0 2.1-1.6 3.8-3.5 4&quot;
    /&gt;
    &lt;path
      d=&quot;M22 13h-4&quot;
    /&gt;
    &lt;path
      d=&quot;M17.2 17c2.1.1 3.8 1.9 3.8 4&quot;
    /&gt;
  &lt;/svg&gt;
  Error Details (Development Only)
&lt;/summary&gt;

Ignored nodes: comments, script, style
&lt;summary
  style=&quot;cursor: pointer; margin-bottom: 8px; color: rgb(107, 114, 128); font-size: 12px;&quot;
&gt;
  &lt;svg
    aria-hidden=&quot;true&quot;
    class=&quot;lucide lucide-bug&quot;
    fill=&quot;none&quot;
    height=&quot;14&quot;
    stroke=&quot;currentColor&quot;
    stroke-linecap=&quot;round&quot;
    stroke-linejoin=&quot;round&quot;
    stroke-width=&quot;2&quot;
    style=&quot;margin-right: 6px; vertical-align: middle;&quot;
    viewBox=&quot;0 0 24 24&quot;
    width=&quot;14&quot;
    xmlns=&quot;http://www.w3.org/2000/svg&quot;
  &gt;
    &lt;path
      d=&quot;m8 2 1.88 1.88&quot;
    /&gt;
    &lt;path
      d=&quot;M14.12 3.88 16 2&quot;
    /&gt;
    &lt;path
      d=&quot;M9 7.13v-1a3.003 3.003 0 1 1 6 0v1&quot;
    /&gt;
    &lt;path
      d=&quot;M12 20c-3.3 0-6-2.7-6-6v-3a4 4 0 0 1 4-4h4a4 4 0 0 1 4 4v3c0 3.3-2.7 6-6 6&quot;
    /&gt;
    &lt;path
      d=&quot;M12 20v-9&quot;
    /&gt;
    &lt;path
      d=&quot;M6.53 9C4.6 8.8 3 7.1 3 5&quot;
    /&gt;
    &lt;path
      d=&quot;M6 13H2&quot;
    /&gt;
    &lt;path
      d=&quot;M3 21c0-2.1 1.7-3.9 3.8-4&quot;
    /&gt;
    &lt;path
      d=&quot;M20.97 5c0 2.1-1.6 3.8-3.5 4&quot;
    /&gt;
    &lt;path
      d=&quot;M22 13h-4&quot;
    /&gt;
    &lt;path
      d=&quot;M17.2 17c2.1.1 3.8 1.9 3.8 4&quot;
    /&gt;
  &lt;/svg&gt;
  Error Details (Development Only)
&lt;/summary&gt;

Ignored nodes: comments, script, style
&lt;summary
  style=&quot;cursor: pointer; margin-bottom: 8px; color: rgb(107, 114, 128); font-size: 12px;&quot;
&gt;
  &lt;svg
    aria-hidden=&quot;true&quot;
    class=&quot;lucide lucide-bug&quot;
    fill=&quot;none&quot;
    height=&quot;14&quot;
    stroke=&quot;currentColor&quot;
    stroke-linecap=&quot;round&quot;
    stroke-linejoin=&quot;round&quot;
    stroke-width=&quot;2&quot;
    style=&quot;margin-right: 6px; vertical-align: middle;&quot;
    viewBox=&quot;0 0 24 24&quot;
    width=&quot;14&quot;
    xmlns=&quot;http://www.w3.org/2000/svg&quot;
  &gt;
    &lt;path
      d=&quot;m8 2 1.88 1.88&quot;
    /&gt;
    &lt;path
      d=&quot;M14.12 3.88 16 2&quot;
    /&gt;
    &lt;path
      d=&quot;M9 7.13v-1a3.003 3.003 0 1 1 6 0v1&quot;
    /&gt;
    &lt;path
      d=&quot;M12 20c-3.3 0-6-2.7-6-6v-3a4 4 0 0 1 4-4h4a4 4 0 0 1 4 4v3c0 3.3-2.7 6-6 6&quot;
    /&gt;
    &lt;path
      d=&quot;M12 20v-9&quot;
    /&gt;
    &lt;path
      d=&quot;M6.53 9C4.6 8.8 3 7.1 3 5&quot;
    /&gt;
    &lt;path
      d=&quot;M6 13H2&quot;
    /&gt;
    &lt;path
      d=&quot;M3 21c0-2.1 1.7-3.9 3.8-4&quot;
    /&gt;
    &lt;path
      d=&quot;M20.97 5c0 2.1-1.6 3.8-3.5 4&quot;
    /&gt;
    &lt;path
      d=&quot;M22 13h-4&quot;
    /&gt;
    &lt;path
      d=&quot;M17.2 17c2.1.1 3.8 1.9 3.8 4&quot;
    /&gt;
  &lt;/svg&gt;
  Error Details (Development Only)
&lt;/summary&gt;

Ignored nodes: comments, script, style
&lt;summary
  style=&quot;cursor: pointer; margin-bottom: 8px; color: rgb(107, 114, 128); font-size: 12px;&quot;
&gt;
  &lt;svg
    aria-hidden=&quot;true&quot;
    class=&quot;lucide lucide-bug&quot;
    fill=&quot;none&quot;
    height=&quot;14&quot;
    stroke=&quot;currentColor&quot;
    stroke-linecap=&quot;round&quot;
    stroke-linejoin=&quot;round&quot;
    stroke-width=&quot;2&quot;
    style=&quot;margin-right: 6px; vertical-align: middle;&quot;
    viewBox=&quot;0 0 24 24&quot;
    width=&quot;14&quot;
    xmlns=&quot;http://www.w3.org/2000/svg&quot;
  &gt;
    &lt;path
      d=&quot;m8 2 1.88 1.88&quot;
    /&gt;
    &lt;path
      d=&quot;M14.12 3.88 16 2&quot;
    /&gt;
    &lt;path
      d=&quot;M9 7.13v-1a3.003 3.003 0 1 1 6 0v1&quot;
    /&gt;
    &lt;path
      d=&quot;M12 20c-3.3 0-6-2.7-6-6v-3a4 4 0 0 1 4-4h4a4 4 0 0 1 4 4v3c0 3.3-2.7 6-6 6&quot;
    /&gt;
    &lt;path
      d=&quot;M12 20v-9&quot;
    /&gt;
    &lt;path
      d=&quot;M6.53 9C4.6 8.8 3 7.1 3 5&quot;
    /&gt;
    &lt;path
      d=&quot;M6 13H2&quot;
    /&gt;
    &lt;path
      d=&quot;M3 21c0-2.1 1.7-3.9 3.8-4&quot;
    /&gt;
    &lt;path
      d=&quot;M20.97 5c0 2.1-1.6 3.8-3.5 4&quot;
    /&gt;
    &lt;path
      d=&quot;M22 13h-4&quot;
    /&gt;
    &lt;path
      d=&quot;M17.2 17c2.1.1 3.8 1.9 3.8 4&quot;
    /&gt;
  &lt;/svg&gt;
  Error Details (Development Only)
&lt;/summary&gt;

Ignored nodes: comments, script, style
&lt;summary
  style=&quot;cursor: pointer; margin-bottom: 8px; color: rgb(107, 114, 128); font-size: 12px;&quot;
&gt;
  &lt;svg
    aria-hidden=&quot;true&quot;
    class=&quot;lucide lucide-bug&quot;
    fill=&quot;none&quot;
    height=&quot;14&quot;
    stroke=&quot;currentColor&quot;
    stroke-linecap=&quot;round&quot;
    stroke-linejoin=&quot;round&quot;
    stroke-width=&quot;2&quot;
    style=&quot;margin-right: 6px; vertical-align: middle;&quot;
    viewBox=&quot;0 0 24 24&quot;
    width=&quot;14&quot;
    xmlns=&quot;http://www.w3.org/2000/svg&quot;
  &gt;
    &lt;path
      d=&quot;m8 2 1.88 1.88&quot;
    /&gt;
    &lt;path
      d=&quot;M14.12 3.88 16 2&quot;
    /&gt;
    &lt;path
      d=&quot;M9 7.13v-1a3.003 3.003 0 1 1 6 0v1&quot;
    /&gt;
    &lt;path
      d=&quot;M12 20c-3.3 0-6-2.7-6-6v-3a4 4 0 0 1 4-4h4a4 4 0 0 1 4 4v3c0 3.3-2.7 6-6 6&quot;
    /&gt;
    &lt;path
      d=&quot;M12 20v-9&quot;
    /&gt;
    &lt;path
      d=&quot;M6.53 9C4.6 8.8 3 7.1 3 5&quot;
    /&gt;
    &lt;path
      d=&quot;M6 13H2&quot;
    /&gt;
    &lt;path
      d=&quot;M3 21c0-2.1 1.7-3.9 3.8-4&quot;
    /&gt;
    &lt;path
      d=&quot;M20.97 5c0 2.1-1.6 3.8-3.5 4&quot;
    /&gt;
    &lt;path
      d=&quot;M22 13h-4&quot;
    /&gt;
    &lt;path
      d=&quot;M17.2 17c2.1.1 3.8 1.9 3.8 4&quot;
    /&gt;
  &lt;/svg&gt;
  Error Details (Development Only)
&lt;/summary&gt;

Ignored nodes: comments, script, style
&lt;summary
  style=&quot;cursor: pointer; margin-bottom: 8px; color: rgb(107, 114, 128); font-size: 12px;&quot;
&gt;
  &lt;svg
    aria-hidden=&quot;true&quot;
    class=&quot;lucide lucide-bug&quot;
    fill=&quot;none&quot;
    height=&quot;14&quot;
    stroke=&quot;currentColor&quot;
    stroke-linecap=&quot;round&quot;
    stroke-linejoin=&quot;round&quot;
    stroke-width=&quot;2&quot;
    style=&quot;margin-right: 6px; vertical-align: middle;&quot;
    viewBox=&quot;0 0 24 24&quot;
    width=&quot;14&quot;
    xmlns=&quot;http://www.w3.org/2000/svg&quot;
  &gt;
    &lt;path
      d=&quot;m8 2 1.88 1.88&quot;
    /&gt;
    &lt;path
      d=&quot;M14.12 3.88 16 2&quot;
    /&gt;
    &lt;path
      d=&quot;M9 7.13v-1a3.003 3.003 0 1 1 6 0v1&quot;
    /&gt;
    &lt;path
      d=&quot;M12 20c-3.3 0-6-2.7-6-6v-3a4 4 0 0 1 4-4h4a4 4 0 0 1 4 4v3c0 3.3-2.7 6-6 6&quot;
    /&gt;
    &lt;path
      d=&quot;M12 20v-9&quot;
    /&gt;
    &lt;path
      d=&quot;M6.53 9C4.6 8.8 3 7.1 3 5&quot;
    /&gt;
    &lt;path
      d=&quot;M6 13H2&quot;
    /&gt;
    &lt;path
      d=&quot;M3 21c0-2.1 1.7-3.9 3.8-4&quot;
    /&gt;
    &lt;path
      d=&quot;M20.97 5c0 2.1-1.6 3.8-3.5 4&quot;
    /&gt;
    &lt;path
      d=&quot;M22 13h-4&quot;
    /&gt;
    &lt;path
      d=&quot;M17.2 17c2.1.1 3.8 1.9 3.8 4&quot;
    /&gt;
  &lt;/svg&gt;
  Error Details (Development Only)
&lt;/summary&gt;

Ignored nodes: comments, script, style
&lt;summary
  style=&quot;cursor: pointer; margin-bottom: 8px; color: rgb(107, 114, 128); font-size: 12px;&quot;
&gt;
  &lt;svg
    aria-hidden=&quot;true&quot;
    class=&quot;lucide lucide-bug&quot;
    fill=&quot;none&quot;
    height=&quot;14&quot;
    stroke=&quot;currentColor&quot;
    stroke-linecap=&quot;round&quot;
    stroke-linejoin=&quot;round&quot;
    stroke-width=&quot;2&quot;
    style=&quot;margin-right: 6px; vertical-align: middle;&quot;
    viewBox=&quot;0 0 24 24&quot;
    width=&quot;14&quot;
    xmlns=&quot;http://www.w3.org/2000/svg&quot;
  &gt;
    &lt;path
      d=&quot;m8 2 1.88 1.88&quot;
    /&gt;
    &lt;path
      d=&quot;M14.12 3.88 16 2&quot;
    /&gt;
    &lt;path
      d=&quot;M9 7.13v-1a3.003 3.003 0 1 1 6 0v1&quot;
    /&gt;
    &lt;path
      d=&quot;M12 20c-3.3 0-6-2.7-6-6v-3a4 4 0 0 1 4-4h4a4 4 0 0 1 4 4v3c0 3.3-2.7 6-6 6&quot;
    /&gt;
    &lt;path
      d=&quot;M12 20v-9&quot;
    /&gt;
    &lt;path
      d=&quot;M6.53 9C4.6 8.8 3 7.1 3 5&quot;
    /&gt;
    &lt;path
      d=&quot;M6 13H2&quot;
    /&gt;
    &lt;path
      d=&quot;M3 21c0-2.1 1.7-3.9 3.8-4&quot;
    /&gt;
    &lt;path
      d=&quot;M20.97 5c0 2.1-1.6 3.8-3.5 4&quot;
    /&gt;
    &lt;path
      d=&quot;M22 13h-4&quot;
    /&gt;
    &lt;path
      d=&quot;M17.2 17c2.1.1 3.8 1.9 3.8 4&quot;
    /&gt;
  &lt;/svg&gt;
  Error Details (Development Only)
&lt;/summary&gt;

Ignored nodes: comments, script, style
&lt;summary
  style=&quot;cursor: pointer; margin-bottom: 8px; color: rgb(107, 114, 128); font-size: 12px;&quot;
&gt;
  &lt;svg
    aria-hidden=&quot;true&quot;
    class=&quot;lucide lucide-bug&quot;
    fill=&quot;none&quot;
    height=&quot;14&quot;
    stroke=&quot;currentColor&quot;
    stroke-linecap=&quot;round&quot;
    stroke-linejoin=&quot;round&quot;
    stroke-width=&quot;2&quot;
    style=&quot;margin-right: 6px; vertical-align: middle;&quot;
    viewBox=&quot;0 0 24 24&quot;
    width=&quot;14&quot;
    xmlns=&quot;http://www.w3.org/2000/svg&quot;
  &gt;
    &lt;path
      d=&quot;m8 2 1.88 1.88&quot;
    /&gt;
    &lt;path
      d=&quot;M14.12 3.88 16 2&quot;
    /&gt;
    &lt;path
      d=&quot;M9 7.13v-1a3.003 3.003 0 1 1 6 0v1&quot;
    /&gt;
    &lt;path
      d=&quot;M12 20c-3.3 0-6-2.7-6-6v-3a4 4 0 0 1 4-4h4a4 4 0 0 1 4 4v3c0 3.3-2.7 6-6 6&quot;
    /&gt;
    &lt;path
      d=&quot;M12 20v-9&quot;
    /&gt;
    &lt;path
      d=&quot;M6.53 9C4.6 8.8 3 7.1 3 5&quot;
    /&gt;
    &lt;path
      d=&quot;M6 13H2&quot;
    /&gt;
    &lt;path
      d=&quot;M3 21c0-2.1 1.7-3.9 3.8-4&quot;
    /&gt;
    &lt;path
      d=&quot;M20.97 5c0 2.1-1.6 3.8-3.5 4&quot;
    /&gt;
    &lt;path
      d=&quot;M22 13h-4&quot;
    /&gt;
    &lt;path
      d=&quot;M17.2 17c2.1.1 3.8 1.9 3.8 4&quot;
    /&gt;
  &lt;/svg&gt;
  Error Details (Development Only)
&lt;/summary&gt;

Ignored nodes: comments, script, style
&lt;summary
  style=&quot;cursor: pointer; margin-bottom: 8px; color: rgb(107, 114, 128); font-size: 12px;&quot;
&gt;
  &lt;svg
    aria-hidden=&quot;true&quot;
    class=&quot;lucide lucide-bug&quot;
    fill=&quot;none&quot;
    height=&quot;14&quot;
    stroke=&quot;currentColor&quot;
    stroke-linecap=&quot;round&quot;
    stroke-linejoin=&quot;round&quot;
    stroke-width=&quot;2&quot;
    style=&quot;margin-right: 6px; vertical-align: middle;&quot;
    viewBox=&quot;0 0 24 24&quot;
    width=&quot;14&quot;
    xmlns=&quot;http://www.w3.org/2000/svg&quot;
  &gt;
    &lt;path
      d=&quot;m8 2 1.88 1.88&quot;
    /&gt;
    &lt;path
      d=&quot;M14.12 3.88 16 2&quot;
    /&gt;
    &lt;path
      d=&quot;M9 7.13v-1a3.003 3.003 0 1 1 6 0v1&quot;
    /&gt;
    &lt;path
      d=&quot;M12 20c-3.3 0-6-2.7-6-6v-3a4 4 0 0 1 4-4h4a4 4 0 0 1 4 4v3c0 3.3-2.7 6-6 6&quot;
    /&gt;
    &lt;path
      d=&quot;M12 20v-9&quot;
    /&gt;
    &lt;path
      d=&quot;M6.53 9C4.6 8.8 3 7.1 3 5&quot;
    /&gt;
    &lt;path
      d=&quot;M6 13H2&quot;
    /&gt;
    &lt;path
      d=&quot;M3 21c0-2.1 1.7-3.9 3.8-4&quot;
    /&gt;
    &lt;path
      d=&quot;M20.97 5c0 2.1-1.6 3.8-3.5 4&quot;
    /&gt;
    &lt;path
      d=&quot;M22 13h-4&quot;
    /&gt;
    &lt;path
      d=&quot;M17.2 17c2.1.1 3.8 1.9 3.8 4&quot;
    /&gt;
  &lt;/svg&gt;
  Error Details (Development Only)
&lt;/summary&gt;

Ignored nodes: comments, script, style
&lt;summary
  style=&quot;cursor: pointer; margin-bottom: 8px; color: rgb(107, 114, 128); font-size: 12px;&quot;
&gt;
  &lt;svg
    aria-hidden=&quot;true&quot;
    class=&quot;lucide lucide-bug&quot;
    fill=&quot;none&quot;
    height=&quot;14&quot;
    stroke=&quot;currentColor&quot;
    stroke-linecap=&quot;round&quot;
    stroke-linejoin=&quot;round&quot;
    stroke-width=&quot;2&quot;
    style=&quot;margin-right: 6px; vertical-align: middle;&quot;
    viewBox=&quot;0 0 24 24&quot;
    width=&quot;14&quot;
    xmlns=&quot;http://www.w3.org/2000/svg&quot;
  &gt;
    &lt;path
      d=&quot;m8 2 1.88 1.88&quot;
    /&gt;
    &lt;path
      d=&quot;M14.12 3.88 16 2&quot;
    /&gt;
    &lt;path
      d=&quot;M9 7.13v-1a3.003 3.003 0 1 1 6 0v1&quot;
    /&gt;
    &lt;path
      d=&quot;M12 20c-3.3 0-6-2.7-6-6v-3a4 4 0 0 1 4-4h4a4 4 0 0 1 4 4v3c0 3.3-2.7 6-6 6&quot;
    /&gt;
    &lt;path
      d=&quot;M12 20v-9&quot;
    /&gt;
    &lt;path
      d=&quot;M6.53 9C4.6 8.8 3 7.1 3 5&quot;
    /&gt;
    &lt;path
      d=&quot;M6 13H2&quot;
    /&gt;
    &lt;path
      d=&quot;M3 21c0-2.1 1.7-3.9 3.8-4&quot;
    /&gt;
    &lt;path
      d=&quot;M20.97 5c0 2.1-1.6 3.8-3.5 4&quot;
    /&gt;
    &lt;path
      d=&quot;M22 13h-4&quot;
    /&gt;
    &lt;path
      d=&quot;M17.2 17c2.1.1 3.8 1.9 3.8 4&quot;
    /&gt;
  &lt;/svg&gt;
  Error Details (Development Only)
&lt;/summary&gt;

Ignored nodes: comments, script, style
&lt;summary
  style=&quot;cursor: pointer; margin-bottom: 8px; color: rgb(107, 114, 128); font-size: 12px;&quot;
&gt;
  &lt;svg
    aria-hidden=&quot;true&quot;
    class=&quot;lucide lucide-bug&quot;
    fill=&quot;none&quot;
    height=&quot;14&quot;
    stroke=&quot;currentColor&quot;
    stroke-linecap=&quot;round&quot;
    stroke-linejoin=&quot;round&quot;
    stroke-width=&quot;2&quot;
    style=&quot;margin-right: 6px; vertical-align: middle;&quot;
    viewBox=&quot;0 0 24 24&quot;
    width=&quot;14&quot;
    xmlns=&quot;http://www.w3.org/2000/svg&quot;
  &gt;
    &lt;path
      d=&quot;m8 2 1.88 1.88&quot;
    /&gt;
    &lt;path
      d=&quot;M14.12 3.88 16 2&quot;
    /&gt;
    &lt;path
      d=&quot;M9 7.13v-1a3.003 3.003 0 1 1 6 0v1&quot;
    /&gt;
    &lt;path
      d=&quot;M12 20c-3.3 0-6-2.7-6-6v-3a4 4 0 0 1 4-4h4a4 4 0 0 1 4 4v3c0 3.3-2.7 6-6 6&quot;
    /&gt;
    &lt;path
      d=&quot;M12 20v-9&quot;
    /&gt;
    &lt;path
      d=&quot;M6.53 9C4.6 8.8 3 7.1 3 5&quot;
    /&gt;
    &lt;path
      d=&quot;M6 13H2&quot;
    /&gt;
    &lt;path
      d=&quot;M3 21c0-2.1 1.7-3.9 3.8-4&quot;
    /&gt;
    &lt;path
      d=&quot;M20.97 5c0 2.1-1.6 3.8-3.5 4&quot;
    /&gt;
    &lt;path
      d=&quot;M22 13h-4&quot;
    /&gt;
    &lt;path
      d=&quot;M17.2 17c2.1.1 3.8 1.9 3.8 4&quot;
    /&gt;
  &lt;/svg&gt;
  Error Details (Development Only)
&lt;/summary&gt;

Ignored nodes: comments, script, style
&lt;summary
  style=&quot;cursor: pointer; margin-bottom: 8px; color: rgb(107, 114, 128); font-size: 12px;&quot;
&gt;
  &lt;svg
    aria-hidden=&quot;true&quot;
    class=&quot;lucide lucide-bug&quot;
    fill=&quot;none&quot;
    height=&quot;14&quot;
    stroke=&quot;currentColor&quot;
    stroke-linecap=&quot;round&quot;
    stroke-linejoin=&quot;round&quot;
    stroke-width=&quot;2&quot;
    style=&quot;margin-right: 6px; vertical-align: middle;&quot;
    viewBox=&quot;0 0 24 24&quot;
    width=&quot;14&quot;
    xmlns=&quot;http://www.w3.org/2000/svg&quot;
  &gt;
    &lt;path
      d=&quot;m8 2 1.88 1.88&quot;
    /&gt;
    &lt;path
      d=&quot;M14.12 3.88 16 2&quot;
    /&gt;
    &lt;path
      d=&quot;M9 7.13v-1a3.003 3.003 0 1 1 6 0v1&quot;
    /&gt;
    &lt;path
      d=&quot;M12 20c-3.3 0-6-2.7-6-6v-3a4 4 0 0 1 4-4h4a4 4 0 0 1 4 4v3c0 3.3-2.7 6-6 6&quot;
    /&gt;
    &lt;path
      d=&quot;M12 20v-9&quot;
    /&gt;
    &lt;path
      d=&quot;M6.53 9C4.6 8.8 3 7.1 3 5&quot;
    /&gt;
    &lt;path
      d=&quot;M6 13H2&quot;
    /&gt;
    &lt;path
      d=&quot;M3 21c0-2.1 1.7-3.9 3.8-4&quot;
    /&gt;
    &lt;path
      d=&quot;M20.97 5c0 2.1-1.6 3.8-3.5 4&quot;
    /&gt;
    &lt;path
      d=&quot;M22 13h-4&quot;
    /&gt;
    &lt;path
      d=&quot;M17.2 17c2.1.1 3.8 1.9 3.8 4&quot;
    /&gt;
  &lt;/svg&gt;
  Error Details (Development Only)
&lt;/summary&gt;

Ignored nodes: comments, script, style
&lt;summary
  style=&quot;cursor: pointer; margin-bottom: 8px; color: rgb(107, 114, 128); font-size: 12px;&quot;
&gt;
  &lt;svg
    aria-hidden=&quot;true&quot;
    class=&quot;lucide lucide-bug&quot;
    fill=&quot;none&quot;
    height=&quot;14&quot;
    stroke=&quot;currentColor&quot;
    stroke-linecap=&quot;round&quot;
    stroke-linejoin=&quot;round&quot;
    stroke-width=&quot;2&quot;
    style=&quot;margin-right: 6px; vertical-align: middle;&quot;
    viewBox=&quot;0 0 24 24&quot;
    width=&quot;14&quot;
    xmlns=&quot;http://www.w3.org/2000/svg&quot;
  &gt;
    &lt;path
      d=&quot;m8 2 1.88 1.88&quot;
    /&gt;
    &lt;path
      d=&quot;M14.12 3.88 16 2&quot;
    /&gt;
    &lt;path
      d=&quot;M9 7.13v-1a3.003 3.003 0 1 1 6 0v1&quot;
    /&gt;
    &lt;path
      d=&quot;M12 20c-3.3 0-6-2.7-6-6v-3a4 4 0 0 1 4-4h4a4 4 0 0 1 4 4v3c0 3.3-2.7 6-6 6&quot;
    /&gt;
    &lt;path
      d=&quot;M12 20v-9&quot;
    /&gt;
    &lt;path
      d=&quot;M6.53 9C4.6 8.8 3 7.1 3 5&quot;
    /&gt;
    &lt;path
      d=&quot;M6 13H2&quot;
    /&gt;
    &lt;path
      d=&quot;M3 21c0-2.1 1.7-3.9 3.8-4&quot;
    /&gt;
    &lt;path
      d=&quot;M20.97 5c0 2.1-1.6 3.8-3.5 4&quot;
    /&gt;
    &lt;path
      d=&quot;M22 13h-4&quot;
    /&gt;
    &lt;path
      d=&quot;M17.2 17c2.1.1 3.8 1.9 3.8 4&quot;
    /&gt;
  &lt;/svg&gt;
  Error Details (Development Only)
&lt;/summary&gt;

Ignored nodes: comments, script, style
&lt;summary
  style=&quot;cursor: pointer; margin-bottom: 8px; color: rgb(107, 114, 128); font-size: 12px;&quot;
&gt;
  &lt;svg
    aria-hidden=&quot;true&quot;
    class=&quot;lucide lucide-bug&quot;
    fill=&quot;none&quot;
    height=&quot;14&quot;
    stroke=&quot;currentColor&quot;
    stroke-linecap=&quot;round&quot;
    stroke-linejoin=&quot;round&quot;
    stroke-width=&quot;2&quot;
    style=&quot;margin-right: 6px; vertical-align: middle;&quot;
    viewBox=&quot;0 0 24 24&quot;
    width=&quot;14&quot;
    xmlns=&quot;http://www.w3.org/2000/svg&quot;
  &gt;
    &lt;path
      d=&quot;m8 2 1.88 1.88&quot;
    /&gt;
    &lt;path
      d=&quot;M14.12 3.88 16 2&quot;
    /&gt;
    &lt;path
      d=&quot;M9 7.13v-1a3.003 3.003 0 1 1 6 0v1&quot;
    /&gt;
    &lt;path
      d=&quot;M12 20c-3.3 0-6-2.7-6-6v-3a4 4 0 0 1 4-4h4a4 4 0 0 1 4 4v3c0 3.3-2.7 6-6 6&quot;
    /&gt;
    &lt;path
      d=&quot;M12 20v-9&quot;
    /&gt;
    &lt;path
      d=&quot;M6.53 9C4.6 8.8 3 7.1 3 5&quot;
    /&gt;
    &lt;path
      d=&quot;M6 13H2&quot;
    /&gt;
    &lt;path
      d=&quot;M3 21c0-2.1 1.7-3.9 3.8-4&quot;
    /&gt;
    &lt;path
      d=&quot;M20.97 5c0 2.1-1.6 3.8-3.5 4&quot;
    /&gt;
    &lt;path
      d=&quot;M22 13h-4&quot;
    /&gt;
    &lt;path
      d=&quot;M17.2 17c2.1.1 3.8 1.9 3.8 4&quot;
    /&gt;
  &lt;/svg&gt;
  Error Details (Development Only)
&lt;/summary&gt;

Ignored nodes: comments, script, style
&lt;summary
  style=&quot;cursor: pointer; margin-bottom: 8px; color: rgb(107, 114, 128); font-size: 12px;&quot;
&gt;
  &lt;svg
    aria-hidden=&quot;true&quot;
    class=&quot;lucide lucide-bug&quot;
    fill=&quot;none&quot;
    height=&quot;14&quot;
    stroke=&quot;currentColor&quot;
    stroke-linecap=&quot;round&quot;
    stroke-linejoin=&quot;round&quot;
    stroke-width=&quot;2&quot;
    style=&quot;margin-right: 6px; vertical-align: middle;&quot;
    viewBox=&quot;0 0 24 24&quot;
    width=&quot;14&quot;
    xmlns=&quot;http://www.w3.org/2000/svg&quot;
  &gt;
    &lt;path
      d=&quot;m8 2 1.88 1.88&quot;
    /&gt;
    &lt;path
      d=&quot;M14.12 3.88 16 2&quot;
    /&gt;
    &lt;path
      d=&quot;M9 7.13v-1a3.003 3.003 0 1 1 6 0v1&quot;
    /&gt;
    &lt;path
      d=&quot;M12 20c-3.3 0-6-2.7-6-6v-3a4 4 0 0 1 4-4h4a4 4 0 0 1 4 4v3c0 3.3-2.7 6-6 6&quot;
    /&gt;
    &lt;path
      d=&quot;M12 20v-9&quot;
    /&gt;
    &lt;path
      d=&quot;M6.53 9C4.6 8.8 3 7.1 3 5&quot;
    /&gt;
    &lt;path
      d=&quot;M6 13H2&quot;
    /&gt;
    &lt;path
      d=&quot;M3 21c0-2.1 1.7-3.9 3.8-4&quot;
    /&gt;
    &lt;path
      d=&quot;M20.97 5c0 2.1-1.6 3.8-3.5 4&quot;
    /&gt;
    &lt;path
      d=&quot;M22 13h-4&quot;
    /&gt;
    &lt;path
      d=&quot;M17.2 17c2.1.1 3.8 1.9 3.8 4&quot;
    /&gt;
  &lt;/svg&gt;
  Error Details (Development Only)
&lt;/summary&gt;

Ignored nodes: comments, script, style
&lt;summary
  style=&quot;cursor: pointer; margin-bottom: 8px; color: rgb(107, 114, 128); font-size: 12px;&quot;
&gt;
  &lt;svg
    aria-hidden=&quot;true&quot;
    class=&quot;lucide lucide-bug&quot;
    fill=&quot;none&quot;
    height=&quot;14&quot;
    stroke=&quot;currentColor&quot;
    stroke-linecap=&quot;round&quot;
    stroke-linejoin=&quot;round&quot;
    stroke-width=&quot;2&quot;
    style=&quot;margin-right: 6px; vertical-align: middle;&quot;
    viewBox=&quot;0 0 24 24&quot;
    width=&quot;14&quot;
    xmlns=&quot;http://www.w3.org/2000/svg&quot;
  &gt;
    &lt;path
      d=&quot;m8 2 1.88 1.88&quot;
    /&gt;
    &lt;path
      d=&quot;M14.12 3.88 16 2&quot;
    /&gt;
    &lt;path
      d=&quot;M9 7.13v-1a3.003 3.003 0 1 1 6 0v1&quot;
    /&gt;
    &lt;path
      d=&quot;M12 20c-3.3 0-6-2.7-6-6v-3a4 4 0 0 1 4-4h4a4 4 0 0 1 4 4v3c0 3.3-2.7 6-6 6&quot;
    /&gt;
    &lt;path
      d=&quot;M12 20v-9&quot;
    /&gt;
    &lt;path
      d=&quot;M6.53 9C4.6 8.8 3 7.1 3 5&quot;
    /&gt;
    &lt;path
      d=&quot;M6 13H2&quot;
    /&gt;
    &lt;path
      d=&quot;M3 21c0-2.1 1.7-3.9 3.8-4&quot;
    /&gt;
    &lt;path
      d=&quot;M20.97 5c0 2.1-1.6 3.8-3.5 4&quot;
    /&gt;
    &lt;path
      d=&quot;M22 13h-4&quot;
    /&gt;
    &lt;path
      d=&quot;M17.2 17c2.1.1 3.8 1.9 3.8 4&quot;
    /&gt;
  &lt;/svg&gt;
  Error Details (Development Only)
&lt;/summary&gt;

Ignored nodes: comments, script, style
&lt;summary
  style=&quot;cursor: pointer; margin-bottom: 8px; color: rgb(107, 114, 128); font-size: 12px;&quot;
&gt;
  &lt;svg
    aria-hidden=&quot;true&quot;
    class=&quot;lucide lucide-bug&quot;
    fill=&quot;none&quot;
    height=&quot;14&quot;
    stroke=&quot;currentColor&quot;
    stroke-linecap=&quot;round&quot;
    stroke-linejoin=&quot;round&quot;
    stroke-width=&quot;2&quot;
    style=&quot;margin-right: 6px; vertical-align: middle;&quot;
    viewBox=&quot;0 0 24 24&quot;
    width=&quot;14&quot;
    xmlns=&quot;http://www.w3.org/2000/svg&quot;
  &gt;
    &lt;path
      d=&quot;m8 2 1.88 1.88&quot;
    /&gt;
    &lt;path
      d=&quot;M14.12 3.88 16 2&quot;
    /&gt;
    &lt;path
      d=&quot;M9 7.13v-1a3.003 3.003 0 1 1 6 0v1&quot;
    /&gt;
    &lt;path
      d=&quot;M12 20c-3.3 0-6-2.7-6-6v-3a4 4 0 0 1 4-4h4a4 4 0 0 1 4 4v3c0 3.3-2.7 6-6 6&quot;
    /&gt;
    &lt;path
      d=&quot;M12 20v-9&quot;
    /&gt;
    &lt;path
      d=&quot;M6.53 9C4.6 8.8 3 7.1 3 5&quot;
    /&gt;
    &lt;path
      d=&quot;M6 13H2&quot;
    /&gt;
    &lt;path
      d=&quot;M3 21c0-2.1 1.7-3.9 3.8-4&quot;
    /&gt;
    &lt;path
      d=&quot;M20.97 5c0 2.1-1.6 3.8-3.5 4&quot;
    /&gt;
    &lt;path
      d=&quot;M22 13h-4&quot;
    /&gt;
    &lt;path
      d=&quot;M17.2 17c2.1.1 3.8 1.9 3.8 4&quot;
    /&gt;
  &lt;/svg&gt;
  Error Details (Development Only)
&lt;/summary&gt;

Ignored nodes: comments, script, style
&lt;summary
  style=&quot;cursor: pointer; margin-bottom: 8px; color: rgb(107, 114, 128); font-size: 12px;&quot;
&gt;
  &lt;svg
    aria-hidden=&quot;true&quot;
    class=&quot;lucide lucide-bug&quot;
    fill=&quot;none&quot;
    height=&quot;14&quot;
    stroke=&quot;currentColor&quot;
    stroke-linecap=&quot;round&quot;
    stroke-linejoin=&quot;round&quot;
    stroke-width=&quot;2&quot;
    style=&quot;margin-right: 6px; vertical-align: middle;&quot;
    viewBox=&quot;0 0 24 24&quot;
    width=&quot;14&quot;
    xmlns=&quot;http://www.w3.org/2000/svg&quot;
  &gt;
    &lt;path
      d=&quot;m8 2 1.88 1.88&quot;
    /&gt;
    &lt;path
      d=&quot;M14.12 3.88 16 2&quot;
    /&gt;
    &lt;path
      d=&quot;M9 7.13v-1a3.003 3.003 0 1 1 6 0v1&quot;
    /&gt;
    &lt;path
      d=&quot;M12 20c-3.3 0-6-2.7-6-6v-3a4 4 0 0 1 4-4h4a4 4 0 0 1 4 4v3c0 3.3-2.7 6-6 6&quot;
    /&gt;
    &lt;path
      d=&quot;M12 20v-9&quot;
    /&gt;
    &lt;path
      d=&quot;M6.53 9C4.6 8.8 3 7.1 3 5&quot;
    /&gt;
    &lt;path
      d=&quot;M6 13H2&quot;
    /&gt;
    &lt;path
      d=&quot;M3 21c0-2.1 1.7-3.9 3.8-4&quot;
    /&gt;
    &lt;path
      d=&quot;M20.97 5c0 2.1-1.6 3.8-3.5 4&quot;
    /&gt;
    &lt;path
      d=&quot;M22 13h-4&quot;
    /&gt;
    &lt;path
      d=&quot;M17.2 17c2.1.1 3.8 1.9 3.8 4&quot;
    /&gt;
  &lt;/svg&gt;
  Error Details (Development Only)
&lt;/summary&gt;

Ignored nodes: comments, script, style
&lt;summary
  style=&quot;cursor: pointer; margin-bottom: 8px; color: rgb(107, 114, 128); font-size: 12px;&quot;
&gt;
  &lt;svg
    aria-hidden=&quot;true&quot;
    class=&quot;lucide lucide-bug&quot;
    fill=&quot;none&quot;
    height=&quot;14&quot;
    stroke=&quot;currentColor&quot;
    stroke-linecap=&quot;round&quot;
    stroke-linejoin=&quot;round&quot;
    stroke-width=&quot;2&quot;
    style=&quot;margin-right: 6px; vertical-align: middle;&quot;
    viewBox=&quot;0 0 24 24&quot;
    width=&quot;14&quot;
    xmlns=&quot;http://www.w3.org/2000/svg&quot;
  &gt;
    &lt;path
      d=&quot;m8 2 1.88 1.88&quot;
    /&gt;
    &lt;path
      d=&quot;M14.12 3.88 16 2&quot;
    /&gt;
    &lt;path
      d=&quot;M9 7.13v-1a3.003 3.003 0 1 1 6 0v1&quot;
    /&gt;
    &lt;path
      d=&quot;M12 20c-3.3 0-6-2.7-6-6v-3a4 4 0 0 1 4-4h4a4 4 0 0 1 4 4v3c0 3.3-2.7 6-6 6&quot;
    /&gt;
    &lt;path
      d=&quot;M12 20v-9&quot;
    /&gt;
    &lt;path
      d=&quot;M6.53 9C4.6 8.8 3 7.1 3 5&quot;
    /&gt;
    &lt;path
      d=&quot;M6 13H2&quot;
    /&gt;
    &lt;path
      d=&quot;M3 21c0-2.1 1.7-3.9 3.8-4&quot;
    /&gt;
    &lt;path
      d=&quot;M20.97 5c0 2.1-1.6 3.8-3.5 4&quot;
    /&gt;
    &lt;path
      d=&quot;M22 13h-4&quot;
    /&gt;
    &lt;path
      d=&quot;M17.2 17c2.1.1 3.8 1.9 3.8 4&quot;
    /&gt;
  &lt;/svg&gt;
  Error Details (Development Only)
&lt;/summary&gt;

Ignored nodes: comments, script, style
&lt;summary
  style=&quot;cursor: pointer; margin-bottom: 8px; color: rgb(107, 114, 128); font-size: 12px;&quot;
&gt;
  &lt;svg
    aria-hidden=&quot;true&quot;
    class=&quot;lucide lucide-bug&quot;
    fill=&quot;none&quot;
    height=&quot;14&quot;
    stroke=&quot;currentColor&quot;
    stroke-linecap=&quot;round&quot;
    stroke-linejoin=&quot;round&quot;
    stroke-width=&quot;2&quot;
    style=&quot;margin-right: 6px; vertical-align: middle;&quot;
    viewBox=&quot;0 0 24 24&quot;
    width=&quot;14&quot;
    xmlns=&quot;http://www.w3.org/2000/svg&quot;
  &gt;
    &lt;path
      d=&quot;m8 2 1.88 1.88&quot;
    /&gt;
    &lt;path
      d=&quot;M14.12 3.88 16 2&quot;
    /&gt;
    &lt;path
      d=&quot;M9 7.13v-1a3.003 3.003 0 1 1 6 0v1&quot;
    /&gt;
    &lt;path
      d=&quot;M12 20c-3.3 0-6-2.7-6-6v-3a4 4 0 0 1 4-4h4a4 4 0 0 1 4 4v3c0 3.3-2.7 6-6 6&quot;
    /&gt;
    &lt;path
      d=&quot;M12 20v-9&quot;
    /&gt;
    &lt;path
      d=&quot;M6.53 9C4.6 8.8 3 7.1 3 5&quot;
    /&gt;
    &lt;path
      d=&quot;M6 13H2&quot;
    /&gt;
    &lt;path
      d=&quot;M3 21c0-2.1 1.7-3.9 3.8-4&quot;
    /&gt;
    &lt;path
      d=&quot;M20.97 5c0 2.1-1.6 3.8-3.5 4&quot;
    /&gt;
    &lt;path
      d=&quot;M22 13h-4&quot;
    /&gt;
    &lt;path
      d=&quot;M17.2 17c2.1.1 3.8 1.9 3.8 4&quot;
    /&gt;
  &lt;/svg&gt;
  Error Details (Development Only)
&lt;/summary&gt;

Ignored nodes: comments, script, style
&lt;summary
  style=&quot;cursor: pointer; margin-bottom: 8px; color: rgb(107, 114, 128); font-size: 12px;&quot;
&gt;
  &lt;svg
    aria-hidden=&quot;true&quot;
    class=&quot;lucide lucide-bug&quot;
    fill=&quot;none&quot;
    height=&quot;14&quot;
    stroke=&quot;currentColor&quot;
    stroke-linecap=&quot;round&quot;
    stroke-linejoin=&quot;round&quot;
    stroke-width=&quot;2&quot;
    style=&quot;margin-right: 6px; vertical-align: middle;&quot;
    viewBox=&quot;0 0 24 24&quot;
    width=&quot;14&quot;
    xmlns=&quot;http://www.w3.org/2000/svg&quot;
  &gt;
    &lt;path
      d=&quot;m8 2 1.88 1.88&quot;
    /&gt;
    &lt;path
      d=&quot;M14.12 3.88 16 2&quot;
    /&gt;
    &lt;path
      d=&quot;M9 7.13v-1a3.003 3.003 0 1 1 6 0v1&quot;
    /&gt;
    &lt;path
      d=&quot;M12 20c-3.3 0-6-2.7-6-6v-3a4 4 0 0 1 4-4h4a4 4 0 0 1 4 4v3c0 3.3-2.7 6-6 6&quot;
    /&gt;
    &lt;path
      d=&quot;M12 20v-9&quot;
    /&gt;
    &lt;path
      d=&quot;M6.53 9C4.6 8.8 3 7.1 3 5&quot;
    /&gt;
    &lt;path
      d=&quot;M6 13H2&quot;
    /&gt;
    &lt;path
      d=&quot;M3 21c0-2.1 1.7-3.9 3.8-4&quot;
    /&gt;
    &lt;path
      d=&quot;M20.97 5c0 2.1-1.6 3.8-3.5 4&quot;
    /&gt;
    &lt;path
      d=&quot;M22 13h-4&quot;
    /&gt;
    &lt;path
      d=&quot;M17.2 17c2.1.1 3.8 1.9 3.8 4&quot;
    /&gt;
  &lt;/svg&gt;
  Error Details (Development Only)
&lt;/summary&gt;

Ignored nodes: comments, script, style
&lt;summary
  style=&quot;cursor: pointer; margin-bottom: 8px; color: rgb(107, 114, 128); font-size: 12px;&quot;
&gt;
  &lt;svg
    aria-hidden=&quot;true&quot;
    class=&quot;lucide lucide-bug&quot;
    fill=&quot;none&quot;
    height=&quot;14&quot;
    stroke=&quot;currentColor&quot;
    stroke-linecap=&quot;round&quot;
    stroke-linejoin=&quot;round&quot;
    stroke-width=&quot;2&quot;
    style=&quot;margin-right: 6px; vertical-align: middle;&quot;
    viewBox=&quot;0 0 24 24&quot;
    width=&quot;14&quot;
    xmlns=&quot;http://www.w3.org/2000/svg&quot;
  &gt;
    &lt;path
      d=&quot;m8 2 1.88 1.88&quot;
    /&gt;
    &lt;path
      d=&quot;M14.12 3.88 16 2&quot;
    /&gt;
    &lt;path
      d=&quot;M9 7.13v-1a3.003 3.003 0 1 1 6 0v1&quot;
    /&gt;
    &lt;path
      d=&quot;M12 20c-3.3 0-6-2.7-6-6v-3a4 4 0 0 1 4-4h4a4 4 0 0 1 4 4v3c0 3.3-2.7 6-6 6&quot;
    /&gt;
    &lt;path
      d=&quot;M12 20v-9&quot;
    /&gt;
    &lt;path
      d=&quot;M6.53 9C4.6 8.8 3 7.1 3 5&quot;
    /&gt;
    &lt;path
      d=&quot;M6 13H2&quot;
    /&gt;
    &lt;path
      d=&quot;M3 21c0-2.1 1.7-3.9 3.8-4&quot;
    /&gt;
    &lt;path
      d=&quot;M20.97 5c0 2.1-1.6 3.8-3.5 4&quot;
    /&gt;
    &lt;path
      d=&quot;M22 13h-4&quot;
    /&gt;
    &lt;path
      d=&quot;M17.2 17c2.1.1 3.8 1.9 3.8 4&quot;
    /&gt;
  &lt;/svg&gt;
  Error Details (Development Only)
&lt;/summary&gt;

Ignored nodes: comments, script, style
&lt;summary
  style=&quot;cursor: pointer; margin-bottom: 8px; color: rgb(107, 114, 128); font-size: 12px;&quot;
&gt;
  &lt;svg
    aria-hidden=&quot;true&quot;
    class=&quot;lucide lucide-bug&quot;
    fill=&quot;none&quot;
    height=&quot;14&quot;
    stroke=&quot;currentColor&quot;
    stroke-linecap=&quot;round&quot;
    stroke-linejoin=&quot;round&quot;
    stroke-width=&quot;2&quot;
    style=&quot;margin-right: 6px; vertical-align: middle;&quot;
    viewBox=&quot;0 0 24 24&quot;
    width=&quot;14&quot;
    xmlns=&quot;http://www.w3.org/2000/svg&quot;
  &gt;
    &lt;path
      d=&quot;m8 2 1.88 1.88&quot;
    /&gt;
    &lt;path
      d=&quot;M14.12 3.88 16 2&quot;
    /&gt;
    &lt;path
      d=&quot;M9 7.13v-1a3.003 3.003 0 1 1 6 0v1&quot;
    /&gt;
    &lt;path
      d=&quot;M12 20c-3.3 0-6-2.7-6-6v-3a4 4 0 0 1 4-4h4a4 4 0 0 1 4 4v3c0 3.3-2.7 6-6 6&quot;
    /&gt;
    &lt;path
      d=&quot;M12 20v-9&quot;
    /&gt;
    &lt;path
      d=&quot;M6.53 9C4.6 8.8 3 7.1 3 5&quot;
    /&gt;
    &lt;path
      d=&quot;M6 13H2&quot;
    /&gt;
    &lt;path
      d=&quot;M3 21c0-2.1 1.7-3.9 3.8-4&quot;
    /&gt;
    &lt;path
      d=&quot;M20.97 5c0 2.1-1.6 3.8-3.5 4&quot;
    /&gt;
    &lt;path
      d=&quot;M22 13h-4&quot;
    /&gt;
    &lt;path
      d=&quot;M17.2 17c2.1.1 3.8 1.9 3.8 4&quot;
    /&gt;
  &lt;/svg&gt;
  Error Details (Development Only)
&lt;/summary&gt;

Ignored nodes: comments, script, style
&lt;summary
  style=&quot;cursor: pointer; margin-bottom: 8px; color: rgb(156, 163, 175); font-size: 12px;&quot;
&gt;
  &lt;svg
    aria-hidden=&quot;true&quot;
    class=&quot;lucide lucide-bug&quot;
    fill=&quot;none&quot;
    height=&quot;14&quot;
    stroke=&quot;currentColor&quot;
    stroke-linecap=&quot;round&quot;
    stroke-linejoin=&quot;round&quot;
    stroke-width=&quot;2&quot;
    style=&quot;margin-right: 6px; vertical-align: middle;&quot;
    viewBox=&quot;0 0 24 24&quot;
    width=&quot;14&quot;
    xmlns=&quot;http://www.w3.org/2000/svg&quot;
  &gt;
    &lt;path
      d=&quot;m8 2 1.88 1.88&quot;
    /&gt;
    &lt;path
      d=&quot;M14.12 3.88 16 2&quot;
    /&gt;
    &lt;path
      d=&quot;M9 7.13v-1a3.003 3.003 0 1 1 6 0v1&quot;
    /&gt;
    &lt;path
      d=&quot;M12 20c-3.3 0-6-2.7-6-6v-3a4 4 0 0 1 4-4h4a4 4 0 0 1 4 4v3c0 3.3-2.7 6-6 6&quot;
    /&gt;
    &lt;path
      d=&quot;M12 20v-9&quot;
    /&gt;
    &lt;path
      d=&quot;M6.53 9C4.6 8.8 3 7.1 3 5&quot;
    /&gt;
    &lt;path
      d=&quot;M6 13H2&quot;
    /&gt;
    &lt;path
      d=&quot;M3 21c0-2.1 1.7-3.9 3.8-4&quot;
    /&gt;
    &lt;path
      d=&quot;M20.97 5c0 2.1-1.6 3.8-3.5 4&quot;
    /&gt;
    &lt;path
      d=&quot;M22 13h-4&quot;
    /&gt;
    &lt;path
      d=&quot;M17.2 17c2.1.1 3.8 1.9 3.8 4&quot;
    /&gt;
  &lt;/svg&gt;
  Error Details (Development Only)
&lt;/summary&gt;

Ignored nodes: comments, script, style
&lt;summary
  style=&quot;cursor: pointer; margin-bottom: 8px; color: rgb(107, 114, 128); font-size: 12px;&quot;
&gt;
  &lt;svg
    aria-hidden=&quot;true&quot;
    class=&quot;lucide lucide-bug&quot;
    fill=&quot;none&quot;
    height=&quot;14&quot;
    stroke=&quot;currentColor&quot;
    stroke-linecap=&quot;round&quot;
    stroke-linejoin=&quot;round&quot;
    stroke-width=&quot;2&quot;
    style=&quot;margin-right: 6px; vertical-align: middle;&quot;
    viewBox=&quot;0 0 24 24&quot;
    width=&quot;14&quot;
    xmlns=&quot;http://www.w3.org/2000/svg&quot;
  &gt;
    &lt;path
      d=&quot;m8 2 1.88 1.88&quot;
    /&gt;
    &lt;path
      d=&quot;M14.12 3.88 16 2&quot;
    /&gt;
    &lt;path
      d=&quot;M9 7.13v-1a3.003 3.003 0 1 1 6 0v1&quot;
    /&gt;
    &lt;path
      d=&quot;M12 20c-3.3 0-6-2.7-6-6v-3a4 4 0 0 1 4-4h4a4 4 0 0 1 4 4v3c0 3.3-2.7 6-6 6&quot;
    /&gt;
    &lt;path
      d=&quot;M12 20v-9&quot;
    /&gt;
    &lt;path
      d=&quot;M6.53 9C4.6 8.8 3 7.1 3 5&quot;
    /&gt;
    &lt;path
      d=&quot;M6 13H2&quot;
    /&gt;
    &lt;path
      d=&quot;M3 21c0-2.1 1.7-3.9 3.8-4&quot;
    /&gt;
    &lt;path
      d=&quot;M20.97 5c0 2.1-1.6 3.8-3.5 4&quot;
    /&gt;
    &lt;path
      d=&quot;M22 13h-4&quot;
    /&gt;
    &lt;path
      d=&quot;M17.2 17c2.1.1 3.8 1.9 3.8 4&quot;
    /&gt;
  &lt;/svg&gt;
  Error Details (Development Only)
&lt;/summary&gt;

Ignored nodes: comments, script, style
&lt;summary
  style=&quot;cursor: pointer; margin-bottom: 8px; color: rgb(107, 114, 128); font-size: 12px;&quot;
&gt;
  &lt;svg
    aria-hidden=&quot;true&quot;
    class=&quot;lucide lucide-bug&quot;
    fill=&quot;none&quot;
    height=&quot;14&quot;
    stroke=&quot;currentColor&quot;
    stroke-linecap=&quot;round&quot;
    stroke-linejoin=&quot;round&quot;
    stroke-width=&quot;2&quot;
    style=&quot;margin-right: 6px; vertical-align: middle;&quot;
    viewBox=&quot;0 0 24 24&quot;
    width=&quot;14&quot;
    xmlns=&quot;http://www.w3.org/2000/svg&quot;
  &gt;
    &lt;path
      d=&quot;m8 2 1.88 1.88&quot;
    /&gt;
    &lt;path
      d=&quot;M14.12 3.88 16 2&quot;
    /&gt;
    &lt;path
      d=&quot;M9 7.13v-1a3.003 3.003 0 1 1 6 0v1&quot;
    /&gt;
    &lt;path
      d=&quot;M12 20c-3.3 0-6-2.7-6-6v-3a4 4 0 0 1 4-4h4a4 4 0 0 1 4 4v3c0 3.3-2.7 6-6 6&quot;
    /&gt;
    &lt;path
      d=&quot;M12 20v-9&quot;
    /&gt;
    &lt;path
      d=&quot;M6.53 9C4.6 8.8 3 7.1 3 5&quot;
    /&gt;
    &lt;path
      d=&quot;M6 13H2&quot;
    /&gt;
    &lt;path
      d=&quot;M3 21c0-2.1 1.7-3.9 3.8-4&quot;
    /&gt;
    &lt;path
      d=&quot;M20.97 5c0 2.1-1.6 3.8-3.5 4&quot;
    /&gt;
    &lt;path
      d=&quot;M22 13h-4&quot;
    /&gt;
    &lt;path
      d=&quot;M17.2 17c2.1.1 3.8 1.9 3.8 4&quot;
    /&gt;
  &lt;/svg&gt;
  Error Details (Development Only)
&lt;/summary&gt;

Ignored nodes: comments, script, style
&lt;summary
  style=&quot;cursor: pointer; margin-bottom: 8px; color: rgb(107, 114, 128); font-size: 12px;&quot;
&gt;
  &lt;svg
    aria-hidden=&quot;true&quot;
    class=&quot;lucide lucide-bug&quot;
    fill=&quot;none&quot;
    height=&quot;14&quot;
    stroke=&quot;currentColor&quot;
    stroke-linecap=&quot;round&quot;
    stroke-linejoin=&quot;round&quot;
    stroke-width=&quot;2&quot;
    style=&quot;margin-right: 6px; vertical-align: middle;&quot;
    viewBox=&quot;0 0 24 24&quot;
    width=&quot;14&quot;
    xmlns=&quot;http://www.w3.org/2000/svg&quot;
  &gt;
    &lt;path
      d=&quot;m8 2 1.88 1.88&quot;
    /&gt;
    &lt;path
      d=&quot;M14.12 3.88 16 2&quot;
    /&gt;
    &lt;path
      d=&quot;M9 7.13v-1a3.003 3.003 0 1 1 6 0v1&quot;
    /&gt;
    &lt;path
      d=&quot;M12 20c-3.3 0-6-2.7-6-6v-3a4 4 0 0 1 4-4h4a4 4 0 0 1 4 4v3c0 3.3-2.7 6-6 6&quot;
    /&gt;
    &lt;path
      d=&quot;M12 20v-9&quot;
    /&gt;
    &lt;path
      d=&quot;M6.53 9C4.6 8.8 3 7.1 3 5&quot;
    /&gt;
    &lt;path
      d=&quot;M6 13H2&quot;
    /&gt;
    &lt;path
      d=&quot;M3 21c0-2.1 1.7-3.9 3.8-4&quot;
    /&gt;
    &lt;path
      d=&quot;M20.97 5c0 2.1-1.6 3.8-3.5 4&quot;
    /&gt;
    &lt;path
      d=&quot;M22 13h-4&quot;
    /&gt;
    &lt;path
      d=&quot;M17.2 17c2.1.1 3.8 1.9 3.8 4&quot;
    /&gt;
  &lt;/svg&gt;
  Error Details (Development Only)
&lt;/summary&gt;

(If this is intentional, then use the `*AllBy*` variant of the query (like `queryAllByText`, `getAllByText`, or `findAllByText`)).

Ignored nodes: comments, script, style
&lt;body&gt;
  &lt;div&gt;
    &lt;div
      data-testid=&quot;test-content&quot;
    &gt;
      Test content
    &lt;/div&gt;
  &lt;/div&gt;
  &lt;div&gt;
    &lt;div
      style=&quot;min-height: 400px; background: rgb(245, 245, 245); display: flex; align-items: center; justify-content: center; padding: 32px; border-radius: 8px;&quot;
    &gt;
      &lt;div
        style=&quot;max-width: 600px; width: 100%; text-align: center; background: rgba(255, 255, 255, 0.9); border-radius: 16px; padding: 32px; border: 1px solid rgb(229, 231, 235); box-shadow: 0 4px 6px rgba(0, 0, 0, 0.1);&quot;
      &gt;
        &lt;svg
          aria-hidden=&quot;true&quot;
          class=&quot;lucide lucide-circle-alert&quot;
          fill=&quot;none&quot;
          height=&quot;48&quot;
          stroke=&quot;currentColor&quot;
          stroke-linecap=&quot;round&quot;
          stroke-linejoin=&quot;round&quot;
          stroke-width=&quot;2&quot;
          style=&quot;color: rgb(239, 68, 68); margin-bottom: 16px;&quot;
          viewBox=&quot;0 0 24 24&quot;
          width=&quot;48&quot;
          xmlns=&quot;http://www.w3.org/2000/svg&quot;
        &gt;
          &lt;circle
            cx=&quot;12&quot;
            cy=&quot;12&quot;
            r=&quot;10&quot;
          /&gt;
          &lt;line
            x1=&quot;12&quot;
            x2=&quot;12&quot;
            y1=&quot;8&quot;
            y2=&quot;12&quot;
          /&gt;
          &lt;line
            x1=&quot;12&quot;
            x2=&quot;12.01&quot;
            y1=&quot;16&quot;
            y2=&quot;16&quot;
          /&gt;
        &lt;/svg&gt;
        &lt;h3
          style=&quot;font-size: 20px; font-weight: bold; margin-bottom: 8px; color: rgb(31, 41, 55);&quot;
        &gt;
          Network Connection Issue
        &lt;/h3&gt;
        &lt;p
          style=&quot;font-size: 14px; margin-bottom: 20px; color: rgb(107, 114, 128); line-height: 1.5;&quot;
        &gt;
          Check your internet connection and try again. If the problem persists, contact your network administrator.
        &lt;/p&gt;
        &lt;details
          style=&quot;text-align: left; margin-bottom: 20px; background: rgba(0, 0, 0, 0.05); padding: 12px; border-radius: 6px; font-size: 12px;&quot;
        &gt;
          &lt;summary
            style=&quot;cursor: pointer; margin-bottom: 8px; color: rgb(107, 114, 128); font-size: 12px;&quot;
          &gt;
            &lt;svg
              aria-hidden=&quot;true&quot;
              class=&quot;lucide lucide-bug&quot;
              fill=&quot;none&quot;
              height=&quot;14&quot;
              stroke=&quot;currentColor&quot;
              stroke-linecap=&quot;round&quot;
              stroke-linejoin=&quot;round&quot;
              stroke-width=&quot;2&quot;
              style=&quot;margin-right: 6px; vertical-align: middle;&quot;
              viewBox=&quot;0 0 24 24&quot;
              width=&quot;14&quot;
              xmlns=&quot;http://www.w3.org/2000/svg&quot;
            &gt;
              &lt;path
                d=&quot;m8 2 1.88 1.88&quot;
              /&gt;
              &lt;path
                d=&quot;M14.12 3.88 16 2&quot;
              /&gt;
              &lt;path
                d=&quot;M9 7.13v-1a3.003 3.003 0 1 1 6 0v1&quot;
              /&gt;
              &lt;path
                d=&quot;M12 20c-3.3 0-6-2.7-6-6v-3a4 4 0 0 1 4-4h4a4 4 0 0 1 4 4v3c0 3.3-2.7 6-6 6&quot;
              /&gt;
              &lt;path
                d=&quot;M12 20v-9&quot;
              /&gt;
              &lt;path
                d=&quot;M6.53 9C4.6 8.8 3 7.1 3 5&quot;
              /&gt;
              &lt;path
                d=&quot;M6 13H2&quot;
              /&gt;
              &lt;path
                d=&quot;M3 21c0-2.1 1.7-3.9 3.8-4&quot;
              /&gt;
              &lt;path
                d=&quot;M20.97 5c0 2.1-1.6 3.8-3.5 4&quot;
              /&gt;
              &lt;path
                d=&quot;M22 13h-4&quot;
              /&gt;
              &lt;path
                d=&quot;M17.2 17c2.1.1 3.8 1.9 3.8 4&quot;
              /&gt;
            &lt;/svg&gt;
            Error Details (Development Only)
          &lt;/summary&gt;
          &lt;div
            style=&quot;font-family: monospace; color: rgb(75, 85, 99); word-break: break-word;&quot;
          &gt;
            &lt;strong&gt;
              Type:
            &lt;/strong&gt;
             
            NETWORK
            &lt;br /&gt;
            &lt;strong&gt;
              Code:
            &lt;/strong&gt;
             
            NETWORK_ERROR
            &lt;br /&gt;
            &lt;strong&gt;
              Message:
            &lt;/strong&gt;
             
            Test error message
            &lt;br /&gt;
            &lt;strong&gt;
              Stack:
            &lt;/strong&gt;
            &lt;pre
              style=&quot;white-space: pre-wrap; word-break: break-word; margin: 4px 0px 0px 0px; font-size: 10px;&quot;
            &gt;
              AppError: Test error message
    at ThrowErrorComponent (/home/ilya/projects/SimpleAdminReporter/frontend/src/components/query/__tests__/QueryPreviewErrorBoundary.test.tsx:59:19)
    at Object.react_stack_bottom_frame (/home/ilya/projects/SimpleAdminReporter/frontend/node_modules/react-dom/cjs/react-dom-client.development.js:23863:20)
    at renderWithHooks (/home/ilya/projects/SimpleAdminReporter/frontend/node_modules/react-dom/cjs/react-dom-client.development.js:5529:22)
    at updateFunctionComponent (/home/ilya/projects/SimpleAdminReporter/frontend/node_modules/react-dom/cjs/react-dom-client.development.js:8897:19)
    at beginWork (/home/ilya/projects/SimpleAdminReporter/frontend/node_modules/react-dom/cjs/react-dom-client.development.js:10522:18)
    at runWithFiberInDEV (/home/ilya/projects/SimpleAdminReporter/frontend/node_modules/react-dom/cjs/react-dom-client.development.js:1522:13...
 ❯ ThrowErrorComponent src/components/query/__tests__/QueryPreviewErrorBoundary.test.tsx:59:19
 ❯ Object.react_stack_bottom_frame node_modules/react-dom/cjs/react-dom-client.development.js:23863:20
 ❯ renderWithHooks node_modules/react-dom/cjs/react-dom-client.development.js:5529:22
 ❯ updateFunctionComponent node_modules/react-dom/cjs/react-dom-client.development.js:8897:19
 ❯ beginWork node_modules/react-dom/cjs/react-dom-client.development.js:10522:18
 ❯ Object.getElementError node_modules/@testing-library/dom/dist/config.js:37:19
 ❯ getElementError node_modules/@testing-library/dom/dist/query-helpers.js:20:35
 ❯ getMultipleElementsFoundError node_modules/@testing-library/dom/dist/query-helpers.js:23:10
 ❯ node_modules/@testing-library/dom/dist/query-helpers.js:55:13
 ❯ node_modules/@testing-library/dom/dist/query-helpers.js:95:19
 ❯ src/components/query/__tests__/QueryPreviewErrorBoundary.test.tsx:581:21
            </failure>
            <failure message="Cannot delete property &apos;gtag&apos; of #&lt;Object&gt;" type="TypeError">
TypeError: Cannot delete property &apos;gtag&apos; of #&lt;Object&gt;
 ❯ src/components/query/__tests__/QueryPreviewErrorBoundary.test.tsx:49:3
            </failure>
        </testcase>
        <testcase classname="src/components/query/__tests__/QueryPreviewErrorBoundary.test.tsx" name="QueryPreviewErrorBoundary &gt; Component Lifecycle &gt; clears timeout on unmount" time="0.1020886">
            <failure message="Found multiple elements with the text: Try Again

Here are the matching elements:

Ignored nodes: comments, script, style
[36m&lt;span&gt;[39m
  [0mTry Again[0m
[36m&lt;/span&gt;[39m

Ignored nodes: comments, script, style
[36m&lt;span&gt;[39m
  [0mTry Again[0m
[36m&lt;/span&gt;[39m

Ignored nodes: comments, script, style
[36m&lt;span&gt;[39m
  [0mTry Again[0m
[36m&lt;/span&gt;[39m

Ignored nodes: comments, script, style
[36m&lt;span&gt;[39m
  [0mTry Again[0m
[36m&lt;/span&gt;[39m

Ignored nodes: comments, script, style
[36m&lt;span&gt;[39m
  [0mTry Again[0m
[36m&lt;/span&gt;[39m

Ignored nodes: comments, script, style
[36m&lt;span&gt;[39m
  [0mTry Again[0m
[36m&lt;/span&gt;[39m

Ignored nodes: comments, script, style
[36m&lt;span&gt;[39m
  [0mTry Again[0m
[36m&lt;/span&gt;[39m

Ignored nodes: comments, script, style
[36m&lt;span&gt;[39m
  [0mTry Again[0m
[36m&lt;/span&gt;[39m

Ignored nodes: comments, script, style
[36m&lt;span&gt;[39m
  [0mTry Again[0m
[36m&lt;/span&gt;[39m

Ignored nodes: comments, script, style
[36m&lt;span&gt;[39m
  [0mTry Again[0m
[36m&lt;/span&gt;[39m

Ignored nodes: comments, script, style
[36m&lt;span&gt;[39m
  [0mTry Again[0m
[36m&lt;/span&gt;[39m

Ignored nodes: comments, script, style
[36m&lt;span&gt;[39m
  [0mTry Again[0m
[36m&lt;/span&gt;[39m

Ignored nodes: comments, script, style
[36m&lt;span&gt;[39m
  [0mTry Again[0m
[36m&lt;/span&gt;[39m

Ignored nodes: comments, script, style
[36m&lt;span&gt;[39m
  [0mTry Again[0m
[36m&lt;/span&gt;[39m

Ignored nodes: comments, script, style
[36m&lt;span&gt;[39m
  [0mTry Again[0m
[36m&lt;/span&gt;[39m

Ignored nodes: comments, script, style
[36m&lt;span&gt;[39m
  [0mTry Again[0m
[36m&lt;/span&gt;[39m

Ignored nodes: comments, script, style
[36m&lt;span&gt;[39m
  [0mTry Again[0m
[36m&lt;/span&gt;[39m

Ignored nodes: comments, script, style
[36m&lt;span&gt;[39m
  [0mTry Again[0m
[36m&lt;/span&gt;[39m

Ignored nodes: comments, script, style
[36m&lt;span&gt;[39m
  [0mTry Again[0m
[36m&lt;/span&gt;[39m

Ignored nodes: comments, script, style
[36m&lt;span&gt;[39m
  [0mTry Again[0m
[36m&lt;/span&gt;[39m

Ignored nodes: comments, script, style
[36m&lt;span&gt;[39m
  [0mTry Again[0m
[36m&lt;/span&gt;[39m

Ignored nodes: comments, script, style
[36m&lt;span&gt;[39m
  [0mTry Again[0m
[36m&lt;/span&gt;[39m

Ignored nodes: comments, script, style
[36m&lt;span&gt;[39m
  [0mTry Again[0m
[36m&lt;/span&gt;[39m

Ignored nodes: comments, script, style
[36m&lt;span&gt;[39m
  [0mTry Again[0m
[36m&lt;/span&gt;[39m

(If this is intentional, then use the `*AllBy*` variant of the query (like `queryAllByText`, `getAllByText`, or `findAllByText`)).

Ignored nodes: comments, script, style
[36m&lt;body&gt;[39m
  [36m&lt;div&gt;[39m
    [36m&lt;div[39m
      [33mdata-testid[39m=[32m&quot;test-content&quot;[39m
    [36m&gt;[39m
      [0mTest content[0m
    [36m&lt;/div&gt;[39m
  [36m&lt;/div&gt;[39m
  [36m&lt;div&gt;[39m
    [36m&lt;div[39m
      [33mstyle[39m=[32m&quot;min-height: 400px; background: rgb(245, 245, 245); display: flex; align-items: center; justify-content: center; padding: 32px; border-radius: 8px;&quot;[39m
    [36m&gt;[39m
      [36m&lt;div[39m
        [33mstyle[39m=[32m&quot;max-width: 600px; width: 100%; text-align: center; background: rgba(255, 255, 255, 0.9); border-radius: 16px; padding: 32px; border: 1px solid rgb(229, 231, 235); box-shadow: 0 4px 6px rgba(0, 0, 0, 0.1);&quot;[39m
      [36m&gt;[39m
        [36m&lt;svg[39m
          [33maria-hidden[39m=[32m&quot;true&quot;[39m
          [33mclass[39m=[32m&quot;lucide lucide-circle-alert&quot;[39m
          [33mfill[39m=[32m&quot;none&quot;[39m
          [33mheight[39m=[32m&quot;48&quot;[39m
          [33mstroke[39m=[32m&quot;currentColor&quot;[39m
          [33mstroke-linecap[39m=[32m&quot;round&quot;[39m
          [33mstroke-linejoin[39m=[32m&quot;round&quot;[39m
          [33mstroke-width[39m=[32m&quot;2&quot;[39m
          [33mstyle[39m=[32m&quot;color: rgb(239, 68, 68); margin-bottom: 16px;&quot;[39m
          [33mviewBox[39m=[32m&quot;0 0 24 24&quot;[39m
          [33mwidth[39m=[32m&quot;48&quot;[39m
          [33mxmlns[39m=[32m&quot;http://www.w3.org/2000/svg&quot;[39m
        [36m&gt;[39m
          [36m&lt;circle[39m
            [33mcx[39m=[32m&quot;12&quot;[39m
            [33mcy[39m=[32m&quot;12&quot;[39m
            [33mr[39m=[32m&quot;10&quot;[39m
          [36m/&gt;[39m
          [36m&lt;line[39m
            [33mx1[39m=[32m&quot;12&quot;[39m
            [33mx2[39m=[32m&quot;12&quot;[39m
            [33my1[39m=[32m&quot;8&quot;[39m
            [33my2[39m=[32m&quot;12&quot;[39m
          [36m/&gt;[39m
          [36m&lt;line[39m
            [33mx1[39m=[32m&quot;12&quot;[39m
            [33mx2[39m=[32m&quot;12.01&quot;[39m
            [33my1[39m=[32m&quot;16&quot;[39m
            [33my2[39m=[32m&quot;16&quot;[39m
          [36m/&gt;[39m
        [36m&lt;/svg&gt;[39m
        [36m&lt;h3[39m
          [33mstyle[39m=[32m&quot;font-size: 20px; font-weight: bold; margin-bottom: 8px; color: rgb(31, 41, 55);&quot;[39m
        [36m&gt;[39m
          [0mNetwork Connection Issue[0m
        [36m&lt;/h3&gt;[39m
        [36m&lt;p[39m
          [33mstyle[39m=[32m&quot;font-size: 14px; margin-bottom: 20px; color: rgb(107, 114, 128); line-height: 1.5;&quot;[39m
        [36m&gt;[39m
          [0mCheck your internet connection and try again. If the problem persists, contact your network administrator.[0m
        [36m&lt;/p&gt;[39m
        [36m&lt;details[39m
          [33mstyle[39m=[32m&quot;text-align: left; margin-bottom: 20px; background: rgba(0, 0, 0, 0.05); padding: 12px; border-radius: 6px; font-size: 12px;&quot;[39m
        [36m&gt;[39m
          [36m&lt;summary[39m
            [33mstyle[39m=[32m&quot;cursor: pointer; margin-bottom: 8px; color: rgb(107, 114, 128); font-size: 12px;&quot;[39m
          [36m&gt;[39m
            [36m&lt;svg[39m
              [33maria-hidden[39m=[32m&quot;true&quot;[39m
              [33mclass[39m=[32m&quot;lucide lucide-bug&quot;[39m
              [33mfill[39m=[32m&quot;none&quot;[39m
              [33mheight[39m=[32m&quot;14&quot;[39m
              [33mstroke[39m=[32m&quot;currentColor&quot;[39m
              [33mstroke-linecap[39m=[32m&quot;round&quot;[39m
              [33mstroke-linejoin[39m=[32m&quot;round&quot;[39m
              [33mstroke-width[39m=[32m&quot;2&quot;[39m
              [33mstyle[39m=[32m&quot;margin-right: 6px; vertical-align: middle;&quot;[39m
              [33mviewBox[39m=[32m&quot;0 0 24 24&quot;[39m
              [33mwidth[39m=[32m&quot;14&quot;[39m
              [33mxmlns[39m=[32m&quot;http://www.w3.org/2000/svg&quot;[39m
            [36m&gt;[39m
              [36m&lt;path[39m
                [33md[39m=[32m&quot;m8 2 1.88 1.88&quot;[39m
              [36m/&gt;[39m
              [36m&lt;path[39m
                [33md[39m=[32m&quot;M14.12 3.88 16 2&quot;[39m
              [36m/&gt;[39m
              [36m&lt;path[39m
                [33md[39m=[32m&quot;M9 7.13v-1a3.003 3.003 0 1 1 6 0v1&quot;[39m
              [36m/&gt;[39m
              [36m&lt;path[39m
                [33md[39m=[32m&quot;M12 20c-3.3 0-6-2.7-6-6v-3a4 4 0 0 1 4-4h4a4 4 0 0 1 4 4v3c0 3.3-2.7 6-6 6&quot;[39m
              [36m/&gt;[39m
              [36m&lt;path[39m
                [33md[39m=[32m&quot;M12 20v-9&quot;[39m
              [36m/&gt;[39m
              [36m&lt;path[39m
                [33md[39m=[32m&quot;M6.53 9C4.6 8.8 3 7.1 3 5&quot;[39m
              [36m/&gt;[39m
              [36m&lt;path[39m
                [33md[39m=[32m&quot;M6 13H2&quot;[39m
              [36m/&gt;[39m
              [36m&lt;path[39m
                [33md[39m=[32m&quot;M3 21c0-2.1 1.7-3.9 3.8-4&quot;[39m
              [36m/&gt;[39m
              [36m&lt;path[39m
                [33md[39m=[32m&quot;M20.97 5c0 2.1-1.6 3.8-3.5 4&quot;[39m
              [36m/&gt;[39m
              [36m&lt;path[39m
                [33md[39m=[32m&quot;M22 13h-4&quot;[39m
              [36m/&gt;[39m
              [36m&lt;path[39m
                [33md[39m=[32m&quot;M17.2 17c2.1.1 3.8 1.9 3.8 4&quot;[39m
              [36m/&gt;[39m
            [36m&lt;/svg&gt;[39m
            [0mError Details (Development Only)[0m
          [36m&lt;/summary&gt;[39m
          [36m&lt;div[39m
            [33mstyle[39m=[32m&quot;font-family: monospace; color: rgb(75, 85, 99); word-break: break-word;&quot;[39m
          [36m&gt;[39m
            [36m&lt;strong&gt;[39m
              [0mType:[0m
            [36m&lt;/strong&gt;[39m
            [0m [0m
            [0mNETWORK[0m
            [36m&lt;br /&gt;[39m
            [36m&lt;strong&gt;[39m
              [0mCode:[0m
            [36m&lt;/strong&gt;[39m
            [0m [0m
            [0mNETWORK_ERROR[0m
            [36m&lt;br /&gt;[39m
            [36m&lt;strong&gt;[39m
              [0mMessage:[0m
            [36m&lt;/strong&gt;[39m
            [0m [0m
            [0mTest error message[0m
            [36m&lt;br /&gt;[39m
            [36m&lt;strong&gt;[39m
              [0mStack:[0m
            [36m&lt;/strong&gt;[39m
            [36m&lt;pre[39m
              [33mstyle[39m=[32m&quot;white-space: pre-wrap; word-break: break-word; margin: 4px 0px 0px 0px; font-size: 10px;&quot;[39m
            [36m&gt;[39m
              [0mAppError: Test error message
    at ThrowErrorComponent (/home/ilya/projects/SimpleAdminReporter/frontend/src/components/query/__tests__/QueryPreviewErrorBoundary.test.tsx:59:19)
    at Object.react_stack_bottom_frame (/home/ilya/projects/SimpleAdminReporter/frontend/node_modules/react-dom/cjs/react-dom-client.development.js:23863:20)
    at renderWithHooks (/home/ilya/projects/SimpleAdminReporter/frontend/node_modules/react-dom/cjs/react-dom-client.development.js:5529:22)
    at updateFunctionComponent (/home/ilya/projects/SimpleAdminReporter/frontend/node_modules/react-dom/cjs/react-dom-client.development.js:8897:19)
    at beginWork (/home/ilya/projects/SimpleAdminReporter/frontend/node_modules/react-dom/cjs/react-dom-client.development.js:10522:18)
    at runWithFiberInDEV (/home/ilya/projects/SimpleAdminReporter/frontend/node_modules/react-dom/cjs/react-dom-client.development.js:1522:13..." type="TestingLibraryElementError">
TestingLibraryElementError: Found multiple elements with the text: Try Again

Here are the matching elements:

Ignored nodes: comments, script, style
&lt;span&gt;
  Try Again
&lt;/span&gt;

Ignored nodes: comments, script, style
&lt;span&gt;
  Try Again
&lt;/span&gt;

Ignored nodes: comments, script, style
&lt;span&gt;
  Try Again
&lt;/span&gt;

Ignored nodes: comments, script, style
&lt;span&gt;
  Try Again
&lt;/span&gt;

Ignored nodes: comments, script, style
&lt;span&gt;
  Try Again
&lt;/span&gt;

Ignored nodes: comments, script, style
&lt;span&gt;
  Try Again
&lt;/span&gt;

Ignored nodes: comments, script, style
&lt;span&gt;
  Try Again
&lt;/span&gt;

Ignored nodes: comments, script, style
&lt;span&gt;
  Try Again
&lt;/span&gt;

Ignored nodes: comments, script, style
&lt;span&gt;
  Try Again
&lt;/span&gt;

Ignored nodes: comments, script, style
&lt;span&gt;
  Try Again
&lt;/span&gt;

Ignored nodes: comments, script, style
&lt;span&gt;
  Try Again
&lt;/span&gt;

Ignored nodes: comments, script, style
&lt;span&gt;
  Try Again
&lt;/span&gt;

Ignored nodes: comments, script, style
&lt;span&gt;
  Try Again
&lt;/span&gt;

Ignored nodes: comments, script, style
&lt;span&gt;
  Try Again
&lt;/span&gt;

Ignored nodes: comments, script, style
&lt;span&gt;
  Try Again
&lt;/span&gt;

Ignored nodes: comments, script, style
&lt;span&gt;
  Try Again
&lt;/span&gt;

Ignored nodes: comments, script, style
&lt;span&gt;
  Try Again
&lt;/span&gt;

Ignored nodes: comments, script, style
&lt;span&gt;
  Try Again
&lt;/span&gt;

Ignored nodes: comments, script, style
&lt;span&gt;
  Try Again
&lt;/span&gt;

Ignored nodes: comments, script, style
&lt;span&gt;
  Try Again
&lt;/span&gt;

Ignored nodes: comments, script, style
&lt;span&gt;
  Try Again
&lt;/span&gt;

Ignored nodes: comments, script, style
&lt;span&gt;
  Try Again
&lt;/span&gt;

Ignored nodes: comments, script, style
&lt;span&gt;
  Try Again
&lt;/span&gt;

Ignored nodes: comments, script, style
&lt;span&gt;
  Try Again
&lt;/span&gt;

(If this is intentional, then use the `*AllBy*` variant of the query (like `queryAllByText`, `getAllByText`, or `findAllByText`)).

Ignored nodes: comments, script, style
&lt;body&gt;
  &lt;div&gt;
    &lt;div
      data-testid=&quot;test-content&quot;
    &gt;
      Test content
    &lt;/div&gt;
  &lt;/div&gt;
  &lt;div&gt;
    &lt;div
      style=&quot;min-height: 400px; background: rgb(245, 245, 245); display: flex; align-items: center; justify-content: center; padding: 32px; border-radius: 8px;&quot;
    &gt;
      &lt;div
        style=&quot;max-width: 600px; width: 100%; text-align: center; background: rgba(255, 255, 255, 0.9); border-radius: 16px; padding: 32px; border: 1px solid rgb(229, 231, 235); box-shadow: 0 4px 6px rgba(0, 0, 0, 0.1);&quot;
      &gt;
        &lt;svg
          aria-hidden=&quot;true&quot;
          class=&quot;lucide lucide-circle-alert&quot;
          fill=&quot;none&quot;
          height=&quot;48&quot;
          stroke=&quot;currentColor&quot;
          stroke-linecap=&quot;round&quot;
          stroke-linejoin=&quot;round&quot;
          stroke-width=&quot;2&quot;
          style=&quot;color: rgb(239, 68, 68); margin-bottom: 16px;&quot;
          viewBox=&quot;0 0 24 24&quot;
          width=&quot;48&quot;
          xmlns=&quot;http://www.w3.org/2000/svg&quot;
        &gt;
          &lt;circle
            cx=&quot;12&quot;
            cy=&quot;12&quot;
            r=&quot;10&quot;
          /&gt;
          &lt;line
            x1=&quot;12&quot;
            x2=&quot;12&quot;
            y1=&quot;8&quot;
            y2=&quot;12&quot;
          /&gt;
          &lt;line
            x1=&quot;12&quot;
            x2=&quot;12.01&quot;
            y1=&quot;16&quot;
            y2=&quot;16&quot;
          /&gt;
        &lt;/svg&gt;
        &lt;h3
          style=&quot;font-size: 20px; font-weight: bold; margin-bottom: 8px; color: rgb(31, 41, 55);&quot;
        &gt;
          Network Connection Issue
        &lt;/h3&gt;
        &lt;p
          style=&quot;font-size: 14px; margin-bottom: 20px; color: rgb(107, 114, 128); line-height: 1.5;&quot;
        &gt;
          Check your internet connection and try again. If the problem persists, contact your network administrator.
        &lt;/p&gt;
        &lt;details
          style=&quot;text-align: left; margin-bottom: 20px; background: rgba(0, 0, 0, 0.05); padding: 12px; border-radius: 6px; font-size: 12px;&quot;
        &gt;
          &lt;summary
            style=&quot;cursor: pointer; margin-bottom: 8px; color: rgb(107, 114, 128); font-size: 12px;&quot;
          &gt;
            &lt;svg
              aria-hidden=&quot;true&quot;
              class=&quot;lucide lucide-bug&quot;
              fill=&quot;none&quot;
              height=&quot;14&quot;
              stroke=&quot;currentColor&quot;
              stroke-linecap=&quot;round&quot;
              stroke-linejoin=&quot;round&quot;
              stroke-width=&quot;2&quot;
              style=&quot;margin-right: 6px; vertical-align: middle;&quot;
              viewBox=&quot;0 0 24 24&quot;
              width=&quot;14&quot;
              xmlns=&quot;http://www.w3.org/2000/svg&quot;
            &gt;
              &lt;path
                d=&quot;m8 2 1.88 1.88&quot;
              /&gt;
              &lt;path
                d=&quot;M14.12 3.88 16 2&quot;
              /&gt;
              &lt;path
                d=&quot;M9 7.13v-1a3.003 3.003 0 1 1 6 0v1&quot;
              /&gt;
              &lt;path
                d=&quot;M12 20c-3.3 0-6-2.7-6-6v-3a4 4 0 0 1 4-4h4a4 4 0 0 1 4 4v3c0 3.3-2.7 6-6 6&quot;
              /&gt;
              &lt;path
                d=&quot;M12 20v-9&quot;
              /&gt;
              &lt;path
                d=&quot;M6.53 9C4.6 8.8 3 7.1 3 5&quot;
              /&gt;
              &lt;path
                d=&quot;M6 13H2&quot;
              /&gt;
              &lt;path
                d=&quot;M3 21c0-2.1 1.7-3.9 3.8-4&quot;
              /&gt;
              &lt;path
                d=&quot;M20.97 5c0 2.1-1.6 3.8-3.5 4&quot;
              /&gt;
              &lt;path
                d=&quot;M22 13h-4&quot;
              /&gt;
              &lt;path
                d=&quot;M17.2 17c2.1.1 3.8 1.9 3.8 4&quot;
              /&gt;
            &lt;/svg&gt;
            Error Details (Development Only)
          &lt;/summary&gt;
          &lt;div
            style=&quot;font-family: monospace; color: rgb(75, 85, 99); word-break: break-word;&quot;
          &gt;
            &lt;strong&gt;
              Type:
            &lt;/strong&gt;
             
            NETWORK
            &lt;br /&gt;
            &lt;strong&gt;
              Code:
            &lt;/strong&gt;
             
            NETWORK_ERROR
            &lt;br /&gt;
            &lt;strong&gt;
              Message:
            &lt;/strong&gt;
             
            Test error message
            &lt;br /&gt;
            &lt;strong&gt;
              Stack:
            &lt;/strong&gt;
            &lt;pre
              style=&quot;white-space: pre-wrap; word-break: break-word; margin: 4px 0px 0px 0px; font-size: 10px;&quot;
            &gt;
              AppError: Test error message
    at ThrowErrorComponent (/home/ilya/projects/SimpleAdminReporter/frontend/src/components/query/__tests__/QueryPreviewErrorBoundary.test.tsx:59:19)
    at Object.react_stack_bottom_frame (/home/ilya/projects/SimpleAdminReporter/frontend/node_modules/react-dom/cjs/react-dom-client.development.js:23863:20)
    at renderWithHooks (/home/ilya/projects/SimpleAdminReporter/frontend/node_modules/react-dom/cjs/react-dom-client.development.js:5529:22)
    at updateFunctionComponent (/home/ilya/projects/SimpleAdminReporter/frontend/node_modules/react-dom/cjs/react-dom-client.development.js:8897:19)
    at beginWork (/home/ilya/projects/SimpleAdminReporter/frontend/node_modules/react-dom/cjs/react-dom-client.development.js:10522:18)
    at runWithFiberInDEV (/home/ilya/projects/SimpleAdminReporter/frontend/node_modules/react-dom/cjs/react-dom-client.development.js:1522:13...
 ❯ ThrowErrorComponent src/components/query/__tests__/QueryPreviewErrorBoundary.test.tsx:59:19
 ❯ Object.react_stack_bottom_frame node_modules/react-dom/cjs/react-dom-client.development.js:23863:20
 ❯ renderWithHooks node_modules/react-dom/cjs/react-dom-client.development.js:5529:22
 ❯ updateFunctionComponent node_modules/react-dom/cjs/react-dom-client.development.js:8897:19
 ❯ beginWork node_modules/react-dom/cjs/react-dom-client.development.js:10522:18
 ❯ Object.getElementError node_modules/@testing-library/dom/dist/config.js:37:19
 ❯ getElementError node_modules/@testing-library/dom/dist/query-helpers.js:20:35
 ❯ getMultipleElementsFoundError node_modules/@testing-library/dom/dist/query-helpers.js:23:10
 ❯ node_modules/@testing-library/dom/dist/query-helpers.js:55:13
 ❯ node_modules/@testing-library/dom/dist/query-helpers.js:95:19
 ❯ src/components/query/__tests__/QueryPreviewErrorBoundary.test.tsx:607:34
            </failure>
            <failure message="Cannot delete property &apos;gtag&apos; of #&lt;Object&gt;" type="TypeError">
TypeError: Cannot delete property &apos;gtag&apos; of #&lt;Object&gt;
 ❯ src/components/query/__tests__/QueryPreviewErrorBoundary.test.tsx:49:3
            </failure>
        </testcase>
        <testcase classname="src/components/query/__tests__/QueryPreviewErrorBoundary.test.tsx" name="QueryPreviewErrorBoundary &gt; Component Lifecycle &gt; handles rapid successive errors correctly" time="0.086340305">
            <failure message="Found multiple elements with the text: Network Connection Issue

Here are the matching elements:

Ignored nodes: comments, script, style
[36m&lt;h3[39m
  [33mstyle[39m=[32m&quot;font-size: 20px; font-weight: bold; margin-bottom: 8px; color: rgb(31, 41, 55);&quot;[39m
[36m&gt;[39m
  [0mNetwork Connection Issue[0m
[36m&lt;/h3&gt;[39m

Ignored nodes: comments, script, style
[36m&lt;h3[39m
  [33mstyle[39m=[32m&quot;font-size: 20px; font-weight: bold; margin-bottom: 8px; color: rgb(31, 41, 55);&quot;[39m
[36m&gt;[39m
  [0mNetwork Connection Issue[0m
[36m&lt;/h3&gt;[39m

Ignored nodes: comments, script, style
[36m&lt;h3[39m
  [33mstyle[39m=[32m&quot;font-size: 20px; font-weight: bold; margin-bottom: 8px; color: rgb(31, 41, 55);&quot;[39m
[36m&gt;[39m
  [0mNetwork Connection Issue[0m
[36m&lt;/h3&gt;[39m

Ignored nodes: comments, script, style
[36m&lt;h3[39m
  [33mstyle[39m=[32m&quot;font-size: 20px; font-weight: bold; margin-bottom: 8px; color: rgb(31, 41, 55);&quot;[39m
[36m&gt;[39m
  [0mNetwork Connection Issue[0m
[36m&lt;/h3&gt;[39m

Ignored nodes: comments, script, style
[36m&lt;h3[39m
  [33mstyle[39m=[32m&quot;font-size: 20px; font-weight: bold; margin-bottom: 8px; color: rgb(31, 41, 55);&quot;[39m
[36m&gt;[39m
  [0mNetwork Connection Issue[0m
[36m&lt;/h3&gt;[39m

Ignored nodes: comments, script, style
[36m&lt;h3[39m
  [33mstyle[39m=[32m&quot;font-size: 20px; font-weight: bold; margin-bottom: 8px; color: rgb(31, 41, 55);&quot;[39m
[36m&gt;[39m
  [0mNetwork Connection Issue[0m
[36m&lt;/h3&gt;[39m

Ignored nodes: comments, script, style
[36m&lt;h3[39m
  [33mstyle[39m=[32m&quot;font-size: 20px; font-weight: bold; margin-bottom: 8px; color: rgb(31, 41, 55);&quot;[39m
[36m&gt;[39m
  [0mNetwork Connection Issue[0m
[36m&lt;/h3&gt;[39m

Ignored nodes: comments, script, style
[36m&lt;h3[39m
  [33mstyle[39m=[32m&quot;font-size: 20px; font-weight: bold; margin-bottom: 8px; color: rgb(31, 41, 55);&quot;[39m
[36m&gt;[39m
  [0mNetwork Connection Issue[0m
[36m&lt;/h3&gt;[39m

Ignored nodes: comments, script, style
[36m&lt;h3[39m
  [33mstyle[39m=[32m&quot;font-size: 20px; font-weight: bold; margin-bottom: 8px; color: rgb(31, 41, 55);&quot;[39m
[36m&gt;[39m
  [0mNetwork Connection Issue[0m
[36m&lt;/h3&gt;[39m

Ignored nodes: comments, script, style
[36m&lt;h3[39m
  [33mstyle[39m=[32m&quot;font-size: 20px; font-weight: bold; margin-bottom: 8px; color: rgb(31, 41, 55);&quot;[39m
[36m&gt;[39m
  [0mNetwork Connection Issue[0m
[36m&lt;/h3&gt;[39m

Ignored nodes: comments, script, style
[36m&lt;h3[39m
  [33mstyle[39m=[32m&quot;font-size: 20px; font-weight: bold; margin-bottom: 8px; color: rgb(31, 41, 55);&quot;[39m
[36m&gt;[39m
  [0mNetwork Connection Issue[0m
[36m&lt;/h3&gt;[39m

Ignored nodes: comments, script, style
[36m&lt;h3[39m
  [33mstyle[39m=[32m&quot;font-size: 20px; font-weight: bold; margin-bottom: 8px; color: rgb(31, 41, 55);&quot;[39m
[36m&gt;[39m
  [0mNetwork Connection Issue[0m
[36m&lt;/h3&gt;[39m

Ignored nodes: comments, script, style
[36m&lt;h3[39m
  [33mstyle[39m=[32m&quot;font-size: 20px; font-weight: bold; margin-bottom: 8px; color: rgb(31, 41, 55);&quot;[39m
[36m&gt;[39m
  [0mNetwork Connection Issue[0m
[36m&lt;/h3&gt;[39m

Ignored nodes: comments, script, style
[36m&lt;h3[39m
  [33mstyle[39m=[32m&quot;font-size: 20px; font-weight: bold; margin-bottom: 8px; color: rgb(31, 41, 55);&quot;[39m
[36m&gt;[39m
  [0mNetwork Connection Issue[0m
[36m&lt;/h3&gt;[39m

Ignored nodes: comments, script, style
[36m&lt;h3[39m
  [33mstyle[39m=[32m&quot;font-size: 20px; font-weight: bold; margin-bottom: 8px; color: rgb(31, 41, 55);&quot;[39m
[36m&gt;[39m
  [0mNetwork Connection Issue[0m
[36m&lt;/h3&gt;[39m

Ignored nodes: comments, script, style
[36m&lt;h3[39m
  [33mstyle[39m=[32m&quot;font-size: 20px; font-weight: bold; margin-bottom: 8px; color: rgb(31, 41, 55);&quot;[39m
[36m&gt;[39m
  [0mNetwork Connection Issue[0m
[36m&lt;/h3&gt;[39m

Ignored nodes: comments, script, style
[36m&lt;h3[39m
  [33mstyle[39m=[32m&quot;font-size: 20px; font-weight: bold; margin-bottom: 8px; color: rgb(31, 41, 55);&quot;[39m
[36m&gt;[39m
  [0mNetwork Connection Issue[0m
[36m&lt;/h3&gt;[39m

Ignored nodes: comments, script, style
[36m&lt;h3[39m
  [33mstyle[39m=[32m&quot;font-size: 20px; font-weight: bold; margin-bottom: 8px; color: white;&quot;[39m
[36m&gt;[39m
  [0mNetwork Connection Issue[0m
[36m&lt;/h3&gt;[39m

Ignored nodes: comments, script, style
[36m&lt;h3[39m
  [33mstyle[39m=[32m&quot;font-size: 20px; font-weight: bold; margin-bottom: 8px; color: rgb(31, 41, 55);&quot;[39m
[36m&gt;[39m
  [0mNetwork Connection Issue[0m
[36m&lt;/h3&gt;[39m

Ignored nodes: comments, script, style
[36m&lt;h3[39m
  [33mstyle[39m=[32m&quot;font-size: 20px; font-weight: bold; margin-bottom: 8px; color: rgb(31, 41, 55);&quot;[39m
[36m&gt;[39m
  [0mNetwork Connection Issue[0m
[36m&lt;/h3&gt;[39m

Ignored nodes: comments, script, style
[36m&lt;h3[39m
  [33mstyle[39m=[32m&quot;font-size: 20px; font-weight: bold; margin-bottom: 8px; color: rgb(31, 41, 55);&quot;[39m
[36m&gt;[39m
  [0mNetwork Connection Issue[0m
[36m&lt;/h3&gt;[39m

Ignored nodes: comments, script, style
[36m&lt;h3[39m
  [33mstyle[39m=[32m&quot;font-size: 20px; font-weight: bold; margin-bottom: 8px; color: rgb(31, 41, 55);&quot;[39m
[36m&gt;[39m
  [0mNetwork Connection Issue[0m
[36m&lt;/h3&gt;[39m

Ignored nodes: comments, script, style
[36m&lt;h3[39m
  [33mstyle[39m=[32m&quot;font-size: 20px; font-weight: bold; margin-bottom: 8px; color: rgb(31, 41, 55);&quot;[39m
[36m&gt;[39m
  [0mNetwork Connection Issue[0m
[36m&lt;/h3&gt;[39m

(If this is intentional, then use the `*AllBy*` variant of the query (like `queryAllByText`, `getAllByText`, or `findAllByText`)).

Ignored nodes: comments, script, style
[36m&lt;body&gt;[39m
  [36m&lt;div&gt;[39m
    [36m&lt;div[39m
      [33mdata-testid[39m=[32m&quot;test-content&quot;[39m
    [36m&gt;[39m
      [0mTest content[0m
    [36m&lt;/div&gt;[39m
  [36m&lt;/div&gt;[39m
  [36m&lt;div&gt;[39m
    [36m&lt;div[39m
      [33mstyle[39m=[32m&quot;min-height: 400px; background: rgb(245, 245, 245); display: flex; align-items: center; justify-content: center; padding: 32px; border-radius: 8px;&quot;[39m
    [36m&gt;[39m
      [36m&lt;div[39m
        [33mstyle[39m=[32m&quot;max-width: 600px; width: 100%; text-align: center; background: rgba(255, 255, 255, 0.9); border-radius: 16px; padding: 32px; border: 1px solid rgb(229, 231, 235); box-shadow: 0 4px 6px rgba(0, 0, 0, 0.1);&quot;[39m
      [36m&gt;[39m
        [36m&lt;svg[39m
          [33maria-hidden[39m=[32m&quot;true&quot;[39m
          [33mclass[39m=[32m&quot;lucide lucide-circle-alert&quot;[39m
          [33mfill[39m=[32m&quot;none&quot;[39m
          [33mheight[39m=[32m&quot;48&quot;[39m
          [33mstroke[39m=[32m&quot;currentColor&quot;[39m
          [33mstroke-linecap[39m=[32m&quot;round&quot;[39m
          [33mstroke-linejoin[39m=[32m&quot;round&quot;[39m
          [33mstroke-width[39m=[32m&quot;2&quot;[39m
          [33mstyle[39m=[32m&quot;color: rgb(239, 68, 68); margin-bottom: 16px;&quot;[39m
          [33mviewBox[39m=[32m&quot;0 0 24 24&quot;[39m
          [33mwidth[39m=[32m&quot;48&quot;[39m
          [33mxmlns[39m=[32m&quot;http://www.w3.org/2000/svg&quot;[39m
        [36m&gt;[39m
          [36m&lt;circle[39m
            [33mcx[39m=[32m&quot;12&quot;[39m
            [33mcy[39m=[32m&quot;12&quot;[39m
            [33mr[39m=[32m&quot;10&quot;[39m
          [36m/&gt;[39m
          [36m&lt;line[39m
            [33mx1[39m=[32m&quot;12&quot;[39m
            [33mx2[39m=[32m&quot;12&quot;[39m
            [33my1[39m=[32m&quot;8&quot;[39m
            [33my2[39m=[32m&quot;12&quot;[39m
          [36m/&gt;[39m
          [36m&lt;line[39m
            [33mx1[39m=[32m&quot;12&quot;[39m
            [33mx2[39m=[32m&quot;12.01&quot;[39m
            [33my1[39m=[32m&quot;16&quot;[39m
            [33my2[39m=[32m&quot;16&quot;[39m
          [36m/&gt;[39m
        [36m&lt;/svg&gt;[39m
        [36m&lt;h3[39m
          [33mstyle[39m=[32m&quot;font-size: 20px; font-weight: bold; margin-bottom: 8px; color: rgb(31, 41, 55);&quot;[39m
        [36m&gt;[39m
          [0mNetwork Connection Issue[0m
        [36m&lt;/h3&gt;[39m
        [36m&lt;p[39m
          [33mstyle[39m=[32m&quot;font-size: 14px; margin-bottom: 20px; color: rgb(107, 114, 128); line-height: 1.5;&quot;[39m
        [36m&gt;[39m
          [0mCheck your internet connection and try again. If the problem persists, contact your network administrator.[0m
        [36m&lt;/p&gt;[39m
        [36m&lt;details[39m
          [33mstyle[39m=[32m&quot;text-align: left; margin-bottom: 20px; background: rgba(0, 0, 0, 0.05); padding: 12px; border-radius: 6px; font-size: 12px;&quot;[39m
        [36m&gt;[39m
          [36m&lt;summary[39m
            [33mstyle[39m=[32m&quot;cursor: pointer; margin-bottom: 8px; color: rgb(107, 114, 128); font-size: 12px;&quot;[39m
          [36m&gt;[39m
            [36m&lt;svg[39m
              [33maria-hidden[39m=[32m&quot;true&quot;[39m
              [33mclass[39m=[32m&quot;lucide lucide-bug&quot;[39m
              [33mfill[39m=[32m&quot;none&quot;[39m
              [33mheight[39m=[32m&quot;14&quot;[39m
              [33mstroke[39m=[32m&quot;currentColor&quot;[39m
              [33mstroke-linecap[39m=[32m&quot;round&quot;[39m
              [33mstroke-linejoin[39m=[32m&quot;round&quot;[39m
              [33mstroke-width[39m=[32m&quot;2&quot;[39m
              [33mstyle[39m=[32m&quot;margin-right: 6px; vertical-align: middle;&quot;[39m
              [33mviewBox[39m=[32m&quot;0 0 24 24&quot;[39m
              [33mwidth[39m=[32m&quot;14&quot;[39m
              [33mxmlns[39m=[32m&quot;http://www.w3.org/2000/svg&quot;[39m
            [36m&gt;[39m
              [36m&lt;path[39m
                [33md[39m=[32m&quot;m8 2 1.88 1.88&quot;[39m
              [36m/&gt;[39m
              [36m&lt;path[39m
                [33md[39m=[32m&quot;M14.12 3.88 16 2&quot;[39m
              [36m/&gt;[39m
              [36m&lt;path[39m
                [33md[39m=[32m&quot;M9 7.13v-1a3.003 3.003 0 1 1 6 0v1&quot;[39m
              [36m/&gt;[39m
              [36m&lt;path[39m
                [33md[39m=[32m&quot;M12 20c-3.3 0-6-2.7-6-6v-3a4 4 0 0 1 4-4h4a4 4 0 0 1 4 4v3c0 3.3-2.7 6-6 6&quot;[39m
              [36m/&gt;[39m
              [36m&lt;path[39m
                [33md[39m=[32m&quot;M12 20v-9&quot;[39m
              [36m/&gt;[39m
              [36m&lt;path[39m
                [33md[39m=[32m&quot;M6.53 9C4.6 8.8 3 7.1 3 5&quot;[39m
              [36m/&gt;[39m
              [36m&lt;path[39m
                [33md[39m=[32m&quot;M6 13H2&quot;[39m
              [36m/&gt;[39m
              [36m&lt;path[39m
                [33md[39m=[32m&quot;M3 21c0-2.1 1.7-3.9 3.8-4&quot;[39m
              [36m/&gt;[39m
              [36m&lt;path[39m
                [33md[39m=[32m&quot;M20.97 5c0 2.1-1.6 3.8-3.5 4&quot;[39m
              [36m/&gt;[39m
              [36m&lt;path[39m
                [33md[39m=[32m&quot;M22 13h-4&quot;[39m
              [36m/&gt;[39m
              [36m&lt;path[39m
                [33md[39m=[32m&quot;M17.2 17c2.1.1 3.8 1.9 3.8 4&quot;[39m
              [36m/&gt;[39m
            [36m&lt;/svg&gt;[39m
            [0mError Details (Development Only)[0m
          [36m&lt;/summary&gt;[39m
          [36m&lt;div[39m
            [33mstyle[39m=[32m&quot;font-family: monospace; color: rgb(75, 85, 99); word-break: break-word;&quot;[39m
          [36m&gt;[39m
            [36m&lt;strong&gt;[39m
              [0mType:[0m
            [36m&lt;/strong&gt;[39m
            [0m [0m
            [0mNETWORK[0m
            [36m&lt;br /&gt;[39m
            [36m&lt;strong&gt;[39m
              [0mCode:[0m
            [36m&lt;/strong&gt;[39m
            [0m [0m
            [0mNETWORK_ERROR[0m
            [36m&lt;br /&gt;[39m
            [36m&lt;strong&gt;[39m
              [0mMessage:[0m
            [36m&lt;/strong&gt;[39m
            [0m [0m
            [0mTest error message[0m
            [36m&lt;br /&gt;[39m
            [36m&lt;strong&gt;[39m
              [0mStack:[0m
            [36m&lt;/strong&gt;[39m
            [36m&lt;pre[39m
              [33mstyle[39m=[32m&quot;white-space: pre-wrap; word-break: break-word; margin: 4px 0px 0px 0px; font-size: 10px;&quot;[39m
            [36m&gt;[39m
              [0mAppError: Test error message
    at ThrowErrorComponent (/home/ilya/projects/SimpleAdminReporter/frontend/src/components/query/__tests__/QueryPreviewErrorBoundary.test.tsx:59:19)
    at Object.react_stack_bottom_frame (/home/ilya/projects/SimpleAdminReporter/frontend/node_modules/react-dom/cjs/react-dom-client.development.js:23863:20)
    at renderWithHooks (/home/ilya/projects/SimpleAdminReporter/frontend/node_modules/react-dom/cjs/react-dom-client.development.js:5529:22)
    at updateFunctionComponent (/home/ilya/projects/SimpleAdminReporter/frontend/node_modules/react-dom/cjs/react-dom-client.development.js:8897:19)
    at beginWork (/home/ilya/projects/SimpleAdminReporter/frontend/node_modules/react-dom/cjs/react-dom-client.development.js:10522:18)
    at runWithFiberInDEV (/home/ilya/projects/SimpleAdminReporter/frontend/node_modules/react-dom/cjs/react-dom-client.development.js:1522:13..." type="TestingLibraryElementError">
TestingLibraryElementError: Found multiple elements with the text: Network Connection Issue

Here are the matching elements:

Ignored nodes: comments, script, style
&lt;h3
  style=&quot;font-size: 20px; font-weight: bold; margin-bottom: 8px; color: rgb(31, 41, 55);&quot;
&gt;
  Network Connection Issue
&lt;/h3&gt;

Ignored nodes: comments, script, style
&lt;h3
  style=&quot;font-size: 20px; font-weight: bold; margin-bottom: 8px; color: rgb(31, 41, 55);&quot;
&gt;
  Network Connection Issue
&lt;/h3&gt;

Ignored nodes: comments, script, style
&lt;h3
  style=&quot;font-size: 20px; font-weight: bold; margin-bottom: 8px; color: rgb(31, 41, 55);&quot;
&gt;
  Network Connection Issue
&lt;/h3&gt;

Ignored nodes: comments, script, style
&lt;h3
  style=&quot;font-size: 20px; font-weight: bold; margin-bottom: 8px; color: rgb(31, 41, 55);&quot;
&gt;
  Network Connection Issue
&lt;/h3&gt;

Ignored nodes: comments, script, style
&lt;h3
  style=&quot;font-size: 20px; font-weight: bold; margin-bottom: 8px; color: rgb(31, 41, 55);&quot;
&gt;
  Network Connection Issue
&lt;/h3&gt;

Ignored nodes: comments, script, style
&lt;h3
  style=&quot;font-size: 20px; font-weight: bold; margin-bottom: 8px; color: rgb(31, 41, 55);&quot;
&gt;
  Network Connection Issue
&lt;/h3&gt;

Ignored nodes: comments, script, style
&lt;h3
  style=&quot;font-size: 20px; font-weight: bold; margin-bottom: 8px; color: rgb(31, 41, 55);&quot;
&gt;
  Network Connection Issue
&lt;/h3&gt;

Ignored nodes: comments, script, style
&lt;h3
  style=&quot;font-size: 20px; font-weight: bold; margin-bottom: 8px; color: rgb(31, 41, 55);&quot;
&gt;
  Network Connection Issue
&lt;/h3&gt;

Ignored nodes: comments, script, style
&lt;h3
  style=&quot;font-size: 20px; font-weight: bold; margin-bottom: 8px; color: rgb(31, 41, 55);&quot;
&gt;
  Network Connection Issue
&lt;/h3&gt;

Ignored nodes: comments, script, style
&lt;h3
  style=&quot;font-size: 20px; font-weight: bold; margin-bottom: 8px; color: rgb(31, 41, 55);&quot;
&gt;
  Network Connection Issue
&lt;/h3&gt;

Ignored nodes: comments, script, style
&lt;h3
  style=&quot;font-size: 20px; font-weight: bold; margin-bottom: 8px; color: rgb(31, 41, 55);&quot;
&gt;
  Network Connection Issue
&lt;/h3&gt;

Ignored nodes: comments, script, style
&lt;h3
  style=&quot;font-size: 20px; font-weight: bold; margin-bottom: 8px; color: rgb(31, 41, 55);&quot;
&gt;
  Network Connection Issue
&lt;/h3&gt;

Ignored nodes: comments, script, style
&lt;h3
  style=&quot;font-size: 20px; font-weight: bold; margin-bottom: 8px; color: rgb(31, 41, 55);&quot;
&gt;
  Network Connection Issue
&lt;/h3&gt;

Ignored nodes: comments, script, style
&lt;h3
  style=&quot;font-size: 20px; font-weight: bold; margin-bottom: 8px; color: rgb(31, 41, 55);&quot;
&gt;
  Network Connection Issue
&lt;/h3&gt;

Ignored nodes: comments, script, style
&lt;h3
  style=&quot;font-size: 20px; font-weight: bold; margin-bottom: 8px; color: rgb(31, 41, 55);&quot;
&gt;
  Network Connection Issue
&lt;/h3&gt;

Ignored nodes: comments, script, style
&lt;h3
  style=&quot;font-size: 20px; font-weight: bold; margin-bottom: 8px; color: rgb(31, 41, 55);&quot;
&gt;
  Network Connection Issue
&lt;/h3&gt;

Ignored nodes: comments, script, style
&lt;h3
  style=&quot;font-size: 20px; font-weight: bold; margin-bottom: 8px; color: rgb(31, 41, 55);&quot;
&gt;
  Network Connection Issue
&lt;/h3&gt;

Ignored nodes: comments, script, style
&lt;h3
  style=&quot;font-size: 20px; font-weight: bold; margin-bottom: 8px; color: white;&quot;
&gt;
  Network Connection Issue
&lt;/h3&gt;

Ignored nodes: comments, script, style
&lt;h3
  style=&quot;font-size: 20px; font-weight: bold; margin-bottom: 8px; color: rgb(31, 41, 55);&quot;
&gt;
  Network Connection Issue
&lt;/h3&gt;

Ignored nodes: comments, script, style
&lt;h3
  style=&quot;font-size: 20px; font-weight: bold; margin-bottom: 8px; color: rgb(31, 41, 55);&quot;
&gt;
  Network Connection Issue
&lt;/h3&gt;

Ignored nodes: comments, script, style
&lt;h3
  style=&quot;font-size: 20px; font-weight: bold; margin-bottom: 8px; color: rgb(31, 41, 55);&quot;
&gt;
  Network Connection Issue
&lt;/h3&gt;

Ignored nodes: comments, script, style
&lt;h3
  style=&quot;font-size: 20px; font-weight: bold; margin-bottom: 8px; color: rgb(31, 41, 55);&quot;
&gt;
  Network Connection Issue
&lt;/h3&gt;

Ignored nodes: comments, script, style
&lt;h3
  style=&quot;font-size: 20px; font-weight: bold; margin-bottom: 8px; color: rgb(31, 41, 55);&quot;
&gt;
  Network Connection Issue
&lt;/h3&gt;

(If this is intentional, then use the `*AllBy*` variant of the query (like `queryAllByText`, `getAllByText`, or `findAllByText`)).

Ignored nodes: comments, script, style
&lt;body&gt;
  &lt;div&gt;
    &lt;div
      data-testid=&quot;test-content&quot;
    &gt;
      Test content
    &lt;/div&gt;
  &lt;/div&gt;
  &lt;div&gt;
    &lt;div
      style=&quot;min-height: 400px; background: rgb(245, 245, 245); display: flex; align-items: center; justify-content: center; padding: 32px; border-radius: 8px;&quot;
    &gt;
      &lt;div
        style=&quot;max-width: 600px; width: 100%; text-align: center; background: rgba(255, 255, 255, 0.9); border-radius: 16px; padding: 32px; border: 1px solid rgb(229, 231, 235); box-shadow: 0 4px 6px rgba(0, 0, 0, 0.1);&quot;
      &gt;
        &lt;svg
          aria-hidden=&quot;true&quot;
          class=&quot;lucide lucide-circle-alert&quot;
          fill=&quot;none&quot;
          height=&quot;48&quot;
          stroke=&quot;currentColor&quot;
          stroke-linecap=&quot;round&quot;
          stroke-linejoin=&quot;round&quot;
          stroke-width=&quot;2&quot;
          style=&quot;color: rgb(239, 68, 68); margin-bottom: 16px;&quot;
          viewBox=&quot;0 0 24 24&quot;
          width=&quot;48&quot;
          xmlns=&quot;http://www.w3.org/2000/svg&quot;
        &gt;
          &lt;circle
            cx=&quot;12&quot;
            cy=&quot;12&quot;
            r=&quot;10&quot;
          /&gt;
          &lt;line
            x1=&quot;12&quot;
            x2=&quot;12&quot;
            y1=&quot;8&quot;
            y2=&quot;12&quot;
          /&gt;
          &lt;line
            x1=&quot;12&quot;
            x2=&quot;12.01&quot;
            y1=&quot;16&quot;
            y2=&quot;16&quot;
          /&gt;
        &lt;/svg&gt;
        &lt;h3
          style=&quot;font-size: 20px; font-weight: bold; margin-bottom: 8px; color: rgb(31, 41, 55);&quot;
        &gt;
          Network Connection Issue
        &lt;/h3&gt;
        &lt;p
          style=&quot;font-size: 14px; margin-bottom: 20px; color: rgb(107, 114, 128); line-height: 1.5;&quot;
        &gt;
          Check your internet connection and try again. If the problem persists, contact your network administrator.
        &lt;/p&gt;
        &lt;details
          style=&quot;text-align: left; margin-bottom: 20px; background: rgba(0, 0, 0, 0.05); padding: 12px; border-radius: 6px; font-size: 12px;&quot;
        &gt;
          &lt;summary
            style=&quot;cursor: pointer; margin-bottom: 8px; color: rgb(107, 114, 128); font-size: 12px;&quot;
          &gt;
            &lt;svg
              aria-hidden=&quot;true&quot;
              class=&quot;lucide lucide-bug&quot;
              fill=&quot;none&quot;
              height=&quot;14&quot;
              stroke=&quot;currentColor&quot;
              stroke-linecap=&quot;round&quot;
              stroke-linejoin=&quot;round&quot;
              stroke-width=&quot;2&quot;
              style=&quot;margin-right: 6px; vertical-align: middle;&quot;
              viewBox=&quot;0 0 24 24&quot;
              width=&quot;14&quot;
              xmlns=&quot;http://www.w3.org/2000/svg&quot;
            &gt;
              &lt;path
                d=&quot;m8 2 1.88 1.88&quot;
              /&gt;
              &lt;path
                d=&quot;M14.12 3.88 16 2&quot;
              /&gt;
              &lt;path
                d=&quot;M9 7.13v-1a3.003 3.003 0 1 1 6 0v1&quot;
              /&gt;
              &lt;path
                d=&quot;M12 20c-3.3 0-6-2.7-6-6v-3a4 4 0 0 1 4-4h4a4 4 0 0 1 4 4v3c0 3.3-2.7 6-6 6&quot;
              /&gt;
              &lt;path
                d=&quot;M12 20v-9&quot;
              /&gt;
              &lt;path
                d=&quot;M6.53 9C4.6 8.8 3 7.1 3 5&quot;
              /&gt;
              &lt;path
                d=&quot;M6 13H2&quot;
              /&gt;
              &lt;path
                d=&quot;M3 21c0-2.1 1.7-3.9 3.8-4&quot;
              /&gt;
              &lt;path
                d=&quot;M20.97 5c0 2.1-1.6 3.8-3.5 4&quot;
              /&gt;
              &lt;path
                d=&quot;M22 13h-4&quot;
              /&gt;
              &lt;path
                d=&quot;M17.2 17c2.1.1 3.8 1.9 3.8 4&quot;
              /&gt;
            &lt;/svg&gt;
            Error Details (Development Only)
          &lt;/summary&gt;
          &lt;div
            style=&quot;font-family: monospace; color: rgb(75, 85, 99); word-break: break-word;&quot;
          &gt;
            &lt;strong&gt;
              Type:
            &lt;/strong&gt;
             
            NETWORK
            &lt;br /&gt;
            &lt;strong&gt;
              Code:
            &lt;/strong&gt;
             
            NETWORK_ERROR
            &lt;br /&gt;
            &lt;strong&gt;
              Message:
            &lt;/strong&gt;
             
            Test error message
            &lt;br /&gt;
            &lt;strong&gt;
              Stack:
            &lt;/strong&gt;
            &lt;pre
              style=&quot;white-space: pre-wrap; word-break: break-word; margin: 4px 0px 0px 0px; font-size: 10px;&quot;
            &gt;
              AppError: Test error message
    at ThrowErrorComponent (/home/ilya/projects/SimpleAdminReporter/frontend/src/components/query/__tests__/QueryPreviewErrorBoundary.test.tsx:59:19)
    at Object.react_stack_bottom_frame (/home/ilya/projects/SimpleAdminReporter/frontend/node_modules/react-dom/cjs/react-dom-client.development.js:23863:20)
    at renderWithHooks (/home/ilya/projects/SimpleAdminReporter/frontend/node_modules/react-dom/cjs/react-dom-client.development.js:5529:22)
    at updateFunctionComponent (/home/ilya/projects/SimpleAdminReporter/frontend/node_modules/react-dom/cjs/react-dom-client.development.js:8897:19)
    at beginWork (/home/ilya/projects/SimpleAdminReporter/frontend/node_modules/react-dom/cjs/react-dom-client.development.js:10522:18)
    at runWithFiberInDEV (/home/ilya/projects/SimpleAdminReporter/frontend/node_modules/react-dom/cjs/react-dom-client.development.js:1522:13...
 ❯ ThrowErrorComponent src/components/query/__tests__/QueryPreviewErrorBoundary.test.tsx:59:19
 ❯ Object.react_stack_bottom_frame node_modules/react-dom/cjs/react-dom-client.development.js:23863:20
 ❯ renderWithHooks node_modules/react-dom/cjs/react-dom-client.development.js:5529:22
 ❯ updateFunctionComponent node_modules/react-dom/cjs/react-dom-client.development.js:8897:19
 ❯ beginWork node_modules/react-dom/cjs/react-dom-client.development.js:10522:18
 ❯ Object.getElementError node_modules/@testing-library/dom/dist/config.js:37:19
 ❯ getElementError node_modules/@testing-library/dom/dist/query-helpers.js:20:35
 ❯ getMultipleElementsFoundError node_modules/@testing-library/dom/dist/query-helpers.js:23:10
 ❯ node_modules/@testing-library/dom/dist/query-helpers.js:55:13
 ❯ node_modules/@testing-library/dom/dist/query-helpers.js:95:19
 ❯ src/components/query/__tests__/QueryPreviewErrorBoundary.test.tsx:629:21
            </failure>
            <failure message="Cannot delete property &apos;gtag&apos; of #&lt;Object&gt;" type="TypeError">
TypeError: Cannot delete property &apos;gtag&apos; of #&lt;Object&gt;
 ❯ src/components/query/__tests__/QueryPreviewErrorBoundary.test.tsx:49:3
            </failure>
        </testcase>
        <testcase classname="src/components/query/__tests__/QueryPreviewErrorBoundary.test.tsx" name="QueryPreviewErrorBoundary &gt; Functional Component Wrapper &gt; withQueryPreviewErrorBoundary HOC works correctly" time="0.022172555">
            <failure message="Cannot delete property &apos;gtag&apos; of #&lt;Object&gt;" type="TypeError">
TypeError: Cannot delete property &apos;gtag&apos; of #&lt;Object&gt;
 ❯ src/components/query/__tests__/QueryPreviewErrorBoundary.test.tsx:49:3
            </failure>
        </testcase>
    </testsuite>
    <testsuite name="src/components/query/__tests__/VisualFilterBuilder.test.tsx" timestamp="2025-08-22T05:48:54.329Z" hostname="ifedotovNB" tests="5" failures="0" errors="0" skipped="0" time="1.348664271">
        <testcase classname="src/components/query/__tests__/VisualFilterBuilder.test.tsx" name="VisualFilterBuilder &gt; renders without crashing" time="0.36333982">
        </testcase>
        <testcase classname="src/components/query/__tests__/VisualFilterBuilder.test.tsx" name="VisualFilterBuilder &gt; displays &quot;No filters added&quot; message when no filters" time="0.080716184">
        </testcase>
        <testcase classname="src/components/query/__tests__/VisualFilterBuilder.test.tsx" name="VisualFilterBuilder &gt; adds a new filter when &quot;Add Filter&quot; button is clicked" time="0.405624313">
        </testcase>
        <testcase classname="src/components/query/__tests__/VisualFilterBuilder.test.tsx" name="VisualFilterBuilder &gt; adds another filter when &quot;Add Filter&quot; button is clicked multiple times" time="0.319406346">
        </testcase>
        <testcase classname="src/components/query/__tests__/VisualFilterBuilder.test.tsx" name="VisualFilterBuilder &gt; removes a filter when delete button is clicked" time="0.177750272">
        </testcase>
    </testsuite>
    <testsuite name="src/components/reports/__tests__/ReportViewer.enhanced.test.tsx" timestamp="2025-08-22T05:48:54.330Z" hostname="ifedotovNB" tests="40" failures="40" errors="0" skipped="0" time="0.051929855">
        <testcase classname="src/components/reports/__tests__/ReportViewer.enhanced.test.tsx" name="ReportViewer Enhanced Error Handling &gt; Error State Rendering &gt; displays error alert when error prop is provided" time="0.012274087">
            <failure message="Cannot read properties of undefined (reading &apos;reducer&apos;)" type="TypeError">
TypeError: Cannot read properties of undefined (reading &apos;reducer&apos;)
 ❯ createMockStore src/components/reports/__tests__/ReportViewer.enhanced.test.tsx:71:19
 ❯ src/components/reports/__tests__/ReportViewer.enhanced.test.tsx:130:17
            </failure>
        </testcase>
        <testcase classname="src/components/reports/__tests__/ReportViewer.enhanced.test.tsx" name="ReportViewer Enhanced Error Handling &gt; Error State Rendering &gt; shows error icon based on error type" time="0.002677313">
            <failure message="Cannot read properties of undefined (reading &apos;reducer&apos;)" type="TypeError">
TypeError: Cannot read properties of undefined (reading &apos;reducer&apos;)
 ❯ createMockStore src/components/reports/__tests__/ReportViewer.enhanced.test.tsx:71:19
 ❯ src/components/reports/__tests__/ReportViewer.enhanced.test.tsx:130:17
            </failure>
        </testcase>
        <testcase classname="src/components/reports/__tests__/ReportViewer.enhanced.test.tsx" name="ReportViewer Enhanced Error Handling &gt; Error State Rendering &gt; displays retry count when retries have been attempted" time="0.00070062">
            <failure message="Cannot read properties of undefined (reading &apos;reducer&apos;)" type="TypeError">
TypeError: Cannot read properties of undefined (reading &apos;reducer&apos;)
 ❯ createMockStore src/components/reports/__tests__/ReportViewer.enhanced.test.tsx:71:19
 ❯ src/components/reports/__tests__/ReportViewer.enhanced.test.tsx:130:17
            </failure>
        </testcase>
        <testcase classname="src/components/reports/__tests__/ReportViewer.enhanced.test.tsx" name="ReportViewer Enhanced Error Handling &gt; Error State Rendering &gt; shows recovery guidance when available" time="0.000870117">
            <failure message="Cannot read properties of undefined (reading &apos;reducer&apos;)" type="TypeError">
TypeError: Cannot read properties of undefined (reading &apos;reducer&apos;)
 ❯ createMockStore src/components/reports/__tests__/ReportViewer.enhanced.test.tsx:71:19
 ❯ src/components/reports/__tests__/ReportViewer.enhanced.test.tsx:130:17
            </failure>
        </testcase>
        <testcase classname="src/components/reports/__tests__/ReportViewer.enhanced.test.tsx" name="ReportViewer Enhanced Error Handling &gt; Error State Rendering &gt; displays quick fixes for recoverable errors" time="0.000938467">
            <failure message="Cannot read properties of undefined (reading &apos;reducer&apos;)" type="TypeError">
TypeError: Cannot read properties of undefined (reading &apos;reducer&apos;)
 ❯ createMockStore src/components/reports/__tests__/ReportViewer.enhanced.test.tsx:71:19
 ❯ src/components/reports/__tests__/ReportViewer.enhanced.test.tsx:130:17
            </failure>
        </testcase>
        <testcase classname="src/components/reports/__tests__/ReportViewer.enhanced.test.tsx" name="ReportViewer Enhanced Error Handling &gt; Recovery Actions &gt; shows retry button for retryable errors" time="0.000561277">
            <failure message="Cannot read properties of undefined (reading &apos;reducer&apos;)" type="TypeError">
TypeError: Cannot read properties of undefined (reading &apos;reducer&apos;)
 ❯ createMockStore src/components/reports/__tests__/ReportViewer.enhanced.test.tsx:71:19
 ❯ src/components/reports/__tests__/ReportViewer.enhanced.test.tsx:130:17
            </failure>
        </testcase>
        <testcase classname="src/components/reports/__tests__/ReportViewer.enhanced.test.tsx" name="ReportViewer Enhanced Error Handling &gt; Recovery Actions &gt; calls onRetry when retry button is clicked" time="0.000475362">
            <failure message="Cannot read properties of undefined (reading &apos;reducer&apos;)" type="TypeError">
TypeError: Cannot read properties of undefined (reading &apos;reducer&apos;)
 ❯ createMockStore src/components/reports/__tests__/ReportViewer.enhanced.test.tsx:71:19
 ❯ src/components/reports/__tests__/ReportViewer.enhanced.test.tsx:130:17
            </failure>
        </testcase>
        <testcase classname="src/components/reports/__tests__/ReportViewer.enhanced.test.tsx" name="ReportViewer Enhanced Error Handling &gt; Recovery Actions &gt; shows loading state during retry operation" time="0.000564071">
            <failure message="Cannot read properties of undefined (reading &apos;reducer&apos;)" type="TypeError">
TypeError: Cannot read properties of undefined (reading &apos;reducer&apos;)
 ❯ createMockStore src/components/reports/__tests__/ReportViewer.enhanced.test.tsx:71:19
 ❯ src/components/reports/__tests__/ReportViewer.enhanced.test.tsx:130:17
            </failure>
        </testcase>
        <testcase classname="src/components/reports/__tests__/ReportViewer.enhanced.test.tsx" name="ReportViewer Enhanced Error Handling &gt; Recovery Actions &gt; disables retry when max retries reached" time="0.001118206">
            <failure message="Cannot read properties of undefined (reading &apos;reducer&apos;)" type="TypeError">
TypeError: Cannot read properties of undefined (reading &apos;reducer&apos;)
 ❯ createMockStore src/components/reports/__tests__/ReportViewer.enhanced.test.tsx:71:19
 ❯ src/components/reports/__tests__/ReportViewer.enhanced.test.tsx:130:17
            </failure>
        </testcase>
        <testcase classname="src/components/reports/__tests__/ReportViewer.enhanced.test.tsx" name="ReportViewer Enhanced Error Handling &gt; Recovery Actions &gt; shows go back button when onGoBack is provided" time="0.000927327">
            <failure message="Cannot read properties of undefined (reading &apos;reducer&apos;)" type="TypeError">
TypeError: Cannot read properties of undefined (reading &apos;reducer&apos;)
 ❯ createMockStore src/components/reports/__tests__/ReportViewer.enhanced.test.tsx:71:19
 ❯ src/components/reports/__tests__/ReportViewer.enhanced.test.tsx:130:17
            </failure>
        </testcase>
        <testcase classname="src/components/reports/__tests__/ReportViewer.enhanced.test.tsx" name="ReportViewer Enhanced Error Handling &gt; Recovery Actions &gt; calls onGoBack when go back button is clicked" time="0.000665334">
            <failure message="Cannot read properties of undefined (reading &apos;reducer&apos;)" type="TypeError">
TypeError: Cannot read properties of undefined (reading &apos;reducer&apos;)
 ❯ createMockStore src/components/reports/__tests__/ReportViewer.enhanced.test.tsx:71:19
 ❯ src/components/reports/__tests__/ReportViewer.enhanced.test.tsx:130:17
            </failure>
        </testcase>
        <testcase classname="src/components/reports/__tests__/ReportViewer.enhanced.test.tsx" name="ReportViewer Enhanced Error Handling &gt; Recovery Actions &gt; hides recovery actions when enableRecovery is false" time="0.000538427">
            <failure message="Cannot read properties of undefined (reading &apos;reducer&apos;)" type="TypeError">
TypeError: Cannot read properties of undefined (reading &apos;reducer&apos;)
 ❯ createMockStore src/components/reports/__tests__/ReportViewer.enhanced.test.tsx:71:19
 ❯ src/components/reports/__tests__/ReportViewer.enhanced.test.tsx:130:17
            </failure>
        </testcase>
        <testcase classname="src/components/reports/__tests__/ReportViewer.enhanced.test.tsx" name="ReportViewer Enhanced Error Handling &gt; Error Type-Specific Guidance &gt; provides appropriate suggestions for TIMEOUT errors" time="0.00050052">
            <failure message="Cannot read properties of undefined (reading &apos;reducer&apos;)" type="TypeError">
TypeError: Cannot read properties of undefined (reading &apos;reducer&apos;)
 ❯ createMockStore src/components/reports/__tests__/ReportViewer.enhanced.test.tsx:71:19
 ❯ src/components/reports/__tests__/ReportViewer.enhanced.test.tsx:130:17
            </failure>
        </testcase>
        <testcase classname="src/components/reports/__tests__/ReportViewer.enhanced.test.tsx" name="ReportViewer Enhanced Error Handling &gt; Error Type-Specific Guidance &gt; provides appropriate suggestions for NETWORK errors" time="0.000469961">
            <failure message="Cannot read properties of undefined (reading &apos;reducer&apos;)" type="TypeError">
TypeError: Cannot read properties of undefined (reading &apos;reducer&apos;)
 ❯ createMockStore src/components/reports/__tests__/ReportViewer.enhanced.test.tsx:71:19
 ❯ src/components/reports/__tests__/ReportViewer.enhanced.test.tsx:130:17
            </failure>
        </testcase>
        <testcase classname="src/components/reports/__tests__/ReportViewer.enhanced.test.tsx" name="ReportViewer Enhanced Error Handling &gt; Error Type-Specific Guidance &gt; provides appropriate suggestions for VALIDATION errors" time="0.002028526">
            <failure message="Cannot read properties of undefined (reading &apos;reducer&apos;)" type="TypeError">
TypeError: Cannot read properties of undefined (reading &apos;reducer&apos;)
 ❯ createMockStore src/components/reports/__tests__/ReportViewer.enhanced.test.tsx:71:19
 ❯ src/components/reports/__tests__/ReportViewer.enhanced.test.tsx:130:17
            </failure>
        </testcase>
        <testcase classname="src/components/reports/__tests__/ReportViewer.enhanced.test.tsx" name="ReportViewer Enhanced Error Handling &gt; Error Type-Specific Guidance &gt; provides appropriate suggestions for AUTHORIZATION errors" time="0.000592121">
            <failure message="Cannot read properties of undefined (reading &apos;reducer&apos;)" type="TypeError">
TypeError: Cannot read properties of undefined (reading &apos;reducer&apos;)
 ❯ createMockStore src/components/reports/__tests__/ReportViewer.enhanced.test.tsx:71:19
 ❯ src/components/reports/__tests__/ReportViewer.enhanced.test.tsx:130:17
            </failure>
        </testcase>
        <testcase classname="src/components/reports/__tests__/ReportViewer.enhanced.test.tsx" name="ReportViewer Enhanced Error Handling &gt; Error Type-Specific Guidance &gt; provides appropriate suggestions for RATE_LIMIT errors" time="0.000447966">
            <failure message="Cannot read properties of undefined (reading &apos;reducer&apos;)" type="TypeError">
TypeError: Cannot read properties of undefined (reading &apos;reducer&apos;)
 ❯ createMockStore src/components/reports/__tests__/ReportViewer.enhanced.test.tsx:71:19
 ❯ src/components/reports/__tests__/ReportViewer.enhanced.test.tsx:130:17
            </failure>
        </testcase>
        <testcase classname="src/components/reports/__tests__/ReportViewer.enhanced.test.tsx" name="ReportViewer Enhanced Error Handling &gt; Debug Information Display &gt; renders debug information collapse in preview mode" time="0.00059835">
            <failure message="Cannot read properties of undefined (reading &apos;reducer&apos;)" type="TypeError">
TypeError: Cannot read properties of undefined (reading &apos;reducer&apos;)
 ❯ createMockStore src/components/reports/__tests__/ReportViewer.enhanced.test.tsx:71:19
 ❯ src/components/reports/__tests__/ReportViewer.enhanced.test.tsx:130:17
            </failure>
        </testcase>
        <testcase classname="src/components/reports/__tests__/ReportViewer.enhanced.test.tsx" name="ReportViewer Enhanced Error Handling &gt; Debug Information Display &gt; does not render debug information in full mode" time="0.000465849">
            <failure message="Cannot read properties of undefined (reading &apos;reducer&apos;)" type="TypeError">
TypeError: Cannot read properties of undefined (reading &apos;reducer&apos;)
 ❯ createMockStore src/components/reports/__tests__/ReportViewer.enhanced.test.tsx:71:19
 ❯ src/components/reports/__tests__/ReportViewer.enhanced.test.tsx:130:17
            </failure>
        </testcase>
        <testcase classname="src/components/reports/__tests__/ReportViewer.enhanced.test.tsx" name="ReportViewer Enhanced Error Handling &gt; Debug Information Display &gt; displays LDAP filter information" time="0.000421274">
            <failure message="Cannot read properties of undefined (reading &apos;reducer&apos;)" type="TypeError">
TypeError: Cannot read properties of undefined (reading &apos;reducer&apos;)
 ❯ createMockStore src/components/reports/__tests__/ReportViewer.enhanced.test.tsx:71:19
 ❯ src/components/reports/__tests__/ReportViewer.enhanced.test.tsx:130:17
            </failure>
        </testcase>
        <testcase classname="src/components/reports/__tests__/ReportViewer.enhanced.test.tsx" name="ReportViewer Enhanced Error Handling &gt; Debug Information Display &gt; shows active filters details" time="0.000419764">
            <failure message="Cannot read properties of undefined (reading &apos;reducer&apos;)" type="TypeError">
TypeError: Cannot read properties of undefined (reading &apos;reducer&apos;)
 ❯ createMockStore src/components/reports/__tests__/ReportViewer.enhanced.test.tsx:71:19
 ❯ src/components/reports/__tests__/ReportViewer.enhanced.test.tsx:130:17
            </failure>
        </testcase>
        <testcase classname="src/components/reports/__tests__/ReportViewer.enhanced.test.tsx" name="ReportViewer Enhanced Error Handling &gt; Debug Information Display &gt; displays selected attributes" time="0.010648262">
            <failure message="Cannot read properties of undefined (reading &apos;reducer&apos;)" type="TypeError">
TypeError: Cannot read properties of undefined (reading &apos;reducer&apos;)
 ❯ createMockStore src/components/reports/__tests__/ReportViewer.enhanced.test.tsx:71:19
 ❯ src/components/reports/__tests__/ReportViewer.enhanced.test.tsx:130:17
            </failure>
        </testcase>
        <testcase classname="src/components/reports/__tests__/ReportViewer.enhanced.test.tsx" name="ReportViewer Enhanced Error Handling &gt; Debug Information Display &gt; shows error details with recovery suggestions in debug info" time="0.000598492">
            <failure message="Cannot read properties of undefined (reading &apos;reducer&apos;)" type="TypeError">
TypeError: Cannot read properties of undefined (reading &apos;reducer&apos;)
 ❯ createMockStore src/components/reports/__tests__/ReportViewer.enhanced.test.tsx:71:19
 ❯ src/components/reports/__tests__/ReportViewer.enhanced.test.tsx:130:17
            </failure>
        </testcase>
        <testcase classname="src/components/reports/__tests__/ReportViewer.enhanced.test.tsx" name="ReportViewer Enhanced Error Handling &gt; Debug Information Display &gt; provides copy debug info functionality" time="0.000500769">
            <failure message="Cannot read properties of undefined (reading &apos;reducer&apos;)" type="TypeError">
TypeError: Cannot read properties of undefined (reading &apos;reducer&apos;)
 ❯ createMockStore src/components/reports/__tests__/ReportViewer.enhanced.test.tsx:71:19
 ❯ src/components/reports/__tests__/ReportViewer.enhanced.test.tsx:130:17
            </failure>
        </testcase>
        <testcase classname="src/components/reports/__tests__/ReportViewer.enhanced.test.tsx" name="ReportViewer Enhanced Error Handling &gt; Data Display and Table Integration &gt; renders data table with correct props in preview mode" time="0.000503277">
            <failure message="Cannot read properties of undefined (reading &apos;reducer&apos;)" type="TypeError">
TypeError: Cannot read properties of undefined (reading &apos;reducer&apos;)
 ❯ createMockStore src/components/reports/__tests__/ReportViewer.enhanced.test.tsx:71:19
 ❯ src/components/reports/__tests__/ReportViewer.enhanced.test.tsx:130:17
            </failure>
        </testcase>
        <testcase classname="src/components/reports/__tests__/ReportViewer.enhanced.test.tsx" name="ReportViewer Enhanced Error Handling &gt; Data Display and Table Integration &gt; enables filters and export in full mode" time="0.002041026">
            <failure message="Cannot read properties of undefined (reading &apos;reducer&apos;)" type="TypeError">
TypeError: Cannot read properties of undefined (reading &apos;reducer&apos;)
 ❯ createMockStore src/components/reports/__tests__/ReportViewer.enhanced.test.tsx:71:19
 ❯ src/components/reports/__tests__/ReportViewer.enhanced.test.tsx:130:17
            </failure>
        </testcase>
        <testcase classname="src/components/reports/__tests__/ReportViewer.enhanced.test.tsx" name="ReportViewer Enhanced Error Handling &gt; Data Display and Table Integration &gt; shows loading state in data table" time="0.000708666">
            <failure message="Cannot read properties of undefined (reading &apos;reducer&apos;)" type="TypeError">
TypeError: Cannot read properties of undefined (reading &apos;reducer&apos;)
 ❯ createMockStore src/components/reports/__tests__/ReportViewer.enhanced.test.tsx:71:19
 ❯ src/components/reports/__tests__/ReportViewer.enhanced.test.tsx:130:17
            </failure>
        </testcase>
        <testcase classname="src/components/reports/__tests__/ReportViewer.enhanced.test.tsx" name="ReportViewer Enhanced Error Handling &gt; Data Display and Table Integration &gt; handles empty data gracefully" time="0.000467079">
            <failure message="Cannot read properties of undefined (reading &apos;reducer&apos;)" type="TypeError">
TypeError: Cannot read properties of undefined (reading &apos;reducer&apos;)
 ❯ createMockStore src/components/reports/__tests__/ReportViewer.enhanced.test.tsx:71:19
 ❯ src/components/reports/__tests__/ReportViewer.enhanced.test.tsx:130:17
            </failure>
        </testcase>
        <testcase classname="src/components/reports/__tests__/ReportViewer.enhanced.test.tsx" name="ReportViewer Enhanced Error Handling &gt; Data Display and Table Integration &gt; shows preview limitation warning for large datasets" time="0.00048667">
            <failure message="Cannot read properties of undefined (reading &apos;reducer&apos;)" type="TypeError">
TypeError: Cannot read properties of undefined (reading &apos;reducer&apos;)
 ❯ createMockStore src/components/reports/__tests__/ReportViewer.enhanced.test.tsx:71:19
 ❯ src/components/reports/__tests__/ReportViewer.enhanced.test.tsx:130:17
            </failure>
        </testcase>
        <testcase classname="src/components/reports/__tests__/ReportViewer.enhanced.test.tsx" name="ReportViewer Enhanced Error Handling &gt; Data Display and Table Integration &gt; generates columns from data when fields not provided" time="0.000444189">
            <failure message="Cannot read properties of undefined (reading &apos;reducer&apos;)" type="TypeError">
TypeError: Cannot read properties of undefined (reading &apos;reducer&apos;)
 ❯ createMockStore src/components/reports/__tests__/ReportViewer.enhanced.test.tsx:71:19
 ❯ src/components/reports/__tests__/ReportViewer.enhanced.test.tsx:130:17
            </failure>
        </testcase>
        <testcase classname="src/components/reports/__tests__/ReportViewer.enhanced.test.tsx" name="ReportViewer Enhanced Error Handling &gt; User Interaction Handling &gt; handles download action" time="0.000421097">
            <failure message="Cannot read properties of undefined (reading &apos;reducer&apos;)" type="TypeError">
TypeError: Cannot read properties of undefined (reading &apos;reducer&apos;)
 ❯ createMockStore src/components/reports/__tests__/ReportViewer.enhanced.test.tsx:71:19
 ❯ src/components/reports/__tests__/ReportViewer.enhanced.test.tsx:130:17
            </failure>
        </testcase>
        <testcase classname="src/components/reports/__tests__/ReportViewer.enhanced.test.tsx" name="ReportViewer Enhanced Error Handling &gt; User Interaction Handling &gt; handles share action with default behavior" time="0.000398871">
            <failure message="Cannot read properties of undefined (reading &apos;reducer&apos;)" type="TypeError">
TypeError: Cannot read properties of undefined (reading &apos;reducer&apos;)
 ❯ createMockStore src/components/reports/__tests__/ReportViewer.enhanced.test.tsx:71:19
 ❯ src/components/reports/__tests__/ReportViewer.enhanced.test.tsx:130:17
            </failure>
        </testcase>
        <testcase classname="src/components/reports/__tests__/ReportViewer.enhanced.test.tsx" name="ReportViewer Enhanced Error Handling &gt; User Interaction Handling &gt; handles copy ID action" time="0.00039168">
            <failure message="Cannot read properties of undefined (reading &apos;reducer&apos;)" type="TypeError">
TypeError: Cannot read properties of undefined (reading &apos;reducer&apos;)
 ❯ createMockStore src/components/reports/__tests__/ReportViewer.enhanced.test.tsx:71:19
 ❯ src/components/reports/__tests__/ReportViewer.enhanced.test.tsx:130:17
            </failure>
        </testcase>
        <testcase classname="src/components/reports/__tests__/ReportViewer.enhanced.test.tsx" name="ReportViewer Enhanced Error Handling &gt; User Interaction Handling &gt; shows execution summary in full mode" time="0.000382136">
            <failure message="Cannot read properties of undefined (reading &apos;reducer&apos;)" type="TypeError">
TypeError: Cannot read properties of undefined (reading &apos;reducer&apos;)
 ❯ createMockStore src/components/reports/__tests__/ReportViewer.enhanced.test.tsx:71:19
 ❯ src/components/reports/__tests__/ReportViewer.enhanced.test.tsx:130:17
            </failure>
        </testcase>
        <testcase classname="src/components/reports/__tests__/ReportViewer.enhanced.test.tsx" name="ReportViewer Enhanced Error Handling &gt; User Interaction Handling &gt; does not show execution summary in preview mode" time="0.000334872">
            <failure message="Cannot read properties of undefined (reading &apos;reducer&apos;)" type="TypeError">
TypeError: Cannot read properties of undefined (reading &apos;reducer&apos;)
 ❯ createMockStore src/components/reports/__tests__/ReportViewer.enhanced.test.tsx:71:19
 ❯ src/components/reports/__tests__/ReportViewer.enhanced.test.tsx:130:17
            </failure>
        </testcase>
        <testcase classname="src/components/reports/__tests__/ReportViewer.enhanced.test.tsx" name="ReportViewer Enhanced Error Handling &gt; Dark Mode Support &gt; applies dark mode styles correctly" time="0.000328426">
            <failure message="Cannot read properties of undefined (reading &apos;reducer&apos;)" type="TypeError">
TypeError: Cannot read properties of undefined (reading &apos;reducer&apos;)
 ❯ createMockStore src/components/reports/__tests__/ReportViewer.enhanced.test.tsx:71:19
 ❯ src/components/reports/__tests__/ReportViewer.enhanced.test.tsx:130:17
            </failure>
        </testcase>
        <testcase classname="src/components/reports/__tests__/ReportViewer.enhanced.test.tsx" name="ReportViewer Enhanced Error Handling &gt; Dark Mode Support &gt; applies light mode styles correctly" time="0.000321283">
            <failure message="Cannot read properties of undefined (reading &apos;reducer&apos;)" type="TypeError">
TypeError: Cannot read properties of undefined (reading &apos;reducer&apos;)
 ❯ createMockStore src/components/reports/__tests__/ReportViewer.enhanced.test.tsx:71:19
 ❯ src/components/reports/__tests__/ReportViewer.enhanced.test.tsx:130:17
            </failure>
        </testcase>
        <testcase classname="src/components/reports/__tests__/ReportViewer.enhanced.test.tsx" name="ReportViewer Enhanced Error Handling &gt; Accessibility and User Experience &gt; provides appropriate ARIA labels and roles" time="0.000352113">
            <failure message="Cannot read properties of undefined (reading &apos;reducer&apos;)" type="TypeError">
TypeError: Cannot read properties of undefined (reading &apos;reducer&apos;)
 ❯ createMockStore src/components/reports/__tests__/ReportViewer.enhanced.test.tsx:71:19
 ❯ src/components/reports/__tests__/ReportViewer.enhanced.test.tsx:130:17
            </failure>
        </testcase>
        <testcase classname="src/components/reports/__tests__/ReportViewer.enhanced.test.tsx" name="ReportViewer Enhanced Error Handling &gt; Accessibility and User Experience &gt; maintains focus management during error recovery" time="0.000402185">
            <failure message="Cannot read properties of undefined (reading &apos;reducer&apos;)" type="TypeError">
TypeError: Cannot read properties of undefined (reading &apos;reducer&apos;)
 ❯ createMockStore src/components/reports/__tests__/ReportViewer.enhanced.test.tsx:71:19
 ❯ src/components/reports/__tests__/ReportViewer.enhanced.test.tsx:130:17
            </failure>
        </testcase>
        <testcase classname="src/components/reports/__tests__/ReportViewer.enhanced.test.tsx" name="ReportViewer Enhanced Error Handling &gt; Accessibility and User Experience &gt; provides helpful tooltips and guidance text" time="0.000470403">
            <failure message="Cannot read properties of undefined (reading &apos;reducer&apos;)" type="TypeError">
TypeError: Cannot read properties of undefined (reading &apos;reducer&apos;)
 ❯ createMockStore src/components/reports/__tests__/ReportViewer.enhanced.test.tsx:71:19
 ❯ src/components/reports/__tests__/ReportViewer.enhanced.test.tsx:130:17
            </failure>
        </testcase>
    </testsuite>
    <testsuite name="src/store/slices/__tests__/querySlice.test.ts" timestamp="2025-08-22T05:48:54.351Z" hostname="ifedotovNB" tests="52" failures="0" errors="0" skipped="0" time="0.137543716">
        <testcase classname="src/store/slices/__tests__/querySlice.test.ts" name="querySlice &gt; initial state &gt; should return correct initial state" time="0.011156499">
        </testcase>
        <testcase classname="src/store/slices/__tests__/querySlice.test.ts" name="querySlice &gt; synchronous actions &gt; should handle setSelectedDefinition" time="0.003679048">
        </testcase>
        <testcase classname="src/store/slices/__tests__/querySlice.test.ts" name="querySlice &gt; synchronous actions &gt; should handle setFilterByDataSource" time="0.001308849">
        </testcase>
        <testcase classname="src/store/slices/__tests__/querySlice.test.ts" name="querySlice &gt; synchronous actions &gt; should handle setSearchQuery" time="0.001117705">
        </testcase>
        <testcase classname="src/store/slices/__tests__/querySlice.test.ts" name="querySlice &gt; synchronous actions &gt; should handle setSortBy" time="0.001904178">
        </testcase>
        <testcase classname="src/store/slices/__tests__/querySlice.test.ts" name="querySlice &gt; synchronous actions &gt; should handle setBuilderQuery" time="0.001738954">
        </testcase>
        <testcase classname="src/store/slices/__tests__/querySlice.test.ts" name="querySlice &gt; synchronous actions &gt; should handle clearBuilderState" time="0.0016394">
        </testcase>
        <testcase classname="src/store/slices/__tests__/querySlice.test.ts" name="querySlice &gt; synchronous actions &gt; should handle evictCacheEntry" time="0.009547376">
        </testcase>
        <testcase classname="src/store/slices/__tests__/querySlice.test.ts" name="querySlice &gt; synchronous actions &gt; should handle resetQueryState" time="0.001823352">
        </testcase>
        <testcase classname="src/store/slices/__tests__/querySlice.test.ts" name="querySlice &gt; fetchQueryDefinitionsAsync &gt; should handle successful definitions fetch" time="0.00644864">
        </testcase>
        <testcase classname="src/store/slices/__tests__/querySlice.test.ts" name="querySlice &gt; fetchQueryDefinitionsAsync &gt; should handle failed definitions fetch" time="0.002708593">
        </testcase>
        <testcase classname="src/store/slices/__tests__/querySlice.test.ts" name="querySlice &gt; fetchQueryDefinitionsAsync &gt; should set loading state during fetch" time="0.001013898">
        </testcase>
        <testcase classname="src/store/slices/__tests__/querySlice.test.ts" name="querySlice &gt; fetchQueryDefinitionsAsync &gt; should handle API response without data" time="0.001127984">
        </testcase>
        <testcase classname="src/store/slices/__tests__/querySlice.test.ts" name="querySlice &gt; executeQueryAsync &gt; should handle successful query execution" time="0.001826416">
        </testcase>
        <testcase classname="src/store/slices/__tests__/querySlice.test.ts" name="querySlice &gt; executeQueryAsync &gt; should handle query execution failure" time="0.00208277">
        </testcase>
        <testcase classname="src/store/slices/__tests__/querySlice.test.ts" name="querySlice &gt; executeQueryAsync &gt; should return cached result when available and not skipping cache" time="0.003653802">
        </testcase>
        <testcase classname="src/store/slices/__tests__/querySlice.test.ts" name="querySlice &gt; executeQueryAsync &gt; should skip cache when skipCache option is true" time="0.010056591">
        </testcase>
        <testcase classname="src/store/slices/__tests__/querySlice.test.ts" name="querySlice &gt; executeDynamicQueryAsync &gt; should handle successful dynamic query execution" time="0.00151547">
        </testcase>
        <testcase classname="src/store/slices/__tests__/querySlice.test.ts" name="querySlice &gt; executeDynamicQueryAsync &gt; should handle dynamic query execution failure" time="0.002201051">
        </testcase>
        <testcase classname="src/store/slices/__tests__/querySlice.test.ts" name="querySlice &gt; validateQueryAsync &gt; should handle successful query validation" time="0.000678723">
        </testcase>
        <testcase classname="src/store/slices/__tests__/querySlice.test.ts" name="querySlice &gt; validateQueryAsync &gt; should handle query validation failure" time="0.000520865">
        </testcase>
        <testcase classname="src/store/slices/__tests__/querySlice.test.ts" name="querySlice &gt; validateQueryAsync &gt; should set validating state during validation" time="0.000438494">
        </testcase>
        <testcase classname="src/store/slices/__tests__/querySlice.test.ts" name="querySlice &gt; fetchQueryHealthAsync &gt; should handle successful health check" time="0.001013536">
        </testcase>
        <testcase classname="src/store/slices/__tests__/querySlice.test.ts" name="querySlice &gt; fetchQueryHealthAsync &gt; should handle health check failure" time="0.001876425">
        </testcase>
        <testcase classname="src/store/slices/__tests__/querySlice.test.ts" name="querySlice &gt; fetchQueryMetricsAsync &gt; should handle overall metrics fetch" time="0.000753741">
        </testcase>
        <testcase classname="src/store/slices/__tests__/querySlice.test.ts" name="querySlice &gt; fetchQueryMetricsAsync &gt; should handle specific query statistics fetch" time="0.000503888">
        </testcase>
        <testcase classname="src/store/slices/__tests__/querySlice.test.ts" name="querySlice &gt; fetchQueryMetricsAsync &gt; should handle metrics fetch failure" time="0.000461298">
        </testcase>
        <testcase classname="src/store/slices/__tests__/querySlice.test.ts" name="querySlice &gt; clearQueryCacheAsync &gt; should handle clearing specific query cache" time="0.000552319">
        </testcase>
        <testcase classname="src/store/slices/__tests__/querySlice.test.ts" name="querySlice &gt; clearQueryCacheAsync &gt; should handle clearing all cache" time="0.00058479">
        </testcase>
        <testcase classname="src/store/slices/__tests__/querySlice.test.ts" name="querySlice &gt; Graph API async thunks &gt; should handle fetchGraphDefinitionsAsync" time="0.00081858">
        </testcase>
        <testcase classname="src/store/slices/__tests__/querySlice.test.ts" name="querySlice &gt; Graph API async thunks &gt; should handle executeGraphQueryAsync" time="0.001093768">
        </testcase>
        <testcase classname="src/store/slices/__tests__/querySlice.test.ts" name="querySlice &gt; selectors &gt; should select query definitions" time="0.001465565">
        </testcase>
        <testcase classname="src/store/slices/__tests__/querySlice.test.ts" name="querySlice &gt; selectors &gt; should select query definition by id" time="0.000845272">
        </testcase>
        <testcase classname="src/store/slices/__tests__/querySlice.test.ts" name="querySlice &gt; selectors &gt; should select active executions" time="0.004041567">
        </testcase>
        <testcase classname="src/store/slices/__tests__/querySlice.test.ts" name="querySlice &gt; selectors &gt; should select execution history" time="0.00245828">
        </testcase>
        <testcase classname="src/store/slices/__tests__/querySlice.test.ts" name="querySlice &gt; selectors &gt; should select query loading state" time="0.001267868">
        </testcase>
        <testcase classname="src/store/slices/__tests__/querySlice.test.ts" name="querySlice &gt; selectors &gt; should select query error" time="0.000969575">
        </testcase>
        <testcase classname="src/store/slices/__tests__/querySlice.test.ts" name="querySlice &gt; selectors &gt; should select cached result" time="0.007476275">
        </testcase>
        <testcase classname="src/store/slices/__tests__/querySlice.test.ts" name="querySlice &gt; selectors &gt; should select query health" time="0.001034447">
        </testcase>
        <testcase classname="src/store/slices/__tests__/querySlice.test.ts" name="querySlice &gt; selectors &gt; should select query metrics" time="0.001150013">
        </testcase>
        <testcase classname="src/store/slices/__tests__/querySlice.test.ts" name="querySlice &gt; selectors &gt; should select query statistics" time="0.005505723">
        </testcase>
        <testcase classname="src/store/slices/__tests__/querySlice.test.ts" name="querySlice &gt; selectors &gt; should select builder state" time="0.001304767">
        </testcase>
        <testcase classname="src/store/slices/__tests__/querySlice.test.ts" name="querySlice &gt; selectors &gt; should select filtered definitions" time="0.001793586">
        </testcase>
        <testcase classname="src/store/slices/__tests__/querySlice.test.ts" name="querySlice &gt; selectors &gt; should filter definitions by data source" time="0.01228456">
        </testcase>
        <testcase classname="src/store/slices/__tests__/querySlice.test.ts" name="querySlice &gt; selectors &gt; should sort filtered definitions" time="0.001522333">
        </testcase>
        <testcase classname="src/store/slices/__tests__/querySlice.test.ts" name="querySlice &gt; cache management &gt; should enforce maximum cache size" time="0.004475737">
        </testcase>
        <testcase classname="src/store/slices/__tests__/querySlice.test.ts" name="querySlice &gt; cache management &gt; should handle stale cache entries" time="0.00143501">
        </testcase>
        <testcase classname="src/store/slices/__tests__/querySlice.test.ts" name="querySlice &gt; error handling &gt; should handle network errors gracefully" time="0.001080055">
        </testcase>
        <testcase classname="src/store/slices/__tests__/querySlice.test.ts" name="querySlice &gt; error handling &gt; should handle malformed API responses" time="0.001010645">
        </testcase>
        <testcase classname="src/store/slices/__tests__/querySlice.test.ts" name="querySlice &gt; error handling &gt; should handle execution timeout scenarios" time="0.001525042">
        </testcase>
        <testcase classname="src/store/slices/__tests__/querySlice.test.ts" name="querySlice &gt; integration scenarios &gt; should handle concurrent query executions" time="0.004416473">
        </testcase>
        <testcase classname="src/store/slices/__tests__/querySlice.test.ts" name="querySlice &gt; integration scenarios &gt; should maintain consistent state during rapid UI updates" time="0.001128707">
        </testcase>
    </testsuite>
</testsuites>
